# bin_edge_left	bin_edge_right	dN/d[fe/H]	dN/d[sr/H]	dN/d[o/H]	dN/d[sr/fe]	dN/d[o/fe]	dN/d[o/sr]	
-3.000000e+00	-2.950000e+00	0.000000e+00	0.000000e+00	0.000000e+00	3.461392e-39	3.461392e-39	3.461392e-39	
-2.950000e+00	-2.900000e+00	0.000000e+00	0.000000e+00	0.000000e+00	0.000000e+00	0.000000e+00	0.000000e+00	
-2.900000e+00	-2.850000e+00	0.000000e+00	0.000000e+00	0.000000e+00	0.000000e+00	0.000000e+00	0.000000e+00	
-2.850000e+00	-2.800000e+00	0.000000e+00	0.000000e+00	0.000000e+00	0.000000e+00	0.000000e+00	0.000000e+00	
-2.800000e+00	-2.750000e+00	0.000000e+00	0.000000e+00	0.000000e+00	0.000000e+00	0.000000e+00	0.000000e+00	
-2.750000e+00	-2.700000e+00	0.000000e+00	1.485456e-04	0.000000e+00	0.000000e+00	0.000000e+00	0.000000e+00	
-2.700000e+00	-2.650000e+00	0.000000e+00	0.000000e+00	0.000000e+00	0.000000e+00	0.000000e+00	0.000000e+00	
-2.650000e+00	-2.600000e+00	1.485456e-04	0.000000e+00	0.000000e+00	0.000000e+00	0.000000e+00	0.000000e+00	
-2.600000e+00	-2.550000e+00	0.000000e+00	0.000000e+00	0.000000e+00	0.000000e+00	0.000000e+00	0.000000e+00	
-2.550000e+00	-2.500000e+00	0.000000e+00	0.000000e+00	0.000000e+00	0.000000e+00	0.000000e+00	0.000000e+00	
-2.500000e+00	-2.450000e+00	0.000000e+00	0.000000e+00	0.000000e+00	0.000000e+00	0.000000e+00	0.000000e+00	
-2.450000e+00	-2.400000e+00	0.000000e+00	0.000000e+00	0.000000e+00	0.000000e+00	0.000000e+00	0.000000e+00	
-2.400000e+00	-2.350000e+00	0.000000e+00	0.000000e+00	0.000000e+00	0.000000e+00	0.000000e+00	0.000000e+00	
-2.350000e+00	-2.300000e+00	0.000000e+00	0.000000e+00	0.000000e+00	0.000000e+00	0.000000e+00	0.000000e+00	
-2.300000e+00	-2.250000e+00	0.000000e+00	0.000000e+00	0.000000e+00	0.000000e+00	0.000000e+00	0.000000e+00	
-2.250000e+00	-2.200000e+00	0.000000e+00	0.000000e+00	0.000000e+00	0.000000e+00	0.000000e+00	0.000000e+00	
-2.200000e+00	-2.150000e+00	0.000000e+00	0.000000e+00	1.485456e-04	0.000000e+00	0.000000e+00	0.000000e+00	
-2.150000e+00	-2.100000e+00	0.000000e+00	0.000000e+00	0.000000e+00	0.000000e+00	0.000000e+00	0.000000e+00	
-2.100000e+00	-2.050000e+00	0.000000e+00	0.000000e+00	0.000000e+00	0.000000e+00	0.000000e+00	0.000000e+00	
-2.050000e+00	-2.000000e+00	0.000000e+00	0.000000e+00	0.000000e+00	0.000000e+00	0.000000e+00	0.000000e+00	
-2.000000e+00	-1.950000e+00	0.000000e+00	0.000000e+00	0.000000e+00	0.000000e+00	0.000000e+00	0.000000e+00	
-1.950000e+00	-1.900000e+00	0.000000e+00	2.675500e-03	0.000000e+00	0.000000e+00	0.000000e+00	0.000000e+00	
-1.900000e+00	-1.850000e+00	0.000000e+00	0.000000e+00	0.000000e+00	0.000000e+00	0.000000e+00	0.000000e+00	
-1.850000e+00	-1.800000e+00	2.675500e-03	0.000000e+00	0.000000e+00	0.000000e+00	0.000000e+00	0.000000e+00	
-1.800000e+00	-1.750000e+00	0.000000e+00	0.000000e+00	0.000000e+00	0.000000e+00	0.000000e+00	0.000000e+00	
-1.750000e+00	-1.700000e+00	0.000000e+00	2.638695e-03	0.000000e+00	0.000000e+00	0.000000e+00	0.000000e+00	
-1.700000e+00	-1.650000e+00	0.000000e+00	0.000000e+00	0.000000e+00	0.000000e+00	0.000000e+00	0.000000e+00	
-1.650000e+00	-1.600000e+00	2.638695e-03	3.460620e-03	0.000000e+00	0.000000e+00	0.000000e+00	0.000000e+00	
-1.600000e+00	-1.550000e+00	0.000000e+00	0.000000e+00	0.000000e+00	0.000000e+00	0.000000e+00	0.000000e+00	
-1.550000e+00	-1.500000e+00	3.460620e-03	6.409708e-03	0.000000e+00	0.000000e+00	0.000000e+00	0.000000e+00	
-1.500000e+00	-1.450000e+00	0.000000e+00	4.518196e-03	0.000000e+00	0.000000e+00	0.000000e+00	0.000000e+00	
-1.450000e+00	-1.400000e+00	6.409708e-03	3.065259e-03	0.000000e+00	0.000000e+00	0.000000e+00	0.000000e+00	
-1.400000e+00	-1.350000e+00	4.518196e-03	5.786587e-03	2.675500e-03	0.000000e+00	0.000000e+00	0.000000e+00	
-1.350000e+00	-1.300000e+00	3.065259e-03	6.742746e-04	0.000000e+00	0.000000e+00	0.000000e+00	0.000000e+00	
-1.300000e+00	-1.250000e+00	5.786587e-03	7.844248e-03	0.000000e+00	0.000000e+00	0.000000e+00	0.000000e+00	
-1.250000e+00	-1.200000e+00	6.742746e-04	1.728971e-03	0.000000e+00	0.000000e+00	0.000000e+00	0.000000e+00	
-1.200000e+00	-1.150000e+00	7.844248e-03	1.807920e-02	2.638695e-03	0.000000e+00	0.000000e+00	0.000000e+00	
-1.150000e+00	-1.100000e+00	1.728971e-03	1.345532e-02	0.000000e+00	0.000000e+00	0.000000e+00	0.000000e+00	
-1.100000e+00	-1.050000e+00	9.245193e-03	3.624365e-02	3.460620e-03	0.000000e+00	0.000000e+00	0.000000e+00	
-1.050000e+00	-1.000000e+00	2.228933e-02	1.349571e-02	0.000000e+00	0.000000e+00	0.000000e+00	0.000000e+00	
-1.000000e+00	-9.500000e-01	2.531011e-02	2.796069e-02	6.409708e-03	0.000000e+00	0.000000e+00	0.000000e+00	
-9.500000e-01	-9.000000e-01	2.442926e-02	1.584551e-02	4.518196e-03	0.000000e+00	0.000000e+00	0.000000e+00	
-9.000000e-01	-8.500000e-01	7.273856e-03	2.803755e-01	3.065259e-03	0.000000e+00	0.000000e+00	0.000000e+00	
-8.500000e-01	-8.000000e-01	1.408625e-02	2.835023e-01	5.786587e-03	0.000000e+00	0.000000e+00	0.000000e+00	
-8.000000e-01	-7.500000e-01	2.553850e-02	3.752366e-01	6.742746e-04	0.000000e+00	0.000000e+00	0.000000e+00	
-7.500000e-01	-7.000000e-01	6.854583e-02	4.110529e-01	7.844248e-03	0.000000e+00	0.000000e+00	0.000000e+00	
-7.000000e-01	-6.500000e-01	1.445089e-01	5.560539e-01	1.728971e-03	0.000000e+00	0.000000e+00	0.000000e+00	
-6.500000e-01	-6.000000e-01	4.955360e-01	1.284742e+00	1.807920e-02	0.000000e+00	0.000000e+00	0.000000e+00	
-6.000000e-01	-5.500000e-01	6.243980e-01	2.870914e-01	1.345532e-02	0.000000e+00	0.000000e+00	0.000000e+00	
-5.500000e-01	-5.000000e-01	2.245075e-01	1.717251e-01	5.693049e-02	0.000000e+00	0.000000e+00	0.000000e+00	
-5.000000e-01	-4.500000e-01	1.272420e+00	1.780001e-01	1.349571e-02	0.000000e+00	0.000000e+00	0.000000e+00	
-4.500000e-01	-4.000000e-01	6.952661e-01	1.969066e-01	3.516349e-01	0.000000e+00	0.000000e+00	0.000000e+00	
-4.000000e-01	-3.500000e-01	1.777258e-01	3.265442e-01	5.567836e-02	0.000000e+00	0.000000e+00	0.000000e+00	
-3.500000e-01	-3.000000e-01	2.750712e-01	3.846110e-01	9.611669e-01	0.000000e+00	0.000000e+00	0.000000e+00	
-3.000000e-01	-2.500000e-01	3.931676e-01	2.113041e-01	8.561238e-02	1.586599e-01	0.000000e+00	0.000000e+00	
-2.500000e-01	-2.000000e-01	5.084667e-01	1.815196e-01	1.718644e-01	5.634378e-01	0.000000e+00	0.000000e+00	
-2.000000e-01	-1.500000e-01	2.618766e-01	4.064319e-01	2.805728e-01	6.382665e-01	0.000000e+00	0.000000e+00	
-1.500000e-01	-1.000000e-01	6.039319e-01	5.289813e-01	1.292271e+00	2.926003e+00	0.000000e+00	6.253769e-01	
-1.000000e-01	-5.000000e-02	6.252748e-01	5.366732e-01	3.530325e-01	1.001183e+00	0.000000e+00	4.364148e+00	
-5.000000e-02	0.000000e+00	7.022731e-01	5.737732e-01	4.631994e-01	2.150846e+00	0.000000e+00	2.584144e+00	
0.000000e+00	5.000000e-02	5.696226e-01	3.604235e-01	3.408756e-01	1.647492e+00	6.084311e-01	1.996469e+00	
5.000000e-02	1.000000e-01	5.952485e-01	3.451929e-01	5.361547e-01	3.134306e+00	7.699423e+00	1.204542e+00	
1.000000e-01	1.500000e-01	6.179165e-01	5.001723e-01	1.044814e+00	6.313944e+00	2.646856e+00	1.012603e+00	
1.500000e-01	2.000000e-01	6.839747e-01	4.613430e-01	1.038805e+00	1.465862e+00	2.146376e+00	7.641528e-01	
2.000000e-01	2.500000e-01	7.446815e-01	5.015116e-01	6.898242e-01	0.000000e+00	1.923412e+00	9.805511e-01	
2.500000e-01	3.000000e-01	1.411461e+00	5.614108e-01	7.632537e-01	0.000000e+00	1.349795e+00	8.093917e-01	
3.000000e-01	3.500000e-01	1.584800e+00	8.337775e-01	1.061856e+00	0.000000e+00	1.027977e+00	9.525091e-01	
3.500000e-01	4.000000e-01	2.378465e+00	1.031902e+00	1.776560e+00	0.000000e+00	2.098909e+00	7.801727e-01	
4.000000e-01	4.500000e-01	2.404343e+00	1.169618e+00	3.003603e+00	0.000000e+00	4.759059e-01	1.066291e+00	
4.500000e-01	5.000000e-01	1.769394e+00	1.659924e+00	2.950705e+00	0.000000e+00	2.291645e-02	9.223544e-01	
5.000000e-01	5.500000e-01	0.000000e+00	1.463686e+00	2.637605e+00	0.000000e+00	0.000000e+00	1.921963e+00	
5.500000e-01	6.000000e-01	0.000000e+00	2.050895e+00	0.000000e+00	0.000000e+00	0.000000e+00	1.533302e-02	
6.000000e-01	6.500000e-01	0.000000e+00	1.721587e+00	0.000000e+00	0.000000e+00	0.000000e+00	0.000000e+00	
6.500000e-01	7.000000e-01	0.000000e+00	0.000000e+00	0.000000e+00	0.000000e+00	0.000000e+00	0.000000e+00	
7.000000e-01	7.500000e-01	0.000000e+00	0.000000e+00	0.000000e+00	0.000000e+00	0.000000e+00	0.000000e+00	
7.500000e-01	8.000000e-01	0.000000e+00	0.000000e+00	0.000000e+00	0.000000e+00	0.000000e+00	0.000000e+00	
8.000000e-01	8.500000e-01	0.000000e+00	0.000000e+00	0.000000e+00	0.000000e+00	0.000000e+00	0.000000e+00	
8.500000e-01	9.000000e-01	0.000000e+00	0.000000e+00	0.000000e+00	0.000000e+00	0.000000e+00	0.000000e+00	
9.000000e-01	9.500000e-01	0.000000e+00	0.000000e+00	0.000000e+00	0.000000e+00	0.000000e+00	0.000000e+00	
9.500000e-01	1.000000e+00	0.000000e+00	0.000000e+00	0.000000e+00	0.000000e+00	0.000000e+00	0.000000e+00	
