# bin_edge_left	bin_edge_right	dN/d[fe/H]	dN/d[sr/H]	dN/d[o/H]	dN/d[sr/fe]	dN/d[o/fe]	dN/d[o/sr]	
-3.000000e+00	-2.950000e+00	0.000000e+00	0.000000e+00	0.000000e+00	1.191036e-04	1.191036e-04	1.191036e-04	
-2.950000e+00	-2.900000e+00	0.000000e+00	0.000000e+00	0.000000e+00	0.000000e+00	0.000000e+00	0.000000e+00	
-2.900000e+00	-2.850000e+00	0.000000e+00	0.000000e+00	0.000000e+00	0.000000e+00	0.000000e+00	0.000000e+00	
-2.850000e+00	-2.800000e+00	0.000000e+00	0.000000e+00	0.000000e+00	0.000000e+00	0.000000e+00	0.000000e+00	
-2.800000e+00	-2.750000e+00	0.000000e+00	0.000000e+00	0.000000e+00	0.000000e+00	0.000000e+00	0.000000e+00	
-2.750000e+00	-2.700000e+00	0.000000e+00	2.793669e-04	0.000000e+00	0.000000e+00	0.000000e+00	0.000000e+00	
-2.700000e+00	-2.650000e+00	0.000000e+00	0.000000e+00	0.000000e+00	0.000000e+00	0.000000e+00	0.000000e+00	
-2.650000e+00	-2.600000e+00	2.793669e-04	0.000000e+00	0.000000e+00	0.000000e+00	0.000000e+00	0.000000e+00	
-2.600000e+00	-2.550000e+00	0.000000e+00	0.000000e+00	0.000000e+00	0.000000e+00	0.000000e+00	0.000000e+00	
-2.550000e+00	-2.500000e+00	0.000000e+00	0.000000e+00	0.000000e+00	0.000000e+00	0.000000e+00	0.000000e+00	
-2.500000e+00	-2.450000e+00	0.000000e+00	0.000000e+00	0.000000e+00	0.000000e+00	0.000000e+00	0.000000e+00	
-2.450000e+00	-2.400000e+00	0.000000e+00	0.000000e+00	0.000000e+00	0.000000e+00	0.000000e+00	0.000000e+00	
-2.400000e+00	-2.350000e+00	0.000000e+00	0.000000e+00	0.000000e+00	0.000000e+00	0.000000e+00	0.000000e+00	
-2.350000e+00	-2.300000e+00	0.000000e+00	0.000000e+00	0.000000e+00	0.000000e+00	0.000000e+00	0.000000e+00	
-2.300000e+00	-2.250000e+00	0.000000e+00	0.000000e+00	0.000000e+00	0.000000e+00	0.000000e+00	0.000000e+00	
-2.250000e+00	-2.200000e+00	0.000000e+00	0.000000e+00	0.000000e+00	0.000000e+00	0.000000e+00	0.000000e+00	
-2.200000e+00	-2.150000e+00	0.000000e+00	0.000000e+00	2.793669e-04	0.000000e+00	0.000000e+00	0.000000e+00	
-2.150000e+00	-2.100000e+00	0.000000e+00	0.000000e+00	0.000000e+00	0.000000e+00	0.000000e+00	0.000000e+00	
-2.100000e+00	-2.050000e+00	0.000000e+00	0.000000e+00	0.000000e+00	0.000000e+00	0.000000e+00	0.000000e+00	
-2.050000e+00	-2.000000e+00	0.000000e+00	0.000000e+00	0.000000e+00	0.000000e+00	0.000000e+00	0.000000e+00	
-2.000000e+00	-1.950000e+00	0.000000e+00	3.237663e-03	0.000000e+00	0.000000e+00	0.000000e+00	0.000000e+00	
-1.950000e+00	-1.900000e+00	0.000000e+00	0.000000e+00	0.000000e+00	0.000000e+00	0.000000e+00	0.000000e+00	
-1.900000e+00	-1.850000e+00	3.237663e-03	0.000000e+00	0.000000e+00	0.000000e+00	0.000000e+00	0.000000e+00	
-1.850000e+00	-1.800000e+00	0.000000e+00	0.000000e+00	0.000000e+00	0.000000e+00	0.000000e+00	0.000000e+00	
-1.800000e+00	-1.750000e+00	0.000000e+00	4.557305e-03	0.000000e+00	0.000000e+00	0.000000e+00	0.000000e+00	
-1.750000e+00	-1.700000e+00	0.000000e+00	0.000000e+00	0.000000e+00	0.000000e+00	0.000000e+00	0.000000e+00	
-1.700000e+00	-1.650000e+00	4.557305e-03	5.586966e-03	0.000000e+00	0.000000e+00	0.000000e+00	0.000000e+00	
-1.650000e+00	-1.600000e+00	0.000000e+00	6.468293e-03	0.000000e+00	0.000000e+00	0.000000e+00	0.000000e+00	
-1.600000e+00	-1.550000e+00	5.586966e-03	0.000000e+00	0.000000e+00	0.000000e+00	0.000000e+00	0.000000e+00	
-1.550000e+00	-1.500000e+00	6.468293e-03	7.223241e-03	0.000000e+00	0.000000e+00	0.000000e+00	0.000000e+00	
-1.500000e+00	-1.450000e+00	0.000000e+00	1.629615e-02	0.000000e+00	0.000000e+00	0.000000e+00	0.000000e+00	
-1.450000e+00	-1.400000e+00	7.223241e-03	8.902488e-03	3.237663e-03	0.000000e+00	0.000000e+00	0.000000e+00	
-1.400000e+00	-1.350000e+00	1.629615e-02	1.897675e-02	0.000000e+00	0.000000e+00	0.000000e+00	0.000000e+00	
-1.350000e+00	-1.300000e+00	8.902488e-03	4.060579e-02	0.000000e+00	0.000000e+00	0.000000e+00	0.000000e+00	
-1.300000e+00	-1.250000e+00	1.897675e-02	0.000000e+00	0.000000e+00	0.000000e+00	0.000000e+00	0.000000e+00	
-1.250000e+00	-1.200000e+00	3.015142e-02	4.303196e-01	4.557305e-03	0.000000e+00	0.000000e+00	0.000000e+00	
-1.200000e+00	-1.150000e+00	1.045438e-02	9.304407e-01	0.000000e+00	0.000000e+00	0.000000e+00	0.000000e+00	
-1.150000e+00	-1.100000e+00	1.604981e-01	3.298627e-01	5.586966e-03	0.000000e+00	0.000000e+00	0.000000e+00	
-1.100000e+00	-1.050000e+00	1.151182e+00	3.666410e-01	6.468293e-03	0.000000e+00	0.000000e+00	0.000000e+00	
-1.050000e+00	-1.000000e+00	4.907987e-02	5.123050e-02	0.000000e+00	0.000000e+00	0.000000e+00	0.000000e+00	
-1.000000e+00	-9.500000e-01	2.673687e-01	9.309119e-02	7.223241e-03	0.000000e+00	0.000000e+00	0.000000e+00	
-9.500000e-01	-9.000000e-01	7.767125e-02	2.990844e-01	1.629615e-02	0.000000e+00	0.000000e+00	0.000000e+00	
-9.000000e-01	-8.500000e-01	2.018125e-01	2.898640e-01	8.902488e-03	0.000000e+00	0.000000e+00	0.000000e+00	
-8.500000e-01	-8.000000e-01	1.387953e-01	4.683875e-01	1.897675e-02	0.000000e+00	0.000000e+00	0.000000e+00	
-8.000000e-01	-7.500000e-01	0.000000e+00	7.877806e-01	4.060579e-02	0.000000e+00	0.000000e+00	0.000000e+00	
-7.500000e-01	-7.000000e-01	1.085595e-02	1.520359e-01	0.000000e+00	0.000000e+00	0.000000e+00	0.000000e+00	
-7.000000e-01	-6.500000e-01	7.834453e-02	3.835400e-01	1.299731e+00	0.000000e+00	0.000000e+00	0.000000e+00	
-6.500000e-01	-6.000000e-01	5.267359e-02	2.579856e+00	7.188544e-02	0.000000e+00	0.000000e+00	0.000000e+00	
-6.000000e-01	-5.500000e-01	2.001715e-01	3.685274e-01	5.642094e-01	0.000000e+00	0.000000e+00	0.000000e+00	
-5.500000e-01	-5.000000e-01	2.277927e-01	2.202600e-01	2.117099e-01	0.000000e+00	0.000000e+00	0.000000e+00	
-5.000000e-01	-4.500000e-01	7.195718e-01	1.569551e+00	6.130070e-01	0.000000e+00	0.000000e+00	0.000000e+00	
-4.500000e-01	-4.000000e-01	8.491879e-01	7.796888e-01	1.103808e+00	4.333862e-01	0.000000e+00	0.000000e+00	
-4.000000e-01	-3.500000e-01	8.533824e-01	2.824194e+00	3.343874e-01	1.686419e+00	0.000000e+00	0.000000e+00	
-3.500000e-01	-3.000000e-01	8.092122e-01	2.525818e-01	3.039713e+00	1.590362e+00	0.000000e+00	0.000000e+00	
-3.000000e-01	-2.500000e-01	3.179659e+00	2.228601e+00	0.000000e+00	1.335785e+00	0.000000e+00	0.000000e+00	
-2.500000e-01	-2.000000e-01	2.320578e+00	7.553880e-01	2.043827e+00	3.321687e+00	0.000000e+00	0.000000e+00	
-2.000000e-01	-1.500000e-01	2.879651e+00	1.155026e+00	3.517418e+00	4.093321e+00	0.000000e+00	0.000000e+00	
-1.500000e-01	-1.000000e-01	1.141099e+00	9.725915e-01	1.898301e-02	5.737576e+00	0.000000e+00	0.000000e+00	
-1.000000e-01	-5.000000e-02	1.391160e+00	1.138279e+00	3.011004e+00	1.480303e+00	8.288592e-01	0.000000e+00	
-5.000000e-02	0.000000e+00	1.488187e+00	1.171227e-01	1.729759e+00	2.996784e-01	2.721818e+00	0.000000e+00	
0.000000e+00	5.000000e-02	9.798065e-01	4.667952e-02	5.932881e-01	2.136315e-02	6.820403e+00	2.136315e-02	
5.000000e-02	1.000000e-01	4.339462e-01	1.642535e-01	1.346415e+00	0.000000e+00	6.617593e+00	2.758745e-01	
1.000000e-01	1.500000e-01	9.319268e-02	1.116238e-01	1.844165e-01	0.000000e+00	6.526548e-01	2.416599e+00	
1.500000e-01	2.000000e-01	1.116238e-01	0.000000e+00	7.131715e-02	0.000000e+00	1.457683e-01	2.655583e+00	
2.000000e-01	2.500000e-01	2.136337e-02	0.000000e+00	1.116238e-01	0.000000e+00	1.350652e-02	5.717543e+00	
2.500000e-01	3.000000e-01	0.000000e+00	2.136337e-02	0.000000e+00	0.000000e+00	1.495180e-01	2.121796e+00	
3.000000e-01	3.500000e-01	0.000000e+00	0.000000e+00	2.136337e-02	0.000000e+00	2.448759e-01	2.378375e+00	
3.500000e-01	4.000000e-01	0.000000e+00	0.000000e+00	0.000000e+00	0.000000e+00	6.982696e-01	1.306017e+00	
4.000000e-01	4.500000e-01	0.000000e+00	0.000000e+00	0.000000e+00	0.000000e+00	1.086485e+00	5.826874e-01	
4.500000e-01	5.000000e-01	0.000000e+00	0.000000e+00	0.000000e+00	0.000000e+00	2.012939e-02	3.520681e-01	
5.000000e-01	5.500000e-01	0.000000e+00	0.000000e+00	0.000000e+00	0.000000e+00	0.000000e+00	2.151845e+00	
5.500000e-01	6.000000e-01	0.000000e+00	0.000000e+00	0.000000e+00	0.000000e+00	0.000000e+00	2.012939e-02	
6.000000e-01	6.500000e-01	0.000000e+00	0.000000e+00	0.000000e+00	0.000000e+00	0.000000e+00	0.000000e+00	
6.500000e-01	7.000000e-01	0.000000e+00	0.000000e+00	0.000000e+00	0.000000e+00	0.000000e+00	0.000000e+00	
7.000000e-01	7.500000e-01	0.000000e+00	0.000000e+00	0.000000e+00	0.000000e+00	0.000000e+00	0.000000e+00	
7.500000e-01	8.000000e-01	0.000000e+00	0.000000e+00	0.000000e+00	0.000000e+00	0.000000e+00	0.000000e+00	
8.000000e-01	8.500000e-01	0.000000e+00	0.000000e+00	0.000000e+00	0.000000e+00	0.000000e+00	0.000000e+00	
8.500000e-01	9.000000e-01	0.000000e+00	0.000000e+00	0.000000e+00	0.000000e+00	0.000000e+00	0.000000e+00	
9.000000e-01	9.500000e-01	0.000000e+00	0.000000e+00	0.000000e+00	0.000000e+00	0.000000e+00	0.000000e+00	
9.500000e-01	1.000000e+00	0.000000e+00	0.000000e+00	0.000000e+00	0.000000e+00	0.000000e+00	0.000000e+00	
