# COLUMN NUMBERS: 
#	0: time [Gyr]
#	1: mgas [Msun]			ISM gas mass
#	2: mstar [Msun]			Stellar mass
#	3: sfr [Msun/yr]		Star formation rate
#	4: ifr [Msun/yr]		Infall rate
#	5: ofr [Msun/yr]		Outfow rate
#	6: eta_0			Mass-loading factor
#	7: r_eff			Effective recycilng rate
#	8: z_in(fe)			Inflow fe metallicity
#	9: z_in(sr)			Inflow sr metallicity
#	10: z_in(o)			Inflow o metallicity
#	11: z_out(fe)			Outflow fe metallicity
#	12: z_out(sr)			Outflow sr metallicity
#	13: z_out(o)			Outflow o metallicity
#	14: mass(fe) [Msun]		mass of element fe in ISM
#	15: mass(sr) [Msun]		mass of element sr in ISM
#	16: mass(o) [Msun]		mass of element o in ISM
0.000000e+00	1.000000e-12	3.748255e-20	1.000000e-27	1.162389e+02	4.000000e-08	1.839745e+01	2.503490e-01	0.000000e+00	0.000000e+00	0.000000e+00	5.000000e-01	1.976263e-323	5.000000e-01	0.000000e+00	0.000000e+00	0.000000e+00	
5.000000e-02	5.811946e+09	2.178466e+02	5.811946e-06	1.162389e+02	1.070191e-04	1.839745e+01	2.503490e-01	0.000000e+00	0.000000e+00	0.000000e+00	6.516906e-05	7.277211e-10	8.146132e-04	0.000000e+00	0.000000e+00	0.000000e+00	
1.000000e-01	1.162389e+10	6.469752e+02	1.162389e-05	1.162389e+02	2.140382e-04	1.839745e+01	2.616435e-01	0.000000e+00	0.000000e+00	0.000000e+00	6.516906e-05	7.277211e-10	8.146132e-04	0.000000e+00	0.000000e+00	0.000000e+00	
1.500000e-01	1.743582e+10	1.283440e+03	1.743582e-05	1.162389e+02	3.210571e-04	1.839745e+01	2.699339e-01	0.000000e+00	0.000000e+00	0.000000e+00	6.516902e-05	7.305467e-10	8.146706e-04	0.000000e+00	0.000000e+00	0.000000e+00	
2.000000e-01	2.324775e+10	2.135454e+03	2.324775e-05	1.162389e+02	4.280759e-04	1.839745e+01	2.766563e-01	0.000000e+00	0.000000e+00	0.000000e+00	6.516898e-05	7.331949e-10	8.147277e-04	0.000000e+00	0.000000e+00	0.000000e+00	
2.500000e-01	2.905968e+10	3.234290e+03	2.905968e-05	1.162389e+02	5.350947e-04	1.839745e+01	2.827452e-01	0.000000e+00	0.000000e+00	0.000000e+00	6.524522e-05	7.353395e-10	8.147926e-04	0.000000e+00	0.000000e+00	0.000000e+00	
3.000000e-01	3.487160e+10	4.521980e+03	3.487160e-05	1.162389e+02	6.421135e-04	1.839745e+01	2.876677e-01	0.000000e+00	0.000000e+00	0.000000e+00	6.536189e-05	7.371826e-10	8.148619e-04	0.000000e+00	0.000000e+00	0.000000e+00	
3.500000e-01	4.068351e+10	6.019298e+03	4.068351e-05	1.162389e+02	7.491322e-04	1.839745e+01	2.919909e-01	0.000000e+00	0.000000e+00	0.000000e+00	6.550366e-05	7.385875e-10	8.149284e-04	0.000000e+00	0.000000e+00	0.000000e+00	
4.000000e-01	4.649542e+10	7.724814e+03	4.649542e-05	1.162389e+02	8.561509e-04	1.839745e+01	2.958477e-01	0.000000e+00	0.000000e+00	0.000000e+00	6.566289e-05	7.397613e-10	8.149944e-04	0.000000e+00	0.000000e+00	0.000000e+00	
4.500000e-01	5.230732e+10	9.637264e+03	5.230732e-05	1.162389e+02	9.631695e-04	1.839745e+01	2.993307e-01	0.000000e+00	0.000000e+00	0.000000e+00	6.583535e-05	7.407657e-10	8.150601e-04	0.000000e+00	0.000000e+00	0.000000e+00	
5.000000e-01	5.811921e+10	1.175551e+04	5.811921e-05	1.162389e+02	1.070188e-03	1.839745e+01	3.025073e-01	0.000000e+00	0.000000e+00	0.000000e+00	6.601854e-05	7.416410e-10	8.151255e-04	0.000000e+00	0.000000e+00	0.000000e+00	
5.500000e-01	6.393111e+10	1.407854e+04	6.393111e-05	1.162389e+02	1.177207e-03	1.839745e+01	3.054279e-01	0.000000e+00	0.000000e+00	0.000000e+00	6.621088e-05	7.424145e-10	8.151906e-04	0.000000e+00	0.000000e+00	0.000000e+00	
6.000000e-01	6.974299e+10	1.660539e+04	6.974299e-05	1.162389e+02	1.284225e-03	1.839745e+01	3.081313e-01	0.000000e+00	0.000000e+00	0.000000e+00	6.641132e-05	7.431013e-10	8.152556e-04	0.000000e+00	0.000000e+00	0.000000e+00	
6.500000e-01	7.555487e+10	1.933521e+04	7.555487e-05	1.162389e+02	1.391244e-03	1.839745e+01	3.106481e-01	0.000000e+00	0.000000e+00	0.000000e+00	6.661917e-05	7.437141e-10	8.153203e-04	0.000000e+00	0.000000e+00	0.000000e+00	
7.000000e-01	8.136674e+10	2.226719e+04	8.136674e-05	1.162389e+02	1.498262e-03	1.839745e+01	3.130026e-01	0.000000e+00	0.000000e+00	0.000000e+00	6.683393e-05	7.442634e-10	8.153850e-04	0.000000e+00	0.000000e+00	0.000000e+00	
7.500000e-01	8.717861e+10	2.540059e+04	8.717861e-05	1.162389e+02	1.605281e-03	1.839745e+01	3.152148e-01	0.000000e+00	0.000000e+00	0.000000e+00	6.705524e-05	7.447578e-10	8.154496e-04	0.000000e+00	0.000000e+00	0.000000e+00	
8.000000e-01	9.299048e+10	2.873470e+04	9.299048e-05	1.162389e+02	1.712299e-03	1.839745e+01	3.173012e-01	0.000000e+00	0.000000e+00	0.000000e+00	6.728285e-05	7.452045e-10	8.155143e-04	0.000000e+00	0.000000e+00	0.000000e+00	
8.500000e-01	9.880233e+10	3.245158e+04	9.880233e-05	1.162389e+02	1.819317e-03	1.839745e+01	3.204245e-01	0.000000e+00	0.000000e+00	0.000000e+00	6.751658e-05	7.456095e-10	8.155791e-04	0.000000e+00	0.000000e+00	0.000000e+00	
9.000000e-01	1.046142e+11	3.478878e+04	1.046142e-04	1.162389e+02	1.926336e-03	1.839745e+01	3.213282e-01	0.000000e+00	0.000000e+00	0.000000e+00	6.775627e-05	7.463851e-10	8.156522e-04	0.000000e+00	0.000000e+00	0.000000e+00	
9.500000e-01	1.104260e+11	3.873742e+04	1.104260e-04	1.162389e+02	2.033353e-03	1.839745e+01	3.232232e-01	0.000000e+00	0.000000e+00	0.000000e+00	6.779913e-05	7.466471e-10	8.156694e-04	0.000000e+00	0.000000e+00	0.000000e+00	
1.000000e+00	1.162379e+11	4.288407e+04	1.162379e-04	1.162389e+02	2.140372e-03	1.839745e+01	3.250183e-01	0.000000e+00	0.000000e+00	0.000000e+00	6.805509e-05	7.469739e-10	8.157368e-04	0.000000e+00	0.000000e+00	0.000000e+00	
1.050000e+00	1.220497e+11	4.384793e+04	1.220497e-04	1.162389e+02	2.247390e-03	1.839745e+01	3.216604e-01	0.000000e+00	0.000000e+00	0.000000e+00	6.831630e-05	7.472712e-10	8.158042e-04	0.000000e+00	0.000000e+00	0.000000e+00	
1.100000e+00	1.278615e+11	4.382663e+04	1.278615e-04	1.162389e+02	2.354407e-03	1.839745e+01	3.186196e-01	0.000000e+00	0.000000e+00	0.000000e+00	6.828529e-05	7.467034e-10	8.157766e-04	0.000000e+00	0.000000e+00	0.000000e+00	
1.150000e+00	1.336734e+11	4.361863e+04	1.336734e-04	1.162389e+02	2.461424e-03	1.839745e+01	3.161100e-01	0.000000e+00	0.000000e+00	0.000000e+00	6.812936e-05	7.462431e-10	8.157235e-04	0.000000e+00	0.000000e+00	0.000000e+00	
1.200000e+00	1.394852e+11	4.322272e+04	1.394852e-04	1.162389e+02	2.568441e-03	1.839745e+01	3.139824e-01	0.000000e+00	0.000000e+00	0.000000e+00	6.795919e-05	7.458736e-10	8.156699e-04	0.000000e+00	0.000000e+00	0.000000e+00	
1.250000e+00	1.452970e+11	4.263808e+04	1.452970e-04	1.162389e+02	2.675457e-03	1.839745e+01	3.121386e-01	0.000000e+00	0.000000e+00	0.000000e+00	6.777578e-05	7.455677e-10	8.156159e-04	0.000000e+00	0.000000e+00	0.000000e+00	
1.300000e+00	1.511088e+11	3.965626e+04	1.511088e-04	1.162389e+02	2.782473e-03	1.839745e+01	3.094918e-01	0.000000e+00	0.000000e+00	0.000000e+00	6.757998e-05	7.453120e-10	8.155613e-04	0.000000e+00	0.000000e+00	0.000000e+00	
1.350000e+00	1.569206e+11	3.570539e+04	1.569206e-04	1.162389e+02	2.889489e-03	1.839745e+01	3.068984e-01	0.000000e+00	0.000000e+00	0.000000e+00	6.714471e-05	7.450498e-10	8.154529e-04	0.000000e+00	0.000000e+00	0.000000e+00	
1.400000e+00	1.627324e+11	3.619161e+04	1.627324e-04	1.162389e+02	2.996503e-03	1.839745e+01	3.096632e-01	0.000000e+00	0.000000e+00	0.000000e+00	6.661101e-05	7.448512e-10	8.153267e-04	0.000000e+00	0.000000e+00	0.000000e+00	
1.450000e+00	1.685442e+11	3.445823e+04	1.685442e-04	1.162389e+02	3.103519e-03	1.839745e+01	3.083665e-01	0.000000e+00	0.000000e+00	0.000000e+00	6.642199e-05	7.455514e-10	8.153061e-04	0.000000e+00	0.000000e+00	0.000000e+00	
1.500000e+00	1.743560e+11	3.575731e+04	1.743560e-04	1.162389e+02	3.210535e-03	1.839745e+01	3.085377e-01	0.000000e+00	0.000000e+00	0.000000e+00	6.615579e-05	7.454779e-10	8.152427e-04	0.000000e+00	0.000000e+00	0.000000e+00	
1.550000e+00	1.801678e+11	3.705639e+04	1.801678e-04	1.162389e+02	3.317551e-03	1.839745e+01	3.086978e-01	0.000000e+00	0.000000e+00	0.000000e+00	6.616220e-05	7.455423e-10	8.152457e-04	0.000000e+00	0.000000e+00	0.000000e+00	
1.600000e+00	1.859795e+11	3.835546e+04	1.859795e-04	1.162389e+02	3.424567e-03	1.839745e+01	3.088479e-01	0.000000e+00	0.000000e+00	0.000000e+00	6.616820e-05	7.456027e-10	8.152485e-04	0.000000e+00	0.000000e+00	0.000000e+00	
1.650000e+00	1.917913e+11	3.965453e+04	1.917913e-04	1.162389e+02	3.531583e-03	1.839745e+01	3.089889e-01	0.000000e+00	0.000000e+00	0.000000e+00	6.617384e-05	7.456595e-10	8.152512e-04	0.000000e+00	0.000000e+00	0.000000e+00	
1.700000e+00	1.976031e+11	4.095360e+04	1.976031e-04	1.162389e+02	3.638599e-03	1.839745e+01	3.091216e-01	0.000000e+00	0.000000e+00	0.000000e+00	6.617914e-05	7.457129e-10	8.152537e-04	0.000000e+00	0.000000e+00	0.000000e+00	
1.750000e+00	2.034148e+11	4.225267e+04	2.034148e-04	1.162389e+02	3.745615e-03	1.839745e+01	3.092467e-01	0.000000e+00	0.000000e+00	0.000000e+00	6.618415e-05	7.457632e-10	8.152561e-04	0.000000e+00	0.000000e+00	0.000000e+00	
1.800000e+00	2.092266e+11	4.355174e+04	2.092266e-04	1.162389e+02	3.852631e-03	1.839745e+01	3.093648e-01	0.000000e+00	0.000000e+00	0.000000e+00	6.618887e-05	7.458108e-10	8.152583e-04	0.000000e+00	0.000000e+00	0.000000e+00	
1.850000e+00	2.150383e+11	4.485080e+04	2.150383e-04	1.162389e+02	3.959646e-03	1.839745e+01	3.094766e-01	0.000000e+00	0.000000e+00	0.000000e+00	6.619334e-05	7.458558e-10	8.152604e-04	0.000000e+00	0.000000e+00	0.000000e+00	
1.900000e+00	2.208501e+11	4.614987e+04	2.208501e-04	1.162389e+02	4.066662e-03	1.839745e+01	3.095825e-01	0.000000e+00	0.000000e+00	0.000000e+00	6.619758e-05	7.458984e-10	8.152624e-04	0.000000e+00	0.000000e+00	0.000000e+00	
1.950000e+00	2.266618e+11	4.744893e+04	2.266618e-04	1.162389e+02	4.173677e-03	1.839745e+01	3.096830e-01	0.000000e+00	0.000000e+00	0.000000e+00	6.620160e-05	7.459388e-10	8.152643e-04	0.000000e+00	0.000000e+00	0.000000e+00	
2.000000e+00	2.324735e+11	4.874799e+04	2.324735e-04	1.162389e+02	4.280693e-03	1.839745e+01	3.097784e-01	0.000000e+00	0.000000e+00	0.000000e+00	6.620541e-05	7.459772e-10	8.152661e-04	0.000000e+00	0.000000e+00	0.000000e+00	
2.050000e+00	2.382853e+11	5.004705e+04	2.382853e-04	1.162389e+02	4.387708e-03	1.839745e+01	3.098692e-01	0.000000e+00	0.000000e+00	0.000000e+00	6.620904e-05	7.460138e-10	8.152678e-04	0.000000e+00	0.000000e+00	0.000000e+00	
2.100000e+00	2.440970e+11	5.134611e+04	2.440970e-04	1.162389e+02	4.494723e-03	1.839745e+01	3.099557e-01	0.000000e+00	0.000000e+00	0.000000e+00	6.621250e-05	7.460486e-10	8.152694e-04	0.000000e+00	0.000000e+00	0.000000e+00	
2.150000e+00	2.499087e+11	5.264517e+04	2.499087e-04	1.162389e+02	4.601738e-03	1.839745e+01	3.100381e-01	0.000000e+00	0.000000e+00	0.000000e+00	6.621580e-05	7.460818e-10	8.152710e-04	0.000000e+00	0.000000e+00	0.000000e+00	
2.200000e+00	2.557204e+11	4.436823e+04	2.557204e-04	1.162389e+02	4.708753e-03	1.839745e+01	2.868482e-01	0.000000e+00	0.000000e+00	0.000000e+00	6.621894e-05	7.461134e-10	8.152725e-04	0.000000e+00	0.000000e+00	0.000000e+00	
2.250000e+00	2.615321e+11	4.544459e+04	2.615321e-04	1.162389e+02	4.815767e-03	1.839745e+01	2.869113e-01	0.000000e+00	0.000000e+00	0.000000e+00	6.622206e-05	7.376061e-10	8.151006e-04	0.000000e+00	0.000000e+00	0.000000e+00	
2.300000e+00	2.673438e+11	4.652095e+04	2.673438e-04	1.162389e+02	4.922782e-03	1.839745e+01	2.869718e-01	0.000000e+00	0.000000e+00	0.000000e+00	6.622494e-05	7.376265e-10	8.151018e-04	0.000000e+00	0.000000e+00	0.000000e+00	
2.350000e+00	2.731555e+11	4.759731e+04	2.731555e-04	1.162389e+02	5.029796e-03	1.839745e+01	2.870296e-01	0.000000e+00	0.000000e+00	0.000000e+00	6.622769e-05	7.376459e-10	8.151029e-04	0.000000e+00	0.000000e+00	0.000000e+00	
2.400000e+00	2.789672e+11	6.740791e+04	2.789672e-04	1.162389e+02	5.136811e-03	1.839745e+01	3.141471e-01	0.000000e+00	0.000000e+00	0.000000e+00	6.623033e-05	7.376645e-10	8.151040e-04	0.000000e+00	0.000000e+00	0.000000e+00	
2.450000e+00	2.847789e+11	5.876383e+04	2.847789e-04	1.162389e+02	5.243829e-03	1.839745e+01	2.920965e-01	0.000000e+00	0.000000e+00	0.000000e+00	6.659550e-05	7.466365e-10	8.153813e-04	0.000000e+00	0.000000e+00	0.000000e+00	
2.500000e+00	2.905905e+11	6.900219e+04	2.905905e-04	1.162389e+02	5.350842e-03	1.839745e+01	2.963883e-01	0.000000e+00	0.000000e+00	0.000000e+00	6.659924e-05	7.385259e-10	8.152176e-04	0.000000e+00	0.000000e+00	0.000000e+00	
2.550000e+00	2.964022e+11	7.939439e+04	2.964022e-04	1.162389e+02	5.457859e-03	1.839745e+01	3.001317e-01	0.000000e+00	0.000000e+00	0.000000e+00	6.697168e-05	7.392384e-10	8.153276e-04	0.000000e+00	0.000000e+00	0.000000e+00	
2.600000e+00	3.022139e+11	1.013023e+05	3.022139e-04	1.162389e+02	5.564876e-03	1.839745e+01	3.267959e-01	0.000000e+00	0.000000e+00	0.000000e+00	6.735029e-05	7.398532e-10	8.154354e-04	0.000000e+00	0.000000e+00	0.000000e+00	
2.650000e+00	3.080255e+11	1.122369e+05	3.080255e-04	1.162389e+02	5.671894e-03	1.839745e+01	3.297699e-01	0.000000e+00	0.000000e+00	0.000000e+00	6.773503e-05	7.489846e-10	8.157157e-04	0.000000e+00	0.000000e+00	0.000000e+00	
2.700000e+00	3.138372e+11	1.145713e+05	3.138372e-04	1.162389e+02	5.778911e-03	1.839745e+01	3.298825e-01	0.000000e+00	0.000000e+00	0.000000e+00	6.812621e-05	7.494186e-10	8.158199e-04	0.000000e+00	0.000000e+00	0.000000e+00	
2.750000e+00	3.196488e+11	1.060326e+05	3.196488e-04	1.162389e+02	5.885925e-03	1.839745e+01	3.225022e-01	0.000000e+00	0.000000e+00	0.000000e+00	6.813512e-05	7.494494e-10	8.158228e-04	0.000000e+00	0.000000e+00	0.000000e+00	
2.800000e+00	3.254605e+11	9.737927e+04	3.254605e-04	1.162389e+02	5.992936e-03	1.839745e+01	3.165434e-01	0.000000e+00	0.000000e+00	0.000000e+00	6.778392e-05	7.479504e-10	8.157001e-04	0.000000e+00	0.000000e+00	0.000000e+00	
2.850000e+00	3.312721e+11	7.612744e+04	3.312721e-04	1.162389e+02	6.099947e-03	1.839745e+01	2.881765e-01	0.000000e+00	0.000000e+00	0.000000e+00	6.742563e-05	7.469443e-10	8.155856e-04	0.000000e+00	0.000000e+00	0.000000e+00	
2.900000e+00	3.370837e+11	7.968076e+04	3.370837e-04	1.162389e+02	6.206957e-03	1.839745e+01	3.073142e-01	0.000000e+00	0.000000e+00	0.000000e+00	6.706029e-05	7.374959e-10	8.152986e-04	0.000000e+00	0.000000e+00	0.000000e+00	
2.950000e+00	3.428953e+11	5.770305e+04	3.428953e-04	1.162389e+02	6.313968e-03	1.839745e+01	2.802030e-01	0.000000e+00	0.000000e+00	0.000000e+00	6.668750e-05	7.454319e-10	8.153641e-04	0.000000e+00	0.000000e+00	0.000000e+00	
3.000000e+00	3.487070e+11	4.997038e+04	3.487070e-04	1.162389e+02	6.420977e-03	1.839745e+01	2.815136e-01	0.000000e+00	0.000000e+00	0.000000e+00	6.630765e-05	7.362024e-10	8.150812e-04	0.000000e+00	0.000000e+00	0.000000e+00	
3.050000e+00	3.545186e+11	5.051412e+04	3.545186e-04	1.162389e+02	6.527987e-03	1.839745e+01	2.800937e-01	0.000000e+00	0.000000e+00	0.000000e+00	6.588798e-05	7.368111e-10	8.149970e-04	0.000000e+00	0.000000e+00	0.000000e+00	
3.100000e+00	3.603302e+11	6.343937e+04	3.603302e-04	1.162389e+02	6.635000e-03	1.839745e+01	2.866663e-01	0.000000e+00	0.000000e+00	0.000000e+00	6.589514e-05	7.363192e-10	8.149888e-04	0.000000e+00	0.000000e+00	0.000000e+00	
3.150000e+00	3.661418e+11	7.647775e+04	3.661418e-04	1.162389e+02	6.742016e-03	1.839745e+01	2.920743e-01	0.000000e+00	0.000000e+00	0.000000e+00	6.626598e-05	7.376835e-10	8.151132e-04	0.000000e+00	0.000000e+00	0.000000e+00	
3.200000e+00	3.719534e+11	1.169815e+05	3.719534e-04	1.162389e+02	6.849032e-03	1.839745e+01	3.423366e-01	0.000000e+00	0.000000e+00	0.000000e+00	6.664423e-05	7.386031e-10	8.152295e-04	0.000000e+00	0.000000e+00	0.000000e+00	
3.250000e+00	3.777650e+11	1.302533e+05	3.777650e-04	1.162389e+02	6.956051e-03	1.839745e+01	3.372448e-01	0.000000e+00	0.000000e+00	0.000000e+00	6.702975e-05	7.562452e-10	8.156862e-04	0.000000e+00	0.000000e+00	0.000000e+00	
3.300000e+00	3.835766e+11	1.315262e+05	3.835766e-04	1.162389e+02	7.063067e-03	1.839745e+01	3.327303e-01	0.000000e+00	0.000000e+00	0.000000e+00	6.742304e-05	7.534013e-10	8.157401e-04	0.000000e+00	0.000000e+00	0.000000e+00	
3.350000e+00	3.893881e+11	1.452344e+05	3.893881e-04	1.162389e+02	7.170082e-03	1.839745e+01	3.340340e-01	0.000000e+00	0.000000e+00	0.000000e+00	6.776135e-05	7.508212e-10	8.157630e-04	0.000000e+00	0.000000e+00	0.000000e+00	
3.400000e+00	3.951997e+11	1.202831e+05	3.951997e-04	1.162389e+02	7.277099e-03	1.839745e+01	3.189751e-01	0.000000e+00	0.000000e+00	0.000000e+00	6.817034e-05	7.503732e-10	8.158577e-04	0.000000e+00	0.000000e+00	0.000000e+00	
3.450000e+00	4.010113e+11	1.225301e+05	4.010113e-04	1.162389e+02	7.384104e-03	1.839745e+01	3.205236e-01	0.000000e+00	0.000000e+00	0.000000e+00	6.744202e-05	7.473051e-10	8.156041e-04	0.000000e+00	0.000000e+00	0.000000e+00	
3.500000e+00	4.068229e+11	1.239960e+05	4.068229e-04	1.162389e+02	7.491117e-03	1.839745e+01	3.209067e-01	0.000000e+00	0.000000e+00	0.000000e+00	6.743849e-05	7.478345e-10	8.156141e-04	0.000000e+00	0.000000e+00	0.000000e+00	
3.550000e+00	4.126344e+11	1.261984e+05	4.126344e-04	1.162389e+02	7.598129e-03	1.839745e+01	3.217282e-01	0.000000e+00	0.000000e+00	0.000000e+00	6.743486e-05	7.477914e-10	8.156123e-04	0.000000e+00	0.000000e+00	0.000000e+00	
3.600000e+00	4.184460e+11	1.283898e+05	4.184460e-04	1.162389e+02	7.705141e-03	1.839745e+01	3.223705e-01	0.000000e+00	0.000000e+00	0.000000e+00	6.743113e-05	7.479482e-10	8.156162e-04	0.000000e+00	0.000000e+00	0.000000e+00	
3.650000e+00	4.242575e+11	1.434729e+05	4.242575e-04	1.162389e+02	7.812153e-03	1.839745e+01	3.259418e-01	0.000000e+00	0.000000e+00	0.000000e+00	6.742730e-05	7.480699e-10	8.156198e-04	0.000000e+00	0.000000e+00	0.000000e+00	
3.700000e+00	4.300691e+11	1.586945e+05	4.300691e-04	1.162389e+02	7.919170e-03	1.839745e+01	3.291318e-01	0.000000e+00	0.000000e+00	0.000000e+00	6.783373e-05	7.486074e-10	8.157317e-04	0.000000e+00	0.000000e+00	0.000000e+00	
3.750000e+00	4.358806e+11	1.740595e+05	4.358806e-04	1.162389e+02	8.026186e-03	1.839745e+01	3.320108e-01	0.000000e+00	0.000000e+00	0.000000e+00	6.824830e-05	7.490863e-10	8.158424e-04	0.000000e+00	0.000000e+00	0.000000e+00	
3.800000e+00	4.416921e+11	1.895719e+05	4.416921e-04	1.162389e+02	8.133202e-03	1.839745e+01	3.346312e-01	0.000000e+00	0.000000e+00	0.000000e+00	6.867104e-05	7.494711e-10	8.159518e-04	0.000000e+00	0.000000e+00	0.000000e+00	
3.850000e+00	4.475036e+11	2.044172e+05	4.475036e-04	1.162389e+02	8.240218e-03	1.839745e+01	3.365256e-01	0.000000e+00	0.000000e+00	0.000000e+00	6.910196e-05	7.497833e-10	8.160604e-04	0.000000e+00	0.000000e+00	0.000000e+00	
3.900000e+00	4.533152e+11	2.194141e+05	4.533152e-04	1.162389e+02	8.347235e-03	1.839745e+01	3.383482e-01	0.000000e+00	0.000000e+00	0.000000e+00	6.952250e-05	7.499033e-10	8.161608e-04	0.000000e+00	0.000000e+00	0.000000e+00	
3.950000e+00	4.591267e+11	2.345634e+05	4.591267e-04	1.162389e+02	8.454251e-03	1.839745e+01	3.400832e-01	0.000000e+00	0.000000e+00	0.000000e+00	6.995076e-05	7.500319e-10	8.162617e-04	0.000000e+00	0.000000e+00	0.000000e+00	
4.000000e+00	4.649382e+11	2.368200e+05	4.649382e-04	1.162389e+02	8.561267e-03	1.839745e+01	3.397703e-01	0.000000e+00	0.000000e+00	0.000000e+00	7.038672e-05	7.501493e-10	8.163627e-04	0.000000e+00	0.000000e+00	0.000000e+00	
4.050000e+00	4.707497e+11	2.390733e+05	4.707497e-04	1.162389e+02	8.668279e-03	1.839745e+01	3.395060e-01	0.000000e+00	0.000000e+00	0.000000e+00	7.038167e-05	7.500979e-10	8.163588e-04	0.000000e+00	0.000000e+00	0.000000e+00	
4.100000e+00	4.765612e+11	2.247363e+05	4.765612e-04	1.162389e+02	8.775290e-03	1.839745e+01	3.260340e-01	0.000000e+00	0.000000e+00	0.000000e+00	7.037586e-05	7.500566e-10	8.163550e-04	0.000000e+00	0.000000e+00	0.000000e+00	
4.150000e+00	4.823727e+11	2.408564e+05	4.823727e-04	1.162389e+02	8.882301e-03	1.839745e+01	3.316322e-01	0.000000e+00	0.000000e+00	0.000000e+00	7.036936e-05	7.452598e-10	8.162418e-04	0.000000e+00	0.000000e+00	0.000000e+00	
4.200000e+00	4.881842e+11	2.570780e+05	4.881842e-04	1.162389e+02	8.989314e-03	1.839745e+01	3.354294e-01	0.000000e+00	0.000000e+00	0.000000e+00	7.046997e-05	7.476346e-10	8.163150e-04	0.000000e+00	0.000000e+00	0.000000e+00	
4.250000e+00	4.939956e+11	2.734203e+05	4.939956e-04	1.162389e+02	9.096330e-03	1.839745e+01	3.383612e-01	0.000000e+00	0.000000e+00	0.000000e+00	7.091479e-05	7.487460e-10	8.164327e-04	0.000000e+00	0.000000e+00	0.000000e+00	
4.300000e+00	4.998071e+11	2.898942e+05	4.998071e-04	1.162389e+02	9.203347e-03	1.839745e+01	3.407903e-01	0.000000e+00	0.000000e+00	0.000000e+00	7.136731e-05	7.493087e-10	8.165429e-04	0.000000e+00	0.000000e+00	0.000000e+00	
4.350000e+00	5.056186e+11	2.754003e+05	5.056186e-04	1.162389e+02	9.310363e-03	1.839745e+01	3.281250e-01	0.000000e+00	0.000000e+00	0.000000e+00	7.182746e-05	7.495554e-10	8.166478e-04	0.000000e+00	0.000000e+00	0.000000e+00	
4.400000e+00	5.114301e+11	2.787519e+05	5.114301e-04	1.162389e+02	9.417373e-03	1.839745e+01	3.323927e-01	0.000000e+00	0.000000e+00	0.000000e+00	7.181418e-05	7.449057e-10	8.165377e-04	0.000000e+00	0.000000e+00	0.000000e+00	
4.450000e+00	5.172415e+11	2.820347e+05	5.172415e-04	1.162389e+02	9.524380e-03	1.839745e+01	3.348694e-01	0.000000e+00	0.000000e+00	0.000000e+00	7.145430e-05	7.472567e-10	8.165079e-04	0.000000e+00	0.000000e+00	0.000000e+00	
4.500000e+00	5.230530e+11	2.670240e+05	5.230530e-04	1.162389e+02	9.631391e-03	1.839745e+01	3.232336e-01	0.000000e+00	0.000000e+00	0.000000e+00	7.143069e-05	7.483511e-10	8.165225e-04	0.000000e+00	0.000000e+00	0.000000e+00	
4.550000e+00	5.288644e+11	2.704713e+05	5.288644e-04	1.162389e+02	9.738401e-03	1.839745e+01	3.282253e-01	0.000000e+00	0.000000e+00	0.000000e+00	7.140627e-05	7.441647e-10	8.164193e-04	0.000000e+00	0.000000e+00	0.000000e+00	
4.600000e+00	5.346759e+11	2.738344e+05	5.346759e-04	1.162389e+02	9.845408e-03	1.839745e+01	3.312394e-01	0.000000e+00	0.000000e+00	0.000000e+00	7.103474e-05	7.466901e-10	8.163907e-04	0.000000e+00	0.000000e+00	0.000000e+00	
4.650000e+00	5.404873e+11	2.918104e+05	5.404873e-04	1.162389e+02	9.952418e-03	1.839745e+01	3.348228e-01	0.000000e+00	0.000000e+00	0.000000e+00	7.099991e-05	7.479042e-10	8.164063e-04	0.000000e+00	0.000000e+00	0.000000e+00	
4.700000e+00	5.462987e+11	3.098991e+05	5.462987e-04	1.162389e+02	1.005943e-02	1.839745e+01	3.377723e-01	0.000000e+00	0.000000e+00	0.000000e+00	7.145433e-05	7.486017e-10	8.165211e-04	0.000000e+00	0.000000e+00	0.000000e+00	
4.750000e+00	5.521102e+11	3.291838e+05	5.521102e-04	1.162389e+02	1.016645e-02	1.839745e+01	3.415048e-01	0.000000e+00	0.000000e+00	0.000000e+00	7.191661e-05	7.489568e-10	8.166300e-04	0.000000e+00	0.000000e+00	0.000000e+00	
4.800000e+00	5.579216e+11	3.485898e+05	5.579216e-04	1.162389e+02	1.027347e-02	1.839745e+01	3.444419e-01	0.000000e+00	0.000000e+00	0.000000e+00	7.238664e-05	7.497171e-10	8.167480e-04	0.000000e+00	0.000000e+00	0.000000e+00	
4.850000e+00	5.637330e+11	3.681275e+05	5.637330e-04	1.162389e+02	1.038048e-02	1.839745e+01	3.469405e-01	0.000000e+00	0.000000e+00	0.000000e+00	7.286438e-05	7.502132e-10	8.168624e-04	0.000000e+00	0.000000e+00	0.000000e+00	
4.900000e+00	5.695444e+11	3.878041e+05	5.695444e-04	1.162389e+02	1.048750e-02	1.839745e+01	3.491411e-01	0.000000e+00	0.000000e+00	0.000000e+00	7.336847e-05	7.505389e-10	8.169781e-04	0.000000e+00	0.000000e+00	0.000000e+00	
4.950000e+00	5.753558e+11	3.877664e+05	5.753558e-04	1.162389e+02	1.059452e-02	1.839745e+01	3.448087e-01	0.000000e+00	0.000000e+00	0.000000e+00	7.388056e-05	7.508125e-10	8.170931e-04	0.000000e+00	0.000000e+00	0.000000e+00	
5.000000e+00	5.811672e+11	3.878196e+05	5.811672e-04	1.162389e+02	1.070153e-02	1.839745e+01	3.412979e-01	0.000000e+00	0.000000e+00	0.000000e+00	7.401607e-05	7.499302e-10	8.170847e-04	0.000000e+00	0.000000e+00	0.000000e+00	
5.050000e+00	5.869786e+11	3.879485e+05	5.869786e-04	1.162389e+02	1.080854e-02	1.839745e+01	3.383780e-01	0.000000e+00	0.000000e+00	0.000000e+00	7.414971e-05	7.491937e-10	8.170784e-04	0.000000e+00	0.000000e+00	0.000000e+00	
5.100000e+00	5.927900e+11	3.881417e+05	5.927900e-04	1.162389e+02	1.091555e-02	1.839745e+01	3.359017e-01	0.000000e+00	0.000000e+00	0.000000e+00	7.428132e-05	7.485596e-10	8.170741e-04	0.000000e+00	0.000000e+00	0.000000e+00	
5.150000e+00	5.986014e+11	3.872256e+05	5.986014e-04	1.162389e+02	1.102256e-02	1.839745e+01	3.325599e-01	0.000000e+00	0.000000e+00	0.000000e+00	7.441071e-05	7.480006e-10	8.170715e-04	0.000000e+00	0.000000e+00	0.000000e+00	
5.200000e+00	6.044127e+11	3.863682e+05	6.044127e-04	1.162389e+02	1.112957e-02	1.839745e+01	3.299802e-01	0.000000e+00	0.000000e+00	0.000000e+00	7.453769e-05	7.470556e-10	8.170612e-04	0.000000e+00	0.000000e+00	0.000000e+00	
5.250000e+00	6.102241e+11	3.855581e+05	6.102241e-04	1.162389e+02	1.123659e-02	1.839745e+01	3.278280e-01	0.000000e+00	0.000000e+00	0.000000e+00	7.466208e-05	7.463955e-10	8.170556e-04	0.000000e+00	0.000000e+00	0.000000e+00	
5.300000e+00	6.160355e+11	3.847871e+05	6.160355e-04	1.162389e+02	1.134360e-02	1.839745e+01	3.259731e-01	0.000000e+00	0.000000e+00	0.000000e+00	7.476488e-05	7.459309e-10	8.170497e-04	0.000000e+00	0.000000e+00	0.000000e+00	
5.350000e+00	6.218468e+11	4.055979e+05	6.218468e-04	1.162389e+02	1.145061e-02	1.839745e+01	3.306802e-01	0.000000e+00	0.000000e+00	0.000000e+00	7.486424e-05	7.455778e-10	8.170457e-04	0.000000e+00	0.000000e+00	0.000000e+00	
5.400000e+00	6.276582e+11	4.264810e+05	6.276582e-04	1.162389e+02	1.155762e-02	1.839745e+01	3.345707e-01	0.000000e+00	0.000000e+00	0.000000e+00	7.534624e-05	7.463846e-10	8.171662e-04	0.000000e+00	0.000000e+00	0.000000e+00	
5.450000e+00	6.334695e+11	4.474528e+05	6.334695e-04	1.162389e+02	1.166464e-02	1.839745e+01	3.378754e-01	0.000000e+00	0.000000e+00	0.000000e+00	7.583437e-05	7.470474e-10	8.172855e-04	0.000000e+00	0.000000e+00	0.000000e+00	
5.500000e+00	6.392809e+11	4.685253e+05	6.392809e-04	1.162389e+02	1.177166e-02	1.839745e+01	3.407412e-01	0.000000e+00	0.000000e+00	0.000000e+00	7.632850e-05	7.476104e-10	8.174036e-04	0.000000e+00	0.000000e+00	0.000000e+00	
5.550000e+00	6.450922e+11	4.897080e+05	6.450922e-04	1.162389e+02	1.187867e-02	1.839745e+01	3.432673e-01	0.000000e+00	0.000000e+00	0.000000e+00	7.682852e-05	7.480998e-10	8.175204e-04	0.000000e+00	0.000000e+00	0.000000e+00	
5.600000e+00	6.509035e+11	5.110081e+05	6.509035e-04	1.162389e+02	1.198569e-02	1.839745e+01	3.455233e-01	0.000000e+00	0.000000e+00	0.000000e+00	7.733430e-05	7.485276e-10	8.176362e-04	0.000000e+00	0.000000e+00	0.000000e+00	
5.650000e+00	6.567149e+11	5.324314e+05	6.567149e-04	1.162389e+02	1.209271e-02	1.839745e+01	3.475599e-01	0.000000e+00	0.000000e+00	0.000000e+00	7.784570e-05	7.488616e-10	8.177508e-04	0.000000e+00	0.000000e+00	0.000000e+00	
5.700000e+00	6.625262e+11	5.539829e+05	6.625262e-04	1.162389e+02	1.219972e-02	1.839745e+01	3.494152e-01	0.000000e+00	0.000000e+00	0.000000e+00	7.836259e-05	7.491247e-10	8.178646e-04	0.000000e+00	0.000000e+00	0.000000e+00	
5.750000e+00	6.683375e+11	5.756665e+05	6.683375e-04	1.162389e+02	1.230674e-02	1.839745e+01	3.511183e-01	0.000000e+00	0.000000e+00	0.000000e+00	7.888482e-05	7.493337e-10	8.179779e-04	0.000000e+00	0.000000e+00	0.000000e+00	
5.800000e+00	6.741488e+11	5.974856e+05	6.741488e-04	1.162389e+02	1.241376e-02	1.839745e+01	3.526919e-01	0.000000e+00	0.000000e+00	0.000000e+00	7.941223e-05	7.495009e-10	8.180909e-04	0.000000e+00	0.000000e+00	0.000000e+00	
5.850000e+00	6.799601e+11	6.194431e+05	6.799601e-04	1.162389e+02	1.252078e-02	1.839745e+01	3.541541e-01	0.000000e+00	0.000000e+00	0.000000e+00	7.994467e-05	7.496348e-10	8.182036e-04	0.000000e+00	0.000000e+00	0.000000e+00	
5.900000e+00	6.857714e+11	6.415414e+05	6.857714e-04	1.162389e+02	1.262779e-02	1.839745e+01	3.555197e-01	0.000000e+00	0.000000e+00	0.000000e+00	8.048198e-05	7.497446e-10	8.183161e-04	0.000000e+00	0.000000e+00	0.000000e+00	
5.950000e+00	6.915827e+11	6.637827e+05	6.915827e-04	1.162389e+02	1.273481e-02	1.839745e+01	3.568005e-01	0.000000e+00	0.000000e+00	0.000000e+00	8.102397e-05	7.498331e-10	8.184286e-04	0.000000e+00	0.000000e+00	0.000000e+00	
6.000000e+00	6.973940e+11	6.861688e+05	6.973940e-04	1.162389e+02	1.284183e-02	1.839745e+01	3.580065e-01	0.000000e+00	0.000000e+00	0.000000e+00	8.157049e-05	7.499033e-10	8.185410e-04	0.000000e+00	0.000000e+00	0.000000e+00	
6.050000e+00	7.032053e+11	7.087014e+05	7.032053e-04	1.162389e+02	1.294885e-02	1.839745e+01	3.591459e-01	0.000000e+00	0.000000e+00	0.000000e+00	8.212136e-05	7.499582e-10	8.186534e-04	0.000000e+00	0.000000e+00	0.000000e+00	
6.100000e+00	7.090166e+11	7.313819e+05	7.090166e-04	1.162389e+02	1.305586e-02	1.839745e+01	3.602259e-01	0.000000e+00	0.000000e+00	0.000000e+00	8.267638e-05	7.500003e-10	8.187659e-04	0.000000e+00	0.000000e+00	0.000000e+00	
6.150000e+00	7.148278e+11	7.542116e+05	7.148278e-04	1.162389e+02	1.316288e-02	1.839745e+01	3.612524e-01	0.000000e+00	0.000000e+00	0.000000e+00	8.323537e-05	7.500308e-10	8.188783e-04	0.000000e+00	0.000000e+00	0.000000e+00	
6.200000e+00	7.206391e+11	7.771917e+05	7.206391e-04	1.162389e+02	1.326990e-02	1.839745e+01	3.622304e-01	0.000000e+00	0.000000e+00	0.000000e+00	8.379813e-05	7.500508e-10	8.189906e-04	0.000000e+00	0.000000e+00	0.000000e+00	
6.250000e+00	7.264504e+11	8.471063e+05	7.264504e-04	1.162389e+02	1.337692e-02	1.839745e+01	3.693689e-01	0.000000e+00	0.000000e+00	0.000000e+00	8.436448e-05	7.500618e-10	8.191028e-04	0.000000e+00	0.000000e+00	0.000000e+00	
6.300000e+00	7.322616e+11	8.714729e+05	7.322616e-04	1.162389e+02	1.348395e-02	1.839745e+01	3.699832e-01	0.000000e+00	0.000000e+00	0.000000e+00	8.582383e-05	7.509004e-10	8.194472e-04	0.000000e+00	0.000000e+00	0.000000e+00	
6.350000e+00	7.380729e+11	8.960104e+05	7.380729e-04	1.162389e+02	1.359097e-02	1.839745e+01	3.706081e-01	0.000000e+00	0.000000e+00	0.000000e+00	8.643769e-05	7.507827e-10	8.195642e-04	0.000000e+00	0.000000e+00	0.000000e+00	
6.400000e+00	7.438841e+11	9.207181e+05	7.438841e-04	1.162389e+02	1.369799e-02	1.839745e+01	3.712372e-01	0.000000e+00	0.000000e+00	0.000000e+00	8.705501e-05	7.506858e-10	8.196816e-04	0.000000e+00	0.000000e+00	0.000000e+00	
6.450000e+00	7.496954e+11	9.455958e+05	7.496954e-04	1.162389e+02	1.380501e-02	1.839745e+01	3.718659e-01	0.000000e+00	0.000000e+00	0.000000e+00	8.767555e-05	7.506068e-10	8.197992e-04	0.000000e+00	0.000000e+00	0.000000e+00	
6.500000e+00	7.555066e+11	9.706432e+05	7.555066e-04	1.162389e+02	1.391203e-02	1.839745e+01	3.724908e-01	0.000000e+00	0.000000e+00	0.000000e+00	8.829908e-05	7.505418e-10	8.199170e-04	0.000000e+00	0.000000e+00	0.000000e+00	
6.550000e+00	7.613178e+11	9.958603e+05	7.613178e-04	1.162389e+02	1.401905e-02	1.839745e+01	3.731096e-01	0.000000e+00	0.000000e+00	0.000000e+00	8.892536e-05	7.504852e-10	8.200349e-04	0.000000e+00	0.000000e+00	0.000000e+00	
6.600000e+00	7.671290e+11	1.019893e+06	7.671290e-04	1.162389e+02	1.412607e-02	1.839745e+01	3.734442e-01	0.000000e+00	0.000000e+00	0.000000e+00	8.955415e-05	7.504355e-10	8.201529e-04	0.000000e+00	0.000000e+00	0.000000e+00	
6.650000e+00	7.729403e+11	1.044093e+06	7.729403e-04	1.162389e+02	1.423309e-02	1.839745e+01	3.738076e-01	0.000000e+00	0.000000e+00	0.000000e+00	9.016464e-05	7.503450e-10	8.202646e-04	0.000000e+00	0.000000e+00	0.000000e+00	
6.700000e+00	7.787515e+11	1.091526e+06	7.787515e-04	1.162389e+02	1.434010e-02	1.839745e+01	3.759409e-01	0.000000e+00	0.000000e+00	0.000000e+00	9.077659e-05	7.502662e-10	8.203765e-04	0.000000e+00	0.000000e+00	0.000000e+00	
6.750000e+00	7.845627e+11	1.139259e+06	7.845627e-04	1.162389e+02	1.444713e-02	1.839745e+01	3.779874e-01	0.000000e+00	0.000000e+00	0.000000e+00	9.191098e-05	7.502763e-10	8.206042e-04	0.000000e+00	0.000000e+00	0.000000e+00	
6.800000e+00	7.903739e+11	1.187294e+06	7.903739e-04	1.162389e+02	1.455416e-02	1.839745e+01	3.799524e-01	0.000000e+00	0.000000e+00	0.000000e+00	9.305671e-05	7.502739e-10	8.208324e-04	0.000000e+00	0.000000e+00	0.000000e+00	
6.850000e+00	7.961851e+11	1.211973e+06	7.961851e-04	1.162389e+02	1.466119e-02	1.839745e+01	3.800846e-01	0.000000e+00	0.000000e+00	0.000000e+00	9.421343e-05	7.502641e-10	8.210610e-04	0.000000e+00	0.000000e+00	0.000000e+00	
6.900000e+00	8.019963e+11	1.238265e+06	8.019963e-04	1.162389e+02	1.476821e-02	1.839745e+01	3.805738e-01	0.000000e+00	0.000000e+00	0.000000e+00	9.485770e-05	7.501639e-10	8.211739e-04	0.000000e+00	0.000000e+00	0.000000e+00	
6.950000e+00	8.078074e+11	1.266036e+06	8.078074e-04	1.162389e+02	1.487523e-02	1.839745e+01	3.811633e-01	0.000000e+00	0.000000e+00	0.000000e+00	9.552180e-05	7.501326e-10	8.212932e-04	0.000000e+00	0.000000e+00	0.000000e+00	
7.000000e+00	8.136186e+11	1.293985e+06	8.136186e-04	1.162389e+02	1.498225e-02	1.839745e+01	3.817247e-01	0.000000e+00	0.000000e+00	0.000000e+00	9.621026e-05	7.501124e-10	8.214183e-04	0.000000e+00	0.000000e+00	0.000000e+00	
7.050000e+00	8.194298e+11	1.322113e+06	8.194298e-04	1.162389e+02	1.508927e-02	1.839745e+01	3.822644e-01	0.000000e+00	0.000000e+00	0.000000e+00	9.689901e-05	7.500924e-10	8.215435e-04	0.000000e+00	0.000000e+00	0.000000e+00	
7.100000e+00	8.252410e+11	1.350420e+06	8.252410e-04	1.162389e+02	1.519630e-02	1.839745e+01	3.827867e-01	0.000000e+00	0.000000e+00	0.000000e+00	9.758775e-05	7.500742e-10	8.216684e-04	0.000000e+00	0.000000e+00	0.000000e+00	
7.150000e+00	8.310521e+11	1.380426e+06	8.310521e-04	1.162389e+02	1.530332e-02	1.839745e+01	3.836968e-01	0.000000e+00	0.000000e+00	0.000000e+00	9.827617e-05	7.500544e-10	8.217933e-04	0.000000e+00	0.000000e+00	0.000000e+00	
7.200000e+00	8.368633e+11	1.409104e+06	8.368633e-04	1.162389e+02	1.541034e-02	1.839745e+01	3.841919e-01	0.000000e+00	0.000000e+00	0.000000e+00	9.898354e-05	7.501165e-10	8.219248e-04	0.000000e+00	0.000000e+00	0.000000e+00	
7.250000e+00	8.426744e+11	1.437961e+06	8.426744e-04	1.162389e+02	1.551736e-02	1.839745e+01	3.846758e-01	0.000000e+00	0.000000e+00	0.000000e+00	9.967045e-05	7.500959e-10	8.220491e-04	0.000000e+00	0.000000e+00	0.000000e+00	
7.300000e+00	8.484856e+11	1.465620e+06	8.484856e-04	1.162389e+02	1.562438e-02	1.839745e+01	3.850205e-01	0.000000e+00	0.000000e+00	0.000000e+00	1.003562e-04	7.500762e-10	8.221730e-04	0.000000e+00	0.000000e+00	0.000000e+00	
7.350000e+00	8.542967e+11	1.493455e+06	8.542967e-04	1.162389e+02	1.573140e-02	1.839745e+01	3.853655e-01	0.000000e+00	0.000000e+00	0.000000e+00	1.010159e-04	7.500450e-10	8.222905e-04	0.000000e+00	0.000000e+00	0.000000e+00	
7.400000e+00	8.601078e+11	1.522452e+06	8.601078e-04	1.162389e+02	1.583842e-02	1.839745e+01	3.857382e-01	0.000000e+00	0.000000e+00	0.000000e+00	1.016733e-04	7.500174e-10	8.224076e-04	0.000000e+00	0.000000e+00	0.000000e+00	
7.450000e+00	8.659190e+11	1.552642e+06	8.659190e-04	1.162389e+02	1.594545e-02	1.839745e+01	3.861386e-01	0.000000e+00	0.000000e+00	0.000000e+00	1.023628e-04	7.499867e-10	8.225307e-04	0.000000e+00	0.000000e+00	0.000000e+00	
7.500000e+00	8.717301e+11	1.580419e+06	8.717301e-04	1.162389e+02	1.605247e-02	1.839745e+01	3.861050e-01	0.000000e+00	0.000000e+00	0.000000e+00	1.030845e-04	7.499521e-10	8.226598e-04	0.000000e+00	0.000000e+00	0.000000e+00	
7.550000e+00	8.775412e+11	1.608383e+06	8.775412e-04	1.162389e+02	1.615949e-02	1.839745e+01	3.861426e-01	0.000000e+00	0.000000e+00	0.000000e+00	1.037487e-04	7.498361e-10	8.227752e-04	0.000000e+00	0.000000e+00	0.000000e+00	
7.600000e+00	8.833523e+11	1.637581e+06	8.833523e-04	1.162389e+02	1.626651e-02	1.839745e+01	3.862594e-01	0.000000e+00	0.000000e+00	0.000000e+00	1.044090e-04	7.497456e-10	8.228904e-04	0.000000e+00	0.000000e+00	0.000000e+00	
7.650000e+00	8.891634e+11	1.665922e+06	8.891634e-04	1.162389e+02	1.637353e-02	1.839745e+01	3.863808e-01	0.000000e+00	0.000000e+00	0.000000e+00	1.051003e-04	7.496608e-10	8.230116e-04	0.000000e+00	0.000000e+00	0.000000e+00	
7.700000e+00	8.949745e+11	1.695524e+06	8.949745e-04	1.162389e+02	1.648055e-02	1.839745e+01	3.865600e-01	0.000000e+00	0.000000e+00	0.000000e+00	1.057521e-04	7.495850e-10	8.231258e-04	0.000000e+00	0.000000e+00	0.000000e+00	
7.750000e+00	9.007856e+11	1.724236e+06	9.007856e-04	1.162389e+02	1.658758e-02	1.839745e+01	3.867277e-01	0.000000e+00	0.000000e+00	0.000000e+00	1.064343e-04	7.495106e-10	8.232459e-04	0.000000e+00	0.000000e+00	0.000000e+00	
7.800000e+00	9.065967e+11	1.754763e+06	9.065967e-04	1.162389e+02	1.669460e-02	1.839745e+01	3.872409e-01	0.000000e+00	0.000000e+00	0.000000e+00	1.070763e-04	7.494428e-10	8.233588e-04	0.000000e+00	0.000000e+00	0.000000e+00	
7.850000e+00	9.124078e+11	1.784359e+06	9.124078e-04	1.162389e+02	1.680162e-02	1.839745e+01	3.876833e-01	0.000000e+00	0.000000e+00	0.000000e+00	1.077331e-04	7.494406e-10	8.234772e-04	0.000000e+00	0.000000e+00	0.000000e+00	
7.900000e+00	9.182189e+11	1.814124e+06	9.182189e-04	1.162389e+02	1.690864e-02	1.839745e+01	3.880988e-01	0.000000e+00	0.000000e+00	0.000000e+00	1.083493e-04	7.494400e-10	8.235879e-04	0.000000e+00	0.000000e+00	0.000000e+00	
7.950000e+00	9.240300e+11	1.845572e+06	9.240300e-04	1.162389e+02	1.701566e-02	1.839745e+01	3.886240e-01	0.000000e+00	0.000000e+00	0.000000e+00	1.089601e-04	7.494394e-10	8.236975e-04	0.000000e+00	0.000000e+00	0.000000e+00	
8.000000e+00	9.298410e+11	1.877197e+06	9.298410e-04	1.162389e+02	1.712268e-02	1.839745e+01	3.891238e-01	0.000000e+00	0.000000e+00	0.000000e+00	1.095898e-04	7.494526e-10	8.238120e-04	0.000000e+00	0.000000e+00	0.000000e+00	
8.050000e+00	9.356521e+11	1.908998e+06	9.356521e-04	1.162389e+02	1.722970e-02	1.839745e+01	3.896025e-01	0.000000e+00	0.000000e+00	0.000000e+00	1.102141e-04	7.494642e-10	8.239252e-04	0.000000e+00	0.000000e+00	0.000000e+00	
8.100000e+00	9.414631e+11	1.940976e+06	9.414631e-04	1.162389e+02	1.733673e-02	1.839745e+01	3.900632e-01	0.000000e+00	0.000000e+00	0.000000e+00	1.108329e-04	7.494726e-10	8.240373e-04	0.000000e+00	0.000000e+00	0.000000e+00	
8.150000e+00	9.472742e+11	1.973131e+06	9.472742e-04	1.162389e+02	1.744375e-02	1.839745e+01	3.905083e-01	0.000000e+00	0.000000e+00	0.000000e+00	1.114460e-04	7.494789e-10	8.241481e-04	0.000000e+00	0.000000e+00	0.000000e+00	
8.200000e+00	9.530852e+11	2.003899e+06	9.530852e-04	1.162389e+02	1.755077e-02	1.839745e+01	3.908095e-01	0.000000e+00	0.000000e+00	0.000000e+00	1.120530e-04	7.494840e-10	8.242577e-04	0.000000e+00	0.000000e+00	0.000000e+00	
8.250000e+00	9.588963e+11	2.034841e+06	9.588963e-04	1.162389e+02	1.765779e-02	1.839745e+01	3.911080e-01	0.000000e+00	0.000000e+00	0.000000e+00	1.126292e-04	7.494755e-10	8.243600e-04	0.000000e+00	0.000000e+00	0.000000e+00	
8.300000e+00	9.647073e+11	2.065957e+06	9.647073e-04	1.162389e+02	1.776481e-02	1.839745e+01	3.914039e-01	0.000000e+00	0.000000e+00	0.000000e+00	1.131985e-04	7.494691e-10	8.244610e-04	0.000000e+00	0.000000e+00	0.000000e+00	
8.350000e+00	9.705183e+11	2.097246e+06	9.705183e-04	1.162389e+02	1.787183e-02	1.839745e+01	3.916972e-01	0.000000e+00	0.000000e+00	0.000000e+00	1.137608e-04	7.494648e-10	8.245607e-04	0.000000e+00	0.000000e+00	0.000000e+00	
8.400000e+00	9.763294e+11	2.128708e+06	9.763294e-04	1.162389e+02	1.797885e-02	1.839745e+01	3.919879e-01	0.000000e+00	0.000000e+00	0.000000e+00	1.143158e-04	7.494623e-10	8.246590e-04	0.000000e+00	0.000000e+00	0.000000e+00	
8.450000e+00	9.821404e+11	2.105815e+06	9.821404e-04	1.162389e+02	1.808587e-02	1.839745e+01	3.901315e-01	0.000000e+00	0.000000e+00	0.000000e+00	1.148635e-04	7.494653e-10	8.247559e-04	0.000000e+00	0.000000e+00	0.000000e+00	
8.500000e+00	9.879514e+11	2.110145e+06	9.879514e-04	1.162389e+02	1.819286e-02	1.839745e+01	3.894054e-01	0.000000e+00	0.000000e+00	0.000000e+00	1.141276e-04	7.495358e-10	8.245987e-04	0.000000e+00	0.000000e+00	0.000000e+00	
8.550000e+00	9.937624e+11	2.114502e+06	9.937624e-04	1.162389e+02	1.829987e-02	1.839745e+01	3.887137e-01	0.000000e+00	0.000000e+00	0.000000e+00	1.140080e-04	7.495882e-10	8.245647e-04	0.000000e+00	0.000000e+00	0.000000e+00	
8.600000e+00	9.995734e+11	2.118887e+06	9.995734e-04	1.162389e+02	1.840687e-02	1.839745e+01	3.880539e-01	0.000000e+00	0.000000e+00	0.000000e+00	1.138717e-04	7.496498e-10	8.245282e-04	0.000000e+00	0.000000e+00	0.000000e+00	
8.650000e+00	1.005384e+12	2.123297e+06	1.005384e-03	1.162389e+02	1.851388e-02	1.839745e+01	3.874240e-01	0.000000e+00	0.000000e+00	0.000000e+00	1.137186e-04	7.497197e-10	8.244891e-04	0.000000e+00	0.000000e+00	0.000000e+00	
8.700000e+00	1.011195e+12	2.035351e+06	1.011195e-03	1.162389e+02	1.862088e-02	1.839745e+01	3.854697e-01	0.000000e+00	0.000000e+00	0.000000e+00	1.135491e-04	7.497936e-10	8.244477e-04	0.000000e+00	0.000000e+00	0.000000e+00	
8.750000e+00	1.017006e+12	2.021785e+06	1.017006e-03	1.162389e+02	1.872782e-02	1.839745e+01	3.853748e-01	0.000000e+00	0.000000e+00	0.000000e+00	1.104567e-04	7.503978e-10	8.238781e-04	0.000000e+00	0.000000e+00	0.000000e+00	
8.800000e+00	1.022817e+12	1.958787e+06	1.022817e-03	1.162389e+02	1.883480e-02	1.839745e+01	3.848298e-01	0.000000e+00	0.000000e+00	0.000000e+00	1.094775e-04	7.506998e-10	8.237025e-04	0.000000e+00	0.000000e+00	0.000000e+00	
8.850000e+00	1.028628e+12	1.942674e+06	1.028628e-03	1.162389e+02	1.894176e-02	1.839745e+01	3.842870e-01	0.000000e+00	0.000000e+00	0.000000e+00	1.070350e-04	7.514577e-10	8.232619e-04	0.000000e+00	0.000000e+00	0.000000e+00	
8.900000e+00	1.034439e+12	2.013961e+06	1.034439e-03	1.162389e+02	1.904874e-02	1.839745e+01	4.074379e-01	0.000000e+00	0.000000e+00	0.000000e+00	1.060124e-04	7.516188e-10	8.230752e-04	0.000000e+00	0.000000e+00	0.000000e+00	
8.950000e+00	1.040250e+12	2.045281e+06	1.040250e-03	1.162389e+02	1.915576e-02	1.839745e+01	3.978462e-01	0.000000e+00	0.000000e+00	0.000000e+00	1.064191e-04	7.600307e-10	8.233239e-04	0.000000e+00	0.000000e+00	0.000000e+00	
9.000000e+00	1.046061e+12	2.076980e+06	1.046061e-03	1.162389e+02	1.926277e-02	1.839745e+01	3.939447e-01	0.000000e+00	0.000000e+00	0.000000e+00	1.068250e-04	7.560784e-10	8.233346e-04	0.000000e+00	0.000000e+00	0.000000e+00	
9.050000e+00	1.051872e+12	2.108961e+06	1.051872e-03	1.162389e+02	1.936980e-02	1.839745e+01	3.919104e-01	0.000000e+00	0.000000e+00	0.000000e+00	1.075839e-04	7.535537e-10	8.234368e-04	0.000000e+00	0.000000e+00	0.000000e+00	
9.100000e+00	1.057683e+12	2.141182e+06	1.057683e-03	1.162389e+02	1.947681e-02	1.839745e+01	3.907335e-01	0.000000e+00	0.000000e+00	0.000000e+00	1.079799e-04	7.524068e-10	8.234913e-04	0.000000e+00	0.000000e+00	0.000000e+00	
9.150000e+00	1.063494e+12	2.173617e+06	1.063494e-03	1.162389e+02	1.958383e-02	1.839745e+01	3.900236e-01	0.000000e+00	0.000000e+00	0.000000e+00	1.083746e-04	7.518522e-10	8.235540e-04	0.000000e+00	0.000000e+00	0.000000e+00	
9.200000e+00	1.069305e+12	2.170241e+06	1.069305e-03	1.162389e+02	1.969084e-02	1.839745e+01	3.858853e-01	0.000000e+00	0.000000e+00	0.000000e+00	1.087682e-04	7.516314e-10	8.236224e-04	0.000000e+00	0.000000e+00	0.000000e+00	
9.250000e+00	1.075116e+12	2.132260e+06	1.075116e-03	1.162389e+02	1.979785e-02	1.839745e+01	3.797256e-01	0.000000e+00	0.000000e+00	0.000000e+00	1.087191e-04	7.508743e-10	8.235696e-04	0.000000e+00	0.000000e+00	0.000000e+00	
9.300000e+00	1.080927e+12	1.369709e+09	1.080927e-03	1.162389e+02	1.990484e-02	1.839745e+01	8.516375e+00	0.000000e+00	0.000000e+00	0.000000e+00	1.081689e-04	7.500205e-10	8.233984e-04	0.000000e+00	0.000000e+00	0.000000e+00	
9.350000e+00	1.086738e+12	2.057551e+09	1.086738e-03	1.162389e+02	2.002865e-02	1.839745e+01	1.254569e+01	0.000000e+00	0.000000e+00	0.000000e+00	8.393407e-04	-7.302641e-09	9.302337e-04	5.226373e+01	6.290562e-04	6.218686e+02	
9.400000e+00	1.092550e+12	2.056963e+09	1.092550e-03	1.162389e+02	2.014422e-02	1.839745e+01	1.241291e+01	0.000000e+00	0.000000e+00	0.000000e+00	1.205211e-03	-1.162883e-08	9.836908e-04	1.325521e+02	1.618187e-03	1.566495e+03	
9.450000e+00	1.098361e+12	2.056344e+09	1.098361e-03	1.162389e+02	2.024945e-02	1.839745e+01	1.227354e+01	0.000000e+00	0.000000e+00	0.000000e+00	1.124530e-03	-1.164483e-08	9.698849e-04	2.123309e+02	2.601039e-03	2.505128e+03	
9.500000e+00	1.104173e+12	2.055729e+09	1.104173e-03	1.162389e+02	2.035479e-02	1.839745e+01	1.213680e+01	0.000000e+00	0.000000e+00	0.000000e+00	1.049016e-03	-1.166081e-08	9.568928e-04	2.916061e+02	3.577683e-03	3.437835e+03	
9.550000e+00	1.109984e+12	2.055118e+09	1.109984e-03	1.162389e+02	2.046023e-02	1.839745e+01	1.200250e+01	0.000000e+00	0.000000e+00	0.000000e+00	9.786371e-04	-1.167448e-08	9.447886e-04	3.703832e+02	4.548191e-03	4.364684e+03	
9.600000e+00	1.115796e+12	2.054512e+09	1.115796e-03	1.162389e+02	2.056577e-02	1.839745e+01	1.187051e+01	0.000000e+00	0.000000e+00	0.000000e+00	9.130891e-04	-1.168616e-08	9.335146e-04	4.486680e+02	5.512632e-03	5.285742e+03	
9.650000e+00	1.121608e+12	2.053909e+09	1.121608e-03	1.162389e+02	2.067141e-02	1.839745e+01	1.174073e+01	0.000000e+00	0.000000e+00	0.000000e+00	8.520827e-04	-1.169594e-08	9.230214e-04	5.264661e+02	6.471075e-03	6.201073e+03	
9.700000e+00	1.127419e+12	2.053311e+09	1.127419e-03	1.162389e+02	2.077713e-02	1.839745e+01	1.161311e+01	0.000000e+00	0.000000e+00	0.000000e+00	7.953425e-04	-1.170390e-08	9.132621e-04	6.037829e+02	7.423586e-03	7.110743e+03	
9.750000e+00	1.133231e+12	2.052690e+09	1.133231e-03	1.162389e+02	2.088294e-02	1.839745e+01	1.148711e+01	0.000000e+00	0.000000e+00	0.000000e+00	7.426068e-04	-1.171016e-08	9.041916e-04	6.806237e+02	8.370232e-03	8.014814e+03	
9.800000e+00	1.139042e+12	2.052073e+09	1.139042e-03	1.162389e+02	2.098881e-02	1.839745e+01	1.136315e+01	0.000000e+00	0.000000e+00	0.000000e+00	6.929026e-04	-1.171463e-08	8.956353e-04	7.569939e+02	9.311079e-03	8.913348e+03	
9.850000e+00	1.144854e+12	2.051431e+09	1.144854e-03	1.162389e+02	2.109475e-02	1.839745e+01	1.124052e+01	0.000000e+00	0.000000e+00	0.000000e+00	6.467145e-04	-1.171747e-08	8.876844e-04	8.328986e+02	1.024619e-02	9.806406e+03	
9.900000e+00	1.150665e+12	3.138821e+09	1.150665e-03	1.162389e+02	2.120074e-02	1.839745e+01	2.102398e+01	0.000000e+00	0.000000e+00	0.000000e+00	6.030724e-04	-1.171870e-08	8.801617e-04	9.083429e+02	1.117563e-02	1.069405e+04	
9.950000e+00	1.156477e+12	4.226762e+09	1.156477e-03	1.162389e+02	2.168366e-02	1.839745e+01	3.081037e+01	0.000000e+00	0.000000e+00	0.000000e+00	1.538467e-02	-1.266774e-08	3.405425e-03	1.131792e+03	1.411530e-02	1.262967e+04	
1.000000e+01	1.162290e+12	4.224997e+09	1.162290e-03	1.162389e+02	2.217848e-02	1.839745e+01	3.040150e+01	0.000000e+00	0.000000e+00	0.000000e+00	2.996328e-02	-1.321632e-08	5.896534e-03	1.498520e+03	1.926147e-02	1.562876e+04	
1.005000e+01	1.168102e+12	4.223275e+09	1.168102e-03	1.162389e+02	2.226161e-02	1.839745e+01	3.000141e+01	0.000000e+00	0.000000e+00	0.000000e+00	2.893660e-02	-1.385966e-08	5.720164e-03	1.861944e+03	2.436074e-02	1.860184e+04	
1.010000e+01	1.173915e+12	4.221536e+09	1.173915e-03	1.162389e+02	2.234507e-02	1.839745e+01	2.960859e+01	0.000000e+00	0.000000e+00	0.000000e+00	2.792930e-02	-1.447869e-08	5.547154e-03	2.222119e+03	2.941391e-02	2.154934e+04	
1.015000e+01	1.179727e+12	4.219811e+09	1.179727e-03	1.162389e+02	2.242882e-02	1.839745e+01	2.922353e+01	0.000000e+00	0.000000e+00	0.000000e+00	2.694049e-02	-1.507418e-08	5.377327e-03	2.579101e+03	3.442177e-02	2.447167e+04	
1.020000e+01	1.185540e+12	4.218131e+09	1.185540e-03	1.162389e+02	2.251291e-02	1.839745e+01	2.884680e+01	0.000000e+00	0.000000e+00	0.000000e+00	2.597129e-02	-1.564702e-08	5.210885e-03	2.932943e+03	3.938509e-02	2.736926e+04	
1.025000e+01	1.191352e+12	4.216389e+09	1.191352e-03	1.162389e+02	2.259736e-02	1.839745e+01	2.847601e+01	0.000000e+00	0.000000e+00	0.000000e+00	2.502277e-02	-1.619805e-08	5.048021e-03	3.283698e+03	4.430462e-02	3.024249e+04	
1.030000e+01	1.197165e+12	4.214701e+09	1.197165e-03	1.162389e+02	2.268214e-02	1.839745e+01	2.811283e+01	0.000000e+00	0.000000e+00	0.000000e+00	2.409303e-02	-1.672804e-08	4.888380e-03	3.631417e+03	4.918109e-02	3.309177e+04	
1.035000e+01	1.202977e+12	4.213059e+09	1.202977e-03	1.162389e+02	2.276731e-02	1.839745e+01	2.775746e+01	0.000000e+00	0.000000e+00	0.000000e+00	2.318476e-02	-1.723763e-08	4.732442e-03	3.976150e+03	5.401521e-02	3.591747e+04	
1.040000e+01	1.208790e+12	4.211463e+09	1.208790e-03	1.162389e+02	2.285289e-02	1.839745e+01	2.740971e+01	0.000000e+00	0.000000e+00	0.000000e+00	2.229806e-02	-1.772760e-08	4.580233e-03	4.317944e+03	5.880767e-02	3.871996e+04	
1.045000e+01	1.214602e+12	4.209880e+09	1.214602e-03	1.162389e+02	2.293889e-02	1.839745e+01	2.706856e+01	0.000000e+00	0.000000e+00	0.000000e+00	2.143316e-02	-1.819864e-08	4.431789e-03	4.656848e+03	6.355916e-02	4.149961e+04	
1.050000e+01	1.220415e+12	4.208270e+09	1.220415e-03	1.162389e+02	2.302530e-02	1.839745e+01	2.673145e+01	0.000000e+00	0.000000e+00	0.000000e+00	2.058954e-02	-1.865135e-08	4.287010e-03	4.992908e+03	6.827033e-02	4.425678e+04	
1.055000e+01	1.226227e+12	4.206713e+09	1.226227e-03	1.162389e+02	2.311212e-02	1.839745e+01	2.640317e+01	0.000000e+00	0.000000e+00	0.000000e+00	1.976687e-02	-1.908656e-08	4.145802e-03	5.326168e+03	7.294182e-02	4.699180e+04	
1.060000e+01	1.232039e+12	4.205168e+09	1.232039e-03	1.162389e+02	2.319937e-02	1.839745e+01	2.608098e+01	0.000000e+00	0.000000e+00	0.000000e+00	1.896620e-02	-1.950442e-08	4.008412e-03	5.656672e+03	7.757427e-02	4.970502e+04	
1.065000e+01	1.237852e+12	4.203635e+09	1.237852e-03	1.162389e+02	2.328707e-02	1.839745e+01	2.576473e+01	0.000000e+00	0.000000e+00	0.000000e+00	1.818710e-02	-1.990574e-08	3.874733e-03	5.984465e+03	8.216829e-02	5.239677e+04	
1.070000e+01	1.243664e+12	4.202114e+09	1.243664e-03	1.162389e+02	2.337520e-02	1.839745e+01	2.545428e+01	0.000000e+00	0.000000e+00	0.000000e+00	1.742962e-02	-2.029108e-08	3.744770e-03	6.309587e+03	8.672447e-02	5.506737e+04	
1.075000e+01	1.249476e+12	4.200567e+09	1.249476e-03	1.162389e+02	2.346378e-02	1.839745e+01	2.514837e+01	0.000000e+00	0.000000e+00	0.000000e+00	1.669373e-02	-2.066097e-08	3.618518e-03	6.632079e+03	9.124341e-02	5.771714e+04	
1.080000e+01	1.255289e+12	4.199070e+09	1.255289e-03	1.162389e+02	2.355278e-02	1.839745e+01	2.484911e+01	0.000000e+00	0.000000e+00	0.000000e+00	1.597865e-02	-2.101590e-08	3.495826e-03	6.951982e+03	9.572568e-02	6.034638e+04	
1.085000e+01	1.261101e+12	4.197584e+09	1.261101e-03	1.162389e+02	2.364227e-02	1.839745e+01	2.455523e+01	0.000000e+00	0.000000e+00	0.000000e+00	1.528576e-02	-2.135642e-08	3.376963e-03	7.269335e+03	1.001718e-01	6.295540e+04	
1.090000e+01	1.266913e+12	4.196111e+09	1.266913e-03	1.162389e+02	2.373220e-02	1.839745e+01	2.426659e+01	0.000000e+00	0.000000e+00	0.000000e+00	1.461422e-02	-2.168296e-08	3.261769e-03	7.584175e+03	1.045824e-01	6.554449e+04	
1.095000e+01	1.272726e+12	4.194742e+09	1.272726e-03	1.162389e+02	2.382260e-02	1.839745e+01	2.400741e+01	0.000000e+00	0.000000e+00	0.000000e+00	1.396389e-02	-2.199600e-08	3.150216e-03	7.896541e+03	1.089579e-01	6.811393e+04	
1.100000e+01	1.278538e+12	4.193288e+09	1.278538e-03	1.162389e+02	2.391347e-02	1.839745e+01	2.372260e+01	0.000000e+00	0.000000e+00	0.000000e+00	1.333495e-02	-2.228822e-08	3.042538e-03	8.206469e+03	1.132990e-01	7.066401e+04	
1.105000e+01	1.284350e+12	4.191876e+09	1.284350e-03	1.162389e+02	2.400479e-02	1.839745e+01	2.344601e+01	0.000000e+00	0.000000e+00	0.000000e+00	1.272681e-02	-2.257898e-08	2.938182e-03	8.513994e+03	1.176060e-01	7.319501e+04	
1.110000e+01	1.290162e+12	4.190506e+09	1.290162e-03	1.162389e+02	2.409658e-02	1.839745e+01	2.317616e+01	0.000000e+00	0.000000e+00	0.000000e+00	1.213956e-02	-2.285570e-08	2.837445e-03	8.819151e+03	1.218795e-01	7.570720e+04	
1.115000e+01	1.295974e+12	4.189148e+09	1.295974e-03	1.162389e+02	2.418885e-02	1.839745e+01	2.291165e+01	0.000000e+00	0.000000e+00	0.000000e+00	1.157325e-02	-2.311975e-08	2.740329e-03	9.121975e+03	1.261200e-01	7.820083e+04	
1.120000e+01	1.301787e+12	4.187801e+09	1.301787e-03	1.162389e+02	2.428157e-02	1.839745e+01	2.265214e+01	0.000000e+00	0.000000e+00	0.000000e+00	1.102701e-02	-2.337197e-08	2.646663e-03	9.422499e+03	1.303280e-01	8.067617e+04	
1.125000e+01	1.307599e+12	4.186465e+09	1.307599e-03	1.162389e+02	2.437473e-02	1.839745e+01	2.239736e+01	0.000000e+00	0.000000e+00	0.000000e+00	1.050054e-02	-2.361304e-08	2.556390e-03	9.720755e+03	1.345038e-01	8.313348e+04	
1.130000e+01	1.313411e+12	4.185221e+09	1.313411e-03	1.162389e+02	2.446835e-02	1.839745e+01	2.215338e+01	0.000000e+00	0.000000e+00	0.000000e+00	9.993511e-03	-2.384335e-08	2.469455e-03	1.001678e+04	1.386481e-01	8.557298e+04	
1.135000e+01	1.319223e+12	4.183884e+09	1.319223e-03	1.162389e+02	2.456244e-02	1.839745e+01	2.190507e+01	0.000000e+00	0.000000e+00	0.000000e+00	9.506427e-03	-2.406242e-08	2.386019e-03	1.031059e+04	1.427612e-01	8.799494e+04	
1.140000e+01	1.325035e+12	4.182593e+09	1.325035e-03	1.162389e+02	2.465693e-02	1.839745e+01	2.166767e+01	0.000000e+00	0.000000e+00	0.000000e+00	9.036876e-03	-2.427415e-08	2.305497e-03	1.060224e+04	1.468435e-01	9.039959e+04	
1.145000e+01	1.330847e+12	4.181284e+09	1.330847e-03	1.162389e+02	2.475185e-02	1.839745e+01	2.143494e+01	0.000000e+00	0.000000e+00	0.000000e+00	8.585614e-03	-2.447258e-08	2.228174e-03	1.089174e+04	1.508955e-01	9.278716e+04	
1.150000e+01	1.336659e+12	5.095355e+09	1.336659e-03	1.162389e+02	2.484719e-02	1.839745e+01	3.612548e+01	0.000000e+00	0.000000e+00	0.000000e+00	8.152053e-03	-2.466166e-08	2.153885e-03	1.117912e+04	1.549177e-01	9.515787e+04	
1.155000e+01	1.342472e+12	5.704008e+09	1.342472e-03	1.162389e+02	2.557564e-02	1.839745e+01	4.576749e+01	0.000000e+00	0.000000e+00	0.000000e+00	2.859664e-02	-1.328286e-10	5.716238e-03	1.171725e+04	1.608461e-01	9.877490e+04	
1.160000e+01	1.348286e+12	6.311862e+09	1.348286e-03	1.162389e+02	2.609295e-02	1.839745e+01	5.528735e+01	0.000000e+00	0.000000e+00	0.000000e+00	4.140975e-02	1.537187e-08	7.949436e-03	1.241764e+04	1.680709e-01	1.032186e+05	
1.165000e+01	1.354100e+12	6.308356e+09	1.354100e-03	1.162389e+02	2.660954e-02	1.839745e+01	5.427535e+01	0.000000e+00	0.000000e+00	0.000000e+00	5.370292e-02	3.035936e-08	1.009175e-02	1.327838e+04	1.765869e-01	1.084902e+05	
1.170000e+01	1.359915e+12	6.652001e+09	1.359915e-03	1.162389e+02	2.671329e-02	1.839745e+01	6.078326e+01	0.000000e+00	0.000000e+00	0.000000e+00	5.339426e-02	2.738661e-08	1.003232e-02	1.412590e+04	1.849859e-01	1.136887e+05	
1.175000e+01	1.365730e+12	7.205363e+09	1.365730e-03	1.162389e+02	2.702385e-02	1.839745e+01	7.437450e+01	0.000000e+00	0.000000e+00	0.000000e+00	5.917850e-02	5.116244e-08	1.105259e-02	1.512937e+04	1.948393e-01	1.196440e+05	
1.180000e+01	1.371545e+12	7.200404e+09	1.371545e-03	1.162389e+02	2.742260e-02	1.839745e+01	7.268929e+01	0.000000e+00	0.000000e+00	0.000000e+00	6.729845e-02	7.940574e-08	1.255081e-02	1.626820e+04	2.059435e-01	1.265139e+05	
1.185000e+01	1.377361e+12	7.543051e+09	1.377361e-03	1.162389e+02	2.753260e-02	1.839745e+01	7.910509e+01	0.000000e+00	0.000000e+00	0.000000e+00	6.713114e-02	7.361978e-08	1.250815e-02	1.738610e+04	2.168581e-01	1.332652e+05	
1.190000e+01	1.383177e+12	7.537774e+09	1.383177e-03	1.162389e+02	2.783975e-02	1.839745e+01	7.730389e+01	0.000000e+00	0.000000e+00	0.000000e+00	7.249648e-02	9.904754e-08	1.345364e-02	1.867380e+04	2.292150e-01	1.408024e+05	
1.195000e+01	1.388993e+12	7.532645e+09	1.388993e-03	1.162389e+02	2.795127e-02	1.839745e+01	7.558886e+01	0.000000e+00	0.000000e+00	0.000000e+00	7.235417e-02	9.215951e-08	1.341461e-02	1.993696e+04	2.413518e-01	1.482053e+05	
1.200000e+01	1.394809e+12	7.527599e+09	1.394809e-03	1.162389e+02	2.806193e-02	1.839745e+01	7.394006e+01	0.000000e+00	0.000000e+00	0.000000e+00	7.218879e-02	8.572083e-08	1.337259e-02	2.117659e+04	2.532776e-01	1.554793e+05	
1.205000e+01	1.400624e+12	5.385951e+09	1.400624e-03	1.162389e+02	2.817172e-02	1.839745e+01	6.090010e+01	0.000000e+00	0.000000e+00	0.000000e+00	7.199962e-02	7.969117e-08	1.332729e-02	2.239366e+04	2.650009e-01	1.626297e+05	
1.210000e+01	1.406439e+12	5.381772e+09	1.406439e-03	1.162389e+02	2.815714e-02	1.839745e+01	5.950452e+01	0.000000e+00	0.000000e+00	0.000000e+00	6.834441e-02	8.870150e-08	1.270971e-02	2.338418e+04	2.735657e-01	1.681734e+05	
1.215000e+01	1.412254e+12	5.377693e+09	1.412254e-03	1.162389e+02	2.827187e-02	1.839745e+01	5.817061e+01	0.000000e+00	0.000000e+00	0.000000e+00	6.830741e-02	8.345791e-08	1.269187e-02	2.435536e+04	2.819647e-01	1.736136e+05	
1.220000e+01	1.418069e+12	5.373766e+09	1.418069e-03	1.162389e+02	2.838531e-02	1.839745e+01	5.689423e+01	0.000000e+00	0.000000e+00	0.000000e+00	6.823467e-02	7.853771e-08	1.266859e-02	2.530798e+04	2.902046e-01	1.789544e+05	
1.225000e+01	1.423883e+12	5.717015e+09	1.423883e-03	1.162389e+02	2.849750e-02	1.839745e+01	6.320726e+01	0.000000e+00	0.000000e+00	0.000000e+00	6.812781e-02	7.391096e-08	1.264013e-02	2.624275e+04	2.982915e-01	1.841996e+05	
1.230000e+01	1.429698e+12	5.712724e+09	1.429698e-03	1.162389e+02	2.880937e-02	1.839745e+01	6.180147e+01	0.000000e+00	0.000000e+00	0.000000e+00	7.343008e-02	9.783799e-08	1.357522e-02	2.734932e+04	3.076943e-01	1.902307e+05	
1.235000e+01	1.435513e+12	5.708544e+09	1.435513e-03	1.162389e+02	2.892185e-02	1.839745e+01	6.045355e+01	0.000000e+00	0.000000e+00	0.000000e+00	7.331301e-02	9.202593e-08	1.354423e-02	2.843423e+04	3.169158e-01	1.961495e+05	
1.240000e+01	1.441328e+12	6.008835e+09	1.441328e-03	1.162389e+02	2.903296e-02	1.839745e+01	6.382202e+01	0.000000e+00	0.000000e+00	0.000000e+00	7.315956e-02	8.656963e-08	1.350766e-02	2.949836e+04	3.259633e-01	2.019604e+05	
1.245000e+01	1.447143e+12	6.292003e+09	1.447143e-03	1.162389e+02	2.935183e-02	1.839745e+01	7.484827e+01	0.000000e+00	0.000000e+00	0.000000e+00	7.851299e-02	8.821681e-08	1.443153e-02	3.062511e+04	3.354169e-01	2.080993e+05	
