# bin_edge_left	bin_edge_right	dN/d[fe/H]	dN/d[sr/H]	dN/d[o/H]	dN/d[sr/fe]	dN/d[o/fe]	dN/d[o/sr]	
-3.000000e+00	-2.950000e+00	0.000000e+00	0.000000e+00	0.000000e+00	3.108190e-06	3.108190e-06	3.108190e-06	
-2.950000e+00	-2.900000e+00	0.000000e+00	0.000000e+00	0.000000e+00	0.000000e+00	0.000000e+00	0.000000e+00	
-2.900000e+00	-2.850000e+00	0.000000e+00	0.000000e+00	0.000000e+00	0.000000e+00	0.000000e+00	0.000000e+00	
-2.850000e+00	-2.800000e+00	0.000000e+00	0.000000e+00	0.000000e+00	0.000000e+00	0.000000e+00	0.000000e+00	
-2.800000e+00	-2.750000e+00	0.000000e+00	0.000000e+00	0.000000e+00	0.000000e+00	0.000000e+00	0.000000e+00	
-2.750000e+00	-2.700000e+00	0.000000e+00	9.932483e-05	0.000000e+00	0.000000e+00	0.000000e+00	0.000000e+00	
-2.700000e+00	-2.650000e+00	0.000000e+00	0.000000e+00	0.000000e+00	0.000000e+00	0.000000e+00	0.000000e+00	
-2.650000e+00	-2.600000e+00	9.932483e-05	0.000000e+00	0.000000e+00	0.000000e+00	0.000000e+00	0.000000e+00	
-2.600000e+00	-2.550000e+00	0.000000e+00	0.000000e+00	0.000000e+00	0.000000e+00	0.000000e+00	0.000000e+00	
-2.550000e+00	-2.500000e+00	0.000000e+00	0.000000e+00	0.000000e+00	0.000000e+00	0.000000e+00	0.000000e+00	
-2.500000e+00	-2.450000e+00	0.000000e+00	0.000000e+00	0.000000e+00	0.000000e+00	0.000000e+00	0.000000e+00	
-2.450000e+00	-2.400000e+00	0.000000e+00	0.000000e+00	0.000000e+00	0.000000e+00	0.000000e+00	0.000000e+00	
-2.400000e+00	-2.350000e+00	0.000000e+00	0.000000e+00	0.000000e+00	0.000000e+00	0.000000e+00	0.000000e+00	
-2.350000e+00	-2.300000e+00	0.000000e+00	0.000000e+00	0.000000e+00	0.000000e+00	0.000000e+00	0.000000e+00	
-2.300000e+00	-2.250000e+00	0.000000e+00	0.000000e+00	0.000000e+00	0.000000e+00	0.000000e+00	0.000000e+00	
-2.250000e+00	-2.200000e+00	0.000000e+00	0.000000e+00	0.000000e+00	0.000000e+00	0.000000e+00	0.000000e+00	
-2.200000e+00	-2.150000e+00	0.000000e+00	0.000000e+00	9.932483e-05	0.000000e+00	0.000000e+00	0.000000e+00	
-2.150000e+00	-2.100000e+00	0.000000e+00	0.000000e+00	0.000000e+00	0.000000e+00	0.000000e+00	0.000000e+00	
-2.100000e+00	-2.050000e+00	0.000000e+00	0.000000e+00	0.000000e+00	0.000000e+00	0.000000e+00	0.000000e+00	
-2.050000e+00	-2.000000e+00	0.000000e+00	0.000000e+00	0.000000e+00	0.000000e+00	0.000000e+00	0.000000e+00	
-2.000000e+00	-1.950000e+00	0.000000e+00	0.000000e+00	0.000000e+00	0.000000e+00	0.000000e+00	0.000000e+00	
-1.950000e+00	-1.900000e+00	0.000000e+00	8.407080e-04	0.000000e+00	0.000000e+00	0.000000e+00	0.000000e+00	
-1.900000e+00	-1.850000e+00	0.000000e+00	0.000000e+00	0.000000e+00	0.000000e+00	0.000000e+00	0.000000e+00	
-1.850000e+00	-1.800000e+00	8.407080e-04	0.000000e+00	0.000000e+00	0.000000e+00	0.000000e+00	0.000000e+00	
-1.800000e+00	-1.750000e+00	0.000000e+00	0.000000e+00	0.000000e+00	0.000000e+00	0.000000e+00	0.000000e+00	
-1.750000e+00	-1.700000e+00	0.000000e+00	1.242934e-03	0.000000e+00	0.000000e+00	0.000000e+00	0.000000e+00	
-1.700000e+00	-1.650000e+00	0.000000e+00	0.000000e+00	0.000000e+00	0.000000e+00	0.000000e+00	0.000000e+00	
-1.650000e+00	-1.600000e+00	1.242934e-03	2.312048e-03	0.000000e+00	0.000000e+00	0.000000e+00	0.000000e+00	
-1.600000e+00	-1.550000e+00	0.000000e+00	0.000000e+00	0.000000e+00	0.000000e+00	0.000000e+00	0.000000e+00	
-1.550000e+00	-1.500000e+00	2.312048e-03	1.999881e-03	0.000000e+00	0.000000e+00	0.000000e+00	0.000000e+00	
-1.500000e+00	-1.450000e+00	0.000000e+00	2.158594e-03	0.000000e+00	0.000000e+00	0.000000e+00	0.000000e+00	
-1.450000e+00	-1.400000e+00	1.999881e-03	1.202254e-03	0.000000e+00	0.000000e+00	0.000000e+00	0.000000e+00	
-1.400000e+00	-1.350000e+00	2.158594e-03	3.862346e-03	8.407080e-04	0.000000e+00	0.000000e+00	0.000000e+00	
-1.350000e+00	-1.300000e+00	1.202254e-03	3.048279e-03	0.000000e+00	0.000000e+00	0.000000e+00	0.000000e+00	
-1.300000e+00	-1.250000e+00	3.862346e-03	1.209590e-02	0.000000e+00	0.000000e+00	0.000000e+00	0.000000e+00	
-1.250000e+00	-1.200000e+00	3.048279e-03	8.270287e-03	0.000000e+00	0.000000e+00	0.000000e+00	0.000000e+00	
-1.200000e+00	-1.150000e+00	5.928850e-03	1.159008e-02	1.242934e-03	0.000000e+00	0.000000e+00	0.000000e+00	
-1.150000e+00	-1.100000e+00	7.754590e-03	1.494535e-02	0.000000e+00	0.000000e+00	0.000000e+00	0.000000e+00	
-1.100000e+00	-1.050000e+00	1.060447e-02	1.897251e-02	2.312048e-03	0.000000e+00	0.000000e+00	0.000000e+00	
-1.050000e+00	-1.000000e+00	7.668356e-03	1.771035e-02	0.000000e+00	0.000000e+00	0.000000e+00	0.000000e+00	
-1.000000e+00	-9.500000e-01	1.494535e-02	4.239076e-02	1.999881e-03	0.000000e+00	0.000000e+00	0.000000e+00	
-9.500000e-01	-9.000000e-01	1.465646e-02	7.953463e-02	2.158594e-03	0.000000e+00	0.000000e+00	0.000000e+00	
-9.000000e-01	-8.500000e-01	3.005399e-02	7.202185e-02	1.202254e-03	0.000000e+00	0.000000e+00	0.000000e+00	
-8.500000e-01	-8.000000e-01	1.942732e-02	7.281683e-02	3.862346e-03	0.000000e+00	0.000000e+00	0.000000e+00	
-8.000000e-01	-7.500000e-01	2.947213e-02	2.913286e-01	3.048279e-03	0.000000e+00	0.000000e+00	0.000000e+00	
-7.500000e-01	-7.000000e-01	4.382953e-02	4.064539e-01	1.209590e-02	0.000000e+00	0.000000e+00	0.000000e+00	
-7.000000e-01	-6.500000e-01	6.230004e-02	8.189393e-01	8.270287e-03	0.000000e+00	0.000000e+00	0.000000e+00	
-6.500000e-01	-6.000000e-01	8.282506e-02	7.885620e-01	1.159008e-02	0.000000e+00	0.000000e+00	0.000000e+00	
-6.000000e-01	-5.500000e-01	5.921019e-02	5.483330e-01	1.494535e-02	0.000000e+00	0.000000e+00	0.000000e+00	
-5.500000e-01	-5.000000e-01	2.684681e-01	4.296588e-01	1.897251e-02	0.000000e+00	0.000000e+00	0.000000e+00	
-5.000000e-01	-4.500000e-01	4.199054e-01	2.249379e-01	2.351914e-02	0.000000e+00	0.000000e+00	0.000000e+00	
-4.500000e-01	-4.000000e-01	1.124261e+00	3.001040e-01	6.677855e-02	0.000000e+00	0.000000e+00	0.000000e+00	
-4.000000e-01	-3.500000e-01	7.622608e-01	4.871614e-01	5.844674e-02	0.000000e+00	0.000000e+00	0.000000e+00	
-3.500000e-01	-3.000000e-01	4.551752e-01	2.466601e+00	3.124942e-01	0.000000e+00	0.000000e+00	0.000000e+00	
-3.000000e-01	-2.500000e-01	5.335913e-01	5.556794e-01	4.716821e-01	7.955707e-01	0.000000e+00	0.000000e+00	
-2.500000e-01	-2.000000e-01	1.423648e+00	6.071282e-01	7.081596e-01	2.974271e+00	0.000000e+00	0.000000e+00	
-2.000000e-01	-1.500000e-01	1.660103e+00	2.694753e-01	9.259976e-01	1.743927e+00	0.000000e+00	0.000000e+00	
-1.500000e-01	-1.000000e-01	9.722052e-01	4.390739e-01	4.895554e-01	2.548330e+00	0.000000e+00	0.000000e+00	
-1.000000e-01	-5.000000e-02	1.159168e+00	1.202556e+00	2.634248e+00	1.244804e+00	0.000000e+00	0.000000e+00	
-5.000000e-02	0.000000e+00	1.026552e+00	2.779104e-01	1.086708e+00	1.837049e+00	0.000000e+00	3.327876e+00	
0.000000e+00	5.000000e-02	5.925484e-01	4.379512e-01	2.014553e+00	2.462641e+00	1.262457e+00	3.733110e+00	
5.000000e-02	1.000000e-01	9.368839e-01	6.091211e-01	6.810118e-01	6.325670e+00	6.275625e+00	1.101001e+00	
1.000000e-01	1.500000e-01	8.315465e-01	6.184865e-01	5.853883e-01	6.773485e-02	4.283439e+00	1.832471e+00	
1.500000e-01	2.000000e-01	9.555468e-01	4.850612e-01	9.900942e-01	0.000000e+00	4.697691e+00	8.377573e-01	
2.000000e-01	2.500000e-01	1.125710e+00	5.440477e-01	1.023804e+00	0.000000e+00	2.086355e+00	1.056322e+00	
2.500000e-01	3.000000e-01	2.417515e+00	9.895327e-01	1.247643e+00	0.000000e+00	8.513695e-01	2.627981e+00	
3.000000e-01	3.500000e-01	1.582946e+00	1.837908e+00	1.976242e+00	0.000000e+00	3.449334e-01	8.740135e-01	
3.500000e-01	4.000000e-01	1.346523e+00	1.143404e+00	2.763189e+00	0.000000e+00	1.232477e-01	7.325616e-01	
4.000000e-01	4.500000e-01	0.000000e+00	2.835391e+00	1.857845e+00	0.000000e+00	6.838439e-02	1.396930e+00	
4.500000e-01	5.000000e-01	0.000000e+00	1.807780e-02	0.000000e+00	0.000000e+00	6.494895e-03	1.207976e+00	
5.000000e-01	5.500000e-01	0.000000e+00	0.000000e+00	0.000000e+00	0.000000e+00	0.000000e+00	1.254753e+00	
5.500000e-01	6.000000e-01	0.000000e+00	0.000000e+00	0.000000e+00	0.000000e+00	0.000000e+00	1.724513e-02	
6.000000e-01	6.500000e-01	0.000000e+00	0.000000e+00	0.000000e+00	0.000000e+00	0.000000e+00	0.000000e+00	
6.500000e-01	7.000000e-01	0.000000e+00	0.000000e+00	0.000000e+00	0.000000e+00	0.000000e+00	0.000000e+00	
7.000000e-01	7.500000e-01	0.000000e+00	0.000000e+00	0.000000e+00	0.000000e+00	0.000000e+00	0.000000e+00	
7.500000e-01	8.000000e-01	0.000000e+00	0.000000e+00	0.000000e+00	0.000000e+00	0.000000e+00	0.000000e+00	
8.000000e-01	8.500000e-01	0.000000e+00	0.000000e+00	0.000000e+00	0.000000e+00	0.000000e+00	0.000000e+00	
8.500000e-01	9.000000e-01	0.000000e+00	0.000000e+00	0.000000e+00	0.000000e+00	0.000000e+00	0.000000e+00	
9.000000e-01	9.500000e-01	0.000000e+00	0.000000e+00	0.000000e+00	0.000000e+00	0.000000e+00	0.000000e+00	
9.500000e-01	1.000000e+00	0.000000e+00	0.000000e+00	0.000000e+00	0.000000e+00	0.000000e+00	0.000000e+00	
