# bin_edge_left	bin_edge_right	dN/d[fe/H]	dN/d[sr/H]	dN/d[o/H]	dN/d[sr/fe]	dN/d[o/fe]	dN/d[o/sr]	
-3.000000e+00	-2.950000e+00	0.000000e+00	0.000000e+00	0.000000e+00	7.110094e-06	7.110094e-06	7.110094e-06	
-2.950000e+00	-2.900000e+00	0.000000e+00	0.000000e+00	0.000000e+00	0.000000e+00	0.000000e+00	0.000000e+00	
-2.900000e+00	-2.850000e+00	0.000000e+00	0.000000e+00	0.000000e+00	0.000000e+00	0.000000e+00	0.000000e+00	
-2.850000e+00	-2.800000e+00	0.000000e+00	0.000000e+00	0.000000e+00	0.000000e+00	0.000000e+00	0.000000e+00	
-2.800000e+00	-2.750000e+00	0.000000e+00	0.000000e+00	0.000000e+00	0.000000e+00	0.000000e+00	0.000000e+00	
-2.750000e+00	-2.700000e+00	0.000000e+00	1.800913e-04	0.000000e+00	0.000000e+00	0.000000e+00	0.000000e+00	
-2.700000e+00	-2.650000e+00	0.000000e+00	0.000000e+00	0.000000e+00	0.000000e+00	0.000000e+00	0.000000e+00	
-2.650000e+00	-2.600000e+00	1.800913e-04	0.000000e+00	0.000000e+00	0.000000e+00	0.000000e+00	0.000000e+00	
-2.600000e+00	-2.550000e+00	0.000000e+00	0.000000e+00	0.000000e+00	0.000000e+00	0.000000e+00	0.000000e+00	
-2.550000e+00	-2.500000e+00	0.000000e+00	0.000000e+00	0.000000e+00	0.000000e+00	0.000000e+00	0.000000e+00	
-2.500000e+00	-2.450000e+00	0.000000e+00	0.000000e+00	0.000000e+00	0.000000e+00	0.000000e+00	0.000000e+00	
-2.450000e+00	-2.400000e+00	0.000000e+00	0.000000e+00	0.000000e+00	0.000000e+00	0.000000e+00	0.000000e+00	
-2.400000e+00	-2.350000e+00	0.000000e+00	0.000000e+00	0.000000e+00	0.000000e+00	0.000000e+00	0.000000e+00	
-2.350000e+00	-2.300000e+00	0.000000e+00	0.000000e+00	0.000000e+00	0.000000e+00	0.000000e+00	0.000000e+00	
-2.300000e+00	-2.250000e+00	0.000000e+00	0.000000e+00	0.000000e+00	0.000000e+00	0.000000e+00	0.000000e+00	
-2.250000e+00	-2.200000e+00	0.000000e+00	0.000000e+00	0.000000e+00	0.000000e+00	0.000000e+00	0.000000e+00	
-2.200000e+00	-2.150000e+00	0.000000e+00	0.000000e+00	1.800913e-04	0.000000e+00	0.000000e+00	0.000000e+00	
-2.150000e+00	-2.100000e+00	0.000000e+00	0.000000e+00	0.000000e+00	0.000000e+00	0.000000e+00	0.000000e+00	
-2.100000e+00	-2.050000e+00	0.000000e+00	0.000000e+00	0.000000e+00	0.000000e+00	0.000000e+00	0.000000e+00	
-2.050000e+00	-2.000000e+00	0.000000e+00	0.000000e+00	0.000000e+00	0.000000e+00	0.000000e+00	0.000000e+00	
-2.000000e+00	-1.950000e+00	0.000000e+00	0.000000e+00	0.000000e+00	0.000000e+00	0.000000e+00	0.000000e+00	
-1.950000e+00	-1.900000e+00	0.000000e+00	2.157037e-03	0.000000e+00	0.000000e+00	0.000000e+00	0.000000e+00	
-1.900000e+00	-1.850000e+00	0.000000e+00	0.000000e+00	0.000000e+00	0.000000e+00	0.000000e+00	0.000000e+00	
-1.850000e+00	-1.800000e+00	2.157037e-03	0.000000e+00	0.000000e+00	0.000000e+00	0.000000e+00	0.000000e+00	
-1.800000e+00	-1.750000e+00	0.000000e+00	0.000000e+00	0.000000e+00	0.000000e+00	0.000000e+00	0.000000e+00	
-1.750000e+00	-1.700000e+00	0.000000e+00	3.183911e-03	0.000000e+00	0.000000e+00	0.000000e+00	0.000000e+00	
-1.700000e+00	-1.650000e+00	0.000000e+00	0.000000e+00	0.000000e+00	0.000000e+00	0.000000e+00	0.000000e+00	
-1.650000e+00	-1.600000e+00	3.183911e-03	4.160114e-03	0.000000e+00	0.000000e+00	0.000000e+00	0.000000e+00	
-1.600000e+00	-1.550000e+00	0.000000e+00	0.000000e+00	0.000000e+00	0.000000e+00	0.000000e+00	0.000000e+00	
-1.550000e+00	-1.500000e+00	4.160114e-03	5.101697e-03	0.000000e+00	0.000000e+00	0.000000e+00	0.000000e+00	
-1.500000e+00	-1.450000e+00	0.000000e+00	5.319134e-03	0.000000e+00	0.000000e+00	0.000000e+00	0.000000e+00	
-1.450000e+00	-1.400000e+00	5.101697e-03	6.910172e-04	0.000000e+00	0.000000e+00	0.000000e+00	0.000000e+00	
-1.400000e+00	-1.350000e+00	5.319134e-03	6.886892e-03	2.157037e-03	0.000000e+00	0.000000e+00	0.000000e+00	
-1.350000e+00	-1.300000e+00	6.910172e-04	1.589805e-02	0.000000e+00	0.000000e+00	0.000000e+00	0.000000e+00	
-1.300000e+00	-1.250000e+00	6.886892e-03	1.564444e-02	0.000000e+00	0.000000e+00	0.000000e+00	0.000000e+00	
-1.250000e+00	-1.200000e+00	1.589805e-02	2.601350e-02	0.000000e+00	0.000000e+00	0.000000e+00	0.000000e+00	
-1.200000e+00	-1.150000e+00	1.564444e-02	2.099800e-02	3.183911e-03	0.000000e+00	0.000000e+00	0.000000e+00	
-1.150000e+00	-1.100000e+00	1.120682e-02	7.722237e-02	0.000000e+00	0.000000e+00	0.000000e+00	0.000000e+00	
-1.100000e+00	-1.050000e+00	3.580469e-02	2.370587e-01	4.160114e-03	0.000000e+00	0.000000e+00	0.000000e+00	
-1.050000e+00	-1.000000e+00	1.881745e-02	6.842757e-02	0.000000e+00	0.000000e+00	0.000000e+00	0.000000e+00	
-1.000000e+00	-9.500000e-01	3.770215e-02	2.018398e-01	5.101697e-03	0.000000e+00	0.000000e+00	0.000000e+00	
-9.500000e-01	-9.000000e-01	5.374136e-02	1.846058e-01	5.319134e-03	0.000000e+00	0.000000e+00	0.000000e+00	
-9.000000e-01	-8.500000e-01	7.266401e-02	3.467042e-01	6.910172e-04	0.000000e+00	0.000000e+00	0.000000e+00	
-8.500000e-01	-8.000000e-01	2.150980e-01	3.933208e-01	6.886892e-03	0.000000e+00	0.000000e+00	0.000000e+00	
-8.000000e-01	-7.500000e-01	2.561195e-01	1.709699e-01	1.589805e-02	0.000000e+00	0.000000e+00	0.000000e+00	
-7.500000e-01	-7.000000e-01	1.489211e-01	1.955948e-01	1.564444e-02	0.000000e+00	0.000000e+00	0.000000e+00	
-7.000000e-01	-6.500000e-01	3.767200e-01	4.080460e-01	2.601350e-02	0.000000e+00	0.000000e+00	0.000000e+00	
-6.500000e-01	-6.000000e-01	4.101711e-01	1.570741e+00	2.099800e-02	0.000000e+00	0.000000e+00	0.000000e+00	
-6.000000e-01	-5.500000e-01	2.881774e-01	6.954395e-01	2.857507e-01	0.000000e+00	0.000000e+00	0.000000e+00	
-5.500000e-01	-5.000000e-01	3.154153e-01	4.314817e-01	1.374919e-01	0.000000e+00	0.000000e+00	0.000000e+00	
-5.000000e-01	-4.500000e-01	8.317616e-01	5.057522e-01	7.089426e-02	0.000000e+00	0.000000e+00	0.000000e+00	
-4.500000e-01	-4.000000e-01	1.466838e+00	5.834126e-01	5.094789e-01	0.000000e+00	0.000000e+00	0.000000e+00	
-4.000000e-01	-3.500000e-01	7.963175e-01	3.775304e-01	2.177604e-01	0.000000e+00	0.000000e+00	0.000000e+00	
-3.500000e-01	-3.000000e-01	7.056156e-01	3.929995e-01	2.124611e-01	0.000000e+00	0.000000e+00	0.000000e+00	
-3.000000e-01	-2.500000e-01	5.529107e-01	6.562038e-02	1.014693e+00	4.658761e-01	0.000000e+00	0.000000e+00	
-2.500000e-01	-2.000000e-01	2.644612e-01	2.056539e-01	2.152465e-01	5.862462e-01	0.000000e+00	0.000000e+00	
-2.000000e-01	-1.500000e-01	2.068458e-01	3.195404e-01	1.133247e+00	1.960747e+00	0.000000e+00	0.000000e+00	
-1.500000e-01	-1.000000e-01	5.463997e-01	4.471672e-01	5.528222e-01	3.424563e+00	0.000000e+00	1.476325e-02	
-1.000000e-01	-5.000000e-02	4.240250e-01	5.294730e-01	1.158328e+00	1.078264e+00	0.000000e+00	2.392891e+00	
-5.000000e-02	0.000000e+00	7.312560e-01	4.801930e-01	9.717914e-01	2.265228e+00	0.000000e+00	2.387838e+00	
0.000000e+00	5.000000e-02	9.301042e-01	6.637867e-01	6.609187e-01	2.823037e+00	8.280307e-01	3.539426e+00	
5.000000e-02	1.000000e-01	3.922746e-01	4.245520e-01	2.455374e-01	3.329010e+00	8.633390e+00	1.396391e+00	
1.000000e-01	1.500000e-01	6.510423e-01	5.138880e-01	1.194192e+00	4.052259e+00	1.339351e+00	1.218031e+00	
1.500000e-01	2.000000e-01	6.233188e-01	4.560211e-01	8.877670e-01	1.476325e-02	2.201614e+00	5.159325e-01	
2.000000e-01	2.500000e-01	8.315239e-01	4.637023e-01	8.897144e-01	0.000000e+00	1.673552e+00	7.737946e-01	
2.500000e-01	3.000000e-01	2.555381e+00	8.655997e-01	1.106856e+00	0.000000e+00	2.100036e+00	5.386139e-01	
3.000000e-01	3.500000e-01	1.272688e+00	1.037282e+00	1.130566e+00	0.000000e+00	1.405719e+00	6.354711e-01	
3.500000e-01	4.000000e-01	3.885558e+00	1.667515e+00	2.237512e+00	0.000000e+00	1.084715e+00	1.825261e+00	
4.000000e-01	4.500000e-01	1.713255e-02	9.680778e-01	4.142325e+00	0.000000e+00	7.127923e-01	1.432646e+00	
4.500000e-01	5.000000e-01	1.476329e-02	2.536981e+00	9.036498e-01	0.000000e+00	2.079295e-02	1.628229e+00	
5.000000e-01	5.500000e-01	0.000000e+00	1.382455e+00	1.476329e-02	0.000000e+00	0.000000e+00	1.685923e+00	
5.500000e-01	6.000000e-01	0.000000e+00	1.034692e-02	0.000000e+00	0.000000e+00	0.000000e+00	1.478282e-02	
6.000000e-01	6.500000e-01	0.000000e+00	1.476329e-02	0.000000e+00	0.000000e+00	0.000000e+00	0.000000e+00	
6.500000e-01	7.000000e-01	0.000000e+00	0.000000e+00	0.000000e+00	0.000000e+00	0.000000e+00	0.000000e+00	
7.000000e-01	7.500000e-01	0.000000e+00	0.000000e+00	0.000000e+00	0.000000e+00	0.000000e+00	0.000000e+00	
7.500000e-01	8.000000e-01	0.000000e+00	0.000000e+00	0.000000e+00	0.000000e+00	0.000000e+00	0.000000e+00	
8.000000e-01	8.500000e-01	0.000000e+00	0.000000e+00	0.000000e+00	0.000000e+00	0.000000e+00	0.000000e+00	
8.500000e-01	9.000000e-01	0.000000e+00	0.000000e+00	0.000000e+00	0.000000e+00	0.000000e+00	0.000000e+00	
9.000000e-01	9.500000e-01	0.000000e+00	0.000000e+00	0.000000e+00	0.000000e+00	0.000000e+00	0.000000e+00	
9.500000e-01	1.000000e+00	0.000000e+00	0.000000e+00	0.000000e+00	0.000000e+00	0.000000e+00	0.000000e+00	
