# bin_edge_left	bin_edge_right	dN/d[fe/H]	dN/d[sr/H]	dN/d[o/H]	dN/d[sr/fe]	dN/d[o/fe]	dN/d[o/sr]	
-3.000000e+00	-2.950000e+00	0.000000e+00	0.000000e+00	0.000000e+00	1.533968e-05	1.533968e-05	1.533968e-05	
-2.950000e+00	-2.900000e+00	0.000000e+00	0.000000e+00	0.000000e+00	0.000000e+00	0.000000e+00	0.000000e+00	
-2.900000e+00	-2.850000e+00	0.000000e+00	0.000000e+00	0.000000e+00	0.000000e+00	0.000000e+00	0.000000e+00	
-2.850000e+00	-2.800000e+00	0.000000e+00	0.000000e+00	0.000000e+00	0.000000e+00	0.000000e+00	0.000000e+00	
-2.800000e+00	-2.750000e+00	0.000000e+00	0.000000e+00	0.000000e+00	0.000000e+00	0.000000e+00	0.000000e+00	
-2.750000e+00	-2.700000e+00	0.000000e+00	0.000000e+00	0.000000e+00	0.000000e+00	0.000000e+00	0.000000e+00	
-2.700000e+00	-2.650000e+00	0.000000e+00	0.000000e+00	0.000000e+00	0.000000e+00	0.000000e+00	0.000000e+00	
-2.650000e+00	-2.600000e+00	0.000000e+00	0.000000e+00	0.000000e+00	0.000000e+00	0.000000e+00	0.000000e+00	
-2.600000e+00	-2.550000e+00	0.000000e+00	0.000000e+00	0.000000e+00	0.000000e+00	0.000000e+00	0.000000e+00	
-2.550000e+00	-2.500000e+00	0.000000e+00	0.000000e+00	0.000000e+00	0.000000e+00	0.000000e+00	0.000000e+00	
-2.500000e+00	-2.450000e+00	0.000000e+00	0.000000e+00	0.000000e+00	0.000000e+00	0.000000e+00	0.000000e+00	
-2.450000e+00	-2.400000e+00	0.000000e+00	0.000000e+00	0.000000e+00	0.000000e+00	0.000000e+00	0.000000e+00	
-2.400000e+00	-2.350000e+00	0.000000e+00	4.621950e-02	0.000000e+00	0.000000e+00	0.000000e+00	0.000000e+00	
-2.350000e+00	-2.300000e+00	0.000000e+00	0.000000e+00	0.000000e+00	0.000000e+00	0.000000e+00	0.000000e+00	
-2.300000e+00	-2.250000e+00	0.000000e+00	5.286785e-02	0.000000e+00	0.000000e+00	0.000000e+00	0.000000e+00	
-2.250000e+00	-2.200000e+00	0.000000e+00	5.400544e-02	0.000000e+00	0.000000e+00	0.000000e+00	0.000000e+00	
-2.200000e+00	-2.150000e+00	0.000000e+00	5.426890e-02	0.000000e+00	0.000000e+00	0.000000e+00	0.000000e+00	
-2.150000e+00	-2.100000e+00	0.000000e+00	0.000000e+00	0.000000e+00	0.000000e+00	0.000000e+00	0.000000e+00	
-2.100000e+00	-2.050000e+00	0.000000e+00	0.000000e+00	0.000000e+00	0.000000e+00	0.000000e+00	0.000000e+00	
-2.050000e+00	-2.000000e+00	0.000000e+00	0.000000e+00	0.000000e+00	0.000000e+00	0.000000e+00	0.000000e+00	
-2.000000e+00	-1.950000e+00	0.000000e+00	0.000000e+00	0.000000e+00	0.000000e+00	0.000000e+00	0.000000e+00	
-1.950000e+00	-1.900000e+00	0.000000e+00	0.000000e+00	0.000000e+00	0.000000e+00	0.000000e+00	0.000000e+00	
-1.900000e+00	-1.850000e+00	0.000000e+00	0.000000e+00	0.000000e+00	0.000000e+00	0.000000e+00	0.000000e+00	
-1.850000e+00	-1.800000e+00	4.621950e-02	0.000000e+00	0.000000e+00	0.000000e+00	0.000000e+00	0.000000e+00	
-1.800000e+00	-1.750000e+00	5.286785e-02	0.000000e+00	0.000000e+00	0.000000e+00	0.000000e+00	0.000000e+00	
-1.750000e+00	-1.700000e+00	0.000000e+00	0.000000e+00	0.000000e+00	0.000000e+00	0.000000e+00	0.000000e+00	
-1.700000e+00	-1.650000e+00	0.000000e+00	2.459623e-01	0.000000e+00	0.000000e+00	0.000000e+00	0.000000e+00	
-1.650000e+00	-1.600000e+00	0.000000e+00	0.000000e+00	0.000000e+00	0.000000e+00	0.000000e+00	0.000000e+00	
-1.600000e+00	-1.550000e+00	0.000000e+00	5.520382e-02	0.000000e+00	0.000000e+00	0.000000e+00	0.000000e+00	
-1.550000e+00	-1.500000e+00	0.000000e+00	4.736832e-01	0.000000e+00	0.000000e+00	0.000000e+00	0.000000e+00	
-1.500000e+00	-1.450000e+00	0.000000e+00	1.467779e+00	0.000000e+00	0.000000e+00	0.000000e+00	0.000000e+00	
-1.450000e+00	-1.400000e+00	0.000000e+00	0.000000e+00	0.000000e+00	0.000000e+00	0.000000e+00	0.000000e+00	
-1.400000e+00	-1.350000e+00	0.000000e+00	4.354283e-01	4.621950e-02	0.000000e+00	0.000000e+00	0.000000e+00	
-1.350000e+00	-1.300000e+00	0.000000e+00	4.087362e-01	5.286785e-02	0.000000e+00	0.000000e+00	0.000000e+00	
-1.300000e+00	-1.250000e+00	0.000000e+00	6.954737e-02	0.000000e+00	0.000000e+00	0.000000e+00	0.000000e+00	
-1.250000e+00	-1.200000e+00	0.000000e+00	0.000000e+00	1.082743e-01	5.426859e-02	0.000000e+00	0.000000e+00	
-1.200000e+00	-1.150000e+00	0.000000e+00	1.399469e-01	0.000000e+00	0.000000e+00	0.000000e+00	0.000000e+00	
-1.150000e+00	-1.100000e+00	0.000000e+00	1.406113e-01	0.000000e+00	5.400512e-02	0.000000e+00	0.000000e+00	
-1.100000e+00	-1.050000e+00	5.400544e-02	7.459678e-01	0.000000e+00	0.000000e+00	0.000000e+00	0.000000e+00	
-1.050000e+00	-1.000000e+00	0.000000e+00	7.975527e-01	0.000000e+00	0.000000e+00	0.000000e+00	0.000000e+00	
-1.000000e+00	-9.500000e-01	5.426890e-02	2.333688e+00	0.000000e+00	4.356101e-01	0.000000e+00	0.000000e+00	
-9.500000e-01	-9.000000e-01	0.000000e+00	1.447156e+00	0.000000e+00	6.082115e-01	0.000000e+00	0.000000e+00	
-9.000000e-01	-8.500000e-01	0.000000e+00	6.860030e-01	0.000000e+00	3.367771e-01	0.000000e+00	0.000000e+00	
-8.500000e-01	-8.000000e-01	5.520382e-02	1.158413e+00	0.000000e+00	2.481992e-01	0.000000e+00	0.000000e+00	
-8.000000e-01	-7.500000e-01	2.459623e-01	1.115330e+00	5.520382e-02	4.276274e-01	0.000000e+00	0.000000e+00	
-7.500000e-01	-7.000000e-01	1.862914e-01	1.598572e+00	2.459623e-01	1.862904e-01	0.000000e+00	0.000000e+00	
-7.000000e-01	-6.500000e-01	1.256614e+00	7.543516e-01	1.926133e+00	9.137066e-01	0.000000e+00	0.000000e+00	
-6.500000e-01	-6.000000e-01	6.216658e-01	4.054858e-01	1.371324e-01	8.860182e-01	0.000000e+00	0.000000e+00	
-6.000000e-01	-5.500000e-01	5.025086e-01	9.132104e-01	7.919085e-01	6.580419e-01	0.000000e+00	0.000000e+00	
-5.500000e-01	-5.000000e-01	1.041369e+00	6.357011e-01	2.805582e-01	3.609789e+00	0.000000e+00	0.000000e+00	
-5.000000e-01	-4.500000e-01	7.148824e-01	1.079455e-01	6.983440e-01	2.000613e+00	0.000000e+00	0.000000e+00	
-4.500000e-01	-4.000000e-01	4.409664e+00	2.237058e-01	4.678543e-01	3.902159e+00	0.000000e+00	0.000000e+00	
-4.000000e-01	-3.500000e-01	1.054153e+00	1.444242e+00	5.359940e+00	8.045420e-01	0.000000e+00	0.000000e+00	
-3.500000e-01	-3.000000e-01	2.288852e+00	5.719783e-01	4.325035e-01	1.445124e+00	0.000000e+00	0.000000e+00	
-3.000000e-01	-2.500000e-01	2.109169e+00	2.326512e-01	3.381673e+00	1.000611e+00	0.000000e+00	0.000000e+00	
-2.500000e-01	-2.000000e-01	9.062926e-01	1.200363e-01	2.967197e-01	1.364647e+00	5.426859e-02	0.000000e+00	
-2.000000e-01	-1.500000e-01	3.125494e-01	4.778953e-01	1.523293e+00	9.431758e-01	5.400512e-02	0.000000e+00	
-1.500000e-01	-1.000000e-01	1.643608e+00	1.190178e-01	5.390495e-01	0.000000e+00	4.356101e-01	0.000000e+00	
-1.000000e-01	-5.000000e-02	1.143419e+00	1.199017e-01	1.212511e+00	1.205673e-01	1.947105e-01	0.000000e+00	
-5.000000e-02	0.000000e+00	1.166472e-01	2.263665e-01	1.260067e+00	0.000000e+00	1.835059e+00	0.000000e+00	
0.000000e+00	5.000000e-02	7.169493e-01	1.205680e-01	0.000000e+00	0.000000e+00	1.156261e+01	0.000000e+00	
5.000000e-02	1.000000e-01	2.404696e-01	0.000000e+00	7.169493e-01	0.000000e+00	5.134538e+00	0.000000e+00	
1.000000e-01	1.500000e-01	2.263665e-01	0.000000e+00	2.404696e-01	0.000000e+00	3.333740e-01	1.205673e-01	
1.500000e-01	2.000000e-01	0.000000e+00	0.000000e+00	2.263665e-01	0.000000e+00	1.977877e-01	0.000000e+00	
2.000000e-01	2.500000e-01	0.000000e+00	0.000000e+00	0.000000e+00	0.000000e+00	9.893023e-02	9.431758e-01	
2.500000e-01	3.000000e-01	0.000000e+00	0.000000e+00	0.000000e+00	0.000000e+00	0.000000e+00	1.573946e+00	
3.000000e-01	3.500000e-01	0.000000e+00	0.000000e+00	0.000000e+00	0.000000e+00	0.000000e+00	6.773665e-01	
3.500000e-01	4.000000e-01	0.000000e+00	0.000000e+00	0.000000e+00	0.000000e+00	0.000000e+00	1.458598e+00	
4.000000e-01	4.500000e-01	0.000000e+00	0.000000e+00	0.000000e+00	0.000000e+00	0.000000e+00	2.444976e+00	
4.500000e-01	5.000000e-01	0.000000e+00	0.000000e+00	0.000000e+00	0.000000e+00	9.908678e-02	2.728689e+00	
5.000000e-01	5.500000e-01	0.000000e+00	0.000000e+00	0.000000e+00	0.000000e+00	0.000000e+00	1.340458e+00	
5.500000e-01	6.000000e-01	0.000000e+00	0.000000e+00	0.000000e+00	0.000000e+00	0.000000e+00	4.067048e+00	
6.000000e-01	6.500000e-01	0.000000e+00	0.000000e+00	0.000000e+00	0.000000e+00	0.000000e+00	6.058278e-01	
6.500000e-01	7.000000e-01	0.000000e+00	0.000000e+00	0.000000e+00	0.000000e+00	0.000000e+00	1.110960e+00	
7.000000e-01	7.500000e-01	0.000000e+00	0.000000e+00	0.000000e+00	0.000000e+00	0.000000e+00	2.012399e-01	
7.500000e-01	8.000000e-01	0.000000e+00	0.000000e+00	0.000000e+00	0.000000e+00	0.000000e+00	6.496117e-01	
8.000000e-01	8.500000e-01	0.000000e+00	0.000000e+00	0.000000e+00	0.000000e+00	0.000000e+00	9.868894e-01	
8.500000e-01	9.000000e-01	0.000000e+00	0.000000e+00	0.000000e+00	0.000000e+00	0.000000e+00	3.371765e-01	
9.000000e-01	9.500000e-01	0.000000e+00	0.000000e+00	0.000000e+00	0.000000e+00	0.000000e+00	5.460952e-01	
9.500000e-01	1.000000e+00	0.000000e+00	0.000000e+00	0.000000e+00	0.000000e+00	0.000000e+00	2.073605e-01	
