# bin_edge_left	bin_edge_right	dN/d[fe/H]	dN/d[sr/H]	dN/d[o/H]	dN/d[sr/fe]	dN/d[o/fe]	dN/d[o/sr]	
-3.000000e+00	-2.950000e+00	0.000000e+00	0.000000e+00	0.000000e+00	1.261845e-05	1.261845e-05	1.261845e-05	
-2.950000e+00	-2.900000e+00	0.000000e+00	0.000000e+00	0.000000e+00	0.000000e+00	0.000000e+00	0.000000e+00	
-2.900000e+00	-2.850000e+00	0.000000e+00	0.000000e+00	0.000000e+00	0.000000e+00	0.000000e+00	0.000000e+00	
-2.850000e+00	-2.800000e+00	0.000000e+00	0.000000e+00	0.000000e+00	0.000000e+00	0.000000e+00	0.000000e+00	
-2.800000e+00	-2.750000e+00	0.000000e+00	0.000000e+00	0.000000e+00	0.000000e+00	0.000000e+00	0.000000e+00	
-2.750000e+00	-2.700000e+00	0.000000e+00	1.253140e-04	0.000000e+00	0.000000e+00	0.000000e+00	0.000000e+00	
-2.700000e+00	-2.650000e+00	0.000000e+00	0.000000e+00	0.000000e+00	0.000000e+00	0.000000e+00	0.000000e+00	
-2.650000e+00	-2.600000e+00	1.253140e-04	0.000000e+00	0.000000e+00	0.000000e+00	0.000000e+00	0.000000e+00	
-2.600000e+00	-2.550000e+00	0.000000e+00	0.000000e+00	0.000000e+00	0.000000e+00	0.000000e+00	0.000000e+00	
-2.550000e+00	-2.500000e+00	0.000000e+00	0.000000e+00	0.000000e+00	0.000000e+00	0.000000e+00	0.000000e+00	
-2.500000e+00	-2.450000e+00	0.000000e+00	0.000000e+00	0.000000e+00	0.000000e+00	0.000000e+00	0.000000e+00	
-2.450000e+00	-2.400000e+00	0.000000e+00	0.000000e+00	0.000000e+00	0.000000e+00	0.000000e+00	0.000000e+00	
-2.400000e+00	-2.350000e+00	0.000000e+00	0.000000e+00	0.000000e+00	0.000000e+00	0.000000e+00	0.000000e+00	
-2.350000e+00	-2.300000e+00	0.000000e+00	0.000000e+00	0.000000e+00	0.000000e+00	0.000000e+00	0.000000e+00	
-2.300000e+00	-2.250000e+00	0.000000e+00	0.000000e+00	0.000000e+00	0.000000e+00	0.000000e+00	0.000000e+00	
-2.250000e+00	-2.200000e+00	0.000000e+00	0.000000e+00	0.000000e+00	0.000000e+00	0.000000e+00	0.000000e+00	
-2.200000e+00	-2.150000e+00	0.000000e+00	0.000000e+00	1.253140e-04	0.000000e+00	0.000000e+00	0.000000e+00	
-2.150000e+00	-2.100000e+00	0.000000e+00	0.000000e+00	0.000000e+00	0.000000e+00	0.000000e+00	0.000000e+00	
-2.100000e+00	-2.050000e+00	0.000000e+00	0.000000e+00	0.000000e+00	0.000000e+00	0.000000e+00	0.000000e+00	
-2.050000e+00	-2.000000e+00	0.000000e+00	0.000000e+00	0.000000e+00	0.000000e+00	0.000000e+00	0.000000e+00	
-2.000000e+00	-1.950000e+00	0.000000e+00	1.488700e-03	0.000000e+00	0.000000e+00	0.000000e+00	0.000000e+00	
-1.950000e+00	-1.900000e+00	0.000000e+00	0.000000e+00	0.000000e+00	0.000000e+00	0.000000e+00	0.000000e+00	
-1.900000e+00	-1.850000e+00	1.488700e-03	0.000000e+00	0.000000e+00	0.000000e+00	0.000000e+00	0.000000e+00	
-1.850000e+00	-1.800000e+00	0.000000e+00	0.000000e+00	0.000000e+00	0.000000e+00	0.000000e+00	0.000000e+00	
-1.800000e+00	-1.750000e+00	0.000000e+00	2.171764e-03	0.000000e+00	0.000000e+00	0.000000e+00	0.000000e+00	
-1.750000e+00	-1.700000e+00	0.000000e+00	0.000000e+00	0.000000e+00	0.000000e+00	0.000000e+00	0.000000e+00	
-1.700000e+00	-1.650000e+00	2.171764e-03	0.000000e+00	0.000000e+00	0.000000e+00	0.000000e+00	0.000000e+00	
-1.650000e+00	-1.600000e+00	0.000000e+00	2.793332e-03	0.000000e+00	0.000000e+00	0.000000e+00	0.000000e+00	
-1.600000e+00	-1.550000e+00	0.000000e+00	0.000000e+00	0.000000e+00	0.000000e+00	0.000000e+00	0.000000e+00	
-1.550000e+00	-1.500000e+00	2.793332e-03	3.375963e-03	0.000000e+00	0.000000e+00	0.000000e+00	0.000000e+00	
-1.500000e+00	-1.450000e+00	0.000000e+00	3.922298e-03	0.000000e+00	0.000000e+00	0.000000e+00	0.000000e+00	
-1.450000e+00	-1.400000e+00	3.375963e-03	4.434784e-03	1.488700e-03	0.000000e+00	0.000000e+00	0.000000e+00	
-1.400000e+00	-1.350000e+00	3.922298e-03	4.915691e-03	0.000000e+00	0.000000e+00	0.000000e+00	0.000000e+00	
-1.350000e+00	-1.300000e+00	4.434784e-03	5.367122e-03	0.000000e+00	0.000000e+00	0.000000e+00	0.000000e+00	
-1.300000e+00	-1.250000e+00	4.915691e-03	1.198024e-02	0.000000e+00	0.000000e+00	0.000000e+00	0.000000e+00	
-1.250000e+00	-1.200000e+00	5.367122e-03	6.563377e-03	2.171764e-03	0.000000e+00	0.000000e+00	0.000000e+00	
-1.200000e+00	-1.150000e+00	1.198024e-02	1.416083e-02	0.000000e+00	0.000000e+00	0.000000e+00	0.000000e+00	
-1.150000e+00	-1.100000e+00	6.563377e-03	4.038419e-02	0.000000e+00	0.000000e+00	0.000000e+00	0.000000e+00	
-1.100000e+00	-1.050000e+00	1.416083e-02	4.459104e-02	2.793332e-03	0.000000e+00	0.000000e+00	0.000000e+00	
-1.050000e+00	-1.000000e+00	2.358061e-02	9.400338e-02	0.000000e+00	0.000000e+00	0.000000e+00	0.000000e+00	
-1.000000e+00	-9.500000e-01	2.636941e-02	8.176467e-01	3.375963e-03	0.000000e+00	0.000000e+00	0.000000e+00	
-9.500000e-01	-9.000000e-01	3.777958e-02	9.766565e-02	3.922298e-03	0.000000e+00	0.000000e+00	0.000000e+00	
-9.000000e-01	-8.500000e-01	4.833461e-02	1.676316e-01	4.434784e-03	0.000000e+00	0.000000e+00	0.000000e+00	
-8.500000e-01	-8.000000e-01	6.081558e-02	1.021065e-02	4.915691e-03	0.000000e+00	0.000000e+00	0.000000e+00	
-8.000000e-01	-7.500000e-01	2.052756e-01	4.879067e-03	5.367122e-03	0.000000e+00	0.000000e+00	0.000000e+00	
-7.500000e-01	-7.000000e-01	2.177700e-01	5.604079e-02	1.198024e-02	0.000000e+00	0.000000e+00	0.000000e+00	
-7.000000e-01	-6.500000e-01	2.952808e-01	1.954018e-01	6.563377e-03	0.000000e+00	0.000000e+00	0.000000e+00	
-6.500000e-01	-6.000000e-01	3.515954e-01	6.290300e-01	2.238907e-02	0.000000e+00	0.000000e+00	0.000000e+00	
-6.000000e-01	-5.500000e-01	1.021065e-02	2.090297e-01	4.039525e-02	0.000000e+00	0.000000e+00	0.000000e+00	
-5.500000e-01	-5.000000e-01	1.608570e-01	1.169179e-01	7.542777e-01	0.000000e+00	0.000000e+00	0.000000e+00	
-5.000000e-01	-4.500000e-01	1.395289e-01	0.000000e+00	1.315383e-01	0.000000e+00	0.000000e+00	0.000000e+00	
-4.500000e-01	-4.000000e-01	4.365807e-01	0.000000e+00	1.543275e-01	0.000000e+00	0.000000e+00	0.000000e+00	
-4.000000e-01	-3.500000e-01	3.568731e-01	4.205319e-01	1.105948e-01	0.000000e+00	0.000000e+00	0.000000e+00	
-3.500000e-01	-3.000000e-01	7.481841e-02	6.462169e-01	7.975437e-01	4.983201e-01	0.000000e+00	0.000000e+00	
-3.000000e-01	-2.500000e-01	6.541792e-01	8.662764e-01	2.950426e-01	1.321578e-01	0.000000e+00	0.000000e+00	
-2.500000e-01	-2.000000e-01	4.546549e-01	1.635095e-01	1.794982e-01	8.972797e-01	0.000000e+00	0.000000e+00	
-2.000000e-01	-1.500000e-01	7.889469e-01	8.290767e-01	5.486307e-02	9.195596e-01	0.000000e+00	0.000000e+00	
-1.500000e-01	-1.000000e-01	7.411632e-01	6.587733e-01	2.611475e-01	1.088486e+00	0.000000e+00	0.000000e+00	
-1.000000e-01	-5.000000e-02	5.676580e-01	1.310624e+00	9.119284e-01	3.810749e+00	0.000000e+00	0.000000e+00	
-5.000000e-02	0.000000e+00	8.880066e-01	6.827369e-01	1.307898e+00	5.777742e+00	5.486303e-02	0.000000e+00	
0.000000e+00	5.000000e-02	1.879760e+00	2.054779e+00	4.080149e-01	6.494662e+00	5.749190e+00	6.573371e+00	
5.000000e-02	1.000000e-01	2.393178e+00	1.305256e+00	2.098746e+00	3.810323e-01	9.038074e+00	3.084867e+00	
1.000000e-01	1.500000e-01	1.003786e+00	7.567578e-01	1.511562e+00	0.000000e+00	1.923598e+00	4.237145e+00	
1.500000e-01	2.000000e-01	4.679578e+00	4.026828e+00	2.490492e+00	0.000000e+00	1.779987e+00	1.722149e+00	
2.000000e-01	2.500000e-01	2.349613e+00	3.543500e-01	4.725725e+00	0.000000e+00	6.252101e-01	9.373499e-01	
2.500000e-01	3.000000e-01	1.067698e+00	2.806026e+00	1.423374e+00	0.000000e+00	3.609224e-01	1.029166e+00	
3.000000e-01	3.500000e-01	2.480817e-02	3.168397e-01	1.843040e+00	0.000000e+00	2.619971e-02	6.303256e-01	
3.500000e-01	4.000000e-01	0.000000e+00	2.566851e-01	4.304635e-01	0.000000e+00	1.767498e-01	4.215733e-01	
4.000000e-01	4.500000e-01	0.000000e+00	0.000000e+00	0.000000e+00	0.000000e+00	2.513156e-01	1.217732e-01	
4.500000e-01	5.000000e-01	0.000000e+00	0.000000e+00	0.000000e+00	0.000000e+00	1.387736e-02	7.738061e-01	
5.000000e-01	5.500000e-01	0.000000e+00	0.000000e+00	0.000000e+00	0.000000e+00	0.000000e+00	4.585073e-01	
5.500000e-01	6.000000e-01	0.000000e+00	0.000000e+00	0.000000e+00	0.000000e+00	0.000000e+00	9.955065e-03	
6.000000e-01	6.500000e-01	0.000000e+00	0.000000e+00	0.000000e+00	0.000000e+00	0.000000e+00	0.000000e+00	
6.500000e-01	7.000000e-01	0.000000e+00	0.000000e+00	0.000000e+00	0.000000e+00	0.000000e+00	0.000000e+00	
7.000000e-01	7.500000e-01	0.000000e+00	0.000000e+00	0.000000e+00	0.000000e+00	0.000000e+00	0.000000e+00	
7.500000e-01	8.000000e-01	0.000000e+00	0.000000e+00	0.000000e+00	0.000000e+00	0.000000e+00	0.000000e+00	
8.000000e-01	8.500000e-01	0.000000e+00	0.000000e+00	0.000000e+00	0.000000e+00	0.000000e+00	0.000000e+00	
8.500000e-01	9.000000e-01	0.000000e+00	0.000000e+00	0.000000e+00	0.000000e+00	0.000000e+00	0.000000e+00	
9.000000e-01	9.500000e-01	0.000000e+00	0.000000e+00	0.000000e+00	0.000000e+00	0.000000e+00	0.000000e+00	
9.500000e-01	1.000000e+00	0.000000e+00	0.000000e+00	0.000000e+00	0.000000e+00	0.000000e+00	0.000000e+00	
