# COLUMN NUMBERS: 
#	0: time [Gyr]
#	1: mgas [Msun]			ISM gas mass
#	2: mstar [Msun]			Stellar mass
#	3: sfr [Msun/yr]		Star formation rate
#	4: ifr [Msun/yr]		Infall rate
#	5: ofr [Msun/yr]		Outfow rate
#	6: eta_0			Mass-loading factor
#	7: r_eff			Effective recycilng rate
#	8: z_in(fe)			Inflow fe metallicity
#	9: z_in(sr)			Inflow sr metallicity
#	10: z_in(o)			Inflow o metallicity
#	11: z_out(fe)			Outflow fe metallicity
#	12: z_out(sr)			Outflow sr metallicity
#	13: z_out(o)			Outflow o metallicity
#	14: mass(fe) [Msun]		mass of element fe in ISM
#	15: mass(sr) [Msun]		mass of element sr in ISM
#	16: mass(o) [Msun]		mass of element o in ISM
0.000000e+00	1.000000e-12	1.441801e-29	3.846592e-37	2.199115e+01	2.302793e-37	5.986578e-01	2.503490e-01	0.000000e+00	0.000000e+00	0.000000e+00	5.528928e-285	9.214880e-285	5.528928e-285	0.000000e+00	0.000000e+00	0.000000e+00	
5.000000e-02	1.099557e+09	6.227757e+07	1.661509e+00	2.199115e+01	9.946751e-01	5.986578e-01	2.503490e-01	0.000000e+00	0.000000e+00	0.000000e+00	8.002324e-05	8.935928e-10	1.000290e-03	8.799015e+04	9.825566e-01	1.099877e+06	
1.000000e-01	2.087104e+09	1.766897e+08	3.102476e+00	2.199115e+01	1.857322e+00	5.986578e-01	2.624463e-01	0.000000e+00	0.000000e+00	0.000000e+00	1.169738e-04	1.306207e-09	1.462173e-03	2.441364e+05	2.726190e+00	3.051705e+06	
1.500000e-01	2.979383e+09	3.354478e+08	4.359098e+00	2.199115e+01	2.609608e+00	5.986578e-01	2.716010e-01	0.000000e+00	0.000000e+00	0.000000e+00	1.877817e-04	1.701102e-09	1.906061e-03	5.594736e+05	5.068234e+00	5.678884e+06	
2.000000e-01	3.789702e+09	5.322609e+08	5.460009e+00	2.199115e+01	3.268677e+00	5.986578e-01	2.790739e-01	0.000000e+00	0.000000e+00	0.000000e+00	2.632778e-04	2.082108e-09	2.328078e-03	9.977444e+05	7.890567e+00	8.822719e+06	
2.500000e-01	4.529012e+09	7.619378e+08	6.428495e+00	2.199115e+01	3.848469e+00	5.986578e-01	2.854413e-01	0.000000e+00	0.000000e+00	0.000000e+00	3.379208e-04	2.457734e-09	2.728390e-03	1.530447e+06	1.113111e+01	1.235691e+07	
3.000000e-01	5.206469e+09	1.020140e+09	7.283742e+00	2.199115e+01	4.360469e+00	5.986578e-01	2.910179e-01	0.000000e+00	0.000000e+00	0.000000e+00	4.100706e-04	2.836667e-09	3.107798e-03	2.135020e+06	1.476902e+01	1.618065e+07	
3.500000e-01	5.829801e+09	1.512546e+09	8.041698e+00	2.199115e+01	4.814226e+00	5.986578e-01	3.005173e-01	0.000000e+00	0.000000e+00	0.000000e+00	4.791817e-04	3.224515e-09	3.467251e-03	2.793534e+06	1.879828e+01	2.021339e+07	
4.000000e-01	6.407396e+09	1.815913e+09	8.718183e+00	2.199115e+01	5.219209e+00	5.986578e-01	3.040586e-01	0.000000e+00	0.000000e+00	0.000000e+00	5.453289e-04	3.626358e-09	3.807344e-03	3.494138e+06	2.323551e+01	2.439516e+07	
4.500000e-01	6.942626e+09	2.651958e+09	9.321316e+00	2.199115e+01	5.580279e+00	5.986578e-01	3.187061e-01	0.000000e+00	0.000000e+00	0.000000e+00	6.082781e-04	4.030625e-09	4.129658e-03	4.223047e+06	2.798312e+01	2.867067e+07	
5.000000e-01	7.445641e+09	3.174578e+09	9.867681e+00	2.199115e+01	5.907364e+00	5.986578e-01	3.222257e-01	0.000000e+00	0.000000e+00	0.000000e+00	6.685574e-04	4.519697e-09	4.434368e-03	4.977838e+06	3.365204e+01	3.301671e+07	
5.500000e-01	7.915427e+09	3.469479e+09	1.035833e+01	2.199115e+01	6.201094e+00	5.986578e-01	3.228291e-01	0.000000e+00	0.000000e+00	0.000000e+00	7.260598e-04	5.077718e-09	4.723247e-03	5.747074e+06	4.019231e+01	3.738652e+07	
6.000000e-01	8.354212e+09	4.439554e+09	1.079839e+01	2.199115e+01	6.464539e+00	5.986578e-01	3.367795e-01	0.000000e+00	0.000000e+00	0.000000e+00	7.806813e-04	5.703080e-09	4.997465e-03	6.521977e+06	4.764474e+01	4.174989e+07	
6.500000e-01	8.772457e+09	4.970913e+09	1.120320e+01	2.199115e+01	6.706881e+00	5.986578e-01	3.385108e-01	0.000000e+00	0.000000e+00	0.000000e+00	8.330266e-04	6.565271e-09	5.256975e-03	7.307691e+06	5.759356e+01	4.611659e+07	
7.000000e-01	9.166131e+09	5.171154e+09	1.156903e+01	2.199115e+01	6.925893e+00	5.986578e-01	3.367376e-01	0.000000e+00	0.000000e+00	0.000000e+00	8.829712e-04	7.528099e-09	5.503422e-03	8.093429e+06	6.900354e+01	5.044508e+07	
7.500000e-01	9.535728e+09	5.350477e+09	1.189797e+01	2.199115e+01	7.122812e+00	5.986578e-01	3.355432e-01	0.000000e+00	0.000000e+00	0.000000e+00	9.303495e-04	8.501967e-09	5.737762e-03	8.871560e+06	8.107245e+01	5.471374e+07	
8.000000e-01	9.883861e+09	5.959090e+09	1.219455e+01	2.199115e+01	7.300361e+00	5.986578e-01	3.427886e-01	0.000000e+00	0.000000e+00	0.000000e+00	9.752532e-04	9.466327e-09	5.960431e-03	9.639267e+06	9.356386e+01	5.891207e+07	
8.500000e-01	1.021768e+10	6.100046e+09	1.246863e+01	2.199115e+01	7.464442e+00	5.986578e-01	3.405657e-01	0.000000e+00	0.000000e+00	0.000000e+00	1.018042e-03	1.056178e-08	6.171553e-03	1.040203e+07	1.079169e+02	6.305896e+07	
9.000000e-01	1.053290e+10	7.049720e+09	1.271582e+01	2.199115e+01	7.612427e+00	5.986578e-01	3.474128e-01	0.000000e+00	0.000000e+00	0.000000e+00	1.058576e-03	1.160424e-08	6.372307e-03	1.114988e+07	1.222263e+02	6.711890e+07	
9.500000e-01	1.083693e+10	7.630564e+09	1.294586e+01	2.199115e+01	7.750142e+00	5.986578e-01	3.518182e-01	0.000000e+00	0.000000e+00	0.000000e+00	1.097677e-03	1.285097e-08	6.562504e-03	1.189545e+07	1.392651e+02	7.111740e+07	
1.000000e+00	1.112942e+10	7.727405e+09	1.315890e+01	2.199115e+01	7.877680e+00	5.986578e-01	3.489754e-01	0.000000e+00	0.000000e+00	0.000000e+00	1.134994e-03	1.418079e-08	6.743189e-03	1.263183e+07	1.578239e+02	7.504777e+07	
1.050000e+00	1.140675e+10	7.452709e+09	1.335126e+01	2.199115e+01	7.992837e+00	5.986578e-01	3.438097e-01	0.000000e+00	0.000000e+00	0.000000e+00	1.170336e-03	1.540133e-08	6.915288e-03	1.334974e+07	1.756791e+02	7.888098e+07	
1.100000e+00	1.166862e+10	7.519160e+09	1.352321e+01	2.199115e+01	8.095774e+00	5.986578e-01	3.420391e-01	0.000000e+00	0.000000e+00	0.000000e+00	1.203487e-03	1.640510e-08	7.079238e-03	1.404303e+07	1.914249e+02	8.260493e+07	
1.150000e+00	1.191850e+10	7.950403e+09	1.367934e+01	2.199115e+01	8.189246e+00	5.986578e-01	3.426111e-01	0.000000e+00	0.000000e+00	0.000000e+00	1.234842e-03	1.731335e-08	7.235036e-03	1.471746e+07	2.063492e+02	8.623078e+07	
1.200000e+00	1.215896e+10	8.003792e+09	1.382305e+01	2.199115e+01	8.275278e+00	5.986578e-01	3.412537e-01	0.000000e+00	0.000000e+00	0.000000e+00	1.264754e-03	1.818895e-08	7.382791e-03	1.537810e+07	2.211588e+02	8.976710e+07	
1.250000e+00	1.238946e+10	8.825943e+09	1.395407e+01	2.199115e+01	8.353713e+00	5.986578e-01	3.446014e-01	0.000000e+00	0.000000e+00	0.000000e+00	1.292984e-03	1.897741e-08	7.523194e-03	1.601937e+07	2.351199e+02	9.320833e+07	
1.300000e+00	1.261406e+10	9.723786e+09	1.407728e+01	2.199115e+01	8.427476e+00	5.986578e-01	3.489520e-01	0.000000e+00	0.000000e+00	0.000000e+00	1.320170e-03	1.983135e-08	7.656138e-03	1.665271e+07	2.501538e+02	9.657499e+07	
1.350000e+00	1.283400e+10	1.048514e+10	1.419427e+01	2.199115e+01	8.497513e+00	5.986578e-01	3.515663e-01	0.000000e+00	0.000000e+00	0.000000e+00	1.346487e-03	2.079647e-08	7.782264e-03	1.728080e+07	2.669018e+02	9.987753e+07	
1.400000e+00	1.304847e+10	1.147192e+10	1.430433e+01	2.199115e+01	8.563401e+00	5.986578e-01	3.580494e-01	0.000000e+00	0.000000e+00	0.000000e+00	1.371808e-03	2.178727e-08	7.902090e-03	1.790001e+07	2.842907e+02	1.031102e+08	
1.450000e+00	1.326073e+10	1.226810e+10	1.441115e+01	2.199115e+01	8.627349e+00	5.986578e-01	3.599116e-01	0.000000e+00	0.000000e+00	0.000000e+00	1.396406e-03	2.296758e-08	8.016020e-03	1.851736e+07	3.045669e+02	1.062983e+08	
1.500000e+00	1.346770e+10	1.234968e+10	1.451151e+01	2.199115e+01	8.687430e+00	5.986578e-01	3.565372e-01	0.000000e+00	0.000000e+00	0.000000e+00	1.420135e-03	2.413351e-08	8.124593e-03	1.912595e+07	3.250228e+02	1.094196e+08	
1.550000e+00	1.366600e+10	1.275269e+10	1.460196e+01	2.199115e+01	8.741578e+00	5.986578e-01	3.557770e-01	0.000000e+00	0.000000e+00	0.000000e+00	1.442547e-03	2.509950e-08	8.228338e-03	1.971385e+07	3.430098e+02	1.124485e+08	
1.600000e+00	1.385814e+10	1.303651e+10	1.468538e+01	2.199115e+01	8.791518e+00	5.986578e-01	3.552941e-01	0.000000e+00	0.000000e+00	0.000000e+00	1.463876e-03	2.592174e-08	8.327203e-03	2.028659e+07	3.592269e+02	1.153995e+08	
1.650000e+00	1.404473e+10	1.357184e+10	1.476260e+01	2.199115e+01	8.837746e+00	5.986578e-01	3.571635e-01	0.000000e+00	0.000000e+00	0.000000e+00	1.484070e-03	2.666877e-08	8.421455e-03	2.084337e+07	3.745557e+02	1.182771e+08	
1.700000e+00	1.422790e+10	1.512826e+10	1.483597e+01	2.199115e+01	8.881669e+00	5.986578e-01	3.649402e-01	0.000000e+00	0.000000e+00	0.000000e+00	1.503455e-03	2.746415e-08	8.511362e-03	2.139101e+07	3.907572e+02	1.210988e+08	
1.750000e+00	1.441229e+10	1.725359e+10	1.491037e+01	2.199115e+01	8.926208e+00	5.986578e-01	3.811702e-01	0.000000e+00	0.000000e+00	0.000000e+00	1.522727e-03	2.849399e-08	8.596791e-03	2.194599e+07	4.106637e+02	1.238994e+08	
1.800000e+00	1.460419e+10	1.733384e+10	1.499222e+01	2.199115e+01	8.975212e+00	5.986578e-01	3.757930e-01	0.000000e+00	0.000000e+00	0.000000e+00	1.542294e-03	3.004510e-08	8.678031e-03	2.252395e+07	4.387843e+02	1.267356e+08	
1.850000e+00	1.478707e+10	1.845325e+10	1.506453e+01	2.199115e+01	9.018498e+00	5.986578e-01	3.848941e-01	0.000000e+00	0.000000e+00	0.000000e+00	1.560810e-03	3.129821e-08	8.756475e-03	2.307981e+07	4.628090e+02	1.294826e+08	
1.900000e+00	1.497239e+10	1.841754e+10	1.513907e+01	2.199115e+01	9.063120e+00	5.986578e-01	3.781084e-01	0.000000e+00	0.000000e+00	0.000000e+00	1.578928e-03	3.272649e-08	8.831440e-03	2.364032e+07	4.899938e+02	1.322278e+08	
1.950000e+00	1.514805e+10	2.087919e+10	1.520364e+01	2.199115e+01	9.101778e+00	5.986578e-01	3.881431e-01	0.000000e+00	0.000000e+00	0.000000e+00	1.596091e-03	3.384906e-08	8.904000e-03	2.417766e+07	5.127472e+02	1.348782e+08	
2.000000e+00	1.532740e+10	2.087867e+10	1.527176e+01	2.199115e+01	9.142559e+00	5.986578e-01	3.847926e-01	0.000000e+00	0.000000e+00	0.000000e+00	1.613819e-03	3.521822e-08	8.973296e-03	2.473565e+07	5.398037e+02	1.375373e+08	
2.050000e+00	1.550006e+10	2.158135e+10	1.533309e+01	2.199115e+01	9.179274e+00	5.986578e-01	3.865105e-01	0.000000e+00	0.000000e+00	0.000000e+00	1.630519e-03	3.639515e-08	9.040431e-03	2.527314e+07	5.641271e+02	1.401272e+08	
2.100000e+00	1.567032e+10	2.256250e+10	1.539196e+01	2.199115e+01	9.214518e+00	5.986578e-01	3.874650e-01	0.000000e+00	0.000000e+00	0.000000e+00	1.646891e-03	3.756688e-08	9.105336e-03	2.580731e+07	5.886850e+02	1.426835e+08	
2.150000e+00	1.583775e+10	2.352994e+10	1.544800e+01	2.199115e+01	9.248069e+00	5.986578e-01	3.885275e-01	0.000000e+00	0.000000e+00	0.000000e+00	1.662845e-03	3.866697e-08	9.167859e-03	2.633572e+07	6.123977e+02	1.451982e+08	
2.200000e+00	1.600260e+10	2.490565e+10	1.550152e+01	2.199115e+01	9.280108e+00	5.986578e-01	3.905072e-01	0.000000e+00	0.000000e+00	0.000000e+00	1.678385e-03	3.969383e-08	9.228115e-03	2.685853e+07	6.352045e+02	1.476738e+08	
2.250000e+00	1.616575e+10	2.695733e+10	1.555339e+01	2.199115e+01	9.311162e+00	5.986578e-01	3.988197e-01	0.000000e+00	0.000000e+00	0.000000e+00	1.693650e-03	4.066647e-08	9.286038e-03	2.737912e+07	6.574038e+02	1.501157e+08	
2.300000e+00	1.633223e+10	2.742727e+10	1.560846e+01	2.199115e+01	9.344127e+00	5.986578e-01	3.978413e-01	0.000000e+00	0.000000e+00	0.000000e+00	1.709007e-03	4.181236e-08	9.341442e-03	2.791189e+07	6.828890e+02	1.525666e+08	
2.350000e+00	1.649464e+10	2.726036e+10	1.565962e+01	2.199115e+01	9.374756e+00	5.986578e-01	3.941486e-01	0.000000e+00	0.000000e+00	0.000000e+00	1.723734e-03	4.286282e-08	9.395326e-03	2.843237e+07	7.070067e+02	1.549725e+08	
2.400000e+00	1.665109e+10	2.819585e+10	1.570517e+01	2.199115e+01	9.402021e+00	5.986578e-01	3.948779e-01	0.000000e+00	0.000000e+00	0.000000e+00	1.737544e-03	4.371758e-08	9.447647e-03	2.893201e+07	7.279452e+02	1.573136e+08	
2.450000e+00	1.680537e+10	2.981083e+10	1.574875e+01	2.199115e+01	9.428111e+00	5.986578e-01	4.026201e-01	0.000000e+00	0.000000e+00	0.000000e+00	1.750962e-03	4.453600e-08	9.498173e-03	2.942555e+07	7.484438e+02	1.596203e+08	
2.500000e+00	1.696312e+10	3.129587e+10	1.579565e+01	2.199115e+01	9.456189e+00	5.986578e-01	4.125249e-01	0.000000e+00	0.000000e+00	0.000000e+00	1.764519e-03	4.557222e-08	9.546813e-03	2.993175e+07	7.730471e+02	1.619437e+08	
2.550000e+00	1.712589e+10	3.125976e+10	1.584723e+01	2.199115e+01	9.487071e+00	5.986578e-01	4.071273e-01	0.000000e+00	0.000000e+00	0.000000e+00	1.778123e-03	4.683202e-08	9.594454e-03	3.045194e+07	8.020401e+02	1.643136e+08	
2.600000e+00	1.728132e+10	3.198613e+10	1.589205e+01	2.199115e+01	9.513898e+00	5.986578e-01	4.115476e-01	0.000000e+00	0.000000e+00	0.000000e+00	1.790879e-03	4.788869e-08	9.640950e-03	3.094876e+07	8.275800e+02	1.666084e+08	
2.650000e+00	1.743760e+10	3.293226e+10	1.593768e+01	2.199115e+01	9.541217e+00	5.986578e-01	4.103908e-01	0.000000e+00	0.000000e+00	0.000000e+00	1.803526e-03	4.907346e-08	9.686205e-03	3.144916e+07	8.557234e+02	1.689042e+08	
2.700000e+00	1.759025e+10	3.340455e+10	1.598005e+01	2.199115e+01	9.566584e+00	5.986578e-01	4.089051e-01	0.000000e+00	0.000000e+00	0.000000e+00	1.815838e-03	5.012637e-08	9.730218e-03	3.194105e+07	8.817353e+02	1.711569e+08	
2.750000e+00	1.773919e+10	3.484893e+10	1.601915e+01	2.199115e+01	9.589989e+00	5.986578e-01	4.166781e-01	0.000000e+00	0.000000e+00	0.000000e+00	1.827696e-03	5.106753e-08	9.773110e-03	3.242184e+07	9.058966e+02	1.733671e+08	
2.800000e+00	1.789203e+10	3.531934e+10	1.606185e+01	2.199115e+01	9.615551e+00	5.986578e-01	4.142474e-01	0.000000e+00	0.000000e+00	0.000000e+00	1.839379e-03	5.214693e-08	9.814300e-03	3.291023e+07	9.330146e+02	1.755978e+08	
2.850000e+00	1.804040e+10	3.619014e+10	1.610060e+01	2.199115e+01	9.638753e+00	5.986578e-01	4.138203e-01	0.000000e+00	0.000000e+00	0.000000e+00	1.850664e-03	5.310693e-08	9.854657e-03	3.338671e+07	9.580701e+02	1.777819e+08	
2.900000e+00	1.818613e+10	3.666578e+10	1.613711e+01	2.199115e+01	9.660609e+00	5.986578e-01	4.053295e-01	0.000000e+00	0.000000e+00	0.000000e+00	1.861781e-03	5.397905e-08	9.894139e-03	3.385859e+07	9.816698e+02	1.799361e+08	
2.950000e+00	1.832284e+10	3.728819e+10	1.616578e+01	2.199115e+01	9.677772e+00	5.986578e-01	4.089770e-01	0.000000e+00	0.000000e+00	0.000000e+00	1.872606e-03	5.458054e-08	9.932577e-03	3.431147e+07	1.000070e+03	1.819930e+08	
3.000000e+00	1.846079e+10	3.890733e+10	1.619573e+01	2.199115e+01	9.695702e+00	5.986578e-01	4.173316e-01	0.000000e+00	0.000000e+00	0.000000e+00	1.883127e-03	5.521660e-08	9.969730e-03	3.476401e+07	1.019342e+03	1.840491e+08	
3.050000e+00	1.860373e+10	3.938117e+10	1.623020e+01	2.199115e+01	9.716339e+00	5.986578e-01	4.161012e-01	0.000000e+00	0.000000e+00	0.000000e+00	1.893641e-03	5.601332e-08	1.000542e-02	3.522878e+07	1.042057e+03	1.861381e+08	
3.100000e+00	1.874363e+10	4.049486e+10	1.626216e+01	2.199115e+01	9.735469e+00	5.986578e-01	4.204324e-01	0.000000e+00	0.000000e+00	0.000000e+00	1.903724e-03	5.670986e-08	1.004037e-02	3.568270e+07	1.062948e+03	1.881930e+08	
3.150000e+00	1.888516e+10	4.128797e+10	1.629566e+01	2.199115e+01	9.755526e+00	5.986578e-01	4.168319e-01	0.000000e+00	0.000000e+00	0.000000e+00	1.913584e-03	5.750096e-08	1.007411e-02	3.613834e+07	1.085915e+03	1.902512e+08	
3.200000e+00	1.902179e+10	4.236909e+10	1.632507e+01	2.199115e+01	9.773132e+00	5.986578e-01	4.191632e-01	0.000000e+00	0.000000e+00	0.000000e+00	1.922916e-03	5.807424e-08	1.010694e-02	3.657730e+07	1.104676e+03	1.922520e+08	
3.250000e+00	1.915858e+10	4.350059e+10	1.635478e+01	2.199115e+01	9.790915e+00	5.986578e-01	4.266026e-01	0.000000e+00	0.000000e+00	0.000000e+00	1.932224e-03	5.870130e-08	1.013891e-02	3.701867e+07	1.124633e+03	1.942470e+08	
3.300000e+00	1.929970e+10	4.419424e+10	1.638830e+01	2.199115e+01	9.810987e+00	5.986578e-01	4.357970e-01	0.000000e+00	0.000000e+00	0.000000e+00	1.941384e-03	5.948552e-08	1.016977e-02	3.746812e+07	1.148053e+03	1.962735e+08	
3.350000e+00	1.944639e+10	4.356433e+10	1.642664e+01	2.199115e+01	9.833935e+00	5.986578e-01	4.185943e-01	0.000000e+00	0.000000e+00	0.000000e+00	1.950416e-03	6.044875e-08	1.019975e-02	3.792856e+07	1.175510e+03	1.983484e+08	
3.400000e+00	1.957672e+10	4.534282e+10	1.645127e+01	2.199115e+01	9.848682e+00	5.986578e-01	4.245389e-01	0.000000e+00	0.000000e+00	0.000000e+00	1.958694e-03	6.085682e-08	1.022964e-02	3.834481e+07	1.191377e+03	2.002628e+08	
3.450000e+00	1.971049e+10	4.701364e+10	1.647896e+01	2.199115e+01	9.865257e+00	5.986578e-01	4.328257e-01	0.000000e+00	0.000000e+00	0.000000e+00	1.967113e-03	6.141736e-08	1.025848e-02	3.877276e+07	1.210567e+03	2.021998e+08	
3.500000e+00	1.984947e+10	4.711605e+10	1.651112e+01	2.199115e+01	9.884511e+00	5.986578e-01	4.298780e-01	0.000000e+00	0.000000e+00	0.000000e+00	1.975762e-03	6.221643e-08	1.028642e-02	3.921782e+07	1.234963e+03	2.041800e+08	
3.550000e+00	1.998413e+10	4.706893e+10	1.653981e+01	2.199115e+01	9.901688e+00	5.986578e-01	4.259523e-01	0.000000e+00	0.000000e+00	0.000000e+00	1.984090e-03	6.290951e-08	1.031427e-02	3.965031e+07	1.257192e+03	2.061217e+08	
3.600000e+00	2.011387e+10	4.977849e+10	1.656457e+01	2.199115e+01	9.916512e+00	5.986578e-01	4.302539e-01	0.000000e+00	0.000000e+00	0.000000e+00	1.991868e-03	6.346218e-08	1.034173e-02	4.006418e+07	1.276470e+03	2.080122e+08	
3.650000e+00	2.024572e+10	5.196097e+10	1.659123e+01	2.199115e+01	9.932468e+00	5.986578e-01	4.314562e-01	0.000000e+00	0.000000e+00	0.000000e+00	2.000121e-03	6.403716e-08	1.036830e-02	4.049390e+07	1.296479e+03	2.099137e+08	
3.700000e+00	2.037702e+10	5.328187e+10	1.661756e+01	2.199115e+01	9.948232e+00	5.986578e-01	4.314295e-01	0.000000e+00	0.000000e+00	0.000000e+00	2.008428e-03	6.454099e-08	1.039416e-02	4.092577e+07	1.315153e+03	2.118019e+08	
3.750000e+00	2.050675e+10	5.376157e+10	1.664276e+01	2.199115e+01	9.963320e+00	5.986578e-01	4.301456e-01	0.000000e+00	0.000000e+00	0.000000e+00	2.016570e-03	6.496327e-08	1.041942e-02	4.135329e+07	1.332186e+03	2.136685e+08	
3.800000e+00	2.063394e+10	5.488019e+10	1.666606e+01	2.199115e+01	9.977265e+00	5.986578e-01	4.310930e-01	0.000000e+00	0.000000e+00	0.000000e+00	2.024325e-03	6.531688e-08	1.044427e-02	4.176981e+07	1.347745e+03	2.155065e+08	
3.850000e+00	2.076056e+10	5.690860e+10	1.668905e+01	2.199115e+01	9.991028e+00	5.986578e-01	4.326823e-01	0.000000e+00	0.000000e+00	0.000000e+00	2.032041e-03	6.564506e-08	1.046860e-02	4.218632e+07	1.362828e+03	2.173341e+08	
3.900000e+00	2.088717e+10	5.774661e+10	1.671218e+01	2.199115e+01	1.000488e+01	5.986578e-01	4.293053e-01	0.000000e+00	0.000000e+00	0.000000e+00	2.039760e-03	6.594190e-08	1.049223e-02	4.260482e+07	1.377340e+03	2.191530e+08	
3.950000e+00	2.100961e+10	6.089503e+10	1.673213e+01	2.199115e+01	1.001682e+01	5.986578e-01	4.399605e-01	0.000000e+00	0.000000e+00	0.000000e+00	2.046947e-03	6.605390e-08	1.051525e-02	4.300555e+07	1.387766e+03	2.209212e+08	
4.000000e+00	2.113979e+10	6.230927e+10	1.675841e+01	2.199115e+01	1.003255e+01	5.986578e-01	4.403293e-01	0.000000e+00	0.000000e+00	0.000000e+00	2.054568e-03	6.645838e-08	1.053699e-02	4.343314e+07	1.404916e+03	2.227498e+08	
4.050000e+00	2.126876e+10	6.257150e+10	1.678383e+01	2.199115e+01	1.004777e+01	5.986578e-01	4.385900e-01	0.000000e+00	0.000000e+00	0.000000e+00	2.062103e-03	6.683075e-08	1.055844e-02	4.385838e+07	1.421407e+03	2.245649e+08	
4.100000e+00	2.139480e+10	6.280224e+10	1.680707e+01	2.199115e+01	1.006168e+01	5.986578e-01	4.372247e-01	0.000000e+00	0.000000e+00	0.000000e+00	2.069252e-03	6.715233e-08	1.057978e-02	4.427123e+07	1.436711e+03	2.263523e+08	
4.150000e+00	2.151834e+10	6.280924e+10	1.682849e+01	2.199115e+01	1.007451e+01	5.986578e-01	4.348833e-01	0.000000e+00	0.000000e+00	0.000000e+00	2.076073e-03	6.743189e-08	1.060099e-02	4.467365e+07	1.451022e+03	2.281156e+08	
4.200000e+00	2.163867e+10	6.173108e+10	1.684755e+01	2.199115e+01	1.008592e+01	5.986578e-01	4.247030e-01	0.000000e+00	0.000000e+00	0.000000e+00	2.082481e-03	6.761161e-08	1.062186e-02	4.506211e+07	1.463025e+03	2.298429e+08	
4.250000e+00	2.174932e+10	6.235109e+10	1.685926e+01	2.199115e+01	1.009293e+01	5.986578e-01	4.282798e-01	0.000000e+00	0.000000e+00	0.000000e+00	2.087975e-03	6.750916e-08	1.064221e-02	4.541202e+07	1.468278e+03	2.314608e+08	
4.300000e+00	2.186229e+10	6.133084e+10	1.687299e+01	2.199115e+01	1.010115e+01	5.986578e-01	4.252823e-01	0.000000e+00	0.000000e+00	0.000000e+00	2.093347e-03	6.752391e-08	1.066183e-02	4.576535e+07	1.476227e+03	2.330921e+08	
4.350000e+00	2.197193e+10	6.182765e+10	1.688435e+01	2.199115e+01	1.010795e+01	5.986578e-01	4.261767e-01	0.000000e+00	0.000000e+00	0.000000e+00	2.097967e-03	6.749618e-08	1.068100e-02	4.609638e+07	1.483021e+03	2.346821e+08	
4.400000e+00	2.208166e+10	6.286629e+10	1.689600e+01	2.199115e+01	1.011493e+01	5.986578e-01	4.293214e-01	0.000000e+00	0.000000e+00	0.000000e+00	2.102535e-03	6.748838e-08	1.069977e-02	4.642745e+07	1.490255e+03	2.362686e+08	
4.450000e+00	2.219336e+10	6.171589e+10	1.690936e+01	2.199115e+01	1.012292e+01	5.986578e-01	4.297276e-01	0.000000e+00	0.000000e+00	0.000000e+00	2.107004e-03	6.753138e-08	1.071768e-02	4.676149e+07	1.498748e+03	2.378613e+08	
4.500000e+00	2.230462e+10	6.192008e+10	1.692258e+01	2.199115e+01	1.013084e+01	5.986578e-01	4.388729e-01	0.000000e+00	0.000000e+00	0.000000e+00	2.110954e-03	6.772212e-08	1.073570e-02	4.708403e+07	1.510516e+03	2.394558e+08	
4.550000e+00	2.242285e+10	6.133225e+10	1.694125e+01	2.199115e+01	1.014201e+01	5.986578e-01	4.348338e-01	0.000000e+00	0.000000e+00	0.000000e+00	2.115044e-03	6.821469e-08	1.075309e-02	4.742533e+07	1.529568e+03	2.411148e+08	
4.600000e+00	2.253658e+10	6.190477e+10	1.695667e+01	2.199115e+01	1.015124e+01	5.986578e-01	4.330912e-01	0.000000e+00	0.000000e+00	0.000000e+00	2.118876e-03	6.863594e-08	1.077054e-02	4.775221e+07	1.546819e+03	2.427311e+08	
4.650000e+00	2.264793e+10	6.298169e+10	1.697047e+01	2.199115e+01	1.015950e+01	5.986578e-01	4.325916e-01	0.000000e+00	0.000000e+00	0.000000e+00	2.122660e-03	6.900239e-08	1.078780e-02	4.807385e+07	1.562761e+03	2.443212e+08	
4.700000e+00	2.275805e+10	6.185115e+10	1.698352e+01	2.199115e+01	1.016732e+01	5.986578e-01	4.244875e-01	0.000000e+00	0.000000e+00	0.000000e+00	2.126480e-03	6.931563e-08	1.080471e-02	4.839455e+07	1.577489e+03	2.458942e+08	
4.750000e+00	2.286053e+10	6.283769e+10	1.699107e+01	2.199115e+01	1.017184e+01	5.986578e-01	4.248386e-01	0.000000e+00	0.000000e+00	0.000000e+00	2.129675e-03	6.937216e-08	1.082137e-02	4.868551e+07	1.585884e+03	2.473823e+08	
4.800000e+00	2.296287e+10	6.279651e+10	1.699873e+01	2.199115e+01	1.017642e+01	5.986578e-01	4.240041e-01	0.000000e+00	0.000000e+00	0.000000e+00	2.132816e-03	6.941610e-08	1.083753e-02	4.897557e+07	1.593993e+03	2.488607e+08	
4.850000e+00	2.306404e+10	6.164523e+10	1.700574e+01	2.199115e+01	1.018062e+01	5.986578e-01	4.189254e-01	0.000000e+00	0.000000e+00	0.000000e+00	2.135749e-03	6.943812e-08	1.085331e-02	4.925900e+07	1.601524e+03	2.503213e+08	
4.900000e+00	2.316049e+10	6.273584e+10	1.700948e+01	2.199115e+01	1.018286e+01	5.986578e-01	4.251413e-01	0.000000e+00	0.000000e+00	0.000000e+00	2.138058e-03	6.931858e-08	1.086871e-02	4.951847e+07	1.605452e+03	2.517246e+08	
4.950000e+00	2.326200e+10	6.332607e+10	1.701717e+01	2.199115e+01	1.018746e+01	5.986578e-01	4.283427e-01	0.000000e+00	0.000000e+00	0.000000e+00	2.140725e-03	6.943602e-08	1.088356e-02	4.979754e+07	1.615221e+03	2.531733e+08	
5.000000e+00	2.336579e+10	6.381349e+10	1.702671e+01	2.199115e+01	1.019318e+01	5.986578e-01	4.274653e-01	0.000000e+00	0.000000e+00	0.000000e+00	2.143460e-03	6.970398e-08	1.089829e-02	5.008362e+07	1.628688e+03	2.546472e+08	
5.050000e+00	2.346827e+10	6.392712e+10	1.703549e+01	2.199115e+01	1.019843e+01	5.986578e-01	4.270373e-01	0.000000e+00	0.000000e+00	0.000000e+00	2.146131e-03	6.992287e-08	1.091272e-02	5.036596e+07	1.640968e+03	2.561027e+08	
5.100000e+00	2.356987e+10	6.499269e+10	1.704381e+01	2.199115e+01	1.020341e+01	5.986578e-01	4.267191e-01	0.000000e+00	0.000000e+00	0.000000e+00	2.148793e-03	7.011238e-08	1.092680e-02	5.064677e+07	1.652539e+03	2.575431e+08	
5.150000e+00	2.367071e+10	6.554719e+10	1.705177e+01	2.199115e+01	1.020818e+01	5.986578e-01	4.267177e-01	0.000000e+00	0.000000e+00	0.000000e+00	2.151399e-03	7.025290e-08	1.094043e-02	5.092514e+07	1.662936e+03	2.589677e+08	
5.200000e+00	2.377108e+10	6.597290e+10	1.705958e+01	2.199115e+01	1.021285e+01	5.986578e-01	4.258676e-01	0.000000e+00	0.000000e+00	0.000000e+00	2.154003e-03	7.036613e-08	1.095377e-02	5.120299e+07	1.672679e+03	2.603829e+08	
5.250000e+00	2.387027e+10	6.813775e+10	1.706673e+01	2.199115e+01	1.021713e+01	5.986578e-01	4.302423e-01	0.000000e+00	0.000000e+00	0.000000e+00	2.156430e-03	7.044797e-08	1.096676e-02	5.147458e+07	1.681612e+03	2.617797e+08	
5.300000e+00	2.397278e+10	6.811424e+10	1.707642e+01	2.199115e+01	1.022293e+01	5.986578e-01	4.278729e-01	0.000000e+00	0.000000e+00	0.000000e+00	2.159175e-03	7.065187e-08	1.097951e-02	5.176143e+07	1.693722e+03	2.632094e+08	
5.350000e+00	2.407270e+10	6.816112e+10	1.708443e+01	2.199115e+01	1.022773e+01	5.986578e-01	4.269464e-01	0.000000e+00	0.000000e+00	0.000000e+00	2.161645e-03	7.077752e-08	1.099207e-02	5.203662e+07	1.703806e+03	2.646087e+08	
5.400000e+00	2.417135e+10	6.870660e+10	1.709173e+01	2.199115e+01	1.023210e+01	5.986578e-01	4.316052e-01	0.000000e+00	0.000000e+00	0.000000e+00	2.163965e-03	7.087213e-08	1.100437e-02	5.230595e+07	1.713075e+03	2.659904e+08	
5.450000e+00	2.427356e+10	6.923427e+10	1.710170e+01	2.199115e+01	1.023807e+01	5.986578e-01	4.305776e-01	0.000000e+00	0.000000e+00	0.000000e+00	2.166449e-03	7.115052e-08	1.101674e-02	5.258744e+07	1.727077e+03	2.674156e+08	
5.500000e+00	2.437431e+10	6.972408e+10	1.711080e+01	2.199115e+01	1.024351e+01	5.986578e-01	4.290502e-01	0.000000e+00	0.000000e+00	0.000000e+00	2.168853e-03	7.137223e-08	1.102882e-02	5.286431e+07	1.739649e+03	2.688199e+08	
5.550000e+00	2.447322e+10	7.178163e+10	1.711877e+01	2.199115e+01	1.024828e+01	5.986578e-01	4.369710e-01	0.000000e+00	0.000000e+00	0.000000e+00	2.171058e-03	7.153090e-08	1.104054e-02	5.313278e+07	1.750592e+03	2.701976e+08	
5.600000e+00	2.457845e+10	7.161034e+10	1.713130e+01	2.199115e+01	1.025578e+01	5.986578e-01	4.315143e-01	0.000000e+00	0.000000e+00	0.000000e+00	2.173689e-03	7.190506e-08	1.105222e-02	5.342589e+07	1.767315e+03	2.716465e+08	
5.650000e+00	2.467827e+10	7.308188e+10	1.714020e+01	2.199115e+01	1.026111e+01	5.986578e-01	4.315504e-01	0.000000e+00	0.000000e+00	0.000000e+00	2.176063e-03	7.207920e-08	1.106383e-02	5.370147e+07	1.778790e+03	2.730362e+08	
5.700000e+00	2.477761e+10	7.406389e+10	1.714891e+01	2.199115e+01	1.026633e+01	5.986578e-01	4.313806e-01	0.000000e+00	0.000000e+00	0.000000e+00	2.178435e-03	7.220431e-08	1.107503e-02	5.397642e+07	1.789050e+03	2.744128e+08	
5.750000e+00	2.487629e+10	7.323100e+10	1.715733e+01	2.199115e+01	1.027137e+01	5.986578e-01	4.292540e-01	0.000000e+00	0.000000e+00	0.000000e+00	2.180766e-03	7.230208e-08	1.108593e-02	5.424936e+07	1.798607e+03	2.757769e+08	
5.800000e+00	2.497265e+10	7.414124e+10	1.716430e+01	2.199115e+01	1.027554e+01	5.986578e-01	4.148332e-01	0.000000e+00	0.000000e+00	0.000000e+00	2.182780e-03	7.237135e-08	1.109655e-02	5.450981e+07	1.807305e+03	2.771103e+08	
5.850000e+00	2.505623e+10	7.460347e+10	1.716266e+01	2.199115e+01	1.027456e+01	5.986578e-01	4.185556e-01	0.000000e+00	0.000000e+00	0.000000e+00	2.184625e-03	7.217546e-08	1.110676e-02	5.473848e+07	1.808445e+03	2.782935e+08	
5.900000e+00	2.514311e+10	7.570727e+10	1.716349e+01	2.199115e+01	1.027506e+01	5.986578e-01	4.271625e-01	0.000000e+00	0.000000e+00	0.000000e+00	2.186334e-03	7.193209e-08	1.111650e-02	5.497123e+07	1.808596e+03	2.795033e+08	
5.950000e+00	2.523732e+10	7.623986e+10	1.716950e+01	2.199115e+01	1.027866e+01	5.986578e-01	4.277465e-01	0.000000e+00	0.000000e+00	0.000000e+00	2.188222e-03	7.188432e-08	1.112564e-02	5.522485e+07	1.814167e+03	2.807812e+08	
6.000000e+00	2.533168e+10	7.472921e+10	1.717577e+01	2.199115e+01	1.028241e+01	5.986578e-01	4.262937e-01	0.000000e+00	0.000000e+00	0.000000e+00	2.190032e-03	7.183106e-08	1.113458e-02	5.547718e+07	1.819601e+03	2.820575e+08	
6.050000e+00	2.542442e+10	7.573013e+10	1.718109e+01	2.199115e+01	1.028559e+01	5.986578e-01	4.267942e-01	0.000000e+00	0.000000e+00	0.000000e+00	2.191611e-03	7.178777e-08	1.114354e-02	5.572045e+07	1.825162e+03	2.833180e+08	
6.100000e+00	2.551728e+10	7.674348e+10	1.718665e+01	2.199115e+01	1.028892e+01	5.986578e-01	4.229409e-01	0.000000e+00	0.000000e+00	0.000000e+00	2.193157e-03	7.174822e-08	1.115229e-02	5.596341e+07	1.830820e+03	2.845761e+08	
6.150000e+00	2.560651e+10	7.735479e+10	1.718992e+01	2.199115e+01	1.029088e+01	5.986578e-01	4.275544e-01	0.000000e+00	0.000000e+00	0.000000e+00	2.194562e-03	7.152423e-08	1.116068e-02	5.619506e+07	1.831486e+03	2.857859e+08	
6.200000e+00	2.569951e+10	7.749111e+10	1.719588e+01	2.199115e+01	1.029445e+01	5.986578e-01	4.270620e-01	0.000000e+00	0.000000e+00	0.000000e+00	2.196177e-03	7.147980e-08	1.116909e-02	5.644067e+07	1.836996e+03	2.870402e+08	
6.250000e+00	2.579173e+10	7.791926e+10	1.720147e+01	2.199115e+01	1.029779e+01	5.986578e-01	4.237072e-01	0.000000e+00	0.000000e+00	0.000000e+00	2.197641e-03	7.142954e-08	1.117728e-02	5.668099e+07	1.842292e+03	2.882813e+08	
6.300000e+00	2.588075e+10	7.895020e+10	1.720506e+01	2.199115e+01	1.029995e+01	5.986578e-01	4.248256e-01	0.000000e+00	0.000000e+00	0.000000e+00	2.198845e-03	7.123923e-08	1.118505e-02	5.690775e+07	1.843725e+03	2.894775e+08	
6.350000e+00	2.597051e+10	8.001636e+10	1.720931e+01	2.199115e+01	1.030249e+01	5.986578e-01	4.261282e-01	0.000000e+00	0.000000e+00	0.000000e+00	2.200050e-03	7.107628e-08	1.119248e-02	5.713642e+07	1.845887e+03	2.906745e+08	
6.400000e+00	2.606115e+10	8.260631e+10	1.721429e+01	2.199115e+01	1.030547e+01	5.986578e-01	4.285519e-01	0.000000e+00	0.000000e+00	0.000000e+00	2.201295e-03	7.094490e-08	1.119954e-02	5.736827e+07	1.848906e+03	2.918730e+08	
6.450000e+00	2.615358e+10	8.354096e+10	1.722058e+01	2.199115e+01	1.030924e+01	5.986578e-01	4.356571e-01	0.000000e+00	0.000000e+00	0.000000e+00	2.202681e-03	7.083848e-08	1.120617e-02	5.760798e+07	1.852680e+03	2.930815e+08	
6.500000e+00	2.625176e+10	8.517641e+10	1.723079e+01	2.199115e+01	1.031535e+01	5.986578e-01	4.298072e-01	0.000000e+00	0.000000e+00	0.000000e+00	2.204196e-03	7.091012e-08	1.121319e-02	5.786403e+07	1.861515e+03	2.943659e+08	
6.550000e+00	2.634431e+10	8.818766e+10	1.723741e+01	2.199115e+01	1.031931e+01	5.986578e-01	4.330753e-01	0.000000e+00	0.000000e+00	0.000000e+00	2.205626e-03	7.079864e-08	1.121986e-02	5.810568e+07	1.865141e+03	2.955795e+08	
6.600000e+00	2.643928e+10	8.918846e+10	1.724575e+01	2.199115e+01	1.032430e+01	5.986578e-01	4.333099e-01	0.000000e+00	0.000000e+00	0.000000e+00	2.207351e-03	7.073162e-08	1.122616e-02	5.836078e+07	1.870093e+03	2.968116e+08	
6.650000e+00	2.653397e+10	9.025261e+10	1.725401e+01	2.199115e+01	1.032925e+01	5.986578e-01	4.338064e-01	0.000000e+00	0.000000e+00	0.000000e+00	2.208970e-03	7.066601e-08	1.123226e-02	5.861275e+07	1.875050e+03	2.980365e+08	
6.700000e+00	2.662861e+10	9.404500e+10	1.726236e+01	2.199115e+01	1.033424e+01	5.986578e-01	4.401646e-01	0.000000e+00	0.000000e+00	0.000000e+00	2.210549e-03	7.060842e-08	1.123825e-02	5.886385e+07	1.880204e+03	2.992589e+08	
6.750000e+00	2.672826e+10	9.444191e+10	1.727404e+01	2.199115e+01	1.034124e+01	5.986578e-01	4.350877e-01	0.000000e+00	0.000000e+00	0.000000e+00	2.212406e-03	7.068849e-08	1.124368e-02	5.913375e+07	1.889380e+03	3.005239e+08	
6.800000e+00	2.682284e+10	9.641921e+10	1.728256e+01	2.199115e+01	1.034634e+01	5.986578e-01	4.364793e-01	0.000000e+00	0.000000e+00	0.000000e+00	2.213592e-03	7.064130e-08	1.124886e-02	5.937481e+07	1.894800e+03	3.017264e+08	
6.850000e+00	2.691812e+10	9.791516e+10	1.729163e+01	2.199115e+01	1.035177e+01	5.986578e-01	4.402877e-01	0.000000e+00	0.000000e+00	0.000000e+00	2.214910e-03	7.059535e-08	1.125400e-02	5.962122e+07	1.900294e+03	3.029366e+08	
6.900000e+00	2.701617e+10	1.004624e+11	1.730258e+01	2.199115e+01	1.035833e+01	5.986578e-01	4.451911e-01	0.000000e+00	0.000000e+00	0.000000e+00	2.216465e-03	7.065258e-08	1.125908e-02	5.988039e+07	1.908762e+03	3.041772e+08	
6.950000e+00	2.711783e+10	1.032567e+11	1.731592e+01	2.199115e+01	1.036631e+01	5.986578e-01	4.555509e-01	0.000000e+00	0.000000e+00	0.000000e+00	2.218181e-03	7.080689e-08	1.126447e-02	6.015226e+07	1.920129e+03	3.054679e+08	
7.000000e+00	2.722769e+10	1.043454e+11	1.733456e+01	2.199115e+01	1.037747e+01	5.986578e-01	4.543417e-01	0.000000e+00	0.000000e+00	0.000000e+00	2.220490e-03	7.113596e-08	1.127073e-02	6.045883e+07	1.936868e+03	3.068759e+08	
7.050000e+00	2.733544e+10	1.052726e+11	1.735189e+01	2.199115e+01	1.038785e+01	5.986578e-01	4.481895e-01	0.000000e+00	0.000000e+00	0.000000e+00	2.223015e-03	7.147692e-08	1.127704e-02	6.076711e+07	1.953853e+03	3.082627e+08	
7.100000e+00	2.743686e+10	1.051904e+11	1.736527e+01	2.199115e+01	1.039586e+01	5.986578e-01	4.453723e-01	0.000000e+00	0.000000e+00	0.000000e+00	2.225283e-03	7.160222e-08	1.128279e-02	6.105477e+07	1.964540e+03	3.095643e+08	
7.150000e+00	2.753506e+10	1.045808e+11	1.737669e+01	2.199115e+01	1.040269e+01	5.986578e-01	4.422970e-01	0.000000e+00	0.000000e+00	0.000000e+00	2.227270e-03	7.165636e-08	1.128871e-02	6.132801e+07	1.973062e+03	3.108354e+08	
7.200000e+00	2.762993e+10	1.051002e+11	1.738609e+01	2.199115e+01	1.040832e+01	5.986578e-01	4.425167e-01	0.000000e+00	0.000000e+00	0.000000e+00	2.228865e-03	7.166128e-08	1.129472e-02	6.158339e+07	1.979996e+03	3.120722e+08	
7.250000e+00	2.772445e+10	1.020592e+11	1.739537e+01	2.199115e+01	1.041387e+01	5.986578e-01	4.349166e-01	0.000000e+00	0.000000e+00	0.000000e+00	2.230613e-03	7.164186e-08	1.130088e-02	6.184251e+07	1.986231e+03	3.133108e+08	
7.300000e+00	2.781182e+10	1.005954e+11	1.740026e+01	2.199115e+01	1.041680e+01	5.986578e-01	4.330850e-01	0.000000e+00	0.000000e+00	0.000000e+00	2.231917e-03	7.144990e-08	1.130728e-02	6.207367e+07	1.987152e+03	3.144761e+08	
7.350000e+00	2.789731e+10	9.883428e+10	1.740409e+01	2.199115e+01	1.041910e+01	5.986578e-01	4.201362e-01	0.000000e+00	0.000000e+00	0.000000e+00	2.232903e-03	7.126341e-08	1.131363e-02	6.229199e+07	1.988058e+03	3.156200e+08	
7.400000e+00	2.797132e+10	9.942406e+10	1.740089e+01	2.199115e+01	1.041718e+01	5.986578e-01	4.232006e-01	0.000000e+00	0.000000e+00	0.000000e+00	2.233295e-03	7.073519e-08	1.131994e-02	6.246821e+07	1.978556e+03	3.166336e+08	
7.450000e+00	2.804817e+10	9.845947e+10	1.739962e+01	2.199115e+01	1.041642e+01	5.986578e-01	4.241237e-01	0.000000e+00	0.000000e+00	0.000000e+00	2.233751e-03	7.027926e-08	1.132601e-02	6.265262e+07	1.971205e+03	3.176739e+08	
7.500000e+00	2.812591e+10	9.759444e+10	1.739904e+01	2.199115e+01	1.041607e+01	5.986578e-01	4.253077e-01	0.000000e+00	0.000000e+00	0.000000e+00	2.234115e-03	6.990241e-08	1.133198e-02	6.283651e+07	1.966069e+03	3.187222e+08	
7.550000e+00	2.820471e+10	9.778913e+10	1.739925e+01	2.199115e+01	1.041620e+01	5.986578e-01	4.276508e-01	0.000000e+00	0.000000e+00	0.000000e+00	2.234502e-03	6.960491e-08	1.133787e-02	6.302349e+07	1.963186e+03	3.197812e+08	
7.600000e+00	2.828553e+10	9.671353e+10	1.740085e+01	2.199115e+01	1.041715e+01	5.986578e-01	4.272578e-01	0.000000e+00	0.000000e+00	0.000000e+00	2.234880e-03	6.940541e-08	1.134339e-02	6.321478e+07	1.963169e+03	3.208539e+08	
7.650000e+00	2.836592e+10	9.660172e+10	1.740229e+01	2.199115e+01	1.041802e+01	5.986578e-01	4.273130e-01	0.000000e+00	0.000000e+00	0.000000e+00	2.235174e-03	6.924355e-08	1.134895e-02	6.340278e+07	1.964157e+03	3.219233e+08	
7.700000e+00	2.844628e+10	9.719934e+10	1.740384e+01	2.199115e+01	1.041895e+01	5.986578e-01	4.283779e-01	0.000000e+00	0.000000e+00	0.000000e+00	2.235415e-03	6.911913e-08	1.135441e-02	6.358923e+07	1.966182e+03	3.229906e+08	
7.750000e+00	2.852746e+10	9.621188e+10	1.740602e+01	2.199115e+01	1.042025e+01	5.986578e-01	4.194379e-01	0.000000e+00	0.000000e+00	0.000000e+00	2.235746e-03	6.902849e-08	1.135980e-02	6.378017e+07	1.969208e+03	3.240662e+08	
7.800000e+00	2.860075e+10	9.637010e+10	1.740351e+01	2.199115e+01	1.041875e+01	5.986578e-01	4.211146e-01	0.000000e+00	0.000000e+00	0.000000e+00	2.235667e-03	6.874075e-08	1.136506e-02	6.394174e+07	1.966037e+03	3.250493e+08	
7.850000e+00	2.867563e+10	9.723952e+10	1.740211e+01	2.199115e+01	1.041791e+01	5.986578e-01	4.239885e-01	0.000000e+00	0.000000e+00	0.000000e+00	2.235593e-03	6.849979e-08	1.137026e-02	6.410703e+07	1.964275e+03	3.260493e+08	
7.900000e+00	2.875311e+10	9.866804e+10	1.740240e+01	2.199115e+01	1.041809e+01	5.986578e-01	4.277815e-01	0.000000e+00	0.000000e+00	0.000000e+00	2.235722e-03	6.833128e-08	1.137543e-02	6.428395e+07	1.964736e+03	3.270789e+08	
7.950000e+00	2.883386e+10	9.841418e+10	1.740480e+01	2.199115e+01	1.041952e+01	5.986578e-01	4.271047e-01	0.000000e+00	0.000000e+00	0.000000e+00	2.236132e-03	6.824378e-08	1.138040e-02	6.447632e+07	1.967732e+03	3.281408e+08	
8.000000e+00	2.891388e+10	9.853111e+10	1.740688e+01	2.199115e+01	1.042076e+01	5.986578e-01	4.298191e-01	0.000000e+00	0.000000e+00	0.000000e+00	2.236407e-03	6.815619e-08	1.138536e-02	6.466320e+07	1.970660e+03	3.291949e+08	
8.050000e+00	2.899615e+10	9.789155e+10	1.741040e+01	2.199115e+01	1.042287e+01	5.986578e-01	4.288604e-01	0.000000e+00	0.000000e+00	0.000000e+00	2.236705e-03	6.821413e-08	1.139046e-02	6.485583e+07	1.977947e+03	3.302794e+08	
8.100000e+00	2.907738e+10	9.722438e+10	1.741341e+01	2.199115e+01	1.042467e+01	5.986578e-01	4.283527e-01	0.000000e+00	0.000000e+00	0.000000e+00	2.236924e-03	6.827935e-08	1.139562e-02	6.504389e+07	1.985384e+03	3.313547e+08	
8.150000e+00	2.915798e+10	9.915011e+10	1.741615e+01	2.199115e+01	1.042631e+01	5.986578e-01	4.360226e-01	0.000000e+00	0.000000e+00	0.000000e+00	2.237137e-03	6.835288e-08	1.140082e-02	6.523041e+07	1.993032e+03	3.324248e+08	
8.200000e+00	2.924511e+10	1.003893e+11	1.742288e+01	2.199115e+01	1.043034e+01	5.986578e-01	4.379691e-01	0.000000e+00	0.000000e+00	0.000000e+00	2.237693e-03	6.863091e-08	1.140618e-02	6.544157e+07	2.007118e+03	3.335750e+08	
8.250000e+00	2.933354e+10	1.009058e+11	1.743046e+01	2.199115e+01	1.043488e+01	5.986578e-01	4.401506e-01	0.000000e+00	0.000000e+00	0.000000e+00	2.238506e-03	6.894631e-08	1.141137e-02	6.566331e+07	2.022439e+03	3.347360e+08	
8.300000e+00	2.942343e+10	1.003189e+11	1.743899e+01	2.199115e+01	1.043999e+01	5.986578e-01	4.379299e-01	0.000000e+00	0.000000e+00	0.000000e+00	2.239713e-03	6.929077e-08	1.141676e-02	6.590003e+07	2.038772e+03	3.359204e+08	
8.350000e+00	2.951089e+10	1.004593e+11	1.744615e+01	2.199115e+01	1.044427e+01	5.986578e-01	4.370148e-01	0.000000e+00	0.000000e+00	0.000000e+00	2.240743e-03	6.958336e-08	1.142219e-02	6.612634e+07	2.053467e+03	3.370789e+08	
8.400000e+00	2.959714e+10	1.019353e+11	1.745267e+01	2.199115e+01	1.044818e+01	5.986578e-01	4.373829e-01	0.000000e+00	0.000000e+00	0.000000e+00	2.241751e-03	6.984151e-08	1.142767e-02	6.634941e+07	2.067109e+03	3.382263e+08	
8.450000e+00	2.968333e+10	1.035281e+11	1.745924e+01	2.199115e+01	1.045211e+01	5.986578e-01	4.409510e-01	0.000000e+00	0.000000e+00	0.000000e+00	2.242820e-03	7.007155e-08	1.143305e-02	6.657435e+07	2.079957e+03	3.393710e+08	
8.500000e+00	2.977225e+10	1.046924e+11	1.746749e+01	2.199115e+01	1.045705e+01	5.986578e-01	4.326896e-01	0.000000e+00	0.000000e+00	0.000000e+00	2.243826e-03	7.023078e-08	1.143876e-02	6.680375e+07	2.090929e+03	3.405577e+08	
8.550000e+00	2.985348e+10	1.060477e+11	1.747130e+01	2.199115e+01	1.045933e+01	5.986578e-01	4.394417e-01	0.000000e+00	0.000000e+00	0.000000e+00	2.244524e-03	7.020501e-08	1.144419e-02	6.700686e+07	2.095864e+03	3.416490e+08	
8.600000e+00	2.994039e+10	1.078985e+11	1.747852e+01	2.199115e+01	1.046365e+01	5.986578e-01	4.396965e-01	0.000000e+00	0.000000e+00	0.000000e+00	2.245222e-03	7.037889e-08	1.144962e-02	6.722281e+07	2.107171e+03	3.428061e+08	
8.650000e+00	3.002710e+10	1.087997e+11	1.748570e+01	2.199115e+01	1.046795e+01	5.986578e-01	4.316928e-01	0.000000e+00	0.000000e+00	0.000000e+00	2.246112e-03	7.057271e-08	1.145478e-02	6.744423e+07	2.119094e+03	3.439540e+08	
8.700000e+00	3.010640e+10	1.106064e+11	1.748864e+01	2.199115e+01	1.046971e+01	5.986578e-01	4.424561e-01	0.000000e+00	0.000000e+00	0.000000e+00	2.246856e-03	7.054238e-08	1.145978e-02	6.764474e+07	2.123777e+03	3.450128e+08	
8.750000e+00	3.019494e+10	1.142735e+11	1.749703e+01	2.199115e+01	1.047473e+01	5.986578e-01	4.449261e-01	0.000000e+00	0.000000e+00	0.000000e+00	2.247593e-03	7.062291e-08	1.146499e-02	6.786593e+07	2.132454e+03	3.461845e+08	
8.800000e+00	3.028515e+10	1.134336e+11	1.750645e+01	2.199115e+01	1.048037e+01	5.986578e-01	4.427194e-01	0.000000e+00	0.000000e+00	0.000000e+00	2.248847e-03	7.082912e-08	1.147002e-02	6.810667e+07	2.145070e+03	3.473713e+08	
8.850000e+00	3.037289e+10	1.128977e+11	1.751450e+01	2.199115e+01	1.048519e+01	5.986578e-01	4.386549e-01	0.000000e+00	0.000000e+00	0.000000e+00	2.250027e-03	7.103959e-08	1.147501e-02	6.833981e+07	2.157678e+03	3.485291e+08	
8.900000e+00	3.045660e+10	1.133121e+11	1.752030e+01	2.199115e+01	1.048867e+01	5.986578e-01	4.363489e-01	0.000000e+00	0.000000e+00	0.000000e+00	2.250938e-03	7.113319e-08	1.147980e-02	6.855593e+07	2.166475e+03	3.496357e+08	
8.950000e+00	3.053796e+10	1.138039e+11	1.752482e+01	2.199115e+01	1.049137e+01	5.986578e-01	4.354990e-01	0.000000e+00	0.000000e+00	0.000000e+00	2.251629e-03	7.115619e-08	1.148441e-02	6.876014e+07	2.172965e+03	3.507105e+08	
9.000000e+00	3.061831e+10	1.158140e+11	1.752885e+01	2.199115e+01	1.049378e+01	5.986578e-01	4.394281e-01	0.000000e+00	0.000000e+00	0.000000e+00	2.252198e-03	7.116740e-08	1.148891e-02	6.895849e+07	2.179026e+03	3.517711e+08	
9.050000e+00	3.070187e+10	1.157452e+11	1.753479e+01	2.199115e+01	1.049734e+01	5.986578e-01	4.375744e-01	0.000000e+00	0.000000e+00	0.000000e+00	2.253064e-03	7.129280e-08	1.149350e-02	6.917326e+07	2.188822e+03	3.528720e+08	
9.100000e+00	3.078346e+10	1.141127e+11	1.753967e+01	2.199115e+01	1.050026e+01	5.986578e-01	4.306003e-01	0.000000e+00	0.000000e+00	0.000000e+00	2.253740e-03	7.137248e-08	1.149805e-02	6.937793e+07	2.197092e+03	3.539497e+08	
9.150000e+00	3.085865e+10	1.146800e+11	1.754100e+01	2.199115e+01	1.050106e+01	5.986578e-01	4.312090e-01	0.000000e+00	0.000000e+00	0.000000e+00	2.253908e-03	7.124468e-08	1.150239e-02	6.955257e+07	2.198515e+03	3.549482e+08	
9.200000e+00	3.093430e+10	1.158261e+11	1.754267e+01	2.199115e+01	1.050206e+01	5.986578e-01	4.373123e-01	0.000000e+00	0.000000e+00	0.000000e+00	2.254097e-03	7.113966e-08	1.150658e-02	6.972889e+07	2.200655e+03	3.559480e+08	
9.250000e+00	3.101520e+10	1.172974e+11	1.754741e+01	2.199115e+01	1.050489e+01	5.986578e-01	4.401163e-01	0.000000e+00	0.000000e+00	0.000000e+00	2.254605e-03	7.119261e-08	1.151064e-02	6.992703e+07	2.208053e+03	3.570046e+08	
9.300000e+00	3.109828e+10	1.192797e+11	1.755345e+01	2.199115e+01	1.050851e+01	5.986578e-01	4.409817e-01	0.000000e+00	0.000000e+00	0.000000e+00	2.255442e-03	7.128240e-08	1.151454e-02	7.014037e+07	2.216760e+03	3.580826e+08	
9.350000e+00	3.118178e+10	1.213794e+11	1.755979e+01	2.199115e+01	1.051231e+01	5.986578e-01	4.410819e-01	0.000000e+00	0.000000e+00	0.000000e+00	2.256366e-03	7.136490e-08	1.151841e-02	7.035751e+07	2.225285e+03	3.591646e+08	
9.400000e+00	3.126500e+10	1.231627e+11	1.756604e+01	2.199115e+01	1.051605e+01	5.986578e-01	4.414858e-01	0.000000e+00	0.000000e+00	0.000000e+00	2.257253e-03	7.142480e-08	1.152225e-02	7.057302e+07	2.233096e+03	3.602432e+08	
9.450000e+00	3.134821e+10	1.231790e+11	1.757235e+01	2.199115e+01	1.051982e+01	5.986578e-01	4.397941e-01	0.000000e+00	0.000000e+00	0.000000e+00	2.258155e-03	7.147275e-08	1.152608e-02	7.078913e+07	2.240543e+03	3.613219e+08	
9.500000e+00	3.142957e+10	1.254157e+11	1.757768e+01	2.199115e+01	1.052302e+01	5.986578e-01	4.386029e-01	0.000000e+00	0.000000e+00	0.000000e+00	2.258840e-03	7.150165e-08	1.152989e-02	7.099436e+07	2.247266e+03	3.623796e+08	
9.550000e+00	3.150957e+10	1.268866e+11	1.758233e+01	2.199115e+01	1.052580e+01	5.986578e-01	4.411347e-01	0.000000e+00	0.000000e+00	0.000000e+00	2.259557e-03	7.143918e-08	1.153352e-02	7.119768e+07	2.251018e+03	3.634162e+08	
9.600000e+00	3.159153e+10	1.264175e+11	1.758814e+01	2.199115e+01	1.052928e+01	5.986578e-01	4.403985e-01	0.000000e+00	0.000000e+00	0.000000e+00	2.260340e-03	7.143068e-08	1.153692e-02	7.140761e+07	2.256605e+03	3.644689e+08	
9.650000e+00	3.167251e+10	1.262784e+11	1.759346e+01	2.199115e+01	1.053246e+01	5.986578e-01	4.394827e-01	0.000000e+00	0.000000e+00	0.000000e+00	2.261062e-03	7.142166e-08	1.154050e-02	7.161350e+07	2.262103e+03	3.655165e+08	
9.700000e+00	3.175237e+10	1.282760e+11	1.759823e+01	2.199115e+01	1.053532e+01	5.986578e-01	4.385268e-01	0.000000e+00	0.000000e+00	0.000000e+00	2.261677e-03	7.141374e-08	1.154417e-02	7.181362e+07	2.267556e+03	3.665548e+08	
9.750000e+00	3.183112e+10	1.305599e+11	1.760245e+01	2.199115e+01	1.053785e+01	5.986578e-01	4.545536e-01	0.000000e+00	0.000000e+00	0.000000e+00	2.262247e-03	7.136960e-08	1.154788e-02	7.200984e+07	2.271774e+03	3.675818e+08	
9.800000e+00	3.192372e+10	1.290789e+11	1.761439e+01	2.199115e+01	1.054499e+01	5.986578e-01	4.501954e-01	0.000000e+00	0.000000e+00	0.000000e+00	2.263460e-03	7.158789e-08	1.155244e-02	7.225806e+07	2.285352e+03	3.687969e+08	
9.850000e+00	3.201181e+10	1.290967e+11	1.762387e+01	2.199115e+01	1.055067e+01	5.986578e-01	4.490285e-01	0.000000e+00	0.000000e+00	0.000000e+00	2.264592e-03	7.183333e-08	1.155706e-02	7.249369e+07	2.299515e+03	3.699624e+08	
9.900000e+00	3.209832e+10	1.306133e+11	1.763253e+01	2.199115e+01	1.055585e+01	5.986578e-01	4.432593e-01	0.000000e+00	0.000000e+00	0.000000e+00	2.265828e-03	7.207951e-08	1.156170e-02	7.272927e+07	2.313631e+03	3.711111e+08	
9.950000e+00	3.217925e+10	1.312981e+11	1.763818e+01	2.199115e+01	1.055923e+01	5.986578e-01	4.465480e-01	0.000000e+00	0.000000e+00	0.000000e+00	2.267024e-03	7.212681e-08	1.156624e-02	7.295113e+07	2.320986e+03	3.721928e+08	
1.000000e+01	3.226275e+10	1.312565e+11	1.764529e+01	2.199115e+01	1.056349e+01	5.986578e-01	4.460426e-01	0.000000e+00	0.000000e+00	0.000000e+00	2.268404e-03	7.224518e-08	1.157068e-02	7.318494e+07	2.330828e+03	3.733020e+08	
1.005000e+01	3.234539e+10	1.316186e+11	1.765199e+01	2.199115e+01	1.056751e+01	5.986578e-01	4.467840e-01	0.000000e+00	0.000000e+00	0.000000e+00	2.269725e-03	7.234525e-08	1.157516e-02	7.341514e+07	2.340036e+03	3.744031e+08	
1.010000e+01	3.242831e+10	1.329604e+11	1.765890e+01	2.199115e+01	1.057164e+01	5.986578e-01	4.485901e-01	0.000000e+00	0.000000e+00	0.000000e+00	2.271147e-03	7.243727e-08	1.157970e-02	7.364946e+07	2.349018e+03	3.755102e+08	
1.015000e+01	3.251242e+10	1.333324e+11	1.766650e+01	2.199115e+01	1.057619e+01	5.986578e-01	4.484630e-01	0.000000e+00	0.000000e+00	0.000000e+00	2.272705e-03	7.253879e-08	1.158417e-02	7.389112e+07	2.358411e+03	3.766293e+08	
1.020000e+01	3.259598e+10	1.358159e+11	1.767386e+01	2.199115e+01	1.058059e+01	5.986578e-01	4.464826e-01	0.000000e+00	0.000000e+00	0.000000e+00	2.274239e-03	7.262870e-08	1.158867e-02	7.413105e+07	2.367403e+03	3.777441e+08	
1.025000e+01	3.267737e+10	1.362706e+11	1.768009e+01	2.199115e+01	1.058432e+01	5.986578e-01	4.449205e-01	0.000000e+00	0.000000e+00	0.000000e+00	2.275706e-03	7.261323e-08	1.159319e-02	7.436408e+07	2.372809e+03	3.788351e+08	
1.030000e+01	3.275702e+10	1.378470e+11	1.768543e+01	2.199115e+01	1.058752e+01	5.986578e-01	4.465992e-01	0.000000e+00	0.000000e+00	0.000000e+00	2.277004e-03	7.253781e-08	1.159764e-02	7.458784e+07	2.376122e+03	3.799040e+08	
1.035000e+01	3.283784e+10	1.387160e+11	1.769147e+01	2.199115e+01	1.059114e+01	5.986578e-01	4.520243e-01	0.000000e+00	0.000000e+00	0.000000e+00	2.278408e-03	7.248489e-08	1.160206e-02	7.481801e+07	2.380247e+03	3.809865e+08	
1.040000e+01	3.292312e+10	1.409555e+11	1.769995e+01	2.199115e+01	1.059621e+01	5.986578e-01	4.524182e-01	0.000000e+00	0.000000e+00	0.000000e+00	2.279970e-03	7.261918e-08	1.160676e-02	7.506373e+07	2.390850e+03	3.821307e+08	
1.045000e+01	3.300825e+10	1.420697e+11	1.770840e+01	2.199115e+01	1.060127e+01	5.986578e-01	4.521036e-01	0.000000e+00	0.000000e+00	0.000000e+00	2.281563e-03	7.273220e-08	1.161140e-02	7.531042e+07	2.400763e+03	3.832721e+08	
1.050000e+01	3.309263e+10	1.444878e+11	1.771649e+01	2.199115e+01	1.060611e+01	5.986578e-01	4.531563e-01	0.000000e+00	0.000000e+00	0.000000e+00	2.283115e-03	7.282882e-08	1.161603e-02	7.555428e+07	2.410097e+03	3.844050e+08	
1.055000e+01	3.317747e+10	1.468724e+11	1.772487e+01	2.199115e+01	1.061113e+01	5.986578e-01	4.539597e-01	0.000000e+00	0.000000e+00	0.000000e+00	2.284737e-03	7.291713e-08	1.162058e-02	7.580181e+07	2.419206e+03	3.855416e+08	
1.060000e+01	3.326255e+10	1.492797e+11	1.773341e+01	2.199115e+01	1.061625e+01	5.986578e-01	4.555894e-01	0.000000e+00	0.000000e+00	0.000000e+00	2.286436e-03	7.297828e-08	1.162506e-02	7.605269e+07	2.427444e+03	3.866792e+08	
1.065000e+01	3.334858e+10	1.505656e+11	1.774251e+01	2.199115e+01	1.062169e+01	5.986578e-01	4.588986e-01	0.000000e+00	0.000000e+00	0.000000e+00	2.288226e-03	7.305706e-08	1.162959e-02	7.630910e+07	2.436350e+03	3.878304e+08	
1.070000e+01	3.343703e+10	1.496944e+11	1.775292e+01	2.199115e+01	1.062793e+01	5.986578e-01	4.562227e-01	0.000000e+00	0.000000e+00	0.000000e+00	2.290182e-03	7.323665e-08	1.163438e-02	7.657690e+07	2.448816e+03	3.890192e+08	
1.075000e+01	3.352251e+10	1.509644e+11	1.776180e+01	2.199115e+01	1.063324e+01	5.986578e-01	4.557516e-01	0.000000e+00	0.000000e+00	0.000000e+00	2.291875e-03	7.337201e-08	1.163925e-02	7.682940e+07	2.459614e+03	3.901767e+08	
1.080000e+01	3.360706e+10	1.514042e+11	1.777022e+01	2.199115e+01	1.063828e+01	5.986578e-01	4.573263e-01	0.000000e+00	0.000000e+00	0.000000e+00	2.293491e-03	7.347760e-08	1.164408e-02	7.707750e+07	2.469366e+03	3.913233e+08	
1.085000e+01	3.369254e+10	1.497871e+11	1.777917e+01	2.199115e+01	1.064364e+01	5.986578e-01	4.260912e-01	0.000000e+00	0.000000e+00	0.000000e+00	2.295275e-03	7.359649e-08	1.164898e-02	7.733362e+07	2.479653e+03	3.924836e+08	
1.090000e+01	3.374973e+10	1.496303e+11	1.777326e+01	2.199115e+01	1.064010e+01	5.986578e-01	4.327578e-01	0.000000e+00	0.000000e+00	0.000000e+00	2.296528e-03	7.317312e-08	1.165409e-02	7.750721e+07	2.469573e+03	3.933225e+08	
1.095000e+01	3.381320e+10	1.502155e+11	1.777075e+01	2.199115e+01	1.063860e+01	5.986578e-01	4.408289e-01	0.000000e+00	0.000000e+00	0.000000e+00	2.297681e-03	7.273813e-08	1.165898e-02	7.769194e+07	2.459509e+03	3.942275e+08	
1.100000e+01	3.388398e+10	1.510282e+11	1.777215e+01	2.199115e+01	1.063944e+01	5.986578e-01	4.298228e-01	0.000000e+00	0.000000e+00	0.000000e+00	2.298864e-03	7.244863e-08	1.166348e-02	7.789465e+07	2.454848e+03	3.952050e+08	
1.105000e+01	3.394490e+10	1.517887e+11	1.776846e+01	2.199115e+01	1.063723e+01	5.986578e-01	4.387373e-01	0.000000e+00	0.000000e+00	0.000000e+00	2.266418e-03	7.229349e-08	1.166234e-02	7.693332e+07	2.453995e+03	3.958771e+08	
1.110000e+01	3.401396e+10	1.520061e+11	1.776911e+01	2.199115e+01	1.063762e+01	5.986578e-01	4.428745e-01	0.000000e+00	0.000000e+00	0.000000e+00	2.268724e-03	7.209382e-08	1.166670e-02	7.716827e+07	2.452196e+03	3.968306e+08	
1.115000e+01	3.408665e+10	1.520784e+11	1.777172e+01	2.199115e+01	1.063918e+01	5.986578e-01	4.390450e-01	0.000000e+00	0.000000e+00	0.000000e+00	2.270948e-03	7.187392e-08	1.167083e-02	7.740902e+07	2.449941e+03	3.978194e+08	
1.120000e+01	3.415580e+10	1.522135e+11	1.777254e+01	2.199115e+01	1.063967e+01	5.986578e-01	4.328074e-01	0.000000e+00	0.000000e+00	0.000000e+00	2.273112e-03	7.158702e-08	1.167482e-02	7.763996e+07	2.445112e+03	3.987628e+08	
1.125000e+01	3.421935e+10	1.537822e+11	1.777052e+01	2.199115e+01	1.063846e+01	5.986578e-01	4.402149e-01	0.000000e+00	0.000000e+00	0.000000e+00	2.275061e-03	7.114005e-08	1.167877e-02	7.785111e+07	2.434366e+03	3.996400e+08	
1.130000e+01	3.428960e+10	1.542261e+11	1.777205e+01	2.199115e+01	1.063938e+01	5.986578e-01	4.293061e-01	0.000000e+00	0.000000e+00	0.000000e+00	2.277095e-03	7.083062e-08	1.168269e-02	7.808068e+07	2.428754e+03	4.005947e+08	
1.135000e+01	3.435007e+10	1.551845e+11	1.776859e+01	2.199115e+01	1.063730e+01	5.986578e-01	4.353761e-01	0.000000e+00	0.000000e+00	0.000000e+00	2.278910e-03	7.043208e-08	1.168662e-02	7.828069e+07	2.419346e+03	4.014361e+08	
1.140000e+01	3.441613e+10	1.563940e+11	1.776809e+01	2.199115e+01	1.063701e+01	5.986578e-01	4.392087e-01	0.000000e+00	0.000000e+00	0.000000e+00	2.280605e-03	7.004485e-08	1.169027e-02	7.848959e+07	2.410673e+03	4.023340e+08	
1.145000e+01	3.448563e+10	1.546450e+11	1.776943e+01	2.199115e+01	1.063781e+01	5.986578e-01	4.434666e-01	0.000000e+00	0.000000e+00	0.000000e+00	2.282182e-03	6.969645e-08	1.169376e-02	7.870248e+07	2.403526e+03	4.032667e+08	
1.150000e+01	3.455883e+10	1.551964e+11	1.777274e+01	2.199115e+01	1.063979e+01	5.986578e-01	4.495950e-01	0.000000e+00	0.000000e+00	0.000000e+00	2.283659e-03	6.948756e-08	1.169712e-02	7.892059e+07	2.401409e+03	4.042387e+08	
1.155000e+01	3.463729e+10	1.513154e+11	1.777880e+01	2.199115e+01	1.064342e+01	5.986578e-01	4.480609e-01	0.000000e+00	0.000000e+00	0.000000e+00	2.285286e-03	6.942605e-08	1.170023e-02	7.915611e+07	2.404730e+03	4.052641e+08	
1.160000e+01	3.471403e+10	1.520617e+11	1.778403e+01	2.199115e+01	1.064655e+01	5.986578e-01	4.503458e-01	0.000000e+00	0.000000e+00	0.000000e+00	2.286786e-03	6.939073e-08	1.170375e-02	7.938357e+07	2.408832e+03	4.062845e+08	
1.165000e+01	3.479251e+10	1.509472e+11	1.779018e+01	2.199115e+01	1.065023e+01	5.986578e-01	4.512864e-01	0.000000e+00	0.000000e+00	0.000000e+00	2.288417e-03	6.939305e-08	1.170728e-02	7.961977e+07	2.414358e+03	4.073256e+08	
1.170000e+01	3.487147e+10	1.514560e+11	1.779663e+01	2.199115e+01	1.065409e+01	5.986578e-01	4.514432e-01	0.000000e+00	0.000000e+00	0.000000e+00	2.290070e-03	6.945836e-08	1.171130e-02	7.985811e+07	2.422115e+03	4.083903e+08	
1.175000e+01	3.495020e+10	1.513664e+11	1.780299e+01	2.199115e+01	1.065790e+01	5.986578e-01	4.508942e-01	0.000000e+00	0.000000e+00	0.000000e+00	2.291677e-03	6.953319e-08	1.171526e-02	8.009458e+07	2.430199e+03	4.094506e+08	
1.180000e+01	3.502808e+10	1.513958e+11	1.780896e+01	2.199115e+01	1.066148e+01	5.986578e-01	4.528818e-01	0.000000e+00	0.000000e+00	0.000000e+00	2.293209e-03	6.961381e-08	1.171931e-02	8.032670e+07	2.438438e+03	4.105049e+08	
1.185000e+01	3.510738e+10	1.535591e+11	1.781570e+01	2.199115e+01	1.066551e+01	5.986578e-01	4.560158e-01	0.000000e+00	0.000000e+00	0.000000e+00	2.294834e-03	6.974631e-08	1.172335e-02	8.056559e+07	2.448610e+03	4.115761e+08	
1.190000e+01	3.518909e+10	1.548078e+11	1.782369e+01	2.199115e+01	1.067029e+01	5.986578e-01	4.602856e-01	0.000000e+00	0.000000e+00	0.000000e+00	2.296721e-03	6.990384e-08	1.172739e-02	8.081951e+07	2.459852e+03	4.126761e+08	
1.195000e+01	3.527415e+10	1.547580e+11	1.783341e+01	2.199115e+01	1.067611e+01	5.986578e-01	4.584991e-01	0.000000e+00	0.000000e+00	0.000000e+00	2.298441e-03	7.015037e-08	1.173102e-02	8.107553e+07	2.474495e+03	4.138017e+08	
1.200000e+01	3.535706e+10	1.547818e+11	1.784207e+01	2.199115e+01	1.068130e+01	5.986578e-01	4.574524e-01	0.000000e+00	0.000000e+00	0.000000e+00	2.300090e-03	7.036994e-08	1.173485e-02	8.132441e+07	2.488074e+03	4.149099e+08	
1.205000e+01	3.543854e+10	1.558558e+11	1.785004e+01	2.199115e+01	1.068607e+01	5.986578e-01	4.650570e-01	0.000000e+00	0.000000e+00	0.000000e+00	2.301723e-03	7.056942e-08	1.173887e-02	8.156969e+07	2.500877e+03	4.160083e+08	
1.210000e+01	3.552636e+10	1.540786e+11	1.786123e+01	2.199115e+01	1.069276e+01	5.986578e-01	4.546111e-01	0.000000e+00	0.000000e+00	0.000000e+00	2.303437e-03	7.090642e-08	1.174264e-02	8.183273e+07	2.519047e+03	4.171731e+08	
1.215000e+01	3.560421e+10	1.557658e+11	1.786743e+01	2.199115e+01	1.069648e+01	5.986578e-01	4.558835e-01	0.000000e+00	0.000000e+00	0.000000e+00	2.304719e-03	7.101417e-08	1.174665e-02	8.205769e+07	2.528404e+03	4.182304e+08	
1.220000e+01	3.568285e+10	1.561184e+11	1.787407e+01	2.199115e+01	1.070045e+01	5.986578e-01	4.548079e-01	0.000000e+00	0.000000e+00	0.000000e+00	2.306188e-03	7.112001e-08	1.175067e-02	8.229135e+07	2.537764e+03	4.192974e+08	
1.225000e+01	3.576014e+10	1.560541e+11	1.788007e+01	2.199115e+01	1.070404e+01	5.986578e-01	4.543051e-01	0.000000e+00	0.000000e+00	0.000000e+00	2.307605e-03	7.121149e-08	1.175490e-02	8.252028e+07	2.546533e+03	4.203569e+08	
1.230000e+01	3.583664e+10	1.546267e+11	1.788571e+01	2.199115e+01	1.070742e+01	5.986578e-01	4.505736e-01	0.000000e+00	0.000000e+00	0.000000e+00	2.309011e-03	7.130717e-08	1.175920e-02	8.274720e+07	2.555410e+03	4.214101e+08	
1.235000e+01	3.590949e+10	1.537644e+11	1.788957e+01	2.199115e+01	1.070973e+01	5.986578e-01	4.623858e-01	0.000000e+00	0.000000e+00	0.000000e+00	2.310223e-03	7.130847e-08	1.176338e-02	8.295891e+07	2.560650e+03	4.224169e+08	
1.240000e+01	3.599267e+10	1.541868e+11	1.789862e+01	2.199115e+01	1.071515e+01	5.986578e-01	4.604823e-01	0.000000e+00	0.000000e+00	0.000000e+00	2.311091e-03	7.152000e-08	1.176650e-02	8.318233e+07	2.574196e+03	4.235079e+08	
1.245000e+01	3.607364e+10	1.533990e+11	1.790659e+01	2.199115e+01	1.071992e+01	5.986578e-01	4.578897e-01	0.000000e+00	0.000000e+00	0.000000e+00	2.312150e-03	7.173439e-08	1.177000e-02	8.340766e+07	2.587721e+03	4.245866e+08	
