# COLUMN NUMBERS: 
#	0: time [Gyr]
#	1: mgas [Msun]			ISM gas mass
#	2: mstar [Msun]			Stellar mass
#	3: sfr [Msun/yr]		Star formation rate
#	4: ifr [Msun/yr]		Infall rate
#	5: ofr [Msun/yr]		Outfow rate
#	6: eta_0			Mass-loading factor
#	7: r_eff			Effective recycilng rate
#	8: z_in(fe)			Inflow fe metallicity
#	9: z_in(sr)			Inflow sr metallicity
#	10: z_in(o)			Inflow o metallicity
#	11: z_out(fe)			Outflow fe metallicity
#	12: z_out(sr)			Outflow sr metallicity
#	13: z_out(o)			Outflow o metallicity
#	14: mass(fe) [Msun]		mass of element fe in ISM
#	15: mass(sr) [Msun]		mass of element sr in ISM
#	16: mass(o) [Msun]		mass of element o in ISM
0.000000e+00	1.000000e-12	5.629552e-29	1.501913e-36	3.141593e+00	1.348051e-37	8.975559e-02	2.503490e-01	0.000000e+00	0.000000e+00	0.000000e+00	6.271688e-278	0.000000e+00	1.448192e-283	0.000000e+00	0.000000e+00	0.000000e+00	
5.000000e-02	1.570796e+08	8.896796e+06	2.373584e-01	3.141593e+00	2.130424e-02	8.975559e-02	2.503490e-01	0.000000e+00	0.000000e+00	0.000000e+00	8.324584e-05	9.295786e-10	1.040573e-03	1.307623e+04	1.460179e-01	1.634528e+05	
1.000000e-01	3.041973e+08	2.557790e+07	4.521887e-01	3.141593e+00	4.058647e-02	8.975559e-02	2.622061e-01	0.000000e+00	0.000000e+00	0.000000e+00	1.223488e-04	1.366228e-09	1.529360e-03	3.721817e+04	4.156029e-01	4.652271e+05	
1.500000e-01	4.425665e+08	4.917650e+07	6.475135e-01	3.141593e+00	5.811795e-02	8.975559e-02	2.711008e-01	0.000000e+00	0.000000e+00	0.000000e+00	1.598766e-04	1.789063e-09	1.998421e-03	7.075601e+04	7.917791e-01	8.844340e+05	
2.000000e-01	5.731416e+08	7.897347e+07	8.257532e-01	3.141593e+00	7.411596e-02	8.975559e-02	2.783080e-01	0.000000e+00	0.000000e+00	0.000000e+00	1.959110e-04	2.202300e-09	2.448758e-03	1.122847e+05	1.262230e+00	1.403485e+06	
2.500000e-01	6.967185e+08	1.143566e+08	9.889245e-01	3.141593e+00	8.876151e-02	8.975559e-02	2.844113e-01	0.000000e+00	0.000000e+00	0.000000e+00	2.306420e-04	2.614116e-09	2.881347e-03	1.606926e+05	1.821303e+00	2.007488e+06	
3.000000e-01	8.139769e+08	1.547972e+08	1.138737e+00	3.141593e+00	1.022080e-01	8.975559e-02	2.897294e-01	0.000000e+00	0.000000e+00	0.000000e+00	2.641781e-04	3.032447e-09	3.297086e-03	2.150348e+05	2.468342e+00	2.683752e+06	
3.500000e-01	9.255055e+08	1.998339e+08	1.276654e+00	3.141593e+00	1.145868e-01	8.975559e-02	2.944565e-01	0.000000e+00	0.000000e+00	0.000000e+00	2.966013e-04	3.461496e-09	3.696813e-03	2.745062e+05	3.203634e+00	3.421421e+06	
4.000000e-01	1.031819e+09	2.490616e+08	1.403938e+00	3.141593e+00	1.260113e-01	8.975559e-02	2.987207e-01	0.000000e+00	0.000000e+00	0.000000e+00	3.279819e-04	3.897173e-09	4.081312e-03	3.384179e+05	4.021178e+00	4.211176e+06	
4.500000e-01	1.133371e+09	3.021220e+08	1.521687e+00	3.141593e+00	1.365799e-01	8.975559e-02	3.026108e-01	0.000000e+00	0.000000e+00	0.000000e+00	3.583827e-04	4.339405e-09	4.451318e-03	4.061804e+05	4.918154e+00	5.044993e+06	
5.000000e-01	1.230561e+09	3.586971e+08	1.630858e+00	3.141593e+00	1.463786e-01	8.975559e-02	3.061914e-01	0.000000e+00	0.000000e+00	0.000000e+00	3.878616e-04	4.808256e-09	4.807529e-03	4.772872e+05	5.916851e+00	5.915957e+06	
5.500000e-01	1.323746e+09	4.185034e+08	1.732288e+00	3.141593e+00	1.554825e-01	8.975559e-02	3.095110e-01	0.000000e+00	0.000000e+00	0.000000e+00	4.164722e-04	5.331031e-09	5.150611e-03	5.513036e+05	7.056933e+00	6.818102e+06	
6.000000e-01	1.413246e+09	4.812870e+08	1.826716e+00	3.141593e+00	1.639580e-01	8.975559e-02	3.126068e-01	0.000000e+00	0.000000e+00	0.000000e+00	4.442651e-04	5.922879e-09	5.481187e-03	6.278556e+05	8.370482e+00	7.746263e+06	
6.500000e-01	1.499344e+09	5.468200e+08	1.914793e+00	3.141593e+00	1.718634e-01	8.975559e-02	3.155084e-01	0.000000e+00	0.000000e+00	0.000000e+00	4.712874e-04	6.589406e-09	5.799851e-03	7.066218e+05	9.879784e+00	8.695970e+06	
7.000000e-01	1.582297e+09	6.148971e+08	1.997097e+00	3.141593e+00	1.792506e-01	8.975559e-02	3.182396e-01	0.000000e+00	0.000000e+00	0.000000e+00	4.975840e-04	7.330483e-09	6.107162e-03	7.873257e+05	1.159900e+01	9.663345e+06	
7.500000e-01	1.662337e+09	6.853328e+08	2.074140e+00	3.141593e+00	1.861657e-01	8.975559e-02	3.208198e-01	0.000000e+00	0.000000e+00	0.000000e+00	5.231972e-04	8.143416e-09	6.403646e-03	8.697301e+05	1.353710e+01	1.064502e+07	
8.000000e-01	1.739673e+09	7.579593e+08	2.146380e+00	3.141593e+00	1.926496e-01	8.975559e-02	3.232650e-01	0.000000e+00	0.000000e+00	0.000000e+00	5.481670e-04	9.024079e-09	6.689798e-03	9.536311e+05	1.569894e+01	1.163806e+07	
8.500000e-01	1.814493e+09	8.326242e+08	2.214225e+00	3.141593e+00	1.987391e-01	8.975559e-02	3.255888e-01	0.000000e+00	0.000000e+00	0.000000e+00	5.725313e-04	9.967444e-09	6.966086e-03	1.038854e+06	1.808586e+01	1.263992e+07	
9.000000e-01	1.886971e+09	9.091889e+08	2.278041e+00	3.141593e+00	2.044670e-01	8.975559e-02	3.278027e-01	0.000000e+00	0.000000e+00	0.000000e+00	5.963261e-04	1.097015e-08	7.232956e-03	1.125250e+06	2.070035e+01	1.364838e+07	
9.500000e-01	1.957263e+09	9.875269e+08	2.338158e+00	3.141593e+00	2.098627e-01	8.975559e-02	3.299166e-01	0.000000e+00	0.000000e+00	0.000000e+00	6.195854e-04	1.203036e-08	7.490828e-03	1.212691e+06	2.354659e+01	1.466152e+07	
1.000000e+00	2.025511e+09	1.067523e+09	2.394870e+00	3.141593e+00	2.149530e-01	8.975559e-02	3.319390e-01	0.000000e+00	0.000000e+00	0.000000e+00	6.423416e-04	1.314394e-08	7.740101e-03	1.301070e+06	2.662319e+01	1.567766e+07	
1.050000e+00	2.091847e+09	1.149071e+09	2.448444e+00	3.141593e+00	2.197616e-01	8.975559e-02	3.338772e-01	0.000000e+00	0.000000e+00	0.000000e+00	6.646256e-04	1.430518e-08	7.981151e-03	1.390295e+06	2.992424e+01	1.669535e+07	
1.100000e+00	2.156391e+09	1.232075e+09	2.499123e+00	3.141593e+00	2.243103e-01	8.975559e-02	3.357380e-01	0.000000e+00	0.000000e+00	0.000000e+00	6.864664e-04	1.550825e-08	8.214339e-03	1.480290e+06	3.344184e+01	1.771332e+07	
1.150000e+00	2.219251e+09	1.316445e+09	2.547124e+00	3.141593e+00	2.286186e-01	8.975559e-02	3.375269e-01	0.000000e+00	0.000000e+00	0.000000e+00	7.078920e-04	1.674767e-08	8.440004e-03	1.570990e+06	3.716728e+01	1.873049e+07	
1.200000e+00	2.280530e+09	1.402099e+09	2.592645e+00	3.141593e+00	2.327044e-01	8.975559e-02	3.392491e-01	0.000000e+00	0.000000e+00	0.000000e+00	7.289288e-04	1.801840e-08	8.658469e-03	1.662344e+06	4.109151e+01	1.974590e+07	
1.250000e+00	2.340320e+09	1.488963e+09	2.635867e+00	3.141593e+00	2.365838e-01	8.975559e-02	3.409093e-01	0.000000e+00	0.000000e+00	0.000000e+00	7.496019e-04	1.931583e-08	8.870041e-03	1.754308e+06	4.520522e+01	2.075873e+07	
1.300000e+00	2.398706e+09	1.576967e+09	2.676955e+00	3.141593e+00	2.402716e-01	8.975559e-02	3.425114e-01	0.000000e+00	0.000000e+00	0.000000e+00	7.699355e-04	2.063574e-08	9.075011e-03	1.846849e+06	4.949907e+01	2.176829e+07	
1.350000e+00	2.455769e+09	1.666045e+09	2.716056e+00	3.141593e+00	2.437812e-01	8.975559e-02	3.440592e-01	0.000000e+00	0.000000e+00	0.000000e+00	7.899523e-04	2.197444e-08	9.273657e-03	1.939940e+06	5.396414e+01	2.277396e+07	
1.400000e+00	2.511581e+09	1.756140e+09	2.753309e+00	3.141593e+00	2.471249e-01	8.975559e-02	3.455561e-01	0.000000e+00	0.000000e+00	0.000000e+00	8.096740e-04	2.332874e-08	9.466242e-03	2.033562e+06	5.859201e+01	2.377523e+07	
1.450000e+00	2.566210e+09	1.847194e+09	2.788839e+00	3.141593e+00	2.503139e-01	8.975559e-02	3.470050e-01	0.000000e+00	0.000000e+00	0.000000e+00	8.291213e-04	2.469582e-08	9.653015e-03	2.127699e+06	6.337465e+01	2.477166e+07	
1.500000e+00	2.619719e+09	1.939159e+09	2.822760e+00	3.141593e+00	2.533585e-01	8.975559e-02	3.484087e-01	0.000000e+00	0.000000e+00	0.000000e+00	8.483139e-04	2.607311e-08	9.834215e-03	2.222344e+06	6.830422e+01	2.576288e+07	
1.550000e+00	2.672166e+09	2.031985e+09	2.855178e+00	3.141593e+00	2.562682e-01	8.975559e-02	3.497699e-01	0.000000e+00	0.000000e+00	0.000000e+00	8.672706e-04	2.745829e-08	1.001007e-02	2.317491e+06	7.337311e+01	2.674857e+07	
1.600000e+00	2.723606e+09	2.089376e+09	2.886189e+00	3.141593e+00	2.590516e-01	8.975559e-02	3.505622e-01	0.000000e+00	0.000000e+00	0.000000e+00	8.860092e-04	2.884926e-08	1.018079e-02	2.413140e+06	7.857404e+01	2.772846e+07	
1.650000e+00	2.774013e+09	2.143224e+09	2.915802e+00	3.141593e+00	2.617095e-01	8.975559e-02	3.512857e-01	0.000000e+00	0.000000e+00	0.000000e+00	9.042996e-04	3.023936e-08	1.034671e-02	2.508539e+06	8.388438e+01	2.870191e+07	
1.700000e+00	2.823432e+09	2.238526e+09	2.944098e+00	3.141593e+00	2.642493e-01	8.975559e-02	3.525866e-01	0.000000e+00	0.000000e+00	0.000000e+00	9.221450e-04	3.162683e-08	1.050800e-02	2.603613e+06	8.929620e+01	2.966863e+07	
1.750000e+00	2.871996e+09	2.334520e+09	2.971250e+00	3.141593e+00	2.666863e-01	8.975559e-02	3.538477e-01	0.000000e+00	0.000000e+00	0.000000e+00	9.398456e-04	3.301669e-08	1.066470e-02	2.699233e+06	9.482381e+01	3.062898e+07	
1.800000e+00	2.919748e+09	2.431173e+09	2.997326e+00	3.141593e+00	2.690267e-01	8.975559e-02	3.550716e-01	0.000000e+00	0.000000e+00	0.000000e+00	9.574134e-04	3.440735e-08	1.081699e-02	2.795406e+06	1.004608e+02	3.158287e+07	
1.850000e+00	2.966723e+09	2.528455e+09	3.022389e+00	3.141593e+00	2.712763e-01	8.975559e-02	3.562606e-01	0.000000e+00	0.000000e+00	0.000000e+00	9.748604e-04	3.579738e-08	1.096503e-02	2.892141e+06	1.062009e+02	3.253022e+07	
1.900000e+00	3.012957e+09	2.626336e+09	3.046498e+00	3.141593e+00	2.734402e-01	8.975559e-02	3.574166e-01	0.000000e+00	0.000000e+00	0.000000e+00	9.921981e-04	3.718550e-08	1.110901e-02	2.989450e+06	1.120383e+02	3.347098e+07	
1.950000e+00	3.058483e+09	2.724791e+09	3.069707e+00	3.141593e+00	2.755234e-01	8.975559e-02	3.585413e-01	0.000000e+00	0.000000e+00	0.000000e+00	1.009437e-03	3.857052e-08	1.124908e-02	3.087348e+06	1.179673e+02	3.440513e+07	
2.000000e+00	3.103332e+09	2.823793e+09	3.092068e+00	3.141593e+00	2.775304e-01	8.975559e-02	3.596364e-01	0.000000e+00	0.000000e+00	0.000000e+00	1.026589e-03	3.995134e-08	1.138539e-02	3.185847e+06	1.239823e+02	3.533265e+07	
2.050000e+00	3.147533e+09	2.923319e+09	3.113627e+00	3.141593e+00	2.794654e-01	8.975559e-02	3.607033e-01	0.000000e+00	0.000000e+00	0.000000e+00	1.043663e-03	4.132698e-08	1.151808e-02	3.284964e+06	1.300780e+02	3.625355e+07	
2.100000e+00	3.191113e+09	3.023348e+09	3.134428e+00	3.141593e+00	2.813324e-01	8.975559e-02	3.617434e-01	0.000000e+00	0.000000e+00	0.000000e+00	1.060669e-03	4.269654e-08	1.164730e-02	3.384715e+06	1.362495e+02	3.716784e+07	
2.150000e+00	3.234097e+09	3.123857e+09	3.154512e+00	3.141593e+00	2.831351e-01	8.975559e-02	3.627580e-01	0.000000e+00	0.000000e+00	0.000000e+00	1.077616e-03	4.405920e-08	1.177317e-02	3.485116e+06	1.424917e+02	3.807557e+07	
2.200000e+00	3.276511e+09	3.224828e+09	3.173916e+00	3.141593e+00	2.848767e-01	8.975559e-02	3.637480e-01	0.000000e+00	0.000000e+00	0.000000e+00	1.094513e-03	4.541422e-08	1.189581e-02	3.586185e+06	1.488002e+02	3.897676e+07	
2.250000e+00	3.318376e+09	3.326241e+09	3.192677e+00	3.141593e+00	2.865607e-01	8.975559e-02	3.647148e-01	0.000000e+00	0.000000e+00	0.000000e+00	1.111369e-03	4.676093e-08	1.201536e-02	3.687940e+06	1.551703e+02	3.987147e+07	
2.300000e+00	3.359715e+09	3.428079e+09	3.210828e+00	3.141593e+00	2.881898e-01	8.975559e-02	3.656592e-01	0.000000e+00	0.000000e+00	0.000000e+00	1.128190e-03	4.809871e-08	1.213191e-02	3.790397e+06	1.615979e+02	4.075976e+07	
2.350000e+00	3.400547e+09	3.530325e+09	3.228399e+00	3.141593e+00	2.897669e-01	8.975559e-02	3.665822e-01	0.000000e+00	0.000000e+00	0.000000e+00	1.144985e-03	4.942702e-08	1.224559e-02	3.893575e+06	1.680789e+02	4.164169e+07	
2.400000e+00	3.440892e+09	3.632964e+09	3.245420e+00	3.141593e+00	2.912946e-01	8.975559e-02	3.674846e-01	0.000000e+00	0.000000e+00	0.000000e+00	1.161760e-03	5.074537e-08	1.235649e-02	3.997491e+06	1.746093e+02	4.251733e+07	
2.450000e+00	3.480768e+09	3.735981e+09	3.261918e+00	3.141593e+00	2.927754e-01	8.975559e-02	3.683674e-01	0.000000e+00	0.000000e+00	0.000000e+00	1.178522e-03	5.205331e-08	1.246471e-02	4.102162e+06	1.811855e+02	4.338675e+07	
2.500000e+00	3.520192e+09	3.839361e+09	3.277918e+00	3.141593e+00	2.942115e-01	8.975559e-02	3.692312e-01	0.000000e+00	0.000000e+00	0.000000e+00	1.195277e-03	5.335045e-08	1.257035e-02	4.207604e+06	1.878038e+02	4.425004e+07	
2.550000e+00	3.559181e+09	3.943092e+09	3.293444e+00	3.141593e+00	2.956050e-01	8.975559e-02	3.700769e-01	0.000000e+00	0.000000e+00	0.000000e+00	1.212031e-03	5.463644e-08	1.267350e-02	4.313836e+06	1.944610e+02	4.510727e+07	
2.600000e+00	3.597749e+09	4.047161e+09	3.308519e+00	3.141593e+00	2.969581e-01	8.975559e-02	3.709050e-01	0.000000e+00	0.000000e+00	0.000000e+00	1.228788e-03	5.591097e-08	1.277425e-02	4.420871e+06	2.011537e+02	4.595853e+07	
2.650000e+00	3.635912e+09	4.151555e+09	3.323164e+00	3.141593e+00	2.982725e-01	8.975559e-02	3.717163e-01	0.000000e+00	0.000000e+00	0.000000e+00	1.245554e-03	5.717377e-08	1.287267e-02	4.528727e+06	2.078788e+02	4.680391e+07	
2.700000e+00	3.673684e+09	4.370909e+09	3.337398e+00	3.141593e+00	2.995501e-01	8.975559e-02	3.733363e-01	0.000000e+00	0.000000e+00	0.000000e+00	1.262334e-03	5.842459e-08	1.296886e-02	4.637416e+06	2.146335e+02	4.764349e+07	
2.750000e+00	3.711215e+09	4.519592e+09	3.351365e+00	3.141593e+00	3.008037e-01	8.975559e-02	3.741195e-01	0.000000e+00	0.000000e+00	0.000000e+00	1.279971e-03	5.966477e-08	1.306271e-02	4.750247e+06	2.214288e+02	4.847851e+07	
2.800000e+00	3.748376e+09	4.624769e+09	3.364953e+00	3.141593e+00	3.020234e-01	8.975559e-02	3.748682e-01	0.000000e+00	0.000000e+00	0.000000e+00	1.298031e-03	6.088424e-08	1.315439e-02	4.865511e+06	2.282170e+02	4.930759e+07	
2.850000e+00	3.785178e+09	4.730235e+09	3.378177e+00	3.141593e+00	3.032102e-01	8.975559e-02	3.756029e-01	0.000000e+00	0.000000e+00	0.000000e+00	1.316054e-03	6.209194e-08	1.324408e-02	4.981498e+06	2.350290e+02	5.013121e+07	
2.900000e+00	3.821631e+09	4.835981e+09	3.391052e+00	3.141593e+00	3.043658e-01	8.975559e-02	3.763242e-01	0.000000e+00	0.000000e+00	0.000000e+00	1.334045e-03	6.328768e-08	1.333186e-02	5.098228e+06	2.418622e+02	5.094946e+07	
2.950000e+00	3.857746e+09	4.882915e+09	3.403593e+00	3.141593e+00	3.054915e-01	8.975559e-02	3.766067e-01	0.000000e+00	0.000000e+00	0.000000e+00	1.352011e-03	6.447133e-08	1.341779e-02	5.215717e+06	2.487140e+02	5.176242e+07	
3.000000e+00	3.893463e+09	4.989262e+09	3.415752e+00	3.141593e+00	3.065828e-01	8.975559e-02	3.773151e-01	0.000000e+00	0.000000e+00	0.000000e+00	1.369549e-03	6.564110e-08	1.350197e-02	5.332286e+06	2.555712e+02	5.256941e+07	
3.050000e+00	3.928866e+09	5.095859e+09	3.427609e+00	3.141593e+00	3.076471e-01	8.975559e-02	3.780102e-01	0.000000e+00	0.000000e+00	0.000000e+00	1.387089e-03	6.679883e-08	1.358440e-02	5.449686e+06	2.624437e+02	5.337127e+07	
3.100000e+00	3.963967e+09	5.351624e+09	3.439177e+00	3.141593e+00	3.086854e-01	8.975559e-02	3.800703e-01	0.000000e+00	0.000000e+00	0.000000e+00	1.404635e-03	6.794445e-08	1.366512e-02	5.567926e+06	2.693295e+02	5.416808e+07	
3.150000e+00	3.999010e+09	5.458476e+09	3.450673e+00	3.141593e+00	3.097172e-01	8.975559e-02	3.806899e-01	0.000000e+00	0.000000e+00	0.000000e+00	1.423051e-03	6.909008e-08	1.374408e-02	5.690793e+06	2.762919e+02	5.496271e+07	
3.200000e+00	4.033751e+09	5.565569e+09	3.461887e+00	3.141593e+00	3.107238e-01	8.975559e-02	3.813019e-01	0.000000e+00	0.000000e+00	0.000000e+00	1.441447e-03	7.022178e-08	1.382149e-02	5.814441e+06	2.832572e+02	5.575244e+07	
3.250000e+00	4.068202e+09	5.672896e+09	3.472833e+00	3.141593e+00	3.117061e-01	8.975559e-02	3.819059e-01	0.000000e+00	0.000000e+00	0.000000e+00	1.459829e-03	7.133970e-08	1.389739e-02	5.938880e+06	2.902243e+02	5.653737e+07	
3.300000e+00	4.102369e+09	5.780449e+09	3.483519e+00	3.141593e+00	3.126653e-01	8.975559e-02	3.825018e-01	0.000000e+00	0.000000e+00	0.000000e+00	1.478199e-03	7.244402e-08	1.397182e-02	6.064120e+06	2.971921e+02	5.731756e+07	
3.350000e+00	4.136262e+09	5.888222e+09	3.493958e+00	3.141593e+00	3.136023e-01	8.975559e-02	3.830895e-01	0.000000e+00	0.000000e+00	0.000000e+00	1.496560e-03	7.353488e-08	1.404483e-02	6.190166e+06	3.041595e+02	5.809310e+07	
3.400000e+00	4.169889e+09	5.996208e+09	3.504160e+00	3.141593e+00	3.145179e-01	8.975559e-02	3.836692e-01	0.000000e+00	0.000000e+00	0.000000e+00	1.514914e-03	7.461244e-08	1.411646e-02	6.317024e+06	3.111256e+02	5.886406e+07	
3.450000e+00	4.203256e+09	6.104401e+09	3.514133e+00	3.141593e+00	3.154130e-01	8.975559e-02	3.842409e-01	0.000000e+00	0.000000e+00	0.000000e+00	1.533263e-03	7.567685e-08	1.418674e-02	6.444696e+06	3.180892e+02	5.963052e+07	
3.500000e+00	4.236372e+09	6.212795e+09	3.523886e+00	3.141593e+00	3.162885e-01	8.975559e-02	3.848047e-01	0.000000e+00	0.000000e+00	0.000000e+00	1.551607e-03	7.672827e-08	1.425572e-02	6.573184e+06	3.250495e+02	6.039255e+07	
3.550000e+00	4.269244e+09	6.321384e+09	3.533428e+00	3.141593e+00	3.171449e-01	8.975559e-02	3.853609e-01	0.000000e+00	0.000000e+00	0.000000e+00	1.569947e-03	7.776684e-08	1.432344e-02	6.702488e+06	3.320056e+02	6.115024e+07	
3.600000e+00	4.301877e+09	6.335484e+09	3.542767e+00	3.141593e+00	3.179831e-01	8.975559e-02	3.850591e-01	0.000000e+00	0.000000e+00	0.000000e+00	1.588285e-03	7.879272e-08	1.438992e-02	6.832607e+06	3.389566e+02	6.190365e+07	
3.650000e+00	4.334128e+09	6.444590e+09	3.551787e+00	3.141593e+00	3.187927e-01	8.975559e-02	3.856307e-01	0.000000e+00	0.000000e+00	0.000000e+00	1.606113e-03	7.979787e-08	1.445521e-02	6.961099e+06	3.458542e+02	6.265072e+07	
3.700000e+00	4.366162e+09	6.553867e+09	3.560628e+00	3.141593e+00	3.195862e-01	8.975559e-02	3.861925e-01	0.000000e+00	0.000000e+00	0.000000e+00	1.623953e-03	8.079174e-08	1.451932e-02	7.090444e+06	3.527499e+02	6.339370e+07	
3.750000e+00	4.397986e+09	6.914270e+09	3.569295e+00	3.141593e+00	3.203642e-01	8.975559e-02	3.887157e-01	0.000000e+00	0.000000e+00	0.000000e+00	1.641805e-03	8.177438e-08	1.458227e-02	7.220635e+06	3.596425e+02	6.413264e+07	
3.800000e+00	4.429954e+09	7.207808e+09	3.578079e+00	3.141593e+00	3.211526e-01	8.975559e-02	3.901717e-01	0.000000e+00	0.000000e+00	0.000000e+00	1.661088e-03	8.275848e-08	1.464404e-02	7.358542e+06	3.666163e+02	6.487244e+07	
3.850000e+00	4.461876e+09	7.403935e+09	3.586822e+00	3.141593e+00	3.219373e-01	8.975559e-02	3.905379e-01	0.000000e+00	0.000000e+00	0.000000e+00	1.681537e-03	8.372993e-08	1.470469e-02	7.502809e+06	3.735925e+02	6.561050e+07	
3.900000e+00	4.493557e+09	7.706815e+09	3.595370e+00	3.141593e+00	3.227046e-01	8.975559e-02	3.929671e-01	0.000000e+00	0.000000e+00	0.000000e+00	1.702654e-03	8.467303e-08	1.476427e-02	7.650971e+06	3.804831e+02	6.634409e+07	
3.950000e+00	4.525376e+09	7.816132e+09	3.604027e+00	3.141593e+00	3.234816e-01	8.975559e-02	3.933574e-01	0.000000e+00	0.000000e+00	0.000000e+00	1.724526e-03	8.562712e-08	1.482284e-02	7.804130e+06	3.874949e+02	6.707890e+07	
4.000000e+00	4.556964e+09	7.925636e+09	3.612498e+00	3.141593e+00	3.242419e-01	8.975559e-02	3.937486e-01	0.000000e+00	0.000000e+00	0.000000e+00	1.746249e-03	8.656764e-08	1.488051e-02	7.957592e+06	3.944856e+02	6.780994e+07	
4.050000e+00	4.588327e+09	8.035321e+09	3.620790e+00	3.141593e+00	3.249861e-01	8.975559e-02	3.941397e-01	0.000000e+00	0.000000e+00	0.000000e+00	1.767826e-03	8.749506e-08	1.493731e-02	8.111365e+06	4.014559e+02	6.853725e+07	
4.100000e+00	4.619473e+09	8.145181e+09	3.628910e+00	3.141593e+00	3.257150e-01	8.975559e-02	3.945299e-01	0.000000e+00	0.000000e+00	0.000000e+00	1.789262e-03	8.840993e-08	1.499324e-02	8.265449e+06	4.084073e+02	6.926088e+07	
4.150000e+00	4.650407e+09	8.255211e+09	3.636865e+00	3.141593e+00	3.264290e-01	8.975559e-02	3.949188e-01	0.000000e+00	0.000000e+00	0.000000e+00	1.810560e-03	8.931269e-08	1.504833e-02	8.419841e+06	4.153404e+02	6.998088e+07	
4.200000e+00	4.681135e+09	8.365406e+09	3.644662e+00	3.141593e+00	3.271288e-01	8.975559e-02	3.953060e-01	0.000000e+00	0.000000e+00	0.000000e+00	1.831722e-03	9.020374e-08	1.510260e-02	8.574538e+06	4.222559e+02	7.069730e+07	
4.250000e+00	4.711663e+09	8.475762e+09	3.652305e+00	3.141593e+00	3.278148e-01	8.975559e-02	3.956914e-01	0.000000e+00	0.000000e+00	0.000000e+00	1.852750e-03	9.108340e-08	1.515605e-02	8.729532e+06	4.291543e+02	7.141019e+07	
4.300000e+00	4.741996e+09	8.586274e+09	3.659802e+00	3.141593e+00	3.284877e-01	8.975559e-02	3.960747e-01	0.000000e+00	0.000000e+00	0.000000e+00	1.873644e-03	9.195199e-08	1.520870e-02	8.884813e+06	4.360360e+02	7.211959e+07	
4.350000e+00	4.772139e+09	8.696939e+09	3.667156e+00	3.141593e+00	3.291477e-01	8.975559e-02	3.964557e-01	0.000000e+00	0.000000e+00	0.000000e+00	1.894407e-03	9.280981e-08	1.526057e-02	9.040372e+06	4.429013e+02	7.282556e+07	
4.400000e+00	4.802097e+09	8.807752e+09	3.674373e+00	3.141593e+00	3.297955e-01	8.975559e-02	3.968344e-01	0.000000e+00	0.000000e+00	0.000000e+00	1.915037e-03	9.365712e-08	1.531168e-02	9.196195e+06	4.497505e+02	7.352814e+07	
4.450000e+00	4.831874e+09	8.918709e+09	3.681458e+00	3.141593e+00	3.304314e-01	8.975559e-02	3.972106e-01	0.000000e+00	0.000000e+00	0.000000e+00	1.935537e-03	9.449417e-08	1.536203e-02	9.352269e+06	4.565839e+02	7.422738e+07	
4.500000e+00	4.861475e+09	9.186251e+09	3.688415e+00	3.141593e+00	3.310559e-01	8.975559e-02	3.982056e-01	0.000000e+00	0.000000e+00	0.000000e+00	1.955904e-03	9.532137e-08	1.541165e-02	9.508579e+06	4.634024e+02	7.492332e+07	
4.550000e+00	4.891018e+09	9.297376e+09	3.695336e+00	3.141593e+00	3.316771e-01	8.975559e-02	3.985638e-01	0.000000e+00	0.000000e+00	0.000000e+00	1.976992e-03	9.613749e-08	1.546047e-02	9.669505e+06	4.702102e+02	7.561743e+07	
4.600000e+00	4.920388e+09	9.694621e+09	3.702133e+00	3.141593e+00	3.322871e-01	8.975559e-02	4.015188e-01	0.000000e+00	0.000000e+00	0.000000e+00	1.997901e-03	9.694411e-08	1.550860e-02	9.830449e+06	4.770027e+02	7.630833e+07	
4.650000e+00	4.950071e+09	9.805566e+09	3.709170e+00	3.141593e+00	3.329188e-01	8.975559e-02	4.017776e-01	0.000000e+00	0.000000e+00	0.000000e+00	2.019920e-03	9.776955e-08	1.555600e-02	9.998745e+06	4.839662e+02	7.700332e+07	
4.700000e+00	4.979559e+09	9.909631e+09	3.716068e+00	3.141593e+00	3.335379e-01	8.975559e-02	4.020188e-01	0.000000e+00	0.000000e+00	0.000000e+00	2.041731e-03	9.858222e-08	1.560280e-02	1.016692e+07	4.908960e+02	7.769505e+07	
4.750000e+00	5.008855e+09	1.013849e+10	3.722827e+00	3.141593e+00	3.341446e-01	8.975559e-02	4.027112e-01	0.000000e+00	0.000000e+00	0.000000e+00	2.063309e-03	9.938280e-08	1.564899e-02	1.033481e+07	4.977940e+02	7.838353e+07	
4.800000e+00	5.038047e+09	1.024982e+10	3.729516e+00	3.141593e+00	3.347449e-01	8.975559e-02	4.029749e-01	0.000000e+00	0.000000e+00	0.000000e+00	2.085251e-03	1.001704e-07	1.569452e-02	1.050559e+07	5.046631e+02	7.906975e+07	
4.850000e+00	5.067059e+09	1.036130e+10	3.736078e+00	3.141593e+00	3.353339e-01	8.975559e-02	4.032416e-01	0.000000e+00	0.000000e+00	0.000000e+00	2.106961e-03	1.009469e-07	1.573947e-02	1.067609e+07	5.115040e+02	7.975283e+07	
4.900000e+00	5.095895e+09	1.038468e+10	3.742518e+00	3.141593e+00	3.359119e-01	8.975559e-02	4.030972e-01	0.000000e+00	0.000000e+00	0.000000e+00	2.128441e-03	1.017131e-07	1.578384e-02	1.084631e+07	5.183192e+02	8.043281e+07	
4.950000e+00	5.124483e+09	1.049651e+10	3.748783e+00	3.141593e+00	3.364743e-01	8.975559e-02	4.033775e-01	0.000000e+00	0.000000e+00	0.000000e+00	2.149193e-03	1.024697e-07	1.582763e-02	1.101350e+07	5.251040e+02	8.110844e+07	
5.000000e+00	5.152908e+09	1.047868e+10	3.754939e+00	3.141593e+00	3.370267e-01	8.975559e-02	3.960482e-01	0.000000e+00	0.000000e+00	0.000000e+00	2.169741e-03	1.032168e-07	1.587085e-02	1.118048e+07	5.318665e+02	8.178105e+07	
5.050000e+00	5.179747e+09	1.059190e+10	3.759950e+00	3.141593e+00	3.374766e-01	8.975559e-02	3.977277e-01	0.000000e+00	0.000000e+00	0.000000e+00	2.189856e-03	1.036347e-07	1.591362e-02	1.134290e+07	5.368017e+02	8.242854e+07	
5.100000e+00	5.206727e+09	1.094670e+10	3.765082e+00	3.141593e+00	3.379372e-01	8.975559e-02	4.000580e-01	0.000000e+00	0.000000e+00	0.000000e+00	2.209763e-03	1.040827e-07	1.595568e-02	1.150563e+07	5.419302e+02	8.307688e+07	
5.150000e+00	5.233968e+09	1.105962e+10	3.770417e+00	3.141593e+00	3.384160e-01	8.975559e-02	4.010318e-01	0.000000e+00	0.000000e+00	0.000000e+00	2.230793e-03	1.045749e-07	1.599710e-02	1.167590e+07	5.473415e+02	8.372829e+07	
5.200000e+00	5.261209e+09	1.105489e+10	3.775765e+00	3.141593e+00	3.388961e-01	8.975559e-02	4.001684e-01	0.000000e+00	0.000000e+00	0.000000e+00	2.251556e-03	1.050986e-07	1.603790e-02	1.184591e+07	5.529459e+02	8.437873e+07	
5.250000e+00	5.288102e+09	1.116814e+10	3.780879e+00	3.141593e+00	3.393550e-01	8.975559e-02	4.009519e-01	0.000000e+00	0.000000e+00	0.000000e+00	2.271697e-03	1.056038e-07	1.607809e-02	1.201297e+07	5.584436e+02	8.502261e+07	
5.300000e+00	5.314968e+09	1.128141e+10	3.785986e+00	3.141593e+00	3.398135e-01	8.975559e-02	4.016446e-01	0.000000e+00	0.000000e+00	0.000000e+00	2.291582e-03	1.061321e-07	1.611770e-02	1.217968e+07	5.640885e+02	8.566508e+07	
5.350000e+00	5.341789e+09	1.139471e+10	3.791076e+00	3.141593e+00	3.402703e-01	8.975559e-02	4.022690e-01	0.000000e+00	0.000000e+00	0.000000e+00	2.311212e-03	1.066871e-07	1.615675e-02	1.234601e+07	5.698999e+02	8.630593e+07	
5.400000e+00	5.368553e+09	1.170712e+10	3.796140e+00	3.141593e+00	3.407248e-01	8.975559e-02	4.035218e-01	0.000000e+00	0.000000e+00	0.000000e+00	2.330589e-03	1.072618e-07	1.619524e-02	1.251189e+07	5.758408e+02	8.694502e+07	
5.450000e+00	5.395380e+09	1.210915e+10	3.801262e+00	3.141593e+00	3.411845e-01	8.975559e-02	4.060708e-01	0.000000e+00	0.000000e+00	0.000000e+00	2.350566e-03	1.078488e-07	1.623317e-02	1.268220e+07	5.818852e+02	8.758411e+07	
5.500000e+00	5.422517e+09	1.222211e+10	3.806613e+00	3.141593e+00	3.416648e-01	8.975559e-02	4.064930e-01	0.000000e+00	0.000000e+00	0.000000e+00	2.371615e-03	1.084577e-07	1.627062e-02	1.286012e+07	5.881138e+02	8.822769e+07	
5.550000e+00	5.449550e+09	1.233515e+10	3.811904e+00	3.141593e+00	3.421397e-01	8.975559e-02	4.068923e-01	0.000000e+00	0.000000e+00	0.000000e+00	2.392333e-03	1.090726e-07	1.630762e-02	1.303714e+07	5.943964e+02	8.886918e+07	
5.600000e+00	5.476480e+09	1.238270e+10	3.817132e+00	3.141593e+00	3.426090e-01	8.975559e-02	4.070656e-01	0.000000e+00	0.000000e+00	0.000000e+00	2.412725e-03	1.096911e-07	1.634417e-02	1.321324e+07	6.007213e+02	8.950853e+07	
5.650000e+00	5.503263e+09	1.272048e+10	3.822270e+00	3.141593e+00	3.430701e-01	8.975559e-02	4.096759e-01	0.000000e+00	0.000000e+00	0.000000e+00	2.432556e-03	1.103126e-07	1.638032e-02	1.338699e+07	6.070793e+02	9.014519e+07	
5.700000e+00	5.530371e+09	1.308604e+10	3.827644e+00	3.141593e+00	3.435524e-01	8.975559e-02	4.109797e-01	0.000000e+00	0.000000e+00	0.000000e+00	2.453038e-03	1.109596e-07	1.641604e-02	1.356621e+07	6.136477e+02	9.078676e+07	
5.750000e+00	5.557545e+09	1.319888e+10	3.833072e+00	3.141593e+00	3.440397e-01	8.975559e-02	4.112237e-01	0.000000e+00	0.000000e+00	0.000000e+00	2.474480e-03	1.116021e-07	1.645142e-02	1.375203e+07	6.202334e+02	9.142947e+07	
5.800000e+00	5.584581e+09	1.359159e+10	3.838415e+00	3.141593e+00	3.445192e-01	8.975559e-02	4.129677e-01	0.000000e+00	0.000000e+00	0.000000e+00	2.495557e-03	1.122409e-07	1.648643e-02	1.393664e+07	6.268182e+02	9.206981e+07	
5.850000e+00	5.611771e+09	1.370437e+10	3.843871e+00	3.141593e+00	3.450089e-01	8.975559e-02	4.131665e-01	0.000000e+00	0.000000e+00	0.000000e+00	2.517710e-03	1.128767e-07	1.652115e-02	1.412881e+07	6.334381e+02	9.271291e+07	
5.900000e+00	5.638815e+09	1.395536e+10	3.849235e+00	3.141593e+00	3.454904e-01	8.975559e-02	4.137440e-01	0.000000e+00	0.000000e+00	0.000000e+00	2.539459e-03	1.135081e-07	1.655553e-02	1.431954e+07	6.400513e+02	9.335357e+07	
5.950000e+00	5.665788e+09	1.406831e+10	3.854559e+00	3.141593e+00	3.459683e-01	8.975559e-02	4.139353e-01	0.000000e+00	0.000000e+00	0.000000e+00	2.561155e-03	1.141331e-07	1.658949e-02	1.451096e+07	6.466538e+02	9.399253e+07	
6.000000e+00	5.692618e+09	1.441769e+10	3.859795e+00	3.141593e+00	3.464382e-01	8.975559e-02	4.149310e-01	0.000000e+00	0.000000e+00	0.000000e+00	2.582438e-03	1.147534e-07	1.662312e-02	1.470083e+07	6.532471e+02	9.462907e+07	
6.050000e+00	5.719463e+09	1.453072e+10	3.865049e+00	3.141593e+00	3.469097e-01	8.975559e-02	4.151067e-01	0.000000e+00	0.000000e+00	0.000000e+00	2.604283e-03	1.153666e-07	1.665642e-02	1.489510e+07	6.598351e+02	9.526576e+07	
6.100000e+00	5.746166e+09	1.464387e+10	3.870214e+00	3.141593e+00	3.473733e-01	8.975559e-02	4.152834e-01	0.000000e+00	0.000000e+00	0.000000e+00	2.625675e-03	1.159754e-07	1.668939e-02	1.508756e+07	6.664137e+02	9.590000e+07	
6.150000e+00	5.772728e+09	1.465804e+10	3.875293e+00	3.141593e+00	3.478292e-01	8.975559e-02	4.150553e-01	0.000000e+00	0.000000e+00	0.000000e+00	2.646621e-03	1.165797e-07	1.672204e-02	1.527822e+07	6.729828e+02	9.653180e+07	
6.200000e+00	5.799074e+09	1.477149e+10	3.880237e+00	3.141593e+00	3.482730e-01	8.975559e-02	4.152416e-01	0.000000e+00	0.000000e+00	0.000000e+00	2.666650e-03	1.171800e-07	1.675434e-02	1.546410e+07	6.795353e+02	9.715964e+07	
6.250000e+00	5.825290e+09	1.516765e+10	3.885103e+00	3.141593e+00	3.487097e-01	8.975559e-02	4.168297e-01	0.000000e+00	0.000000e+00	0.000000e+00	2.686270e-03	1.177757e-07	1.678630e-02	1.564830e+07	6.860778e+02	9.778509e+07	
6.300000e+00	5.851650e+09	1.528105e+10	3.890074e+00	3.141593e+00	3.491559e-01	8.975559e-02	4.169824e-01	0.000000e+00	0.000000e+00	0.000000e+00	2.706893e-03	1.183672e-07	1.681803e-02	1.583979e+07	6.926434e+02	9.841321e+07	
6.350000e+00	5.877873e+09	1.539456e+10	3.894962e+00	3.141593e+00	3.495946e-01	8.975559e-02	4.171374e-01	0.000000e+00	0.000000e+00	0.000000e+00	2.727071e-03	1.189539e-07	1.684944e-02	1.602938e+07	6.991961e+02	9.903888e+07	
6.400000e+00	5.903962e+09	1.550818e+10	3.899770e+00	3.141593e+00	3.500262e-01	8.975559e-02	4.172942e-01	0.000000e+00	0.000000e+00	0.000000e+00	2.746810e-03	1.195359e-07	1.688055e-02	1.621706e+07	7.057356e+02	9.966212e+07	
6.450000e+00	5.929919e+09	1.559306e+10	3.904501e+00	3.141593e+00	3.504508e-01	8.975559e-02	4.173847e-01	0.000000e+00	0.000000e+00	0.000000e+00	2.766120e-03	1.201132e-07	1.691135e-02	1.640287e+07	7.122617e+02	1.002830e+08	
6.500000e+00	5.955735e+09	1.576738e+10	3.909148e+00	3.141593e+00	3.508679e-01	8.975559e-02	4.176670e-01	0.000000e+00	0.000000e+00	0.000000e+00	2.784969e-03	1.206861e-07	1.694187e-02	1.658654e+07	7.187747e+02	1.009013e+08	
6.550000e+00	5.981450e+09	1.588130e+10	3.913738e+00	3.141593e+00	3.512799e-01	8.975559e-02	4.178281e-01	0.000000e+00	0.000000e+00	0.000000e+00	2.803644e-03	1.212534e-07	1.697205e-02	1.676986e+07	7.252710e+02	1.015175e+08	
6.600000e+00	6.007042e+09	1.630256e+10	3.918258e+00	3.141593e+00	3.516856e-01	8.975559e-02	4.204195e-01	0.000000e+00	0.000000e+00	0.000000e+00	2.821896e-03	1.218160e-07	1.700193e-02	1.695125e+07	7.317538e+02	1.021313e+08	
6.650000e+00	6.032990e+09	1.668261e+10	3.923019e+00	3.141593e+00	3.521129e-01	8.975559e-02	4.214705e-01	0.000000e+00	0.000000e+00	0.000000e+00	2.840933e-03	1.223955e-07	1.703151e-02	1.713932e+07	7.384110e+02	1.027510e+08	
6.700000e+00	6.058985e+09	1.679622e+10	3.927818e+00	3.141593e+00	3.525437e-01	8.975559e-02	4.215395e-01	0.000000e+00	0.000000e+00	0.000000e+00	2.860683e-03	1.229664e-07	1.706089e-02	1.733283e+07	7.450518e+02	1.033717e+08	
6.750000e+00	6.084833e+09	1.690994e+10	3.932530e+00	3.141593e+00	3.529666e-01	8.975559e-02	4.216155e-01	0.000000e+00	0.000000e+00	0.000000e+00	2.879955e-03	1.235308e-07	1.709001e-02	1.752405e+07	7.516640e+02	1.039899e+08	
6.800000e+00	6.110539e+09	1.719540e+10	3.937158e+00	3.141593e+00	3.533819e-01	8.975559e-02	4.221079e-01	0.000000e+00	0.000000e+00	0.000000e+00	2.898759e-03	1.240887e-07	1.711888e-02	1.771298e+07	7.582490e+02	1.046056e+08	
6.850000e+00	6.136187e+09	1.768391e+10	3.941757e+00	3.141593e+00	3.537947e-01	8.975559e-02	4.233324e-01	0.000000e+00	0.000000e+00	0.000000e+00	2.917350e-03	1.246382e-07	1.714739e-02	1.790140e+07	7.648033e+02	1.052196e+08	
6.900000e+00	6.161923e+09	1.779768e+10	3.946420e+00	3.141593e+00	3.542133e-01	8.975559e-02	4.233982e-01	0.000000e+00	0.000000e+00	0.000000e+00	2.936690e-03	1.251784e-07	1.717563e-02	1.809566e+07	7.713397e+02	1.058349e+08	
6.950000e+00	6.187516e+09	1.791158e+10	3.950999e+00	3.141593e+00	3.546243e-01	8.975559e-02	4.234700e-01	0.000000e+00	0.000000e+00	0.000000e+00	2.955503e-03	1.257130e-07	1.720362e-02	1.828722e+07	7.778513e+02	1.064477e+08	
7.000000e+00	6.212971e+09	1.802558e+10	3.955499e+00	3.141593e+00	3.550281e-01	8.975559e-02	4.235470e-01	0.000000e+00	0.000000e+00	0.000000e+00	2.973801e-03	1.262422e-07	1.723137e-02	1.847614e+07	7.843390e+02	1.070580e+08	
7.050000e+00	6.238291e+09	1.800888e+10	3.959920e+00	3.141593e+00	3.554250e-01	8.975559e-02	4.203120e-01	0.000000e+00	0.000000e+00	0.000000e+00	2.991597e-03	1.267661e-07	1.725887e-02	1.866245e+07	7.908038e+02	1.076658e+08	
7.100000e+00	6.262824e+09	1.812369e+10	3.963852e+00	3.141593e+00	3.557779e-01	8.975559e-02	4.207023e-01	0.000000e+00	0.000000e+00	0.000000e+00	3.008657e-03	1.271465e-07	1.728613e-02	1.884269e+07	7.962960e+02	1.082600e+08	
7.150000e+00	6.287302e+09	1.823855e+10	3.967760e+00	3.141593e+00	3.561286e-01	8.975559e-02	4.210468e-01	0.000000e+00	0.000000e+00	0.000000e+00	3.025236e-03	1.275460e-07	1.731309e-02	1.902057e+07	8.019200e+02	1.088526e+08	
7.200000e+00	6.311718e+09	1.835346e+10	3.971639e+00	3.141593e+00	3.564768e-01	8.975559e-02	4.213568e-01	0.000000e+00	0.000000e+00	0.000000e+00	3.041344e-03	1.279599e-07	1.733975e-02	1.919611e+07	8.076468e+02	1.094436e+08	
7.250000e+00	6.336065e+09	1.833616e+10	3.975487e+00	3.141593e+00	3.568222e-01	8.975559e-02	4.179739e-01	0.000000e+00	0.000000e+00	0.000000e+00	3.056993e-03	1.283849e-07	1.736613e-02	1.936931e+07	8.134548e+02	1.100329e+08	
7.300000e+00	6.359612e+09	1.876745e+10	3.978844e+00	3.141593e+00	3.571235e-01	8.975559e-02	4.193349e-01	0.000000e+00	0.000000e+00	0.000000e+00	3.071956e-03	1.286552e-07	1.739224e-02	1.953645e+07	8.181969e+02	1.106079e+08	
7.350000e+00	6.383317e+09	1.888296e+10	3.982313e+00	3.141593e+00	3.574348e-01	8.975559e-02	4.198694e-01	0.000000e+00	0.000000e+00	0.000000e+00	3.086875e-03	1.289574e-07	1.741788e-02	1.970450e+07	8.231758e+02	1.111838e+08	
7.400000e+00	6.407011e+09	1.899848e+10	3.985788e+00	3.141593e+00	3.577467e-01	8.975559e-02	4.203424e-01	0.000000e+00	0.000000e+00	0.000000e+00	3.101332e-03	1.292878e-07	1.744321e-02	1.987027e+07	8.283486e+02	1.117588e+08	
7.450000e+00	6.430684e+09	1.911402e+10	3.989261e+00	3.141593e+00	3.580585e-01	8.975559e-02	4.207669e-01	0.000000e+00	0.000000e+00	0.000000e+00	3.115341e-03	1.296405e-07	1.746824e-02	2.003377e+07	8.336771e+02	1.123327e+08	
7.500000e+00	6.454325e+09	1.922958e+10	3.992727e+00	3.141593e+00	3.583696e-01	8.975559e-02	4.211524e-01	0.000000e+00	0.000000e+00	0.000000e+00	3.128913e-03	1.300108e-07	1.749298e-02	2.019502e+07	8.391320e+02	1.129054e+08	
7.550000e+00	6.477927e+09	1.940966e+10	3.996181e+00	3.141593e+00	3.586796e-01	8.975559e-02	4.216288e-01	0.000000e+00	0.000000e+00	0.000000e+00	3.142058e-03	1.303953e-07	1.751745e-02	2.035403e+07	8.446914e+02	1.134767e+08	
7.600000e+00	6.501509e+09	1.988170e+10	3.999633e+00	3.141593e+00	3.589895e-01	8.975559e-02	4.228233e-01	0.000000e+00	0.000000e+00	0.000000e+00	3.154805e-03	1.307909e-07	1.754159e-02	2.051099e+07	8.503379e+02	1.140468e+08	
7.650000e+00	6.525215e+09	1.999717e+10	4.003173e+00	3.141593e+00	3.593072e-01	8.975559e-02	4.231143e-01	0.000000e+00	0.000000e+00	0.000000e+00	3.167708e-03	1.311917e-07	1.756536e-02	2.066998e+07	8.560542e+02	1.146178e+08	
7.700000e+00	6.548860e+09	2.042714e+10	4.006687e+00	3.141593e+00	3.596226e-01	8.975559e-02	4.257568e-01	0.000000e+00	0.000000e+00	0.000000e+00	3.180178e-03	1.316001e-07	1.758890e-02	2.082654e+07	8.618307e+02	1.151872e+08	
7.750000e+00	6.572918e+09	2.054225e+10	4.010464e+00	3.141593e+00	3.599616e-01	8.975559e-02	4.259380e-01	0.000000e+00	0.000000e+00	0.000000e+00	3.193382e-03	1.320331e-07	1.761221e-02	2.098984e+07	8.678424e+02	1.157636e+08	
7.800000e+00	6.596887e+09	2.065744e+10	4.014195e+00	3.141593e+00	3.602964e-01	8.975559e-02	4.261120e-01	0.000000e+00	0.000000e+00	0.000000e+00	3.206159e-03	1.324682e-07	1.763533e-02	2.115067e+07	8.738777e+02	1.163383e+08	
7.850000e+00	6.620767e+09	2.077270e+10	4.017881e+00	3.141593e+00	3.606273e-01	8.975559e-02	4.262795e-01	0.000000e+00	0.000000e+00	0.000000e+00	3.218522e-03	1.329048e-07	1.765825e-02	2.130909e+07	8.799318e+02	1.169112e+08	
7.900000e+00	6.644558e+09	2.116065e+10	4.021523e+00	3.141593e+00	3.609542e-01	8.975559e-02	4.269826e-01	0.000000e+00	0.000000e+00	0.000000e+00	3.230484e-03	1.333423e-07	1.768098e-02	2.146514e+07	8.860007e+02	1.174823e+08	
7.950000e+00	6.668370e+09	2.114840e+10	4.025187e+00	3.141593e+00	3.612830e-01	8.975559e-02	4.254319e-01	0.000000e+00	0.000000e+00	0.000000e+00	3.242172e-03	1.337763e-07	1.770335e-02	2.162000e+07	8.920698e+02	1.180525e+08	
8.000000e+00	6.691748e+09	2.126409e+10	4.028598e+00	3.141593e+00	3.615892e-01	8.975559e-02	4.256671e-01	0.000000e+00	0.000000e+00	0.000000e+00	3.253156e-03	1.341695e-07	1.772551e-02	2.176930e+07	8.978285e+02	1.186147e+08	
8.050000e+00	6.715060e+09	2.137983e+10	4.031980e+00	3.141593e+00	3.618928e-01	8.975559e-02	4.258902e-01	0.000000e+00	0.000000e+00	0.000000e+00	3.263764e-03	1.345673e-07	1.774746e-02	2.191637e+07	9.036273e+02	1.191753e+08	
8.100000e+00	6.738305e+09	2.149562e+10	4.035332e+00	3.141593e+00	3.621936e-01	8.975559e-02	4.261032e-01	0.000000e+00	0.000000e+00	0.000000e+00	3.274008e-03	1.349685e-07	1.776922e-02	2.206127e+07	9.094593e+02	1.197344e+08	
8.150000e+00	6.761482e+09	2.186146e+10	4.038653e+00	3.141593e+00	3.624917e-01	8.975559e-02	4.269003e-01	0.000000e+00	0.000000e+00	0.000000e+00	3.283900e-03	1.353725e-07	1.779077e-02	2.220403e+07	9.153185e+02	1.202920e+08	
8.200000e+00	6.784710e+09	2.197725e+10	4.042015e+00	3.141593e+00	3.627934e-01	8.975559e-02	4.270881e-01	0.000000e+00	0.000000e+00	0.000000e+00	3.293803e-03	1.357757e-07	1.781209e-02	2.234750e+07	9.211987e+02	1.208498e+08	
8.250000e+00	6.807864e+09	2.209309e+10	4.045342e+00	3.141593e+00	3.630921e-01	8.975559e-02	4.272698e-01	0.000000e+00	0.000000e+00	0.000000e+00	3.303351e-03	1.361802e-07	1.783322e-02	2.248876e+07	9.270963e+02	1.214061e+08	
8.300000e+00	6.830944e+09	2.220900e+10	4.048636e+00	3.141593e+00	3.633877e-01	8.975559e-02	4.274462e-01	0.000000e+00	0.000000e+00	0.000000e+00	3.312556e-03	1.365854e-07	1.785416e-02	2.262789e+07	9.330075e+02	1.219608e+08	
8.350000e+00	6.853951e+09	2.232496e+10	4.051896e+00	3.141593e+00	3.636803e-01	8.975559e-02	4.276177e-01	0.000000e+00	0.000000e+00	0.000000e+00	3.321431e-03	1.369909e-07	1.787492e-02	2.276493e+07	9.389287e+02	1.225139e+08	
8.400000e+00	6.876885e+09	2.269182e+10	4.055122e+00	3.141593e+00	3.639699e-01	8.975559e-02	4.283577e-01	0.000000e+00	0.000000e+00	0.000000e+00	3.329987e-03	1.373961e-07	1.789551e-02	2.289994e+07	9.448571e+02	1.230654e+08	
8.450000e+00	6.899863e+09	2.280779e+10	4.058384e+00	3.141593e+00	3.642627e-01	8.975559e-02	4.285127e-01	0.000000e+00	0.000000e+00	0.000000e+00	3.338528e-03	1.377982e-07	1.791586e-02	2.303539e+07	9.507887e+02	1.236170e+08	
8.500000e+00	6.922763e+09	2.350051e+10	4.061610e+00	3.141593e+00	3.645522e-01	8.975559e-02	4.306230e-01	0.000000e+00	0.000000e+00	0.000000e+00	3.346751e-03	1.381995e-07	1.793605e-02	2.316877e+07	9.567225e+02	1.241670e+08	
8.550000e+00	6.945986e+09	2.361621e+10	4.065034e+00	3.141593e+00	3.648595e-01	8.975559e-02	4.307359e-01	0.000000e+00	0.000000e+00	0.000000e+00	3.356697e-03	1.385970e-07	1.795621e-02	2.331557e+07	9.626927e+02	1.247236e+08	
8.600000e+00	6.969119e+09	2.403651e+10	4.068414e+00	3.141593e+00	3.651629e-01	8.975559e-02	4.322677e-01	0.000000e+00	0.000000e+00	0.000000e+00	3.366257e-03	1.389935e-07	1.797622e-02	2.345985e+07	9.686620e+02	1.252784e+08	
8.650000e+00	6.992452e+09	2.442695e+10	4.071919e+00	3.141593e+00	3.654775e-01	8.975559e-02	4.330816e-01	0.000000e+00	0.000000e+00	0.000000e+00	3.376729e-03	1.393888e-07	1.799617e-02	2.361162e+07	9.746696e+02	1.258374e+08	
8.700000e+00	7.015835e+09	2.454246e+10	4.075460e+00	3.141593e+00	3.657953e-01	8.975559e-02	4.331509e-01	0.000000e+00	0.000000e+00	0.000000e+00	3.387416e-03	1.397808e-07	1.801600e-02	2.376555e+07	9.806790e+02	1.263973e+08	
8.750000e+00	7.039117e+09	2.523898e+10	4.078950e+00	3.141593e+00	3.661086e-01	8.975559e-02	4.344155e-01	0.000000e+00	0.000000e+00	0.000000e+00	3.397685e-03	1.401713e-07	1.803570e-02	2.391670e+07	9.866823e+02	1.269554e+08	
8.800000e+00	7.062541e+09	2.535442e+10	4.082530e+00	3.141593e+00	3.664299e-01	8.975559e-02	4.344711e-01	0.000000e+00	0.000000e+00	0.000000e+00	3.407950e-03	1.405539e-07	1.805506e-02	2.406879e+07	9.926674e+02	1.275146e+08	
8.850000e+00	7.085860e+09	2.546994e+10	4.086055e+00	3.141593e+00	3.667463e-01	8.975559e-02	4.345292e-01	0.000000e+00	0.000000e+00	0.000000e+00	3.417797e-03	1.409350e-07	1.807429e-02	2.421803e+07	9.986455e+02	1.280719e+08	
8.900000e+00	7.109075e+09	2.599220e+10	4.089528e+00	3.141593e+00	3.670580e-01	8.975559e-02	4.353289e-01	0.000000e+00	0.000000e+00	0.000000e+00	3.427240e-03	1.413146e-07	1.809341e-02	2.436451e+07	1.004616e+03	1.286274e+08	
8.950000e+00	7.132340e+09	2.610775e+10	4.093037e+00	3.141593e+00	3.673729e-01	8.975559e-02	4.353807e-01	0.000000e+00	0.000000e+00	0.000000e+00	3.436366e-03	1.416877e-07	1.811222e-02	2.450933e+07	1.010565e+03	1.291825e+08	
9.000000e+00	7.155500e+09	2.654127e+10	4.096492e+00	3.141593e+00	3.676831e-01	8.975559e-02	4.375106e-01	0.000000e+00	0.000000e+00	0.000000e+00	3.445110e-03	1.420593e-07	1.813091e-02	2.465149e+07	1.016505e+03	1.297358e+08	
9.050000e+00	7.178984e+09	2.697671e+10	4.100140e+00	3.141593e+00	3.680105e-01	8.975559e-02	4.380703e-01	0.000000e+00	0.000000e+00	0.000000e+00	3.454643e-03	1.424396e-07	1.814954e-02	2.480083e+07	1.022572e+03	1.302953e+08	
9.100000e+00	7.202464e+09	2.740094e+10	4.103790e+00	3.141593e+00	3.683381e-01	8.975559e-02	4.395382e-01	0.000000e+00	0.000000e+00	0.000000e+00	3.463837e-03	1.428130e-07	1.816794e-02	2.494816e+07	1.028605e+03	1.308539e+08	
9.150000e+00	7.226126e+09	2.781056e+10	4.107550e+00	3.141593e+00	3.686756e-01	8.975559e-02	4.404890e-01	0.000000e+00	0.000000e+00	0.000000e+00	3.473927e-03	1.431835e-07	1.818636e-02	2.510303e+07	1.034662e+03	1.314169e+08	
9.200000e+00	7.249860e+09	2.792558e+10	4.111356e+00	3.141593e+00	3.690172e-01	8.975559e-02	4.404409e-01	0.000000e+00	0.000000e+00	0.000000e+00	3.484659e-03	1.435498e-07	1.820479e-02	2.526329e+07	1.040716e+03	1.319822e+08	
9.250000e+00	7.273462e+09	2.804073e+10	4.115092e+00	3.141593e+00	3.693525e-01	8.975559e-02	4.404001e-01	0.000000e+00	0.000000e+00	0.000000e+00	3.494975e-03	1.439133e-07	1.822315e-02	2.542057e+07	1.046748e+03	1.325454e+08	
9.300000e+00	7.296934e+09	2.851923e+10	4.118760e+00	3.141593e+00	3.696817e-01	8.975559e-02	4.409544e-01	0.000000e+00	0.000000e+00	0.000000e+00	3.504889e-03	1.442739e-07	1.824145e-02	2.557495e+07	1.052757e+03	1.331066e+08	
9.350000e+00	7.320401e+09	2.863447e+10	4.122430e+00	3.141593e+00	3.700111e-01	8.975559e-02	4.409183e-01	0.000000e+00	0.000000e+00	0.000000e+00	3.514414e-03	1.446278e-07	1.825948e-02	2.572692e+07	1.058734e+03	1.336667e+08	
9.400000e+00	7.343741e+09	2.905895e+10	4.126034e+00	3.141593e+00	3.703346e-01	8.975559e-02	4.423084e-01	0.000000e+00	0.000000e+00	0.000000e+00	3.523564e-03	1.449792e-07	1.827744e-02	2.587614e+07	1.064690e+03	1.342248e+08	
9.450000e+00	7.367251e+09	2.950908e+10	4.129738e+00	3.141593e+00	3.706671e-01	8.975559e-02	4.459272e-01	0.000000e+00	0.000000e+00	0.000000e+00	3.533595e-03	1.453280e-07	1.829543e-02	2.603288e+07	1.070668e+03	1.347870e+08	
9.500000e+00	7.391389e+09	2.992604e+10	4.133798e+00	3.141593e+00	3.710315e-01	8.975559e-02	4.461587e-01	0.000000e+00	0.000000e+00	0.000000e+00	3.544070e-03	1.457349e-07	1.831325e-02	2.619560e+07	1.077183e+03	1.353603e+08	
9.550000e+00	7.415443e+09	3.050272e+10	4.137815e+00	3.141593e+00	3.713920e-01	8.975559e-02	4.466717e-01	0.000000e+00	0.000000e+00	0.000000e+00	3.554146e-03	1.461289e-07	1.833088e-02	2.635557e+07	1.083611e+03	1.359316e+08	
9.600000e+00	7.439475e+09	3.107920e+10	4.141822e+00	3.141593e+00	3.717517e-01	8.975559e-02	4.472389e-01	0.000000e+00	0.000000e+00	0.000000e+00	3.563837e-03	1.465094e-07	1.834825e-02	2.651308e+07	1.089953e+03	1.365013e+08	
9.650000e+00	7.463495e+09	3.156413e+10	4.145826e+00	3.141593e+00	3.721110e-01	8.975559e-02	4.476785e-01	0.000000e+00	0.000000e+00	0.000000e+00	3.573182e-03	1.468769e-07	1.836539e-02	2.666843e+07	1.096215e+03	1.370700e+08	
9.700000e+00	7.487478e+09	3.167877e+10	4.149812e+00	3.141593e+00	3.724688e-01	8.975559e-02	4.474991e-01	0.000000e+00	0.000000e+00	0.000000e+00	3.582203e-03	1.472335e-07	1.838238e-02	2.682166e+07	1.102407e+03	1.376376e+08	
9.750000e+00	7.511295e+09	3.171801e+10	4.153709e+00	3.141593e+00	3.728186e-01	8.975559e-02	4.472142e-01	0.000000e+00	0.000000e+00	0.000000e+00	3.590892e-03	1.475840e-07	1.839936e-02	2.697225e+07	1.108547e+03	1.382030e+08	
9.800000e+00	7.534928e+09	3.183295e+10	4.157508e+00	3.141593e+00	3.731596e-01	8.975559e-02	4.470644e-01	0.000000e+00	0.000000e+00	0.000000e+00	3.599264e-03	1.479300e-07	1.841637e-02	2.712020e+07	1.114642e+03	1.387660e+08	
9.850000e+00	7.558408e+09	3.236880e+10	4.161227e+00	3.141593e+00	3.734934e-01	8.975559e-02	4.481832e-01	0.000000e+00	0.000000e+00	0.000000e+00	3.607328e-03	1.482709e-07	1.843335e-02	2.726566e+07	1.120692e+03	1.393268e+08	
9.900000e+00	7.582001e+09	3.282988e+10	4.165012e+00	3.141593e+00	3.738331e-01	8.975559e-02	4.535038e-01	0.000000e+00	0.000000e+00	0.000000e+00	3.616296e-03	1.486044e-07	1.845033e-02	2.741876e+07	1.126719e+03	1.398905e+08	
9.950000e+00	7.606581e+09	3.330252e+10	4.169340e+00	3.141593e+00	3.742216e-01	8.975559e-02	4.536277e-01	0.000000e+00	0.000000e+00	0.000000e+00	3.625562e-03	1.490684e-07	1.846703e-02	2.757813e+07	1.133901e+03	1.404709e+08	
1.000000e+01	7.631049e+09	3.341662e+10	4.173609e+00	3.141593e+00	3.746048e-01	8.975559e-02	4.531872e-01	0.000000e+00	0.000000e+00	0.000000e+00	3.634523e-03	1.495070e-07	1.848365e-02	2.773523e+07	1.140896e+03	1.410496e+08	
1.005000e+01	7.655289e+09	3.382717e+10	4.177755e+00	3.141593e+00	3.749769e-01	8.975559e-02	4.536706e-01	0.000000e+00	0.000000e+00	0.000000e+00	3.643165e-03	1.499269e-07	1.850032e-02	2.788948e+07	1.147734e+03	1.416253e+08	
1.010000e+01	7.679499e+09	3.435093e+10	4.181886e+00	3.141593e+00	3.753476e-01	8.975559e-02	4.542914e-01	0.000000e+00	0.000000e+00	0.000000e+00	3.652338e-03	1.503289e-07	1.851710e-02	2.804813e+07	1.154451e+03	1.422020e+08	
1.015000e+01	7.703706e+09	3.493662e+10	4.186017e+00	3.141593e+00	3.757185e-01	8.975559e-02	4.546093e-01	0.000000e+00	0.000000e+00	0.000000e+00	3.661842e-03	1.507130e-07	1.853386e-02	2.820975e+07	1.161049e+03	1.427794e+08	
1.020000e+01	7.727849e+09	3.505096e+10	4.190115e+00	3.141593e+00	3.760863e-01	8.975559e-02	4.542715e-01	0.000000e+00	0.000000e+00	0.000000e+00	3.670932e-03	1.510786e-07	1.855039e-02	2.836841e+07	1.167512e+03	1.433546e+08	
1.025000e+01	7.751791e+09	3.516547e+10	4.194106e+00	3.141593e+00	3.764445e-01	8.975559e-02	4.539609e-01	0.000000e+00	0.000000e+00	0.000000e+00	3.679668e-03	1.514326e-07	1.856695e-02	2.852401e+07	1.173874e+03	1.439271e+08	
1.030000e+01	7.775541e+09	3.562555e+10	4.197996e+00	3.141593e+00	3.767936e-01	8.975559e-02	4.585376e-01	0.000000e+00	0.000000e+00	0.000000e+00	3.688062e-03	1.517765e-07	1.858351e-02	2.867668e+07	1.180144e+03	1.444969e+08	
1.035000e+01	7.800128e+09	3.632383e+10	4.202339e+00	3.141593e+00	3.771834e-01	8.975559e-02	4.599944e-01	0.000000e+00	0.000000e+00	0.000000e+00	3.696795e-03	1.522181e-07	1.859987e-02	2.883547e+07	1.187320e+03	1.450814e+08	
1.040000e+01	7.824885e+09	3.767822e+10	4.206773e+00	3.141593e+00	3.775814e-01	8.975559e-02	4.613428e-01	0.000000e+00	0.000000e+00	0.000000e+00	3.706356e-03	1.526372e-07	1.861622e-02	2.900181e+07	1.194369e+03	1.456698e+08	
1.045000e+01	7.849785e+09	3.810465e+10	4.211284e+00	3.141593e+00	3.779863e-01	8.975559e-02	4.612704e-01	0.000000e+00	0.000000e+00	0.000000e+00	3.715601e-03	1.530238e-07	1.863206e-02	2.916667e+07	1.201204e+03	1.462577e+08	
1.050000e+01	7.874528e+09	3.866520e+10	4.215711e+00	3.141593e+00	3.783837e-01	8.975559e-02	4.614011e-01	0.000000e+00	0.000000e+00	0.000000e+00	3.724497e-03	1.533901e-07	1.864788e-02	2.932865e+07	1.207874e+03	1.468432e+08	
1.055000e+01	7.899159e+09	3.867145e+10	4.220079e+00	3.141593e+00	3.787757e-01	8.975559e-02	4.607061e-01	0.000000e+00	0.000000e+00	0.000000e+00	3.733039e-03	1.537376e-07	1.866357e-02	2.948787e+07	1.214398e+03	1.474265e+08	
1.060000e+01	7.923507e+09	3.878544e+10	4.224295e+00	3.141593e+00	3.791541e-01	8.975559e-02	4.602858e-01	0.000000e+00	0.000000e+00	0.000000e+00	3.741164e-03	1.540730e-07	1.867934e-02	2.964314e+07	1.220798e+03	1.480059e+08	
1.065000e+01	7.947634e+09	3.945520e+10	4.228394e+00	3.141593e+00	3.795220e-01	8.975559e-02	4.606180e-01	0.000000e+00	0.000000e+00	0.000000e+00	3.749007e-03	1.543970e-07	1.869518e-02	2.979573e+07	1.227091e+03	1.485824e+08	
1.070000e+01	7.971701e+09	3.956942e+10	4.232463e+00	3.141593e+00	3.798872e-01	8.975559e-02	4.602449e-01	0.000000e+00	0.000000e+00	0.000000e+00	3.756517e-03	1.547057e-07	1.871078e-02	2.994583e+07	1.233267e+03	1.491567e+08	
1.075000e+01	7.995562e+09	4.009006e+10	4.236423e+00	3.141593e+00	3.802427e-01	8.975559e-02	4.607629e-01	0.000000e+00	0.000000e+00	0.000000e+00	3.763765e-03	1.550056e-07	1.872643e-02	3.009342e+07	1.239356e+03	1.497283e+08	
1.080000e+01	8.019407e+09	4.020446e+10	4.240377e+00	3.141593e+00	3.805976e-01	8.975559e-02	4.604241e-01	0.000000e+00	0.000000e+00	0.000000e+00	3.771129e-03	1.552944e-07	1.874205e-02	3.024222e+07	1.245369e+03	1.503002e+08	
1.085000e+01	8.043057e+09	4.080626e+10	4.244230e+00	3.141593e+00	3.809433e-01	8.975559e-02	4.607631e-01	0.000000e+00	0.000000e+00	0.000000e+00	3.778222e-03	1.555763e-07	1.875771e-02	3.038846e+07	1.251309e+03	1.508693e+08	
1.090000e+01	8.066657e+09	4.210273e+10	4.248058e+00	3.141593e+00	3.812869e-01	8.975559e-02	4.621932e-01	0.000000e+00	0.000000e+00	0.000000e+00	3.785005e-03	1.558465e-07	1.877317e-02	3.053234e+07	1.257160e+03	1.514367e+08	
1.095000e+01	8.090441e+09	4.342477e+10	4.251984e+00	3.141593e+00	3.816393e-01	8.975559e-02	4.637692e-01	0.000000e+00	0.000000e+00	0.000000e+00	3.791493e-03	1.560994e-07	1.878821e-02	3.067485e+07	1.262913e+03	1.520049e+08	
1.100000e+01	8.114436e+09	4.421945e+10	4.256023e+00	3.141593e+00	3.820019e-01	8.975559e-02	4.702664e-01	0.000000e+00	0.000000e+00	0.000000e+00	3.797760e-03	1.563362e-07	1.880287e-02	3.081668e+07	1.268580e+03	1.525747e+08	
1.105000e+01	8.139688e+09	4.433243e+10	4.260720e+00	3.141593e+00	3.824235e-01	8.975559e-02	4.696687e-01	0.000000e+00	0.000000e+00	0.000000e+00	3.805375e-03	1.566674e-07	1.881740e-02	3.097456e+07	1.275224e+03	1.531678e+08	
1.110000e+01	8.164666e+09	4.480530e+10	4.265273e+00	3.141593e+00	3.828321e-01	8.975559e-02	4.696350e-01	0.000000e+00	0.000000e+00	0.000000e+00	3.812753e-03	1.569842e-07	1.883209e-02	3.112986e+07	1.281724e+03	1.537577e+08	
1.115000e+01	8.189497e+09	4.656386e+10	4.269748e+00	3.141593e+00	3.832338e-01	8.975559e-02	4.713845e-01	0.000000e+00	0.000000e+00	0.000000e+00	3.819880e-03	1.572847e-07	1.884679e-02	3.128290e+07	1.288082e+03	1.543457e+08	
1.120000e+01	8.214562e+09	4.727063e+10	4.274344e+00	3.141593e+00	3.836463e-01	8.975559e-02	4.737426e-01	0.000000e+00	0.000000e+00	0.000000e+00	3.826903e-03	1.575576e-07	1.886100e-02	3.143633e+07	1.294267e+03	1.549349e+08	
1.125000e+01	8.239989e+09	4.815137e+10	4.279126e+00	3.141593e+00	3.840755e-01	8.975559e-02	4.782390e-01	0.000000e+00	0.000000e+00	0.000000e+00	3.834601e-03	1.578398e-07	1.887524e-02	3.159707e+07	1.300598e+03	1.555318e+08	
1.130000e+01	8.266231e+09	4.859968e+10	4.284328e+00	3.141593e+00	3.845424e-01	8.975559e-02	4.801936e-01	0.000000e+00	0.000000e+00	0.000000e+00	3.843689e-03	1.581764e-07	1.888950e-02	3.177282e+07	1.307523e+03	1.561449e+08	
1.135000e+01	8.292732e+09	4.900601e+10	4.289661e+00	3.141593e+00	3.850210e-01	8.975559e-02	4.797225e-01	0.000000e+00	0.000000e+00	0.000000e+00	3.853405e-03	1.585213e-07	1.890393e-02	3.195525e+07	1.314575e+03	1.567652e+08	
1.140000e+01	8.318970e+09	4.949058e+10	4.294853e+00	3.141593e+00	3.854871e-01	8.975559e-02	4.794102e-01	0.000000e+00	0.000000e+00	0.000000e+00	3.862831e-03	1.588449e-07	1.891843e-02	3.213477e+07	1.321426e+03	1.573819e+08	
1.145000e+01	8.344983e+09	5.071903e+10	4.299925e+00	3.141593e+00	3.859423e-01	8.975559e-02	4.803622e-01	0.000000e+00	0.000000e+00	0.000000e+00	3.871967e-03	1.591494e-07	1.893294e-02	3.231150e+07	1.328099e+03	1.579951e+08	
1.150000e+01	8.371045e+09	5.083104e+10	4.305019e+00	3.141593e+00	3.863995e-01	8.975559e-02	4.796582e-01	0.000000e+00	0.000000e+00	0.000000e+00	3.881007e-03	1.594294e-07	1.894730e-02	3.248808e+07	1.334591e+03	1.586087e+08	
1.155000e+01	8.396801e+09	5.141254e+10	4.309952e+00	3.141593e+00	3.868423e-01	8.975559e-02	4.797382e-01	0.000000e+00	0.000000e+00	0.000000e+00	3.889802e-03	1.596966e-07	1.896185e-02	3.266189e+07	1.340940e+03	1.592189e+08	
1.160000e+01	8.422423e+09	5.152492e+10	4.314814e+00	3.141593e+00	3.872787e-01	8.975559e-02	4.791019e-01	0.000000e+00	0.000000e+00	0.000000e+00	3.898369e-03	1.599483e-07	1.897642e-02	3.283371e+07	1.347152e+03	1.598274e+08	
1.165000e+01	8.447760e+09	5.163755e+10	4.319527e+00	3.141593e+00	3.877017e-01	8.975559e-02	4.785000e-01	0.000000e+00	0.000000e+00	0.000000e+00	3.906702e-03	1.601900e-07	1.899115e-02	3.300288e+07	1.353247e+03	1.604327e+08	
1.170000e+01	8.472823e+09	5.223810e+10	4.324098e+00	3.141593e+00	3.881120e-01	8.975559e-02	4.785224e-01	0.000000e+00	0.000000e+00	0.000000e+00	3.914810e-03	1.604229e-07	1.900601e-02	3.316949e+07	1.359235e+03	1.610346e+08	
1.175000e+01	8.497751e+09	5.223280e+10	4.328599e+00	3.141593e+00	3.885159e-01	8.975559e-02	4.776232e-01	0.000000e+00	0.000000e+00	0.000000e+00	3.922649e-03	1.606428e-07	1.902080e-02	3.333369e+07	1.365103e+03	1.616340e+08	
1.180000e+01	8.522347e+09	5.268625e+10	4.332929e+00	3.141593e+00	3.889046e-01	8.975559e-02	4.799980e-01	0.000000e+00	0.000000e+00	0.000000e+00	3.929954e-03	1.608563e-07	1.903566e-02	3.349243e+07	1.370873e+03	1.622285e+08	
1.185000e+01	8.547324e+09	5.319073e+10	4.337452e+00	3.141593e+00	3.893105e-01	8.975559e-02	4.800131e-01	0.000000e+00	0.000000e+00	0.000000e+00	3.937900e-03	1.610951e-07	1.905057e-02	3.365851e+07	1.376932e+03	1.628314e+08	
1.190000e+01	8.572168e+09	5.407499e+10	4.341905e+00	3.141593e+00	3.897102e-01	8.975559e-02	4.814282e-01	0.000000e+00	0.000000e+00	0.000000e+00	3.945666e-03	1.613224e-07	1.906551e-02	3.382291e+07	1.382883e+03	1.634327e+08	
1.195000e+01	8.597182e+09	5.484019e+10	4.346443e+00	3.141593e+00	3.901176e-01	8.975559e-02	4.816269e-01	0.000000e+00	0.000000e+00	0.000000e+00	3.954306e-03	1.615372e-07	1.908048e-02	3.399589e+07	1.388765e+03	1.640384e+08	
1.200000e+01	8.622102e+09	5.526242e+10	4.350932e+00	3.141593e+00	3.905205e-01	8.975559e-02	4.814291e-01	0.000000e+00	0.000000e+00	0.000000e+00	3.962665e-03	1.617417e-07	1.909523e-02	3.416650e+07	1.394554e+03	1.646410e+08	
1.205000e+01	8.646842e+09	5.667529e+10	4.355329e+00	3.141593e+00	3.909151e-01	8.975559e-02	4.835294e-01	0.000000e+00	0.000000e+00	0.000000e+00	3.970788e-03	1.619388e-07	1.910993e-02	3.433478e+07	1.400259e+03	1.652406e+08	
1.210000e+01	8.671906e+09	6.134111e+10	4.359887e+00	3.141593e+00	3.913242e-01	8.975559e-02	4.890347e-01	0.000000e+00	0.000000e+00	0.000000e+00	3.980209e-03	1.621210e-07	1.912435e-02	3.451600e+07	1.405898e+03	1.658446e+08	
1.215000e+01	8.698032e+09	6.183377e+10	4.364976e+00	3.141593e+00	3.917810e-01	8.975559e-02	4.889020e-01	0.000000e+00	0.000000e+00	0.000000e+00	3.989747e-03	1.622583e-07	1.913703e-02	3.470295e+07	1.411328e+03	1.664545e+08	
1.220000e+01	8.723976e+09	6.228857e+10	4.369970e+00	3.141593e+00	3.922292e-01	8.975559e-02	4.912892e-01	0.000000e+00	0.000000e+00	0.000000e+00	3.998966e-03	1.623911e-07	1.914973e-02	3.488689e+07	1.416696e+03	1.670617e+08	
1.225000e+01	8.750292e+09	6.308645e+10	4.375146e+00	3.141593e+00	3.926938e-01	8.975559e-02	4.939907e-01	0.000000e+00	0.000000e+00	0.000000e+00	4.008710e-03	1.625564e-07	1.916257e-02	3.507738e+07	1.422416e+03	1.676781e+08	
1.230000e+01	8.777043e+09	6.355542e+10	4.380535e+00	3.141593e+00	3.931775e-01	8.975559e-02	4.985906e-01	0.000000e+00	0.000000e+00	0.000000e+00	4.018942e-03	1.627490e-07	1.917541e-02	3.527443e+07	1.428455e+03	1.683034e+08	
1.235000e+01	8.804642e+09	6.393010e+10	4.386342e+00	3.141593e+00	3.936987e-01	8.975559e-02	4.978797e-01	0.000000e+00	0.000000e+00	0.000000e+00	4.029449e-03	1.630570e-07	1.918823e-02	3.547785e+07	1.435658e+03	1.689455e+08	
1.240000e+01	8.831913e+09	6.433430e+10	4.391978e+00	3.141593e+00	3.942046e-01	8.975559e-02	4.974582e-01	0.000000e+00	0.000000e+00	0.000000e+00	4.039693e-03	1.633410e-07	1.920130e-02	3.567821e+07	1.442614e+03	1.695842e+08	
1.245000e+01	8.858925e+09	6.472866e+10	4.397480e+00	3.141593e+00	3.946985e-01	8.975559e-02	4.967919e-01	0.000000e+00	0.000000e+00	0.000000e+00	4.049908e-03	1.636051e-07	1.921464e-02	3.587783e+07	1.449365e+03	1.702210e+08	
