# bin_edge_left	bin_edge_right	dN/d[fe/H]	dN/d[sr/H]	dN/d[o/H]	dN/d[sr/fe]	dN/d[o/fe]	dN/d[o/sr]	
-3.000000e+00	-2.950000e+00	0.000000e+00	0.000000e+00	0.000000e+00	3.899392e-06	3.899392e-06	3.899392e-06	
-2.950000e+00	-2.900000e+00	0.000000e+00	0.000000e+00	0.000000e+00	0.000000e+00	0.000000e+00	0.000000e+00	
-2.900000e+00	-2.850000e+00	0.000000e+00	0.000000e+00	0.000000e+00	0.000000e+00	0.000000e+00	0.000000e+00	
-2.850000e+00	-2.800000e+00	0.000000e+00	0.000000e+00	0.000000e+00	0.000000e+00	0.000000e+00	0.000000e+00	
-2.800000e+00	-2.750000e+00	0.000000e+00	0.000000e+00	0.000000e+00	0.000000e+00	0.000000e+00	0.000000e+00	
-2.750000e+00	-2.700000e+00	0.000000e+00	0.000000e+00	0.000000e+00	0.000000e+00	0.000000e+00	0.000000e+00	
-2.700000e+00	-2.650000e+00	0.000000e+00	0.000000e+00	0.000000e+00	0.000000e+00	0.000000e+00	0.000000e+00	
-2.650000e+00	-2.600000e+00	0.000000e+00	0.000000e+00	0.000000e+00	0.000000e+00	0.000000e+00	0.000000e+00	
-2.600000e+00	-2.550000e+00	0.000000e+00	0.000000e+00	0.000000e+00	0.000000e+00	0.000000e+00	0.000000e+00	
-2.550000e+00	-2.500000e+00	0.000000e+00	0.000000e+00	0.000000e+00	0.000000e+00	0.000000e+00	0.000000e+00	
-2.500000e+00	-2.450000e+00	0.000000e+00	0.000000e+00	0.000000e+00	0.000000e+00	0.000000e+00	0.000000e+00	
-2.450000e+00	-2.400000e+00	0.000000e+00	0.000000e+00	0.000000e+00	0.000000e+00	0.000000e+00	0.000000e+00	
-2.400000e+00	-2.350000e+00	0.000000e+00	0.000000e+00	0.000000e+00	0.000000e+00	0.000000e+00	0.000000e+00	
-2.350000e+00	-2.300000e+00	0.000000e+00	0.000000e+00	0.000000e+00	0.000000e+00	0.000000e+00	0.000000e+00	
-2.300000e+00	-2.250000e+00	0.000000e+00	0.000000e+00	0.000000e+00	0.000000e+00	0.000000e+00	0.000000e+00	
-2.250000e+00	-2.200000e+00	0.000000e+00	0.000000e+00	0.000000e+00	0.000000e+00	0.000000e+00	0.000000e+00	
-2.200000e+00	-2.150000e+00	0.000000e+00	0.000000e+00	0.000000e+00	0.000000e+00	0.000000e+00	0.000000e+00	
-2.150000e+00	-2.100000e+00	0.000000e+00	0.000000e+00	0.000000e+00	0.000000e+00	0.000000e+00	0.000000e+00	
-2.100000e+00	-2.050000e+00	0.000000e+00	0.000000e+00	0.000000e+00	0.000000e+00	0.000000e+00	0.000000e+00	
-2.050000e+00	-2.000000e+00	0.000000e+00	0.000000e+00	0.000000e+00	0.000000e+00	0.000000e+00	0.000000e+00	
-2.000000e+00	-1.950000e+00	0.000000e+00	4.420648e-04	0.000000e+00	0.000000e+00	0.000000e+00	0.000000e+00	
-1.950000e+00	-1.900000e+00	0.000000e+00	0.000000e+00	0.000000e+00	0.000000e+00	0.000000e+00	0.000000e+00	
-1.900000e+00	-1.850000e+00	4.420648e-04	0.000000e+00	0.000000e+00	0.000000e+00	0.000000e+00	0.000000e+00	
-1.850000e+00	-1.800000e+00	0.000000e+00	0.000000e+00	0.000000e+00	0.000000e+00	0.000000e+00	0.000000e+00	
-1.800000e+00	-1.750000e+00	0.000000e+00	8.689176e-04	0.000000e+00	0.000000e+00	0.000000e+00	0.000000e+00	
-1.750000e+00	-1.700000e+00	0.000000e+00	0.000000e+00	0.000000e+00	0.000000e+00	0.000000e+00	0.000000e+00	
-1.700000e+00	-1.650000e+00	8.689176e-04	1.281289e-03	0.000000e+00	0.000000e+00	0.000000e+00	0.000000e+00	
-1.650000e+00	-1.600000e+00	0.000000e+00	0.000000e+00	0.000000e+00	0.000000e+00	0.000000e+00	0.000000e+00	
-1.600000e+00	-1.550000e+00	1.281289e-03	1.679820e-03	0.000000e+00	0.000000e+00	0.000000e+00	0.000000e+00	
-1.550000e+00	-1.500000e+00	0.000000e+00	1.888006e-03	0.000000e+00	0.000000e+00	0.000000e+00	0.000000e+00	
-1.500000e+00	-1.450000e+00	1.679820e-03	1.770926e-04	0.000000e+00	0.000000e+00	0.000000e+00	0.000000e+00	
-1.450000e+00	-1.400000e+00	1.888006e-03	2.437673e-03	4.420648e-04	0.000000e+00	0.000000e+00	0.000000e+00	
-1.400000e+00	-1.350000e+00	1.770926e-04	3.997917e-03	0.000000e+00	0.000000e+00	0.000000e+00	0.000000e+00	
-1.350000e+00	-1.300000e+00	2.437673e-03	5.531471e-03	0.000000e+00	0.000000e+00	0.000000e+00	0.000000e+00	
-1.300000e+00	-1.250000e+00	3.997917e-03	1.110879e-02	0.000000e+00	0.000000e+00	0.000000e+00	0.000000e+00	
-1.250000e+00	-1.200000e+00	5.531471e-03	1.081246e-02	8.689176e-04	0.000000e+00	0.000000e+00	0.000000e+00	
-1.200000e+00	-1.150000e+00	7.635992e-03	2.759549e-02	0.000000e+00	0.000000e+00	0.000000e+00	0.000000e+00	
-1.150000e+00	-1.100000e+00	1.052664e-02	9.371972e-03	1.281289e-03	0.000000e+00	0.000000e+00	0.000000e+00	
-1.100000e+00	-1.050000e+00	1.154003e-02	1.958367e-02	0.000000e+00	0.000000e+00	0.000000e+00	0.000000e+00	
-1.050000e+00	-1.000000e+00	6.246115e-03	2.735344e-01	1.679820e-03	0.000000e+00	0.000000e+00	0.000000e+00	
-1.000000e+00	-9.500000e-01	9.371972e-03	3.679089e-02	1.888006e-03	0.000000e+00	0.000000e+00	0.000000e+00	
-9.500000e-01	-9.000000e-01	1.511577e-02	1.525449e-01	1.770926e-04	0.000000e+00	0.000000e+00	0.000000e+00	
-9.000000e-01	-8.500000e-01	3.149163e-02	2.053628e-01	2.437673e-03	0.000000e+00	0.000000e+00	0.000000e+00	
-8.500000e-01	-8.000000e-01	2.019056e-02	5.119995e-01	3.997917e-03	0.000000e+00	0.000000e+00	0.000000e+00	
-8.000000e-01	-7.500000e-01	3.491751e-02	3.503720e-01	5.531471e-03	0.000000e+00	0.000000e+00	0.000000e+00	
-7.500000e-01	-7.000000e-01	1.205637e-01	6.342774e-01	1.110879e-02	0.000000e+00	0.000000e+00	0.000000e+00	
-7.000000e-01	-6.500000e-01	2.353602e-01	2.119422e-01	2.438042e-02	0.000000e+00	0.000000e+00	0.000000e+00	
-6.500000e-01	-6.000000e-01	1.686755e-01	2.018286e-01	1.402753e-02	0.000000e+00	0.000000e+00	0.000000e+00	
-6.000000e-01	-5.500000e-01	4.072512e-01	4.171856e-01	9.371972e-03	0.000000e+00	0.000000e+00	0.000000e+00	
-5.500000e-01	-5.000000e-01	4.905578e-01	1.936448e+00	2.737155e-01	0.000000e+00	0.000000e+00	0.000000e+00	
-5.000000e-01	-4.500000e-01	7.105614e-01	4.008071e-01	2.225757e-02	0.000000e+00	0.000000e+00	0.000000e+00	
-4.500000e-01	-4.000000e-01	1.736354e-01	3.698569e-01	2.764289e-01	0.000000e+00	0.000000e+00	0.000000e+00	
-4.000000e-01	-3.500000e-01	1.053686e+00	8.362696e-01	2.097226e-01	0.000000e+00	0.000000e+00	0.000000e+00	
-3.500000e-01	-3.000000e-01	9.045233e-01	6.384804e-01	3.099978e-01	3.615683e-01	0.000000e+00	0.000000e+00	
-3.000000e-01	-2.500000e-01	7.763161e-01	1.599299e-01	8.250859e-01	1.543825e+00	0.000000e+00	0.000000e+00	
-2.500000e-01	-2.000000e-01	1.195243e+00	1.829752e-01	1.833277e-01	2.672798e+00	0.000000e+00	0.000000e+00	
-2.000000e-01	-1.500000e-01	8.017945e-01	1.008987e+00	2.187597e+00	2.123635e+00	0.000000e+00	0.000000e+00	
-1.500000e-01	-1.000000e-01	1.088038e+00	2.986209e-01	3.126875e-01	1.063874e+00	0.000000e+00	0.000000e+00	
-1.000000e-01	-5.000000e-02	4.779153e-01	1.751728e-01	1.100642e+00	9.275013e-01	0.000000e+00	2.244354e+00	
-5.000000e-02	0.000000e+00	4.505920e-01	4.623864e-01	1.952777e+00	1.368025e+00	0.000000e+00	2.217824e+00	
0.000000e+00	5.000000e-02	5.746214e-01	3.394946e-01	3.025664e-01	1.537279e+00	1.093500e+00	3.608104e+00	
5.000000e-02	1.000000e-01	6.442597e-01	4.201586e-01	5.060247e-01	3.930201e+00	6.933351e+00	1.259527e+00	
1.000000e-01	1.500000e-01	8.009150e-01	5.026819e-01	6.495549e-01	4.446584e+00	4.366200e+00	1.242797e+00	
1.500000e-01	2.000000e-01	1.019664e+00	4.527755e-01	7.637381e-01	2.470728e-02	4.120738e+00	9.878583e-01	
2.000000e-01	2.500000e-01	1.021605e+00	6.266491e-01	6.897402e-01	0.000000e+00	2.249168e+00	3.836508e-01	
2.500000e-01	3.000000e-01	1.776116e+00	9.798561e-01	1.381371e+00	0.000000e+00	7.063851e-01	1.065345e+00	
3.000000e-01	3.500000e-01	2.003066e+00	7.214713e-01	1.139223e+00	0.000000e+00	3.554394e-01	1.309795e+00	
3.500000e-01	4.000000e-01	1.961656e+00	1.850624e+00	2.165974e+00	0.000000e+00	1.110762e-01	1.868392e+00	
4.000000e-01	4.500000e-01	9.780434e-01	9.391205e-01	3.924448e+00	0.000000e+00	5.780065e-02	8.318451e-01	
4.500000e-01	5.000000e-01	0.000000e+00	2.025909e+00	7.459283e-01	0.000000e+00	6.337188e-03	1.572077e+00	
5.000000e-01	5.500000e-01	0.000000e+00	1.575552e+00	0.000000e+00	0.000000e+00	0.000000e+00	1.395373e+00	
5.500000e-01	6.000000e-01	0.000000e+00	3.158347e-03	0.000000e+00	0.000000e+00	0.000000e+00	1.305298e-02	
6.000000e-01	6.500000e-01	0.000000e+00	0.000000e+00	0.000000e+00	0.000000e+00	0.000000e+00	0.000000e+00	
6.500000e-01	7.000000e-01	0.000000e+00	0.000000e+00	0.000000e+00	0.000000e+00	0.000000e+00	0.000000e+00	
7.000000e-01	7.500000e-01	0.000000e+00	0.000000e+00	0.000000e+00	0.000000e+00	0.000000e+00	0.000000e+00	
7.500000e-01	8.000000e-01	0.000000e+00	0.000000e+00	0.000000e+00	0.000000e+00	0.000000e+00	0.000000e+00	
8.000000e-01	8.500000e-01	0.000000e+00	0.000000e+00	0.000000e+00	0.000000e+00	0.000000e+00	0.000000e+00	
8.500000e-01	9.000000e-01	0.000000e+00	0.000000e+00	0.000000e+00	0.000000e+00	0.000000e+00	0.000000e+00	
9.000000e-01	9.500000e-01	0.000000e+00	0.000000e+00	0.000000e+00	0.000000e+00	0.000000e+00	0.000000e+00	
9.500000e-01	1.000000e+00	0.000000e+00	0.000000e+00	0.000000e+00	0.000000e+00	0.000000e+00	0.000000e+00	
