# bin_edge_left	bin_edge_right	dN/d[fe/H]	dN/d[sr/H]	dN/d[o/H]	dN/d[sr/fe]	dN/d[o/fe]	dN/d[o/sr]	
-3.000000e+00	-2.950000e+00	0.000000e+00	0.000000e+00	1.790554e-05	8.551041e-07	8.551041e-07	8.551041e-07	
-2.950000e+00	-2.900000e+00	0.000000e+00	0.000000e+00	0.000000e+00	0.000000e+00	0.000000e+00	0.000000e+00	
-2.900000e+00	-2.850000e+00	0.000000e+00	0.000000e+00	0.000000e+00	0.000000e+00	0.000000e+00	0.000000e+00	
-2.850000e+00	-2.800000e+00	0.000000e+00	0.000000e+00	0.000000e+00	0.000000e+00	0.000000e+00	0.000000e+00	
-2.800000e+00	-2.750000e+00	0.000000e+00	0.000000e+00	0.000000e+00	0.000000e+00	0.000000e+00	0.000000e+00	
-2.750000e+00	-2.700000e+00	0.000000e+00	2.161354e-04	0.000000e+00	0.000000e+00	0.000000e+00	0.000000e+00	
-2.700000e+00	-2.650000e+00	0.000000e+00	0.000000e+00	0.000000e+00	0.000000e+00	0.000000e+00	0.000000e+00	
-2.650000e+00	-2.600000e+00	2.161354e-04	0.000000e+00	0.000000e+00	0.000000e+00	0.000000e+00	0.000000e+00	
-2.600000e+00	-2.550000e+00	0.000000e+00	0.000000e+00	0.000000e+00	0.000000e+00	0.000000e+00	0.000000e+00	
-2.550000e+00	-2.500000e+00	0.000000e+00	0.000000e+00	0.000000e+00	0.000000e+00	0.000000e+00	0.000000e+00	
-2.500000e+00	-2.450000e+00	0.000000e+00	0.000000e+00	0.000000e+00	0.000000e+00	0.000000e+00	0.000000e+00	
-2.450000e+00	-2.400000e+00	0.000000e+00	0.000000e+00	0.000000e+00	0.000000e+00	0.000000e+00	0.000000e+00	
-2.400000e+00	-2.350000e+00	0.000000e+00	0.000000e+00	0.000000e+00	0.000000e+00	0.000000e+00	0.000000e+00	
-2.350000e+00	-2.300000e+00	0.000000e+00	0.000000e+00	0.000000e+00	0.000000e+00	0.000000e+00	0.000000e+00	
-2.300000e+00	-2.250000e+00	0.000000e+00	0.000000e+00	0.000000e+00	0.000000e+00	0.000000e+00	0.000000e+00	
-2.250000e+00	-2.200000e+00	0.000000e+00	0.000000e+00	0.000000e+00	0.000000e+00	0.000000e+00	0.000000e+00	
-2.200000e+00	-2.150000e+00	0.000000e+00	9.186582e-04	2.161352e-04	0.000000e+00	0.000000e+00	0.000000e+00	
-2.150000e+00	-2.100000e+00	0.000000e+00	0.000000e+00	0.000000e+00	0.000000e+00	0.000000e+00	0.000000e+00	
-2.100000e+00	-2.050000e+00	9.186582e-04	0.000000e+00	0.000000e+00	0.000000e+00	0.000000e+00	0.000000e+00	
-2.050000e+00	-2.000000e+00	0.000000e+00	0.000000e+00	0.000000e+00	0.000000e+00	0.000000e+00	0.000000e+00	
-2.000000e+00	-1.950000e+00	0.000000e+00	0.000000e+00	0.000000e+00	0.000000e+00	0.000000e+00	0.000000e+00	
-1.950000e+00	-1.900000e+00	0.000000e+00	0.000000e+00	0.000000e+00	0.000000e+00	0.000000e+00	0.000000e+00	
-1.900000e+00	-1.850000e+00	0.000000e+00	0.000000e+00	0.000000e+00	0.000000e+00	0.000000e+00	0.000000e+00	
-1.850000e+00	-1.800000e+00	0.000000e+00	3.354514e-03	0.000000e+00	0.000000e+00	0.000000e+00	0.000000e+00	
-1.800000e+00	-1.750000e+00	0.000000e+00	0.000000e+00	0.000000e+00	0.000000e+00	0.000000e+00	0.000000e+00	
-1.750000e+00	-1.700000e+00	3.354514e-03	0.000000e+00	0.000000e+00	0.000000e+00	0.000000e+00	0.000000e+00	
-1.700000e+00	-1.650000e+00	0.000000e+00	0.000000e+00	0.000000e+00	0.000000e+00	0.000000e+00	0.000000e+00	
-1.650000e+00	-1.600000e+00	0.000000e+00	3.158783e-03	9.186574e-04	0.000000e+00	0.000000e+00	0.000000e+00	
-1.600000e+00	-1.550000e+00	0.000000e+00	0.000000e+00	0.000000e+00	0.000000e+00	0.000000e+00	0.000000e+00	
-1.550000e+00	-1.500000e+00	3.158783e-03	3.720020e-03	0.000000e+00	0.000000e+00	0.000000e+00	0.000000e+00	
-1.500000e+00	-1.450000e+00	0.000000e+00	0.000000e+00	0.000000e+00	0.000000e+00	0.000000e+00	0.000000e+00	
-1.450000e+00	-1.400000e+00	3.720020e-03	4.264657e-03	0.000000e+00	0.000000e+00	0.000000e+00	0.000000e+00	
-1.400000e+00	-1.350000e+00	0.000000e+00	4.793260e-03	0.000000e+00	0.000000e+00	0.000000e+00	0.000000e+00	
-1.350000e+00	-1.300000e+00	4.264657e-03	5.306388e-03	0.000000e+00	0.000000e+00	0.000000e+00	0.000000e+00	
-1.300000e+00	-1.250000e+00	4.793260e-03	0.000000e+00	3.354511e-03	0.000000e+00	0.000000e+00	0.000000e+00	
-1.250000e+00	-1.200000e+00	5.306388e-03	1.304663e-02	0.000000e+00	0.000000e+00	0.000000e+00	0.000000e+00	
-1.200000e+00	-1.150000e+00	0.000000e+00	7.214703e-03	0.000000e+00	0.000000e+00	0.000000e+00	0.000000e+00	
-1.150000e+00	-1.100000e+00	6.288373e-03	2.674315e-02	0.000000e+00	0.000000e+00	0.000000e+00	0.000000e+00	
-1.100000e+00	-1.050000e+00	6.758252e-03	4.308527e-02	3.158780e-03	0.000000e+00	0.000000e+00	0.000000e+00	
-1.050000e+00	-1.000000e+00	7.214703e-03	4.040665e-02	0.000000e+00	0.000000e+00	0.000000e+00	0.000000e+00	
-1.000000e+00	-9.500000e-01	1.266003e-02	1.439481e-01	3.720017e-03	0.000000e+00	0.000000e+00	0.000000e+00	
-9.500000e-01	-9.000000e-01	4.211934e-02	2.990203e-02	0.000000e+00	0.000000e+00	0.000000e+00	0.000000e+00	
-9.000000e-01	-8.500000e-01	3.862759e-02	2.109803e-01	4.264653e-03	0.000000e+00	0.000000e+00	0.000000e+00	
-8.500000e-01	-8.000000e-01	3.640652e-02	2.639202e-01	4.793256e-03	0.000000e+00	0.000000e+00	0.000000e+00	
-8.000000e-01	-7.500000e-01	5.192449e-02	3.485975e-01	5.306384e-03	0.000000e+00	0.000000e+00	0.000000e+00	
-7.500000e-01	-7.000000e-01	5.765530e-03	1.671821e-01	0.000000e+00	0.000000e+00	0.000000e+00	0.000000e+00	
-7.000000e-01	-6.500000e-01	1.772636e-01	2.156168e-01	1.304661e-02	0.000000e+00	0.000000e+00	0.000000e+00	
-6.500000e-01	-6.000000e-01	1.475259e-01	2.386773e-01	7.214696e-03	0.000000e+00	0.000000e+00	0.000000e+00	
-6.000000e-01	-5.500000e-01	2.579489e-01	3.748963e-01	2.674313e-02	0.000000e+00	0.000000e+00	0.000000e+00	
-5.500000e-01	-5.000000e-01	3.089710e-01	4.928239e-01	1.440017e-01	0.000000e+00	0.000000e+00	0.000000e+00	
-5.000000e-01	-4.500000e-01	2.590547e-01	8.797569e-01	3.364888e-02	0.000000e+00	0.000000e+00	0.000000e+00	
-4.500000e-01	-4.000000e-01	2.022978e-01	8.352610e-01	1.800875e-01	0.000000e+00	0.000000e+00	0.000000e+00	
-4.000000e-01	-3.500000e-01	2.215140e-01	1.221200e+00	1.920049e-01	0.000000e+00	0.000000e+00	0.000000e+00	
-3.500000e-01	-3.000000e-01	1.658689e+00	2.379539e-01	3.400149e-01	1.402280e-01	0.000000e+00	0.000000e+00	
-3.000000e-01	-2.500000e-01	1.000423e+00	3.230519e-01	1.055707e-01	7.439031e-01	0.000000e+00	0.000000e+00	
-2.500000e-01	-2.000000e-01	9.332294e-01	5.180075e-01	1.423308e-01	1.611919e+00	0.000000e+00	0.000000e+00	
-2.000000e-01	-1.500000e-01	3.186429e-01	9.556131e-01	2.295898e-01	2.085693e+00	0.000000e+00	0.000000e+00	
-1.500000e-01	-1.000000e-01	1.238705e+00	5.537906e-01	2.115509e+00	1.573206e+00	0.000000e+00	1.623446e-01	
-1.000000e-01	-5.000000e-02	6.703735e-01	1.027273e+00	5.046699e-01	2.975153e+00	0.000000e+00	3.788289e+00	
-5.000000e-02	0.000000e+00	1.490291e+00	4.761669e-01	1.427494e+00	1.151826e+00	0.000000e+00	2.303689e+00	
0.000000e+00	5.000000e-02	5.859031e-01	2.639743e-01	8.641781e-01	1.263031e+00	3.467287e-01	1.415972e+00	
5.000000e-02	1.000000e-01	7.084999e-01	4.609806e-01	1.047134e+00	1.664206e+00	5.651499e+00	1.055934e+00	
1.000000e-01	1.500000e-01	6.707213e-01	3.717189e-01	1.129574e+00	3.147042e+00	4.204291e+00	1.327820e+00	
1.500000e-01	2.000000e-01	7.378462e-01	5.102610e-01	9.106790e-01	3.643792e+00	4.744940e+00	1.377959e+00	
2.000000e-01	2.500000e-01	8.335285e-01	4.580169e-01	7.504786e-01	0.000000e+00	3.398421e+00	9.308219e-01	
2.500000e-01	3.000000e-01	9.825855e-01	5.191802e-01	8.988145e-01	0.000000e+00	8.822597e-01	1.542943e+00	
3.000000e-01	3.500000e-01	1.310981e+00	6.092413e-01	9.490577e-01	0.000000e+00	5.182057e-01	9.972857e-01	
3.500000e-01	4.000000e-01	2.105664e+00	6.325051e-01	1.129040e+00	0.000000e+00	1.723369e-01	1.373208e+00	
4.000000e-01	4.500000e-01	2.110452e+00	8.112242e-01	2.211708e+00	0.000000e+00	6.993047e-02	1.339745e+00	
4.500000e-01	5.000000e-01	8.353912e-01	1.445923e+00	2.493091e+00	0.000000e+00	1.138601e-02	1.043157e+00	
5.000000e-01	5.500000e-01	0.000000e+00	1.251813e+00	2.128569e+00	0.000000e+00	0.000000e+00	1.325180e+00	
5.500000e-01	6.000000e-01	0.000000e+00	1.844106e+00	0.000000e+00	0.000000e+00	0.000000e+00	1.565066e-02	
6.000000e-01	6.500000e-01	0.000000e+00	1.150208e+00	0.000000e+00	0.000000e+00	0.000000e+00	0.000000e+00	
6.500000e-01	7.000000e-01	0.000000e+00	0.000000e+00	0.000000e+00	0.000000e+00	0.000000e+00	0.000000e+00	
7.000000e-01	7.500000e-01	0.000000e+00	0.000000e+00	0.000000e+00	0.000000e+00	0.000000e+00	0.000000e+00	
7.500000e-01	8.000000e-01	0.000000e+00	0.000000e+00	0.000000e+00	0.000000e+00	0.000000e+00	0.000000e+00	
8.000000e-01	8.500000e-01	0.000000e+00	0.000000e+00	0.000000e+00	0.000000e+00	0.000000e+00	0.000000e+00	
8.500000e-01	9.000000e-01	0.000000e+00	0.000000e+00	0.000000e+00	0.000000e+00	0.000000e+00	0.000000e+00	
9.000000e-01	9.500000e-01	0.000000e+00	0.000000e+00	0.000000e+00	0.000000e+00	0.000000e+00	0.000000e+00	
9.500000e-01	1.000000e+00	0.000000e+00	0.000000e+00	0.000000e+00	0.000000e+00	0.000000e+00	0.000000e+00	
