# COLUMN NUMBERS: 
#	0: time [Gyr]
#	1: mgas [Msun]			ISM gas mass
#	2: mstar [Msun]			Stellar mass
#	3: sfr [Msun/yr]		Star formation rate
#	4: ifr [Msun/yr]		Infall rate
#	5: ofr [Msun/yr]		Outfow rate
#	6: eta_0			Mass-loading factor
#	7: r_eff			Effective recycilng rate
#	8: z_in(fe)			Inflow fe metallicity
#	9: z_in(sr)			Inflow sr metallicity
#	10: z_in(o)			Inflow o metallicity
#	11: z_out(fe)			Outflow fe metallicity
#	12: z_out(sr)			Outflow sr metallicity
#	13: z_out(o)			Outflow o metallicity
#	14: mass(fe) [Msun]		mass of element fe in ISM
#	15: mass(sr) [Msun]		mass of element sr in ISM
#	16: mass(o) [Msun]		mass of element o in ISM
0.000000e+00	1.000000e-12	5.087691e-30	1.357349e-37	9.738937e+01	1.402398e-36	1.033189e+01	2.503490e-01	0.000000e+00	0.000000e+00	0.000000e+00	9.845879e-282	6.834631e-294	0.000000e+00	0.000000e+00	0.000000e+00	0.000000e+00	
5.000000e-02	4.869469e+09	2.758007e+08	7.358109e+00	9.738937e+01	7.602317e+01	1.033189e+01	2.503490e-01	0.000000e+00	0.000000e+00	0.000000e+00	1.838796e-05	2.053322e-10	2.298494e-04	8.953957e+04	9.998585e-01	1.119245e+06	
1.000000e-01	5.661978e+09	5.829628e+08	8.416521e+00	9.738937e+01	8.695857e+01	1.033189e+01	2.700972e-01	0.000000e+00	0.000000e+00	0.000000e+00	2.285753e-05	2.552424e-10	2.857191e-04	1.294188e+05	1.445177e+00	1.617735e+06	
1.500000e-01	5.876356e+09	8.907226e+08	8.597623e+00	9.738937e+01	8.882969e+01	1.033189e+01	2.840816e-01	0.000000e+00	0.000000e+00	0.000000e+00	1.056369e-04	2.886575e-10	3.298854e-04	6.207602e+05	1.696255e+00	1.938524e+06	
2.000000e-01	5.996580e+09	9.366366e+08	8.639567e+00	9.738937e+01	8.926305e+01	1.033189e+01	2.860546e-01	0.000000e+00	0.000000e+00	0.000000e+00	1.372697e-04	3.138208e-10	3.552045e-04	8.231491e+05	1.881852e+00	2.130012e+06	
2.500000e-01	6.094488e+09	9.450336e+08	8.650536e+00	9.738937e+01	8.937638e+01	1.033189e+01	2.864031e-01	0.000000e+00	0.000000e+00	0.000000e+00	1.479283e-04	3.321446e-10	3.731048e-04	9.015469e+05	2.024251e+00	2.273883e+06	
3.000000e-01	6.186487e+09	9.470878e+08	8.654767e+00	9.738937e+01	8.942010e+01	1.033189e+01	2.864800e-01	0.000000e+00	0.000000e+00	0.000000e+00	1.519534e-04	3.477907e-10	3.882116e-04	9.400576e+05	2.151603e+00	2.401666e+06	
3.500000e-01	6.276184e+09	6.391335e+08	8.657444e+00	9.738937e+01	8.944775e+01	1.033189e+01	2.729310e-01	0.000000e+00	0.000000e+00	0.000000e+00	1.538531e-04	3.613498e-10	4.020500e-04	9.656105e+05	2.267898e+00	2.523339e+06	
4.000000e-01	6.358537e+09	6.390167e+08	8.651703e+00	9.738937e+01	8.938844e+01	1.033189e+01	2.729530e-01	0.000000e+00	0.000000e+00	0.000000e+00	1.548507e-04	3.660118e-10	4.148572e-04	9.846239e+05	2.327300e+00	2.637884e+06	
4.500000e-01	6.444074e+09	6.388185e+08	8.651950e+00	9.738937e+01	8.939099e+01	1.033189e+01	2.729374e-01	0.000000e+00	0.000000e+00	0.000000e+00	1.557467e-04	3.751190e-10	4.271949e-04	1.003643e+06	2.417294e+00	2.752875e+06	
5.000000e-01	6.529467e+09	6.388862e+08	8.653479e+00	9.738937e+01	8.940679e+01	1.033189e+01	2.729341e-01	0.000000e+00	0.000000e+00	0.000000e+00	1.565173e-04	3.852169e-10	4.391097e-04	1.021975e+06	2.515261e+00	2.867153e+06	
5.500000e-01	6.614014e+09	6.390104e+08	8.655266e+00	9.738937e+01	8.942525e+01	1.033189e+01	2.729334e-01	0.000000e+00	0.000000e+00	0.000000e+00	1.572911e-04	3.953533e-10	4.506179e-04	1.040325e+06	2.614872e+00	2.980393e+06	
6.000000e-01	6.697573e+09	9.478492e+08	8.657067e+00	9.738937e+01	8.944386e+01	1.033189e+01	2.865047e-01	0.000000e+00	0.000000e+00	0.000000e+00	1.580596e-04	4.052521e-10	4.617247e-04	1.058615e+06	2.714205e+00	3.092435e+06	
6.500000e-01	6.786009e+09	1.252800e+09	8.666327e+00	9.738937e+01	8.953954e+01	1.033189e+01	2.962388e-01	0.000000e+00	0.000000e+00	0.000000e+00	1.590173e-04	4.223370e-10	4.727248e-04	1.079093e+06	2.865983e+00	3.207915e+06	
7.000000e-01	6.873550e+09	1.554766e+09	8.675453e+00	9.738937e+01	8.963382e+01	1.033189e+01	3.038621e-01	0.000000e+00	0.000000e+00	0.000000e+00	1.601292e-04	4.417649e-10	4.835035e-04	1.100656e+06	3.036493e+00	3.323386e+06	
7.500000e-01	6.959362e+09	1.854282e+09	8.683371e+00	9.738937e+01	8.971563e+01	1.033189e+01	3.101391e-01	0.000000e+00	0.000000e+00	0.000000e+00	1.614183e-04	4.613962e-10	4.939797e-04	1.123369e+06	3.211023e+00	3.437784e+06	
8.000000e-01	7.043533e+09	2.151714e+09	8.690196e+00	9.738937e+01	8.978615e+01	1.033189e+01	3.154780e-01	0.000000e+00	0.000000e+00	0.000000e+00	1.628007e-04	4.804852e-10	5.041210e-04	1.146692e+06	3.384313e+00	3.550793e+06	
8.500000e-01	7.126263e+09	2.447329e+09	8.696174e+00	9.738937e+01	8.984790e+01	1.033189e+01	3.201242e-01	0.000000e+00	0.000000e+00	0.000000e+00	1.642239e-04	4.988312e-10	5.139307e-04	1.170303e+06	3.554802e+00	3.662405e+06	
9.000000e-01	7.207720e+09	2.431324e+09	8.701503e+00	9.738937e+01	8.990297e+01	1.033189e+01	3.106782e-01	0.000000e+00	0.000000e+00	0.000000e+00	1.656603e-04	5.164338e-10	5.234228e-04	1.194033e+06	3.722310e+00	3.772685e+06	
9.500000e-01	7.282134e+09	2.417647e+09	8.699280e+00	9.738937e+01	8.988000e+01	1.033189e+01	3.046488e-01	0.000000e+00	0.000000e+00	0.000000e+00	1.669024e-04	5.260148e-10	5.323363e-04	1.215405e+06	3.830510e+00	3.876544e+06	
1.000000e+00	7.355150e+09	2.405537e+09	8.696385e+00	9.738937e+01	8.985009e+01	1.033189e+01	3.003677e-01	0.000000e+00	0.000000e+00	0.000000e+00	1.679592e-04	5.317749e-10	5.407996e-04	1.235365e+06	3.911284e+00	3.977662e+06	
1.050000e+00	7.427900e+09	2.394830e+09	8.694134e+00	9.738937e+01	8.982683e+01	1.033189e+01	2.971457e-01	0.000000e+00	0.000000e+00	0.000000e+00	1.688033e-04	5.361910e-10	5.489333e-04	1.253854e+06	3.982773e+00	4.077422e+06	
1.100000e+00	7.500492e+09	1.782515e+09	8.692605e+00	9.738937e+01	8.981103e+01	1.033189e+01	2.692149e-01	0.000000e+00	0.000000e+00	0.000000e+00	1.695024e-04	5.403077e-10	5.568108e-04	1.271351e+06	4.052574e+00	4.176354e+06	
1.150000e+00	7.561787e+09	1.487842e+09	8.678968e+00	9.738937e+01	8.967014e+01	1.033189e+01	2.645912e-01	0.000000e+00	0.000000e+00	0.000000e+00	9.583677e-05	5.330348e-10	5.512956e-04	7.246973e+05	4.030696e+00	4.168780e+06	
1.200000e+00	7.628620e+09	1.195173e+09	8.672680e+00	9.738937e+01	8.960517e+01	1.033189e+01	2.604799e-01	0.000000e+00	0.000000e+00	0.000000e+00	6.685121e-05	5.288043e-10	5.532575e-04	5.099825e+05	4.034047e+00	4.220591e+06	
1.250000e+00	7.697149e+09	9.039050e+08	8.669185e+00	9.738937e+01	8.956906e+01	1.033189e+01	2.567828e-01	0.000000e+00	0.000000e+00	0.000000e+00	5.521361e-05	5.260172e-10	5.581146e-04	4.249873e+05	4.048833e+00	4.295891e+06	
1.300000e+00	7.766010e+09	6.138338e+08	8.666862e+00	9.738937e+01	8.954506e+01	1.033189e+01	2.534252e-01	0.000000e+00	0.000000e+00	0.000000e+00	5.038915e-05	5.239407e-10	5.640398e-04	3.913226e+05	4.068928e+00	4.380339e+06	
1.350000e+00	7.834702e+09	3.248531e+08	8.665104e+00	9.738937e+01	8.952690e+01	1.033189e+01	2.503504e-01	0.000000e+00	0.000000e+00	0.000000e+00	4.827162e-05	5.221331e-10	5.703013e-04	3.781938e+05	4.090757e+00	4.468141e+06	
1.400000e+00	7.903037e+09	3.248045e+08	8.663669e+00	9.738937e+01	8.951207e+01	1.033189e+01	2.503504e-01	0.000000e+00	0.000000e+00	0.000000e+00	4.724181e-05	5.204212e-10	5.766057e-04	3.733538e+05	4.112908e+00	4.556936e+06	
1.450000e+00	7.972166e+09	3.248141e+08	8.663784e+00	9.738937e+01	8.951326e+01	1.033189e+01	2.503505e-01	0.000000e+00	0.000000e+00	0.000000e+00	4.711214e-05	5.230514e-10	5.829754e-04	3.755858e+05	4.169852e+00	4.647577e+06	
1.500000e+00	8.041232e+09	3.248454e+08	8.664467e+00	9.738937e+01	8.952031e+01	1.033189e+01	2.503506e-01	0.000000e+00	0.000000e+00	0.000000e+00	4.734903e-05	5.274146e-10	5.893031e-04	3.807445e+05	4.241063e+00	4.738722e+06	
1.550000e+00	8.109919e+09	3.248842e+08	8.665351e+00	9.738937e+01	8.952945e+01	1.033189e+01	2.503507e-01	0.000000e+00	0.000000e+00	0.000000e+00	4.773273e-05	5.324305e-10	5.955327e-04	3.871086e+05	4.317968e+00	4.829722e+06	
1.600000e+00	8.178116e+09	3.249256e+08	8.666299e+00	9.738937e+01	8.953924e+01	1.033189e+01	2.503508e-01	0.000000e+00	0.000000e+00	0.000000e+00	4.817191e-05	5.376489e-10	6.016389e-04	3.939555e+05	4.396955e+00	4.920273e+06	
1.650000e+00	8.245789e+09	3.249675e+08	8.667256e+00	9.738937e+01	8.954913e+01	1.033189e+01	2.503508e-01	0.000000e+00	0.000000e+00	0.000000e+00	4.862836e-05	5.428821e-10	6.076121e-04	4.009792e+05	4.476491e+00	5.010241e+06	
1.700000e+00	8.312931e+09	3.250093e+08	8.668205e+00	9.738937e+01	8.955893e+01	1.033189e+01	2.503509e-01	0.000000e+00	0.000000e+00	0.000000e+00	4.908609e-05	5.480527e-10	6.134507e-04	4.080492e+05	4.555924e+00	5.099573e+06	
1.750000e+00	8.379547e+09	3.250506e+08	8.669136e+00	9.738937e+01	8.956856e+01	1.033189e+01	2.503510e-01	0.000000e+00	0.000000e+00	0.000000e+00	4.953844e-05	5.531298e-10	6.191564e-04	4.151097e+05	4.634977e+00	5.188250e+06	
1.800000e+00	8.445647e+09	3.250913e+08	8.670049e+00	9.738937e+01	8.957798e+01	1.033189e+01	2.503511e-01	0.000000e+00	0.000000e+00	0.000000e+00	4.998276e-05	5.581025e-10	6.247328e-04	4.221368e+05	4.713537e+00	5.276273e+06	
1.850000e+00	8.511242e+09	3.251316e+08	8.670941e+00	9.738937e+01	8.958721e+01	1.033189e+01	2.503512e-01	0.000000e+00	0.000000e+00	0.000000e+00	5.041810e-05	5.629683e-10	6.301841e-04	4.291207e+05	4.791559e+00	5.363649e+06	
1.900000e+00	8.576342e+09	3.251715e+08	8.671814e+00	9.738937e+01	8.959623e+01	1.033189e+01	2.503512e-01	0.000000e+00	0.000000e+00	0.000000e+00	5.084424e-05	5.677283e-10	6.355146e-04	4.360576e+05	4.869032e+00	5.450390e+06	
1.950000e+00	8.640958e+09	3.252107e+08	8.672669e+00	9.738937e+01	8.960505e+01	1.033189e+01	2.503513e-01	0.000000e+00	0.000000e+00	0.000000e+00	5.126125e-05	5.723852e-10	6.407285e-04	4.429464e+05	4.945957e+00	5.536508e+06	
2.000000e+00	8.705102e+09	3.252495e+08	8.673504e+00	9.738937e+01	8.961369e+01	1.033189e+01	2.503514e-01	0.000000e+00	0.000000e+00	0.000000e+00	5.166937e-05	5.769421e-10	6.458299e-04	4.497871e+05	5.022340e+00	5.622015e+06	
2.050000e+00	8.768782e+09	3.252882e+08	8.674322e+00	9.738937e+01	8.962214e+01	1.033189e+01	2.503515e-01	0.000000e+00	0.000000e+00	0.000000e+00	5.206885e-05	5.814023e-10	6.508228e-04	4.565804e+05	5.098190e+00	5.706923e+06	
2.100000e+00	8.832009e+09	3.253263e+08	8.675123e+00	9.738937e+01	8.963041e+01	1.033189e+01	2.503516e-01	0.000000e+00	0.000000e+00	0.000000e+00	5.245997e-05	5.857690e-10	6.557110e-04	4.633269e+05	5.173517e+00	5.791246e+06	
2.150000e+00	8.894793e+09	3.253641e+08	8.675907e+00	9.738937e+01	8.963851e+01	1.033189e+01	2.503517e-01	0.000000e+00	0.000000e+00	0.000000e+00	5.284301e-05	5.900454e-10	6.604981e-04	4.700276e+05	5.248332e+00	5.874994e+06	
2.200000e+00	8.957142e+09	3.254014e+08	8.676675e+00	9.738937e+01	8.964644e+01	1.033189e+01	2.503517e-01	0.000000e+00	0.000000e+00	0.000000e+00	5.321824e-05	5.942346e-10	6.651875e-04	4.766834e+05	5.322644e+00	5.958179e+06	
2.250000e+00	9.019066e+09	3.254297e+08	8.677427e+00	9.738937e+01	8.965422e+01	1.033189e+01	2.503512e-01	0.000000e+00	0.000000e+00	0.000000e+00	5.358593e-05	5.983395e-10	6.697826e-04	4.832950e+05	5.396464e+00	6.040813e+06	
2.300000e+00	9.080572e+09	3.254739e+08	8.678164e+00	9.738937e+01	8.966184e+01	1.033189e+01	2.503515e-01	0.000000e+00	0.000000e+00	0.000000e+00	5.394471e-05	6.023627e-10	6.742861e-04	4.898488e+05	5.469798e+00	6.122903e+06	
2.350000e+00	9.141671e+09	3.254940e+08	8.678887e+00	9.738937e+01	8.966930e+01	1.033189e+01	2.503512e-01	0.000000e+00	0.000000e+00	0.000000e+00	5.429722e-05	6.063072e-10	6.787015e-04	4.963673e+05	5.542661e+00	6.204465e+06	
2.400000e+00	9.202368e+09	3.255463e+08	8.679596e+00	9.738937e+01	8.967663e+01	1.033189e+01	2.503520e-01	0.000000e+00	0.000000e+00	0.000000e+00	5.464326e-05	6.101753e-10	6.830315e-04	5.028474e+05	5.615058e+00	6.285507e+06	
2.450000e+00	9.262673e+09	3.255901e+08	8.680292e+00	9.738937e+01	8.968381e+01	1.033189e+01	2.503521e-01	0.000000e+00	0.000000e+00	0.000000e+00	5.498458e-05	6.139699e-10	6.872791e-04	5.093042e+05	5.687002e+00	6.366042e+06	
2.500000e+00	9.322593e+09	3.256278e+08	8.680974e+00	9.738937e+01	8.969086e+01	1.033189e+01	2.503520e-01	0.000000e+00	0.000000e+00	0.000000e+00	5.531706e-05	6.176927e-10	6.914463e-04	5.156984e+05	5.758498e+00	6.446072e+06	
2.550000e+00	9.382135e+09	3.256833e+08	8.681644e+00	9.738937e+01	8.969778e+01	1.033189e+01	2.503526e-01	0.000000e+00	0.000000e+00	0.000000e+00	5.564381e-05	6.213461e-10	6.955359e-04	5.220577e+05	5.829553e+00	6.525612e+06	
2.600000e+00	9.441306e+09	3.257285e+08	8.682301e+00	9.738937e+01	8.970457e+01	1.033189e+01	2.503530e-01	0.000000e+00	0.000000e+00	0.000000e+00	5.596478e-05	6.249325e-10	6.995504e-04	5.283806e+05	5.900179e+00	6.604669e+06	
2.650000e+00	9.500113e+09	3.257596e+08	8.682946e+00	9.738937e+01	8.971124e+01	1.033189e+01	2.503534e-01	0.000000e+00	0.000000e+00	0.000000e+00	5.628182e-05	6.284538e-10	7.034923e-04	5.346836e+05	5.970382e+00	6.683256e+06	
2.700000e+00	9.558562e+09	3.257782e+08	8.683580e+00	9.738937e+01	8.971779e+01	1.033189e+01	2.503528e-01	0.000000e+00	0.000000e+00	0.000000e+00	5.659239e-05	6.319119e-10	7.073632e-04	5.409419e+05	6.040169e+00	6.761375e+06	
2.750000e+00	9.616660e+09	3.257823e+08	8.684202e+00	9.738937e+01	8.972421e+01	1.033189e+01	2.503526e-01	0.000000e+00	0.000000e+00	0.000000e+00	5.689524e-05	6.353084e-10	7.111652e-04	5.471421e+05	6.109545e+00	6.839034e+06	
2.800000e+00	9.674414e+09	3.258301e+08	8.684813e+00	9.738937e+01	8.973053e+01	1.033189e+01	2.503536e-01	0.000000e+00	0.000000e+00	0.000000e+00	5.719523e-05	6.386455e-10	7.149009e-04	5.533303e+05	6.178520e+00	6.916247e+06	
2.850000e+00	9.731829e+09	3.258482e+08	8.685414e+00	9.738937e+01	8.973674e+01	1.033189e+01	2.503537e-01	0.000000e+00	0.000000e+00	0.000000e+00	5.748953e-05	6.419250e-10	7.185718e-04	5.594783e+05	6.247104e+00	6.993018e+06	
2.900000e+00	9.788911e+09	3.258740e+08	8.686005e+00	9.738937e+01	8.974284e+01	1.033189e+01	2.503537e-01	0.000000e+00	0.000000e+00	0.000000e+00	5.777852e-05	6.451483e-10	7.221798e-04	5.655888e+05	6.315299e+00	7.069354e+06	
2.950000e+00	9.845666e+09	3.259193e+08	8.686585e+00	9.738937e+01	8.974883e+01	1.033189e+01	2.503536e-01	0.000000e+00	0.000000e+00	0.000000e+00	5.806249e-05	6.483169e-10	7.257267e-04	5.716639e+05	6.383111e+00	7.145263e+06	
3.000000e+00	9.902100e+09	3.258976e+08	8.687155e+00	9.738937e+01	8.975473e+01	1.033189e+01	2.503521e-01	0.000000e+00	0.000000e+00	0.000000e+00	5.834168e-05	6.514323e-10	7.292143e-04	5.777051e+05	6.450548e+00	7.220753e+06	
3.050000e+00	9.958217e+09	3.259034e+08	8.687716e+00	9.738937e+01	8.976052e+01	1.033189e+01	2.503518e-01	0.000000e+00	0.000000e+00	0.000000e+00	5.861419e-05	6.544958e-10	7.326437e-04	5.836928e+05	6.517611e+00	7.295825e+06	
3.100000e+00	1.001402e+10	3.259241e+08	8.688267e+00	9.738937e+01	8.976622e+01	1.033189e+01	2.503522e-01	0.000000e+00	0.000000e+00	0.000000e+00	5.888306e-05	6.575094e-10	7.360171e-04	5.896564e+05	6.584314e+00	7.370492e+06	
3.150000e+00	1.006952e+10	3.259430e+08	8.688810e+00	9.738937e+01	8.977182e+01	1.033189e+01	2.503523e-01	0.000000e+00	0.000000e+00	0.000000e+00	5.914803e-05	6.604742e-10	7.393360e-04	5.955925e+05	6.650661e+00	7.444761e+06	
3.200000e+00	1.012472e+10	6.418228e+08	8.689344e+00	9.738937e+01	8.977734e+01	1.033189e+01	2.729397e-01	0.000000e+00	0.000000e+00	0.000000e+00	5.940900e-05	6.633916e-10	7.426017e-04	6.014997e+05	6.716657e+00	7.518637e+06	
3.250000e+00	1.018944e+10	9.521587e+08	8.698247e+00	9.738937e+01	8.986933e+01	1.033189e+01	2.864805e-01	0.000000e+00	0.000000e+00	0.000000e+00	1.144105e-04	6.718752e-10	7.554956e-04	1.165779e+06	6.846033e+00	7.698078e+06	
3.300000e+00	1.025513e+10	9.486404e+08	8.708121e+00	9.738937e+01	8.997134e+01	1.033189e+01	2.826744e-01	0.000000e+00	0.000000e+00	0.000000e+00	1.442885e-04	6.835665e-10	7.642719e-04	1.479697e+06	7.010061e+00	7.837704e+06	
3.350000e+00	1.031370e+10	1.256156e+09	8.712125e+00	9.738937e+01	9.001272e+01	1.033189e+01	2.941286e-01	0.000000e+00	0.000000e+00	0.000000e+00	1.607768e-04	6.920928e-10	7.706186e-04	1.658203e+06	7.138037e+00	7.947928e+06	
3.400000e+00	1.037505e+10	1.254205e+09	8.718657e+00	9.738937e+01	9.008020e+01	1.033189e+01	2.927703e-01	0.000000e+00	0.000000e+00	0.000000e+00	1.701124e-04	7.037270e-10	7.757258e-04	1.764925e+06	7.301203e+00	8.048194e+06	
3.450000e+00	1.043220e+10	1.252388e+09	8.721844e+00	9.738937e+01	9.011312e+01	1.033189e+01	2.918360e-01	0.000000e+00	0.000000e+00	0.000000e+00	1.754191e-04	7.112126e-10	7.799944e-04	1.830008e+06	7.419515e+00	8.137060e+06	
3.500000e+00	1.048719e+10	1.250770e+09	8.723422e+00	9.738937e+01	9.012943e+01	1.033189e+01	2.911522e-01	0.000000e+00	0.000000e+00	0.000000e+00	1.785167e-04	7.162880e-10	7.837185e-04	1.872138e+06	7.511849e+00	8.219006e+06	
3.550000e+00	1.054101e+10	1.249178e+09	8.724238e+00	9.738937e+01	9.013786e+01	1.033189e+01	2.906232e-01	0.000000e+00	0.000000e+00	0.000000e+00	1.803654e-04	7.199903e-10	7.870873e-04	1.901233e+06	7.589424e+00	8.296695e+06	
3.600000e+00	1.059415e+10	1.554515e+09	8.724701e+00	9.738937e+01	9.014265e+01	1.033189e+01	2.999779e-01	0.000000e+00	0.000000e+00	0.000000e+00	1.815049e-04	7.229160e-10	7.902239e-04	1.922890e+06	7.658678e+00	8.371747e+06	
3.650000e+00	1.065111e+10	1.856821e+09	8.728508e+00	9.738937e+01	9.018198e+01	1.033189e+01	3.072721e-01	0.000000e+00	0.000000e+00	0.000000e+00	1.824354e-04	7.324992e-10	7.933808e-04	1.943140e+06	7.801928e+00	8.450385e+06	
3.700000e+00	1.070915e+10	2.156680e+09	8.733370e+00	9.738937e+01	9.023221e+01	1.033189e+01	3.132651e-01	0.000000e+00	0.000000e+00	0.000000e+00	1.832979e-04	7.458599e-10	7.965905e-04	1.962965e+06	7.987528e+00	8.530811e+06	
3.750000e+00	1.076714e+10	2.454502e+09	8.738338e+00	9.738937e+01	9.028354e+01	1.033189e+01	3.183599e-01	0.000000e+00	0.000000e+00	0.000000e+00	1.841747e-04	7.610110e-10	7.998297e-04	1.983035e+06	8.193910e+00	8.611876e+06	
3.800000e+00	1.082461e+10	2.750524e+09	8.743047e+00	9.738937e+01	9.033220e+01	1.033189e+01	3.227961e-01	0.000000e+00	0.000000e+00	0.000000e+00	1.850861e-04	7.767994e-10	8.030654e-04	2.003484e+06	8.408550e+00	8.692868e+06	
3.850000e+00	1.088143e+10	3.044974e+09	8.747383e+00	9.738937e+01	9.037700e+01	1.033189e+01	3.267277e-01	0.000000e+00	0.000000e+00	0.000000e+00	1.860292e-04	7.925922e-10	8.062718e-04	2.024263e+06	8.624534e+00	8.773386e+06	
3.900000e+00	1.093758e+10	3.373921e+09	8.751338e+00	9.738937e+01	9.041786e+01	1.033189e+01	3.307119e-01	0.000000e+00	0.000000e+00	0.000000e+00	1.869947e-04	8.080646e-10	8.094326e-04	2.045269e+06	8.838267e+00	8.853231e+06	
3.950000e+00	1.099329e+10	3.701444e+09	8.755102e+00	9.738937e+01	9.045675e+01	1.033189e+01	3.343278e-01	0.000000e+00	0.000000e+00	0.000000e+00	1.880208e-04	8.284200e-10	8.125962e-04	2.066967e+06	9.107064e+00	8.933109e+06	
4.000000e+00	1.104852e+10	4.027750e+09	8.758632e+00	9.738937e+01	9.049321e+01	1.033189e+01	3.376400e-01	0.000000e+00	0.000000e+00	0.000000e+00	1.890771e-04	8.507681e-10	8.157342e-04	2.089023e+06	9.399731e+00	9.012658e+06	
4.050000e+00	1.110326e+10	4.352950e+09	8.761925e+00	9.738937e+01	9.052724e+01	1.033189e+01	3.406965e-01	0.000000e+00	0.000000e+00	0.000000e+00	1.901456e-04	8.736130e-10	8.188309e-04	2.111236e+06	9.699955e+00	9.091694e+06	
4.100000e+00	1.115753e+10	4.677014e+09	8.764999e+00	9.738937e+01	9.055900e+01	1.033189e+01	3.435334e-01	0.000000e+00	0.000000e+00	0.000000e+00	1.912140e-04	8.962162e-10	8.218782e-04	2.133476e+06	9.999559e+00	9.170131e+06	
4.150000e+00	1.121135e+10	4.999998e+09	8.767874e+00	9.738937e+01	9.058870e+01	1.033189e+01	3.461799e-01	0.000000e+00	0.000000e+00	0.000000e+00	1.922743e-04	9.182330e-10	8.248727e-04	2.155655e+06	1.029463e+01	9.247939e+06	
4.200000e+00	1.126476e+10	5.321939e+09	8.770570e+00	9.738937e+01	9.061656e+01	1.033189e+01	3.486599e-01	0.000000e+00	0.000000e+00	0.000000e+00	1.933208e-04	9.394259e-10	8.278132e-04	2.177712e+06	1.058240e+01	9.325114e+06	
4.250000e+00	1.131776e+10	5.642937e+09	8.773109e+00	9.738937e+01	9.064279e+01	1.033189e+01	3.509932e-01	0.000000e+00	0.000000e+00	0.000000e+00	1.943501e-04	9.597251e-10	8.307003e-04	2.199609e+06	1.086194e+01	9.401670e+06	
4.300000e+00	1.137040e+10	5.962975e+09	8.775507e+00	9.738937e+01	9.066757e+01	1.033189e+01	3.531956e-01	0.000000e+00	0.000000e+00	0.000000e+00	1.953597e-04	9.791956e-10	8.335355e-04	2.221319e+06	1.113385e+01	9.477635e+06	
4.350000e+00	1.142269e+10	6.282163e+09	8.777781e+00	9.738937e+01	9.069106e+01	1.033189e+01	3.552814e-01	0.000000e+00	0.000000e+00	0.000000e+00	1.963482e-04	9.979149e-10	8.363209e-04	2.242825e+06	1.139887e+01	9.553036e+06	
4.400000e+00	1.147465e+10	6.600536e+09	8.779943e+00	9.738937e+01	9.071340e+01	1.033189e+01	3.572623e-01	0.000000e+00	0.000000e+00	0.000000e+00	1.973146e-04	1.015968e-09	8.390583e-04	2.264116e+06	1.165788e+01	9.627898e+06	
4.450000e+00	1.152629e+10	6.918153e+09	8.782005e+00	9.738937e+01	9.073470e+01	1.033189e+01	3.591484e-01	0.000000e+00	0.000000e+00	0.000000e+00	1.982586e-04	1.033438e-09	8.417497e-04	2.285185e+06	1.191170e+01	9.702247e+06	
4.500000e+00	1.157762e+10	7.235042e+09	8.783976e+00	9.738937e+01	9.075507e+01	1.033189e+01	3.609483e-01	0.000000e+00	0.000000e+00	0.000000e+00	1.991800e-04	1.050249e-09	8.443964e-04	2.306031e+06	1.215938e+01	9.776102e+06	
4.550000e+00	1.162867e+10	7.551241e+09	8.785865e+00	9.738937e+01	9.077459e+01	1.033189e+01	3.626696e-01	0.000000e+00	0.000000e+00	0.000000e+00	2.000790e-04	1.066295e-09	8.469999e-04	2.326652e+06	1.239959e+01	9.849478e+06	
4.600000e+00	1.167943e+10	7.866771e+09	8.787680e+00	9.738937e+01	9.079334e+01	1.033189e+01	3.643188e-01	0.000000e+00	0.000000e+00	0.000000e+00	2.009558e-04	1.081555e-09	8.495613e-04	2.347049e+06	1.263194e+01	9.922392e+06	
4.650000e+00	1.172992e+10	8.521471e+09	8.789427e+00	9.738937e+01	9.081138e+01	1.033189e+01	3.729702e-01	0.000000e+00	0.000000e+00	0.000000e+00	2.018108e-04	1.096049e-09	8.520823e-04	2.367225e+06	1.285657e+01	9.994860e+06	
4.700000e+00	1.178326e+10	8.870194e+09	8.793428e+00	9.738937e+01	9.085273e+01	1.033189e+01	3.741674e-01	0.000000e+00	0.000000e+00	0.000000e+00	2.029436e-04	1.118301e-09	8.547775e-04	2.391337e+06	1.317723e+01	1.007207e+07	
4.750000e+00	1.183493e+10	9.218410e+09	8.796304e+00	9.738937e+01	9.088244e+01	1.033189e+01	3.754905e-01	0.000000e+00	0.000000e+00	0.000000e+00	2.040056e-04	1.140076e-09	8.574669e-04	2.414393e+06	1.349272e+01	1.014806e+07	
4.800000e+00	1.188561e+10	9.566074e+09	8.798563e+00	9.738937e+01	9.090578e+01	1.033189e+01	3.768648e-01	0.000000e+00	0.000000e+00	0.000000e+00	2.050209e-04	1.162215e-09	8.601103e-04	2.436798e+06	1.381364e+01	1.022294e+07	
4.850000e+00	1.193566e+10	9.582173e+09	8.800478e+00	9.738937e+01	9.092557e+01	1.033189e+01	3.741081e-01	0.000000e+00	0.000000e+00	0.000000e+00	2.059881e-04	1.184877e-09	8.626938e-04	2.458602e+06	1.414228e+01	1.029682e+07	
4.900000e+00	1.198344e+10	9.894284e+09	8.800855e+00	9.738937e+01	9.092946e+01	1.033189e+01	3.754441e-01	0.000000e+00	0.000000e+00	0.000000e+00	2.065692e-04	1.197136e-09	8.650582e-04	2.475410e+06	1.434580e+01	1.036637e+07	
4.950000e+00	1.203160e+10	1.020579e+10	8.801643e+00	9.738937e+01	9.093761e+01	1.033189e+01	3.767255e-01	0.000000e+00	0.000000e+00	0.000000e+00	2.072000e-04	1.208525e-09	8.673545e-04	2.492948e+06	1.454050e+01	1.043566e+07	
5.000000e+00	1.207990e+10	1.051677e+10	8.802656e+00	9.738937e+01	9.094807e+01	1.033189e+01	3.779616e-01	0.000000e+00	0.000000e+00	0.000000e+00	2.078462e-04	1.219229e-09	8.696066e-04	2.510762e+06	1.472816e+01	1.050476e+07	
5.050000e+00	1.212818e+10	1.086449e+10	8.803784e+00	9.738937e+01	9.095973e+01	1.033189e+01	3.800886e-01	0.000000e+00	0.000000e+00	0.000000e+00	2.084979e-04	1.229371e-09	8.718267e-04	2.528701e+06	1.491004e+01	1.057368e+07	
5.100000e+00	1.217679e+10	1.117459e+10	8.805264e+00	9.738937e+01	9.097502e+01	1.033189e+01	3.812454e-01	0.000000e+00	0.000000e+00	0.000000e+00	2.091898e-04	1.240579e-09	8.741134e-04	2.547260e+06	1.510627e+01	1.064389e+07	
5.150000e+00	1.222509e+10	1.148430e+10	8.806644e+00	9.738937e+01	9.098927e+01	1.033189e+01	3.823712e-01	0.000000e+00	0.000000e+00	0.000000e+00	2.098600e-04	1.250791e-09	8.763451e-04	2.565558e+06	1.529104e+01	1.071340e+07	
5.200000e+00	1.227313e+10	1.179359e+10	8.807952e+00	9.738937e+01	9.100279e+01	1.033189e+01	3.834665e-01	0.000000e+00	0.000000e+00	0.000000e+00	2.105130e-04	1.260286e-09	8.785316e-04	2.583655e+06	1.546766e+01	1.078234e+07	
5.250000e+00	1.232094e+10	1.210249e+10	8.809208e+00	9.738937e+01	9.101576e+01	1.033189e+01	3.845325e-01	0.000000e+00	0.000000e+00	0.000000e+00	2.111495e-04	1.269238e-09	8.806793e-04	2.601561e+06	1.563821e+01	1.085080e+07	
5.300000e+00	1.236854e+10	1.241098e+10	8.810421e+00	9.738937e+01	9.102830e+01	1.033189e+01	3.855703e-01	0.000000e+00	0.000000e+00	0.000000e+00	2.117702e-04	1.277757e-09	8.827926e-04	2.619287e+06	1.580398e+01	1.091885e+07	
5.350000e+00	1.241592e+10	1.271909e+10	8.811599e+00	9.738937e+01	9.104047e+01	1.033189e+01	3.865812e-01	0.000000e+00	0.000000e+00	0.000000e+00	2.123757e-04	1.285913e-09	8.848746e-04	2.636839e+06	1.596579e+01	1.098653e+07	
5.400000e+00	1.246310e+10	1.302681e+10	8.812746e+00	9.738937e+01	9.105232e+01	1.033189e+01	3.875665e-01	0.000000e+00	0.000000e+00	0.000000e+00	2.129667e-04	1.293756e-09	8.869277e-04	2.654226e+06	1.612421e+01	1.105387e+07	
5.450000e+00	1.251010e+10	1.333416e+10	8.813865e+00	9.738937e+01	9.106388e+01	1.033189e+01	3.885275e-01	0.000000e+00	0.000000e+00	0.000000e+00	2.135437e-04	1.301318e-09	8.889536e-04	2.671453e+06	1.627962e+01	1.112090e+07	
5.500000e+00	1.255690e+10	1.364114e+10	8.814959e+00	9.738937e+01	9.107518e+01	1.033189e+01	3.894651e-01	0.000000e+00	0.000000e+00	0.000000e+00	2.141074e-04	1.308626e-09	8.909536e-04	2.688526e+06	1.643229e+01	1.118761e+07	
5.550000e+00	1.260352e+10	1.394777e+10	8.816029e+00	9.738937e+01	9.108624e+01	1.033189e+01	3.903805e-01	0.000000e+00	0.000000e+00	0.000000e+00	2.146583e-04	1.315698e-09	8.929286e-04	2.705449e+06	1.658242e+01	1.125404e+07	
5.600000e+00	1.264995e+10	1.394939e+10	8.817077e+00	9.738937e+01	9.109706e+01	1.033189e+01	3.896391e-01	0.000000e+00	0.000000e+00	0.000000e+00	2.151966e-04	1.322549e-09	8.948796e-04	2.722227e+06	1.673019e+01	1.132018e+07	
5.650000e+00	1.269549e+10	1.421844e+10	8.817602e+00	9.738937e+01	9.110249e+01	1.033189e+01	3.897644e-01	0.000000e+00	0.000000e+00	0.000000e+00	2.155819e-04	1.327199e-09	8.966916e-04	2.736918e+06	1.684944e+01	1.138394e+07	
5.700000e+00	1.274079e+10	1.448739e+10	8.818073e+00	9.738937e+01	9.110735e+01	1.033189e+01	3.899845e-01	0.000000e+00	0.000000e+00	0.000000e+00	2.159688e-04	1.330418e-09	8.984376e-04	2.751613e+06	1.695058e+01	1.144681e+07	
5.750000e+00	1.278593e+10	1.475625e+10	8.818536e+00	9.738937e+01	9.111214e+01	1.033189e+01	3.902696e-01	0.000000e+00	0.000000e+00	0.000000e+00	2.163492e-04	1.331053e-09	9.001423e-04	2.766227e+06	1.701875e+01	1.150916e+07	
5.800000e+00	1.283095e+10	1.471474e+10	8.819015e+00	9.738937e+01	9.111709e+01	1.033189e+01	3.808232e-01	0.000000e+00	0.000000e+00	0.000000e+00	2.167213e-04	1.329108e-09	9.018204e-04	2.780740e+06	1.705371e+01	1.157121e+07	
5.850000e+00	1.287154e+10	1.467633e+10	8.816562e+00	9.738937e+01	9.109175e+01	1.033189e+01	3.735691e-01	0.000000e+00	0.000000e+00	0.000000e+00	2.169194e-04	1.318539e-09	9.033420e-04	2.792087e+06	1.697163e+01	1.162740e+07	
5.900000e+00	1.291027e+10	1.464038e+10	8.812963e+00	9.738937e+01	9.105456e+01	1.033189e+01	3.677001e-01	0.000000e+00	0.000000e+00	0.000000e+00	2.169590e-04	1.302417e-09	9.047056e-04	2.800999e+06	1.681455e+01	1.167999e+07	
5.950000e+00	1.294839e+10	1.460645e+10	8.809072e+00	9.738937e+01	9.101436e+01	1.033189e+01	3.627867e-01	0.000000e+00	0.000000e+00	0.000000e+00	2.168502e-04	1.283465e-09	9.059447e-04	2.807860e+06	1.661880e+01	1.173052e+07	
6.000000e+00	1.298648e+10	1.457434e+10	8.805287e+00	9.738937e+01	9.097525e+01	1.033189e+01	3.585768e-01	0.000000e+00	0.000000e+00	0.000000e+00	2.166191e-04	1.262997e-09	9.070990e-04	2.813119e+06	1.640188e+01	1.178002e+07	
6.050000e+00	1.302479e+10	1.454387e+10	8.801776e+00	9.738937e+01	9.093897e+01	1.033189e+01	3.549067e-01	0.000000e+00	0.000000e+00	0.000000e+00	2.162943e-04	1.241952e-09	9.082026e-04	2.817187e+06	1.617616e+01	1.182915e+07	
6.100000e+00	1.306341e+10	1.451485e+10	8.798595e+00	9.738937e+01	9.090611e+01	1.033189e+01	3.516638e-01	0.000000e+00	0.000000e+00	0.000000e+00	2.159014e-04	1.220945e-09	9.092802e-04	2.820408e+06	1.594971e+01	1.187830e+07	
6.150000e+00	1.310235e+10	1.479695e+10	8.795746e+00	9.738937e+01	9.087667e+01	1.033189e+01	3.585571e-01	0.000000e+00	0.000000e+00	0.000000e+00	2.154612e-04	1.200369e-09	9.103487e-04	2.823049e+06	1.572766e+01	1.192771e+07	
6.200000e+00	1.314589e+10	1.507685e+10	8.796085e+00	9.738937e+01	9.088018e+01	1.033189e+01	3.635812e-01	0.000000e+00	0.000000e+00	0.000000e+00	2.151528e-04	1.186932e-09	9.115526e-04	2.828374e+06	1.560327e+01	1.198317e+07	
6.250000e+00	1.319145e+10	1.535509e+10	8.797866e+00	9.738937e+01	9.089858e+01	1.033189e+01	3.674778e-01	0.000000e+00	0.000000e+00	0.000000e+00	2.149746e-04	1.178341e-09	9.129048e-04	2.835826e+06	1.554403e+01	1.204253e+07	
6.300000e+00	1.323774e+10	1.566661e+10	8.800217e+00	9.738937e+01	9.092287e+01	1.033189e+01	3.707490e-01	0.000000e+00	0.000000e+00	0.000000e+00	2.149266e-04	1.173130e-09	9.143789e-04	2.845143e+06	1.552960e+01	1.210431e+07	
6.350000e+00	1.328419e+10	1.607284e+10	8.802745e+00	9.738937e+01	9.094898e+01	1.033189e+01	3.713599e-01	0.000000e+00	0.000000e+00	0.000000e+00	2.150096e-04	1.171427e-09	9.159553e-04	2.856229e+06	1.556146e+01	1.216773e+07	
6.400000e+00	1.332952e+10	1.657370e+10	8.804609e+00	9.738937e+01	9.096824e+01	1.033189e+01	3.693162e-01	0.000000e+00	0.000000e+00	0.000000e+00	2.152680e-04	1.179862e-09	9.176658e-04	2.869420e+06	1.572700e+01	1.223205e+07	
6.450000e+00	1.337293e+10	1.701333e+10	8.805285e+00	9.738937e+01	9.097523e+01	1.033189e+01	3.701270e-01	0.000000e+00	0.000000e+00	0.000000e+00	2.157231e-04	1.202123e-09	9.195101e-04	2.884850e+06	1.607592e+01	1.229655e+07	
6.500000e+00	1.341633e+10	1.741764e+10	8.806036e+00	9.738937e+01	9.098299e+01	1.033189e+01	3.708287e-01	0.000000e+00	0.000000e+00	0.000000e+00	2.162141e-04	1.224354e-09	9.213459e-04	2.900799e+06	1.642634e+01	1.236108e+07	
6.550000e+00	1.345962e+10	1.742643e+10	8.806802e+00	9.738937e+01	9.099090e+01	1.033189e+01	3.688880e-01	0.000000e+00	0.000000e+00	0.000000e+00	2.166963e-04	1.244818e-09	9.231505e-04	2.916651e+06	1.675478e+01	1.242526e+07	
6.600000e+00	1.350164e+10	1.743574e+10	8.806817e+00	9.738937e+01	9.099106e+01	1.033189e+01	3.670980e-01	0.000000e+00	0.000000e+00	0.000000e+00	2.168430e-04	1.250216e-09	9.247503e-04	2.927737e+06	1.687997e+01	1.248565e+07	
6.650000e+00	1.354287e+10	1.747906e+10	8.806399e+00	9.738937e+01	9.098674e+01	1.033189e+01	3.655547e-01	0.000000e+00	0.000000e+00	0.000000e+00	2.167774e-04	1.246345e-09	9.262001e-04	2.935787e+06	1.687909e+01	1.254340e+07	
6.700000e+00	1.358364e+10	1.748895e+10	8.805775e+00	9.738937e+01	9.098030e+01	1.033189e+01	3.640045e-01	0.000000e+00	0.000000e+00	0.000000e+00	2.165939e-04	1.237943e-09	9.275595e-04	2.942133e+06	1.681577e+01	1.259963e+07	
6.750000e+00	1.362407e+10	1.749928e+10	8.805018e+00	9.738937e+01	9.097247e+01	1.033189e+01	3.625550e-01	0.000000e+00	0.000000e+00	0.000000e+00	2.163178e-04	1.226385e-09	9.288376e-04	2.947129e+06	1.670836e+01	1.265455e+07	
6.800000e+00	1.366428e+10	1.754319e+10	8.804203e+00	9.738937e+01	9.096406e+01	1.033189e+01	3.613154e-01	0.000000e+00	0.000000e+00	0.000000e+00	2.159854e-04	1.213347e-09	9.300594e-04	2.951284e+06	1.657952e+01	1.270859e+07	
6.850000e+00	1.370439e+10	1.755420e+10	8.803411e+00	9.738937e+01	9.095587e+01	1.033189e+01	3.600360e-01	0.000000e+00	0.000000e+00	0.000000e+00	2.156391e-04	1.200746e-09	9.312599e-04	2.955203e+06	1.645549e+01	1.276235e+07	
6.900000e+00	1.374437e+10	1.756557e+10	8.802620e+00	9.738937e+01	9.094770e+01	1.033189e+01	3.588307e-01	0.000000e+00	0.000000e+00	0.000000e+00	2.152698e-04	1.187954e-09	9.324284e-04	2.958748e+06	1.632768e+01	1.281564e+07	
6.950000e+00	1.378426e+10	1.757732e+10	8.801851e+00	9.738937e+01	9.093975e+01	1.033189e+01	3.576931e-01	0.000000e+00	0.000000e+00	0.000000e+00	2.148903e-04	1.175424e-09	9.335751e-04	2.962103e+06	1.620235e+01	1.286864e+07	
7.000000e+00	1.382406e+10	1.762204e+10	8.801114e+00	9.738937e+01	9.093214e+01	1.033189e+01	3.567386e-01	0.000000e+00	0.000000e+00	0.000000e+00	2.145091e-04	1.163412e-09	9.347067e-04	2.965388e+06	1.608308e+01	1.292145e+07	
7.050000e+00	1.386385e+10	1.763449e+10	8.800449e+00	9.738937e+01	9.092526e+01	1.033189e+01	3.557194e-01	0.000000e+00	0.000000e+00	0.000000e+00	2.141500e-04	1.152984e-09	9.358455e-04	2.968945e+06	1.598480e+01	1.297443e+07	
7.100000e+00	1.390356e+10	1.761484e+10	8.799810e+00	9.738937e+01	9.091867e+01	1.033189e+01	3.546322e-01	0.000000e+00	0.000000e+00	0.000000e+00	2.137918e-04	1.142933e-09	9.369715e-04	2.972468e+06	1.589084e+01	1.302724e+07	
7.150000e+00	1.394314e+10	1.759565e+10	8.799170e+00	9.738937e+01	9.091205e+01	1.033189e+01	3.535977e-01	0.000000e+00	0.000000e+00	0.000000e+00	2.134209e-04	1.132454e-09	9.380707e-04	2.975758e+06	1.578997e+01	1.307965e+07	
7.200000e+00	1.398262e+10	1.688885e+10	8.798542e+00	9.738937e+01	9.090556e+01	1.033189e+01	3.436036e-01	0.000000e+00	0.000000e+00	0.000000e+00	2.130467e-04	1.121981e-09	9.391512e-04	2.978951e+06	1.568823e+01	1.313179e+07	
7.250000e+00	1.401804e+10	1.618576e+10	8.795449e+00	9.738937e+01	9.087360e+01	1.033189e+01	3.350711e-01	0.000000e+00	0.000000e+00	0.000000e+00	2.122917e-04	1.101904e-09	9.400160e-04	2.975914e+06	1.544654e+01	1.317718e+07	
7.300000e+00	1.405141e+10	1.508597e+10	8.791161e+00	9.738937e+01	9.082931e+01	1.033189e+01	3.089479e-01	0.000000e+00	0.000000e+00	0.000000e+00	2.112646e-04	1.075998e-09	9.406882e-04	2.968565e+06	1.511929e+01	1.321800e+07	
7.350000e+00	1.407566e+10	1.437538e+10	8.781277e+00	9.738937e+01	9.072718e+01	1.033189e+01	2.933077e-01	0.000000e+00	0.000000e+00	0.000000e+00	1.699627e-04	1.043706e-09	9.341709e-04	2.392337e+06	1.469085e+01	1.314907e+07	
7.400000e+00	1.409848e+10	1.405121e+10	8.770636e+00	9.738937e+01	9.061724e+01	1.033189e+01	2.828952e-01	0.000000e+00	0.000000e+00	0.000000e+00	1.421920e-04	1.010966e-09	9.297594e-04	2.004692e+06	1.425309e+01	1.310820e+07	
7.450000e+00	1.412262e+10	1.403690e+10	8.760936e+00	9.738937e+01	9.051702e+01	1.033189e+01	2.823014e-01	0.000000e+00	0.000000e+00	0.000000e+00	1.235076e-04	9.816226e-10	9.268265e-04	1.744250e+06	1.386308e+01	1.308922e+07	
7.500000e+00	1.415185e+10	1.409266e+10	8.754513e+00	9.738937e+01	9.045066e+01	1.033189e+01	2.818316e-01	0.000000e+00	0.000000e+00	0.000000e+00	1.110142e-04	9.606172e-10	9.250169e-04	1.571056e+06	1.359451e+01	1.309070e+07	
7.550000e+00	1.418443e+10	1.414811e+10	8.750256e+00	9.738937e+01	9.040668e+01	1.033189e+01	2.813750e-01	0.000000e+00	0.000000e+00	0.000000e+00	1.026491e-04	9.454384e-10	9.240415e-04	1.456018e+06	1.341050e+01	1.310700e+07	
7.600000e+00	1.421915e+10	1.389651e+10	8.747414e+00	9.738937e+01	9.037732e+01	1.033189e+01	2.800790e-01	0.000000e+00	0.000000e+00	0.000000e+00	9.702766e-05	9.342505e-10	9.236681e-04	1.379651e+06	1.328425e+01	1.313378e+07	
7.650000e+00	1.425488e+10	1.367960e+10	8.745270e+00	9.738937e+01	9.035516e+01	1.033189e+01	2.788744e-01	0.000000e+00	0.000000e+00	0.000000e+00	9.311421e-05	9.249667e-10	9.236895e-04	1.327332e+06	1.318529e+01	1.316709e+07	
7.700000e+00	1.429127e+10	1.318997e+10	8.743606e+00	9.738937e+01	9.033797e+01	1.033189e+01	2.768869e-01	0.000000e+00	0.000000e+00	0.000000e+00	9.034910e-05	9.171427e-10	9.239954e-04	1.291204e+06	1.310714e+01	1.320507e+07	
7.750000e+00	1.432771e+10	1.297366e+10	8.742047e+00	9.738937e+01	9.032187e+01	1.033189e+01	2.757494e-01	0.000000e+00	0.000000e+00	0.000000e+00	8.824093e-05	9.095903e-10	9.244710e-04	1.264290e+06	1.303235e+01	1.324555e+07	
7.800000e+00	1.436451e+10	1.299666e+10	8.740783e+00	9.738937e+01	9.030881e+01	1.033189e+01	2.754012e-01	0.000000e+00	0.000000e+00	0.000000e+00	8.668728e-05	9.031243e-10	9.250896e-04	1.245221e+06	1.297294e+01	1.328846e+07	
7.850000e+00	1.440186e+10	1.305339e+10	8.739921e+00	9.738937e+01	9.029990e+01	1.033189e+01	2.751222e-01	0.000000e+00	0.000000e+00	0.000000e+00	8.561269e-05	8.981906e-10	9.258302e-04	1.232982e+06	1.293562e+01	1.333368e+07	
7.900000e+00	1.443957e+10	1.310986e+10	8.739341e+00	9.738937e+01	9.029391e+01	1.033189e+01	2.748539e-01	0.000000e+00	0.000000e+00	0.000000e+00	8.486795e-05	8.944265e-10	9.266670e-04	1.225457e+06	1.291513e+01	1.338067e+07	
7.950000e+00	1.447748e+10	1.313280e+10	8.738950e+00	9.738937e+01	9.028986e+01	1.033189e+01	2.745365e-01	0.000000e+00	0.000000e+00	0.000000e+00	8.434572e-05	8.914945e-10	9.275725e-04	1.221113e+06	1.290659e+01	1.342891e+07	
8.000000e+00	1.451546e+10	1.318920e+10	8.738669e+00	9.738937e+01	9.028696e+01	1.033189e+01	2.742887e-01	0.000000e+00	0.000000e+00	0.000000e+00	8.396642e-05	8.890597e-10	9.285184e-04	1.218811e+06	1.290511e+01	1.347787e+07	
8.050000e+00	1.455350e+10	1.317892e+10	8.738478e+00	9.738937e+01	9.028499e+01	1.033189e+01	2.739311e-01	0.000000e+00	0.000000e+00	0.000000e+00	8.369235e-05	8.871032e-10	9.294994e-04	1.218016e+06	1.291045e+01	1.352747e+07	
8.100000e+00	1.459148e+10	1.316880e+10	8.738319e+00	9.738937e+01	9.028335e+01	1.033189e+01	2.735836e-01	0.000000e+00	0.000000e+00	0.000000e+00	8.347478e-05	8.852872e-10	9.304885e-04	1.218020e+06	1.291765e+01	1.357720e+07	
8.150000e+00	1.462940e+10	1.315882e+10	8.738182e+00	9.738937e+01	9.028193e+01	1.033189e+01	2.732459e-01	0.000000e+00	0.000000e+00	0.000000e+00	8.329672e-05	8.835981e-10	9.314815e-04	1.218581e+06	1.292651e+01	1.362701e+07	
8.200000e+00	1.466724e+10	1.314899e+10	8.738062e+00	9.738937e+01	9.028069e+01	1.033189e+01	2.729176e-01	0.000000e+00	0.000000e+00	0.000000e+00	8.314672e-05	8.820230e-10	9.324757e-04	1.219533e+06	1.293685e+01	1.367685e+07	
8.250000e+00	1.470501e+10	1.313930e+10	8.737955e+00	9.738937e+01	9.027959e+01	1.033189e+01	2.725983e-01	0.000000e+00	0.000000e+00	0.000000e+00	8.301702e-05	8.805520e-10	9.334690e-04	1.220766e+06	1.294853e+01	1.372667e+07	
8.300000e+00	1.474270e+10	1.344737e+10	8.737860e+00	9.738937e+01	9.027860e+01	1.033189e+01	2.948745e-01	0.000000e+00	0.000000e+00	0.000000e+00	8.290237e-05	8.791766e-10	9.344599e-04	1.222205e+06	1.296144e+01	1.377646e+07	
8.350000e+00	1.479018e+10	1.374985e+10	8.743606e+00	9.738937e+01	9.033797e+01	1.033189e+01	3.081094e-01	0.000000e+00	0.000000e+00	0.000000e+00	1.207222e-04	8.819206e-10	9.421140e-04	1.785503e+06	1.304376e+01	1.393403e+07	
8.400000e+00	1.484027e+10	1.342936e+10	8.750922e+00	9.738937e+01	9.041356e+01	1.033189e+01	2.942263e-01	0.000000e+00	0.000000e+00	0.000000e+00	1.463933e-04	8.880329e-10	9.478779e-04	2.172515e+06	1.317864e+01	1.406676e+07	
8.450000e+00	1.488025e+10	1.342051e+10	8.752313e+00	9.738937e+01	9.042793e+01	1.033189e+01	2.939517e-01	0.000000e+00	0.000000e+00	0.000000e+00	1.637723e-04	8.877143e-10	9.521540e-04	2.436972e+06	1.320941e+01	1.416829e+07	
8.500000e+00	1.491934e+10	1.423296e+10	8.753231e+00	9.738937e+01	9.043742e+01	1.033189e+01	2.961252e-01	0.000000e+00	0.000000e+00	0.000000e+00	1.756084e-04	8.873372e-10	9.554097e-04	2.619962e+06	1.323849e+01	1.425408e+07	
8.550000e+00	1.495888e+10	1.516203e+10	8.754460e+00	9.738937e+01	9.045011e+01	1.033189e+01	2.970544e-01	0.000000e+00	0.000000e+00	0.000000e+00	1.839491e-04	8.919479e-10	9.581106e-04	2.751672e+06	1.334254e+01	1.433226e+07	
8.600000e+00	1.499815e+10	1.561999e+10	8.755579e+00	9.738937e+01	9.046168e+01	1.033189e+01	2.973496e-01	0.000000e+00	0.000000e+00	0.000000e+00	1.897506e-04	8.944994e-10	9.604076e-04	2.845908e+06	1.341583e+01	1.440434e+07	
8.650000e+00	1.503693e+10	1.560956e+10	8.756462e+00	9.738937e+01	9.047080e+01	1.033189e+01	2.969999e-01	0.000000e+00	0.000000e+00	0.000000e+00	1.937566e-04	8.956988e-10	9.623624e-04	2.913504e+06	1.346856e+01	1.447097e+07	
8.700000e+00	1.507507e+10	1.559927e+10	8.757023e+00	9.738937e+01	9.047659e+01	1.033189e+01	2.966624e-01	0.000000e+00	0.000000e+00	0.000000e+00	1.964718e-04	8.959479e-10	9.640126e-04	2.961825e+06	1.350647e+01	1.453255e+07	
8.750000e+00	1.511275e+10	1.598942e+10	8.757369e+00	9.738937e+01	9.048016e+01	1.033189e+01	2.990377e-01	0.000000e+00	0.000000e+00	0.000000e+00	1.983064e-04	8.955806e-10	9.654460e-04	2.996955e+06	1.353468e+01	1.459054e+07	
8.800000e+00	1.515128e+10	1.637858e+10	8.758256e+00	9.738937e+01	9.048933e+01	1.033189e+01	3.012808e-01	0.000000e+00	0.000000e+00	0.000000e+00	1.998428e-04	9.086327e-10	9.668865e-04	3.027874e+06	1.376695e+01	1.464957e+07	
8.850000e+00	1.519030e+10	1.636653e+10	8.759475e+00	9.738937e+01	9.050193e+01	1.033189e+01	3.007065e-01	0.000000e+00	0.000000e+00	0.000000e+00	2.011687e-04	9.300329e-10	9.683362e-04	3.055813e+06	1.412748e+01	1.470932e+07	
8.900000e+00	1.522840e+10	1.635471e+10	8.760209e+00	9.738937e+01	9.050951e+01	1.033189e+01	3.001694e-01	0.000000e+00	0.000000e+00	0.000000e+00	2.020437e-04	9.423791e-10	9.696312e-04	3.076803e+06	1.435093e+01	1.476593e+07	
8.950000e+00	1.526586e+10	1.602466e+10	8.760622e+00	9.738937e+01	9.051378e+01	1.033189e+01	2.770772e-01	0.000000e+00	0.000000e+00	0.000000e+00	2.026119e-04	9.485697e-10	9.708080e-04	3.093046e+06	1.448073e+01	1.482022e+07	
9.000000e+00	1.529298e+10	1.601299e+10	8.755163e+00	9.738937e+01	9.045738e+01	1.033189e+01	2.766137e-01	0.000000e+00	0.000000e+00	0.000000e+00	1.661999e-04	9.463595e-10	9.654451e-04	2.541692e+06	1.447266e+01	1.476453e+07	
9.050000e+00	1.532291e+10	1.600160e+10	8.751387e+00	9.738937e+01	9.041837e+01	1.033189e+01	2.761685e-01	0.000000e+00	0.000000e+00	0.000000e+00	1.410752e-04	9.427773e-10	9.618879e-04	2.161682e+06	1.444609e+01	1.473892e+07	
9.100000e+00	1.535473e+10	1.599044e+10	8.748757e+00	9.738937e+01	9.039119e+01	1.033189e+01	2.757411e-01	0.000000e+00	0.000000e+00	0.000000e+00	1.237163e-04	9.384765e-10	9.596109e-04	1.899630e+06	1.441006e+01	1.473457e+07	
9.150000e+00	1.538783e+10	1.597948e+10	8.746909e+00	9.738937e+01	9.037209e+01	1.033189e+01	2.753309e-01	0.000000e+00	0.000000e+00	0.000000e+00	1.117036e-04	9.338697e-10	9.582407e-04	1.718876e+06	1.437022e+01	1.474524e+07	
9.200000e+00	1.542176e+10	1.596873e+10	8.745595e+00	9.738937e+01	9.035852e+01	1.033189e+01	2.749369e-01	0.000000e+00	0.000000e+00	0.000000e+00	1.033744e-04	9.292126e-10	9.575121e-04	1.594215e+06	1.433009e+01	1.476652e+07	
9.250000e+00	1.545625e+10	1.595812e+10	8.744649e+00	9.738937e+01	9.034875e+01	1.033189e+01	2.745556e-01	0.000000e+00	0.000000e+00	0.000000e+00	9.758537e-05	9.246584e-10	9.572372e-04	1.508303e+06	1.429175e+01	1.479529e+07	
9.300000e+00	1.549109e+10	1.594769e+10	8.743957e+00	9.738937e+01	9.034159e+01	1.033189e+01	2.741897e-01	0.000000e+00	0.000000e+00	0.000000e+00	9.354600e-05	9.202944e-10	9.572819e-04	1.449129e+06	1.425636e+01	1.482934e+07	
9.350000e+00	1.552615e+10	1.637390e+10	8.743440e+00	9.738937e+01	9.033625e+01	1.033189e+01	2.761917e-01	0.000000e+00	0.000000e+00	0.000000e+00	9.071992e-05	9.161665e-10	9.575527e-04	1.408532e+06	1.422454e+01	1.486711e+07	
9.400000e+00	1.556238e+10	1.679557e+10	8.743624e+00	9.738937e+01	9.033816e+01	1.033189e+01	2.777649e-01	0.000000e+00	0.000000e+00	0.000000e+00	8.903515e-05	9.262836e-10	9.581567e-04	1.385599e+06	1.441518e+01	1.491120e+07	
9.450000e+00	1.559920e+10	1.678383e+10	8.744183e+00	9.738937e+01	9.034393e+01	1.033189e+01	2.772751e-01	0.000000e+00	0.000000e+00	0.000000e+00	8.810152e-05	9.418785e-10	9.589756e-04	1.374313e+06	1.469255e+01	1.495925e+07	
9.500000e+00	1.563549e+10	1.716135e+10	8.744492e+00	9.738937e+01	9.034713e+01	1.033189e+01	2.783964e-01	0.000000e+00	0.000000e+00	0.000000e+00	8.741375e-05	9.502790e-10	9.597972e-04	1.366756e+06	1.485807e+01	1.500690e+07	
9.550000e+00	1.567209e+10	1.714932e+10	8.745024e+00	9.738937e+01	9.035262e+01	1.033189e+01	2.779008e-01	0.000000e+00	0.000000e+00	0.000000e+00	8.710532e-05	9.591804e-10	9.607106e-04	1.365123e+06	1.503237e+01	1.505635e+07	
9.600000e+00	1.570819e+10	1.706909e+10	8.745314e+00	9.738937e+01	9.035561e+01	1.033189e+01	2.986118e-01	0.000000e+00	0.000000e+00	0.000000e+00	8.684866e-05	9.630329e-10	9.615933e-04	1.364235e+06	1.512751e+01	1.510489e+07	
9.650000e+00	1.575319e+10	1.666116e+10	8.750589e+00	9.738937e+01	9.041011e+01	1.033189e+01	3.099350e-01	0.000000e+00	0.000000e+00	0.000000e+00	1.220818e-04	9.633468e-10	9.686207e-04	1.923178e+06	1.517578e+01	1.525886e+07	
9.700000e+00	1.580023e+10	1.631347e+10	8.757017e+00	9.738937e+01	9.047653e+01	1.033189e+01	3.185147e-01	0.000000e+00	0.000000e+00	0.000000e+00	1.464444e-04	9.621241e-10	9.738912e-04	2.313855e+06	1.520178e+01	1.538770e+07	
9.750000e+00	1.584748e+10	1.563948e+10	8.763579e+00	9.738937e+01	9.054433e+01	1.033189e+01	3.245781e-01	0.000000e+00	0.000000e+00	0.000000e+00	1.634929e-04	9.651289e-10	9.780307e-04	2.590951e+06	1.529486e+01	1.549932e+07	
9.800000e+00	1.589378e+10	1.528653e+10	8.769628e+00	9.738937e+01	9.060682e+01	1.033189e+01	3.297138e-01	0.000000e+00	0.000000e+00	0.000000e+00	1.754670e-04	9.711957e-10	9.813655e-04	2.788833e+06	1.543597e+01	1.559760e+07	
9.850000e+00	1.593900e+10	1.460876e+10	8.775099e+00	9.738937e+01	9.066336e+01	1.033189e+01	3.334958e-01	0.000000e+00	0.000000e+00	0.000000e+00	1.839719e-04	9.793561e-10	9.841372e-04	2.932328e+06	1.560995e+01	1.568616e+07	
9.900000e+00	1.598287e+10	1.439306e+10	8.779848e+00	9.738937e+01	9.071242e+01	1.033189e+01	3.158113e-01	0.000000e+00	0.000000e+00	0.000000e+00	1.900375e-04	9.888584e-10	9.864832e-04	3.037344e+06	1.580479e+01	1.576683e+07	
9.950000e+00	1.601636e+10	1.404023e+10	8.778932e+00	9.738937e+01	9.070295e+01	1.033189e+01	3.295605e-01	0.000000e+00	0.000000e+00	0.000000e+00	1.598113e-04	1.027188e-09	9.827193e-04	2.559595e+06	1.645182e+01	1.573959e+07	
1.000000e+01	1.605639e+10	1.385359e+10	8.781638e+00	9.738937e+01	9.073092e+01	1.033189e+01	3.371765e-01	0.000000e+00	0.000000e+00	0.000000e+00	1.737627e-04	1.063570e-09	9.863551e-04	2.790002e+06	1.707709e+01	1.583730e+07	
1.005000e+01	1.609828e+10	1.317577e+10	8.785387e+00	9.738937e+01	9.076965e+01	1.033189e+01	3.190543e-01	0.000000e+00	0.000000e+00	0.000000e+00	1.837098e-04	1.098770e-09	9.893309e-04	2.957412e+06	1.768830e+01	1.592653e+07	
1.010000e+01	1.613015e+10	1.342353e+10	8.783704e+00	9.738937e+01	9.075226e+01	1.033189e+01	3.361250e-01	0.000000e+00	0.000000e+00	0.000000e+00	1.558477e-04	1.124566e-09	9.856402e-04	2.513848e+06	1.813942e+01	1.589852e+07	
1.015000e+01	1.617044e+10	1.277402e+10	8.786647e+00	9.738937e+01	9.078266e+01	1.033189e+01	2.990406e-01	0.000000e+00	0.000000e+00	0.000000e+00	1.713638e-04	1.160014e-09	9.893826e-04	2.771029e+06	1.875794e+01	1.599875e+07	
1.020000e+01	1.619282e+10	1.379722e+10	8.779906e+00	9.738937e+01	9.071302e+01	1.033189e+01	3.242867e-01	0.000000e+00	0.000000e+00	0.000000e+00	1.473467e-04	1.169475e-09	9.860611e-04	2.385959e+06	1.893710e+01	1.596711e+07	
1.025000e+01	1.623001e+10	1.423743e+10	8.781243e+00	9.738937e+01	9.072684e+01	1.033189e+01	3.178994e-01	0.000000e+00	0.000000e+00	0.000000e+00	1.656201e-04	1.195244e-09	9.900789e-04	2.688014e+06	1.939881e+01	1.606899e+07	
1.030000e+01	1.626365e+10	1.410968e+10	8.780703e+00	9.738937e+01	9.072126e+01	1.033189e+01	3.311871e-01	0.000000e+00	0.000000e+00	0.000000e+00	1.439534e-04	1.201554e-09	9.872884e-04	2.341208e+06	1.954165e+01	1.605691e+07	
1.035000e+01	1.630342e+10	1.444063e+10	8.783508e+00	9.738937e+01	9.075024e+01	1.033189e+01	3.409816e-01	0.000000e+00	0.000000e+00	0.000000e+00	1.631373e-04	1.200315e-09	9.914400e-04	2.659696e+06	1.956924e+01	1.616386e+07	
1.040000e+01	1.634595e+10	1.393457e+10	8.787824e+00	9.738937e+01	9.079483e+01	1.033189e+01	3.304457e-01	0.000000e+00	0.000000e+00	0.000000e+00	1.768217e-04	1.203901e-09	9.948384e-04	2.890319e+06	1.967891e+01	1.626158e+07	
1.045000e+01	1.638148e+10	1.284453e+10	8.788405e+00	9.738937e+01	9.080083e+01	1.033189e+01	3.371058e-01	0.000000e+00	0.000000e+00	0.000000e+00	1.863614e-04	1.192699e-09	9.973619e-04	3.052877e+06	1.953818e+01	1.633827e+07	
1.050000e+01	1.641962e+10	1.379617e+10	8.790417e+00	9.738937e+01	9.082162e+01	1.033189e+01	3.246278e-01	0.000000e+00	0.000000e+00	0.000000e+00	1.931152e-04	1.187407e-09	9.993131e-04	3.170879e+06	1.949677e+01	1.640834e+07	
1.055000e+01	1.645117e+10	1.458889e+10	8.788939e+00	9.738937e+01	9.080634e+01	1.033189e+01	3.311578e-01	0.000000e+00	0.000000e+00	0.000000e+00	1.642710e-04	1.201205e-09	9.953261e-04	2.702451e+06	1.976123e+01	1.637428e+07	
1.060000e+01	1.648640e+10	1.578839e+10	8.789468e+00	9.738937e+01	9.081181e+01	1.033189e+01	3.448015e-01	0.000000e+00	0.000000e+00	0.000000e+00	1.783340e-04	1.217392e-09	9.986958e-04	2.940086e+06	2.007041e+01	1.646490e+07	
1.065000e+01	1.652734e+10	1.676442e+10	8.793068e+00	9.738937e+01	9.084901e+01	1.033189e+01	3.798922e-01	0.000000e+00	0.000000e+00	0.000000e+00	1.888636e-04	1.251196e-09	1.001703e-03	3.121412e+06	2.067894e+01	1.655549e+07	
1.070000e+01	1.658172e+10	1.741619e+10	8.803832e+00	9.738937e+01	9.096022e+01	1.033189e+01	3.791716e-01	0.000000e+00	0.000000e+00	0.000000e+00	2.351565e-04	1.290452e-09	1.011172e-03	3.899299e+06	2.139792e+01	1.676697e+07	
1.075000e+01	1.662990e+10	1.707352e+10	8.811298e+00	9.738937e+01	9.103736e+01	1.033189e+01	3.579238e-01	0.000000e+00	0.000000e+00	0.000000e+00	2.301293e-04	1.338947e-09	1.011895e-03	3.827027e+06	2.226654e+01	1.682771e+07	
1.080000e+01	1.666462e+10	1.667343e+10	8.811658e+00	9.738937e+01	9.104108e+01	1.033189e+01	3.381717e-01	0.000000e+00	0.000000e+00	0.000000e+00	2.265307e-04	1.360889e-09	1.012582e-03	3.775048e+06	2.267870e+01	1.687430e+07	
1.085000e+01	1.669044e+10	1.626946e+10	8.807358e+00	9.738937e+01	9.099664e+01	1.033189e+01	3.454659e-01	0.000000e+00	0.000000e+00	0.000000e+00	1.899678e-04	1.359796e-09	1.007270e-03	3.170647e+06	2.269561e+01	1.681179e+07	
1.090000e+01	1.672184e+10	1.591386e+10	8.806047e+00	9.738937e+01	9.098310e+01	1.033189e+01	3.248296e-01	0.000000e+00	0.000000e+00	0.000000e+00	1.972903e-04	1.340653e-09	1.009231e-03	3.299058e+06	2.241820e+01	1.687620e+07	
1.095000e+01	1.674488e+10	1.670544e+10	8.800381e+00	9.738937e+01	9.092456e+01	1.033189e+01	3.405781e-01	0.000000e+00	0.000000e+00	0.000000e+00	1.686848e-04	1.320125e-09	1.004852e-03	2.824607e+06	2.210534e+01	1.682612e+07	
1.100000e+01	1.677796e+10	1.817166e+10	8.800043e+00	9.738937e+01	9.092107e+01	1.033189e+01	3.672588e-01	0.000000e+00	0.000000e+00	0.000000e+00	1.822135e-04	1.315768e-09	1.007792e-03	3.057171e+06	2.207591e+01	1.690869e+07	
1.105000e+01	1.682297e+10	1.931549e+10	8.805985e+00	9.738937e+01	9.098246e+01	1.033189e+01	3.722747e-01	0.000000e+00	0.000000e+00	0.000000e+00	1.927340e-04	1.382737e-09	1.010736e-03	3.242358e+06	2.326174e+01	1.700359e+07	
1.110000e+01	1.686693e+10	1.955316e+10	8.811390e+00	9.738937e+01	9.103830e+01	1.033189e+01	3.622580e-01	0.000000e+00	0.000000e+00	0.000000e+00	2.005551e-04	1.426246e-09	1.013308e-03	3.382748e+06	2.405639e+01	1.709139e+07	
1.115000e+01	1.690351e+10	2.111370e+10	8.812963e+00	9.738937e+01	9.105456e+01	1.033189e+01	3.674010e-01	0.000000e+00	0.000000e+00	0.000000e+00	2.063327e-04	1.450543e-09	1.015395e-03	3.487747e+06	2.451928e+01	1.716375e+07	
1.120000e+01	1.694150e+10	2.170279e+10	8.815295e+00	9.738937e+01	9.107865e+01	1.033189e+01	3.960271e-01	0.000000e+00	0.000000e+00	0.000000e+00	2.113408e-04	1.519855e-09	1.017620e-03	3.580430e+06	2.574863e+01	1.724001e+07	
1.125000e+01	1.699082e+10	2.189153e+10	8.823540e+00	9.738937e+01	9.116384e+01	1.033189e+01	3.699980e-01	0.000000e+00	0.000000e+00	0.000000e+00	2.521925e-04	1.561034e-09	1.026026e-03	4.284958e+06	2.652325e+01	1.743302e+07	
1.130000e+01	1.702416e+10	2.174900e+10	8.823499e+00	9.738937e+01	9.116342e+01	1.033189e+01	3.612711e-01	0.000000e+00	0.000000e+00	0.000000e+00	2.443069e-04	1.613203e-09	1.026014e-03	4.159120e+06	2.746342e+01	1.746702e+07	
1.135000e+01	1.705367e+10	2.216451e+10	8.821512e+00	9.738937e+01	9.114289e+01	1.033189e+01	3.557431e-01	0.000000e+00	0.000000e+00	0.000000e+00	2.386774e-04	1.632413e-09	1.026028e-03	4.070324e+06	2.783862e+01	1.749754e+07	
1.140000e+01	1.708182e+10	2.104624e+10	8.818870e+00	9.738937e+01	9.111559e+01	1.033189e+01	3.232892e-01	0.000000e+00	0.000000e+00	0.000000e+00	2.346374e-04	1.629927e-09	1.026122e-03	4.008035e+06	2.784213e+01	1.752804e+07	
1.145000e+01	1.709712e+10	2.103811e+10	8.809645e+00	9.738937e+01	9.102028e+01	1.033189e+01	3.365985e-01	0.000000e+00	0.000000e+00	0.000000e+00	1.979818e-04	1.588357e-09	1.020169e-03	3.384919e+06	2.715633e+01	1.744196e+07	
1.150000e+01	1.712336e+10	2.062506e+10	8.806115e+00	9.738937e+01	9.098381e+01	1.033189e+01	3.413504e-01	0.000000e+00	0.000000e+00	0.000000e+00	2.043825e-04	1.552035e-09	1.021493e-03	3.499716e+06	2.657606e+01	1.749139e+07	
1.155000e+01	1.715363e+10	1.960133e+10	8.804702e+00	9.738937e+01	9.096920e+01	1.033189e+01	3.303650e-01	0.000000e+00	0.000000e+00	0.000000e+00	2.083807e-04	1.496488e-09	1.022330e-03	3.574486e+06	2.567020e+01	1.753666e+07	
1.160000e+01	1.717984e+10	1.860534e+10	8.801247e+00	9.738937e+01	9.093351e+01	1.033189e+01	3.107626e-01	0.000000e+00	0.000000e+00	0.000000e+00	2.106215e-04	1.426222e-09	1.022744e-03	3.618444e+06	2.450227e+01	1.757058e+07	
1.165000e+01	1.719933e+10	1.691511e+10	8.794398e+00	9.738937e+01	9.086275e+01	1.033189e+01	3.174227e-01	0.000000e+00	0.000000e+00	0.000000e+00	1.791560e-04	1.372287e-09	1.017441e-03	3.081363e+06	2.360241e+01	1.749930e+07	
1.170000e+01	1.722552e+10	1.651977e+10	8.791028e+00	9.738937e+01	9.082793e+01	1.033189e+01	2.918654e-01	0.000000e+00	0.000000e+00	0.000000e+00	1.884411e-04	1.312959e-09	1.018894e-03	3.245995e+06	2.261640e+01	1.755098e+07	
1.175000e+01	1.724233e+10	1.757499e+10	8.782925e+00	9.738937e+01	9.074421e+01	1.033189e+01	3.333725e-01	0.000000e+00	0.000000e+00	0.000000e+00	1.622166e-04	1.266277e-09	1.014293e-03	2.796991e+06	2.183356e+01	1.748878e+07	
1.180000e+01	1.728184e+10	1.888368e+10	8.786426e+00	9.738937e+01	9.078038e+01	1.033189e+01	3.474264e-01	0.000000e+00	0.000000e+00	0.000000e+00	1.806804e-04	1.281510e-09	1.018128e-03	3.122490e+06	2.214686e+01	1.759512e+07	
1.185000e+01	1.732560e+10	1.890084e+10	8.792101e+00	9.738937e+01	9.083902e+01	1.033189e+01	3.657221e-01	0.000000e+00	0.000000e+00	0.000000e+00	1.901826e-04	1.320059e-09	1.020576e-03	3.295027e+06	2.287081e+01	1.768209e+07	
1.190000e+01	1.737428e+10	1.829003e+10	8.800281e+00	9.738937e+01	9.092353e+01	1.033189e+01	3.184315e-01	0.000000e+00	0.000000e+00	0.000000e+00	2.337241e-04	1.344373e-09	1.029012e-03	4.060789e+06	2.335751e+01	1.787834e+07	
1.195000e+01	1.739768e+10	1.941578e+10	8.795674e+00	9.738937e+01	9.087593e+01	1.033189e+01	3.399730e-01	0.000000e+00	0.000000e+00	0.000000e+00	1.960502e-04	1.363113e-09	1.023365e-03	3.410819e+06	2.371499e+01	1.780417e+07	
1.200000e+01	1.743308e+10	2.012891e+10	8.797175e+00	9.738937e+01	9.089144e+01	1.033189e+01	3.522952e-01	0.000000e+00	0.000000e+00	0.000000e+00	2.015842e-04	1.385948e-09	1.025153e-03	3.514233e+06	2.416135e+01	1.787158e+07	
1.205000e+01	1.747308e+10	2.046949e+10	8.801015e+00	9.738937e+01	9.093112e+01	1.033189e+01	3.228830e-01	0.000000e+00	0.000000e+00	0.000000e+00	2.057434e-04	1.427259e-09	1.026794e-03	3.594971e+06	2.493861e+01	1.794125e+07	
1.210000e+01	1.749802e+10	1.960372e+10	8.797305e+00	9.738937e+01	9.089278e+01	1.033189e+01	3.157178e-01	0.000000e+00	0.000000e+00	0.000000e+00	1.767159e-04	1.450860e-09	1.022700e-03	3.092179e+06	2.538719e+01	1.789523e+07	
1.215000e+01	1.752186e+10	2.071904e+10	8.793081e+00	9.738937e+01	9.084914e+01	1.033189e+01	3.521670e-01	0.000000e+00	0.000000e+00	0.000000e+00	1.553157e-04	1.446989e-09	1.019546e-03	2.721420e+06	2.535394e+01	1.786434e+07	
1.220000e+01	1.756405e+10	2.060703e+10	8.798095e+00	9.738937e+01	9.090094e+01	1.033189e+01	3.353738e-01	0.000000e+00	0.000000e+00	0.000000e+00	1.722645e-04	1.457322e-09	1.023236e-03	3.025663e+06	2.559647e+01	1.797217e+07	
1.225000e+01	1.759610e+10	2.111053e+10	8.798050e+00	9.738937e+01	9.090048e+01	1.033189e+01	3.619969e-01	0.000000e+00	0.000000e+00	0.000000e+00	1.524739e-04	1.445209e-09	1.020488e-03	2.682946e+06	2.543004e+01	1.795661e+07	
1.230000e+01	1.763989e+10	2.139062e+10	8.803892e+00	9.738937e+01	9.096084e+01	1.033189e+01	3.639375e-01	0.000000e+00	0.000000e+00	0.000000e+00	1.741072e-04	1.427632e-09	1.025177e-03	3.071230e+06	2.518327e+01	1.808400e+07	
1.235000e+01	1.768132e+10	2.061659e+10	8.808571e+00	9.738937e+01	9.100918e+01	1.033189e+01	3.388681e-01	0.000000e+00	0.000000e+00	0.000000e+00	1.858039e-04	1.411660e-09	1.028095e-03	3.285259e+06	2.496001e+01	1.817807e+07	
1.240000e+01	1.770915e+10	2.088733e+10	8.806495e+00	9.738937e+01	9.098773e+01	1.033189e+01	3.282926e-01	0.000000e+00	0.000000e+00	0.000000e+00	1.620368e-04	1.367723e-09	1.024707e-03	2.869533e+06	2.422121e+01	1.814668e+07	
1.245000e+01	1.773346e+10	2.113704e+10	8.802710e+00	9.738937e+01	9.094863e+01	1.033189e+01	3.454811e-01	0.000000e+00	0.000000e+00	0.000000e+00	1.448481e-04	1.332888e-09	1.022257e-03	2.568659e+06	2.363672e+01	1.812815e+07	
