# COLUMN NUMBERS: 
#	0: time [Gyr]
#	1: mgas [Msun]			ISM gas mass
#	2: mstar [Msun]			Stellar mass
#	3: sfr [Msun/yr]		Star formation rate
#	4: ifr [Msun/yr]		Infall rate
#	5: ofr [Msun/yr]		Outfow rate
#	6: eta_0			Mass-loading factor
#	7: r_eff			Effective recycilng rate
#	8: z_in(fe)			Inflow fe metallicity
#	9: z_in(sr)			Inflow sr metallicity
#	10: z_in(o)			Inflow o metallicity
#	11: z_out(fe)			Outflow fe metallicity
#	12: z_out(sr)			Outflow sr metallicity
#	13: z_out(o)			Outflow o metallicity
#	14: mass(fe) [Msun]		mass of element fe in ISM
#	15: mass(sr) [Msun]		mass of element sr in ISM
#	16: mass(o) [Msun]		mass of element o in ISM
0.000000e+00	1.000000e-12	8.456877e-30	2.256217e-37	4.712389e+01	4.296630e-37	1.904351e+00	2.503490e-01	0.000000e+00	0.000000e+00	0.000000e+00	4.599565e-295	7.589282e-294	7.589282e-294	0.000000e+00	0.000000e+00	0.000000e+00	
5.000000e-02	2.356194e+09	1.334519e+08	3.560375e+00	4.712389e+01	6.780205e+00	1.904351e+00	2.503490e-01	0.000000e+00	0.000000e+00	0.000000e+00	7.175499e-05	8.012641e-10	8.969374e-04	1.690687e+05	1.887934e+00	2.113359e+06	
1.000000e-01	4.239927e+09	3.656699e+08	6.302644e+00	4.712389e+01	1.200245e+01	1.904351e+00	2.631095e-01	0.000000e+00	0.000000e+00	0.000000e+00	1.033165e-04	1.153701e-09	1.291457e-03	4.380545e+05	4.891609e+00	5.475681e+06	
1.500000e-01	5.763781e+09	6.722216e+08	8.432916e+00	4.712389e+01	1.605923e+01	1.904351e+00	2.729638e-01	0.000000e+00	0.000000e+00	0.000000e+00	1.321206e-04	1.479311e-09	1.651477e-03	7.615141e+05	8.526427e+00	9.518750e+06	
2.000000e-01	7.010462e+09	1.051966e+09	1.010032e+01	4.712389e+01	1.923455e+01	1.904351e+00	2.815879e-01	0.000000e+00	0.000000e+00	0.000000e+00	1.583037e-04	1.781520e-09	1.978685e-03	1.109782e+06	1.248928e+01	1.387150e+07	
2.500000e-01	8.042120e+09	1.508881e+09	1.141501e+01	4.712389e+01	2.173819e+01	1.904351e+00	2.899508e-01	0.000000e+00	0.000000e+00	0.000000e+00	1.821861e-04	2.067687e-09	2.275033e-03	1.465162e+06	1.662859e+01	1.829609e+07	
3.000000e-01	8.906144e+09	1.973062e+09	1.245951e+01	4.712389e+01	2.372728e+01	1.904351e+00	2.963704e-01	0.000000e+00	0.000000e+00	0.000000e+00	2.039705e-04	2.344196e-09	2.542555e-03	1.816590e+06	2.087775e+01	2.264436e+07	
3.500000e-01	9.637630e+09	2.459779e+09	1.329426e+01	4.712389e+01	2.531695e+01	1.904351e+00	3.020021e-01	0.000000e+00	0.000000e+00	0.000000e+00	2.238431e-04	2.615966e-09	2.783507e-03	2.157317e+06	2.521171e+01	2.682641e+07	
4.000000e-01	1.026401e+10	2.962439e+09	1.396566e+01	4.712389e+01	2.659552e+01	1.904351e+00	3.070040e-01	0.000000e+00	0.000000e+00	0.000000e+00	2.419709e-04	2.886953e-09	3.000046e-03	2.483591e+06	2.963171e+01	3.079249e+07	
4.500000e-01	1.080652e+10	3.476337e+09	1.450906e+01	4.712389e+01	2.763035e+01	1.904351e+00	3.114917e-01	0.000000e+00	0.000000e+00	0.000000e+00	2.585136e-04	3.161199e-09	3.194296e-03	2.793633e+06	3.416156e+01	3.451922e+07	
5.000000e-01	1.128172e+10	3.998100e+09	1.495162e+01	4.712389e+01	2.847313e+01	1.904351e+00	3.155522e-01	0.000000e+00	0.000000e+00	0.000000e+00	2.736242e-04	3.437523e-09	3.368309e-03	3.086950e+06	3.878116e+01	3.800031e+07	
5.500000e-01	1.170257e+10	4.525305e+09	1.531428e+01	4.712389e+01	2.916378e+01	1.904351e+00	3.192528e-01	0.000000e+00	0.000000e+00	0.000000e+00	2.874472e-04	3.722003e-09	3.524038e-03	3.363873e+06	4.355702e+01	4.124032e+07	
6.000000e-01	1.207932e+10	5.056199e+09	1.561334e+01	4.712389e+01	2.973329e+01	1.904351e+00	3.226464e-01	0.000000e+00	0.000000e+00	0.000000e+00	3.001188e-04	4.016111e-09	3.663312e-03	3.625231e+06	4.851190e+01	4.425033e+07	
6.500000e-01	1.242006e+10	5.589520e+09	1.586151e+01	4.712389e+01	3.020588e+01	1.904351e+00	3.257756e-01	0.000000e+00	0.000000e+00	0.000000e+00	3.117653e-04	4.323798e-09	3.787836e-03	3.872145e+06	5.370185e+01	4.704517e+07	
7.000000e-01	1.273125e+10	6.124354e+09	1.606876e+01	4.712389e+01	3.060055e+01	1.904351e+00	3.286749e-01	0.000000e+00	0.000000e+00	0.000000e+00	3.225033e-04	4.650642e-09	3.899179e-03	4.105872e+06	5.920850e+01	4.964144e+07	
7.500000e-01	1.301805e+10	6.659588e+09	1.624295e+01	4.712389e+01	3.093229e+01	1.904351e+00	3.313620e-01	0.000000e+00	0.000000e+00	0.000000e+00	3.324399e-04	5.001043e-09	3.998776e-03	4.327720e+06	6.510385e+01	5.205628e+07	
8.000000e-01	1.328460e+10	7.194527e+09	1.639032e+01	4.712389e+01	3.121293e+01	1.904351e+00	3.338589e-01	0.000000e+00	0.000000e+00	0.000000e+00	3.416722e-04	5.374284e-09	4.087929e-03	4.538979e+06	7.139522e+01	5.430650e+07	
8.500000e-01	1.353423e+10	7.728729e+09	1.651582e+01	4.712389e+01	3.145192e+01	1.904351e+00	3.361862e-01	0.000000e+00	0.000000e+00	0.000000e+00	3.502876e-04	5.766313e-09	4.167811e-03	4.740875e+06	7.804264e+01	5.640814e+07	
9.000000e-01	1.376966e+10	8.296609e+09	1.662339e+01	4.712389e+01	3.165678e+01	1.904351e+00	3.385125e-01	0.000000e+00	0.000000e+00	0.000000e+00	3.583645e-04	6.171944e-09	4.239477e-03	4.934559e+06	8.498558e+01	5.837616e+07	
9.500000e-01	1.399321e+10	8.828507e+09	1.671637e+01	4.712389e+01	3.183384e+01	1.904351e+00	3.405438e-01	0.000000e+00	0.000000e+00	0.000000e+00	3.660062e-04	6.583629e-09	4.303835e-03	5.121601e+06	9.212611e+01	6.022447e+07	
1.000000e+00	1.420653e+10	9.359143e+09	1.679713e+01	4.712389e+01	3.198764e+01	1.904351e+00	3.424564e-01	0.000000e+00	0.000000e+00	0.000000e+00	3.732378e-04	6.998979e-09	4.361771e-03	5.302413e+06	9.943118e+01	6.196562e+07	
1.050000e+00	1.441110e+10	9.888472e+09	1.686776e+01	4.712389e+01	3.212213e+01	1.904351e+00	3.442624e-01	0.000000e+00	0.000000e+00	0.000000e+00	3.801160e-04	7.413365e-09	4.414027e-03	5.477889e+06	1.068347e+02	6.361096e+07	
1.100000e+00	1.460814e+10	1.042683e+10	1.692993e+01	4.712389e+01	3.224054e+01	1.904351e+00	3.460102e-01	0.000000e+00	0.000000e+00	0.000000e+00	3.866910e-04	7.822832e-09	4.461260e-03	5.648838e+06	1.142771e+02	6.517072e+07	
1.150000e+00	1.479871e+10	1.095865e+10	1.698508e+01	4.712389e+01	3.234555e+01	1.904351e+00	3.476492e-01	0.000000e+00	0.000000e+00	0.000000e+00	3.930167e-04	8.222594e-09	4.504037e-03	5.816141e+06	1.216838e+02	6.665394e+07	
1.200000e+00	1.498362e+10	1.148418e+10	1.703429e+01	4.712389e+01	3.243927e+01	1.904351e+00	3.491898e-01	0.000000e+00	0.000000e+00	0.000000e+00	3.991255e-04	8.610451e-09	4.542875e-03	5.980344e+06	1.290157e+02	6.806869e+07	
1.250000e+00	1.516354e+10	1.200392e+10	1.707848e+01	4.712389e+01	3.252341e+01	1.904351e+00	3.506419e-01	0.000000e+00	0.000000e+00	0.000000e+00	4.050466e-04	8.983952e-09	4.578228e-03	6.141942e+06	1.362285e+02	6.942216e+07	
1.300000e+00	1.533906e+10	1.201792e+10	1.711839e+01	4.712389e+01	3.259942e+01	1.904351e+00	3.499741e-01	0.000000e+00	0.000000e+00	0.000000e+00	4.108063e-04	9.341045e-09	4.610497e-03	6.301385e+06	1.432829e+02	7.072072e+07	
1.350000e+00	1.550892e+10	1.158005e+10	1.715271e+01	4.712389e+01	3.266479e+01	1.904351e+00	3.477051e-01	0.000000e+00	0.000000e+00	0.000000e+00	4.159592e-04	9.648393e-09	4.640034e-03	6.451077e+06	1.496361e+02	7.196190e+07	
1.400000e+00	1.567244e+10	1.107403e+10	1.718085e+01	4.712389e+01	3.271836e+01	1.904351e+00	3.450311e-01	0.000000e+00	0.000000e+00	0.000000e+00	4.201557e-04	9.891634e-09	4.667093e-03	6.584866e+06	1.550261e+02	7.314474e+07	
1.450000e+00	1.583007e+10	1.107960e+10	1.720340e+01	4.712389e+01	3.276131e+01	1.904351e+00	3.446282e-01	0.000000e+00	0.000000e+00	0.000000e+00	4.234928e-04	1.006697e-08	4.691831e-03	6.703921e+06	1.593608e+02	7.427203e+07	
1.500000e+00	1.598447e+10	1.108307e+10	1.722335e+01	4.712389e+01	3.279930e+01	1.904351e+00	3.442519e-01	0.000000e+00	0.000000e+00	0.000000e+00	4.265450e-04	1.022194e-08	4.714419e-03	6.818096e+06	1.633923e+02	7.535749e+07	
1.550000e+00	1.613599e+10	1.108513e+10	1.724111e+01	4.712389e+01	3.283313e+01	1.904351e+00	3.439045e-01	0.000000e+00	0.000000e+00	0.000000e+00	4.293466e-04	1.035865e-08	4.735088e-03	6.927934e+06	1.671471e+02	7.640534e+07	
1.600000e+00	1.628494e+10	1.161313e+10	1.725705e+01	4.712389e+01	3.286348e+01	1.904351e+00	3.458514e-01	0.000000e+00	0.000000e+00	0.000000e+00	4.319284e-04	1.047929e-08	4.754049e-03	7.033927e+06	1.706546e+02	7.741939e+07	
1.650000e+00	1.643353e+10	1.161455e+10	1.727349e+01	4.712389e+01	3.289480e+01	1.904351e+00	3.455443e-01	0.000000e+00	0.000000e+00	0.000000e+00	4.347705e-04	1.062711e-08	4.771514e-03	7.144813e+06	1.746409e+02	7.841279e+07	
1.700000e+00	1.657974e+10	1.160291e+10	1.728832e+01	4.712389e+01	3.292303e+01	1.904351e+00	3.362444e-01	0.000000e+00	0.000000e+00	0.000000e+00	4.373814e-04	1.075706e-08	4.787690e-03	7.251671e+06	1.783493e+02	7.937867e+07	
1.750000e+00	1.671602e+10	1.098648e+10	1.729372e+01	4.712389e+01	3.293331e+01	1.904351e+00	3.224602e-01	0.000000e+00	0.000000e+00	0.000000e+00	4.397657e-04	1.090939e-08	4.802664e-03	7.351134e+06	1.823617e+02	8.028144e+07	
1.800000e+00	1.683969e+10	1.098486e+10	1.728713e+01	4.712389e+01	3.292076e+01	1.904351e+00	3.222907e-01	0.000000e+00	0.000000e+00	0.000000e+00	4.419232e-04	1.097797e-08	4.816106e-03	7.441852e+06	1.848656e+02	8.110175e+07	
1.850000e+00	1.696407e+10	1.098377e+10	1.728237e+01	4.712389e+01	3.291171e+01	1.904351e+00	3.221409e-01	0.000000e+00	0.000000e+00	0.000000e+00	4.438847e-04	1.103902e-08	4.828051e-03	7.530091e+06	1.872667e+02	8.190339e+07	
1.900000e+00	1.708893e+10	9.957000e+09	1.727916e+01	4.712389e+01	3.290559e+01	1.904351e+00	3.263613e-01	0.000000e+00	0.000000e+00	0.000000e+00	4.456816e-04	1.109365e-08	4.838767e-03	7.616221e+06	1.895785e+02	8.268934e+07	
1.950000e+00	1.721785e+10	1.000139e+10	1.728103e+01	4.712389e+01	3.290915e+01	1.904351e+00	3.308217e-01	0.000000e+00	0.000000e+00	0.000000e+00	4.466075e-04	1.101543e-08	4.848993e-03	7.689619e+06	1.896620e+02	8.348922e+07	
2.000000e+00	1.735038e+10	9.314032e+09	1.728740e+01	4.712389e+01	3.292128e+01	1.904351e+00	3.216022e-01	0.000000e+00	0.000000e+00	0.000000e+00	4.472613e-04	1.095423e-08	4.858813e-03	7.760154e+06	1.900601e+02	8.430224e+07	
2.050000e+00	1.747412e+10	8.760725e+09	1.728589e+01	4.712389e+01	3.291840e+01	1.904351e+00	3.159600e-01	0.000000e+00	0.000000e+00	0.000000e+00	4.477128e-04	1.076864e-08	4.868110e-03	7.823389e+06	1.881726e+02	8.506595e+07	
2.100000e+00	1.759319e+10	8.194754e+09	1.728067e+01	4.712389e+01	3.290847e+01	1.904351e+00	3.102799e-01	0.000000e+00	0.000000e+00	0.000000e+00	4.478900e-04	1.054592e-08	4.876699e-03	7.879811e+06	1.855364e+02	8.579667e+07	
2.150000e+00	1.770802e+10	7.099276e+09	1.727225e+01	4.712389e+01	3.289243e+01	1.904351e+00	3.030375e-01	0.000000e+00	0.000000e+00	0.000000e+00	4.478474e-04	1.025056e-08	4.884552e-03	7.930489e+06	1.815171e+02	8.649571e+07	
2.200000e+00	1.781768e+10	6.541903e+09	1.725977e+01	4.712389e+01	3.286867e+01	1.904351e+00	2.988007e-01	0.000000e+00	0.000000e+00	0.000000e+00	4.471668e-04	9.851523e-09	4.891599e-03	7.967477e+06	1.755313e+02	8.715696e+07	
2.250000e+00	1.792532e+10	5.465493e+09	1.724631e+01	4.712389e+01	3.284304e+01	1.904351e+00	2.927051e-01	0.000000e+00	0.000000e+00	0.000000e+00	4.463196e-04	9.410879e-09	4.897823e-03	8.000419e+06	1.686930e+02	8.779504e+07	
2.300000e+00	1.802945e+10	6.647305e+09	1.723047e+01	4.712389e+01	3.281286e+01	1.904351e+00	3.117265e-01	0.000000e+00	0.000000e+00	0.000000e+00	4.449062e-04	8.895748e-09	4.903246e-03	8.021414e+06	1.603854e+02	8.840282e+07	
2.350000e+00	1.815204e+10	7.235664e+09	1.723312e+01	4.712389e+01	3.281791e+01	1.904351e+00	3.171758e-01	0.000000e+00	0.000000e+00	0.000000e+00	4.443691e-04	8.626006e-09	4.907957e-03	8.066205e+06	1.565796e+02	8.908941e+07	
2.400000e+00	1.827898e+10	6.612629e+09	1.724058e+01	4.712389e+01	3.283211e+01	1.904351e+00	3.045431e-01	0.000000e+00	0.000000e+00	0.000000e+00	4.443644e-04	8.510243e-09	4.912827e-03	8.122526e+06	1.555585e+02	8.980144e+07	
2.450000e+00	1.839406e+10	7.788303e+09	1.723755e+01	4.712389e+01	3.282635e+01	1.904351e+00	3.217493e-01	0.000000e+00	0.000000e+00	0.000000e+00	4.441571e-04	8.308903e-09	4.917570e-03	8.169853e+06	1.528345e+02	9.045408e+07	
2.500000e+00	1.852437e+10	8.347192e+09	1.724945e+01	4.712389e+01	3.284900e+01	1.904351e+00	3.254609e-01	0.000000e+00	0.000000e+00	0.000000e+00	4.447042e-04	8.318772e-09	4.922100e-03	8.237864e+06	1.541000e+02	9.117879e+07	
2.550000e+00	1.865634e+10	9.511021e+09	1.726342e+01	4.712389e+01	3.287561e+01	1.904351e+00	3.387309e-01	0.000000e+00	0.000000e+00	0.000000e+00	4.456284e-04	8.415738e-09	4.926730e-03	8.313796e+06	1.570069e+02	9.191476e+07	
2.600000e+00	1.879797e+10	1.066750e+10	1.728676e+01	4.712389e+01	3.292007e+01	1.904351e+00	3.495667e-01	0.000000e+00	0.000000e+00	0.000000e+00	4.472232e-04	8.683551e-09	4.931738e-03	8.406888e+06	1.632331e+02	9.270664e+07	
2.650000e+00	1.894596e+10	1.180113e+10	1.731630e+01	4.712389e+01	3.297631e+01	1.904351e+00	3.587305e-01	0.000000e+00	0.000000e+00	0.000000e+00	4.494367e-04	9.109978e-09	4.937360e-03	8.515012e+06	1.725973e+02	9.354305e+07	
2.700000e+00	1.909812e+10	1.232432e+10	1.734990e+01	4.712389e+01	3.304030e+01	1.904351e+00	3.569659e-01	0.000000e+00	0.000000e+00	0.000000e+00	4.521926e-04	9.653236e-09	4.943692e-03	8.636030e+06	1.843587e+02	9.441524e+07	
2.750000e+00	1.924447e+10	1.426777e+10	1.737847e+01	4.712389e+01	3.309472e+01	1.904351e+00	3.679998e-01	0.000000e+00	0.000000e+00	0.000000e+00	4.551336e-04	1.020512e-08	4.950589e-03	8.758806e+06	1.963922e+02	9.527148e+07	
2.800000e+00	1.939677e+10	1.559776e+10	1.741267e+01	4.712389e+01	3.315983e+01	1.904351e+00	3.673881e-01	0.000000e+00	0.000000e+00	0.000000e+00	4.594212e-04	1.086255e-08	4.957987e-03	8.911287e+06	2.106985e+02	9.616894e+07	
2.850000e+00	1.954420e+10	1.692848e+10	1.744271e+01	4.712389e+01	3.321705e+01	1.904351e+00	3.678882e-01	0.000000e+00	0.000000e+00	0.000000e+00	4.647410e-04	1.149468e-08	4.965871e-03	9.082992e+06	2.246544e+02	9.705398e+07	
2.900000e+00	1.968826e+10	1.829158e+10	1.747000e+01	4.712389e+01	3.326902e+01	1.904351e+00	3.750638e-01	0.000000e+00	0.000000e+00	0.000000e+00	4.709747e-04	1.208791e-08	4.974070e-03	9.272671e+06	2.379899e+02	9.793077e+07	
2.950000e+00	1.983512e+10	2.004696e+10	1.750003e+01	4.712389e+01	3.332620e+01	1.904351e+00	3.756938e-01	0.000000e+00	0.000000e+00	0.000000e+00	4.779673e-04	1.262882e-08	4.982517e-03	9.480539e+06	2.504942e+02	9.882881e+07	
3.000000e+00	1.997873e+10	2.100298e+10	1.752743e+01	4.712389e+01	3.337838e+01	1.904351e+00	3.757532e-01	0.000000e+00	0.000000e+00	0.000000e+00	4.861321e-04	1.313907e-08	4.991191e-03	9.712304e+06	2.625020e+02	9.971768e+07	
3.050000e+00	2.011894e+10	2.201293e+10	1.755210e+01	4.712389e+01	3.342536e+01	1.904351e+00	3.841668e-01	0.000000e+00	0.000000e+00	0.000000e+00	4.943983e-04	1.359908e-08	4.999998e-03	9.946769e+06	2.735991e+02	1.005946e+08	
3.100000e+00	2.026341e+10	2.295852e+10	1.758073e+01	4.712389e+01	3.347989e+01	1.904351e+00	3.828083e-01	0.000000e+00	0.000000e+00	0.000000e+00	5.026076e-04	1.408041e-08	5.008893e-03	1.018454e+07	2.853171e+02	1.014972e+08	
3.150000e+00	2.040307e+10	2.475873e+10	1.760544e+01	4.712389e+01	3.352694e+01	1.904351e+00	3.845948e-01	0.000000e+00	0.000000e+00	0.000000e+00	5.109865e-04	1.451368e-08	5.017945e-03	1.042569e+07	2.961237e+02	1.023815e+08	
3.200000e+00	2.054119e+10	2.623537e+10	1.762907e+01	4.712389e+01	3.357195e+01	1.904351e+00	3.940522e-01	0.000000e+00	0.000000e+00	0.000000e+00	5.203375e-04	1.491628e-08	5.026986e-03	1.068835e+07	3.063983e+02	1.032603e+08	
3.250000e+00	2.068468e+10	2.811109e+10	1.765754e+01	4.712389e+01	3.362615e+01	1.904351e+00	4.025894e-01	0.000000e+00	0.000000e+00	0.000000e+00	5.300118e-04	1.536938e-08	5.036207e-03	1.096312e+07	3.179106e+02	1.041723e+08	
3.300000e+00	2.083212e+10	3.055495e+10	1.768956e+01	4.712389e+01	3.368713e+01	1.904351e+00	4.116285e-01	0.000000e+00	0.000000e+00	0.000000e+00	5.403762e-04	1.586424e-08	5.045627e-03	1.125718e+07	3.304857e+02	1.051111e+08	
3.350000e+00	2.098356e+10	3.218997e+10	1.772511e+01	4.712389e+01	3.375483e+01	1.904351e+00	4.180298e-01	0.000000e+00	0.000000e+00	0.000000e+00	5.518575e-04	1.642127e-08	5.055376e-03	1.157994e+07	3.445768e+02	1.060798e+08	
3.400000e+00	2.113624e+10	3.351868e+10	1.776181e+01	4.712389e+01	3.382472e+01	1.904351e+00	4.183990e-01	0.000000e+00	0.000000e+00	0.000000e+00	5.635152e-04	1.702649e-08	5.065539e-03	1.191059e+07	3.598760e+02	1.070664e+08	
3.450000e+00	2.128468e+10	3.559364e+10	1.779506e+01	4.712389e+01	3.388804e+01	1.904351e+00	4.200682e-01	0.000000e+00	0.000000e+00	0.000000e+00	5.755858e-04	1.754755e-08	5.075959e-03	1.225116e+07	3.734941e+02	1.080402e+08	
3.500000e+00	2.143048e+10	3.752654e+10	1.782623e+01	4.712389e+01	3.394741e+01	1.904351e+00	4.261545e-01	0.000000e+00	0.000000e+00	0.000000e+00	5.889795e-04	1.800004e-08	5.086555e-03	1.262211e+07	3.857496e+02	1.090073e+08	
3.550000e+00	2.157783e+10	4.019202e+10	1.785883e+01	4.712389e+01	3.400949e+01	1.904351e+00	4.329241e-01	0.000000e+00	0.000000e+00	0.000000e+00	6.028943e-04	1.849728e-08	5.097323e-03	1.300915e+07	3.991311e+02	1.099892e+08	
3.600000e+00	2.172718e+10	4.149910e+10	1.789320e+01	4.712389e+01	3.407494e+01	1.904351e+00	4.286860e-01	0.000000e+00	0.000000e+00	0.000000e+00	6.180955e-04	1.902819e-08	5.108265e-03	1.342947e+07	4.134289e+02	1.109882e+08	
3.650000e+00	2.186850e+10	4.197231e+10	1.792108e+01	4.712389e+01	3.412803e+01	1.904351e+00	4.246145e-01	0.000000e+00	0.000000e+00	0.000000e+00	6.333214e-04	1.951687e-08	5.119571e-03	1.384979e+07	4.268047e+02	1.119573e+08	
3.700000e+00	2.200272e+10	4.185505e+10	1.794333e+01	4.712389e+01	3.417039e+01	1.904351e+00	4.154306e-01	0.000000e+00	0.000000e+00	0.000000e+00	6.476995e-04	1.995301e-08	5.130937e-03	1.425115e+07	4.390203e+02	1.128946e+08	
3.750000e+00	2.212593e+10	4.201470e+10	1.795685e+01	4.712389e+01	3.419615e+01	1.904351e+00	4.084615e-01	0.000000e+00	0.000000e+00	0.000000e+00	6.610661e-04	2.022979e-08	5.142099e-03	1.462671e+07	4.476030e+02	1.137738e+08	
3.800000e+00	2.224121e+10	4.123079e+10	1.796425e+01	4.712389e+01	3.421024e+01	1.904351e+00	4.087520e-01	0.000000e+00	0.000000e+00	0.000000e+00	6.737951e-04	2.035246e-08	5.152784e-03	1.498602e+07	4.526635e+02	1.146042e+08	
3.850000e+00	2.235583e+10	4.096317e+10	1.797145e+01	4.712389e+01	3.422395e+01	1.904351e+00	4.057531e-01	0.000000e+00	0.000000e+00	0.000000e+00	6.850003e-04	2.027503e-08	5.162022e-03	1.531375e+07	4.532650e+02	1.154013e+08	
3.900000e+00	2.246685e+10	3.863101e+10	1.797611e+01	4.712389e+01	3.423282e+01	1.904351e+00	3.990653e-01	0.000000e+00	0.000000e+00	0.000000e+00	6.952032e-04	2.001000e-08	5.170468e-03	1.561903e+07	4.495617e+02	1.161641e+08	
3.950000e+00	2.257128e+10	3.855724e+10	1.797586e+01	4.712389e+01	3.423235e+01	1.904351e+00	4.008444e-01	0.000000e+00	0.000000e+00	0.000000e+00	7.022653e-04	1.959518e-08	5.178020e-03	1.585103e+07	4.422882e+02	1.168745e+08	
4.000000e+00	2.267734e+10	3.955433e+10	1.797729e+01	4.712389e+01	3.423507e+01	1.904351e+00	4.045732e-01	0.000000e+00	0.000000e+00	0.000000e+00	7.087804e-04	1.918105e-08	5.184869e-03	1.607326e+07	4.349752e+02	1.175790e+08	
4.050000e+00	2.278658e+10	3.972179e+10	1.798159e+01	4.712389e+01	3.424325e+01	1.904351e+00	4.066172e-01	0.000000e+00	0.000000e+00	0.000000e+00	7.156916e-04	1.882032e-08	5.191296e-03	1.630816e+07	4.288506e+02	1.182919e+08	
4.100000e+00	2.289711e+10	4.180324e+10	1.798724e+01	4.712389e+01	3.425401e+01	1.904351e+00	4.230940e-01	0.000000e+00	0.000000e+00	0.000000e+00	7.219416e-04	1.851953e-08	5.197363e-03	1.653038e+07	4.240437e+02	1.190046e+08	
4.150000e+00	2.302176e+10	4.297732e+10	1.800424e+01	4.712389e+01	3.428639e+01	1.904351e+00	4.307407e-01	0.000000e+00	0.000000e+00	0.000000e+00	7.292899e-04	1.833666e-08	5.203479e-03	1.678953e+07	4.221420e+02	1.197932e+08	
4.200000e+00	2.315118e+10	4.390103e+10	1.802516e+01	4.712389e+01	3.432623e+01	1.904351e+00	4.362430e-01	0.000000e+00	0.000000e+00	0.000000e+00	7.372863e-04	1.821518e-08	5.209830e-03	1.706904e+07	4.217028e+02	1.206137e+08	
4.250000e+00	2.328297e+10	4.538187e+10	1.804809e+01	4.712389e+01	3.436990e+01	1.904351e+00	4.415192e-01	0.000000e+00	0.000000e+00	0.000000e+00	7.455358e-04	1.816325e-08	5.216457e-03	1.735829e+07	4.228943e+02	1.214546e+08	
4.300000e+00	2.341669e+10	4.631931e+10	1.807265e+01	4.712389e+01	3.441668e+01	1.904351e+00	4.448567e-01	0.000000e+00	0.000000e+00	0.000000e+00	7.545921e-04	1.819179e-08	5.223560e-03	1.767005e+07	4.259916e+02	1.223185e+08	
4.350000e+00	2.355041e+10	4.652861e+10	1.809734e+01	4.712389e+01	3.446369e+01	1.904351e+00	4.561817e-01	0.000000e+00	0.000000e+00	0.000000e+00	7.638640e-04	1.828183e-08	5.230961e-03	1.798931e+07	4.305445e+02	1.231913e+08	
4.400000e+00	2.369133e+10	4.660369e+10	1.812767e+01	4.712389e+01	3.452144e+01	1.904351e+00	4.537070e-01	0.000000e+00	0.000000e+00	0.000000e+00	7.721660e-04	1.841820e-08	5.239208e-03	1.829364e+07	4.363518e+02	1.241238e+08	
4.450000e+00	2.382631e+10	4.597436e+10	1.815353e+01	4.712389e+01	3.457069e+01	1.904351e+00	4.313396e-01	0.000000e+00	0.000000e+00	0.000000e+00	7.799406e-04	1.865265e-08	5.247530e-03	1.858310e+07	4.444237e+02	1.250293e+08	
4.500000e+00	2.393781e+10	4.487569e+10	1.816169e+01	4.712389e+01	3.458623e+01	1.904351e+00	4.150789e-01	0.000000e+00	0.000000e+00	0.000000e+00	7.869720e-04	1.891799e-08	5.256492e-03	1.883838e+07	4.528551e+02	1.258289e+08	
4.550000e+00	2.403353e+10	4.405566e+10	1.815818e+01	4.712389e+01	3.457955e+01	1.904351e+00	4.059539e-01	0.000000e+00	0.000000e+00	0.000000e+00	7.931068e-04	1.908680e-08	5.265229e-03	1.906116e+07	4.587231e+02	1.265421e+08	
4.600000e+00	2.412141e+10	4.418727e+10	1.814911e+01	4.712389e+01	3.456227e+01	1.904351e+00	4.046639e-01	0.000000e+00	0.000000e+00	0.000000e+00	7.980652e-04	1.921608e-08	5.273418e-03	1.925046e+07	4.635190e+02	1.272023e+08	
4.650000e+00	2.420925e+10	4.466512e+10	1.814039e+01	4.712389e+01	3.454568e+01	1.904351e+00	4.001413e-01	0.000000e+00	0.000000e+00	0.000000e+00	8.027552e-04	1.931077e-08	5.280767e-03	1.943410e+07	4.674992e+02	1.278434e+08	
4.700000e+00	2.429408e+10	4.366924e+10	1.812980e+01	4.712389e+01	3.452551e+01	1.904351e+00	3.822683e-01	0.000000e+00	0.000000e+00	0.000000e+00	8.076767e-04	1.937847e-08	5.287638e-03	1.962176e+07	4.707821e+02	1.284583e+08	
4.750000e+00	2.436403e+10	4.585999e+10	1.810854e+01	4.712389e+01	3.448503e+01	1.904351e+00	4.128335e-01	0.000000e+00	0.000000e+00	0.000000e+00	8.123581e-04	1.914487e-08	5.293756e-03	1.979231e+07	4.664462e+02	1.289772e+08	
4.800000e+00	2.446433e+10	4.638919e+10	1.811022e+01	4.712389e+01	3.448821e+01	1.904351e+00	4.050922e-01	0.000000e+00	0.000000e+00	0.000000e+00	8.176946e-04	1.901585e-08	5.298176e-03	2.000435e+07	4.652101e+02	1.296163e+08	
4.850000e+00	2.455742e+10	4.717200e+10	1.810685e+01	4.712389e+01	3.448179e+01	1.904351e+00	4.046013e-01	0.000000e+00	0.000000e+00	0.000000e+00	8.230461e-04	1.897519e-08	5.302904e-03	2.021189e+07	4.659817e+02	1.302256e+08	
4.900000e+00	2.465049e+10	4.640468e+10	1.810377e+01	4.712389e+01	3.447593e+01	1.904351e+00	3.995545e-01	0.000000e+00	0.000000e+00	0.000000e+00	8.285265e-04	1.909908e-08	5.307618e-03	2.042358e+07	4.708017e+02	1.308354e+08	
4.950000e+00	2.473937e+10	4.805339e+10	1.809793e+01	4.712389e+01	3.446482e+01	1.904351e+00	4.042318e-01	0.000000e+00	0.000000e+00	0.000000e+00	8.329134e-04	1.916214e-08	5.312064e-03	2.060575e+07	4.740593e+02	1.314171e+08	
5.000000e+00	2.483321e+10	5.140540e+10	1.809603e+01	4.712389e+01	3.446120e+01	1.904351e+00	3.998646e-01	0.000000e+00	0.000000e+00	0.000000e+00	8.380820e-04	1.930872e-08	5.316190e-03	2.081227e+07	4.794975e+02	1.320181e+08	
5.050000e+00	2.492335e+10	5.166310e+10	1.809172e+01	4.712389e+01	3.445300e+01	1.904351e+00	4.064489e-01	0.000000e+00	0.000000e+00	0.000000e+00	8.455790e-04	1.970882e-08	5.320305e-03	2.107466e+07	4.912097e+02	1.325998e+08	
5.100000e+00	2.501997e+10	5.156916e+10	1.809241e+01	4.712389e+01	3.445431e+01	1.904351e+00	4.126653e-01	0.000000e+00	0.000000e+00	0.000000e+00	8.524811e-04	2.001491e-08	5.324107e-03	2.132905e+07	5.007725e+02	1.332090e+08	
5.150000e+00	2.512214e+10	5.224512e+10	1.809735e+01	4.712389e+01	3.446370e+01	1.904351e+00	4.336100e-01	0.000000e+00	0.000000e+00	0.000000e+00	8.582565e-04	2.031875e-08	5.328102e-03	2.156124e+07	5.104504e+02	1.338533e+08	
5.200000e+00	2.524264e+10	5.506894e+10	1.811566e+01	4.712389e+01	3.449858e+01	1.904351e+00	4.355737e-01	0.000000e+00	0.000000e+00	0.000000e+00	8.636388e-04	2.055868e-08	5.331266e-03	2.180052e+07	5.189552e+02	1.345752e+08	
5.250000e+00	2.536266e+10	5.675082e+10	1.813375e+01	4.712389e+01	3.453303e+01	1.904351e+00	4.365275e-01	0.000000e+00	0.000000e+00	0.000000e+00	8.706441e-04	2.093731e-08	5.335043e-03	2.208185e+07	5.310258e+02	1.353109e+08	
5.300000e+00	2.548130e+10	5.804419e+10	1.815098e+01	4.712389e+01	3.456584e+01	1.904351e+00	4.357483e-01	0.000000e+00	0.000000e+00	0.000000e+00	8.784579e-04	2.139389e-08	5.339566e-03	2.238425e+07	5.451443e+02	1.360591e+08	
5.350000e+00	2.559712e+10	5.823889e+10	1.816632e+01	4.712389e+01	3.459505e+01	1.904351e+00	4.296324e-01	0.000000e+00	0.000000e+00	0.000000e+00	8.866175e-04	2.181391e-08	5.344770e-03	2.269486e+07	5.583734e+02	1.368107e+08	
5.400000e+00	2.570549e+10	6.020105e+10	1.817653e+01	4.712389e+01	3.461449e+01	1.904351e+00	4.392678e-01	0.000000e+00	0.000000e+00	0.000000e+00	8.947660e-04	2.205768e-08	5.350042e-03	2.300040e+07	5.670034e+02	1.375254e+08	
5.450000e+00	2.582135e+10	6.151998e+10	1.819218e+01	4.712389e+01	3.464430e+01	1.904351e+00	4.376329e-01	0.000000e+00	0.000000e+00	0.000000e+00	9.038686e-04	2.241198e-08	5.356161e-03	2.333911e+07	5.787075e+02	1.383033e+08	
5.500000e+00	2.593380e+10	6.214615e+10	1.820556e+01	4.712389e+01	3.466978e+01	1.904351e+00	4.363695e-01	0.000000e+00	0.000000e+00	0.000000e+00	9.133396e-04	2.273272e-08	5.362283e-03	2.368636e+07	5.895457e+02	1.390644e+08	
5.550000e+00	2.604344e+10	6.500845e+10	1.821712e+01	4.712389e+01	3.469179e+01	1.904351e+00	4.462282e-01	0.000000e+00	0.000000e+00	0.000000e+00	9.223994e-04	2.301352e-08	5.368324e-03	2.402245e+07	5.993512e+02	1.398096e+08	
5.600000e+00	2.616064e+10	6.843906e+10	1.823409e+01	4.712389e+01	3.472411e+01	1.904351e+00	4.623609e-01	0.000000e+00	0.000000e+00	0.000000e+00	9.329742e-04	2.331596e-08	5.374177e-03	2.440720e+07	6.099605e+02	1.405919e+08	
5.650000e+00	2.629046e+10	6.904476e+10	1.825994e+01	4.712389e+01	3.477334e+01	1.904351e+00	4.565541e-01	0.000000e+00	0.000000e+00	0.000000e+00	9.450708e-04	2.372990e-08	5.381045e-03	2.484635e+07	6.238701e+02	1.414702e+08	
5.700000e+00	2.641182e+10	6.993234e+10	1.827998e+01	4.712389e+01	3.481150e+01	1.904351e+00	4.393344e-01	0.000000e+00	0.000000e+00	0.000000e+00	9.568144e-04	2.413051e-08	5.387996e-03	2.527122e+07	6.373307e+02	1.423068e+08	
5.750000e+00	2.651500e+10	6.978191e+10	1.828755e+01	4.712389e+01	3.482592e+01	1.904351e+00	4.354402e-01	0.000000e+00	0.000000e+00	0.000000e+00	9.689784e-04	2.439602e-08	5.395260e-03	2.569246e+07	6.468605e+02	1.430553e+08	
5.800000e+00	2.661367e+10	6.942154e+10	1.829221e+01	4.712389e+01	3.483479e+01	1.904351e+00	4.375228e-01	0.000000e+00	0.000000e+00	0.000000e+00	9.801363e-04	2.447566e-08	5.402124e-03	2.608503e+07	6.513871e+02	1.437704e+08	
5.850000e+00	2.671368e+10	6.969724e+10	1.829796e+01	4.712389e+01	3.484574e+01	1.904351e+00	4.514708e-01	0.000000e+00	0.000000e+00	0.000000e+00	9.901716e-04	2.453182e-08	5.408507e-03	2.645113e+07	6.553353e+02	1.444811e+08	
5.900000e+00	2.682574e+10	6.968977e+10	1.831211e+01	4.712389e+01	3.487269e+01	1.904351e+00	4.447454e-01	0.000000e+00	0.000000e+00	0.000000e+00	9.990982e-04	2.461253e-08	5.414882e-03	2.680155e+07	6.602494e+02	1.452582e+08	
5.950000e+00	2.692991e+10	6.920457e+10	1.832100e+01	4.712389e+01	3.488963e+01	1.904351e+00	4.394571e-01	0.000000e+00	0.000000e+00	0.000000e+00	1.007719e-03	2.471378e-08	5.421222e-03	2.713778e+07	6.655397e+02	1.459930e+08	
6.000000e+00	2.702813e+10	7.084455e+10	1.832602e+01	4.712389e+01	3.489918e+01	1.904351e+00	4.382253e-01	0.000000e+00	0.000000e+00	0.000000e+00	1.015425e-03	2.479056e-08	5.427419e-03	2.744503e+07	6.700425e+02	1.466930e+08	
6.050000e+00	2.712462e+10	7.140428e+10	1.833003e+01	4.712389e+01	3.490682e+01	1.904351e+00	4.497102e-01	0.000000e+00	0.000000e+00	0.000000e+00	1.024044e-03	2.484522e-08	5.433495e-03	2.777680e+07	6.739171e+02	1.473815e+08	
6.100000e+00	2.723113e+10	7.057444e+10	1.834098e+01	4.712389e+01	3.492766e+01	1.904351e+00	4.424176e-01	0.000000e+00	0.000000e+00	0.000000e+00	1.031690e-03	2.494527e-08	5.439745e-03	2.809408e+07	6.792878e+02	1.481304e+08	
6.150000e+00	2.732961e+10	6.986485e+10	1.834666e+01	4.712389e+01	3.493848e+01	1.904351e+00	4.158734e-01	0.000000e+00	0.000000e+00	0.000000e+00	1.038212e-03	2.505832e-08	5.445708e-03	2.837392e+07	6.848341e+02	1.488291e+08	
6.200000e+00	2.740304e+10	6.940437e+10	1.833574e+01	4.712389e+01	3.491768e+01	1.904351e+00	4.165650e-01	0.000000e+00	0.000000e+00	0.000000e+00	1.043872e-03	2.514395e-08	5.451371e-03	2.860526e+07	6.890206e+02	1.493842e+08	
6.250000e+00	2.747847e+10	7.001897e+10	1.832641e+01	4.712389e+01	3.489992e+01	1.904351e+00	4.307347e-01	0.000000e+00	0.000000e+00	0.000000e+00	1.048939e-03	2.510098e-08	5.456605e-03	2.882324e+07	6.897365e+02	1.499391e+08	
6.300000e+00	2.756803e+10	7.092487e+10	1.832674e+01	4.712389e+01	3.490055e+01	1.904351e+00	4.303086e-01	0.000000e+00	0.000000e+00	0.000000e+00	1.052835e-03	2.511968e-08	5.460868e-03	2.902460e+07	6.925003e+02	1.505454e+08	
6.350000e+00	2.765717e+10	7.027025e+10	1.832697e+01	4.712389e+01	3.490099e+01	1.904351e+00	4.264572e-01	0.000000e+00	0.000000e+00	0.000000e+00	1.057066e-03	2.510727e-08	5.464983e-03	2.923544e+07	6.943962e+02	1.511460e+08	
6.400000e+00	2.774275e+10	6.907418e+10	1.832504e+01	4.712389e+01	3.489732e+01	1.904351e+00	4.181586e-01	0.000000e+00	0.000000e+00	0.000000e+00	1.060475e-03	2.503859e-08	5.468900e-03	2.942050e+07	6.946394e+02	1.517223e+08	
6.450000e+00	2.782097e+10	6.850414e+10	1.831846e+01	4.712389e+01	3.488478e+01	1.904351e+00	4.179218e-01	0.000000e+00	0.000000e+00	0.000000e+00	1.062588e-03	2.484850e-08	5.472289e-03	2.956221e+07	6.913093e+02	1.522444e+08	
6.500000e+00	2.789978e+10	6.860928e+10	1.831250e+01	4.712389e+01	3.487343e+01	1.904351e+00	4.186949e-01	0.000000e+00	0.000000e+00	0.000000e+00	1.063779e-03	2.464940e-08	5.475003e-03	2.967921e+07	6.877129e+02	1.527514e+08	
6.550000e+00	2.798005e+10	6.825315e+10	1.830770e+01	4.712389e+01	3.486429e+01	1.904351e+00	4.243332e-01	0.000000e+00	0.000000e+00	0.000000e+00	1.064478e-03	2.447122e-08	5.477464e-03	2.978414e+07	6.847060e+02	1.532597e+08	
6.600000e+00	2.806607e+10	6.670083e+10	1.830687e+01	4.712389e+01	3.486270e+01	1.904351e+00	4.096047e-01	0.000000e+00	0.000000e+00	0.000000e+00	1.064073e-03	2.443133e-08	5.479722e-03	2.986434e+07	6.856915e+02	1.537943e+08	
6.650000e+00	2.813872e+10	6.698917e+10	1.829751e+01	4.712389e+01	3.484489e+01	1.904351e+00	4.118363e-01	0.000000e+00	0.000000e+00	0.000000e+00	1.062386e-03	2.436670e-08	5.481824e-03	2.989419e+07	6.856478e+02	1.542515e+08	
6.700000e+00	2.821457e+10	6.484987e+10	1.829047e+01	4.712389e+01	3.483148e+01	1.904351e+00	4.054231e-01	0.000000e+00	0.000000e+00	0.000000e+00	1.060900e-03	2.425397e-08	5.483661e-03	2.993285e+07	6.843153e+02	1.547191e+08	
6.750000e+00	2.828544e+10	6.524977e+10	1.828042e+01	4.712389e+01	3.481235e+01	1.904351e+00	4.066465e-01	0.000000e+00	0.000000e+00	0.000000e+00	1.057726e-03	2.401794e-08	5.485017e-03	2.991823e+07	6.793579e+02	1.551461e+08	
6.800000e+00	2.835868e+10	6.920887e+10	1.827213e+01	4.712389e+01	3.479656e+01	1.904351e+00	4.181690e-01	0.000000e+00	0.000000e+00	0.000000e+00	1.054902e-03	2.380253e-08	5.486290e-03	2.991564e+07	6.750081e+02	1.555839e+08	
6.850000e+00	2.844348e+10	7.119850e+10	1.827149e+01	4.712389e+01	3.479533e+01	1.904351e+00	4.324649e-01	0.000000e+00	0.000000e+00	0.000000e+00	1.054684e-03	2.377625e-08	5.487935e-03	2.999889e+07	6.762791e+02	1.560960e+08	
6.900000e+00	2.854142e+10	7.237417e+10	1.827943e+01	4.712389e+01	3.481045e+01	1.904351e+00	4.286631e-01	0.000000e+00	0.000000e+00	0.000000e+00	1.055221e-03	2.379064e-08	5.489363e-03	3.011750e+07	6.790188e+02	1.566742e+08	
6.950000e+00	2.863491e+10	7.290645e+10	1.828464e+01	4.712389e+01	3.482038e+01	1.904351e+00	4.308665e-01	0.000000e+00	0.000000e+00	0.000000e+00	1.056702e-03	2.380548e-08	5.491161e-03	3.025855e+07	6.816678e+02	1.572389e+08	
7.000000e+00	2.872976e+10	7.599261e+10	1.829085e+01	4.712389e+01	3.483221e+01	1.904351e+00	4.352912e-01	0.000000e+00	0.000000e+00	0.000000e+00	1.058253e-03	2.375622e-08	5.492722e-03	3.040335e+07	6.825106e+02	1.578046e+08	
7.050000e+00	2.882790e+10	7.777650e+10	1.829927e+01	4.712389e+01	3.484824e+01	1.904351e+00	4.265118e-01	0.000000e+00	0.000000e+00	0.000000e+00	1.061610e-03	2.384798e-08	5.494785e-03	3.060399e+07	6.874870e+02	1.584031e+08	
7.100000e+00	2.891696e+10	8.125039e+10	1.830205e+01	4.712389e+01	3.485354e+01	1.904351e+00	4.536206e-01	0.000000e+00	0.000000e+00	0.000000e+00	1.066014e-03	2.386795e-08	5.497024e-03	3.082587e+07	6.901885e+02	1.589572e+08	
7.150000e+00	2.903048e+10	8.315346e+10	1.832042e+01	4.712389e+01	3.488850e+01	1.904351e+00	4.434730e-01	0.000000e+00	0.000000e+00	0.000000e+00	1.071628e-03	2.414678e-08	5.499257e-03	3.110989e+07	7.009927e+02	1.596461e+08	
7.200000e+00	2.913246e+10	8.427372e+10	1.833156e+01	4.712389e+01	3.490973e+01	1.904351e+00	4.315683e-01	0.000000e+00	0.000000e+00	0.000000e+00	1.078396e-03	2.430340e-08	5.502010e-03	3.141634e+07	7.080178e+02	1.602871e+08	
7.250000e+00	2.922216e+10	8.376448e+10	1.833509e+01	4.712389e+01	3.491644e+01	1.904351e+00	4.225585e-01	0.000000e+00	0.000000e+00	0.000000e+00	1.085486e-03	2.442617e-08	5.504927e-03	3.172024e+07	7.137853e+02	1.608658e+08	
7.300000e+00	2.930316e+10	8.356885e+10	1.833330e+01	4.712389e+01	3.491304e+01	1.904351e+00	4.198454e-01	0.000000e+00	0.000000e+00	0.000000e+00	1.091634e-03	2.430493e-08	5.507688e-03	3.198832e+07	7.122113e+02	1.613926e+08	
7.350000e+00	2.938189e+10	8.334508e+10	1.833026e+01	4.712389e+01	3.490726e+01	1.904351e+00	4.184375e-01	0.000000e+00	0.000000e+00	0.000000e+00	1.097430e-03	2.407247e-08	5.510481e-03	3.224456e+07	7.072948e+02	1.619084e+08	
7.400000e+00	2.945971e+10	8.355286e+10	1.832682e+01	4.712389e+01	3.490071e+01	1.904351e+00	4.199186e-01	0.000000e+00	0.000000e+00	0.000000e+00	1.102319e-03	2.379195e-08	5.512939e-03	3.247402e+07	7.009039e+02	1.624096e+08	
7.450000e+00	2.953932e+10	8.343285e+10	1.832465e+01	4.712389e+01	3.489658e+01	1.904351e+00	4.204913e-01	0.000000e+00	0.000000e+00	0.000000e+00	1.106742e-03	2.354265e-08	5.515240e-03	3.269240e+07	6.954338e+02	1.629164e+08	
7.500000e+00	2.961972e+10	8.193337e+10	1.832313e+01	4.712389e+01	3.489368e+01	1.904351e+00	4.192478e-01	0.000000e+00	0.000000e+00	0.000000e+00	1.110277e-03	2.332150e-08	5.517274e-03	3.288608e+07	6.907762e+02	1.634201e+08	
7.550000e+00	2.969917e+10	8.207081e+10	1.832118e+01	4.712389e+01	3.488996e+01	1.904351e+00	4.067898e-01	0.000000e+00	0.000000e+00	0.000000e+00	1.112216e-03	2.311861e-08	5.518958e-03	3.303190e+07	6.866037e+02	1.639085e+08	
7.600000e+00	2.976745e+10	8.411467e+10	1.831250e+01	4.712389e+01	3.487343e+01	1.904351e+00	4.147462e-01	0.000000e+00	0.000000e+00	0.000000e+00	1.114369e-03	2.289990e-08	5.520583e-03	3.317192e+07	6.816718e+02	1.643337e+08	
7.650000e+00	2.984410e+10	8.654473e+10	1.830915e+01	4.712389e+01	3.486705e+01	1.904351e+00	4.199683e-01	0.000000e+00	0.000000e+00	0.000000e+00	1.117423e-03	2.271616e-08	5.522048e-03	3.334850e+07	6.779434e+02	1.648006e+08	
7.700000e+00	2.992595e+10	8.740713e+10	1.830913e+01	4.712389e+01	3.486701e+01	1.904351e+00	4.219487e-01	0.000000e+00	0.000000e+00	0.000000e+00	1.121800e-03	2.257407e-08	5.523654e-03	3.357094e+07	6.755504e+02	1.653006e+08	
7.750000e+00	3.000961e+10	8.807050e+10	1.831036e+01	4.712389e+01	3.486935e+01	1.904351e+00	4.230303e-01	0.000000e+00	0.000000e+00	0.000000e+00	1.126252e-03	2.245503e-08	5.525284e-03	3.379838e+07	6.738668e+02	1.658116e+08	
7.800000e+00	3.009412e+10	8.963149e+10	1.831222e+01	4.712389e+01	3.487290e+01	1.904351e+00	4.290977e-01	0.000000e+00	0.000000e+00	0.000000e+00	1.130610e-03	2.235365e-08	5.526911e-03	3.402471e+07	6.727134e+02	1.663275e+08	
7.850000e+00	3.018394e+10	9.044191e+10	1.831744e+01	4.712389e+01	3.488284e+01	1.904351e+00	4.337259e-01	0.000000e+00	0.000000e+00	0.000000e+00	1.135337e-03	2.232366e-08	5.528481e-03	3.426896e+07	6.738160e+02	1.668713e+08	
7.900000e+00	3.027736e+10	9.334534e+10	1.832494e+01	4.712389e+01	3.489711e+01	1.904351e+00	4.408474e-01	0.000000e+00	0.000000e+00	0.000000e+00	1.139828e-03	2.240944e-08	5.530279e-03	3.451098e+07	6.784986e+02	1.674422e+08	
7.950000e+00	3.037638e+10	9.296521e+10	1.833590e+01	4.712389e+01	3.491800e+01	1.904351e+00	4.289310e-01	0.000000e+00	0.000000e+00	0.000000e+00	1.145434e-03	2.261772e-08	5.532603e-03	3.479413e+07	6.870443e+02	1.680604e+08	
8.000000e+00	3.046312e+10	9.303034e+10	1.833955e+01	4.712389e+01	3.492495e+01	1.904351e+00	4.238158e-01	0.000000e+00	0.000000e+00	0.000000e+00	1.149896e-03	2.271747e-08	5.534840e-03	3.502942e+07	6.920450e+02	1.686085e+08	
8.050000e+00	3.054472e+10	9.306446e+10	1.834022e+01	4.712389e+01	3.492622e+01	1.904351e+00	4.231740e-01	0.000000e+00	0.000000e+00	0.000000e+00	1.154019e-03	2.270492e-08	5.537005e-03	3.524918e+07	6.935153e+02	1.691262e+08	
8.100000e+00	3.062564e+10	9.267573e+10	1.834061e+01	4.712389e+01	3.492697e+01	1.904351e+00	4.194468e-01	0.000000e+00	0.000000e+00	0.000000e+00	1.157655e-03	2.263844e-08	5.538958e-03	3.545392e+07	6.933169e+02	1.696341e+08	
8.150000e+00	3.070310e+10	9.478914e+10	1.833906e+01	4.712389e+01	3.492400e+01	1.904351e+00	4.229027e-01	0.000000e+00	0.000000e+00	0.000000e+00	1.160674e-03	2.247123e-08	5.540835e-03	3.563629e+07	6.899367e+02	1.701208e+08	
8.200000e+00	3.078393e+10	9.542098e+10	1.833963e+01	4.712389e+01	3.492510e+01	1.904351e+00	4.359734e-01	0.000000e+00	0.000000e+00	0.000000e+00	1.164840e-03	2.232098e-08	5.542708e-03	3.585836e+07	6.871275e+02	1.706263e+08	
8.250000e+00	3.087667e+10	9.538155e+10	1.834741e+01	4.712389e+01	3.493992e+01	1.904351e+00	4.304985e-01	0.000000e+00	0.000000e+00	0.000000e+00	1.168245e-03	2.221483e-08	5.544739e-03	3.607150e+07	6.859199e+02	1.712030e+08	
8.300000e+00	3.096342e+10	9.578291e+10	1.835173e+01	4.712389e+01	3.494813e+01	1.904351e+00	4.309492e-01	0.000000e+00	0.000000e+00	0.000000e+00	1.171351e-03	2.214222e-08	5.546906e-03	3.626902e+07	6.855989e+02	1.717512e+08	
8.350000e+00	3.105005e+10	9.440156e+10	1.835607e+01	4.712389e+01	3.495640e+01	1.904351e+00	4.456544e-01	0.000000e+00	0.000000e+00	0.000000e+00	1.174506e-03	2.213870e-08	5.549255e-03	3.646849e+07	6.874078e+02	1.723047e+08	
8.400000e+00	3.114965e+10	9.389300e+10	1.836815e+01	4.712389e+01	3.497940e+01	1.904351e+00	4.367823e-01	0.000000e+00	0.000000e+00	0.000000e+00	1.175731e-03	2.209570e-08	5.550598e-03	3.662360e+07	6.882732e+02	1.728992e+08	
8.450000e+00	3.123961e+10	9.504688e+10	1.837462e+01	4.712389e+01	3.499172e+01	1.904351e+00	4.358323e-01	0.000000e+00	0.000000e+00	0.000000e+00	1.176082e-03	2.210179e-08	5.552269e-03	3.674034e+07	6.904513e+02	1.734507e+08	
8.500000e+00	3.132790e+10	9.512254e+10	1.838019e+01	4.712389e+01	3.500234e+01	1.904351e+00	4.335249e-01	0.000000e+00	0.000000e+00	0.000000e+00	1.176956e-03	2.219185e-08	5.554400e-03	3.687157e+07	6.952240e+02	1.740077e+08	
8.550000e+00	3.141338e+10	9.624414e+10	1.838421e+01	4.712389e+01	3.500999e+01	1.904351e+00	4.451706e-01	0.000000e+00	0.000000e+00	0.000000e+00	1.177350e-03	2.229202e-08	5.556555e-03	3.698456e+07	7.002679e+02	1.745502e+08	
8.600000e+00	3.150907e+10	9.562695e+10	1.839428e+01	4.712389e+01	3.502917e+01	1.904351e+00	4.399977e-01	0.000000e+00	0.000000e+00	0.000000e+00	1.177825e-03	2.249196e-08	5.558749e-03	3.711219e+07	7.087007e+02	1.751510e+08	
8.650000e+00	3.159877e+10	9.589199e+10	1.840093e+01	4.712389e+01	3.504183e+01	1.904351e+00	4.334559e-01	0.000000e+00	0.000000e+00	0.000000e+00	1.177404e-03	2.267390e-08	5.560923e-03	3.720453e+07	7.164672e+02	1.757183e+08	
8.700000e+00	3.168162e+10	9.615141e+10	1.840368e+01	4.712389e+01	3.504707e+01	1.904351e+00	4.318333e-01	0.000000e+00	0.000000e+00	0.000000e+00	1.177449e-03	2.275778e-08	5.563142e-03	3.730349e+07	7.210032e+02	1.762494e+08	
8.750000e+00	3.176264e+10	9.571772e+10	1.840547e+01	4.712389e+01	3.505047e+01	1.904351e+00	4.258445e-01	0.000000e+00	0.000000e+00	0.000000e+00	1.177759e-03	2.284473e-08	5.565385e-03	3.740875e+07	7.256091e+02	1.767713e+08	
8.800000e+00	3.183794e+10	9.600579e+10	1.840404e+01	4.712389e+01	3.504776e+01	1.904351e+00	4.146190e-01	0.000000e+00	0.000000e+00	0.000000e+00	1.178156e-03	2.283233e-08	5.567703e-03	3.751005e+07	7.269342e+02	1.772642e+08	
8.850000e+00	3.190307e+10	9.786525e+10	1.839688e+01	4.712389e+01	3.503412e+01	1.904351e+00	4.205453e-01	0.000000e+00	0.000000e+00	0.000000e+00	1.179194e-03	2.265894e-08	5.569927e-03	3.761990e+07	7.228900e+02	1.776978e+08	
8.900000e+00	3.197455e+10	9.884134e+10	1.839351e+01	4.712389e+01	3.502770e+01	1.904351e+00	4.246687e-01	0.000000e+00	0.000000e+00	0.000000e+00	1.180624e-03	2.258975e-08	5.572131e-03	3.774994e+07	7.222973e+02	1.781664e+08	
8.950000e+00	3.205024e+10	1.003151e+11	1.839268e+01	4.712389e+01	3.502612e+01	1.904351e+00	4.261703e-01	0.000000e+00	0.000000e+00	0.000000e+00	1.182175e-03	2.249949e-08	5.573811e-03	3.788900e+07	7.211141e+02	1.786420e+08	
9.000000e+00	3.212742e+10	1.010864e+11	1.839281e+01	4.712389e+01	3.502636e+01	1.904351e+00	4.177043e-01	0.000000e+00	0.000000e+00	0.000000e+00	1.184289e-03	2.242785e-08	5.575602e-03	3.804815e+07	7.205489e+02	1.791297e+08	
9.050000e+00	3.219679e+10	1.003820e+11	1.838858e+01	4.712389e+01	3.501832e+01	1.904351e+00	4.151433e-01	0.000000e+00	0.000000e+00	0.000000e+00	1.186243e-03	2.228568e-08	5.577251e-03	3.819321e+07	7.175274e+02	1.795696e+08	
9.100000e+00	3.226434e+10	1.027138e+11	1.838344e+01	4.712389e+01	3.500853e+01	1.904351e+00	4.321369e-01	0.000000e+00	0.000000e+00	0.000000e+00	1.187401e-03	2.207039e-08	5.578685e-03	3.831069e+07	7.120865e+02	1.799926e+08	
9.150000e+00	3.234814e+10	1.030890e+11	1.838767e+01	4.712389e+01	3.501658e+01	1.904351e+00	4.280815e-01	0.000000e+00	0.000000e+00	0.000000e+00	1.189165e-03	2.208160e-08	5.580469e-03	3.846729e+07	7.142986e+02	1.805178e+08	
9.200000e+00	3.242770e+10	1.034759e+11	1.838957e+01	4.712389e+01	3.502020e+01	1.904351e+00	4.248200e-01	0.000000e+00	0.000000e+00	0.000000e+00	1.190757e-03	2.204530e-08	5.582236e-03	3.861352e+07	7.148782e+02	1.810190e+08	
9.250000e+00	3.250401e+10	1.047599e+11	1.838973e+01	4.712389e+01	3.502051e+01	1.904351e+00	4.260245e-01	0.000000e+00	0.000000e+00	0.000000e+00	1.192311e-03	2.196141e-08	5.583997e-03	3.875490e+07	7.138341e+02	1.815023e+08	
9.300000e+00	3.258142e+10	1.063460e+11	1.839061e+01	4.712389e+01	3.502217e+01	1.904351e+00	4.286855e-01	0.000000e+00	0.000000e+00	0.000000e+00	1.194113e-03	2.190559e-08	5.585762e-03	3.890590e+07	7.137152e+02	1.819921e+08	
9.350000e+00	3.266117e+10	1.109438e+11	1.839289e+01	4.712389e+01	3.502653e+01	1.904351e+00	4.545915e-01	0.000000e+00	0.000000e+00	0.000000e+00	1.196287e-03	2.189602e-08	5.587574e-03	3.907213e+07	7.151494e+02	1.824967e+08	
9.400000e+00	3.276445e+10	1.130606e+11	1.840850e+01	4.712389e+01	3.505624e+01	1.904351e+00	4.556623e-01	0.000000e+00	0.000000e+00	0.000000e+00	1.200499e-03	2.219362e-08	5.589952e-03	3.933369e+07	7.271616e+02	1.831517e+08	
9.450000e+00	3.286681e+10	1.131627e+11	1.842360e+01	4.712389e+01	3.508501e+01	1.904351e+00	4.488067e-01	0.000000e+00	0.000000e+00	0.000000e+00	1.205273e-03	2.254218e-08	5.592771e-03	3.961347e+07	7.408897e+02	1.838165e+08	
9.500000e+00	3.296101e+10	1.160221e+11	1.843417e+01	4.712389e+01	3.510514e+01	1.904351e+00	4.521649e-01	0.000000e+00	0.000000e+00	0.000000e+00	1.209390e-03	2.277043e-08	5.595644e-03	3.986271e+07	7.505364e+02	1.844381e+08	
9.550000e+00	3.305700e+10	1.179343e+11	1.844580e+01	4.712389e+01	3.512727e+01	1.904351e+00	4.558043e-01	0.000000e+00	0.000000e+00	0.000000e+00	1.213804e-03	2.302394e-08	5.598542e-03	4.012471e+07	7.611025e+02	1.850710e+08	
9.600000e+00	3.315492e+10	1.192625e+11	1.845853e+01	4.712389e+01	3.515153e+01	1.904351e+00	4.557680e-01	0.000000e+00	0.000000e+00	0.000000e+00	1.218120e-03	2.334193e-08	5.601673e-03	4.038667e+07	7.738999e+02	1.857230e+08	
9.650000e+00	3.325126e+10	1.188706e+11	1.847042e+01	4.712389e+01	3.517417e+01	1.904351e+00	4.499807e-01	0.000000e+00	0.000000e+00	0.000000e+00	1.222155e-03	2.364696e-08	5.605092e-03	4.063818e+07	7.862911e+02	1.863764e+08	
9.700000e+00	3.334079e+10	1.212255e+11	1.847858e+01	4.712389e+01	3.518972e+01	1.904351e+00	4.543148e-01	0.000000e+00	0.000000e+00	0.000000e+00	1.225025e-03	2.382404e-08	5.608249e-03	4.084331e+07	7.943123e+02	1.869834e+08	
9.750000e+00	3.343332e+10	1.207281e+11	1.848846e+01	4.712389e+01	3.520853e+01	1.904351e+00	4.406983e-01	0.000000e+00	0.000000e+00	0.000000e+00	1.228261e-03	2.402532e-08	5.611302e-03	4.106486e+07	8.032461e+02	1.876045e+08	
9.800000e+00	3.351206e+10	1.198804e+11	1.849078e+01	4.712389e+01	3.521293e+01	1.904351e+00	4.267771e-01	0.000000e+00	0.000000e+00	0.000000e+00	1.230476e-03	2.408054e-08	5.614232e-03	4.123577e+07	8.069885e+02	1.881445e+08	
9.850000e+00	3.357764e+10	1.209610e+11	1.848593e+01	4.712389e+01	3.520370e+01	1.904351e+00	4.345167e-01	0.000000e+00	0.000000e+00	0.000000e+00	1.232004e-03	2.405073e-08	5.616898e-03	4.136778e+07	8.075666e+02	1.886022e+08	
9.900000e+00	3.365098e+10	1.214888e+11	1.848545e+01	4.712389e+01	3.520279e+01	1.904351e+00	4.233081e-01	0.000000e+00	0.000000e+00	0.000000e+00	1.233367e-03	2.402899e-08	5.619449e-03	4.150399e+07	8.085990e+02	1.890999e+08	
9.950000e+00	3.371401e+10	1.218258e+11	1.847942e+01	4.712389e+01	3.519130e+01	1.904351e+00	4.226505e-01	0.000000e+00	0.000000e+00	0.000000e+00	1.234756e-03	2.404933e-08	5.622507e-03	4.162859e+07	8.107994e+02	1.895573e+08	
1.000000e+01	3.377719e+10	1.212757e+11	1.847358e+01	4.712389e+01	3.518018e+01	1.904351e+00	4.251780e-01	0.000000e+00	0.000000e+00	0.000000e+00	1.235830e-03	2.394609e-08	5.625074e-03	4.174287e+07	8.088315e+02	1.899992e+08	
1.005000e+01	3.384342e+10	1.211733e+11	1.846952e+01	4.712389e+01	3.517245e+01	1.904351e+00	4.308318e-01	0.000000e+00	0.000000e+00	0.000000e+00	1.236264e-03	2.374969e-08	5.627232e-03	4.183939e+07	8.037707e+02	1.904448e+08	
1.010000e+01	3.391538e+10	1.220327e+11	1.846868e+01	4.712389e+01	3.517086e+01	1.904351e+00	4.473499e-01	0.000000e+00	0.000000e+00	0.000000e+00	1.235949e-03	2.360086e-08	5.629096e-03	4.191767e+07	8.004321e+02	1.909129e+08	
1.015000e+01	3.400269e+10	1.219494e+11	1.847628e+01	4.712389e+01	3.518533e+01	1.904351e+00	4.447067e-01	0.000000e+00	0.000000e+00	0.000000e+00	1.235002e-03	2.354867e-08	5.631136e-03	4.199341e+07	8.007183e+02	1.914738e+08	
1.020000e+01	3.408663e+10	1.239837e+11	1.848211e+01	4.712389e+01	3.519642e+01	1.904351e+00	4.861481e-01	0.000000e+00	0.000000e+00	0.000000e+00	1.233619e-03	2.354444e-08	5.632986e-03	4.204992e+07	8.025506e+02	1.920095e+08	
1.025000e+01	3.420815e+10	1.256375e+11	1.850832e+01	4.712389e+01	3.524634e+01	1.904351e+00	4.857965e-01	0.000000e+00	0.000000e+00	0.000000e+00	1.232808e-03	2.372937e-08	5.635652e-03	4.217209e+07	8.117381e+02	1.927852e+08	
1.030000e+01	3.432618e+10	1.257872e+11	1.853262e+01	4.712389e+01	3.529262e+01	1.904351e+00	4.754767e-01	0.000000e+00	0.000000e+00	0.000000e+00	1.232293e-03	2.401422e-08	5.638045e-03	4.229992e+07	8.243164e+02	1.935325e+08	
1.035000e+01	3.443170e+10	1.257872e+11	1.855017e+01	4.712389e+01	3.532603e+01	1.904351e+00	4.695420e-01	0.000000e+00	0.000000e+00	0.000000e+00	1.232108e-03	2.435364e-08	5.640835e-03	4.242359e+07	8.385374e+02	1.942236e+08	
1.040000e+01	3.452959e+10	1.230638e+11	1.856362e+01	4.712389e+01	3.535164e+01	1.904351e+00	4.764644e-01	0.000000e+00	0.000000e+00	0.000000e+00	1.232664e-03	2.468015e-08	5.643886e-03	4.256337e+07	8.521954e+02	1.948811e+08	
1.045000e+01	3.463227e+10	1.226576e+11	1.857966e+01	4.712389e+01	3.538220e+01	1.904351e+00	4.718085e-01	0.000000e+00	0.000000e+00	0.000000e+00	1.232171e-03	2.502579e-08	5.647236e-03	4.267287e+07	8.666999e+02	1.955766e+08	
1.050000e+01	3.472867e+10	1.245688e+11	1.859236e+01	4.712389e+01	3.540638e+01	1.904351e+00	4.884084e-01	0.000000e+00	0.000000e+00	0.000000e+00	1.232408e-03	2.539547e-08	5.650872e-03	4.279991e+07	8.819511e+02	1.962473e+08	
1.055000e+01	3.483896e+10	1.227220e+11	1.861251e+01	4.712389e+01	3.544475e+01	1.904351e+00	4.714043e-01	0.000000e+00	0.000000e+00	0.000000e+00	1.232895e-03	2.582237e-08	5.654256e-03	4.295277e+07	8.996245e+02	1.969884e+08	
1.060000e+01	3.493100e+10	1.245443e+11	1.862292e+01	4.712389e+01	3.546458e+01	1.904351e+00	4.821638e-01	0.000000e+00	0.000000e+00	0.000000e+00	1.232395e-03	2.607751e-08	5.657632e-03	4.304878e+07	9.109134e+02	1.976267e+08	
1.065000e+01	3.503178e+10	1.228583e+11	1.863802e+01	4.712389e+01	3.549334e+01	1.904351e+00	4.730283e-01	0.000000e+00	0.000000e+00	0.000000e+00	1.232754e-03	2.637705e-08	5.661657e-03	4.318556e+07	9.240350e+02	1.983379e+08	
1.070000e+01	3.512222e+10	1.210969e+11	1.864765e+01	4.712389e+01	3.551168e+01	1.904351e+00	4.725523e-01	0.000000e+00	0.000000e+00	0.000000e+00	1.233304e-03	2.662716e-08	5.665579e-03	4.331637e+07	9.352052e+02	1.989877e+08	
1.075000e+01	3.521105e+10	1.220886e+11	1.865646e+01	4.712389e+01	3.552846e+01	1.904351e+00	4.776519e-01	0.000000e+00	0.000000e+00	0.000000e+00	1.234025e-03	2.685340e-08	5.669393e-03	4.345131e+07	9.455363e+02	1.996253e+08	
1.080000e+01	3.530356e+10	1.196593e+11	1.866727e+01	4.712389e+01	3.554904e+01	1.904351e+00	4.660036e-01	0.000000e+00	0.000000e+00	0.000000e+00	1.235664e-03	2.719613e-08	5.673459e-03	4.362335e+07	9.601204e+02	2.002933e+08	
1.085000e+01	3.538389e+10	1.189937e+11	1.867168e+01	4.712389e+01	3.555743e+01	1.904351e+00	4.571540e-01	0.000000e+00	0.000000e+00	0.000000e+00	1.236366e-03	2.738857e-08	5.677355e-03	4.374746e+07	9.691144e+02	2.008869e+08	
1.090000e+01	3.545542e+10	1.195017e+11	1.867151e+01	4.712389e+01	3.555712e+01	1.904351e+00	4.558017e-01	0.000000e+00	0.000000e+00	0.000000e+00	1.236934e-03	2.744624e-08	5.681121e-03	4.385601e+07	9.731182e+02	2.014265e+08	
1.095000e+01	3.552571e+10	1.193212e+11	1.867077e+01	4.712389e+01	3.555570e+01	1.904351e+00	4.410617e-01	0.000000e+00	0.000000e+00	0.000000e+00	1.237531e-03	2.746707e-08	5.684658e-03	4.396416e+07	9.757874e+02	2.019515e+08	
1.100000e+01	3.558233e+10	1.184974e+11	1.866294e+01	4.712389e+01	3.554079e+01	1.904351e+00	4.506534e-01	0.000000e+00	0.000000e+00	0.000000e+00	1.238094e-03	2.730779e-08	5.687595e-03	4.405428e+07	9.716749e+02	2.023779e+08	
1.105000e+01	3.564886e+10	1.206524e+11	1.866040e+01	4.712389e+01	3.553596e+01	1.904351e+00	4.602168e-01	0.000000e+00	0.000000e+00	0.000000e+00	1.237636e-03	2.720247e-08	5.689656e-03	4.412030e+07	9.697371e+02	2.028298e+08	
1.110000e+01	3.572463e+10	1.230101e+11	1.866277e+01	4.712389e+01	3.554048e+01	1.904351e+00	4.868684e-01	0.000000e+00	0.000000e+00	0.000000e+00	1.238397e-03	2.714758e-08	5.691619e-03	4.424129e+07	9.698373e+02	2.033310e+08	
1.115000e+01	3.582498e+10	1.211294e+11	1.867803e+01	4.712389e+01	3.556952e+01	1.904351e+00	4.660552e-01	0.000000e+00	0.000000e+00	0.000000e+00	1.239979e-03	2.723555e-08	5.694580e-03	4.442221e+07	9.757131e+02	2.040082e+08	
1.120000e+01	3.590405e+10	1.216661e+11	1.868222e+01	4.712389e+01	3.557750e+01	1.904351e+00	4.630185e-01	0.000000e+00	0.000000e+00	0.000000e+00	1.241066e-03	2.720111e-08	5.697511e-03	4.455930e+07	9.766301e+02	2.045637e+08	
1.125000e+01	3.597977e+10	1.227426e+11	1.868473e+01	4.712389e+01	3.558228e+01	1.904351e+00	4.695803e-01	0.000000e+00	0.000000e+00	0.000000e+00	1.242122e-03	2.723433e-08	5.700349e-03	4.469126e+07	9.798849e+02	2.050972e+08	
1.130000e+01	3.606131e+10	1.235764e+11	1.869032e+01	4.712389e+01	3.559293e+01	1.904351e+00	4.661207e-01	0.000000e+00	0.000000e+00	0.000000e+00	1.243125e-03	2.734285e-08	5.702677e-03	4.482872e+07	9.860190e+02	2.056460e+08	
1.135000e+01	3.613894e+10	1.252229e+11	1.869393e+01	4.712389e+01	3.559981e+01	1.904351e+00	4.720248e-01	0.000000e+00	0.000000e+00	0.000000e+00	1.244363e-03	2.744152e-08	5.705100e-03	4.496995e+07	9.917072e+02	2.061763e+08	
1.140000e+01	3.622165e+10	1.266077e+11	1.870023e+01	4.712389e+01	3.561180e+01	1.904351e+00	4.783895e-01	0.000000e+00	0.000000e+00	0.000000e+00	1.245726e-03	2.763139e-08	5.707681e-03	4.512225e+07	1.000855e+03	2.067416e+08	
1.145000e+01	3.630954e+10	1.271995e+11	1.870924e+01	4.712389e+01	3.562896e+01	1.904351e+00	4.822424e-01	0.000000e+00	0.000000e+00	0.000000e+00	1.247659e-03	2.776476e-08	5.710829e-03	4.530191e+07	1.008126e+03	2.073576e+08	
1.150000e+01	3.639994e+10	1.272205e+11	1.871958e+01	4.712389e+01	3.564865e+01	1.904351e+00	4.682656e-01	0.000000e+00	0.000000e+00	0.000000e+00	1.248832e-03	2.789671e-08	5.713666e-03	4.545741e+07	1.015439e+03	2.079771e+08	
1.155000e+01	3.647601e+10	1.231624e+11	1.872259e+01	4.712389e+01	3.565439e+01	1.904351e+00	4.714827e-01	0.000000e+00	0.000000e+00	0.000000e+00	1.250522e-03	2.795300e-08	5.716641e-03	4.561405e+07	1.019614e+03	2.085203e+08	
1.160000e+01	3.655473e+10	1.188232e+11	1.872702e+01	4.712389e+01	3.566281e+01	1.904351e+00	4.811300e-01	0.000000e+00	0.000000e+00	0.000000e+00	1.251042e-03	2.796118e-08	5.719068e-03	4.573151e+07	1.022113e+03	2.090590e+08	
1.165000e+01	3.664194e+10	1.170023e+11	1.873583e+01	4.712389e+01	3.567961e+01	1.904351e+00	4.830282e-01	0.000000e+00	0.000000e+00	0.000000e+00	1.249997e-03	2.804271e-08	5.721155e-03	4.580233e+07	1.027539e+03	2.096342e+08	
1.170000e+01	3.672985e+10	1.162008e+11	1.874505e+01	4.712389e+01	3.569716e+01	1.904351e+00	4.660384e-01	0.000000e+00	0.000000e+00	0.000000e+00	1.248927e-03	2.817411e-08	5.723707e-03	4.587290e+07	1.034831e+03	2.102309e+08	
1.175000e+01	3.680073e+10	1.165387e+11	1.874562e+01	4.712389e+01	3.569824e+01	1.904351e+00	4.563408e-01	0.000000e+00	0.000000e+00	0.000000e+00	1.247727e-03	2.819319e-08	5.726041e-03	4.591728e+07	1.037530e+03	2.107225e+08	
1.180000e+01	3.686246e+10	1.175715e+11	1.874160e+01	4.712389e+01	3.569058e+01	1.904351e+00	4.429736e-01	0.000000e+00	0.000000e+00	0.000000e+00	1.246700e-03	2.813848e-08	5.728220e-03	4.595641e+07	1.037253e+03	2.111562e+08	
1.185000e+01	3.691214e+10	1.216604e+11	1.873155e+01	4.712389e+01	3.567145e+01	1.904351e+00	4.470855e-01	0.000000e+00	0.000000e+00	0.000000e+00	1.245454e-03	2.819262e-08	5.730306e-03	4.597236e+07	1.040650e+03	2.115179e+08	
1.190000e+01	3.696692e+10	1.258529e+11	1.872418e+01	4.712389e+01	3.565742e+01	1.904351e+00	4.536724e-01	0.000000e+00	0.000000e+00	0.000000e+00	1.245182e-03	2.815713e-08	5.732085e-03	4.603053e+07	1.040882e+03	2.118975e+08	
1.195000e+01	3.702876e+10	1.260103e+11	1.872049e+01	4.712389e+01	3.565038e+01	1.904351e+00	4.779436e-01	0.000000e+00	0.000000e+00	0.000000e+00	1.245385e-03	2.814044e-08	5.733669e-03	4.611506e+07	1.042006e+03	2.123107e+08	
1.200000e+01	3.711378e+10	1.284882e+11	1.872856e+01	4.712389e+01	3.566575e+01	1.904351e+00	4.961616e-01	0.000000e+00	0.000000e+00	0.000000e+00	1.244615e-03	2.811374e-08	5.734293e-03	4.619236e+07	1.043407e+03	2.128213e+08	
1.205000e+01	3.721488e+10	1.293904e+11	1.874477e+01	4.712389e+01	3.569662e+01	1.904351e+00	4.703983e-01	0.000000e+00	0.000000e+00	0.000000e+00	1.244376e-03	2.837965e-08	5.735569e-03	4.630932e+07	1.056145e+03	2.134485e+08	
1.210000e+01	3.728988e+10	1.287623e+11	1.874786e+01	4.712389e+01	3.570250e+01	1.904351e+00	4.632399e-01	0.000000e+00	0.000000e+00	0.000000e+00	1.244597e-03	2.855314e-08	5.737378e-03	4.641086e+07	1.064743e+03	2.139461e+08	
1.215000e+01	3.735779e+10	1.285536e+11	1.874744e+01	4.712389e+01	3.570172e+01	1.904351e+00	4.528080e-01	0.000000e+00	0.000000e+00	0.000000e+00	1.244057e-03	2.859190e-08	5.739053e-03	4.647521e+07	1.068130e+03	2.143984e+08	
1.220000e+01	3.741598e+10	1.284753e+11	1.874222e+01	4.712389e+01	3.569177e+01	1.904351e+00	4.482727e-01	0.000000e+00	0.000000e+00	0.000000e+00	1.243305e-03	2.847965e-08	5.740687e-03	4.651946e+07	1.065594e+03	2.147935e+08	
1.225000e+01	3.747056e+10	1.275610e+11	1.873528e+01	4.712389e+01	3.567855e+01	1.904351e+00	4.496218e-01	0.000000e+00	0.000000e+00	0.000000e+00	1.241969e-03	2.830875e-08	5.742118e-03	4.653726e+07	1.060745e+03	2.151604e+08	
1.230000e+01	3.752725e+10	1.278642e+11	1.872948e+01	4.712389e+01	3.566750e+01	1.904351e+00	4.594910e-01	0.000000e+00	0.000000e+00	0.000000e+00	1.240120e-03	2.810409e-08	5.743260e-03	4.653830e+07	1.054669e+03	2.155287e+08	
1.235000e+01	3.759390e+10	1.259220e+11	1.872872e+01	4.712389e+01	3.566606e+01	1.904351e+00	4.584622e-01	0.000000e+00	0.000000e+00	0.000000e+00	1.237689e-03	2.793575e-08	5.744025e-03	4.652954e+07	1.050214e+03	2.159403e+08	
1.240000e+01	3.765967e+10	1.207992e+11	1.872759e+01	4.712389e+01	3.566391e+01	1.904351e+00	4.548143e-01	0.000000e+00	0.000000e+00	0.000000e+00	1.235430e-03	2.779098e-08	5.745467e-03	4.652589e+07	1.046599e+03	2.163724e+08	
1.245000e+01	3.772217e+10	1.194976e+11	1.872490e+01	4.712389e+01	3.565879e+01	1.904351e+00	4.503011e-01	0.000000e+00	0.000000e+00	0.000000e+00	1.231921e-03	2.757792e-08	5.747267e-03	4.647073e+07	1.040299e+03	2.167994e+08	
