# COLUMN NUMBERS: 
#	0: time [Gyr]
#	1: mgas [Msun]			ISM gas mass
#	2: mstar [Msun]			Stellar mass
#	3: sfr [Msun/yr]		Star formation rate
#	4: ifr [Msun/yr]		Infall rate
#	5: ofr [Msun/yr]		Outfow rate
#	6: eta_0			Mass-loading factor
#	7: r_eff			Effective recycilng rate
#	8: z_in(fe)			Inflow fe metallicity
#	9: z_in(sr)			Inflow sr metallicity
#	10: z_in(o)			Inflow o metallicity
#	11: z_out(fe)			Outflow fe metallicity
#	12: z_out(sr)			Outflow sr metallicity
#	13: z_out(o)			Outflow o metallicity
#	14: mass(fe) [Msun]		mass of element fe in ISM
#	15: mass(sr) [Msun]		mass of element sr in ISM
#	16: mass(o) [Msun]		mass of element o in ISM
0.000000e+00	1.000000e-12	6.269954e-30	1.672766e-37	7.225663e+01	7.748808e-37	4.632331e+00	2.503490e-01	0.000000e+00	0.000000e+00	0.000000e+00	5.476961e-285	4.929265e-285	4.929265e-285	0.000000e+00	0.000000e+00	0.000000e+00	
5.000000e-02	3.612832e+09	2.046263e+08	5.459242e+00	7.225663e+01	2.528902e+01	4.632331e+00	2.503490e-01	0.000000e+00	0.000000e+00	0.000000e+00	5.448017e-05	6.083619e-10	6.810021e-04	1.968277e+05	2.197909e+00	2.460346e+06	
1.000000e-01	5.756586e+09	5.192044e+08	8.557156e+00	7.225663e+01	3.963958e+01	4.632331e+00	2.647601e-01	0.000000e+00	0.000000e+00	0.000000e+00	7.553535e-05	8.434781e-10	9.441919e-04	4.348257e+05	4.855554e+00	5.435322e+06	
1.500000e-01	7.072860e+09	8.937110e+08	1.034821e+01	7.225663e+01	4.793635e+01	4.632331e+00	2.761908e-01	0.000000e+00	0.000000e+00	0.000000e+00	1.421835e-04	1.039407e-09	1.166650e-03	1.005644e+06	7.351579e+00	8.251552e+06	
2.000000e-01	7.914368e+09	1.317647e+09	1.140262e+01	7.225663e+01	5.282070e+01	4.632331e+00	2.861274e-01	0.000000e+00	0.000000e+00	0.000000e+00	2.039401e-04	1.200884e-09	1.345180e-03	1.614057e+06	9.504239e+00	1.064625e+07	
2.500000e-01	8.479163e+09	1.752160e+09	1.203535e+01	7.225663e+01	5.575174e+01	4.632331e+00	2.943806e-01	0.000000e+00	0.000000e+00	0.000000e+00	2.541343e-04	1.335979e-09	1.485331e-03	2.154846e+06	1.132798e+01	1.259437e+07	
3.000000e-01	8.879789e+09	2.184040e+09	1.242264e+01	7.225663e+01	5.754578e+01	4.632331e+00	3.012564e-01	0.000000e+00	0.000000e+00	0.000000e+00	2.930915e-04	1.452247e-09	1.594040e-03	2.602591e+06	1.289565e+01	1.415474e+07	
3.500000e-01	9.181319e+09	2.588228e+09	1.266482e+01	7.225663e+01	5.866766e+01	4.632331e+00	3.064176e-01	0.000000e+00	0.000000e+00	0.000000e+00	3.227027e-04	1.556043e-09	1.677946e-03	2.962836e+06	1.428653e+01	1.540576e+07	
4.000000e-01	9.421563e+09	3.001542e+09	1.281939e+01	7.225663e+01	5.938366e+01	4.632331e+00	3.112324e-01	0.000000e+00	0.000000e+00	0.000000e+00	3.449903e-04	1.643080e-09	1.742558e-03	3.250348e+06	1.548038e+01	1.641762e+07	
4.500000e-01	9.623732e+09	3.411275e+09	1.292103e+01	7.225663e+01	5.985448e+01	4.632331e+00	3.154607e-01	0.000000e+00	0.000000e+00	0.000000e+00	3.617670e-04	1.721305e-09	1.792796e-03	3.481549e+06	1.656538e+01	1.725339e+07	
5.000000e-01	9.801593e+09	3.817921e+09	1.299001e+01	7.225663e+01	6.017405e+01	4.632331e+00	3.192214e-01	0.000000e+00	0.000000e+00	0.000000e+00	3.744683e-04	1.794181e-09	1.832326e-03	3.670386e+06	1.758583e+01	1.795971e+07	
5.500000e-01	9.963556e+09	4.221957e+09	1.303856e+01	7.225663e+01	6.039893e+01	4.632331e+00	3.226027e-01	0.000000e+00	0.000000e+00	0.000000e+00	3.841997e-04	1.864973e-09	1.863946e-03	3.827995e+06	1.858176e+01	1.857153e+07	
6.000000e-01	1.011483e+10	4.662041e+09	1.307410e+01	7.225663e+01	6.056356e+01	4.632331e+00	3.267850e-01	0.000000e+00	0.000000e+00	0.000000e+00	3.917847e-04	1.936090e-09	1.889746e-03	3.962834e+06	1.958321e+01	1.911445e+07	
6.500000e-01	1.025940e+10	5.100692e+09	1.310215e+01	7.225663e+01	6.069348e+01	4.632331e+00	3.304122e-01	0.000000e+00	0.000000e+00	0.000000e+00	3.978881e-04	2.024344e-09	1.911604e-03	4.082092e+06	2.076854e+01	1.961190e+07	
7.000000e-01	1.039890e+10	5.537982e+09	1.312498e+01	7.225663e+01	6.079924e+01	4.632331e+00	3.336529e-01	0.000000e+00	0.000000e+00	0.000000e+00	4.029225e-04	2.123226e-09	1.930470e-03	4.189951e+06	2.207922e+01	2.007477e+07	
7.500000e-01	1.053448e+10	5.973976e+09	1.314414e+01	7.225663e+01	6.088800e+01	4.632331e+00	3.365960e-01	0.000000e+00	0.000000e+00	0.000000e+00	4.071903e-04	2.227964e-09	1.947066e-03	4.289538e+06	2.347045e+01	2.051134e+07	
8.000000e-01	1.066692e+10	6.408740e+09	1.316067e+01	7.225663e+01	6.096459e+01	4.632331e+00	3.392978e-01	0.000000e+00	0.000000e+00	0.000000e+00	4.109020e-04	2.337398e-09	1.961926e-03	4.383059e+06	2.493283e+01	2.092771e+07	
8.500000e-01	1.079676e+10	6.800295e+09	1.317528e+01	7.225663e+01	6.103224e+01	4.632331e+00	3.398152e-01	0.000000e+00	0.000000e+00	0.000000e+00	4.142049e-04	2.453570e-09	1.975444e-03	4.472069e+06	2.649060e+01	2.132839e+07	
9.000000e-01	1.092307e+10	7.670251e+09	1.318685e+01	7.225663e+01	6.108586e+01	4.632331e+00	3.635259e-01	0.000000e+00	0.000000e+00	0.000000e+00	4.103101e-04	2.565368e-09	1.986182e-03	4.481846e+06	2.802170e+01	2.169521e+07	
9.500000e-01	1.106195e+10	8.025133e+09	1.321468e+01	7.225663e+01	6.121476e+01	4.632331e+00	3.555412e-01	0.000000e+00	0.000000e+00	0.000000e+00	4.848063e-04	2.692656e-09	2.009894e-03	5.362906e+06	2.978604e+01	2.223336e+07	
1.000000e+00	1.118823e+10	7.913788e+09	1.322844e+01	7.225663e+01	6.127853e+01	4.632331e+00	3.431822e-01	0.000000e+00	0.000000e+00	0.000000e+00	4.605808e-04	2.816966e-09	2.016167e-03	5.153085e+06	3.151687e+01	2.255734e+07	
1.050000e+00	1.130270e+10	8.647057e+09	1.322948e+01	7.225663e+01	6.128331e+01	4.632331e+00	3.507353e-01	0.000000e+00	0.000000e+00	0.000000e+00	4.443816e-04	2.888050e-09	2.022785e-03	5.022714e+06	3.264277e+01	2.286294e+07	
1.100000e+00	1.142190e+10	9.674707e+09	1.323727e+01	7.225663e+01	6.131943e+01	4.632331e+00	3.610434e-01	0.000000e+00	0.000000e+00	0.000000e+00	4.339579e-04	2.962887e-09	2.029512e-03	4.956623e+06	3.384179e+01	2.318088e+07	
1.150000e+00	1.154586e+10	9.576177e+09	1.325164e+01	7.225663e+01	6.138600e+01	4.632331e+00	3.568623e-01	0.000000e+00	0.000000e+00	0.000000e+00	4.277276e-04	3.025743e-09	2.036378e-03	4.938482e+06	3.493480e+01	2.351173e+07	
1.200000e+00	1.166326e+10	9.901788e+09	1.325950e+01	7.225663e+01	6.142240e+01	4.632331e+00	3.576441e-01	0.000000e+00	0.000000e+00	0.000000e+00	4.234094e-04	3.034745e-09	2.043464e-03	4.938332e+06	3.539500e+01	2.383345e+07	
1.250000e+00	1.177910e+10	1.020380e+10	1.326663e+01	7.225663e+01	6.145542e+01	4.632331e+00	3.583426e-01	0.000000e+00	0.000000e+00	0.000000e+00	4.207087e-04	3.023906e-09	2.050527e-03	4.955571e+06	3.561890e+01	2.415337e+07	
1.300000e+00	1.189353e+10	1.013383e+10	1.327317e+01	7.225663e+01	6.148573e+01	4.632331e+00	3.527962e-01	0.000000e+00	0.000000e+00	0.000000e+00	4.190989e-04	2.995594e-09	2.057491e-03	4.984566e+06	3.562819e+01	2.447084e+07	
1.350000e+00	1.200255e+10	1.085250e+10	1.327471e+01	7.225663e+01	6.149284e+01	4.632331e+00	3.584090e-01	0.000000e+00	0.000000e+00	0.000000e+00	4.180723e-04	2.951293e-09	2.064417e-03	5.017935e+06	3.542306e+01	2.477828e+07	
1.400000e+00	1.211490e+10	1.002883e+10	1.328090e+01	7.225663e+01	6.152154e+01	4.632331e+00	3.467585e-01	0.000000e+00	0.000000e+00	0.000000e+00	4.179598e-04	2.928217e-09	2.071135e-03	5.063539e+06	3.547505e+01	2.509159e+07	
1.450000e+00	1.221787e+10	1.080103e+10	1.327782e+01	7.225663e+01	6.150726e+01	4.632331e+00	3.555047e-01	0.000000e+00	0.000000e+00	0.000000e+00	4.171795e-04	2.870492e-09	2.077720e-03	5.097045e+06	3.507130e+01	2.538531e+07	
1.500000e+00	1.232746e+10	1.038048e+10	1.328290e+01	7.225663e+01	6.153081e+01	4.632331e+00	3.505919e-01	0.000000e+00	0.000000e+00	0.000000e+00	4.172709e-04	2.852782e-09	2.083997e-03	5.143892e+06	3.516756e+01	2.569040e+07	
1.550000e+00	1.243245e+10	1.047592e+10	1.328393e+01	7.225663e+01	6.153555e+01	4.632331e+00	3.666538e-01	0.000000e+00	0.000000e+00	0.000000e+00	4.170683e-04	2.813108e-09	2.090134e-03	5.185183e+06	3.497383e+01	2.598550e+07	
1.600000e+00	1.254784e+10	9.130223e+09	1.329687e+01	7.225663e+01	6.159550e+01	4.632331e+00	3.330954e-01	0.000000e+00	0.000000e+00	0.000000e+00	4.847422e-04	2.795466e-09	2.108247e-03	6.082468e+06	3.507707e+01	2.645395e+07	
1.650000e+00	1.263751e+10	9.814353e+09	1.328345e+01	7.225663e+01	6.153335e+01	4.632331e+00	3.386538e-01	0.000000e+00	0.000000e+00	0.000000e+00	4.653302e-04	2.724736e-09	2.110925e-03	5.880615e+06	3.443388e+01	2.667684e+07	
1.700000e+00	1.273443e+10	1.059856e+10	1.327866e+01	7.225663e+01	6.151117e+01	4.632331e+00	3.501674e-01	0.000000e+00	0.000000e+00	0.000000e+00	4.519735e-04	2.684242e-09	2.113851e-03	5.755624e+06	3.418228e+01	2.691868e+07	
1.750000e+00	1.284025e+10	1.162278e+10	1.328400e+01	7.225663e+01	6.153589e+01	4.632331e+00	3.454594e-01	0.000000e+00	0.000000e+00	0.000000e+00	4.489167e-04	2.685353e-09	2.118740e-03	5.764205e+06	3.448062e+01	2.720516e+07	
1.800000e+00	1.294154e+10	1.153408e+10	1.328540e+01	7.225663e+01	6.154239e+01	4.632331e+00	3.496855e-01	0.000000e+00	0.000000e+00	0.000000e+00	3.819894e-04	2.728419e-09	2.112511e-03	4.943533e+06	3.530996e+01	2.733916e+07	
1.850000e+00	1.304527e+10	1.307615e+10	1.329005e+01	7.225663e+01	6.156389e+01	4.632331e+00	3.834569e-01	0.000000e+00	0.000000e+00	0.000000e+00	3.930184e-04	2.731982e-09	2.119199e-03	5.127033e+06	3.563945e+01	2.764552e+07	
1.900000e+00	1.317022e+10	1.423386e+10	1.331683e+01	7.225663e+01	6.168795e+01	4.632331e+00	4.007403e-01	0.000000e+00	0.000000e+00	0.000000e+00	4.667100e-04	2.779256e-09	2.136966e-03	6.146671e+06	3.660341e+01	2.814431e+07	
1.950000e+00	1.329964e+10	1.485339e+10	1.334844e+01	7.225663e+01	6.183441e+01	4.632331e+00	3.897686e-01	0.000000e+00	0.000000e+00	0.000000e+00	5.210215e-04	2.870877e-09	2.152360e-03	6.929397e+06	3.818162e+01	2.862560e+07	
2.000000e+00	1.341347e+10	1.426406e+10	1.336478e+01	7.225663e+01	6.191008e+01	4.632331e+00	3.689066e-01	0.000000e+00	0.000000e+00	0.000000e+00	4.978409e-04	2.949698e-09	2.154503e-03	6.677773e+06	3.956568e+01	2.889936e+07	
2.050000e+00	1.350907e+10	1.406886e+10	1.336355e+01	7.225663e+01	6.190438e+01	4.632331e+00	3.611999e-01	0.000000e+00	0.000000e+00	0.000000e+00	4.808427e-04	2.973715e-09	2.157538e-03	6.495739e+06	4.017213e+01	2.914634e+07	
2.100000e+00	1.359985e+10	1.423320e+10	1.335827e+01	7.225663e+01	6.187995e+01	4.632331e+00	3.561588e-01	0.000000e+00	0.000000e+00	0.000000e+00	4.682035e-04	2.974412e-09	2.160798e-03	6.367499e+06	4.045157e+01	2.938653e+07	
2.150000e+00	1.368866e+10	1.477997e+10	1.335180e+01	7.225663e+01	6.184997e+01	4.632331e+00	3.579775e-01	0.000000e+00	0.000000e+00	0.000000e+00	4.590026e-04	2.966802e-09	2.164188e-03	6.283129e+06	4.061153e+01	2.962483e+07	
2.200000e+00	1.378038e+10	1.610916e+10	1.334889e+01	7.225663e+01	6.183648e+01	4.632331e+00	3.688860e-01	0.000000e+00	0.000000e+00	0.000000e+00	4.524869e-04	2.958625e-09	2.167534e-03	6.235442e+06	4.077098e+01	2.986945e+07	
2.250000e+00	1.388016e+10	1.824738e+10	1.335438e+01	7.225663e+01	6.186192e+01	4.632331e+00	4.046861e-01	0.000000e+00	0.000000e+00	0.000000e+00	4.485128e-04	2.974494e-09	2.171013e-03	6.225428e+06	4.128644e+01	3.013400e+07	
2.300000e+00	1.400239e+10	1.872907e+10	1.338187e+01	7.225663e+01	6.198926e+01	4.632331e+00	3.949526e-01	0.000000e+00	0.000000e+00	0.000000e+00	5.078805e-04	3.035733e-09	2.185572e-03	7.111541e+06	4.250752e+01	3.060323e+07	
2.350000e+00	1.411093e+10	1.896304e+10	1.339658e+01	7.225663e+01	6.205740e+01	4.632331e+00	3.880387e-01	0.000000e+00	0.000000e+00	0.000000e+00	4.915883e-04	3.085315e-09	2.187715e-03	6.936765e+06	4.353665e+01	3.087068e+07	
2.400000e+00	1.421098e+10	1.844421e+10	1.340367e+01	7.225663e+01	6.209026e+01	4.632331e+00	3.781054e-01	0.000000e+00	0.000000e+00	0.000000e+00	4.854429e-04	3.121438e-09	2.192156e-03	6.898619e+06	4.435869e+01	3.115268e+07	
2.450000e+00	1.430251e+10	1.873938e+10	1.340326e+01	7.225663e+01	6.208832e+01	4.632331e+00	3.828185e-01	0.000000e+00	0.000000e+00	0.000000e+00	4.806513e-04	3.129342e-09	2.196795e-03	6.874521e+06	4.475744e+01	3.141969e+07	
2.500000e+00	1.439732e+10	1.914144e+10	1.340643e+01	7.225663e+01	6.210304e+01	4.632331e+00	3.868948e-01	0.000000e+00	0.000000e+00	0.000000e+00	4.771738e-04	3.143118e-09	2.201138e-03	6.870021e+06	4.525246e+01	3.169047e+07	
2.550000e+00	1.449402e+10	1.770926e+10	1.341186e+01	7.225663e+01	6.212819e+01	4.632331e+00	3.735954e-01	0.000000e+00	0.000000e+00	0.000000e+00	4.748009e-04	3.178889e-09	2.205444e-03	6.881773e+06	4.607487e+01	3.196575e+07	
2.600000e+00	1.458038e+10	1.704782e+10	1.340823e+01	7.225663e+01	6.211137e+01	4.632331e+00	3.678978e-01	0.000000e+00	0.000000e+00	0.000000e+00	4.721035e-04	3.182150e-09	2.209793e-03	6.883446e+06	4.639695e+01	3.221961e+07	
2.650000e+00	1.466387e+10	1.711613e+10	1.340254e+01	7.225663e+01	6.208499e+01	4.632331e+00	3.677694e-01	0.000000e+00	0.000000e+00	0.000000e+00	4.696104e-04	3.183409e-09	2.213926e-03	6.886307e+06	4.668111e+01	3.246473e+07	
2.700000e+00	1.474878e+10	1.755265e+10	1.339869e+01	7.225663e+01	6.206716e+01	4.632331e+00	3.710063e-01	0.000000e+00	0.000000e+00	0.000000e+00	4.677836e-04	3.204907e-09	2.217824e-03	6.899237e+06	4.726847e+01	3.271020e+07	
2.750000e+00	1.483687e+10	1.763803e+10	1.339824e+01	7.225663e+01	6.206510e+01	4.632331e+00	3.726007e-01	0.000000e+00	0.000000e+00	0.000000e+00	4.667191e-04	3.249106e-09	2.221573e-03	6.924650e+06	4.820655e+01	3.296119e+07	
2.800000e+00	1.492614e+10	1.840327e+10	1.339934e+01	7.225663e+01	6.207018e+01	4.632331e+00	3.787850e-01	0.000000e+00	0.000000e+00	0.000000e+00	4.660280e-04	3.304717e-09	2.225258e-03	6.956001e+06	4.932668e+01	3.321451e+07	
2.850000e+00	1.501927e+10	1.851291e+10	1.340432e+01	7.225663e+01	6.209327e+01	4.632331e+00	3.794628e-01	0.000000e+00	0.000000e+00	0.000000e+00	4.660754e-04	3.382564e-09	2.228927e-03	7.000112e+06	5.080364e+01	3.347685e+07	
2.900000e+00	1.511154e+10	1.898004e+10	1.340894e+01	7.225663e+01	6.211466e+01	4.632331e+00	3.819763e-01	0.000000e+00	0.000000e+00	0.000000e+00	4.662500e-04	3.462162e-09	2.232722e-03	7.045758e+06	5.231861e+01	3.373988e+07	
2.950000e+00	1.520429e+10	1.909532e+10	1.341437e+01	7.225663e+01	6.213978e+01	4.632331e+00	3.830147e-01	0.000000e+00	0.000000e+00	0.000000e+00	4.667983e-04	3.550278e-09	2.236616e-03	7.097337e+06	5.397945e+01	3.400615e+07	
3.000000e+00	1.529631e+10	1.956032e+10	1.341952e+01	7.225663e+01	6.216366e+01	4.632331e+00	3.852271e-01	0.000000e+00	0.000000e+00	0.000000e+00	4.674053e-04	3.638653e-09	2.240572e-03	7.149577e+06	5.565796e+01	3.427248e+07	
3.050000e+00	1.538846e+10	2.002367e+10	1.342515e+01	7.225663e+01	6.218975e+01	4.632331e+00	3.872822e-01	0.000000e+00	0.000000e+00	0.000000e+00	4.682552e-04	3.729392e-09	2.244573e-03	7.205727e+06	5.738960e+01	3.454053e+07	
3.100000e+00	1.548051e+10	1.968134e+10	1.343105e+01	7.225663e+01	6.221707e+01	4.632331e+00	3.835084e-01	0.000000e+00	0.000000e+00	0.000000e+00	4.692717e-04	3.819860e-09	2.248608e-03	7.264566e+06	5.913340e+01	3.480961e+07	
3.150000e+00	1.556848e+10	1.949445e+10	1.343376e+01	7.225663e+01	6.222965e+01	4.632331e+00	3.811916e-01	0.000000e+00	0.000000e+00	0.000000e+00	4.698557e-04	3.879797e-09	2.252581e-03	7.314942e+06	6.040257e+01	3.506928e+07	
3.200000e+00	1.565419e+10	1.958417e+10	1.343490e+01	7.225663e+01	6.223489e+01	4.632331e+00	3.800210e-01	0.000000e+00	0.000000e+00	0.000000e+00	4.702456e-04	3.930254e-09	2.256493e-03	7.361312e+06	6.152493e+01	3.532356e+07	
3.250000e+00	1.573881e+10	1.967798e+10	1.343548e+01	7.225663e+01	6.223759e+01	4.632331e+00	3.790395e-01	0.000000e+00	0.000000e+00	0.000000e+00	4.706016e-04	3.972336e-09	2.260282e-03	7.406707e+06	6.251982e+01	3.557415e+07	
3.300000e+00	1.582261e+10	1.939028e+10	1.343574e+01	7.225663e+01	6.223882e+01	4.632331e+00	3.769075e-01	0.000000e+00	0.000000e+00	0.000000e+00	4.709141e-04	4.007479e-09	2.263945e-03	7.451092e+06	6.340879e+01	3.582153e+07	
3.350000e+00	1.590492e+10	1.938111e+10	1.343511e+01	7.225663e+01	6.223587e+01	4.632331e+00	3.758574e-01	0.000000e+00	0.000000e+00	0.000000e+00	4.709670e-04	4.031890e-09	2.267458e-03	7.490693e+06	6.412689e+01	3.606374e+07	
3.400000e+00	1.598669e+10	1.937306e+10	1.343439e+01	7.225663e+01	6.223253e+01	4.632331e+00	3.749220e-01	0.000000e+00	0.000000e+00	0.000000e+00	4.709627e-04	4.049024e-09	2.270805e-03	7.529134e+06	6.473048e+01	3.630265e+07	
3.450000e+00	1.606801e+10	1.998600e+10	1.343366e+01	7.225663e+01	6.222918e+01	4.632331e+00	3.785472e-01	0.000000e+00	0.000000e+00	0.000000e+00	4.709093e-04	4.060580e-09	2.274010e-03	7.566578e+06	6.524546e+01	3.653882e+07	
3.500000e+00	1.615197e+10	1.986852e+10	1.343548e+01	7.225663e+01	6.223758e+01	4.632331e+00	3.770659e-01	0.000000e+00	0.000000e+00	0.000000e+00	4.711911e-04	4.076580e-09	2.277033e-03	7.610663e+06	6.584479e+01	3.677857e+07	
3.550000e+00	1.623445e+10	1.978556e+10	1.343640e+01	7.225663e+01	6.224184e+01	4.632331e+00	3.758161e-01	0.000000e+00	0.000000e+00	0.000000e+00	4.713177e-04	4.083499e-09	2.280007e-03	7.651583e+06	6.629335e+01	3.701466e+07	
3.600000e+00	1.631585e+10	1.973656e+10	1.343675e+01	7.225663e+01	6.224348e+01	4.632331e+00	3.747556e-01	0.000000e+00	0.000000e+00	0.000000e+00	4.713416e-04	4.083988e-09	2.282912e-03	7.690339e+06	6.663374e+01	3.724765e+07	
3.650000e+00	1.639644e+10	1.965133e+10	1.343677e+01	7.225663e+01	6.224357e+01	4.632331e+00	3.736426e-01	0.000000e+00	0.000000e+00	0.000000e+00	4.712880e-04	4.079489e-09	2.285741e-03	7.727448e+06	6.688911e+01	3.747803e+07	
3.700000e+00	1.647629e+10	1.956582e+10	1.343650e+01	7.225663e+01	6.224230e+01	4.632331e+00	3.728741e-01	0.000000e+00	0.000000e+00	0.000000e+00	4.711433e-04	4.069185e-09	2.288472e-03	7.762692e+06	6.704505e+01	3.770552e+07	
3.750000e+00	1.655568e+10	1.983330e+10	1.343618e+01	7.225663e+01	6.224083e+01	4.632331e+00	3.732562e-01	0.000000e+00	0.000000e+00	0.000000e+00	4.709368e-04	4.054700e-09	2.291105e-03	7.796682e+06	6.712834e+01	3.793080e+07	
3.800000e+00	1.663542e+10	2.013654e+10	1.343645e+01	7.225663e+01	6.224208e+01	4.632331e+00	3.738525e-01	0.000000e+00	0.000000e+00	0.000000e+00	4.708702e-04	4.042021e-09	2.293675e-03	7.833124e+06	6.724072e+01	3.815626e+07	
3.850000e+00	1.671549e+10	2.036840e+10	1.343728e+01	7.225663e+01	6.224595e+01	4.632331e+00	3.742464e-01	0.000000e+00	0.000000e+00	0.000000e+00	4.709446e-04	4.033478e-09	2.296225e-03	7.872070e+06	6.742156e+01	3.838252e+07	
3.900000e+00	1.679560e+10	2.103330e+10	1.343844e+01	7.225663e+01	6.225133e+01	4.632331e+00	3.769062e-01	0.000000e+00	0.000000e+00	0.000000e+00	4.710851e-04	4.023924e-09	2.298737e-03	7.912158e+06	6.758422e+01	3.860868e+07	
3.950000e+00	1.687720e+10	2.166545e+10	1.344107e+01	7.225663e+01	6.226347e+01	4.632331e+00	3.792628e-01	0.000000e+00	0.000000e+00	0.000000e+00	4.715547e-04	4.032607e-09	2.301437e-03	7.958522e+06	6.805911e+01	3.884180e+07	
4.000000e+00	1.695969e+10	2.186490e+10	1.344466e+01	7.225663e+01	6.228012e+01	4.632331e+00	3.751699e-01	0.000000e+00	0.000000e+00	0.000000e+00	4.722759e-04	4.054412e-09	2.304278e-03	8.009651e+06	6.876156e+01	3.907983e+07	
4.050000e+00	1.703848e+10	2.278211e+10	1.344559e+01	7.225663e+01	6.228442e+01	4.632331e+00	3.818008e-01	0.000000e+00	0.000000e+00	0.000000e+00	4.729298e-04	4.060999e-09	2.307093e-03	8.058005e+06	6.919326e+01	3.930936e+07	
4.100000e+00	1.712149e+10	2.314896e+10	1.345009e+01	7.225663e+01	6.230529e+01	4.632331e+00	3.821650e-01	0.000000e+00	0.000000e+00	0.000000e+00	4.740070e-04	4.162411e-09	2.310306e-03	8.115705e+06	7.126668e+01	3.955587e+07	
4.150000e+00	1.720356e+10	2.460264e+10	1.345410e+01	7.225663e+01	6.232384e+01	4.632331e+00	3.890339e-01	0.000000e+00	0.000000e+00	0.000000e+00	4.749435e-04	4.251911e-09	2.313521e-03	8.170719e+06	7.314800e+01	3.980080e+07	
4.200000e+00	1.728920e+10	2.574513e+10	1.346111e+01	7.225663e+01	6.235633e+01	4.632331e+00	3.945548e-01	0.000000e+00	0.000000e+00	0.000000e+00	4.764354e-04	4.415190e-09	2.317063e-03	8.237187e+06	7.633510e+01	4.006017e+07	
4.250000e+00	1.737672e+10	2.661932e+10	1.346978e+01	7.225663e+01	6.239649e+01	4.632331e+00	3.996911e-01	0.000000e+00	0.000000e+00	0.000000e+00	4.782479e-04	4.634432e-09	2.320890e-03	8.310378e+06	8.053120e+01	4.032945e+07	
4.300000e+00	1.746542e+10	2.695305e+10	1.347955e+01	7.225663e+01	6.244175e+01	4.632331e+00	3.988434e-01	0.000000e+00	0.000000e+00	0.000000e+00	4.802132e-04	4.889670e-09	2.325008e-03	8.387125e+06	8.540015e+01	4.060724e+07	
4.350000e+00	1.755100e+10	2.725243e+10	1.348709e+01	7.225663e+01	6.247665e+01	4.632331e+00	3.981728e-01	0.000000e+00	0.000000e+00	0.000000e+00	4.819377e-04	5.081997e-09	2.328969e-03	8.458489e+06	8.919413e+01	4.087573e+07	
4.400000e+00	1.763415e+10	2.758546e+10	1.349295e+01	7.225663e+01	6.250382e+01	4.632331e+00	3.977573e-01	0.000000e+00	0.000000e+00	0.000000e+00	4.834446e-04	5.225226e-09	2.332742e-03	8.525137e+06	9.214243e+01	4.113594e+07	
4.450000e+00	1.771549e+10	2.791820e+10	1.349763e+01	7.225663e+01	6.252549e+01	4.632331e+00	3.974753e-01	0.000000e+00	0.000000e+00	0.000000e+00	4.847739e-04	5.322683e-09	2.336327e-03	8.588009e+06	9.429395e+01	4.138919e+07	
4.500000e+00	1.779542e+10	2.789781e+10	1.350144e+01	7.225663e+01	6.254312e+01	4.632331e+00	3.959539e-01	0.000000e+00	0.000000e+00	0.000000e+00	4.859468e-04	5.388090e-09	2.339729e-03	8.647626e+06	9.588330e+01	4.163644e+07	
4.550000e+00	1.787332e+10	2.787828e+10	1.350392e+01	7.225663e+01	6.255463e+01	4.632331e+00	3.945792e-01	0.000000e+00	0.000000e+00	0.000000e+00	4.867900e-04	5.426214e-09	2.342941e-03	8.700553e+06	9.698445e+01	4.187612e+07	
4.600000e+00	1.794964e+10	2.782511e+10	1.350543e+01	7.225663e+01	6.256161e+01	4.632331e+00	3.932490e-01	0.000000e+00	0.000000e+00	0.000000e+00	4.873671e-04	5.445370e-09	2.345964e-03	8.748063e+06	9.774243e+01	4.210921e+07	
4.650000e+00	1.802467e+10	2.690063e+10	1.350618e+01	7.225663e+01	6.256512e+01	4.632331e+00	3.884974e-01	0.000000e+00	0.000000e+00	0.000000e+00	4.877119e-04	5.451073e-09	2.348802e-03	8.790846e+06	9.825379e+01	4.233638e+07	
4.700000e+00	1.809629e+10	2.688488e+10	1.350462e+01	7.225663e+01	6.255786e+01	4.632331e+00	3.875486e-01	0.000000e+00	0.000000e+00	0.000000e+00	4.873498e-04	5.417470e-09	2.351255e-03	8.819225e+06	9.803611e+01	4.254899e+07	
4.750000e+00	1.816768e+10	2.706003e+10	1.350312e+01	7.225663e+01	6.255091e+01	4.632331e+00	3.870048e-01	0.000000e+00	0.000000e+00	0.000000e+00	4.869612e-04	5.386268e-09	2.353560e-03	8.846956e+06	9.785601e+01	4.275874e+07	
4.800000e+00	1.823910e+10	2.692744e+10	1.350186e+01	7.225663e+01	6.254511e+01	4.632331e+00	3.856969e-01	0.000000e+00	0.000000e+00	0.000000e+00	4.865817e-04	5.345963e-09	2.355611e-03	8.874814e+06	9.750557e+01	4.296423e+07	
4.850000e+00	1.830997e+10	2.727279e+10	1.350043e+01	7.225663e+01	6.253846e+01	4.632331e+00	3.864164e-01	0.000000e+00	0.000000e+00	0.000000e+00	4.860917e-04	5.299299e-09	2.357467e-03	8.900323e+06	9.702998e+01	4.316515e+07	
4.900000e+00	1.838169e+10	2.717633e+10	1.349985e+01	7.225663e+01	6.253578e+01	4.632331e+00	3.852281e-01	0.000000e+00	0.000000e+00	0.000000e+00	4.858061e-04	5.269849e-09	2.359331e-03	8.929939e+06	9.686874e+01	4.336850e+07	
4.950000e+00	1.845277e+10	2.733129e+10	1.349901e+01	7.225663e+01	6.253188e+01	4.632331e+00	3.858713e-01	0.000000e+00	0.000000e+00	0.000000e+00	4.854179e-04	5.234085e-09	2.361059e-03	8.957305e+06	9.658337e+01	4.356807e+07	
5.000000e+00	1.852450e+10	2.722582e+10	1.349886e+01	7.225663e+01	6.253117e+01	4.632331e+00	3.862075e-01	0.000000e+00	0.000000e+00	0.000000e+00	4.852181e-04	5.214917e-09	2.362849e-03	8.988423e+06	9.660374e+01	4.377060e+07	
5.050000e+00	1.859650e+10	2.733975e+10	1.349910e+01	7.225663e+01	6.253230e+01	4.632331e+00	3.866512e-01	0.000000e+00	0.000000e+00	0.000000e+00	4.851356e-04	5.208336e-09	2.364708e-03	9.021824e+06	9.685681e+01	4.397529e+07	
5.100000e+00	1.866873e+10	2.714884e+10	1.349971e+01	7.225663e+01	6.253513e+01	4.632331e+00	3.862814e-01	0.000000e+00	0.000000e+00	0.000000e+00	4.851548e-04	5.208343e-09	2.366594e-03	9.057226e+06	9.723317e+01	4.418130e+07	
5.150000e+00	1.874056e+10	2.721786e+10	1.350022e+01	7.225663e+01	6.253748e+01	4.632331e+00	3.862352e-01	0.000000e+00	0.000000e+00	0.000000e+00	4.851797e-04	5.200044e-09	2.368422e-03	9.092538e+06	9.745172e+01	4.438554e+07	
5.200000e+00	1.881222e+10	2.754668e+10	1.350080e+01	7.225663e+01	6.254017e+01	4.632331e+00	3.864955e-01	0.000000e+00	0.000000e+00	0.000000e+00	4.852410e-04	5.183209e-09	2.370199e-03	9.128458e+06	9.750764e+01	4.458869e+07	
5.250000e+00	1.888390e+10	2.787537e+10	1.350158e+01	7.225663e+01	6.254379e+01	4.632331e+00	3.867770e-01	0.000000e+00	0.000000e+00	0.000000e+00	4.853617e-04	5.158503e-09	2.371933e-03	9.165522e+06	9.741266e+01	4.479134e+07	
5.300000e+00	1.895557e+10	2.824803e+10	1.350253e+01	7.225663e+01	6.254820e+01	4.632331e+00	3.875836e-01	0.000000e+00	0.000000e+00	0.000000e+00	4.855298e-04	5.127192e-09	2.373640e-03	9.203492e+06	9.718883e+01	4.499370e+07	
5.350000e+00	1.902753e+10	2.831663e+10	1.350387e+01	7.225663e+01	6.255440e+01	4.632331e+00	3.878520e-01	0.000000e+00	0.000000e+00	0.000000e+00	4.857783e-04	5.105339e-09	2.375420e-03	9.243162e+06	9.714199e+01	4.519838e+07	
5.400000e+00	1.909932e+10	2.842573e+10	1.350526e+01	7.225663e+01	6.256084e+01	4.632331e+00	3.882189e-01	0.000000e+00	0.000000e+00	0.000000e+00	4.860241e-04	5.090987e-09	2.377238e-03	9.282731e+06	9.723442e+01	4.540364e+07	
5.450000e+00	1.917100e+10	2.827151e+10	1.350674e+01	7.225663e+01	6.256769e+01	4.632331e+00	3.882077e-01	0.000000e+00	0.000000e+00	0.000000e+00	4.862920e-04	5.087826e-09	2.379108e-03	9.322704e+06	9.753872e+01	4.560989e+07	
5.500000e+00	1.924228e+10	2.837959e+10	1.350811e+01	7.225663e+01	6.257402e+01	4.632331e+00	3.885187e-01	0.000000e+00	0.000000e+00	0.000000e+00	4.865339e-04	5.094631e-09	2.381022e-03	9.362022e+06	9.803233e+01	4.581630e+07	
5.550000e+00	1.931341e+10	2.848728e+10	1.350953e+01	7.225663e+01	6.258063e+01	4.632331e+00	3.888079e-01	0.000000e+00	0.000000e+00	0.000000e+00	4.867961e-04	5.108211e-09	2.382956e-03	9.401694e+06	9.865699e+01	4.602301e+07	
5.600000e+00	1.938437e+10	2.833152e+10	1.351100e+01	7.225663e+01	6.258741e+01	4.632331e+00	3.887270e-01	0.000000e+00	0.000000e+00	0.000000e+00	4.870730e-04	5.126225e-09	2.384901e-03	9.441603e+06	9.936863e+01	4.622979e+07	
5.650000e+00	1.945488e+10	2.836358e+10	1.351231e+01	7.225663e+01	6.259352e+01	4.632331e+00	3.888098e-01	0.000000e+00	0.000000e+00	0.000000e+00	4.873176e-04	5.146903e-09	2.386857e-03	9.480707e+06	1.001324e+02	4.643602e+07	
5.700000e+00	1.952511e+10	2.814069e+10	1.351359e+01	7.225663e+01	6.259943e+01	4.632331e+00	3.886419e-01	0.000000e+00	0.000000e+00	0.000000e+00	4.875484e-04	5.165674e-09	2.388776e-03	9.519435e+06	1.008604e+02	4.664111e+07	
5.750000e+00	1.959489e+10	2.818044e+10	1.351471e+01	7.225663e+01	6.260463e+01	4.632331e+00	3.888212e-01	0.000000e+00	0.000000e+00	0.000000e+00	4.877449e-04	5.185791e-09	2.390689e-03	9.557307e+06	1.016150e+02	4.684529e+07	
5.800000e+00	1.966449e+10	2.834969e+10	1.351587e+01	7.225663e+01	6.260999e+01	4.632331e+00	3.973560e-01	0.000000e+00	0.000000e+00	0.000000e+00	4.879560e-04	5.206686e-09	2.392584e-03	9.595407e+06	1.023868e+02	4.704896e+07	
5.850000e+00	1.973956e+10	2.795165e+10	1.352092e+01	7.225663e+01	6.263340e+01	4.632331e+00	4.031276e-01	0.000000e+00	0.000000e+00	0.000000e+00	4.882015e-04	5.241064e-09	2.394440e-03	9.636884e+06	1.034563e+02	4.726520e+07	
5.900000e+00	1.981721e+10	2.814538e+10	1.352786e+01	7.225663e+01	6.266553e+01	4.632331e+00	4.084876e-01	0.000000e+00	0.000000e+00	0.000000e+00	4.884264e-04	5.283969e-09	2.396386e-03	9.679249e+06	1.047135e+02	4.748968e+07	
5.950000e+00	1.989667e+10	2.811379e+10	1.353614e+01	7.225663e+01	6.270388e+01	4.632331e+00	4.127615e-01	0.000000e+00	0.000000e+00	0.000000e+00	4.888014e-04	5.335567e-09	2.398463e-03	9.725520e+06	1.061600e+02	4.772142e+07	
6.000000e+00	1.997686e+10	2.800937e+10	1.354501e+01	7.225663e+01	6.274498e+01	4.632331e+00	4.162944e-01	0.000000e+00	0.000000e+00	0.000000e+00	4.893166e-04	5.401802e-09	2.400722e-03	9.775010e+06	1.079111e+02	4.795890e+07	
6.050000e+00	2.005713e+10	2.773058e+10	1.355403e+01	7.225663e+01	6.278675e+01	4.632331e+00	4.062425e-01	0.000000e+00	0.000000e+00	0.000000e+00	4.899507e-04	5.481479e-09	2.403141e-03	9.827003e+06	1.099427e+02	4.820011e+07	
6.100000e+00	2.012823e+10	2.742232e+10	1.355696e+01	7.225663e+01	6.280035e+01	4.632331e+00	3.995846e-01	0.000000e+00	0.000000e+00	0.000000e+00	4.906450e-04	5.545151e-09	2.405550e-03	9.875815e+06	1.116141e+02	4.841947e+07	
6.150000e+00	2.019406e+10	2.772463e+10	1.355648e+01	7.225663e+01	6.279812e+01	4.632331e+00	3.956472e-01	0.000000e+00	0.000000e+00	0.000000e+00	4.913122e-04	5.598585e-09	2.407810e-03	9.921586e+06	1.130581e+02	4.862345e+07	
6.200000e+00	2.025734e+10	2.778781e+10	1.355445e+01	7.225663e+01	6.278870e+01	4.632331e+00	3.926309e-01	0.000000e+00	0.000000e+00	0.000000e+00	4.920140e-04	5.644815e-09	2.409869e-03	9.966894e+06	1.143489e+02	4.881753e+07	
6.250000e+00	2.031910e+10	2.753023e+10	1.355157e+01	7.225663e+01	6.277534e+01	4.632331e+00	3.900545e-01	0.000000e+00	0.000000e+00	0.000000e+00	4.926876e-04	5.681356e-09	2.411733e-03	1.001097e+07	1.154401e+02	4.900426e+07	
6.300000e+00	2.037988e+10	2.737945e+10	1.354819e+01	7.225663e+01	6.275968e+01	4.632331e+00	3.881301e-01	0.000000e+00	0.000000e+00	0.000000e+00	4.932792e-04	5.700118e-09	2.413412e-03	1.005297e+07	1.161677e+02	4.918505e+07	
6.350000e+00	2.044024e+10	2.730796e+10	1.354469e+01	7.225663e+01	6.274349e+01	4.632331e+00	3.781424e-01	0.000000e+00	0.000000e+00	0.000000e+00	4.938075e-04	5.699215e-09	2.414935e-03	1.009355e+07	1.164934e+02	4.936187e+07	
6.400000e+00	2.049476e+10	2.724162e+10	1.353749e+01	7.225663e+01	6.271015e+01	4.632331e+00	3.703533e-01	0.000000e+00	0.000000e+00	0.000000e+00	4.941907e-04	5.664379e-09	2.416340e-03	1.012832e+07	1.160901e+02	4.952231e+07	
6.450000e+00	2.054589e+10	2.717049e+10	1.352825e+01	7.225663e+01	6.266735e+01	4.632331e+00	3.549826e-01	0.000000e+00	0.000000e+00	0.000000e+00	4.943925e-04	5.601486e-09	2.417533e-03	1.015773e+07	1.150875e+02	4.967037e+07	
6.500000e+00	2.058906e+10	2.808293e+10	1.351398e+01	7.225663e+01	6.260122e+01	4.632331e+00	3.825242e-01	0.000000e+00	0.000000e+00	0.000000e+00	4.522856e-04	5.528295e-09	2.411249e-03	9.312134e+06	1.138224e+02	4.964535e+07	
6.550000e+00	2.065460e+10	2.898587e+10	1.351456e+01	7.225663e+01	6.260394e+01	4.632331e+00	3.922549e-01	0.000000e+00	0.000000e+00	0.000000e+00	4.596800e-04	5.471555e-09	2.413506e-03	9.494505e+06	1.130128e+02	4.985001e+07	
6.600000e+00	2.072656e+10	2.988984e+10	1.351947e+01	7.225663e+01	6.262666e+01	4.632331e+00	3.943394e-01	0.000000e+00	0.000000e+00	0.000000e+00	4.660005e-04	5.474761e-09	2.415856e-03	9.658588e+06	1.134730e+02	5.007238e+07	
6.650000e+00	2.079865e+10	3.081237e+10	1.352455e+01	7.225663e+01	6.265021e+01	4.632331e+00	3.875482e-01	0.000000e+00	0.000000e+00	0.000000e+00	4.714144e-04	5.482958e-09	2.418233e-03	9.804784e+06	1.140381e+02	5.029598e+07	
6.700000e+00	2.086482e+10	3.123820e+10	1.352590e+01	7.225663e+01	6.265643e+01	4.632331e+00	3.779043e-01	0.000000e+00	0.000000e+00	0.000000e+00	4.761120e-04	5.475427e-09	2.420610e-03	9.933988e+06	1.142438e+02	5.050557e+07	
6.750000e+00	2.092411e+10	3.260812e+10	1.352291e+01	7.225663e+01	6.264261e+01	4.632331e+00	3.876428e-01	0.000000e+00	0.000000e+00	0.000000e+00	4.800734e-04	5.455230e-09	2.422806e-03	1.004511e+07	1.141458e+02	5.069506e+07	
6.800000e+00	2.099076e+10	3.440879e+10	1.352482e+01	7.225663e+01	6.265145e+01	4.632331e+00	4.019059e-01	0.000000e+00	0.000000e+00	0.000000e+00	4.837874e-04	5.494242e-09	2.425074e-03	1.015507e+07	1.153283e+02	5.090416e+07	
6.850000e+00	2.106657e+10	3.530836e+10	1.353272e+01	7.225663e+01	6.268803e+01	4.632331e+00	4.052174e-01	0.000000e+00	0.000000e+00	0.000000e+00	4.872578e-04	5.545868e-09	2.427350e-03	1.026485e+07	1.168324e+02	5.113593e+07	
6.900000e+00	2.114255e+10	3.568185e+10	1.354080e+01	7.225663e+01	6.272547e+01	4.632331e+00	3.838548e-01	0.000000e+00	0.000000e+00	0.000000e+00	4.904988e-04	5.623847e-09	2.429872e-03	1.037039e+07	1.189024e+02	5.137368e+07	
6.950000e+00	2.120195e+10	3.608223e+10	1.353837e+01	7.225663e+01	6.271422e+01	4.632331e+00	3.724688e-01	0.000000e+00	0.000000e+00	0.000000e+00	4.524243e-04	5.660808e-09	2.425300e-03	9.592277e+06	1.200202e+02	5.142109e+07	
7.000000e+00	2.125428e+10	3.646095e+10	1.353158e+01	7.225663e+01	6.268274e+01	4.632331e+00	3.854648e-01	0.000000e+00	0.000000e+00	0.000000e+00	4.210321e-04	5.676365e-09	2.421668e-03	8.948736e+06	1.206471e+02	5.147080e+07	
7.050000e+00	2.131719e+10	3.550406e+10	1.353165e+01	7.225663e+01	6.268310e+01	4.632331e+00	3.736665e-01	0.000000e+00	0.000000e+00	0.000000e+00	4.356263e-04	5.679562e-09	2.425688e-03	9.286332e+06	1.210723e+02	5.170886e+07	
7.100000e+00	2.137210e+10	3.468857e+10	1.352678e+01	7.225663e+01	6.266054e+01	4.632331e+00	3.753965e-01	0.000000e+00	0.000000e+00	0.000000e+00	4.470269e-04	5.622450e-09	2.428952e-03	9.553906e+06	1.201636e+02	5.191182e+07	
7.150000e+00	2.142947e+10	3.471451e+10	1.352360e+01	7.225663e+01	6.264581e+01	4.632331e+00	3.791468e-01	0.000000e+00	0.000000e+00	0.000000e+00	4.557656e-04	5.544892e-09	2.431637e-03	9.766814e+06	1.188241e+02	5.210869e+07	
7.200000e+00	2.149020e+10	3.468166e+10	1.352268e+01	7.225663e+01	6.264152e+01	4.632331e+00	3.799393e-01	0.000000e+00	0.000000e+00	0.000000e+00	4.627782e-04	5.474000e-09	2.433982e-03	9.945196e+06	1.176373e+02	5.230676e+07	
7.250000e+00	2.155171e+10	3.559691e+10	1.352236e+01	7.225663e+01	6.264004e+01	4.632331e+00	4.044202e-01	0.000000e+00	0.000000e+00	0.000000e+00	4.683349e-04	5.381772e-09	2.436039e-03	1.009342e+07	1.159864e+02	5.250081e+07	
7.300000e+00	2.162986e+10	3.642329e+10	1.353256e+01	7.225663e+01	6.268729e+01	4.632331e+00	4.142643e-01	0.000000e+00	0.000000e+00	0.000000e+00	5.096735e-04	5.339424e-09	2.444199e-03	1.102417e+07	1.154910e+02	5.286768e+07	
7.350000e+00	2.171200e+10	3.728897e+10	1.354530e+01	7.225663e+01	6.274634e+01	4.632331e+00	4.273258e-01	0.000000e+00	0.000000e+00	0.000000e+00	5.077856e-04	5.327356e-09	2.445561e-03	1.102504e+07	1.156675e+02	5.309802e+07	
7.400000e+00	2.179966e+10	3.724757e+10	1.356152e+01	7.225663e+01	6.282146e+01	4.632331e+00	4.088577e-01	0.000000e+00	0.000000e+00	0.000000e+00	5.427105e-04	5.333851e-09	2.453149e-03	1.183090e+07	1.162761e+02	5.347781e+07	
7.450000e+00	2.187058e+10	3.861543e+10	1.356737e+01	7.225663e+01	6.284854e+01	4.632331e+00	4.385782e-01	0.000000e+00	0.000000e+00	0.000000e+00	5.359945e-04	5.380920e-09	2.453909e-03	1.172251e+07	1.176838e+02	5.366842e+07	
7.500000e+00	2.196013e+10	3.853845e+10	1.358482e+01	7.225663e+01	6.292937e+01	4.632331e+00	3.995891e-01	0.000000e+00	0.000000e+00	0.000000e+00	5.670165e-04	5.527518e-09	2.461299e-03	1.245176e+07	1.213850e+02	5.405045e+07	
7.550000e+00	2.201867e+10	3.886273e+10	1.358314e+01	7.225663e+01	6.292161e+01	4.632331e+00	4.045598e-01	0.000000e+00	0.000000e+00	0.000000e+00	5.176441e-04	5.647463e-09	2.455223e-03	1.139784e+07	1.243497e+02	5.406076e+07	
7.600000e+00	2.208103e+10	3.942426e+10	1.358393e+01	7.225663e+01	6.292524e+01	4.632331e+00	4.092697e-01	0.000000e+00	0.000000e+00	0.000000e+00	5.160184e-04	5.739202e-09	2.457085e-03	1.139422e+07	1.267275e+02	5.425496e+07	
7.650000e+00	2.214638e+10	3.960781e+10	1.358665e+01	7.225663e+01	6.293784e+01	4.632331e+00	3.968410e-01	0.000000e+00	0.000000e+00	0.000000e+00	5.149761e-04	5.884004e-09	2.459196e-03	1.140486e+07	1.303094e+02	5.446227e+07	
7.700000e+00	2.220257e+10	3.869139e+10	1.358385e+01	7.225663e+01	6.292491e+01	4.632331e+00	3.900599e-01	0.000000e+00	0.000000e+00	0.000000e+00	5.141992e-04	5.985639e-09	2.461305e-03	1.141654e+07	1.328966e+02	5.464729e+07	
7.750000e+00	2.225489e+10	3.947358e+10	1.357881e+01	7.225663e+01	6.290156e+01	4.632331e+00	3.871106e-01	0.000000e+00	0.000000e+00	0.000000e+00	5.131293e-04	6.016494e-09	2.463051e-03	1.141963e+07	1.338964e+02	5.481494e+07	
7.800000e+00	2.230653e+10	3.888144e+10	1.357349e+01	7.225663e+01	6.287688e+01	4.632331e+00	4.177746e-01	0.000000e+00	0.000000e+00	0.000000e+00	5.125126e-04	6.024186e-09	2.464518e-03	1.143238e+07	1.343787e+02	5.497483e+07	
7.850000e+00	2.238037e+10	4.036250e+10	1.358176e+01	7.225663e+01	6.291522e+01	4.632331e+00	4.397727e-01	0.000000e+00	0.000000e+00	0.000000e+00	5.465798e-04	5.968470e-09	2.471275e-03	1.223266e+07	1.335766e+02	5.530806e+07	
7.900000e+00	2.246700e+10	3.992531e+10	1.359783e+01	7.225663e+01	6.298965e+01	4.632331e+00	4.249475e-01	0.000000e+00	0.000000e+00	0.000000e+00	5.405605e-04	6.055944e-09	2.472260e-03	1.214477e+07	1.360589e+02	5.554427e+07	
7.950000e+00	2.253938e+10	3.967398e+10	1.360530e+01	7.225663e+01	6.302427e+01	4.632331e+00	4.448909e-01	0.000000e+00	0.000000e+00	0.000000e+00	5.357297e-04	6.181630e-09	2.473626e-03	1.207501e+07	1.393301e+02	5.575398e+07	
8.000000e+00	2.262337e+10	3.877580e+10	1.361983e+01	7.225663e+01	6.309157e+01	4.632331e+00	4.187266e-01	0.000000e+00	0.000000e+00	0.000000e+00	5.741592e-04	6.305699e-09	2.482826e-03	1.298942e+07	1.426562e+02	5.616989e+07	
8.050000e+00	2.268578e+10	3.911257e+10	1.362142e+01	7.225663e+01	6.309891e+01	4.632331e+00	4.344319e-01	0.000000e+00	0.000000e+00	0.000000e+00	5.636309e-04	6.384572e-09	2.483436e-03	1.278641e+07	1.448390e+02	5.633868e+07	
8.100000e+00	2.275848e+10	3.903464e+10	1.362925e+01	7.225663e+01	6.313518e+01	4.632331e+00	4.054402e-01	0.000000e+00	0.000000e+00	0.000000e+00	5.894113e-04	6.466929e-09	2.489683e-03	1.341410e+07	1.471775e+02	5.666138e+07	
8.150000e+00	2.280938e+10	3.943705e+10	1.362411e+01	7.225663e+01	6.311139e+01	4.632331e+00	4.092635e-01	0.000000e+00	0.000000e+00	0.000000e+00	5.382444e-04	6.527183e-09	2.482662e-03	1.227702e+07	1.488810e+02	5.662797e+07	
8.200000e+00	2.286423e+10	3.862639e+10	1.362145e+01	7.225663e+01	6.309905e+01	4.632331e+00	4.020762e-01	0.000000e+00	0.000000e+00	0.000000e+00	5.336544e-04	6.557032e-09	2.483384e-03	1.220160e+07	1.499215e+02	5.678067e+07	
8.250000e+00	2.291488e+10	3.902943e+10	1.361639e+01	7.225663e+01	6.307563e+01	4.632331e+00	3.810379e-01	0.000000e+00	0.000000e+00	0.000000e+00	5.293246e-04	6.498468e-09	2.483878e-03	1.212941e+07	1.489116e+02	5.691775e+07	
8.300000e+00	2.295253e+10	3.808241e+10	1.360375e+01	7.225663e+01	6.301705e+01	4.632331e+00	3.811740e-01	0.000000e+00	0.000000e+00	0.000000e+00	4.877310e-04	6.435135e-09	2.477781e-03	1.119466e+07	1.477026e+02	5.687133e+07	
8.350000e+00	2.299359e+10	3.738987e+10	1.359327e+01	7.225663e+01	6.296854e+01	4.632331e+00	3.806243e-01	0.000000e+00	0.000000e+00	0.000000e+00	4.899485e-04	6.275706e-09	2.478712e-03	1.126567e+07	1.443010e+02	5.699449e+07	
8.400000e+00	2.303703e+10	3.905005e+10	1.358434e+01	7.225663e+01	6.292717e+01	4.632331e+00	3.983590e-01	0.000000e+00	0.000000e+00	0.000000e+00	4.913611e-04	6.120016e-09	2.479250e-03	1.131950e+07	1.409870e+02	5.711455e+07	
8.450000e+00	2.309485e+10	4.195021e+10	1.358401e+01	7.225663e+01	6.292562e+01	4.632331e+00	4.120031e-01	0.000000e+00	0.000000e+00	0.000000e+00	4.929874e-04	6.051525e-09	2.479885e-03	1.138547e+07	1.397591e+02	5.727259e+07	
8.500000e+00	2.316204e+10	4.406984e+10	1.358925e+01	7.225663e+01	6.294991e+01	4.632331e+00	4.411862e-01	0.000000e+00	0.000000e+00	0.000000e+00	4.950621e-04	6.029136e-09	2.480897e-03	1.146665e+07	1.396471e+02	5.746262e+07	
8.550000e+00	2.324768e+10	4.533883e+10	1.360536e+01	7.225663e+01	6.302452e+01	4.632331e+00	4.335659e-01	0.000000e+00	0.000000e+00	0.000000e+00	5.315880e-04	6.126607e-09	2.487961e-03	1.235819e+07	1.424294e+02	5.783933e+07	
8.600000e+00	2.332396e+10	4.695386e+10	1.361600e+01	7.225663e+01	6.307382e+01	4.632331e+00	4.496763e-01	0.000000e+00	0.000000e+00	0.000000e+00	5.285225e-04	6.260443e-09	2.488930e-03	1.232724e+07	1.460183e+02	5.805171e+07	
8.650000e+00	2.340844e+10	4.842099e+10	1.363145e+01	7.225663e+01	6.314539e+01	4.632331e+00	4.295070e-01	0.000000e+00	0.000000e+00	0.000000e+00	5.601419e-04	6.384668e-09	2.495804e-03	1.311205e+07	1.494551e+02	5.842288e+07	
8.700000e+00	2.347517e+10	5.066042e+10	1.363660e+01	7.225663e+01	6.316923e+01	4.632331e+00	4.600599e-01	0.000000e+00	0.000000e+00	0.000000e+00	5.533367e-04	6.468692e-09	2.496283e-03	1.298967e+07	1.518536e+02	5.860067e+07	
8.750000e+00	2.356139e+10	5.287220e+10	1.365310e+01	7.225663e+01	6.324566e+01	4.632331e+00	4.520739e-01	0.000000e+00	0.000000e+00	0.000000e+00	5.890354e-04	6.606572e-09	2.504773e-03	1.387849e+07	1.556600e+02	5.901594e+07	
8.800000e+00	2.363790e+10	5.395665e+10	1.366398e+01	7.225663e+01	6.329607e+01	4.632331e+00	4.614826e-01	0.000000e+00	0.000000e+00	0.000000e+00	5.793157e-04	6.732681e-09	2.505480e-03	1.369381e+07	1.591464e+02	5.922429e+07	
8.850000e+00	2.371801e+10	5.452615e+10	1.367697e+01	7.225663e+01	6.335626e+01	4.632331e+00	4.508494e-01	0.000000e+00	0.000000e+00	0.000000e+00	5.715809e-04	6.876210e-09	2.506711e-03	1.355676e+07	1.630900e+02	5.945419e+07	
8.900000e+00	2.378749e+10	5.428269e+10	1.368386e+01	7.225663e+01	6.338819e+01	4.632331e+00	4.337423e-01	0.000000e+00	0.000000e+00	0.000000e+00	5.651948e-04	6.973369e-09	2.508038e-03	1.344457e+07	1.658790e+02	5.965993e+07	
8.950000e+00	2.384348e+10	5.212722e+10	1.368306e+01	7.225663e+01	6.338448e+01	4.632331e+00	4.132572e-01	0.000000e+00	0.000000e+00	0.000000e+00	5.596292e-04	7.002058e-09	2.509234e-03	1.334351e+07	1.669535e+02	5.982888e+07	
9.000000e+00	2.388567e+10	5.202604e+10	1.367444e+01	7.225663e+01	6.334454e+01	4.632331e+00	4.089641e-01	0.000000e+00	0.000000e+00	0.000000e+00	5.538105e-04	6.889965e-09	2.509779e-03	1.322813e+07	1.645714e+02	5.994775e+07	
9.050000e+00	2.392717e+10	5.186100e+10	1.366555e+01	7.225663e+01	6.330333e+01	4.632331e+00	3.998789e-01	0.000000e+00	0.000000e+00	0.000000e+00	5.486253e-04	6.758866e-09	2.510088e-03	1.312705e+07	1.617205e+02	6.005930e+07	
9.100000e+00	2.396479e+10	5.250063e+10	1.365456e+01	7.225663e+01	6.325243e+01	4.632331e+00	4.031602e-01	0.000000e+00	0.000000e+00	0.000000e+00	5.439536e-04	6.608706e-09	2.510165e-03	1.303573e+07	1.583762e+02	6.015557e+07	
9.150000e+00	2.400752e+10	5.324598e+10	1.364660e+01	7.225663e+01	6.321559e+01	4.632331e+00	4.013987e-01	0.000000e+00	0.000000e+00	0.000000e+00	5.399202e-04	6.468727e-09	2.510057e-03	1.296214e+07	1.552981e+02	6.026024e+07	
9.200000e+00	2.405112e+10	5.466916e+10	1.363926e+01	7.225663e+01	6.318158e+01	4.632331e+00	4.039996e-01	0.000000e+00	0.000000e+00	0.000000e+00	5.363417e-04	6.321650e-09	2.509877e-03	1.289962e+07	1.520428e+02	6.036536e+07	
9.250000e+00	2.409843e+10	5.560024e+10	1.363412e+01	7.225663e+01	6.315776e+01	4.632331e+00	4.184340e-01	0.000000e+00	0.000000e+00	0.000000e+00	5.334695e-04	6.183743e-09	2.509652e-03	1.285578e+07	1.490185e+02	6.047867e+07	
9.300000e+00	2.415691e+10	5.603218e+10	1.363539e+01	7.225663e+01	6.316363e+01	4.632331e+00	4.181689e-01	0.000000e+00	0.000000e+00	0.000000e+00	5.311782e-04	6.126261e-09	2.510177e-03	1.283163e+07	1.479916e+02	6.063813e+07	
9.350000e+00	2.421489e+10	5.529919e+10	1.363644e+01	7.225663e+01	6.316849e+01	4.632331e+00	4.134388e-01	0.000000e+00	0.000000e+00	0.000000e+00	5.293123e-04	6.093873e-09	2.510581e-03	1.281724e+07	1.475625e+02	6.079344e+07	
9.400000e+00	2.426937e+10	5.791210e+10	1.363559e+01	7.225663e+01	6.316456e+01	4.632331e+00	4.419509e-01	0.000000e+00	0.000000e+00	0.000000e+00	5.273419e-04	6.038433e-09	2.510737e-03	1.279825e+07	1.465489e+02	6.093400e+07	
9.450000e+00	2.434350e+10	5.833803e+10	1.364583e+01	7.225663e+01	6.321203e+01	4.632331e+00	4.273327e-01	0.000000e+00	0.000000e+00	0.000000e+00	5.654193e-04	6.017600e-09	2.518430e-03	1.376429e+07	1.464895e+02	6.130740e+07	
9.500000e+00	2.440501e+10	5.997781e+10	1.364904e+01	7.225663e+01	6.322688e+01	4.632331e+00	4.308543e-01	0.000000e+00	0.000000e+00	0.000000e+00	5.584531e-04	5.957222e-09	2.518316e-03	1.362905e+07	1.453861e+02	6.145952e+07	
9.550000e+00	2.446808e+10	6.147532e+10	1.365318e+01	7.225663e+01	6.324606e+01	4.632331e+00	4.313750e-01	0.000000e+00	0.000000e+00	0.000000e+00	5.529430e-04	5.942410e-09	2.518390e-03	1.352945e+07	1.453994e+02	6.162018e+07	
9.600000e+00	2.453043e+10	6.213973e+10	1.365697e+01	7.225663e+01	6.326361e+01	4.632331e+00	4.305632e-01	0.000000e+00	0.000000e+00	0.000000e+00	5.487198e-04	5.964880e-09	2.518775e-03	1.346033e+07	1.463211e+02	6.178663e+07	
9.650000e+00	2.459124e+10	6.161778e+10	1.365996e+01	7.225663e+01	6.327744e+01	4.632331e+00	4.107324e-01	0.000000e+00	0.000000e+00	0.000000e+00	5.452751e-04	6.001595e-09	2.519287e-03	1.340899e+07	1.475867e+02	6.195240e+07	
9.700000e+00	2.463773e+10	6.184974e+10	1.365506e+01	7.225663e+01	6.325476e+01	4.632331e+00	4.121713e-01	0.000000e+00	0.000000e+00	0.000000e+00	5.420810e-04	5.988339e-09	2.519630e-03	1.335565e+07	1.475391e+02	6.207798e+07	
9.750000e+00	2.468649e+10	6.321132e+10	1.365151e+01	7.225663e+01	6.323830e+01	4.632331e+00	4.279788e-01	0.000000e+00	0.000000e+00	0.000000e+00	5.392424e-04	5.976727e-09	2.519832e-03	1.331200e+07	1.475444e+02	6.220579e+07	
9.800000e+00	2.474696e+10	6.314782e+10	1.365450e+01	7.225663e+01	6.325217e+01	4.632331e+00	4.270301e-01	0.000000e+00	0.000000e+00	0.000000e+00	5.369932e-04	5.983986e-09	2.520424e-03	1.328895e+07	1.480854e+02	6.237281e+07	
9.850000e+00	2.480600e+10	6.339772e+10	1.365676e+01	7.225663e+01	6.326265e+01	4.632331e+00	4.259932e-01	0.000000e+00	0.000000e+00	0.000000e+00	5.348944e-04	5.954643e-09	2.520891e-03	1.326859e+07	1.477109e+02	6.253321e+07	
9.900000e+00	2.486374e+10	6.143757e+10	1.365837e+01	7.225663e+01	6.327009e+01	4.632331e+00	3.815346e-01	0.000000e+00	0.000000e+00	0.000000e+00	5.332261e-04	5.945250e-09	2.521643e-03	1.325800e+07	1.478212e+02	6.269749e+07	
9.950000e+00	2.489071e+10	6.373247e+10	1.364316e+01	7.225663e+01	6.319966e+01	4.632331e+00	4.295343e-01	0.000000e+00	0.000000e+00	0.000000e+00	4.960208e-04	5.863646e-09	2.516046e-03	1.234631e+07	1.459503e+02	6.262617e+07	
1.000000e+01	2.495441e+10	6.309998e+10	1.364818e+01	7.225663e+01	6.322291e+01	4.632331e+00	4.217250e-01	0.000000e+00	0.000000e+00	0.000000e+00	5.381119e-04	5.847545e-09	2.524312e-03	1.342827e+07	1.459220e+02	6.299272e+07	
1.005000e+01	2.501148e+10	6.088556e+10	1.364962e+01	7.225663e+01	6.322958e+01	4.632331e+00	4.057475e-01	0.000000e+00	0.000000e+00	0.000000e+00	5.356206e-04	5.836532e-09	2.524629e-03	1.339666e+07	1.459803e+02	6.314469e+07	
1.010000e+01	2.505726e+10	6.123740e+10	1.364498e+01	7.225663e+01	6.320807e+01	4.632331e+00	4.065039e-01	0.000000e+00	0.000000e+00	0.000000e+00	5.332995e-04	5.820841e-09	2.524752e-03	1.336302e+07	1.458543e+02	6.326337e+07	
1.015000e+01	2.510478e+10	6.118895e+10	1.364136e+01	7.225663e+01	6.319130e+01	4.632331e+00	4.151213e-01	0.000000e+00	0.000000e+00	0.000000e+00	5.312744e-04	5.788231e-09	2.524833e-03	1.333752e+07	1.453123e+02	6.338537e+07	
1.020000e+01	2.515912e+10	6.116191e+10	1.364152e+01	7.225663e+01	6.319203e+01	4.632331e+00	3.979786e-01	0.000000e+00	0.000000e+00	0.000000e+00	5.675090e-04	5.714763e-09	2.531543e-03	1.427803e+07	1.437784e+02	6.369139e+07	
1.025000e+01	2.520172e+10	6.225555e+10	1.363539e+01	7.225663e+01	6.316365e+01	4.632331e+00	4.047774e-01	0.000000e+00	0.000000e+00	0.000000e+00	5.602804e-04	5.627206e-09	2.530589e-03	1.412003e+07	1.418153e+02	6.377521e+07	
1.030000e+01	2.525057e+10	6.325187e+10	1.363272e+01	7.225663e+01	6.315127e+01	4.632331e+00	3.907309e-01	0.000000e+00	0.000000e+00	0.000000e+00	5.543897e-04	5.580646e-09	2.529896e-03	1.399865e+07	1.409145e+02	6.388130e+07	
1.035000e+01	2.529054e+10	6.394305e+10	1.362534e+01	7.225663e+01	6.311708e+01	4.632331e+00	4.036328e-01	0.000000e+00	0.000000e+00	0.000000e+00	5.151391e-04	5.549529e-09	2.523315e-03	1.302814e+07	1.403506e+02	6.381599e+07	
1.040000e+01	2.534123e+10	6.347301e+10	1.362382e+01	7.225663e+01	6.311003e+01	4.632331e+00	4.174686e-01	0.000000e+00	0.000000e+00	0.000000e+00	5.161041e-04	5.506799e-09	2.523413e-03	1.307871e+07	1.395490e+02	6.394639e+07	
1.045000e+01	2.540174e+10	6.486487e+10	1.362763e+01	7.225663e+01	6.312769e+01	4.632331e+00	4.321413e-01	0.000000e+00	0.000000e+00	0.000000e+00	5.164838e-04	5.465143e-09	2.523274e-03	1.311959e+07	1.388242e+02	6.409556e+07	
1.050000e+01	2.547126e+10	6.508728e+10	1.363631e+01	7.225663e+01	6.316789e+01	4.632331e+00	4.305668e-01	0.000000e+00	0.000000e+00	0.000000e+00	5.172676e-04	5.499949e-09	2.523663e-03	1.317546e+07	1.400906e+02	6.428089e+07	
1.055000e+01	2.553745e+10	6.471985e+10	1.364323e+01	7.225663e+01	6.319996e+01	4.632331e+00	4.253411e-01	0.000000e+00	0.000000e+00	0.000000e+00	5.180741e-04	5.533450e-09	2.524232e-03	1.323029e+07	1.413102e+02	6.446246e+07	
1.060000e+01	2.559827e+10	6.704025e+10	1.364732e+01	7.225663e+01	6.321892e+01	4.632331e+00	4.394102e-01	0.000000e+00	0.000000e+00	0.000000e+00	5.185998e-04	5.522243e-09	2.524856e-03	1.327526e+07	1.413599e+02	6.463194e+07	
1.065000e+01	2.566763e+10	6.685474e+10	1.365600e+01	7.225663e+01	6.325910e+01	4.632331e+00	4.167196e-01	0.000000e+00	0.000000e+00	0.000000e+00	5.201155e-04	5.650537e-09	2.526038e-03	1.335013e+07	1.450359e+02	6.483742e+07	
1.070000e+01	2.571924e+10	6.582070e+10	1.365527e+01	7.225663e+01	6.325574e+01	4.632331e+00	4.185904e-01	0.000000e+00	0.000000e+00	0.000000e+00	4.875524e-04	5.765649e-09	2.521549e-03	1.253948e+07	1.482881e+02	6.485233e+07	
1.075000e+01	2.577232e+10	6.386685e+10	1.365538e+01	7.225663e+01	6.325627e+01	4.632331e+00	3.960440e-01	0.000000e+00	0.000000e+00	0.000000e+00	4.932462e-04	5.826838e-09	2.523591e-03	1.271210e+07	1.501712e+02	6.503879e+07	
1.080000e+01	2.580998e+10	6.192437e+10	1.364740e+01	7.225663e+01	6.321927e+01	4.632331e+00	3.742314e-01	0.000000e+00	0.000000e+00	0.000000e+00	4.637488e-04	5.853098e-09	2.519502e-03	1.196935e+07	1.510683e+02	6.502830e+07	
1.085000e+01	2.583484e+10	6.450720e+10	1.363275e+01	7.225663e+01	6.315142e+01	4.632331e+00	4.313795e-01	0.000000e+00	0.000000e+00	0.000000e+00	4.378951e-04	5.798787e-09	2.515645e-03	1.131295e+07	1.498107e+02	6.499130e+07	
1.090000e+01	2.590251e+10	6.620232e+10	1.364076e+01	7.225663e+01	6.318853e+01	4.632331e+00	4.585077e-01	0.000000e+00	0.000000e+00	0.000000e+00	4.500047e-04	5.812569e-09	2.518129e-03	1.165625e+07	1.505601e+02	6.522587e+07	
1.095000e+01	2.598660e+10	6.765154e+10	1.365743e+01	7.225663e+01	6.326572e+01	4.632331e+00	4.592848e-01	0.000000e+00	0.000000e+00	0.000000e+00	4.610873e-04	5.938828e-09	2.521111e-03	1.198209e+07	1.543299e+02	6.551509e+07	
1.100000e+01	2.606690e+10	6.771562e+10	1.367209e+01	7.225663e+01	6.333367e+01	4.632331e+00	4.373107e-01	0.000000e+00	0.000000e+00	0.000000e+00	4.711634e-04	6.142452e-09	2.524454e-03	1.228177e+07	1.601147e+02	6.580468e+07	
1.105000e+01	2.612839e+10	6.876377e+10	1.367691e+01	7.225663e+01	6.335598e+01	4.632331e+00	4.360544e-01	0.000000e+00	0.000000e+00	0.000000e+00	4.797357e-04	6.282521e-09	2.527632e-03	1.253472e+07	1.641522e+02	6.604297e+07	
1.110000e+01	2.618777e+10	6.884923e+10	1.368066e+01	7.225663e+01	6.337334e+01	4.632331e+00	4.464475e-01	0.000000e+00	0.000000e+00	0.000000e+00	4.872709e-04	6.399859e-09	2.530737e-03	1.276054e+07	1.675981e+02	6.627437e+07	
1.115000e+01	2.625329e+10	6.852252e+10	1.368765e+01	7.225663e+01	6.340571e+01	4.632331e+00	4.409119e-01	0.000000e+00	0.000000e+00	0.000000e+00	4.935822e-04	6.504095e-09	2.533459e-03	1.295816e+07	1.707539e+02	6.651163e+07	
1.120000e+01	2.631321e+10	6.869251e+10	1.369174e+01	7.225663e+01	6.342470e+01	4.632331e+00	3.990092e-01	0.000000e+00	0.000000e+00	0.000000e+00	4.988317e-04	6.566357e-09	2.536027e-03	1.312586e+07	1.727819e+02	6.673101e+07	
1.125000e+01	2.634337e+10	7.079151e+10	1.368043e+01	7.225663e+01	6.337229e+01	4.632331e+00	4.254787e-01	0.000000e+00	0.000000e+00	0.000000e+00	4.702318e-04	6.577646e-09	2.532621e-03	1.238749e+07	1.732774e+02	6.671779e+07	
1.130000e+01	2.639460e+10	7.094170e+10	1.368013e+01	7.225663e+01	6.337091e+01	4.632331e+00	4.242476e-01	0.000000e+00	0.000000e+00	0.000000e+00	4.790877e-04	6.598030e-09	2.535690e-03	1.264533e+07	1.741524e+02	6.692853e+07	
1.135000e+01	2.644507e+10	7.253706e+10	1.367949e+01	7.225663e+01	6.336795e+01	4.632331e+00	4.591340e-01	0.000000e+00	0.000000e+00	0.000000e+00	4.864461e-04	6.581643e-09	2.538352e-03	1.286410e+07	1.740520e+02	6.712691e+07	
1.140000e+01	2.651957e+10	7.255352e+10	1.369131e+01	7.225663e+01	6.342271e+01	4.632331e+00	4.705858e-01	0.000000e+00	0.000000e+00	0.000000e+00	5.229264e-04	6.619303e-09	2.545849e-03	1.386778e+07	1.755411e+02	6.751481e+07	
1.145000e+01	2.659884e+10	7.249043e+10	1.370560e+01	7.225663e+01	6.348890e+01	4.632331e+00	4.335782e-01	0.000000e+00	0.000000e+00	0.000000e+00	5.603857e-04	6.637149e-09	2.554053e-03	1.490561e+07	1.765405e+02	6.793485e+07	
1.150000e+01	2.664907e+10	7.168688e+10	1.370495e+01	7.225663e+01	6.348588e+01	4.632331e+00	4.265465e-01	0.000000e+00	0.000000e+00	0.000000e+00	5.235965e-04	6.640833e-09	2.549412e-03	1.395336e+07	1.769721e+02	6.793947e+07	
1.155000e+01	2.669465e+10	7.128803e+10	1.370197e+01	7.225663e+01	6.347205e+01	4.632331e+00	4.072100e-01	0.000000e+00	0.000000e+00	0.000000e+00	5.246828e-04	6.669923e-09	2.551066e-03	1.400623e+07	1.780513e+02	6.809983e+07	
1.160000e+01	2.672776e+10	7.203328e+10	1.369265e+01	7.225663e+01	6.342891e+01	4.632331e+00	4.273344e-01	0.000000e+00	0.000000e+00	0.000000e+00	4.925925e-04	6.692052e-09	2.546806e-03	1.316590e+07	1.788636e+02	6.807044e+07	
1.165000e+01	2.677708e+10	7.425088e+10	1.369172e+01	7.225663e+01	6.342457e+01	4.632331e+00	4.475814e-01	0.000000e+00	0.000000e+00	0.000000e+00	4.977020e-04	6.714971e-09	2.548442e-03	1.332701e+07	1.798073e+02	6.823986e+07	
1.170000e+01	2.684051e+10	7.621377e+10	1.369803e+01	7.225663e+01	6.345382e+01	4.632331e+00	4.603421e-01	0.000000e+00	0.000000e+00	0.000000e+00	5.025661e-04	6.773549e-09	2.550270e-03	1.348913e+07	1.818055e+02	6.845053e+07	
1.175000e+01	2.691104e+10	7.750379e+10	1.370799e+01	7.225663e+01	6.349995e+01	4.632331e+00	4.675108e-01	0.000000e+00	0.000000e+00	0.000000e+00	5.071571e-04	6.863266e-09	2.552557e-03	1.364812e+07	1.846976e+02	6.869194e+07	
1.180000e+01	2.698390e+10	7.787637e+10	1.371915e+01	7.225663e+01	6.355164e+01	4.632331e+00	4.575913e-01	0.000000e+00	0.000000e+00	0.000000e+00	5.113657e-04	6.955023e-09	2.554620e-03	1.379864e+07	1.876737e+02	6.893362e+07	
1.185000e+01	2.704708e+10	7.795084e+10	1.372540e+01	7.225663e+01	6.358059e+01	4.632331e+00	4.506861e-01	0.000000e+00	0.000000e+00	0.000000e+00	5.150152e-04	6.987141e-09	2.556627e-03	1.392966e+07	1.889818e+02	6.914931e+07	
1.190000e+01	2.710391e+10	7.992236e+10	1.372845e+01	7.225663e+01	6.359474e+01	4.632331e+00	5.086813e-01	0.000000e+00	0.000000e+00	0.000000e+00	5.181545e-04	7.033608e-09	2.558636e-03	1.404401e+07	1.906383e+02	6.934902e+07	
1.195000e+01	2.719975e+10	8.125176e+10	1.375127e+01	7.225663e+01	6.370044e+01	4.632331e+00	5.152567e-01	0.000000e+00	0.000000e+00	0.000000e+00	5.858617e-04	7.151235e-09	2.571845e-03	1.593529e+07	1.945118e+02	6.995355e+07	
1.200000e+01	2.729427e+10	8.170937e+10	1.377338e+01	7.225663e+01	6.380287e+01	4.632331e+00	4.949723e-01	0.000000e+00	0.000000e+00	0.000000e+00	6.155499e-04	7.285091e-09	2.579159e-03	1.680098e+07	1.988412e+02	7.039627e+07	
1.205000e+01	2.736916e+10	8.151735e+10	1.378557e+01	7.225663e+01	6.385935e+01	4.632331e+00	4.585870e-01	0.000000e+00	0.000000e+00	0.000000e+00	6.064426e-04	7.485502e-09	2.580107e-03	1.659782e+07	2.048719e+02	7.061536e+07	
1.210000e+01	2.741584e+10	7.937326e+10	1.378359e+01	7.225663e+01	6.385013e+01	4.632331e+00	4.232370e-01	0.000000e+00	0.000000e+00	0.000000e+00	5.986100e-04	7.584258e-09	2.581055e-03	1.641140e+07	2.079288e+02	7.076178e+07	
1.215000e+01	2.743867e+10	7.780727e+10	1.376968e+01	7.225663e+01	6.378573e+01	4.632331e+00	4.311158e-01	0.000000e+00	0.000000e+00	0.000000e+00	5.909539e-04	7.482709e-09	2.581294e-03	1.621499e+07	2.053156e+02	7.082726e+07	
1.220000e+01	2.747055e+10	7.784904e+10	1.376041e+01	7.225663e+01	6.374277e+01	4.632331e+00	4.574733e-01	0.000000e+00	0.000000e+00	0.000000e+00	5.835115e-04	7.324732e-09	2.580888e-03	1.602938e+07	2.012144e+02	7.089842e+07	
1.225000e+01	2.752297e+10	7.729883e+10	1.376149e+01	7.225663e+01	6.374776e+01	4.632331e+00	4.308620e-01	0.000000e+00	0.000000e+00	0.000000e+00	5.772890e-04	7.304604e-09	2.581052e-03	1.588871e+07	2.010444e+02	7.103823e+07	
1.230000e+01	2.755681e+10	7.666092e+10	1.375333e+01	7.225663e+01	6.370998e+01	4.632331e+00	4.208350e-01	0.000000e+00	0.000000e+00	0.000000e+00	5.400182e-04	7.333184e-09	2.575876e-03	1.488118e+07	2.020791e+02	7.098291e+07	
1.235000e+01	2.758587e+10	7.503461e+10	1.374287e+01	7.225663e+01	6.366152e+01	4.632331e+00	4.145672e-01	0.000000e+00	0.000000e+00	0.000000e+00	5.391253e-04	7.248205e-09	2.576470e-03	1.487224e+07	1.999480e+02	7.107415e+07	
1.240000e+01	2.761335e+10	7.734447e+10	1.373170e+01	7.225663e+01	6.360980e+01	4.632331e+00	4.200863e-01	0.000000e+00	0.000000e+00	0.000000e+00	5.376908e-04	7.134260e-09	2.576680e-03	1.484744e+07	1.970008e+02	7.115075e+07	
1.245000e+01	2.764753e+10	7.775671e+10	1.372395e+01	7.225663e+01	6.357389e+01	4.632331e+00	4.058560e-01	0.000000e+00	0.000000e+00	0.000000e+00	5.371285e-04	7.122878e-09	2.577245e-03	1.485028e+07	1.969300e+02	7.125445e+07	
