# COLUMN NUMBERS: 
#	0: time [Gyr]
#	1: mgas [Msun]			ISM gas mass
#	2: mstar [Msun]			Stellar mass
#	3: sfr [Msun/yr]		Star formation rate
#	4: ifr [Msun/yr]		Infall rate
#	5: ofr [Msun/yr]		Outfow rate
#	6: eta_0			Mass-loading factor
#	7: r_eff			Effective recycilng rate
#	8: z_in(fe)			Inflow fe metallicity
#	9: z_in(sr)			Inflow sr metallicity
#	10: z_in(o)			Inflow o metallicity
#	11: z_out(fe)			Outflow fe metallicity
#	12: z_out(sr)			Outflow sr metallicity
#	13: z_out(o)			Outflow o metallicity
#	14: mass(fe) [Msun]		mass of element fe in ISM
#	15: mass(sr) [Msun]		mass of element sr in ISM
#	16: mass(o) [Msun]		mass of element o in ISM
0.000000e+00	1.000000e-12	3.748255e-20	1.000000e-27	1.225221e+02	-nan	2.223995e+01	2.503490e-01	0.000000e+00	0.000000e+00	0.000000e+00	-nan	-nan	-nan	0.000000e+00	0.000000e+00	0.000000e+00	
5.000000e-02	6.126106e+09	2.296220e+02	6.126106e-06	1.225221e+02	1.363436e-04	2.223995e+01	2.503490e-01	0.000000e+00	0.000000e+00	0.000000e+00	5.391767e-05	6.020807e-10	6.739709e-04	0.000000e+00	0.000000e+00	0.000000e+00	
1.000000e-01	1.225220e+10	6.819468e+02	1.225220e-05	1.225221e+02	2.726869e-04	2.223995e+01	2.616435e-01	0.000000e+00	0.000000e+00	0.000000e+00	5.391767e-05	6.020807e-10	6.739709e-04	0.000000e+00	0.000000e+00	0.000000e+00	
1.500000e-01	1.837830e+10	1.352815e+03	1.837830e-05	1.225221e+02	4.090394e-04	2.223995e+01	2.699339e-01	0.000000e+00	0.000000e+00	0.000000e+00	7.313748e-05	6.044047e-10	6.773011e-04	0.000000e+00	0.000000e+00	0.000000e+00	
2.000000e-01	2.450438e+10	2.023683e+03	2.450438e-05	1.225221e+02	5.453918e-04	2.223995e+01	2.740791e-01	0.000000e+00	0.000000e+00	0.000000e+00	8.277999e-05	6.065889e-10	6.789952e-04	0.000000e+00	0.000000e+00	0.000000e+00	
2.500000e-01	3.063046e+10	2.694550e+03	3.063046e-05	1.225221e+02	6.817440e-04	2.223995e+01	2.765663e-01	0.000000e+00	0.000000e+00	0.000000e+00	8.856539e-05	6.078993e-10	6.800117e-04	0.000000e+00	0.000000e+00	0.000000e+00	
3.000000e-01	3.675653e+10	3.365416e+03	3.675653e-05	1.225221e+02	8.180960e-04	2.223995e+01	2.782244e-01	0.000000e+00	0.000000e+00	0.000000e+00	9.242228e-05	6.087730e-10	6.806894e-04	0.000000e+00	0.000000e+00	0.000000e+00	
3.500000e-01	4.288259e+10	2.943563e+03	4.288259e-05	1.225221e+02	9.544479e-04	2.223995e+01	2.697109e-01	0.000000e+00	0.000000e+00	0.000000e+00	9.517718e-05	6.093970e-10	6.811734e-04	0.000000e+00	0.000000e+00	0.000000e+00	
4.000000e-01	4.900865e+10	3.395884e+03	4.900865e-05	1.225221e+02	1.090799e-03	2.223995e+01	2.701143e-01	0.000000e+00	0.000000e+00	0.000000e+00	9.716103e-05	6.073097e-10	6.814636e-04	0.000000e+00	0.000000e+00	0.000000e+00	
4.500000e-01	5.513470e+10	3.848206e+03	5.513470e-05	1.225221e+02	1.227151e-03	2.223995e+01	2.704280e-01	0.000000e+00	0.000000e+00	0.000000e+00	9.876255e-05	6.075033e-10	6.817411e-04	0.000000e+00	0.000000e+00	0.000000e+00	
5.000000e-01	6.126074e+10	4.300526e+03	6.126074e-05	1.225221e+02	1.363502e-03	2.223995e+01	2.706790e-01	0.000000e+00	0.000000e+00	0.000000e+00	1.000438e-04	6.076583e-10	6.819631e-04	0.000000e+00	0.000000e+00	0.000000e+00	
5.500000e-01	6.738678e+10	4.752846e+03	6.738678e-05	1.225221e+02	1.499854e-03	2.223995e+01	2.708843e-01	0.000000e+00	0.000000e+00	0.000000e+00	1.010920e-04	6.077850e-10	6.821447e-04	0.000000e+00	0.000000e+00	0.000000e+00	
6.000000e-01	7.351280e+10	7.390597e+03	7.351280e-05	1.225221e+02	1.636205e-03	2.223995e+01	2.823696e-01	0.000000e+00	0.000000e+00	0.000000e+00	1.019656e-04	6.078907e-10	6.822961e-04	0.000000e+00	0.000000e+00	0.000000e+00	
6.500000e-01	7.963883e+10	1.021693e+04	7.963883e-05	1.225221e+02	1.772556e-03	2.223995e+01	2.902114e-01	0.000000e+00	0.000000e+00	0.000000e+00	1.028060e-04	6.111250e-10	6.825138e-04	0.000000e+00	0.000000e+00	0.000000e+00	
7.000000e-01	8.576484e+10	1.323535e+04	8.576484e-05	1.225221e+02	1.908907e-03	2.223995e+01	2.961189e-01	0.000000e+00	0.000000e+00	0.000000e+00	1.035889e-04	6.128266e-10	6.827001e-04	0.000000e+00	0.000000e+00	0.000000e+00	
7.500000e-01	9.189085e+10	1.644764e+04	9.189085e-05	1.225221e+02	2.045258e-03	2.223995e+01	3.008452e-01	0.000000e+00	0.000000e+00	0.000000e+00	1.043181e-04	6.138713e-10	6.828656e-04	0.000000e+00	0.000000e+00	0.000000e+00	
8.000000e-01	9.801685e+10	1.985479e+04	9.801685e-05	1.225221e+02	2.181609e-03	2.223995e+01	3.047840e-01	0.000000e+00	0.000000e+00	0.000000e+00	1.049973e-04	6.146103e-10	6.830161e-04	0.000000e+00	0.000000e+00	0.000000e+00	
8.500000e-01	1.041428e+11	2.345727e+04	1.041428e-04	1.225221e+02	2.317960e-03	2.223995e+01	3.081645e-01	0.000000e+00	0.000000e+00	0.000000e+00	1.056302e-04	6.152266e-10	6.831559e-04	0.000000e+00	0.000000e+00	0.000000e+00	
9.000000e-01	1.102688e+11	2.375864e+04	1.102688e-04	1.225221e+02	2.454311e-03	2.223995e+01	2.990622e-01	0.000000e+00	0.000000e+00	0.000000e+00	1.062208e-04	6.157559e-10	6.832861e-04	0.000000e+00	0.000000e+00	0.000000e+00	
9.500000e-01	1.163948e+11	2.408498e+04	1.163948e-04	1.225221e+02	2.590662e-03	2.223995e+01	2.933944e-01	0.000000e+00	0.000000e+00	0.000000e+00	1.066623e-04	6.127775e-10	6.833095e-04	0.000000e+00	0.000000e+00	0.000000e+00	
1.000000e+00	1.225208e+11	2.442885e+04	1.225208e-04	1.225221e+02	2.727012e-03	2.223995e+01	2.895107e-01	0.000000e+00	0.000000e+00	0.000000e+00	1.070142e-04	6.114125e-10	6.833387e-04	0.000000e+00	0.000000e+00	0.000000e+00	
1.050000e+00	1.286467e+11	2.478580e+04	1.286467e-04	1.225221e+02	2.863362e-03	2.223995e+01	2.866889e-01	0.000000e+00	0.000000e+00	0.000000e+00	1.072984e-04	6.107088e-10	6.833675e-04	0.000000e+00	0.000000e+00	0.000000e+00	
1.100000e+00	1.347727e+11	1.844653e+04	1.347727e-04	1.225221e+02	2.999711e-03	2.223995e+01	2.617068e-01	0.000000e+00	0.000000e+00	0.000000e+00	1.075321e-04	6.102929e-10	6.833931e-04	0.000000e+00	0.000000e+00	0.000000e+00	
1.150000e+00	1.408987e+11	1.637451e+04	1.408987e-04	1.225221e+02	3.135866e-03	2.223995e+01	2.587916e-01	0.000000e+00	0.000000e+00	0.000000e+00	5.492834e-05	6.034870e-10	6.742519e-04	0.000000e+00	0.000000e+00	0.000000e+00	
1.200000e+00	1.470246e+11	1.411451e+04	1.470246e-04	1.225221e+02	3.272205e-03	2.223995e+01	2.562825e-01	0.000000e+00	0.000000e+00	0.000000e+00	5.473024e-05	6.030991e-10	6.741931e-04	0.000000e+00	0.000000e+00	0.000000e+00	
1.250000e+00	1.531505e+11	1.166572e+04	1.531505e-04	1.225221e+02	3.408545e-03	2.223995e+01	2.540812e-01	0.000000e+00	0.000000e+00	0.000000e+00	5.452728e-05	6.027687e-10	6.741353e-04	0.000000e+00	0.000000e+00	0.000000e+00	
1.300000e+00	1.592765e+11	9.027577e+03	1.592765e-04	1.225221e+02	3.544883e-03	2.223995e+01	2.521197e-01	0.000000e+00	0.000000e+00	0.000000e+00	5.432283e-05	6.024844e-10	6.740789e-04	0.000000e+00	0.000000e+00	0.000000e+00	
1.350000e+00	1.654024e+11	6.199703e+03	1.654024e-04	1.225221e+02	3.681222e-03	2.223995e+01	2.503490e-01	0.000000e+00	0.000000e+00	0.000000e+00	5.411912e-05	6.022602e-10	6.740240e-04	0.000000e+00	0.000000e+00	0.000000e+00	
1.400000e+00	1.715283e+11	6.429318e+03	1.715283e-04	1.225221e+02	3.817560e-03	2.223995e+01	2.503490e-01	0.000000e+00	0.000000e+00	0.000000e+00	5.391767e-05	6.020807e-10	6.739709e-04	0.000000e+00	0.000000e+00	0.000000e+00	
1.450000e+00	1.776542e+11	6.658932e+03	1.776542e-04	1.225221e+02	3.953899e-03	2.223995e+01	2.503490e-01	0.000000e+00	0.000000e+00	0.000000e+00	5.391767e-05	6.020807e-10	6.739709e-04	0.000000e+00	0.000000e+00	0.000000e+00	
1.500000e+00	1.837801e+11	6.888547e+03	1.837801e-04	1.225221e+02	4.090238e-03	2.223995e+01	2.503490e-01	0.000000e+00	0.000000e+00	0.000000e+00	5.391767e-05	6.020807e-10	6.739709e-04	0.000000e+00	0.000000e+00	0.000000e+00	
1.550000e+00	1.899060e+11	7.118161e+03	1.899060e-04	1.225221e+02	4.226577e-03	2.223995e+01	2.503490e-01	0.000000e+00	0.000000e+00	0.000000e+00	5.391767e-05	6.020807e-10	6.739709e-04	0.000000e+00	0.000000e+00	0.000000e+00	
1.600000e+00	1.960319e+11	7.347775e+03	1.960319e-04	1.225221e+02	4.362916e-03	2.223995e+01	2.503490e-01	0.000000e+00	0.000000e+00	0.000000e+00	5.391767e-05	6.020807e-10	6.739709e-04	0.000000e+00	0.000000e+00	0.000000e+00	
1.650000e+00	2.021578e+11	7.577388e+03	2.021578e-04	1.225221e+02	4.499255e-03	2.223995e+01	2.503490e-01	0.000000e+00	0.000000e+00	0.000000e+00	5.391767e-05	6.020807e-10	6.739709e-04	0.000000e+00	0.000000e+00	0.000000e+00	
1.700000e+00	2.082836e+11	7.807002e+03	2.082836e-04	1.225221e+02	4.635593e-03	2.223995e+01	2.503490e-01	0.000000e+00	0.000000e+00	0.000000e+00	5.391767e-05	6.020807e-10	6.739709e-04	0.000000e+00	0.000000e+00	0.000000e+00	
1.750000e+00	2.144095e+11	8.036615e+03	2.144095e-04	1.225221e+02	4.771931e-03	2.223995e+01	2.503490e-01	0.000000e+00	0.000000e+00	0.000000e+00	5.391767e-05	6.020807e-10	6.739709e-04	0.000000e+00	0.000000e+00	0.000000e+00	
1.800000e+00	2.205354e+11	8.266228e+03	2.205354e-04	1.225221e+02	4.908269e-03	2.223995e+01	2.503490e-01	0.000000e+00	0.000000e+00	0.000000e+00	5.391767e-05	6.020807e-10	6.739709e-04	0.000000e+00	0.000000e+00	0.000000e+00	
1.850000e+00	2.266612e+11	8.495840e+03	2.266612e-04	1.225221e+02	5.044607e-03	2.223995e+01	2.503490e-01	0.000000e+00	0.000000e+00	0.000000e+00	5.391767e-05	6.020807e-10	6.739709e-04	0.000000e+00	0.000000e+00	0.000000e+00	
1.900000e+00	2.327871e+11	8.725452e+03	2.327871e-04	1.225221e+02	5.180945e-03	2.223995e+01	2.503490e-01	0.000000e+00	0.000000e+00	0.000000e+00	5.391767e-05	6.020807e-10	6.739709e-04	0.000000e+00	0.000000e+00	0.000000e+00	
1.950000e+00	2.389129e+11	8.955064e+03	2.389129e-04	1.225221e+02	5.317283e-03	2.223995e+01	2.503490e-01	0.000000e+00	0.000000e+00	0.000000e+00	5.391767e-05	6.020807e-10	6.739709e-04	0.000000e+00	0.000000e+00	0.000000e+00	
2.000000e+00	2.450387e+11	9.184676e+03	2.450387e-04	1.225221e+02	5.453620e-03	2.223995e+01	2.503490e-01	0.000000e+00	0.000000e+00	0.000000e+00	5.391767e-05	6.020807e-10	6.739709e-04	0.000000e+00	0.000000e+00	0.000000e+00	
2.050000e+00	2.511646e+11	9.414288e+03	2.511646e-04	1.225221e+02	5.589957e-03	2.223995e+01	2.503490e-01	0.000000e+00	0.000000e+00	0.000000e+00	5.391767e-05	6.020807e-10	6.739709e-04	0.000000e+00	0.000000e+00	0.000000e+00	
2.100000e+00	2.572904e+11	9.643899e+03	2.572904e-04	1.225221e+02	5.726294e-03	2.223995e+01	2.503490e-01	0.000000e+00	0.000000e+00	0.000000e+00	5.391767e-05	6.020807e-10	6.739709e-04	0.000000e+00	0.000000e+00	0.000000e+00	
2.150000e+00	2.634162e+11	9.873510e+03	2.634162e-04	1.225221e+02	5.862631e-03	2.223995e+01	2.503490e-01	0.000000e+00	0.000000e+00	0.000000e+00	5.391767e-05	6.020807e-10	6.739709e-04	0.000000e+00	0.000000e+00	0.000000e+00	
2.200000e+00	2.695420e+11	1.010312e+04	2.695420e-04	1.225221e+02	5.998968e-03	2.223995e+01	2.503490e-01	0.000000e+00	0.000000e+00	0.000000e+00	5.391767e-05	6.020807e-10	6.739709e-04	0.000000e+00	0.000000e+00	0.000000e+00	
2.250000e+00	2.756678e+11	1.033273e+04	2.756678e-04	1.225221e+02	6.135305e-03	2.223995e+01	2.503490e-01	0.000000e+00	0.000000e+00	0.000000e+00	5.391767e-05	6.020807e-10	6.739709e-04	0.000000e+00	0.000000e+00	0.000000e+00	
2.300000e+00	2.817936e+11	1.056234e+04	2.817936e-04	1.225221e+02	6.271641e-03	2.223995e+01	2.503490e-01	0.000000e+00	0.000000e+00	0.000000e+00	5.391767e-05	6.020807e-10	6.739709e-04	0.000000e+00	0.000000e+00	0.000000e+00	
2.350000e+00	2.879194e+11	1.079195e+04	2.879194e-04	1.225221e+02	6.407978e-03	2.223995e+01	2.503490e-01	0.000000e+00	0.000000e+00	0.000000e+00	5.391767e-05	6.020807e-10	6.739709e-04	0.000000e+00	0.000000e+00	0.000000e+00	
2.400000e+00	2.940451e+11	1.102156e+04	2.940451e-04	1.225221e+02	6.544314e-03	2.223995e+01	2.503490e-01	0.000000e+00	0.000000e+00	0.000000e+00	5.391767e-05	6.020807e-10	6.739709e-04	0.000000e+00	0.000000e+00	0.000000e+00	
2.450000e+00	3.001709e+11	1.125117e+04	3.001709e-04	1.225221e+02	6.680650e-03	2.223995e+01	2.503490e-01	0.000000e+00	0.000000e+00	0.000000e+00	5.391767e-05	6.020807e-10	6.739709e-04	0.000000e+00	0.000000e+00	0.000000e+00	
2.500000e+00	3.062967e+11	1.148078e+04	3.062967e-04	1.225221e+02	6.816986e-03	2.223995e+01	2.503490e-01	0.000000e+00	0.000000e+00	0.000000e+00	5.391767e-05	6.020807e-10	6.739709e-04	0.000000e+00	0.000000e+00	0.000000e+00	
2.550000e+00	3.124224e+11	1.171039e+04	3.124224e-04	1.225221e+02	6.953321e-03	2.223995e+01	2.503490e-01	0.000000e+00	0.000000e+00	0.000000e+00	5.391767e-05	6.020807e-10	6.739709e-04	0.000000e+00	0.000000e+00	0.000000e+00	
2.600000e+00	3.185482e+11	1.194000e+04	3.185482e-04	1.225221e+02	7.089657e-03	2.223995e+01	2.503490e-01	0.000000e+00	0.000000e+00	0.000000e+00	5.391767e-05	6.020807e-10	6.739709e-04	0.000000e+00	0.000000e+00	0.000000e+00	
2.650000e+00	3.246739e+11	1.216961e+04	3.246739e-04	1.225221e+02	7.225992e-03	2.223995e+01	2.503490e-01	0.000000e+00	0.000000e+00	0.000000e+00	5.391767e-05	6.020807e-10	6.739709e-04	0.000000e+00	0.000000e+00	0.000000e+00	
2.700000e+00	3.307996e+11	2.420212e+04	3.307996e-04	1.225221e+02	7.362328e-03	2.223995e+01	2.725196e-01	0.000000e+00	0.000000e+00	0.000000e+00	5.391767e-05	6.020807e-10	6.739709e-04	0.000000e+00	0.000000e+00	0.000000e+00	
2.750000e+00	3.369254e+11	1.262882e+04	3.369254e-04	1.225221e+02	7.499152e-03	2.223995e+01	2.503490e-01	0.000000e+00	0.000000e+00	0.000000e+00	1.094780e-04	6.087991e-10	6.835977e-04	0.000000e+00	0.000000e+00	0.000000e+00	
2.800000e+00	3.430511e+11	2.510671e+04	3.430511e-04	1.225221e+02	7.634998e-03	2.223995e+01	2.725345e-01	0.000000e+00	0.000000e+00	0.000000e+00	5.391767e-05	6.020807e-10	6.739709e-04	0.000000e+00	0.000000e+00	0.000000e+00	
2.850000e+00	3.491768e+11	1.308804e+04	3.491768e-04	1.225221e+02	7.771840e-03	2.223995e+01	2.503490e-01	0.000000e+00	0.000000e+00	0.000000e+00	1.095516e-04	6.088080e-10	6.836105e-04	0.000000e+00	0.000000e+00	0.000000e+00	
2.900000e+00	3.553025e+11	1.331764e+04	3.553025e-04	1.225221e+02	7.907667e-03	2.223995e+01	2.503490e-01	0.000000e+00	0.000000e+00	0.000000e+00	5.391767e-05	6.020807e-10	6.739709e-04	0.000000e+00	0.000000e+00	0.000000e+00	
2.950000e+00	3.614282e+11	1.354725e+04	3.614282e-04	1.225221e+02	8.044002e-03	2.223995e+01	2.503490e-01	0.000000e+00	0.000000e+00	0.000000e+00	5.391767e-05	6.020807e-10	6.739709e-04	0.000000e+00	0.000000e+00	0.000000e+00	
3.000000e+00	3.675539e+11	1.377686e+04	3.675539e-04	1.225221e+02	8.180336e-03	2.223995e+01	2.503490e-01	0.000000e+00	0.000000e+00	0.000000e+00	5.391767e-05	6.020807e-10	6.739709e-04	0.000000e+00	0.000000e+00	0.000000e+00	
3.050000e+00	3.736796e+11	1.400646e+04	3.736796e-04	1.225221e+02	8.316670e-03	2.223995e+01	2.503490e-01	0.000000e+00	0.000000e+00	0.000000e+00	5.391767e-05	6.020807e-10	6.739709e-04	0.000000e+00	0.000000e+00	0.000000e+00	
3.100000e+00	3.798052e+11	1.423607e+04	3.798052e-04	1.225221e+02	8.453004e-03	2.223995e+01	2.503490e-01	0.000000e+00	0.000000e+00	0.000000e+00	5.391767e-05	6.020807e-10	6.739709e-04	0.000000e+00	0.000000e+00	0.000000e+00	
3.150000e+00	3.859309e+11	1.446567e+04	3.859309e-04	1.225221e+02	8.589338e-03	2.223995e+01	2.503490e-01	0.000000e+00	0.000000e+00	0.000000e+00	5.391767e-05	6.020807e-10	6.739709e-04	0.000000e+00	0.000000e+00	0.000000e+00	
3.200000e+00	3.920566e+11	2.872507e+04	3.920566e-04	1.225221e+02	8.725672e-03	2.223995e+01	2.725849e-01	0.000000e+00	0.000000e+00	0.000000e+00	5.391767e-05	6.020807e-10	6.739709e-04	0.000000e+00	0.000000e+00	0.000000e+00	
3.250000e+00	3.981822e+11	1.492488e+04	3.981822e-04	1.225221e+02	8.862587e-03	2.223995e+01	2.503490e-01	0.000000e+00	0.000000e+00	0.000000e+00	1.098006e-04	6.088381e-10	6.836536e-04	0.000000e+00	0.000000e+00	0.000000e+00	
3.300000e+00	4.043079e+11	2.962965e+04	4.043079e-04	1.225221e+02	8.998338e-03	2.223995e+01	2.725956e-01	0.000000e+00	0.000000e+00	0.000000e+00	5.391767e-05	6.020807e-10	6.739709e-04	0.000000e+00	0.000000e+00	0.000000e+00	
3.350000e+00	4.104335e+11	4.428680e+04	4.104335e-04	1.225221e+02	9.135272e-03	2.223995e+01	2.857724e-01	0.000000e+00	0.000000e+00	0.000000e+00	1.098535e-04	6.088445e-10	6.836628e-04	0.000000e+00	0.000000e+00	0.000000e+00	
3.400000e+00	4.165592e+11	4.495762e+04	4.165592e-04	1.225221e+02	9.271616e-03	2.223995e+01	2.857833e-01	0.000000e+00	0.000000e+00	0.000000e+00	1.100047e-04	6.127556e-10	6.837786e-04	0.000000e+00	0.000000e+00	0.000000e+00	
3.450000e+00	4.226848e+11	4.562843e+04	4.226848e-04	1.225221e+02	9.407958e-03	2.223995e+01	2.857939e-01	0.000000e+00	0.000000e+00	0.000000e+00	1.100294e-04	6.127612e-10	6.837829e-04	0.000000e+00	0.000000e+00	0.000000e+00	
3.500000e+00	4.288104e+11	4.629925e+04	4.288104e-04	1.225221e+02	9.544300e-03	2.223995e+01	2.858042e-01	0.000000e+00	0.000000e+00	0.000000e+00	1.100533e-04	6.127666e-10	6.837871e-04	0.000000e+00	0.000000e+00	0.000000e+00	
3.550000e+00	4.349360e+11	4.697007e+04	4.349360e-04	1.225221e+02	9.680642e-03	2.223995e+01	2.858142e-01	0.000000e+00	0.000000e+00	0.000000e+00	1.100766e-04	6.127719e-10	6.837912e-04	0.000000e+00	0.000000e+00	0.000000e+00	
3.600000e+00	4.410616e+11	4.764088e+04	4.410616e-04	1.225221e+02	9.816984e-03	2.223995e+01	2.858240e-01	0.000000e+00	0.000000e+00	0.000000e+00	1.100993e-04	6.127770e-10	6.837952e-04	0.000000e+00	0.000000e+00	0.000000e+00	
3.650000e+00	4.471872e+11	4.831170e+04	4.471872e-04	1.225221e+02	9.953325e-03	2.223995e+01	2.858334e-01	0.000000e+00	0.000000e+00	0.000000e+00	1.101213e-04	6.127820e-10	6.837990e-04	0.000000e+00	0.000000e+00	0.000000e+00	
3.700000e+00	4.533128e+11	4.898251e+04	4.533128e-04	1.225221e+02	1.008967e-02	2.223995e+01	2.858426e-01	0.000000e+00	0.000000e+00	0.000000e+00	1.101427e-04	6.127868e-10	6.838028e-04	0.000000e+00	0.000000e+00	0.000000e+00	
3.750000e+00	4.594384e+11	4.965332e+04	4.594384e-04	1.225221e+02	1.022601e-02	2.223995e+01	2.858516e-01	0.000000e+00	0.000000e+00	0.000000e+00	1.101635e-04	6.127916e-10	6.838065e-04	0.000000e+00	0.000000e+00	0.000000e+00	
3.800000e+00	4.655640e+11	5.032414e+04	4.655640e-04	1.225221e+02	1.036235e-02	2.223995e+01	2.858603e-01	0.000000e+00	0.000000e+00	0.000000e+00	1.101838e-04	6.127962e-10	6.838100e-04	0.000000e+00	0.000000e+00	0.000000e+00	
3.850000e+00	4.716895e+11	5.099495e+04	4.716895e-04	1.225221e+02	1.049869e-02	2.223995e+01	2.858688e-01	0.000000e+00	0.000000e+00	0.000000e+00	1.102036e-04	6.128006e-10	6.838135e-04	0.000000e+00	0.000000e+00	0.000000e+00	
3.900000e+00	4.778151e+11	6.783122e+04	4.778151e-04	1.225221e+02	1.063503e-02	2.223995e+01	2.952808e-01	0.000000e+00	0.000000e+00	0.000000e+00	1.102229e-04	6.128050e-10	6.838169e-04	0.000000e+00	0.000000e+00	0.000000e+00	
3.950000e+00	4.839407e+11	8.470701e+04	4.839407e-04	1.225221e+02	1.077137e-02	2.223995e+01	3.025678e-01	0.000000e+00	0.000000e+00	0.000000e+00	1.104371e-04	6.148795e-10	6.839194e-04	0.000000e+00	0.000000e+00	0.000000e+00	
4.000000e+00	4.900662e+11	8.580654e+04	4.900662e-04	1.225221e+02	1.090772e-02	2.223995e+01	3.025851e-01	0.000000e+00	0.000000e+00	0.000000e+00	1.107008e-04	6.161202e-10	6.840164e-04	0.000000e+00	0.000000e+00	0.000000e+00	
4.050000e+00	4.961918e+11	1.029619e+05	4.961918e-04	1.225221e+02	1.104406e-02	2.223995e+01	3.085185e-01	0.000000e+00	0.000000e+00	0.000000e+00	1.107190e-04	6.161266e-10	6.840197e-04	0.000000e+00	0.000000e+00	0.000000e+00	
4.100000e+00	5.023173e+11	1.202037e+05	5.023173e-04	1.225221e+02	1.118040e-02	2.223995e+01	3.135079e-01	0.000000e+00	0.000000e+00	0.000000e+00	1.110158e-04	6.169722e-10	6.841149e-04	0.000000e+00	0.000000e+00	0.000000e+00	
4.150000e+00	5.084428e+11	1.375467e+05	5.084428e-04	1.225221e+02	1.131675e-02	2.223995e+01	3.178031e-01	0.000000e+00	0.000000e+00	0.000000e+00	1.113338e-04	6.176697e-10	6.842107e-04	0.000000e+00	0.000000e+00	0.000000e+00	
4.200000e+00	5.145684e+11	1.550017e+05	5.145684e-04	1.225221e+02	1.145309e-02	2.223995e+01	3.215665e-01	0.000000e+00	0.000000e+00	0.000000e+00	1.116643e-04	6.182612e-10	6.843059e-04	0.000000e+00	0.000000e+00	0.000000e+00	
4.250000e+00	5.206939e+11	1.725774e+05	5.206939e-04	1.225221e+02	1.158944e-02	2.223995e+01	3.249096e-01	0.000000e+00	0.000000e+00	0.000000e+00	1.120006e-04	6.187733e-10	6.843996e-04	0.000000e+00	0.000000e+00	0.000000e+00	
4.300000e+00	5.268194e+11	1.902809e+05	5.268194e-04	1.225221e+02	1.172578e-02	2.223995e+01	3.279125e-01	0.000000e+00	0.000000e+00	0.000000e+00	1.123381e-04	6.192192e-10	6.844911e-04	0.000000e+00	0.000000e+00	0.000000e+00	
4.350000e+00	5.329449e+11	2.081176e+05	5.329449e-04	1.225221e+02	1.186213e-02	2.223995e+01	3.306344e-01	0.000000e+00	0.000000e+00	0.000000e+00	1.126735e-04	6.195760e-10	6.845799e-04	0.000000e+00	0.000000e+00	0.000000e+00	
4.400000e+00	5.390704e+11	2.260924e+05	5.390704e-04	1.225221e+02	1.199847e-02	2.223995e+01	3.331207e-01	0.000000e+00	0.000000e+00	0.000000e+00	1.130043e-04	6.198645e-10	6.846660e-04	0.000000e+00	0.000000e+00	0.000000e+00	
4.450000e+00	5.451959e+11	2.442091e+05	5.451959e-04	1.225221e+02	1.213482e-02	2.223995e+01	3.354065e-01	0.000000e+00	0.000000e+00	0.000000e+00	1.133289e-04	6.200995e-10	6.847492e-04	0.000000e+00	0.000000e+00	0.000000e+00	
4.500000e+00	5.513213e+11	2.624710e+05	5.513213e-04	1.225221e+02	1.227116e-02	2.223995e+01	3.375200e-01	0.000000e+00	0.000000e+00	0.000000e+00	1.136461e-04	6.202919e-10	6.848296e-04	0.000000e+00	0.000000e+00	0.000000e+00	
4.550000e+00	5.574468e+11	2.808812e+05	5.574468e-04	1.225221e+02	1.240750e-02	2.223995e+01	3.394836e-01	0.000000e+00	0.000000e+00	0.000000e+00	1.139553e-04	6.204500e-10	6.849072e-04	0.000000e+00	0.000000e+00	0.000000e+00	
4.600000e+00	5.635723e+11	2.994420e+05	5.635723e-04	1.225221e+02	1.254385e-02	2.223995e+01	3.413161e-01	0.000000e+00	0.000000e+00	0.000000e+00	1.142558e-04	6.205799e-10	6.849821e-04	0.000000e+00	0.000000e+00	0.000000e+00	
4.650000e+00	5.696977e+11	3.181556e+05	5.696977e-04	1.225221e+02	1.268019e-02	2.223995e+01	3.430326e-01	0.000000e+00	0.000000e+00	0.000000e+00	1.145474e-04	6.206867e-10	6.850543e-04	0.000000e+00	0.000000e+00	0.000000e+00	
4.700000e+00	5.758232e+11	3.370240e+05	5.758232e-04	1.225221e+02	1.281653e-02	2.223995e+01	3.446461e-01	0.000000e+00	0.000000e+00	0.000000e+00	1.148301e-04	6.207741e-10	6.851239e-04	0.000000e+00	0.000000e+00	0.000000e+00	
4.750000e+00	5.819486e+11	3.560489e+05	5.819486e-04	1.225221e+02	1.295288e-02	2.223995e+01	3.461675e-01	0.000000e+00	0.000000e+00	0.000000e+00	1.151039e-04	6.208454e-10	6.851910e-04	0.000000e+00	0.000000e+00	0.000000e+00	
4.800000e+00	5.880741e+11	3.752317e+05	5.880741e-04	1.225221e+02	1.308922e-02	2.223995e+01	3.476061e-01	0.000000e+00	0.000000e+00	0.000000e+00	1.153689e-04	6.209030e-10	6.852558e-04	0.000000e+00	0.000000e+00	0.000000e+00	
4.850000e+00	5.941995e+11	3.945737e+05	5.941995e-04	1.225221e+02	1.322556e-02	2.223995e+01	3.489699e-01	0.000000e+00	0.000000e+00	0.000000e+00	1.156252e-04	6.209482e-10	6.853182e-04	0.000000e+00	0.000000e+00	0.000000e+00	
4.900000e+00	6.003249e+11	4.140763e+05	6.003249e-04	1.225221e+02	1.336191e-02	2.223995e+01	3.502658e-01	0.000000e+00	0.000000e+00	0.000000e+00	1.158730e-04	6.209825e-10	6.853782e-04	0.000000e+00	0.000000e+00	0.000000e+00	
4.950000e+00	6.064504e+11	4.337405e+05	6.064504e-04	1.225221e+02	1.349825e-02	2.223995e+01	3.514998e-01	0.000000e+00	0.000000e+00	0.000000e+00	1.161127e-04	6.210073e-10	6.854361e-04	0.000000e+00	0.000000e+00	0.000000e+00	
5.000000e+00	6.125758e+11	4.535672e+05	6.125758e-04	1.225221e+02	1.363459e-02	2.223995e+01	3.526774e-01	0.000000e+00	0.000000e+00	0.000000e+00	1.163444e-04	6.210240e-10	6.854918e-04	0.000000e+00	0.000000e+00	0.000000e+00	
5.050000e+00	6.187012e+11	4.587046e+05	6.187012e-04	1.225221e+02	1.377093e-02	2.223995e+01	3.527553e-01	0.000000e+00	0.000000e+00	0.000000e+00	1.165684e-04	6.210336e-10	6.855455e-04	0.000000e+00	0.000000e+00	0.000000e+00	
5.100000e+00	6.248266e+11	4.437188e+05	6.248266e-04	1.225221e+02	1.390727e-02	2.223995e+01	3.477868e-01	0.000000e+00	0.000000e+00	0.000000e+00	1.165894e-04	6.210429e-10	6.855500e-04	0.000000e+00	0.000000e+00	0.000000e+00	
5.150000e+00	6.309520e+11	4.286605e+05	6.309520e-04	1.225221e+02	1.404360e-02	2.223995e+01	3.435126e-01	0.000000e+00	0.000000e+00	0.000000e+00	1.163042e-04	6.203491e-10	6.854601e-04	0.000000e+00	0.000000e+00	0.000000e+00	
5.200000e+00	6.370773e+11	4.135153e+05	6.370773e-04	1.225221e+02	1.417993e-02	2.223995e+01	3.397707e-01	0.000000e+00	0.000000e+00	0.000000e+00	1.160049e-04	6.197617e-10	6.853706e-04	0.000000e+00	0.000000e+00	0.000000e+00	
5.250000e+00	6.432027e+11	3.982721e+05	6.432027e-04	1.225221e+02	1.431627e-02	2.223995e+01	3.364496e-01	0.000000e+00	0.000000e+00	0.000000e+00	1.156983e-04	6.192541e-10	6.852823e-04	0.000000e+00	0.000000e+00	0.000000e+00	
5.300000e+00	6.493281e+11	4.038834e+05	6.493281e-04	1.225221e+02	1.445260e-02	2.223995e+01	3.385263e-01	0.000000e+00	0.000000e+00	0.000000e+00	1.153890e-04	6.188131e-10	6.851959e-04	0.000000e+00	0.000000e+00	0.000000e+00	
5.350000e+00	6.554535e+11	3.931909e+05	6.554535e-04	1.225221e+02	1.458893e-02	2.223995e+01	3.390642e-01	0.000000e+00	0.000000e+00	0.000000e+00	1.153874e-04	6.191674e-10	6.852066e-04	0.000000e+00	0.000000e+00	0.000000e+00	
5.400000e+00	6.615788e+11	3.985197e+05	6.615788e-04	1.225221e+02	1.472527e-02	2.223995e+01	3.404256e-01	0.000000e+00	0.000000e+00	0.000000e+00	1.151955e-04	6.194842e-10	6.851690e-04	0.000000e+00	0.000000e+00	0.000000e+00	
5.450000e+00	6.677042e+11	4.038162e+05	6.677042e-04	1.225221e+02	1.486161e-02	2.223995e+01	3.415657e-01	0.000000e+00	0.000000e+00	0.000000e+00	1.152228e-04	6.197756e-10	6.851830e-04	0.000000e+00	0.000000e+00	0.000000e+00	
5.500000e+00	6.738295e+11	4.090853e+05	6.738295e-04	1.225221e+02	1.499794e-02	2.223995e+01	3.425363e-01	0.000000e+00	0.000000e+00	0.000000e+00	1.152589e-04	6.200434e-10	6.851977e-04	0.000000e+00	0.000000e+00	0.000000e+00	
5.550000e+00	6.799548e+11	4.143310e+05	6.799548e-04	1.225221e+02	1.513428e-02	2.223995e+01	3.433742e-01	0.000000e+00	0.000000e+00	0.000000e+00	1.153012e-04	6.202555e-10	6.852125e-04	0.000000e+00	0.000000e+00	0.000000e+00	
5.600000e+00	6.860802e+11	4.195564e+05	6.860802e-04	1.225221e+02	1.527062e-02	2.223995e+01	3.441061e-01	0.000000e+00	0.000000e+00	0.000000e+00	1.153476e-04	6.204264e-10	6.852274e-04	0.000000e+00	0.000000e+00	0.000000e+00	
5.650000e+00	6.922055e+11	4.070972e+05	6.922055e-04	1.225221e+02	1.540695e-02	2.223995e+01	3.435483e-01	0.000000e+00	0.000000e+00	0.000000e+00	1.153968e-04	6.205662e-10	6.852421e-04	0.000000e+00	0.000000e+00	0.000000e+00	
5.700000e+00	6.983308e+11	4.120929e+05	6.983308e-04	1.225221e+02	1.554329e-02	2.223995e+01	3.441203e-01	0.000000e+00	0.000000e+00	0.000000e+00	1.152282e-04	6.206747e-10	6.852031e-04	0.000000e+00	0.000000e+00	0.000000e+00	
5.750000e+00	7.044561e+11	4.170746e+05	7.044561e-04	1.225221e+02	1.567962e-02	2.223995e+01	3.446331e-01	0.000000e+00	0.000000e+00	0.000000e+00	1.152792e-04	6.207717e-10	6.852171e-04	0.000000e+00	0.000000e+00	0.000000e+00	
5.800000e+00	7.105814e+11	3.976885e+05	7.105814e-04	1.225221e+02	1.581596e-02	2.223995e+01	3.355691e-01	0.000000e+00	0.000000e+00	0.000000e+00	1.153304e-04	6.208537e-10	6.852307e-04	0.000000e+00	0.000000e+00	0.000000e+00	
5.850000e+00	7.167067e+11	3.783407e+05	7.167067e-04	1.225221e+02	1.595229e-02	2.223995e+01	3.285871e-01	0.000000e+00	0.000000e+00	0.000000e+00	1.151825e-04	6.188183e-10	6.851430e-04	0.000000e+00	0.000000e+00	0.000000e+00	
5.900000e+00	7.228320e+11	3.589879e+05	7.228320e-04	1.225221e+02	1.608862e-02	2.223995e+01	3.229281e-01	0.000000e+00	0.000000e+00	0.000000e+00	1.149824e-04	6.176180e-10	6.850603e-04	0.000000e+00	0.000000e+00	0.000000e+00	
5.950000e+00	7.289573e+11	3.584447e+05	7.289573e-04	1.225221e+02	1.622495e-02	2.223995e+01	3.194027e-01	0.000000e+00	0.000000e+00	0.000000e+00	1.147459e-04	6.168119e-10	6.849788e-04	0.000000e+00	0.000000e+00	0.000000e+00	
6.000000e+00	7.350825e+11	3.579986e+05	7.350825e-04	1.225221e+02	1.636129e-02	2.223995e+01	3.164895e-01	0.000000e+00	0.000000e+00	0.000000e+00	1.147075e-04	6.161567e-10	6.849498e-04	0.000000e+00	0.000000e+00	0.000000e+00	
6.050000e+00	7.412078e+11	3.576342e+05	7.412078e-04	1.225221e+02	1.649762e-02	2.223995e+01	3.140345e-01	0.000000e+00	0.000000e+00	0.000000e+00	1.146462e-04	6.155956e-10	6.849189e-04	0.000000e+00	0.000000e+00	0.000000e+00	
6.100000e+00	7.473330e+11	3.573400e+05	7.473330e-04	1.225221e+02	1.663395e-02	2.223995e+01	3.119332e-01	0.000000e+00	0.000000e+00	0.000000e+00	1.145690e-04	6.151035e-10	6.848868e-04	0.000000e+00	0.000000e+00	0.000000e+00	
6.150000e+00	7.534583e+11	3.829706e+05	7.534583e-04	1.225221e+02	1.677028e-02	2.223995e+01	3.196530e-01	0.000000e+00	0.000000e+00	0.000000e+00	1.144809e-04	6.146686e-10	6.848543e-04	0.000000e+00	0.000000e+00	0.000000e+00	
6.200000e+00	7.595835e+11	4.085886e+05	7.595835e-04	1.225221e+02	1.690662e-02	2.223995e+01	3.254744e-01	0.000000e+00	0.000000e+00	0.000000e+00	1.145850e-04	6.164271e-10	6.849233e-04	0.000000e+00	0.000000e+00	0.000000e+00	
6.250000e+00	7.657088e+11	4.342351e+05	7.657088e-04	1.225221e+02	1.704296e-02	2.223995e+01	3.301216e-01	0.000000e+00	0.000000e+00	0.000000e+00	1.147367e-04	6.174038e-10	6.849877e-04	0.000000e+00	0.000000e+00	0.000000e+00	
6.300000e+00	7.718340e+11	4.599381e+05	7.718340e-04	1.225221e+02	1.717930e-02	2.223995e+01	3.339767e-01	0.000000e+00	0.000000e+00	0.000000e+00	1.149220e-04	6.180273e-10	6.850514e-04	0.000000e+00	0.000000e+00	0.000000e+00	
6.350000e+00	7.779592e+11	4.607349e+05	7.779592e-04	1.225221e+02	1.731563e-02	2.223995e+01	3.328585e-01	0.000000e+00	0.000000e+00	0.000000e+00	1.151301e-04	6.185400e-10	6.851172e-04	0.000000e+00	0.000000e+00	0.000000e+00	
6.400000e+00	7.840844e+11	4.359930e+05	7.840844e-04	1.225221e+02	1.745197e-02	2.223995e+01	3.267417e-01	0.000000e+00	0.000000e+00	0.000000e+00	1.150287e-04	6.183712e-10	6.850883e-04	0.000000e+00	0.000000e+00	0.000000e+00	
6.450000e+00	7.902096e+11	4.366454e+05	7.902096e-04	1.225221e+02	1.758829e-02	2.223995e+01	3.258268e-01	0.000000e+00	0.000000e+00	0.000000e+00	1.146184e-04	6.175141e-10	6.849647e-04	0.000000e+00	0.000000e+00	0.000000e+00	
6.500000e+00	7.963348e+11	4.373263e+05	7.963348e-04	1.225221e+02	1.772462e-02	2.223995e+01	3.249941e-01	0.000000e+00	0.000000e+00	0.000000e+00	1.145203e-04	6.173905e-10	6.849378e-04	0.000000e+00	0.000000e+00	0.000000e+00	
6.550000e+00	8.024600e+11	4.380332e+05	8.024600e-04	1.225221e+02	1.786095e-02	2.223995e+01	3.242329e-01	0.000000e+00	0.000000e+00	0.000000e+00	1.144246e-04	6.172838e-10	6.849119e-04	0.000000e+00	0.000000e+00	0.000000e+00	
6.600000e+00	8.085852e+11	4.387641e+05	8.085852e-04	1.225221e+02	1.799728e-02	2.223995e+01	3.235345e-01	0.000000e+00	0.000000e+00	0.000000e+00	1.143316e-04	6.171912e-10	6.848870e-04	0.000000e+00	0.000000e+00	0.000000e+00	
6.650000e+00	8.147104e+11	4.395170e+05	8.147104e-04	1.225221e+02	1.813361e-02	2.223995e+01	3.228916e-01	0.000000e+00	0.000000e+00	0.000000e+00	1.142415e-04	6.171104e-10	6.848632e-04	0.000000e+00	0.000000e+00	0.000000e+00	
6.700000e+00	8.208356e+11	4.402905e+05	8.208356e-04	1.225221e+02	1.826994e-02	2.223995e+01	3.222978e-01	0.000000e+00	0.000000e+00	0.000000e+00	1.141545e-04	6.170404e-10	6.848404e-04	0.000000e+00	0.000000e+00	0.000000e+00	
6.750000e+00	8.269607e+11	4.410830e+05	8.269607e-04	1.225221e+02	1.840627e-02	2.223995e+01	3.217479e-01	0.000000e+00	0.000000e+00	0.000000e+00	1.140706e-04	6.169801e-10	6.848187e-04	0.000000e+00	0.000000e+00	0.000000e+00	
6.800000e+00	8.330859e+11	4.418933e+05	8.330859e-04	1.225221e+02	1.854260e-02	2.223995e+01	3.212373e-01	0.000000e+00	0.000000e+00	0.000000e+00	1.139897e-04	6.169280e-10	6.847981e-04	0.000000e+00	0.000000e+00	0.000000e+00	
6.850000e+00	8.392110e+11	4.427202e+05	8.392110e-04	1.225221e+02	1.867893e-02	2.223995e+01	3.207619e-01	0.000000e+00	0.000000e+00	0.000000e+00	1.139120e-04	6.168831e-10	6.847785e-04	0.000000e+00	0.000000e+00	0.000000e+00	
6.900000e+00	8.453362e+11	4.435626e+05	8.453362e-04	1.225221e+02	1.881526e-02	2.223995e+01	3.203183e-01	0.000000e+00	0.000000e+00	0.000000e+00	1.138374e-04	6.168442e-10	6.847598e-04	0.000000e+00	0.000000e+00	0.000000e+00	
6.950000e+00	8.514613e+11	4.444195e+05	8.514613e-04	1.225221e+02	1.895159e-02	2.223995e+01	3.199036e-01	0.000000e+00	0.000000e+00	0.000000e+00	1.137658e-04	6.168106e-10	6.847420e-04	0.000000e+00	0.000000e+00	0.000000e+00	
7.000000e+00	8.575865e+11	4.452902e+05	8.575865e-04	1.225221e+02	1.908792e-02	2.223995e+01	3.195151e-01	0.000000e+00	0.000000e+00	0.000000e+00	1.136971e-04	6.167817e-10	6.847251e-04	0.000000e+00	0.000000e+00	0.000000e+00	
7.050000e+00	8.637116e+11	4.461738e+05	8.637116e-04	1.225221e+02	1.922425e-02	2.223995e+01	3.191505e-01	0.000000e+00	0.000000e+00	0.000000e+00	1.136312e-04	6.167568e-10	6.847089e-04	0.000000e+00	0.000000e+00	0.000000e+00	
7.100000e+00	8.698367e+11	4.470696e+05	8.698367e-04	1.225221e+02	1.936058e-02	2.223995e+01	3.188077e-01	0.000000e+00	0.000000e+00	0.000000e+00	1.135681e-04	6.167354e-10	6.846935e-04	0.000000e+00	0.000000e+00	0.000000e+00	
7.150000e+00	8.759618e+11	4.479768e+05	8.759618e-04	1.225221e+02	1.949691e-02	2.223995e+01	3.184849e-01	0.000000e+00	0.000000e+00	0.000000e+00	1.135076e-04	6.167170e-10	6.846789e-04	0.000000e+00	0.000000e+00	0.000000e+00	
7.200000e+00	8.820869e+11	4.190492e+05	8.820869e-04	1.225221e+02	1.963324e-02	2.223995e+01	3.107311e-01	0.000000e+00	0.000000e+00	0.000000e+00	1.134497e-04	6.167014e-10	6.846649e-04	0.000000e+00	0.000000e+00	0.000000e+00	
7.250000e+00	8.882120e+11	3.901891e+05	8.882120e-04	1.225221e+02	1.976956e-02	2.223995e+01	3.043538e-01	0.000000e+00	0.000000e+00	0.000000e+00	1.131417e-04	6.154161e-10	6.845550e-04	0.000000e+00	0.000000e+00	0.000000e+00	
7.300000e+00	8.943371e+11	3.395124e+05	8.943371e-04	1.225221e+02	1.990589e-02	2.223995e+01	2.811266e-01	0.000000e+00	0.000000e+00	0.000000e+00	1.127998e-04	6.145364e-10	6.844471e-04	0.000000e+00	0.000000e+00	0.000000e+00	
7.350000e+00	9.004622e+11	2.890590e+05	9.004622e-04	1.225221e+02	2.004087e-02	2.223995e+01	2.669677e-01	0.000000e+00	0.000000e+00	0.000000e+00	5.577680e-05	6.076955e-10	6.745564e-04	0.000000e+00	0.000000e+00	0.000000e+00	
7.400000e+00	9.065872e+11	2.191715e+05	9.065872e-04	1.225221e+02	2.017719e-02	2.223995e+01	2.561057e-01	0.000000e+00	0.000000e+00	0.000000e+00	5.549662e-05	6.037267e-10	6.744059e-04	0.000000e+00	0.000000e+00	0.000000e+00	
7.450000e+00	9.127123e+11	1.994651e+05	9.127123e-04	1.225221e+02	2.031349e-02	2.223995e+01	2.553850e-01	0.000000e+00	0.000000e+00	0.000000e+00	5.504580e-05	6.016884e-10	6.742437e-04	0.000000e+00	0.000000e+00	0.000000e+00	
7.500000e+00	9.188374e+11	2.024466e+05	9.188374e-04	1.225221e+02	2.044981e-02	2.223995e+01	2.550404e-01	0.000000e+00	0.000000e+00	0.000000e+00	5.490395e-05	6.017279e-10	6.742095e-04	0.000000e+00	0.000000e+00	0.000000e+00	
7.550000e+00	9.249624e+11	1.856522e+05	9.249624e-04	1.225221e+02	2.058613e-02	2.223995e+01	2.541622e-01	0.000000e+00	0.000000e+00	0.000000e+00	5.482175e-05	6.017796e-10	6.741888e-04	0.000000e+00	0.000000e+00	0.000000e+00	
7.600000e+00	9.310875e+11	1.772568e+05	9.310875e-04	1.225221e+02	2.072244e-02	2.223995e+01	2.536779e-01	0.000000e+00	0.000000e+00	0.000000e+00	5.463591e-05	6.018785e-10	6.741429e-04	0.000000e+00	0.000000e+00	0.000000e+00	
7.650000e+00	9.372125e+11	1.812066e+05	9.372125e-04	1.225221e+02	2.085876e-02	2.223995e+01	2.534041e-01	0.000000e+00	0.000000e+00	0.000000e+00	5.453332e-05	6.019287e-10	6.741176e-04	0.000000e+00	0.000000e+00	0.000000e+00	
7.700000e+00	9.433375e+11	1.645957e+05	9.433375e-04	1.225221e+02	2.099508e-02	2.223995e+01	2.525707e-01	0.000000e+00	0.000000e+00	0.000000e+00	5.446495e-05	6.019843e-10	6.741002e-04	0.000000e+00	0.000000e+00	0.000000e+00	
7.750000e+00	9.494625e+11	1.693532e+05	9.494625e-04	1.225221e+02	2.113139e-02	2.223995e+01	2.523433e-01	0.000000e+00	0.000000e+00	0.000000e+00	5.428768e-05	6.020866e-10	6.740562e-04	0.000000e+00	0.000000e+00	0.000000e+00	
7.800000e+00	9.555876e+11	1.826815e+05	9.555876e-04	1.225221e+02	2.126771e-02	2.223995e+01	2.525125e-01	0.000000e+00	0.000000e+00	0.000000e+00	5.422861e-05	6.021435e-10	6.740409e-04	0.000000e+00	0.000000e+00	0.000000e+00	
7.850000e+00	9.617126e+11	2.096983e+05	9.617126e-04	1.225221e+02	2.140403e-02	2.223995e+01	2.528942e-01	0.000000e+00	0.000000e+00	0.000000e+00	5.425393e-05	6.021527e-10	6.740465e-04	0.000000e+00	0.000000e+00	0.000000e+00	
7.900000e+00	9.678376e+11	2.373769e+05	9.678376e-04	1.225221e+02	2.154035e-02	2.223995e+01	2.532824e-01	0.000000e+00	0.000000e+00	0.000000e+00	5.431362e-05	6.021640e-10	6.740599e-04	0.000000e+00	0.000000e+00	0.000000e+00	
7.950000e+00	9.739626e+11	2.515042e+05	9.739626e-04	1.225221e+02	2.167667e-02	2.223995e+01	2.534489e-01	0.000000e+00	0.000000e+00	0.000000e+00	5.437447e-05	6.021748e-10	6.740737e-04	0.000000e+00	0.000000e+00	0.000000e+00	
8.000000e+00	9.800875e+11	2.801671e+05	9.800875e-04	1.225221e+02	2.181299e-02	2.223995e+01	2.538432e-01	0.000000e+00	0.000000e+00	0.000000e+00	5.439894e-05	6.021854e-10	6.740790e-04	0.000000e+00	0.000000e+00	0.000000e+00	
8.050000e+00	9.862125e+11	2.947721e+05	9.862125e-04	1.225221e+02	2.194931e-02	2.223995e+01	2.540076e-01	0.000000e+00	0.000000e+00	0.000000e+00	5.446082e-05	6.021961e-10	6.740930e-04	0.000000e+00	0.000000e+00	0.000000e+00	
8.100000e+00	9.923375e+11	2.948236e+05	9.923375e-04	1.225221e+02	2.208563e-02	2.223995e+01	2.539386e-01	0.000000e+00	0.000000e+00	0.000000e+00	5.448470e-05	6.022076e-10	6.740982e-04	0.000000e+00	0.000000e+00	0.000000e+00	
8.150000e+00	9.984625e+11	2.948773e+05	9.984625e-04	1.225221e+02	2.222195e-02	2.223995e+01	2.538715e-01	0.000000e+00	0.000000e+00	0.000000e+00	5.447003e-05	6.022199e-10	6.740945e-04	0.000000e+00	0.000000e+00	0.000000e+00	
8.200000e+00	1.004587e+12	2.949333e+05	1.004587e-03	1.225221e+02	2.235827e-02	2.223995e+01	2.538063e-01	0.000000e+00	0.000000e+00	0.000000e+00	5.445582e-05	6.022315e-10	6.740909e-04	0.000000e+00	0.000000e+00	0.000000e+00	
8.250000e+00	1.010712e+12	2.949913e+05	1.010712e-03	1.225221e+02	2.249458e-02	2.223995e+01	2.537430e-01	0.000000e+00	0.000000e+00	0.000000e+00	5.444206e-05	6.022425e-10	6.740875e-04	0.000000e+00	0.000000e+00	0.000000e+00	
8.300000e+00	1.016837e+12	3.317940e+05	1.016837e-03	1.225221e+02	2.263090e-02	2.223995e+01	2.761341e-01	0.000000e+00	0.000000e+00	0.000000e+00	5.442873e-05	6.022529e-10	6.740842e-04	0.000000e+00	0.000000e+00	0.000000e+00	
8.350000e+00	1.022962e+12	3.681353e+05	1.022962e-03	1.225221e+02	2.276874e-02	2.223995e+01	2.894893e-01	0.000000e+00	0.000000e+00	0.000000e+00	1.113821e-04	6.091511e-10	6.839514e-04	0.000000e+00	0.000000e+00	0.000000e+00	
8.400000e+00	1.029087e+12	3.323658e+05	1.029087e-03	1.225221e+02	2.290507e-02	2.223995e+01	2.760174e-01	0.000000e+00	0.000000e+00	0.000000e+00	1.115031e-04	6.131764e-10	6.840634e-04	0.000000e+00	0.000000e+00	0.000000e+00	
8.450000e+00	1.035212e+12	3.326546e+05	1.035212e-03	1.225221e+02	2.304140e-02	2.223995e+01	2.759614e-01	0.000000e+00	0.000000e+00	0.000000e+00	1.113657e-04	6.091703e-10	6.839467e-04	0.000000e+00	0.000000e+00	0.000000e+00	
8.500000e+00	1.041337e+12	3.329453e+05	1.041337e-03	1.225221e+02	2.317772e-02	2.223995e+01	2.759069e-01	0.000000e+00	0.000000e+00	0.000000e+00	1.113580e-04	6.091791e-10	6.839445e-04	0.000000e+00	0.000000e+00	0.000000e+00	
8.550000e+00	1.047462e+12	3.332379e+05	1.047462e-03	1.225221e+02	2.331405e-02	2.223995e+01	2.758538e-01	0.000000e+00	0.000000e+00	0.000000e+00	1.113506e-04	6.091875e-10	6.839423e-04	0.000000e+00	0.000000e+00	0.000000e+00	
8.600000e+00	1.053587e+12	3.335323e+05	1.053587e-03	1.225221e+02	2.345037e-02	2.223995e+01	2.758021e-01	0.000000e+00	0.000000e+00	0.000000e+00	1.113434e-04	6.091954e-10	6.839403e-04	0.000000e+00	0.000000e+00	0.000000e+00	
8.650000e+00	1.059712e+12	3.338286e+05	1.059712e-03	1.225221e+02	2.358670e-02	2.223995e+01	2.757517e-01	0.000000e+00	0.000000e+00	0.000000e+00	1.113366e-04	6.092029e-10	6.839383e-04	0.000000e+00	0.000000e+00	0.000000e+00	
8.700000e+00	1.065837e+12	3.341265e+05	1.065837e-03	1.225221e+02	2.372302e-02	2.223995e+01	2.757027e-01	0.000000e+00	0.000000e+00	0.000000e+00	1.113301e-04	6.092101e-10	6.839364e-04	0.000000e+00	0.000000e+00	0.000000e+00	
8.750000e+00	1.071962e+12	3.344262e+05	1.071962e-03	1.225221e+02	2.385935e-02	2.223995e+01	2.756549e-01	0.000000e+00	0.000000e+00	0.000000e+00	1.113238e-04	6.092168e-10	6.839346e-04	0.000000e+00	0.000000e+00	0.000000e+00	
8.800000e+00	1.078086e+12	3.347276e+05	1.078086e-03	1.225221e+02	2.399567e-02	2.223995e+01	2.756082e-01	0.000000e+00	0.000000e+00	0.000000e+00	1.113178e-04	6.092232e-10	6.839329e-04	0.000000e+00	0.000000e+00	0.000000e+00	
8.850000e+00	1.084211e+12	3.350306e+05	1.084211e-03	1.225221e+02	2.413200e-02	2.223995e+01	2.755628e-01	0.000000e+00	0.000000e+00	0.000000e+00	1.113120e-04	6.092293e-10	6.839312e-04	0.000000e+00	0.000000e+00	0.000000e+00	
8.900000e+00	1.090336e+12	3.353353e+05	1.090336e-03	1.225221e+02	2.426832e-02	2.223995e+01	2.755185e-01	0.000000e+00	0.000000e+00	0.000000e+00	1.113064e-04	6.092351e-10	6.839296e-04	0.000000e+00	0.000000e+00	0.000000e+00	
8.950000e+00	1.096461e+12	2.960044e+05	1.096461e-03	1.225221e+02	2.440465e-02	2.223995e+01	2.530126e-01	0.000000e+00	0.000000e+00	0.000000e+00	1.113011e-04	6.092405e-10	6.839280e-04	0.000000e+00	0.000000e+00	0.000000e+00	
9.000000e+00	1.102586e+12	2.960895e+05	1.102586e-03	1.225221e+02	2.453933e-02	2.223995e+01	2.529697e-01	0.000000e+00	0.000000e+00	0.000000e+00	5.427982e-05	6.023512e-10	6.740475e-04	0.000000e+00	0.000000e+00	0.000000e+00	
9.050000e+00	1.108711e+12	2.961761e+05	1.108711e-03	1.225221e+02	2.467565e-02	2.223995e+01	2.529279e-01	0.000000e+00	0.000000e+00	0.000000e+00	5.427139e-05	6.023557e-10	6.740454e-04	0.000000e+00	0.000000e+00	0.000000e+00	
9.100000e+00	1.114835e+12	2.962642e+05	1.114835e-03	1.225221e+02	2.481196e-02	2.223995e+01	2.528870e-01	0.000000e+00	0.000000e+00	0.000000e+00	5.426321e-05	6.023599e-10	6.740434e-04	0.000000e+00	0.000000e+00	0.000000e+00	
9.150000e+00	1.120960e+12	2.963537e+05	1.120960e-03	1.225221e+02	2.494828e-02	2.223995e+01	2.528471e-01	0.000000e+00	0.000000e+00	0.000000e+00	5.425526e-05	6.023638e-10	6.740415e-04	0.000000e+00	0.000000e+00	0.000000e+00	
9.200000e+00	1.127085e+12	2.964447e+05	1.127085e-03	1.225221e+02	2.508459e-02	2.223995e+01	2.528081e-01	0.000000e+00	0.000000e+00	0.000000e+00	5.424753e-05	6.023675e-10	6.740397e-04	0.000000e+00	0.000000e+00	0.000000e+00	
9.250000e+00	1.133210e+12	3.375102e+05	1.133210e-03	1.225221e+02	2.522090e-02	2.223995e+01	2.752368e-01	0.000000e+00	0.000000e+00	0.000000e+00	5.424002e-05	6.023710e-10	6.740379e-04	0.000000e+00	0.000000e+00	0.000000e+00	
9.300000e+00	1.139335e+12	3.780345e+05	1.139335e-03	1.225221e+02	2.535892e-02	2.223995e+01	2.886312e-01	0.000000e+00	0.000000e+00	0.000000e+00	1.112696e-04	6.092712e-10	6.839188e-04	0.000000e+00	0.000000e+00	0.000000e+00	
9.350000e+00	1.145460e+12	4.182276e+05	1.145460e-03	1.225221e+02	2.549525e-02	2.223995e+01	2.982192e-01	0.000000e+00	0.000000e+00	0.000000e+00	1.113954e-04	6.132975e-10	6.840323e-04	0.000000e+00	0.000000e+00	0.000000e+00	
9.400000e+00	1.151584e+12	4.582057e+05	1.151584e-03	1.225221e+02	2.563158e-02	2.223995e+01	3.056850e-01	0.000000e+00	0.000000e+00	0.000000e+00	1.115934e-04	6.154354e-10	6.841335e-04	0.000000e+00	0.000000e+00	0.000000e+00	
9.450000e+00	1.157709e+12	4.980430e+05	1.157709e-03	1.225221e+02	2.576791e-02	2.223995e+01	3.117922e-01	0.000000e+00	0.000000e+00	0.000000e+00	1.118445e-04	6.167218e-10	6.842298e-04	0.000000e+00	0.000000e+00	0.000000e+00	
9.500000e+00	1.163834e+12	4.992230e+05	1.163834e-03	1.225221e+02	2.590424e-02	2.223995e+01	3.117622e-01	0.000000e+00	0.000000e+00	0.000000e+00	1.121329e-04	6.176024e-10	6.843250e-04	0.000000e+00	0.000000e+00	0.000000e+00	
9.550000e+00	1.169959e+12	5.004044e+05	1.169959e-03	1.225221e+02	2.604057e-02	2.223995e+01	3.117328e-01	0.000000e+00	0.000000e+00	0.000000e+00	1.121298e-04	6.176060e-10	6.843240e-04	0.000000e+00	0.000000e+00	0.000000e+00	
9.600000e+00	1.176083e+12	4.620836e+05	1.176083e-03	1.225221e+02	2.617689e-02	2.223995e+01	3.055628e-01	0.000000e+00	0.000000e+00	0.000000e+00	1.121269e-04	6.176095e-10	6.843232e-04	0.000000e+00	0.000000e+00	0.000000e+00	
9.650000e+00	1.182208e+12	4.630561e+05	1.182208e-03	1.225221e+02	2.631320e-02	2.223995e+01	3.055339e-01	0.000000e+00	0.000000e+00	0.000000e+00	1.118324e-04	6.167354e-10	6.842262e-04	0.000000e+00	0.000000e+00	0.000000e+00	
9.700000e+00	1.188333e+12	4.913671e+05	1.188333e-03	1.225221e+02	2.644953e-02	2.223995e+01	3.057572e-01	0.000000e+00	0.000000e+00	0.000000e+00	1.118297e-04	6.167384e-10	6.842254e-04	0.000000e+00	0.000000e+00	0.000000e+00	
9.750000e+00	1.194458e+12	5.345161e+05	1.194458e-03	1.225221e+02	2.658585e-02	2.223995e+01	3.061177e-01	0.000000e+00	0.000000e+00	0.000000e+00	1.118601e-04	6.167709e-10	6.842315e-04	5.214996e-07	2.129946e-12	2.276763e-06	
9.800000e+00	1.200582e+12	5.643707e+05	1.200582e-03	1.225221e+02	2.672217e-02	2.223995e+01	3.063521e-01	0.000000e+00	0.000000e+00	0.000000e+00	1.119089e-04	6.168182e-10	6.842414e-04	2.151531e-06	8.846218e-12	9.384645e-06	
9.850000e+00	1.206707e+12	6.098589e+05	1.206707e-03	1.225221e+02	2.685850e-02	2.223995e+01	3.067342e-01	0.000000e+00	0.000000e+00	0.000000e+00	1.119411e-04	6.168509e-10	6.842479e-04	4.769647e-06	1.971944e-11	2.079048e-05	
9.900000e+00	1.212832e+12	5.973966e+05	1.212832e-03	1.225221e+02	2.699482e-02	2.223995e+01	2.845056e-01	0.000000e+00	0.000000e+00	0.000000e+00	1.119934e-04	6.168981e-10	6.842586e-04	9.447639e-06	3.953787e-11	4.112641e-05	
9.950000e+00	1.218957e+12	5.861495e+05	1.218957e-03	1.225221e+02	2.712932e-02	2.223995e+01	2.713147e-01	0.000000e+00	0.000000e+00	0.000000e+00	5.495021e-05	6.100297e-10	6.743759e-04	1.594153e-05	6.748181e-11	6.930947e-05	
1.000000e+01	1.225081e+12	5.920271e+05	1.225081e-03	1.225221e+02	2.726563e-02	2.223995e+01	2.620932e-01	0.000000e+00	0.000000e+00	0.000000e+00	5.485223e-05	6.060348e-10	6.742676e-04	2.465228e-05	1.055589e-10	1.070497e-04	
1.005000e+01	1.231206e+12	6.243616e+05	1.231206e-03	1.225221e+02	2.740194e-02	2.223995e+01	2.609930e-01	0.000000e+00	0.000000e+00	0.000000e+00	5.470512e-05	6.039434e-10	6.741766e-04	3.762302e-05	1.636272e-10	1.631016e-04	
1.010000e+01	1.237331e+12	6.239954e+05	1.237331e-03	1.225221e+02	2.753825e-02	2.223995e+01	2.599797e-01	0.000000e+00	0.000000e+00	0.000000e+00	5.477610e-05	6.035689e-10	6.741824e-04	5.401495e-05	2.381195e-10	2.338221e-04	
1.015000e+01	1.243455e+12	6.236736e+05	1.243455e-03	1.225221e+02	2.767456e-02	2.223995e+01	2.592166e-01	0.000000e+00	0.000000e+00	0.000000e+00	5.478849e-05	6.034232e-10	6.741810e-04	7.023340e-05	3.118217e-10	3.037942e-04	
1.020000e+01	1.249580e+12	6.233867e+05	1.249580e-03	1.225221e+02	2.781088e-02	2.223995e+01	2.586166e-01	0.000000e+00	0.000000e+00	0.000000e+00	5.479197e-05	6.033196e-10	6.741780e-04	8.628177e-05	3.847494e-10	3.730327e-04	
1.025000e+01	1.255705e+12	6.231278e+05	1.255705e-03	1.225221e+02	2.794719e-02	2.223995e+01	2.581291e-01	0.000000e+00	0.000000e+00	0.000000e+00	5.478893e-05	6.032425e-10	6.741742e-04	1.021634e-04	4.569178e-10	4.415519e-04	
1.030000e+01	1.261829e+12	6.228921e+05	1.261829e-03	1.225221e+02	2.808350e-02	2.223995e+01	2.577229e-01	0.000000e+00	0.000000e+00	0.000000e+00	5.478116e-05	6.031782e-10	6.741698e-04	1.178815e-04	5.283416e-10	5.093658e-04	
1.035000e+01	1.267954e+12	6.226761e+05	1.267954e-03	1.225221e+02	2.821981e-02	2.223995e+01	2.573771e-01	0.000000e+00	0.000000e+00	0.000000e+00	5.477000e-05	6.030879e-10	6.741649e-04	1.334391e-04	5.990350e-10	5.764877e-04	
1.040000e+01	1.274079e+12	6.224770e+05	1.274079e-03	1.225221e+02	2.835612e-02	2.223995e+01	2.570778e-01	0.000000e+00	0.000000e+00	0.000000e+00	5.475643e-05	6.030187e-10	6.741599e-04	1.488395e-04	6.690120e-10	6.429309e-04	
1.045000e+01	1.280203e+12	6.222927e+05	1.280203e-03	1.225221e+02	2.849243e-02	2.223995e+01	2.568149e-01	0.000000e+00	0.000000e+00	0.000000e+00	5.474117e-05	6.029646e-10	6.741548e-04	1.640853e-04	7.382859e-10	7.087079e-04	
1.050000e+01	1.286328e+12	6.221214e+05	1.286328e-03	1.225221e+02	2.862874e-02	2.223995e+01	2.565813e-01	0.000000e+00	0.000000e+00	0.000000e+00	5.472476e-05	6.029217e-10	6.741497e-04	1.791797e-04	8.068698e-10	7.738313e-04	
1.055000e+01	1.292453e+12	6.219618e+05	1.292453e-03	1.225221e+02	2.876505e-02	2.223995e+01	2.563716e-01	0.000000e+00	0.000000e+00	0.000000e+00	5.470763e-05	6.028871e-10	6.741447e-04	1.941253e-04	8.747766e-10	8.383131e-04	
1.060000e+01	1.298577e+12	6.218127e+05	1.298577e-03	1.225221e+02	2.890136e-02	2.223995e+01	2.561815e-01	0.000000e+00	0.000000e+00	0.000000e+00	5.469007e-05	6.028589e-10	6.741398e-04	2.089248e-04	9.420186e-10	9.021649e-04	
1.065000e+01	1.304702e+12	6.216731e+05	1.304702e-03	1.225221e+02	2.903767e-02	2.223995e+01	2.560081e-01	0.000000e+00	0.000000e+00	0.000000e+00	5.467232e-05	6.028357e-10	6.741350e-04	2.235810e-04	1.008608e-09	9.653982e-04	
1.070000e+01	1.310826e+12	6.215422e+05	1.310826e-03	1.225221e+02	2.917398e-02	2.223995e+01	2.558487e-01	0.000000e+00	0.000000e+00	0.000000e+00	5.465454e-05	6.028164e-10	6.741303e-04	2.380963e-04	1.074556e-09	1.028024e-03	
1.075000e+01	1.316951e+12	6.214193e+05	1.316951e-03	1.225221e+02	2.931029e-02	2.223995e+01	2.557013e-01	0.000000e+00	0.000000e+00	0.000000e+00	5.463687e-05	6.028003e-10	6.741257e-04	2.524734e-04	1.139875e-09	1.090053e-03	
1.080000e+01	1.323076e+12	6.213039e+05	1.323076e-03	1.225221e+02	2.944660e-02	2.223995e+01	2.555643e-01	0.000000e+00	0.000000e+00	0.000000e+00	5.461941e-05	6.027866e-10	6.741213e-04	2.667145e-04	1.204575e-09	1.151496e-03	
1.085000e+01	1.329200e+12	6.211953e+05	1.329200e-03	1.225221e+02	2.958291e-02	2.223995e+01	2.554365e-01	0.000000e+00	0.000000e+00	0.000000e+00	5.460221e-05	6.027742e-10	6.741168e-04	2.808222e-04	1.268668e-09	1.212364e-03	
1.090000e+01	1.335325e+12	6.768463e+05	1.335325e-03	1.225221e+02	2.971922e-02	2.223995e+01	2.778391e-01	0.000000e+00	0.000000e+00	0.000000e+00	5.458534e-05	6.027630e-10	6.741125e-04	2.947986e-04	1.332163e-09	1.272665e-03	
1.095000e+01	1.341449e+12	7.243886e+05	1.341449e-03	1.225221e+02	2.985753e-02	2.223995e+01	2.911794e-01	0.000000e+00	0.000000e+00	0.000000e+00	1.117022e-04	6.096721e-10	6.840076e-04	3.086462e-04	1.395072e-09	1.332410e-03	
1.100000e+01	1.347574e+12	7.238685e+05	1.347574e-03	1.225221e+02	2.999386e-02	2.223995e+01	2.872664e-01	0.000000e+00	0.000000e+00	0.000000e+00	1.118183e-04	6.136966e-10	6.841189e-04	3.223670e-04	1.457404e-09	1.391609e-03	
1.105000e+01	1.353698e+12	7.234945e+05	1.353698e-03	1.225221e+02	3.013017e-02	2.223995e+01	2.850427e-01	0.000000e+00	0.000000e+00	0.000000e+00	1.118772e-04	6.117981e-10	6.841031e-04	3.359632e-04	1.519169e-09	1.450270e-03	
1.110000e+01	1.359823e+12	7.616979e+05	1.359823e-03	1.225221e+02	3.026649e-02	2.223995e+01	2.852599e-01	0.000000e+00	0.000000e+00	0.000000e+00	1.119177e-04	6.109387e-10	6.840948e-04	3.494369e-04	1.580376e-09	1.508403e-03	
1.115000e+01	1.365948e+12	7.613789e+05	1.365948e-03	1.225221e+02	3.040282e-02	2.223995e+01	2.841288e-01	0.000000e+00	0.000000e+00	0.000000e+00	1.122186e-04	6.105929e-10	6.841589e-04	3.633941e-04	1.645412e-09	1.568896e-03	
1.120000e+01	1.372072e+12	9.350046e+05	1.372072e-03	1.225221e+02	3.053914e-02	2.223995e+01	3.077285e-01	0.000000e+00	0.000000e+00	0.000000e+00	1.122230e-04	6.104231e-10	6.841551e-04	3.772021e-04	1.709685e-09	1.628731e-03	
1.125000e+01	1.378197e+12	1.056022e+06	1.378197e-03	1.225221e+02	3.067550e-02	2.223995e+01	3.105732e-01	0.000000e+00	0.000000e+00	0.000000e+00	1.132516e-04	6.156995e-10	6.845217e-04	4.007844e-04	1.845201e-09	1.735199e-03	
1.130000e+01	1.384321e+12	1.186734e+06	1.384321e-03	1.225221e+02	3.081186e-02	2.223995e+01	3.262907e-01	0.000000e+00	0.000000e+00	0.000000e+00	1.142078e-04	6.143950e-10	6.847373e-04	4.303630e-04	2.024533e-09	1.870294e-03	
1.135000e+01	1.390446e+12	1.217694e+06	1.390446e-03	1.225221e+02	3.094821e-02	2.223995e+01	3.026970e-01	0.000000e+00	0.000000e+00	0.000000e+00	1.149732e-04	6.179953e-10	6.849978e-04	4.647057e-04	2.238740e-09	2.028141e-03	
1.140000e+01	1.396570e+12	1.265244e+06	1.396570e-03	1.225221e+02	3.108246e-02	2.223995e+01	3.190500e-01	0.000000e+00	0.000000e+00	0.000000e+00	5.850328e-05	6.090792e-10	6.752275e-04	5.036953e-04	2.486968e-09	2.208180e-03	
1.145000e+01	1.402695e+12	1.312380e+06	1.402695e-03	1.225221e+02	3.122087e-02	2.223995e+01	3.279161e-01	0.000000e+00	0.000000e+00	0.000000e+00	1.156952e-04	6.144225e-10	6.851008e-04	5.400512e-04	2.716379e-09	2.375718e-03	
1.150000e+01	1.408819e+12	1.359298e+06	1.408819e-03	1.225221e+02	3.135719e-02	2.223995e+01	3.339459e-01	0.000000e+00	0.000000e+00	0.000000e+00	1.158207e-04	6.174548e-10	6.851869e-04	5.742506e-04	2.930435e-09	2.533029e-03	
1.155000e+01	1.414944e+12	7.140184e+08	1.414944e-03	1.225221e+02	3.149352e-02	2.223995e+01	5.008027e+00	0.000000e+00	0.000000e+00	0.000000e+00	1.159848e-04	6.189326e-10	6.852611e-04	6.066424e-04	3.131660e-09	2.681774e-03	
1.160000e+01	1.421068e+12	1.781400e+09	1.421068e-03	1.225221e+02	3.164978e-02	2.223995e+01	1.201571e+01	0.000000e+00	0.000000e+00	0.000000e+00	6.555611e-04	-1.993286e-09	7.752926e-04	1.275551e+02	1.082023e-03	6.285845e+02	
1.165000e+01	1.427194e+12	1.780522e+09	1.427194e-03	1.225221e+02	3.181641e-02	2.223995e+01	1.183625e+01	0.000000e+00	0.000000e+00	0.000000e+00	1.467372e-03	-5.411151e-09	9.114013e-04	4.078160e+02	3.755865e-03	2.200071e+03	
1.170000e+01	1.433319e+12	1.779659e+09	1.433319e-03	1.225221e+02	3.194979e-02	2.223995e+01	1.168130e+01	0.000000e+00	0.000000e+00	0.000000e+00	1.383301e-03	-5.665931e-09	8.964750e-04	6.856170e+02	6.406211e-03	3.757746e+03	
1.175000e+01	1.439444e+12	1.778848e+09	1.439444e-03	1.225221e+02	3.208531e-02	2.223995e+01	1.153185e+01	0.000000e+00	0.000000e+00	0.000000e+00	1.356545e-03	-5.903875e-09	8.914761e-04	9.609980e+02	9.033441e-03	5.301834e+03	
1.180000e+01	1.445570e+12	1.778095e+09	1.445570e-03	1.225221e+02	3.222085e-02	2.223995e+01	1.140813e+01	0.000000e+00	0.000000e+00	0.000000e+00	1.330723e-03	-6.132622e-09	8.866766e-04	1.233998e+03	1.163793e-02	6.832553e+03	
1.185000e+01	1.451695e+12	1.777349e+09	1.451695e-03	1.225221e+02	3.235858e-02	2.223995e+01	1.127845e+01	0.000000e+00	0.000000e+00	0.000000e+00	1.362517e-03	-6.345281e-09	8.918737e-04	1.504654e+03	1.422003e-02	8.350115e+03	
1.190000e+01	1.457820e+12	1.776514e+09	1.457820e-03	1.225221e+02	3.249417e-02	2.223995e+01	1.113622e+01	0.000000e+00	0.000000e+00	0.000000e+00	1.338041e-03	-6.552916e-09	8.874254e-04	1.773004e+03	1.678010e-02	9.854729e+03	
1.195000e+01	1.463945e+12	1.775686e+09	1.463945e-03	1.225221e+02	3.262975e-02	2.223995e+01	1.099678e+01	0.000000e+00	0.000000e+00	0.000000e+00	1.313712e-03	-6.756650e-09	8.828978e-04	2.039083e+03	1.931849e-02	1.134660e+04	
1.200000e+01	1.470071e+12	1.774909e+09	1.470071e-03	1.225221e+02	3.276535e-02	2.223995e+01	1.086229e+01	0.000000e+00	0.000000e+00	0.000000e+00	1.289953e-03	-6.952591e-09	8.784805e-04	2.302928e+03	2.183554e-02	1.282592e+04	
1.205000e+01	1.476196e+12	1.774047e+09	1.476196e-03	1.225221e+02	3.290098e-02	2.223995e+01	1.072560e+01	0.000000e+00	0.000000e+00	0.000000e+00	1.267077e-03	-7.140863e-09	8.742531e-04	2.564572e+03	2.433156e-02	1.429289e+04	
1.210000e+01	1.482321e+12	1.773231e+09	1.482321e-03	1.225221e+02	3.303659e-02	2.223995e+01	1.058305e+01	0.000000e+00	0.000000e+00	0.000000e+00	1.244083e-03	-7.322282e-09	8.699616e-04	2.824049e+03	2.680690e-02	1.574769e+04	
1.215000e+01	1.488446e+12	1.772516e+09	1.488446e-03	1.225221e+02	3.317224e-02	2.223995e+01	1.045858e+01	0.000000e+00	0.000000e+00	0.000000e+00	1.222161e-03	-7.500321e-09	8.658301e-04	3.081392e+03	2.926185e-02	1.719052e+04	
1.220000e+01	1.494571e+12	1.771764e+09	1.494571e-03	1.225221e+02	3.330792e-02	2.223995e+01	1.033404e+01	0.000000e+00	0.000000e+00	0.000000e+00	1.201181e-03	-7.667428e-09	8.619890e-04	3.336634e+03	3.169673e-02	1.862154e+04	
1.225000e+01	1.500696e+12	1.771104e+09	1.500696e-03	1.225221e+02	3.344360e-02	2.223995e+01	1.021642e+01	0.000000e+00	0.000000e+00	0.000000e+00	1.180397e-03	-7.828279e-09	8.581643e-04	3.589805e+03	3.411184e-02	2.004095e+04	
1.230000e+01	1.506822e+12	2.039698e+09	1.506822e-03	1.225221e+02	3.357931e-02	2.223995e+01	1.414036e+01	0.000000e+00	0.000000e+00	0.000000e+00	1.160702e-03	-7.982457e-09	8.545887e-04	3.840937e+03	3.650748e-02	2.144891e+04	
1.235000e+01	1.512947e+12	2.038709e+09	1.512947e-03	1.225221e+02	3.374615e-02	2.223995e+01	1.392755e+01	0.000000e+00	0.000000e+00	0.000000e+00	1.906661e-03	-3.111313e-09	1.005725e-03	4.143524e+03	3.917985e-02	2.314462e+04	
1.240000e+01	1.519072e+12	2.037730e+09	1.519072e-03	1.225221e+02	3.388111e-02	2.223995e+01	1.372018e+01	0.000000e+00	0.000000e+00	0.000000e+00	1.865697e-03	-3.492248e-09	9.977149e-04	4.443061e+03	4.182739e-02	2.482322e+04	
1.245000e+01	1.525198e+12	2.313126e+09	1.525198e-03	1.225221e+02	3.401611e-02	2.223995e+01	1.942174e+01	0.000000e+00	0.000000e+00	0.000000e+00	1.825934e-03	-3.854894e-09	9.899527e-04	4.739617e+03	4.445060e-02	2.648511e+04	
