# bin_edge_left	bin_edge_right	dN/d[o/H]	dN/d[fe/H]	dN/d[fe/o]	
-3.000000e+00	-2.950000e+00	0.000000e+00	0.000000e+00	0.000000e+00	
-2.950000e+00	-2.900000e+00	0.000000e+00	0.000000e+00	0.000000e+00	
-2.900000e+00	-2.850000e+00	0.000000e+00	0.000000e+00	0.000000e+00	
-2.850000e+00	-2.800000e+00	0.000000e+00	0.000000e+00	0.000000e+00	
-2.800000e+00	-2.750000e+00	0.000000e+00	0.000000e+00	0.000000e+00	
-2.750000e+00	-2.700000e+00	0.000000e+00	0.000000e+00	0.000000e+00	
-2.700000e+00	-2.650000e+00	0.000000e+00	0.000000e+00	0.000000e+00	
-2.650000e+00	-2.600000e+00	0.000000e+00	0.000000e+00	0.000000e+00	
-2.600000e+00	-2.550000e+00	0.000000e+00	0.000000e+00	0.000000e+00	
-2.550000e+00	-2.500000e+00	0.000000e+00	0.000000e+00	0.000000e+00	
-2.500000e+00	-2.450000e+00	0.000000e+00	0.000000e+00	0.000000e+00	
-2.450000e+00	-2.400000e+00	0.000000e+00	0.000000e+00	0.000000e+00	
-2.400000e+00	-2.350000e+00	0.000000e+00	0.000000e+00	0.000000e+00	
-2.350000e+00	-2.300000e+00	0.000000e+00	0.000000e+00	0.000000e+00	
-2.300000e+00	-2.250000e+00	0.000000e+00	1.541618e-02	0.000000e+00	
-2.250000e+00	-2.200000e+00	0.000000e+00	0.000000e+00	0.000000e+00	
-2.200000e+00	-2.150000e+00	0.000000e+00	0.000000e+00	0.000000e+00	
-2.150000e+00	-2.100000e+00	0.000000e+00	0.000000e+00	0.000000e+00	
-2.100000e+00	-2.050000e+00	0.000000e+00	0.000000e+00	0.000000e+00	
-2.050000e+00	-2.000000e+00	0.000000e+00	0.000000e+00	0.000000e+00	
-2.000000e+00	-1.950000e+00	0.000000e+00	1.539178e-02	0.000000e+00	
-1.950000e+00	-1.900000e+00	0.000000e+00	0.000000e+00	0.000000e+00	
-1.900000e+00	-1.850000e+00	1.541618e-02	0.000000e+00	0.000000e+00	
-1.850000e+00	-1.800000e+00	0.000000e+00	1.536967e-02	0.000000e+00	
-1.800000e+00	-1.750000e+00	0.000000e+00	0.000000e+00	0.000000e+00	
-1.750000e+00	-1.700000e+00	0.000000e+00	0.000000e+00	0.000000e+00	
-1.700000e+00	-1.650000e+00	0.000000e+00	1.534918e-02	0.000000e+00	
-1.650000e+00	-1.600000e+00	0.000000e+00	0.000000e+00	0.000000e+00	
-1.600000e+00	-1.550000e+00	1.539178e-02	1.532995e-02	0.000000e+00	
-1.550000e+00	-1.500000e+00	0.000000e+00	1.531179e-02	0.000000e+00	
-1.500000e+00	-1.450000e+00	0.000000e+00	0.000000e+00	0.000000e+00	
-1.450000e+00	-1.400000e+00	1.536967e-02	1.529456e-02	0.000000e+00	
-1.400000e+00	-1.350000e+00	0.000000e+00	1.527815e-02	0.000000e+00	
-1.350000e+00	-1.300000e+00	0.000000e+00	3.050993e-02	0.000000e+00	
-1.300000e+00	-1.250000e+00	1.534918e-02	1.523308e-02	0.000000e+00	
-1.250000e+00	-1.200000e+00	1.532995e-02	1.521926e-02	0.000000e+00	
-1.200000e+00	-1.150000e+00	0.000000e+00	3.039918e-02	0.000000e+00	
-1.150000e+00	-1.100000e+00	1.531179e-02	3.034992e-02	0.000000e+00	
-1.100000e+00	-1.050000e+00	1.529456e-02	3.030412e-02	0.000000e+00	
-1.050000e+00	-1.000000e+00	1.527815e-02	4.537709e-02	0.000000e+00	
-1.000000e+00	-9.500000e-01	1.526247e-02	3.020273e-02	0.000000e+00	
-9.500000e-01	-9.000000e-01	1.524746e-02	4.523736e-02	0.000000e+00	
-9.000000e-01	-8.500000e-01	1.523308e-02	4.516403e-02	0.000000e+00	
-8.500000e-01	-8.000000e-01	3.042524e-02	6.011638e-02	0.000000e+00	
-8.000000e-01	-7.500000e-01	3.037409e-02	6.001256e-02	0.000000e+00	
-7.500000e-01	-7.000000e-01	3.032661e-02	5.992139e-02	0.000000e+00	
-7.000000e-01	-6.500000e-01	4.540800e-02	7.479044e-02	0.000000e+00	
-6.500000e-01	-6.000000e-01	4.531836e-02	8.961020e-02	0.000000e+00	
-6.000000e-01	-5.500000e-01	4.523736e-02	8.948584e-02	0.000000e+00	
-5.500000e-01	-5.000000e-01	6.020361e-02	1.042748e-01	0.000000e+00	
-5.000000e-01	-4.500000e-01	7.509523e-02	1.339177e-01	0.000000e+00	
-4.500000e-01	-4.000000e-01	1.048830e-01	1.635214e-01	0.000000e+00	
-4.000000e-01	-3.500000e-01	1.046453e-01	1.931303e-01	4.106364e-01	
-3.500000e-01	-3.000000e-01	1.491777e-01	2.376473e-01	2.101519e-01	
-3.000000e-01	-2.500000e-01	2.084155e-01	3.417375e-01	2.240701e-01	
-2.500000e-01	-2.000000e-01	3.121084e-01	5.355962e-01	2.977505e-01	
-2.000000e-01	-1.500000e-01	5.199070e-01	1.164445e+00	4.011752e-01	
-1.500000e-01	-1.000000e-01	1.564668e+00	1.625106e+01	6.389242e-01	
-1.000000e-01	-5.000000e-02	1.650532e+01	0.000000e+00	1.805778e+00	
-5.000000e-02	0.000000e+00	0.000000e+00	0.000000e+00	1.601151e+01	
0.000000e+00	5.000000e-02	0.000000e+00	0.000000e+00	0.000000e+00	
5.000000e-02	1.000000e-01	0.000000e+00	0.000000e+00	0.000000e+00	
1.000000e-01	1.500000e-01	0.000000e+00	0.000000e+00	0.000000e+00	
1.500000e-01	2.000000e-01	0.000000e+00	0.000000e+00	0.000000e+00	
2.000000e-01	2.500000e-01	0.000000e+00	0.000000e+00	0.000000e+00	
2.500000e-01	3.000000e-01	0.000000e+00	0.000000e+00	0.000000e+00	
3.000000e-01	3.500000e-01	0.000000e+00	0.000000e+00	0.000000e+00	
3.500000e-01	4.000000e-01	0.000000e+00	0.000000e+00	0.000000e+00	
4.000000e-01	4.500000e-01	0.000000e+00	0.000000e+00	0.000000e+00	
4.500000e-01	5.000000e-01	0.000000e+00	0.000000e+00	0.000000e+00	
5.000000e-01	5.500000e-01	0.000000e+00	0.000000e+00	0.000000e+00	
5.500000e-01	6.000000e-01	0.000000e+00	0.000000e+00	0.000000e+00	
6.000000e-01	6.500000e-01	0.000000e+00	0.000000e+00	0.000000e+00	
6.500000e-01	7.000000e-01	0.000000e+00	0.000000e+00	0.000000e+00	
7.000000e-01	7.500000e-01	0.000000e+00	0.000000e+00	0.000000e+00	
7.500000e-01	8.000000e-01	0.000000e+00	0.000000e+00	0.000000e+00	
8.000000e-01	8.500000e-01	0.000000e+00	0.000000e+00	0.000000e+00	
8.500000e-01	9.000000e-01	0.000000e+00	0.000000e+00	0.000000e+00	
9.000000e-01	9.500000e-01	0.000000e+00	0.000000e+00	0.000000e+00	
9.500000e-01	1.000000e+00	0.000000e+00	0.000000e+00	0.000000e+00	
