# COLUMN NUMBERS: 
#	0: time [Gyr]
#	1: mgas [Msun]			ISM gas mass
#	2: mstar [Msun]			Stellar mass
#	3: sfr [Msun/yr]		Star formation rate
#	4: ifr [Msun/yr]		Infall rate
#	5: ofr [Msun/yr]		Outfow rate
#	6: eta_0			Mass-loading factor
#	7: r_eff			Effective recycilng rate
#	8: z_in(fe)			Inflow fe metallicity
#	9: z_in(sr)			Inflow sr metallicity
#	10: z_in(o)			Inflow o metallicity
#	11: z_out(fe)			Outflow fe metallicity
#	12: z_out(sr)			Outflow sr metallicity
#	13: z_out(o)			Outflow o metallicity
#	14: mass(fe) [Msun]		mass of element fe in ISM
#	15: mass(sr) [Msun]		mass of element sr in ISM
#	16: mass(o) [Msun]		mass of element o in ISM
0.000000e+00	1.000000e-12	3.748255e-20	1.000000e-27	1.099557e+02	-9.830270e+55	1.520139e+01	2.503490e-01	0.000000e+00	0.000000e+00	0.000000e+00	1.000000e+00	-0.000000e+00	-0.000000e+00	0.000000e+00	0.000000e+00	0.000000e+00	
5.000000e-02	5.497787e+09	2.060711e+02	5.497787e-06	1.099557e+02	8.366306e-05	1.520139e+01	2.503490e-01	0.000000e+00	0.000000e+00	0.000000e+00	7.885612e-05	8.805601e-10	9.857016e-04	0.000000e+00	0.000000e+00	0.000000e+00	
1.000000e-01	1.099557e+10	6.120036e+02	1.099557e-05	1.099557e+02	1.673260e-04	1.520139e+01	2.616435e-01	0.000000e+00	0.000000e+00	0.000000e+00	7.885612e-05	8.805601e-10	9.857016e-04	0.000000e+00	0.000000e+00	0.000000e+00	
1.500000e-01	1.649335e+10	1.214065e+03	1.649335e-05	1.099557e+02	2.509890e-04	1.520139e+01	2.699339e-01	0.000000e+00	0.000000e+00	0.000000e+00	7.885608e-05	8.839790e-10	9.857709e-04	0.000000e+00	0.000000e+00	0.000000e+00	
2.000000e-01	2.199112e+10	2.020621e+03	2.199112e-05	1.099557e+02	3.346519e-04	1.520139e+01	2.766638e-01	0.000000e+00	0.000000e+00	0.000000e+00	7.885603e-05	8.871834e-10	9.858400e-04	0.000000e+00	0.000000e+00	0.000000e+00	
2.500000e-01	2.748889e+10	3.063067e+03	2.748889e-05	1.099557e+02	4.183157e-04	1.520139e+01	2.827872e-01	0.000000e+00	0.000000e+00	0.000000e+00	8.089864e-05	8.897783e-10	9.862510e-04	0.000000e+00	0.000000e+00	0.000000e+00	
3.000000e-01	3.298666e+10	4.283533e+03	3.298666e-05	1.099557e+02	5.019802e-04	1.520139e+01	2.877219e-01	0.000000e+00	0.000000e+00	0.000000e+00	8.350081e-05	8.920174e-10	9.867546e-04	0.000000e+00	0.000000e+00	0.000000e+00	
3.500000e-01	3.848442e+10	5.702877e+03	3.848442e-05	1.099557e+02	5.856452e-04	1.520139e+01	2.920562e-01	0.000000e+00	0.000000e+00	0.000000e+00	8.619130e-05	8.937183e-10	9.872644e-04	0.000000e+00	0.000000e+00	0.000000e+00	
4.000000e-01	4.398217e+10	7.319742e+03	4.398217e-05	1.099557e+02	6.693106e-04	1.520139e+01	2.959231e-01	0.000000e+00	0.000000e+00	0.000000e+00	8.880472e-05	8.951392e-10	9.877570e-04	0.000000e+00	0.000000e+00	0.000000e+00	
4.500000e-01	4.947993e+10	9.132929e+03	4.947993e-05	1.099557e+02	7.529764e-04	1.520139e+01	2.994154e-01	0.000000e+00	0.000000e+00	0.000000e+00	9.128419e-05	8.963547e-10	9.882236e-04	0.000000e+00	0.000000e+00	0.000000e+00	
5.000000e-01	5.497767e+10	1.114136e+04	5.497767e-05	1.099557e+02	8.366424e-04	1.520139e+01	3.026006e-01	0.000000e+00	0.000000e+00	0.000000e+00	9.361495e-05	8.974140e-10	9.886622e-04	0.000000e+00	0.000000e+00	0.000000e+00	
5.500000e-01	6.047542e+10	1.334407e+04	6.047542e-05	1.099557e+02	9.203087e-04	1.520139e+01	3.055291e-01	0.000000e+00	0.000000e+00	0.000000e+00	9.579921e-05	8.983500e-10	9.890737e-04	0.000000e+00	0.000000e+00	0.000000e+00	
6.000000e-01	6.597316e+10	1.586578e+04	6.597316e-05	1.099557e+02	1.003975e-03	1.520139e+01	3.094231e-01	0.000000e+00	0.000000e+00	0.000000e+00	9.784577e-05	8.991811e-10	9.894598e-04	0.000000e+00	0.000000e+00	0.000000e+00	
6.500000e-01	7.147089e+10	1.832879e+04	7.147089e-05	1.099557e+02	1.087642e-03	1.520139e+01	3.107636e-01	0.000000e+00	0.000000e+00	0.000000e+00	9.976561e-05	9.004185e-10	9.898326e-04	0.000000e+00	0.000000e+00	0.000000e+00	
7.000000e-01	7.696862e+10	2.110923e+04	7.696862e-05	1.099557e+02	1.171309e-03	1.520139e+01	3.131247e-01	0.000000e+00	0.000000e+00	0.000000e+00	1.015700e-04	9.005872e-10	9.901641e-04	0.000000e+00	0.000000e+00	0.000000e+00	
7.500000e-01	8.246635e+10	2.408076e+04	8.246635e-05	1.099557e+02	1.254976e-03	1.520139e+01	3.153431e-01	0.000000e+00	0.000000e+00	0.000000e+00	1.032694e-04	9.011853e-10	9.904863e-04	0.000000e+00	0.000000e+00	0.000000e+00	
8.000000e-01	8.796407e+10	2.724270e+04	8.796407e-05	1.099557e+02	1.338643e-03	1.520139e+01	3.174353e-01	0.000000e+00	0.000000e+00	0.000000e+00	1.048736e-04	9.017257e-10	9.907911e-04	0.000000e+00	0.000000e+00	0.000000e+00	
8.500000e-01	9.346179e+10	3.077716e+04	9.346179e-05	1.099557e+02	1.422310e-03	1.520139e+01	3.206299e-01	0.000000e+00	0.000000e+00	0.000000e+00	1.063914e-04	9.022156e-10	9.910799e-04	0.000000e+00	0.000000e+00	0.000000e+00	
9.000000e-01	9.895950e+10	3.436041e+04	9.895950e-05	1.099557e+02	1.505977e-03	1.520139e+01	3.225347e-01	0.000000e+00	0.000000e+00	0.000000e+00	1.078306e-04	9.031821e-10	9.913649e-04	0.000000e+00	0.000000e+00	0.000000e+00	
9.500000e-01	1.044572e+11	3.810132e+04	1.044572e-04	1.099557e+02	1.589644e-03	1.520139e+01	3.243238e-01	0.000000e+00	0.000000e+00	0.000000e+00	1.092128e-04	9.035938e-10	9.916290e-04	0.000000e+00	0.000000e+00	0.000000e+00	
1.000000e+00	1.099549e+11	4.232138e+04	1.099549e-04	1.099557e+02	1.673312e-03	1.520139e+01	3.264970e-01	0.000000e+00	0.000000e+00	0.000000e+00	1.105129e-04	9.039680e-10	9.918779e-04	0.000000e+00	0.000000e+00	0.000000e+00	
1.050000e+00	1.154526e+11	4.662174e+04	1.154526e-04	1.099557e+02	1.756980e-03	1.520139e+01	3.283912e-01	0.000000e+00	0.000000e+00	0.000000e+00	1.121459e-04	9.044161e-10	9.921878e-04	0.000000e+00	0.000000e+00	0.000000e+00	
1.100000e+00	1.209503e+11	5.121070e+04	1.209503e-04	1.099557e+02	1.840648e-03	1.520139e+01	3.302177e-01	0.000000e+00	0.000000e+00	0.000000e+00	1.135514e-04	9.047821e-10	9.924557e-04	0.000000e+00	0.000000e+00	0.000000e+00	
1.150000e+00	1.264480e+11	5.596514e+04	1.264480e-04	1.099557e+02	1.924316e-03	1.520139e+01	3.319284e-01	0.000000e+00	0.000000e+00	0.000000e+00	1.148936e-04	9.051165e-10	9.927127e-04	0.000000e+00	0.000000e+00	0.000000e+00	
1.200000e+00	1.319457e+11	6.092555e+04	1.319457e-04	1.099557e+02	2.007985e-03	1.520139e+01	3.335583e-01	0.000000e+00	0.000000e+00	0.000000e+00	1.161455e-04	9.054202e-10	9.929530e-04	0.000000e+00	0.000000e+00	0.000000e+00	
1.250000e+00	1.374434e+11	6.619446e+04	1.374434e-04	1.099557e+02	2.091653e-03	1.520139e+01	3.351692e-01	0.000000e+00	0.000000e+00	0.000000e+00	1.173336e-04	9.056984e-10	9.931817e-04	0.000000e+00	0.000000e+00	0.000000e+00	
1.300000e+00	1.429410e+11	6.820063e+04	1.429410e-04	1.099557e+02	2.175321e-03	1.520139e+01	3.340297e-01	0.000000e+00	0.000000e+00	0.000000e+00	1.185022e-04	9.059583e-10	9.934071e-04	0.000000e+00	0.000000e+00	0.000000e+00	
1.350000e+00	1.484387e+11	6.662812e+04	1.484387e-04	1.099557e+02	2.258984e-03	1.520139e+01	3.306795e-01	0.000000e+00	0.000000e+00	0.000000e+00	1.176046e-04	9.056908e-10	9.932409e-04	0.000000e+00	0.000000e+00	0.000000e+00	
1.400000e+00	1.539364e+11	6.831763e+04	1.539364e-04	1.099557e+02	2.342642e-03	1.520139e+01	3.298288e-01	0.000000e+00	0.000000e+00	0.000000e+00	1.150726e-04	9.051129e-10	9.927623e-04	0.000000e+00	0.000000e+00	0.000000e+00	
1.450000e+00	1.594341e+11	7.025935e+04	1.594341e-04	1.099557e+02	2.426305e-03	1.520139e+01	3.293754e-01	0.000000e+00	0.000000e+00	0.000000e+00	1.144185e-04	9.049870e-10	9.926399e-04	0.000000e+00	0.000000e+00	0.000000e+00	
1.500000e+00	1.649317e+11	7.204926e+04	1.649317e-04	1.099557e+02	2.509969e-03	1.520139e+01	3.289306e-01	0.000000e+00	0.000000e+00	0.000000e+00	1.140953e-04	9.049491e-10	9.925781e-04	0.000000e+00	0.000000e+00	0.000000e+00	
1.550000e+00	1.704294e+11	7.384248e+04	1.704294e-04	1.099557e+02	2.593632e-03	1.520139e+01	3.285582e-01	0.000000e+00	0.000000e+00	0.000000e+00	1.137858e-04	9.049245e-10	9.925184e-04	0.000000e+00	0.000000e+00	0.000000e+00	
1.600000e+00	1.759270e+11	8.037209e+04	1.759270e-04	1.099557e+02	2.677296e-03	1.520139e+01	3.312097e-01	0.000000e+00	0.000000e+00	0.000000e+00	1.135329e-04	9.049169e-10	9.924690e-04	0.000000e+00	0.000000e+00	0.000000e+00	
1.650000e+00	1.814247e+11	8.708658e+04	1.814247e-04	1.099557e+02	2.760967e-03	1.520139e+01	3.335870e-01	0.000000e+00	0.000000e+00	0.000000e+00	1.155663e-04	9.054818e-10	9.928531e-04	0.000000e+00	0.000000e+00	0.000000e+00	
1.700000e+00	1.869223e+11	9.398671e+04	1.869223e-04	1.099557e+02	2.844638e-03	1.520139e+01	3.357437e-01	0.000000e+00	0.000000e+00	0.000000e+00	1.173616e-04	9.059403e-10	9.931940e-04	0.000000e+00	0.000000e+00	0.000000e+00	
1.750000e+00	1.924200e+11	9.891852e+04	1.924200e-04	1.099557e+02	2.928308e-03	1.520139e+01	3.372118e-01	0.000000e+00	0.000000e+00	0.000000e+00	1.189697e-04	9.063187e-10	9.935008e-04	0.000000e+00	0.000000e+00	0.000000e+00	
1.800000e+00	1.979176e+11	1.061961e+05	1.979176e-04	1.099557e+02	3.011977e-03	1.520139e+01	3.390701e-01	0.000000e+00	0.000000e+00	0.000000e+00	1.200934e-04	9.066353e-10	9.937134e-04	0.000000e+00	0.000000e+00	0.000000e+00	
1.850000e+00	2.034152e+11	1.136605e+05	2.034152e-04	1.099557e+02	3.095647e-03	1.520139e+01	3.407976e-01	0.000000e+00	0.000000e+00	0.000000e+00	1.214509e-04	9.069076e-10	9.939746e-04	0.000000e+00	0.000000e+00	0.000000e+00	
1.900000e+00	2.089128e+11	1.166953e+05	2.089128e-04	1.099557e+02	3.179316e-03	1.520139e+01	3.408709e-01	0.000000e+00	0.000000e+00	0.000000e+00	1.227033e-04	9.071410e-10	9.942164e-04	0.000000e+00	0.000000e+00	0.000000e+00	
1.950000e+00	2.144105e+11	1.197316e+05	2.144105e-04	1.099557e+02	3.262981e-03	1.520139e+01	3.409512e-01	0.000000e+00	0.000000e+00	0.000000e+00	1.227860e-04	9.072044e-10	9.942309e-04	0.000000e+00	0.000000e+00	0.000000e+00	
2.000000e+00	2.199081e+11	1.227694e+05	2.199081e-04	1.099557e+02	3.346647e-03	1.520139e+01	3.410369e-01	0.000000e+00	0.000000e+00	0.000000e+00	1.228730e-04	9.072679e-10	9.942463e-04	0.000000e+00	0.000000e+00	0.000000e+00	
2.050000e+00	2.254057e+11	1.258085e+05	2.254057e-04	1.099557e+02	3.430312e-03	1.520139e+01	3.411268e-01	0.000000e+00	0.000000e+00	0.000000e+00	1.229633e-04	9.073310e-10	9.942624e-04	0.000000e+00	0.000000e+00	0.000000e+00	
2.100000e+00	2.309033e+11	1.288488e+05	2.309033e-04	1.099557e+02	3.513977e-03	1.520139e+01	3.412196e-01	0.000000e+00	0.000000e+00	0.000000e+00	1.230556e-04	9.073935e-10	9.942790e-04	0.000000e+00	0.000000e+00	0.000000e+00	
2.150000e+00	2.364009e+11	1.318902e+05	2.364009e-04	1.099557e+02	3.597642e-03	1.520139e+01	3.413146e-01	0.000000e+00	0.000000e+00	0.000000e+00	1.231494e-04	9.074550e-10	9.942958e-04	0.000000e+00	0.000000e+00	0.000000e+00	
2.200000e+00	2.418985e+11	1.260766e+05	2.418985e-04	1.099557e+02	3.681307e-03	1.520139e+01	3.279654e-01	0.000000e+00	0.000000e+00	0.000000e+00	1.232438e-04	9.075154e-10	9.943129e-04	0.000000e+00	0.000000e+00	0.000000e+00	
2.250000e+00	2.473961e+11	1.292511e+05	2.473961e-04	1.099557e+02	3.764973e-03	1.520139e+01	3.321175e-01	0.000000e+00	0.000000e+00	0.000000e+00	1.235709e-04	9.017469e-10	9.942362e-04	0.000000e+00	0.000000e+00	0.000000e+00	
2.300000e+00	2.528937e+11	1.236077e+05	2.528937e-04	1.099557e+02	3.848596e-03	1.520139e+01	3.248082e-01	0.000000e+00	0.000000e+00	0.000000e+00	1.143439e-04	9.046362e-10	9.927025e-04	0.000000e+00	0.000000e+00	0.000000e+00	
2.350000e+00	2.583913e+11	1.173848e+05	2.583913e-04	1.099557e+02	3.932229e-03	1.520139e+01	3.186010e-01	0.000000e+00	0.000000e+00	0.000000e+00	1.077711e-04	9.028731e-10	9.915069e-04	0.000000e+00	0.000000e+00	0.000000e+00	
2.400000e+00	2.638889e+11	1.010904e+05	2.638889e-04	1.099557e+02	4.015866e-03	1.520139e+01	2.900494e-01	0.000000e+00	0.000000e+00	0.000000e+00	1.024622e-04	9.016321e-10	9.905347e-04	0.000000e+00	0.000000e+00	0.000000e+00	
2.450000e+00	2.693864e+11	1.045073e+05	2.693864e-04	1.099557e+02	4.099507e-03	1.520139e+01	3.090203e-01	0.000000e+00	0.000000e+00	0.000000e+00	9.820345e-05	8.902229e-10	9.895353e-04	0.000000e+00	0.000000e+00	0.000000e+00	
2.500000e+00	2.748840e+11	1.130465e+05	2.748840e-04	1.099557e+02	4.183152e-03	1.520139e+01	3.366022e-01	0.000000e+00	0.000000e+00	0.000000e+00	9.467472e-05	8.997784e-10	9.890872e-04	0.000000e+00	0.000000e+00	0.000000e+00	
2.550000e+00	2.803816e+11	7.260142e+04	2.803816e-04	1.099557e+02	4.266845e-03	1.520139e+01	2.821702e-01	0.000000e+00	0.000000e+00	0.000000e+00	1.008148e-04	9.120497e-10	9.903701e-04	0.000000e+00	0.000000e+00	0.000000e+00	
2.600000e+00	2.858791e+11	9.975608e+04	2.858791e-04	1.099557e+02	4.350469e-03	1.520139e+01	3.171807e-01	0.000000e+00	0.000000e+00	0.000000e+00	9.379996e-05	8.894078e-10	9.886399e-04	0.000000e+00	0.000000e+00	0.000000e+00	
2.650000e+00	2.913767e+11	9.998864e+04	2.913767e-04	1.099557e+02	4.434182e-03	1.520139e+01	3.166109e-01	0.000000e+00	0.000000e+00	0.000000e+00	1.035614e-04	9.032066e-10	9.906479e-04	0.000000e+00	0.000000e+00	0.000000e+00	
2.700000e+00	2.968743e+11	1.211515e+05	2.968743e-04	1.099557e+02	4.517841e-03	1.520139e+01	3.455173e-01	0.000000e+00	0.000000e+00	0.000000e+00	1.030020e-04	9.032023e-10	9.905508e-04	0.000000e+00	0.000000e+00	0.000000e+00	
2.750000e+00	3.023718e+11	1.210602e+05	3.023718e-04	1.099557e+02	4.601537e-03	1.520139e+01	3.288145e-01	0.000000e+00	0.000000e+00	0.000000e+00	1.090455e-04	9.148128e-10	9.918536e-04	0.000000e+00	0.000000e+00	0.000000e+00	
2.800000e+00	3.078694e+11	1.399622e+05	3.078694e-04	1.099557e+02	4.685224e-03	1.520139e+01	3.354414e-01	0.000000e+00	0.000000e+00	0.000000e+00	1.137150e-04	9.061009e-10	9.925096e-04	0.000000e+00	0.000000e+00	0.000000e+00	
2.850000e+00	3.133669e+11	1.407001e+05	3.133669e-04	1.099557e+02	4.768917e-03	1.520139e+01	3.286912e-01	0.000000e+00	0.000000e+00	0.000000e+00	1.189493e-04	9.072818e-10	9.934929e-04	0.000000e+00	0.000000e+00	0.000000e+00	
2.900000e+00	3.188644e+11	1.517957e+05	3.188644e-04	1.099557e+02	4.852539e-03	1.520139e+01	3.405910e-01	0.000000e+00	0.000000e+00	0.000000e+00	1.118194e-04	9.045870e-10	9.922211e-04	0.000000e+00	0.000000e+00	0.000000e+00	
2.950000e+00	3.243620e+11	1.526750e+05	3.243620e-04	1.099557e+02	4.936223e-03	1.520139e+01	3.332074e-01	0.000000e+00	0.000000e+00	0.000000e+00	1.153116e-04	9.098181e-10	9.929299e-04	0.000000e+00	0.000000e+00	0.000000e+00	
3.000000e+00	3.298595e+11	1.652470e+05	3.298595e-04	1.099557e+02	5.019818e-03	1.520139e+01	3.484438e-01	0.000000e+00	0.000000e+00	0.000000e+00	1.039694e-04	9.080730e-10	9.909419e-04	0.000000e+00	0.000000e+00	0.000000e+00	
3.050000e+00	3.353570e+11	1.529117e+05	3.353570e-04	1.099557e+02	5.103517e-03	1.520139e+01	3.154516e-01	0.000000e+00	0.000000e+00	0.000000e+00	1.099886e-04	9.141536e-10	9.921022e-04	0.000000e+00	0.000000e+00	0.000000e+00	
3.100000e+00	3.408546e+11	1.643332e+05	3.408546e-04	1.099557e+02	5.187194e-03	1.520139e+01	3.195718e-01	0.000000e+00	0.000000e+00	0.000000e+00	1.127740e-04	8.989885e-10	9.922788e-04	0.000000e+00	0.000000e+00	0.000000e+00	
3.150000e+00	3.463521e+11	1.755738e+05	3.463521e-04	1.099557e+02	5.270795e-03	1.520139e+01	3.199808e-01	0.000000e+00	0.000000e+00	0.000000e+00	1.027051e-04	9.013598e-10	9.906165e-04	0.000000e+00	0.000000e+00	0.000000e+00	
3.200000e+00	3.518496e+11	1.870023e+05	3.518496e-04	1.099557e+02	5.354456e-03	1.520139e+01	3.205730e-01	0.000000e+00	0.000000e+00	0.000000e+00	1.026543e-04	9.012012e-10	9.906291e-04	0.000000e+00	0.000000e+00	0.000000e+00	
3.250000e+00	3.573471e+11	1.986166e+05	3.573471e-04	1.099557e+02	5.438118e-03	1.520139e+01	3.212670e-01	0.000000e+00	0.000000e+00	0.000000e+00	1.028451e-04	9.010902e-10	9.906818e-04	0.000000e+00	0.000000e+00	0.000000e+00	
3.300000e+00	3.628446e+11	2.232728e+05	3.628446e-04	1.099557e+02	5.521782e-03	1.520139e+01	3.313672e-01	0.000000e+00	0.000000e+00	0.000000e+00	1.031702e-04	9.010062e-10	9.907567e-04	0.000000e+00	0.000000e+00	0.000000e+00	
3.350000e+00	3.683421e+11	2.474521e+05	3.683421e-04	1.099557e+02	5.605509e-03	1.520139e+01	3.387991e-01	0.000000e+00	0.000000e+00	0.000000e+00	1.131751e-04	9.038498e-10	9.925775e-04	0.000000e+00	0.000000e+00	0.000000e+00	
3.400000e+00	3.738396e+11	2.634982e+05	3.738396e-04	1.099557e+02	5.689224e-03	1.520139e+01	3.441444e-01	0.000000e+00	0.000000e+00	0.000000e+00	1.210449e-04	9.051362e-10	9.940066e-04	0.000000e+00	0.000000e+00	0.000000e+00	
3.450000e+00	3.793371e+11	2.452400e+05	3.793371e-04	1.099557e+02	5.772918e-03	1.520139e+01	3.361305e-01	0.000000e+00	0.000000e+00	0.000000e+00	1.255314e-04	9.060895e-10	9.948310e-04	0.000000e+00	0.000000e+00	0.000000e+00	
3.500000e+00	3.848346e+11	2.651614e+05	3.848346e-04	1.099557e+02	5.856534e-03	1.520139e+01	3.449286e-01	0.000000e+00	0.000000e+00	0.000000e+00	1.187675e-04	9.045764e-10	9.935843e-04	0.000000e+00	0.000000e+00	0.000000e+00	
3.550000e+00	3.903320e+11	2.687042e+05	3.903320e-04	1.099557e+02	5.940249e-03	1.520139e+01	3.457333e-01	0.000000e+00	0.000000e+00	0.000000e+00	1.262293e-04	9.065469e-10	9.949567e-04	0.000000e+00	0.000000e+00	0.000000e+00	
3.600000e+00	3.958295e+11	2.722187e+05	3.958295e-04	1.099557e+02	6.023918e-03	1.520139e+01	3.463293e-01	0.000000e+00	0.000000e+00	0.000000e+00	1.270683e-04	9.067150e-10	9.951027e-04	0.000000e+00	0.000000e+00	0.000000e+00	
3.650000e+00	4.013270e+11	2.654739e+05	4.013270e-04	1.099557e+02	6.107585e-03	1.520139e+01	3.451077e-01	0.000000e+00	0.000000e+00	0.000000e+00	1.276704e-04	9.068443e-10	9.952080e-04	0.000000e+00	0.000000e+00	0.000000e+00	
3.700000e+00	4.068245e+11	2.689703e+05	4.068245e-04	1.099557e+02	6.191243e-03	1.520139e+01	3.455840e-01	0.000000e+00	0.000000e+00	0.000000e+00	1.269401e-04	9.068750e-10	9.950563e-04	0.000000e+00	0.000000e+00	0.000000e+00	
3.750000e+00	4.123219e+11	2.724422e+05	4.123219e-04	1.099557e+02	6.274909e-03	1.520139e+01	3.459780e-01	0.000000e+00	0.000000e+00	0.000000e+00	1.273784e-04	9.070829e-10	9.951353e-04	0.000000e+00	0.000000e+00	0.000000e+00	
3.800000e+00	4.178194e+11	2.758907e+05	4.178194e-04	1.099557e+02	6.358575e-03	1.520139e+01	3.463098e-01	0.000000e+00	0.000000e+00	0.000000e+00	1.277343e-04	9.072472e-10	9.951996e-04	0.000000e+00	0.000000e+00	0.000000e+00	
3.850000e+00	4.233168e+11	2.793165e+05	4.233168e-04	1.099557e+02	6.442240e-03	1.520139e+01	3.465936e-01	0.000000e+00	0.000000e+00	0.000000e+00	1.280296e-04	9.073803e-10	9.952532e-04	0.000000e+00	0.000000e+00	0.000000e+00	
3.900000e+00	4.288143e+11	2.719236e+05	4.288143e-04	1.099557e+02	6.525905e-03	1.520139e+01	3.456525e-01	0.000000e+00	0.000000e+00	0.000000e+00	1.282791e-04	9.074905e-10	9.952987e-04	0.000000e+00	0.000000e+00	0.000000e+00	
3.950000e+00	4.343117e+11	2.751097e+05	4.343117e-04	1.099557e+02	6.609563e-03	1.520139e+01	3.458622e-01	0.000000e+00	0.000000e+00	0.000000e+00	1.276960e-04	9.075738e-10	9.951791e-04	0.000000e+00	0.000000e+00	0.000000e+00	
4.000000e+00	4.398092e+11	2.782748e+05	4.398092e-04	1.099557e+02	6.693227e-03	1.520139e+01	3.460475e-01	0.000000e+00	0.000000e+00	0.000000e+00	1.278781e-04	9.076537e-10	9.952124e-04	0.000000e+00	0.000000e+00	0.000000e+00	
4.050000e+00	4.453066e+11	2.939462e+05	4.453066e-04	1.099557e+02	6.776891e-03	1.520139e+01	3.478756e-01	0.000000e+00	0.000000e+00	0.000000e+00	1.280382e-04	9.077234e-10	9.952416e-04	0.000000e+00	0.000000e+00	0.000000e+00	
4.100000e+00	4.508041e+11	2.970351e+05	4.508041e-04	1.099557e+02	6.860564e-03	1.520139e+01	3.479201e-01	0.000000e+00	0.000000e+00	0.000000e+00	1.293325e-04	9.078797e-10	9.954949e-04	0.000000e+00	0.000000e+00	0.000000e+00	
4.150000e+00	4.563015e+11	3.010418e+05	4.563015e-04	1.099557e+02	6.944227e-03	1.520139e+01	3.492362e-01	0.000000e+00	0.000000e+00	0.000000e+00	1.293804e-04	9.079134e-10	9.955032e-04	0.000000e+00	0.000000e+00	0.000000e+00	
4.200000e+00	4.617989e+11	3.050240e+05	4.617989e-04	1.099557e+02	7.027890e-03	1.520139e+01	3.500317e-01	0.000000e+00	0.000000e+00	0.000000e+00	1.294247e-04	9.085173e-10	9.955225e-04	0.000000e+00	0.000000e+00	0.000000e+00	
4.250000e+00	4.672963e+11	3.089865e+05	4.672963e-04	1.099557e+02	7.111553e-03	1.520139e+01	3.506068e-01	0.000000e+00	0.000000e+00	0.000000e+00	1.294661e-04	9.088782e-10	9.955375e-04	0.000000e+00	0.000000e+00	0.000000e+00	
4.300000e+00	4.727938e+11	3.261953e+05	4.727938e-04	1.099557e+02	7.195221e-03	1.520139e+01	3.527093e-01	0.000000e+00	0.000000e+00	0.000000e+00	1.300314e-04	9.090823e-10	9.956397e-04	0.000000e+00	0.000000e+00	0.000000e+00	
4.350000e+00	4.782912e+11	3.435596e+05	4.782912e-04	1.099557e+02	7.278897e-03	1.520139e+01	3.545960e-01	0.000000e+00	0.000000e+00	0.000000e+00	1.316561e-04	9.093291e-10	9.959494e-04	0.000000e+00	0.000000e+00	0.000000e+00	
4.400000e+00	4.837886e+11	3.610825e+05	4.837886e-04	1.099557e+02	7.362572e-03	1.520139e+01	3.563195e-01	0.000000e+00	0.000000e+00	0.000000e+00	1.330646e-04	9.094980e-10	9.962199e-04	0.000000e+00	0.000000e+00	0.000000e+00	
4.450000e+00	4.892860e+11	3.787662e+05	4.892860e-04	1.099557e+02	7.446246e-03	1.520139e+01	3.579129e-01	0.000000e+00	0.000000e+00	0.000000e+00	1.343208e-04	9.096323e-10	9.964630e-04	0.000000e+00	0.000000e+00	0.000000e+00	
4.500000e+00	4.947834e+11	3.966124e+05	4.947834e-04	1.099557e+02	7.529919e-03	1.520139e+01	3.593988e-01	0.000000e+00	0.000000e+00	0.000000e+00	1.354618e-04	9.097402e-10	9.966851e-04	0.000000e+00	0.000000e+00	0.000000e+00	
4.550000e+00	5.002808e+11	4.146227e+05	5.002808e-04	1.099557e+02	7.613591e-03	1.520139e+01	3.607937e-01	0.000000e+00	0.000000e+00	0.000000e+00	1.365113e-04	9.098272e-10	9.968903e-04	0.000000e+00	0.000000e+00	0.000000e+00	
4.600000e+00	5.057782e+11	4.327981e+05	5.057782e-04	1.099557e+02	7.697263e-03	1.520139e+01	3.621099e-01	0.000000e+00	0.000000e+00	0.000000e+00	1.374858e-04	9.098967e-10	9.970816e-04	0.000000e+00	0.000000e+00	0.000000e+00	
4.650000e+00	5.112755e+11	4.344262e+05	5.112755e-04	1.099557e+02	7.780934e-03	1.520139e+01	3.603417e-01	0.000000e+00	0.000000e+00	0.000000e+00	1.383970e-04	9.099454e-10	9.972610e-04	0.000000e+00	0.000000e+00	0.000000e+00	
4.700000e+00	5.167729e+11	4.360887e+05	5.167729e-04	1.099557e+02	7.864584e-03	1.520139e+01	3.587751e-01	0.000000e+00	0.000000e+00	0.000000e+00	1.370051e-04	9.095201e-10	9.969990e-04	0.000000e+00	0.000000e+00	0.000000e+00	
4.750000e+00	5.222703e+11	4.377820e+05	5.222703e-04	1.099557e+02	7.948235e-03	1.520139e+01	3.573770e-01	0.000000e+00	0.000000e+00	0.000000e+00	1.357892e-04	9.091687e-10	9.967689e-04	0.000000e+00	0.000000e+00	0.000000e+00	
4.800000e+00	5.277677e+11	4.395032e+05	5.277677e-04	1.099557e+02	8.031888e-03	1.520139e+01	3.561215e-01	0.000000e+00	0.000000e+00	0.000000e+00	1.347179e-04	9.088758e-10	9.965651e-04	0.000000e+00	0.000000e+00	0.000000e+00	
4.850000e+00	5.332651e+11	4.412496e+05	5.332651e-04	1.099557e+02	8.115541e-03	1.520139e+01	3.549880e-01	0.000000e+00	0.000000e+00	0.000000e+00	1.337671e-04	9.086297e-10	9.963834e-04	0.000000e+00	0.000000e+00	0.000000e+00	
4.900000e+00	5.387624e+11	4.249998e+05	5.387624e-04	1.099557e+02	8.199194e-03	1.520139e+01	3.506020e-01	0.000000e+00	0.000000e+00	0.000000e+00	1.329179e-04	9.084217e-10	9.962204e-04	0.000000e+00	0.000000e+00	0.000000e+00	
4.950000e+00	5.442598e+11	4.265856e+05	5.442598e-04	1.099557e+02	8.282824e-03	1.520139e+01	3.496612e-01	0.000000e+00	0.000000e+00	0.000000e+00	1.296104e-04	9.076703e-10	9.955879e-04	0.000000e+00	0.000000e+00	0.000000e+00	
5.000000e+00	5.497571e+11	4.281910e+05	5.497571e-04	1.099557e+02	8.366478e-03	1.520139e+01	3.488005e-01	0.000000e+00	0.000000e+00	0.000000e+00	1.289187e-04	9.075185e-10	9.954540e-04	0.000000e+00	0.000000e+00	0.000000e+00	
5.050000e+00	5.552545e+11	4.298142e+05	5.552545e-04	1.099557e+02	8.450133e-03	1.520139e+01	3.480103e-01	0.000000e+00	0.000000e+00	0.000000e+00	1.282913e-04	9.073883e-10	9.953320e-04	0.000000e+00	0.000000e+00	0.000000e+00	
5.100000e+00	5.607518e+11	4.314542e+05	5.607518e-04	1.099557e+02	8.533789e-03	1.520139e+01	3.472825e-01	0.000000e+00	0.000000e+00	0.000000e+00	1.277199e-04	9.072761e-10	9.952204e-04	0.000000e+00	0.000000e+00	0.000000e+00	
5.150000e+00	5.662492e+11	4.319449e+05	5.662492e-04	1.099557e+02	8.617445e-03	1.520139e+01	3.453321e-01	0.000000e+00	0.000000e+00	0.000000e+00	1.271977e-04	9.071802e-10	9.951181e-04	0.000000e+00	0.000000e+00	0.000000e+00	
5.200000e+00	5.717465e+11	4.324604e+05	5.717465e-04	1.099557e+02	8.701101e-03	1.520139e+01	3.439486e-01	0.000000e+00	0.000000e+00	0.000000e+00	1.267188e-04	9.065242e-10	9.950126e-04	0.000000e+00	0.000000e+00	0.000000e+00	
5.250000e+00	5.772438e+11	4.329938e+05	5.772438e-04	1.099557e+02	8.784757e-03	1.520139e+01	3.428274e-01	0.000000e+00	0.000000e+00	0.000000e+00	1.262783e-04	9.061233e-10	9.949184e-04	0.000000e+00	0.000000e+00	0.000000e+00	
5.300000e+00	5.827412e+11	4.324262e+05	5.827412e-04	1.099557e+02	8.868408e-03	1.520139e+01	3.414466e-01	0.000000e+00	0.000000e+00	0.000000e+00	1.253410e-04	9.058901e-10	9.947425e-04	0.000000e+00	0.000000e+00	0.000000e+00	
5.350000e+00	5.882385e+11	4.318688e+05	5.882385e-04	1.099557e+02	8.952056e-03	1.520139e+01	3.402575e-01	0.000000e+00	0.000000e+00	0.000000e+00	1.241983e-04	9.056317e-10	9.945290e-04	0.000000e+00	0.000000e+00	0.000000e+00	
5.400000e+00	5.937358e+11	4.324144e+05	5.937358e-04	1.099557e+02	9.035707e-03	1.520139e+01	3.394986e-01	0.000000e+00	0.000000e+00	0.000000e+00	1.232552e-04	9.054479e-10	9.943514e-04	0.000000e+00	0.000000e+00	0.000000e+00	
5.450000e+00	5.992331e+11	4.341661e+05	5.992331e-04	1.099557e+02	9.119361e-03	1.520139e+01	3.395709e-01	0.000000e+00	0.000000e+00	0.000000e+00	1.226900e-04	9.053545e-10	9.942428e-04	0.000000e+00	0.000000e+00	0.000000e+00	
5.500000e+00	6.047304e+11	4.359186e+05	6.047304e-04	1.099557e+02	9.203016e-03	1.520139e+01	3.394833e-01	0.000000e+00	0.000000e+00	0.000000e+00	1.221864e-04	9.056082e-10	9.941531e-04	0.000000e+00	0.000000e+00	0.000000e+00	
5.550000e+00	6.102278e+11	4.376739e+05	6.102278e-04	1.099557e+02	9.286677e-03	1.520139e+01	3.393235e-01	0.000000e+00	0.000000e+00	0.000000e+00	1.222641e-04	9.057167e-10	9.941612e-04	0.000000e+00	0.000000e+00	0.000000e+00	
5.600000e+00	6.157251e+11	4.603190e+05	6.157251e-04	1.099557e+02	9.370336e-03	1.520139e+01	3.425339e-01	0.000000e+00	0.000000e+00	0.000000e+00	1.222349e-04	9.057651e-10	9.941504e-04	0.000000e+00	0.000000e+00	0.000000e+00	
5.650000e+00	6.212224e+11	4.700749e+05	6.212224e-04	1.099557e+02	9.454024e-03	1.520139e+01	3.446904e-01	0.000000e+00	0.000000e+00	0.000000e+00	1.247380e-04	9.063750e-10	9.946238e-04	0.000000e+00	0.000000e+00	0.000000e+00	
5.700000e+00	6.267197e+11	4.918143e+05	6.267197e-04	1.099557e+02	9.537704e-03	1.520139e+01	3.470589e-01	0.000000e+00	0.000000e+00	0.000000e+00	1.264283e-04	9.068717e-10	9.949432e-04	0.000000e+00	0.000000e+00	0.000000e+00	
5.750000e+00	6.322169e+11	5.136759e+05	6.322169e-04	1.099557e+02	9.621384e-03	1.520139e+01	3.492306e-01	0.000000e+00	0.000000e+00	0.000000e+00	1.281954e-04	9.072243e-10	9.952824e-04	0.000000e+00	0.000000e+00	0.000000e+00	
5.800000e+00	6.377142e+11	5.356640e+05	6.377142e-04	1.099557e+02	9.705063e-03	1.520139e+01	3.512338e-01	0.000000e+00	0.000000e+00	0.000000e+00	1.297954e-04	9.075121e-10	9.955911e-04	0.000000e+00	0.000000e+00	0.000000e+00	
5.850000e+00	6.432115e+11	5.577820e+05	6.432115e-04	1.099557e+02	9.788741e-03	1.520139e+01	3.530914e-01	0.000000e+00	0.000000e+00	0.000000e+00	1.312548e-04	9.077478e-10	9.958738e-04	0.000000e+00	0.000000e+00	0.000000e+00	
5.900000e+00	6.487088e+11	5.811514e+05	6.487088e-04	1.099557e+02	9.872417e-03	1.520139e+01	3.549809e-01	0.000000e+00	0.000000e+00	0.000000e+00	1.325944e-04	9.079408e-10	9.961345e-04	0.000000e+00	0.000000e+00	0.000000e+00	
5.950000e+00	6.542061e+11	6.046622e+05	6.542061e-04	1.099557e+02	9.956094e-03	1.520139e+01	3.567451e-01	0.000000e+00	0.000000e+00	0.000000e+00	1.339498e-04	9.081230e-10	9.963988e-04	0.000000e+00	0.000000e+00	0.000000e+00	
6.000000e+00	6.597033e+11	6.283172e+05	6.597033e-04	1.099557e+02	1.003977e-02	1.520139e+01	3.583988e-01	0.000000e+00	0.000000e+00	0.000000e+00	1.352040e-04	9.082749e-10	9.966442e-04	0.000000e+00	0.000000e+00	0.000000e+00	
6.050000e+00	6.652006e+11	6.521188e+05	6.652006e-04	1.099557e+02	1.012344e-02	1.520139e+01	3.599543e-01	0.000000e+00	0.000000e+00	0.000000e+00	1.363701e-04	9.084029e-10	9.968731e-04	0.000000e+00	0.000000e+00	0.000000e+00	
6.100000e+00	6.706979e+11	6.774505e+05	6.706979e-04	1.099557e+02	1.020712e-02	1.520139e+01	3.627022e-01	0.000000e+00	0.000000e+00	0.000000e+00	1.374589e-04	9.085113e-10	9.970873e-04	0.000000e+00	0.000000e+00	0.000000e+00	
6.150000e+00	6.761951e+11	7.015625e+05	6.761951e-04	1.099557e+02	1.029079e-02	1.520139e+01	3.640913e-01	0.000000e+00	0.000000e+00	0.000000e+00	1.384794e-04	9.091788e-10	9.973002e-04	0.000000e+00	0.000000e+00	0.000000e+00	
6.200000e+00	6.816924e+11	7.258267e+05	6.816924e-04	1.099557e+02	1.037446e-02	1.520139e+01	3.654093e-01	0.000000e+00	0.000000e+00	0.000000e+00	1.394390e-04	9.092547e-10	9.974894e-04	0.000000e+00	0.000000e+00	0.000000e+00	
6.250000e+00	6.871896e+11	7.502445e+05	6.871896e-04	1.099557e+02	1.045814e-02	1.520139e+01	3.666629e-01	0.000000e+00	0.000000e+00	0.000000e+00	1.403442e-04	9.093179e-10	9.976681e-04	0.000000e+00	0.000000e+00	0.000000e+00	
6.300000e+00	6.926869e+11	7.748172e+05	6.926869e-04	1.099557e+02	1.054181e-02	1.520139e+01	3.678577e-01	0.000000e+00	0.000000e+00	0.000000e+00	1.412005e-04	9.093705e-10	9.978373e-04	0.000000e+00	0.000000e+00	0.000000e+00	
6.350000e+00	6.981841e+11	7.995461e+05	6.981841e-04	1.099557e+02	1.062548e-02	1.520139e+01	3.689988e-01	0.000000e+00	0.000000e+00	0.000000e+00	1.420126e-04	9.094141e-10	9.979977e-04	0.000000e+00	0.000000e+00	0.000000e+00	
6.400000e+00	7.036813e+11	8.244323e+05	7.036813e-04	1.099557e+02	1.070915e-02	1.520139e+01	3.700906e-01	0.000000e+00	0.000000e+00	0.000000e+00	1.427846e-04	9.094501e-10	9.981503e-04	0.000000e+00	0.000000e+00	0.000000e+00	
6.450000e+00	7.091786e+11	8.494769e+05	7.091786e-04	1.099557e+02	1.079282e-02	1.520139e+01	3.711371e-01	0.000000e+00	0.000000e+00	0.000000e+00	1.435200e-04	9.094796e-10	9.982957e-04	0.000000e+00	0.000000e+00	0.000000e+00	
6.500000e+00	7.146758e+11	8.772170e+05	7.146758e-04	1.099557e+02	1.087649e-02	1.520139e+01	3.725156e-01	0.000000e+00	0.000000e+00	0.000000e+00	1.442221e-04	9.095037e-10	9.984346e-04	0.000000e+00	0.000000e+00	0.000000e+00	
6.550000e+00	7.201730e+11	9.026019e+05	7.201730e-04	1.099557e+02	1.096017e-02	1.520139e+01	3.734817e-01	0.000000e+00	0.000000e+00	0.000000e+00	1.451802e-04	9.095916e-10	9.986219e-04	0.000000e+00	0.000000e+00	0.000000e+00	
6.600000e+00	7.256702e+11	9.281475e+05	7.256702e-04	1.099557e+02	1.104383e-02	1.520139e+01	3.744119e-01	0.000000e+00	0.000000e+00	0.000000e+00	1.458237e-04	9.096072e-10	9.987491e-04	0.000000e+00	0.000000e+00	0.000000e+00	
6.650000e+00	7.311674e+11	9.538547e+05	7.311674e-04	1.099557e+02	1.112750e-02	1.520139e+01	3.753087e-01	0.000000e+00	0.000000e+00	0.000000e+00	1.464411e-04	9.096196e-10	9.988712e-04	0.000000e+00	0.000000e+00	0.000000e+00	
6.700000e+00	7.366646e+11	9.810608e+05	7.366646e-04	1.099557e+02	1.121117e-02	1.520139e+01	3.763960e-01	0.000000e+00	0.000000e+00	0.000000e+00	1.470345e-04	9.096293e-10	9.989885e-04	0.000000e+00	0.000000e+00	0.000000e+00	
6.750000e+00	7.421618e+11	1.007104e+06	7.421618e-04	1.099557e+02	1.129484e-02	1.520139e+01	3.772326e-01	0.000000e+00	0.000000e+00	0.000000e+00	1.477807e-04	9.096805e-10	9.991344e-04	0.000000e+00	0.000000e+00	0.000000e+00	
6.800000e+00	7.476590e+11	1.033310e+06	7.476590e-04	1.099557e+02	1.137851e-02	1.520139e+01	3.780419e-01	0.000000e+00	0.000000e+00	0.000000e+00	1.483311e-04	9.096860e-10	9.992432e-04	0.000000e+00	0.000000e+00	0.000000e+00	
6.850000e+00	7.531562e+11	1.059680e+06	7.531562e-04	1.099557e+02	1.146218e-02	1.520139e+01	3.788256e-01	0.000000e+00	0.000000e+00	0.000000e+00	1.488622e-04	9.096861e-10	9.993483e-04	0.000000e+00	0.000000e+00	0.000000e+00	
6.900000e+00	7.586534e+11	1.066782e+06	7.586534e-04	1.099557e+02	1.154585e-02	1.520139e+01	3.786389e-01	0.000000e+00	0.000000e+00	0.000000e+00	1.493752e-04	9.096802e-10	9.994500e-04	0.000000e+00	0.000000e+00	0.000000e+00	
6.950000e+00	7.641506e+11	1.052194e+06	7.641506e-04	1.099557e+02	1.162951e-02	1.520139e+01	3.774357e-01	0.000000e+00	0.000000e+00	0.000000e+00	1.492522e-04	9.097189e-10	9.994240e-04	0.000000e+00	0.000000e+00	0.000000e+00	
7.000000e+00	7.696478e+11	1.057587e+06	7.696478e-04	1.099557e+02	1.171316e-02	1.520139e+01	3.759898e-01	0.000000e+00	0.000000e+00	0.000000e+00	1.484645e-04	9.098028e-10	9.992647e-04	0.000000e+00	0.000000e+00	0.000000e+00	
7.050000e+00	7.751450e+11	1.062370e+06	7.751450e-04	1.099557e+02	1.179682e-02	1.520139e+01	3.750575e-01	0.000000e+00	0.000000e+00	0.000000e+00	1.483575e-04	9.092623e-10	9.992303e-04	0.000000e+00	0.000000e+00	0.000000e+00	
7.100000e+00	7.806422e+11	1.069397e+06	7.806422e-04	1.099557e+02	1.188048e-02	1.520139e+01	3.749138e-01	0.000000e+00	0.000000e+00	0.000000e+00	1.482499e-04	9.089644e-10	9.991999e-04	0.000000e+00	0.000000e+00	0.000000e+00	
7.150000e+00	7.861393e+11	1.054366e+06	7.861393e-04	1.099557e+02	1.196414e-02	1.520139e+01	3.737117e-01	0.000000e+00	0.000000e+00	0.000000e+00	1.481578e-04	9.089996e-10	9.991803e-04	0.000000e+00	0.000000e+00	0.000000e+00	
7.200000e+00	7.916365e+11	6.106427e+08	7.916365e-04	1.099557e+02	1.204778e-02	1.520139e+01	2.121226e+01	0.000000e+00	0.000000e+00	0.000000e+00	1.473700e-04	9.090747e-10	9.990213e-04	0.000000e+00	0.000000e+00	0.000000e+00	
7.250000e+00	7.971345e+11	9.148191e+08	7.971345e-04	1.099557e+02	1.232178e-02	1.520139e+01	3.104838e+01	0.000000e+00	0.000000e+00	0.000000e+00	1.317580e-02	5.004640e-08	3.398696e-03	1.161059e+02	1.010810e-03	9.291874e+02	
7.300000e+00	8.026329e+11	1.218639e+09	8.026329e-04	1.099557e+02	1.249693e-02	1.520139e+01	4.052261e+01	0.000000e+00	0.000000e+00	0.000000e+00	1.916842e-02	7.180974e-08	4.501132e-03	2.874134e+02	2.504065e-03	2.307513e+03	
7.350000e+00	8.081316e+11	1.522096e+09	8.081316e-04	1.099557e+02	1.266980e-02	1.520139e+01	4.965112e+01	0.000000e+00	0.000000e+00	0.000000e+00	2.484845e-02	9.192531e-08	5.545204e-03	5.122189e+02	4.469235e-03	4.125512e+03	
7.400000e+00	8.136308e+11	1.520130e+09	8.136308e-04	1.099557e+02	1.284049e-02	1.520139e+01	4.818702e+01	0.000000e+00	0.000000e+00	0.000000e+00	3.023759e-02	1.105557e-07	6.534875e-03	7.894398e+02	6.898022e-03	6.374299e+03	
7.450000e+00	8.191298e+11	1.518207e+09	8.191298e-04	1.099557e+02	1.291265e-02	1.520139e+01	4.679131e+01	0.000000e+00	0.000000e+00	0.000000e+00	2.931949e-02	1.046154e-07	6.362012e-03	1.060266e+03	9.270771e-03	8.571192e+03	
7.500000e+00	8.246289e+11	1.516350e+09	8.246289e-04	1.099557e+02	1.298535e-02	1.520139e+01	4.546129e+01	0.000000e+00	0.000000e+00	0.000000e+00	2.844503e-02	9.904174e-08	6.197489e-03	1.324976e+03	1.158993e-02	1.071846e+04	
7.550000e+00	8.301279e+11	1.514533e+09	8.301279e-04	1.099557e+02	1.305856e-02	1.520139e+01	4.419135e+01	0.000000e+00	0.000000e+00	0.000000e+00	2.761249e-02	9.380672e-08	6.040982e-03	1.583832e+03	1.385780e-02	1.281823e+04	
7.600000e+00	8.356268e+11	1.512756e+09	8.356268e-04	1.099557e+02	1.313224e-02	1.520139e+01	4.297771e+01	0.000000e+00	0.000000e+00	0.000000e+00	2.681828e-02	8.888491e-08	5.891791e-03	1.837080e+03	1.607651e-02	1.487248e+04	
7.650000e+00	8.411257e+11	1.511015e+09	8.411257e-04	1.099557e+02	1.320637e-02	1.520139e+01	4.181689e+01	0.000000e+00	0.000000e+00	0.000000e+00	2.605996e-02	8.425314e-08	5.749446e-03	2.084949e+03	1.824809e-02	1.688309e+04	
7.700000e+00	8.466246e+11	1.509283e+09	8.466246e-04	1.099557e+02	1.328090e-02	1.520139e+01	4.070411e+01	0.000000e+00	0.000000e+00	0.000000e+00	2.533531e-02	7.989036e-08	5.613517e-03	2.327655e+03	2.037444e-02	1.885181e+04	
7.750000e+00	8.521234e+11	1.507613e+09	8.521234e-04	1.099557e+02	1.335580e-02	1.520139e+01	3.963962e+01	0.000000e+00	0.000000e+00	0.000000e+00	2.464125e-02	7.577737e-08	5.483404e-03	2.565402e+03	2.245733e-02	2.078029e+04	
7.800000e+00	8.576222e+11	1.505977e+09	8.576222e-04	1.099557e+02	1.343108e-02	1.520139e+01	3.861910e+01	0.000000e+00	0.000000e+00	0.000000e+00	2.397793e-02	7.189650e-08	5.359152e-03	2.798381e+03	2.449844e-02	2.267009e+04	
7.850000e+00	8.631210e+11	1.504372e+09	8.631210e-04	1.099557e+02	1.350669e-02	1.520139e+01	3.764000e+01	0.000000e+00	0.000000e+00	0.000000e+00	2.334261e-02	6.826626e-08	5.239814e-03	3.026773e+03	2.649937e-02	2.452267e+04	
7.900000e+00	8.686197e+11	1.502797e+09	8.686197e-04	1.099557e+02	1.358262e-02	1.520139e+01	3.669999e+01	0.000000e+00	0.000000e+00	0.000000e+00	2.273363e-02	6.487905e-08	5.124988e-03	3.250749e+03	2.846159e-02	2.633942e+04	
7.950000e+00	8.741183e+11	1.501251e+09	8.741183e-04	1.099557e+02	1.365884e-02	1.520139e+01	3.579689e+01	0.000000e+00	0.000000e+00	0.000000e+00	2.214950e-02	6.171843e-08	5.014424e-03	3.470470e+03	3.038654e-02	2.812164e+04	
8.000000e+00	8.796170e+11	1.499760e+09	8.796170e-04	1.099557e+02	1.373534e-02	1.520139e+01	3.493031e+01	0.000000e+00	0.000000e+00	0.000000e+00	2.158882e-02	5.876939e-08	4.907887e-03	3.686089e+03	3.227554e-02	2.987058e+04	
8.050000e+00	8.851156e+11	1.498297e+09	8.851156e-04	1.099557e+02	1.381212e-02	1.520139e+01	3.409671e+01	0.000000e+00	0.000000e+00	0.000000e+00	2.105135e-02	5.601839e-08	4.805369e-03	3.897751e+03	3.412986e-02	3.158741e+04	
8.100000e+00	8.906142e+11	1.496859e+09	8.906142e-04	1.099557e+02	1.388916e-02	1.520139e+01	3.329381e+01	0.000000e+00	0.000000e+00	0.000000e+00	2.053479e-02	5.341821e-08	4.706848e-03	4.105592e+03	3.595071e-02	3.327325e+04	
8.150000e+00	8.961127e+11	1.495447e+09	8.961127e-04	1.099557e+02	1.396642e-02	1.520139e+01	3.252065e+01	0.000000e+00	0.000000e+00	0.000000e+00	2.003750e-02	5.094959e-08	4.612124e-03	4.309742e+03	3.773923e-02	3.492914e+04	
8.200000e+00	9.016112e+11	1.494059e+09	9.016112e-04	1.099557e+02	1.404392e-02	1.520139e+01	3.177569e+01	0.000000e+00	0.000000e+00	0.000000e+00	1.955910e-02	4.860458e-08	4.521107e-03	4.510326e+03	3.949649e-02	3.655610e+04	
8.250000e+00	9.071097e+11	1.492697e+09	9.071097e-04	1.099557e+02	1.412164e-02	1.520139e+01	3.105754e+01	0.000000e+00	0.000000e+00	0.000000e+00	1.909856e-02	4.637562e-08	4.433592e-03	4.707460e+03	4.122353e-02	3.815507e+04	
8.300000e+00	9.126082e+11	1.491359e+09	9.126082e-04	1.099557e+02	1.419956e-02	1.520139e+01	3.036482e+01	0.000000e+00	0.000000e+00	0.000000e+00	1.865500e-02	4.425570e-08	4.349401e-03	4.901257e+03	4.292132e-02	3.972696e+04	
8.350000e+00	9.181066e+11	1.490044e+09	9.181066e-04	1.099557e+02	1.427768e-02	1.520139e+01	2.969634e+01	0.000000e+00	0.000000e+00	0.000000e+00	1.822751e-02	4.223833e-08	4.268353e-03	5.091823e+03	4.459081e-02	4.127264e+04	
8.400000e+00	9.236050e+11	1.488751e+09	9.236050e-04	1.099557e+02	1.435599e-02	1.520139e+01	2.905081e+01	0.000000e+00	0.000000e+00	0.000000e+00	1.781532e-02	4.031751e-08	4.190297e-03	5.279260e+03	4.623287e-02	4.279293e+04	
8.450000e+00	9.291034e+11	1.487478e+09	9.291034e-04	1.099557e+02	1.443447e-02	1.520139e+01	2.842719e+01	0.000000e+00	0.000000e+00	0.000000e+00	1.741761e-02	3.848764e-08	4.115066e-03	5.463663e+03	4.784837e-02	4.428861e+04	
8.500000e+00	9.346018e+11	1.486226e+09	9.346018e-04	1.099557e+02	1.451313e-02	1.520139e+01	2.782446e+01	0.000000e+00	0.000000e+00	0.000000e+00	1.703372e-02	3.674352e-08	4.042529e-03	5.645126e+03	4.943810e-02	4.576044e+04	
8.550000e+00	9.401001e+11	1.484995e+09	9.401001e-04	1.099557e+02	1.459194e-02	1.520139e+01	2.724174e+01	0.000000e+00	0.000000e+00	0.000000e+00	1.666299e-02	3.508031e-08	3.972555e-03	5.823737e+03	5.100283e-02	4.720913e+04	
8.600000e+00	9.455984e+11	1.483784e+09	9.455984e-04	1.099557e+02	1.467090e-02	1.520139e+01	2.667810e+01	0.000000e+00	0.000000e+00	0.000000e+00	1.630484e-02	3.349348e-08	3.905031e-03	5.999580e+03	5.254332e-02	4.863537e+04	
8.650000e+00	9.510967e+11	1.482592e+09	9.510967e-04	1.099557e+02	1.475002e-02	1.520139e+01	2.613262e+01	0.000000e+00	0.000000e+00	0.000000e+00	1.595871e-02	3.197885e-08	3.839841e-03	6.172736e+03	5.406026e-02	5.003980e+04	
8.700000e+00	9.565949e+11	1.481419e+09	9.565949e-04	1.099557e+02	1.482927e-02	1.520139e+01	2.560450e+01	0.000000e+00	0.000000e+00	0.000000e+00	1.562399e-02	3.053245e-08	3.776867e-03	6.343281e+03	5.555434e-02	5.142306e+04	
8.750000e+00	9.620932e+11	1.480266e+09	9.620932e-04	1.099557e+02	1.490866e-02	1.520139e+01	2.509321e+01	0.000000e+00	0.000000e+00	0.000000e+00	1.530017e-02	2.915062e-08	3.716007e-03	6.511290e+03	5.702619e-02	5.278574e+04	
8.800000e+00	9.675914e+11	1.479129e+09	9.675914e-04	1.099557e+02	1.498817e-02	1.520139e+01	2.459775e+01	0.000000e+00	0.000000e+00	0.000000e+00	1.498692e-02	2.782992e-08	3.657195e-03	6.676834e+03	5.847644e-02	5.412843e+04	
8.850000e+00	9.730896e+11	1.478008e+09	9.730896e-04	1.099557e+02	1.506781e-02	1.520139e+01	2.411733e+01	0.000000e+00	0.000000e+00	0.000000e+00	1.468360e-02	2.656713e-08	3.600305e-03	6.839981e+03	5.990569e-02	5.545166e+04	
8.900000e+00	9.785878e+11	1.476907e+09	9.785878e-04	1.099557e+02	1.514756e-02	1.520139e+01	2.365223e+01	0.000000e+00	0.000000e+00	0.000000e+00	1.438969e-02	2.535920e-08	3.545234e-03	7.000795e+03	6.131450e-02	5.675597e+04	
8.950000e+00	9.840859e+11	1.475821e+09	9.840859e-04	1.099557e+02	1.522744e-02	1.520139e+01	2.320085e+01	0.000000e+00	0.000000e+00	0.000000e+00	1.410557e-02	2.420351e-08	3.492047e-03	7.159340e+03	6.270343e-02	5.804188e+04	
9.000000e+00	9.895841e+11	1.474746e+09	9.895841e-04	1.099557e+02	1.530742e-02	1.520139e+01	2.276196e+01	0.000000e+00	0.000000e+00	0.000000e+00	1.382994e-02	2.309712e-08	3.440503e-03	7.315675e+03	6.407300e-02	5.930985e+04	
9.050000e+00	9.950822e+11	1.473685e+09	9.950822e-04	1.099557e+02	1.538748e-02	1.520139e+01	2.233592e+01	0.000000e+00	0.000000e+00	0.000000e+00	1.356187e-02	2.203740e-08	3.390423e-03	7.469858e+03	6.542371e-02	6.056037e+04	
9.100000e+00	1.000580e+12	1.472638e+09	1.000580e-03	1.099557e+02	1.546765e-02	1.520139e+01	2.192228e+01	0.000000e+00	0.000000e+00	0.000000e+00	1.330189e-02	2.102230e-08	3.341898e-03	7.621944e+03	6.675606e-02	6.179388e+04	
9.150000e+00	1.006078e+12	1.506615e+09	1.006078e-03	1.099557e+02	1.554791e-02	1.520139e+01	2.201151e+01	0.000000e+00	0.000000e+00	0.000000e+00	1.304966e-02	2.004958e-08	3.294866e-03	7.771988e+03	6.807050e-02	6.301082e+04	
9.200000e+00	1.011576e+12	1.575564e+09	1.011576e-03	1.099557e+02	1.563357e-02	1.520139e+01	2.259459e+01	0.000000e+00	0.000000e+00	0.000000e+00	1.309398e-02	2.010141e-08	3.293891e-03	7.943708e+03	6.952945e-02	6.431832e+04	
9.250000e+00	1.017075e+12	1.644496e+09	1.017075e-03	1.099557e+02	1.572461e-02	1.520139e+01	2.317937e+01	0.000000e+00	0.000000e+00	0.000000e+00	1.342946e-02	2.115599e-08	3.338150e-03	8.160264e+03	7.128721e-02	6.582344e+04	
9.300000e+00	1.022573e+12	1.643386e+09	1.022573e-03	1.099557e+02	1.581574e-02	1.520139e+01	2.276730e+01	0.000000e+00	0.000000e+00	0.000000e+00	1.376548e-02	2.224193e-08	3.382867e-03	8.421164e+03	7.334312e-02	6.752676e+04	
9.350000e+00	1.028071e+12	1.642291e+09	1.028071e-03	1.099557e+02	1.589599e-02	1.520139e+01	2.236691e+01	0.000000e+00	0.000000e+00	0.000000e+00	1.351528e-02	2.100076e-08	3.337184e-03	8.678720e+03	7.537268e-02	6.920825e+04	
9.400000e+00	1.033569e+12	1.641212e+09	1.033569e-03	1.099557e+02	1.597635e-02	1.520139e+01	2.197721e+01	0.000000e+00	0.000000e+00	0.000000e+00	1.327315e-02	1.981072e-08	3.293001e-03	8.933013e+03	7.737652e-02	7.086841e+04	
9.450000e+00	1.039067e+12	1.640146e+09	1.039067e-03	1.099557e+02	1.605678e-02	1.520139e+01	2.159787e+01	0.000000e+00	0.000000e+00	0.000000e+00	1.303749e-02	1.866924e-08	3.250036e-03	9.184118e+03	7.935525e-02	7.250778e+04	
9.500000e+00	1.044565e+12	1.639094e+09	1.044565e-03	1.099557e+02	1.613730e-02	1.520139e+01	2.122855e+01	0.000000e+00	0.000000e+00	0.000000e+00	1.280816e-02	1.757415e-08	3.208259e-03	9.432112e+03	8.130945e-02	7.412682e+04	
9.550000e+00	1.050063e+12	1.638016e+09	1.050063e-03	1.099557e+02	1.621789e-02	1.520139e+01	2.086391e+01	0.000000e+00	0.000000e+00	0.000000e+00	1.258498e-02	1.652331e-08	3.167637e-03	9.677065e+03	8.323969e-02	7.572600e+04	
9.600000e+00	1.055561e+12	1.636952e+09	1.055561e-03	1.099557e+02	1.629848e-02	1.520139e+01	2.050922e+01	0.000000e+00	0.000000e+00	0.000000e+00	1.236381e-02	1.551378e-08	3.127391e-03	9.919047e+03	8.514652e-02	7.730580e+04	
9.650000e+00	1.061059e+12	1.635901e+09	1.061059e-03	1.099557e+02	1.637914e-02	1.520139e+01	2.016404e+01	0.000000e+00	0.000000e+00	0.000000e+00	1.214893e-02	1.454468e-08	3.088319e-03	1.015813e+04	8.703048e-02	7.886663e+04	
9.700000e+00	1.066557e+12	1.634864e+09	1.066557e-03	1.099557e+02	1.645989e-02	1.520139e+01	1.982805e+01	0.000000e+00	0.000000e+00	0.000000e+00	1.194003e-02	1.361417e-08	3.050362e-03	1.039437e+04	8.889206e-02	8.040893e+04	
9.750000e+00	1.072055e+12	1.633874e+09	1.072055e-03	1.099557e+02	1.654071e-02	1.520139e+01	1.950274e+01	0.000000e+00	0.000000e+00	0.000000e+00	1.173689e-02	1.272057e-08	3.013478e-03	1.062783e+04	9.073177e-02	8.193311e+04	
9.800000e+00	1.077553e+12	1.632895e+09	1.077553e-03	1.099557e+02	1.662162e-02	1.520139e+01	1.918562e+01	0.000000e+00	0.000000e+00	0.000000e+00	1.154051e-02	1.186231e-08	2.977870e-03	1.085858e+04	9.255009e-02	8.343956e+04	
9.850000e+00	1.083051e+12	1.631966e+09	1.083051e-03	1.099557e+02	1.670260e-02	1.520139e+01	1.889897e+01	0.000000e+00	0.000000e+00	0.000000e+00	1.134920e-02	1.103771e-08	2.943207e-03	1.108668e+04	9.434748e-02	8.492867e+04	
9.900000e+00	1.088549e+12	1.630968e+09	1.088549e-03	1.099557e+02	1.678364e-02	1.520139e+01	1.856477e+01	0.000000e+00	0.000000e+00	0.000000e+00	1.116284e-02	1.025529e-08	2.909667e-03	1.131217e+04	9.612439e-02	8.640081e+04	
9.950000e+00	1.094047e+12	1.630018e+09	1.094047e-03	1.099557e+02	1.686474e-02	1.520139e+01	1.825484e+01	0.000000e+00	0.000000e+00	0.000000e+00	1.098124e-02	9.478829e-09	2.876525e-03	1.153513e+04	9.788125e-02	8.785634e+04	
