# COLUMN NUMBERS: 
#	0: time [Gyr]
#	1: mgas [Msun]			ISM gas mass
#	2: mstar [Msun]			Stellar mass
#	3: sfr [Msun/yr]		Star formation rate
#	4: ifr [Msun/yr]		Infall rate
#	5: ofr [Msun/yr]		Outfow rate
#	6: eta_0			Mass-loading factor
#	7: r_eff			Effective recycilng rate
#	8: z_in(fe)			Inflow fe metallicity
#	9: z_in(sr)			Inflow sr metallicity
#	10: z_in(o)			Inflow o metallicity
#	11: z_out(fe)			Outflow fe metallicity
#	12: z_out(sr)			Outflow sr metallicity
#	13: z_out(o)			Outflow o metallicity
#	14: mass(fe) [Msun]		mass of element fe in ISM
#	15: mass(sr) [Msun]		mass of element sr in ISM
#	16: mass(o) [Msun]		mass of element o in ISM
0.000000e+00	1.000000e-12	1.824714e-29	4.868170e-37	1.570796e+01	1.932664e-37	3.970002e-01	2.503490e-01	0.000000e+00	0.000000e+00	0.000000e+00	1.687222e-293	1.687222e-293	7.144459e-281	0.000000e+00	0.000000e+00	0.000000e+00	
5.000000e-02	7.853982e+08	4.448398e+07	1.186792e+00	1.570796e+01	4.711565e-01	3.970002e-01	2.503490e-01	0.000000e+00	0.000000e+00	0.000000e+00	8.130023e-05	9.078526e-10	1.016253e-03	6.385305e+04	7.130257e-01	7.981631e+05	
1.000000e-01	1.502755e+09	1.268737e+08	2.233842e+00	1.570796e+01	8.868357e-01	3.970002e-01	2.623500e-01	0.000000e+00	0.000000e+00	0.000000e+00	1.191004e-04	1.329955e-09	1.488755e-03	1.789787e+05	1.998595e+00	2.237234e+06	
1.500000e-01	2.161421e+09	2.420779e+08	3.162348e+00	1.570796e+01	1.255453e+00	3.970002e-01	2.714008e-01	0.000000e+00	0.000000e+00	0.000000e+00	1.903449e-04	1.735866e-09	1.944895e-03	4.114155e+05	3.751937e+00	4.203738e+06	
2.000000e-01	2.768843e+09	3.859351e+08	3.989207e+00	1.570796e+01	1.583716e+00	3.970002e-01	2.787680e-01	0.000000e+00	0.000000e+00	0.000000e+00	2.665503e-04	2.129575e-09	2.380857e-03	7.380358e+05	5.896459e+00	6.592218e+06	
2.500000e-01	3.331198e+09	5.549650e+08	4.728313e+00	1.570796e+01	1.877141e+00	3.970002e-01	2.850308e-01	0.000000e+00	0.000000e+00	0.000000e+00	3.422851e-04	2.519651e-09	2.796751e-03	1.140219e+06	8.393456e+00	9.316531e+06	
3.000000e-01	3.853709e+09	7.462184e+08	5.391259e+00	1.570796e+01	2.140331e+00	3.970002e-01	2.905057e-01	0.000000e+00	0.000000e+00	0.000000e+00	4.159233e-04	2.914806e-09	3.193291e-03	1.602847e+06	1.123281e+01	1.230602e+07	
3.500000e-01	4.340837e+09	1.024061e+09	5.987803e+00	1.570796e+01	2.377159e+00	3.970002e-01	2.978449e-01	0.000000e+00	0.000000e+00	0.000000e+00	4.869062e-04	3.319199e-09	3.571329e-03	2.113581e+06	1.440810e+01	1.550256e+07	
4.000000e-01	4.797159e+09	1.336856e+09	6.527224e+00	1.570796e+01	2.591309e+00	3.970002e-01	3.045094e-01	0.000000e+00	0.000000e+00	0.000000e+00	5.551343e-04	3.736633e-09	3.931593e-03	2.663068e+06	1.792522e+01	1.886048e+07	
4.500000e-01	5.226011e+09	1.579815e+09	7.016552e+00	1.570796e+01	2.785572e+00	3.970002e-01	3.074702e-01	0.000000e+00	0.000000e+00	0.000000e+00	6.206116e-04	4.172680e-09	4.275026e-03	3.243323e+06	2.180647e+01	2.234133e+07	
5.000000e-01	5.629172e+09	1.952993e+09	7.460320e+00	1.570796e+01	2.961748e+00	3.970002e-01	3.138997e-01	0.000000e+00	0.000000e+00	0.000000e+00	6.833251e-04	4.636594e-09	4.602697e-03	3.846554e+06	2.610018e+01	2.590937e+07	
5.500000e-01	6.010556e+09	2.301303e+09	7.865565e+00	1.570796e+01	3.122631e+00	3.970002e-01	3.170987e-01	0.000000e+00	0.000000e+00	0.000000e+00	7.434804e-04	5.192924e-09	4.915183e-03	4.468731e+06	3.121236e+01	2.954298e+07	
6.000000e-01	6.371252e+09	2.685290e+09	8.235276e+00	1.570796e+01	3.269406e+00	3.970002e-01	3.205767e-01	0.000000e+00	0.000000e+00	0.000000e+00	8.011850e-04	5.817880e-09	5.213332e-03	5.104552e+06	3.706718e+01	3.321545e+07	
6.500000e-01	6.713418e+09	3.121346e+09	8.573622e+00	1.570796e+01	3.403729e+00	3.970002e-01	3.244032e-01	0.000000e+00	0.000000e+00	0.000000e+00	8.565656e-04	6.522731e-09	5.497842e-03	5.750483e+06	4.378982e+01	3.690931e+07	
7.000000e-01	7.039014e+09	3.603102e+09	8.884294e+00	1.570796e+01	3.527066e+00	3.970002e-01	3.284100e-01	0.000000e+00	0.000000e+00	0.000000e+00	9.097612e-04	7.311224e-09	5.769366e-03	6.403822e+06	5.146381e+01	4.061065e+07	
7.500000e-01	7.349729e+09	4.222303e+09	9.170442e+00	1.570796e+01	3.640667e+00	3.970002e-01	3.335567e-01	0.000000e+00	0.000000e+00	0.000000e+00	9.609034e-04	8.186458e-09	6.028564e-03	7.062380e+06	6.016825e+01	4.430831e+07	
8.000000e-01	7.647515e+09	4.779530e+09	9.435379e+00	1.570796e+01	3.745847e+00	3.970002e-01	3.375257e-01	0.000000e+00	0.000000e+00	0.000000e+00	1.010232e-03	9.173036e-09	6.275949e-03	7.725765e+06	7.015093e+01	4.799541e+07	
8.500000e-01	7.933086e+09	5.368431e+09	9.680739e+00	1.570796e+01	3.843255e+00	3.970002e-01	3.414852e-01	0.000000e+00	0.000000e+00	0.000000e+00	1.057733e-03	1.024010e-08	6.512337e-03	8.391083e+06	8.123557e+01	5.166293e+07	
9.000000e-01	8.207576e+09	5.985619e+09	9.908576e+00	1.570796e+01	3.933706e+00	3.970002e-01	3.454018e-01	0.000000e+00	0.000000e+00	0.000000e+00	1.103519e-03	1.139121e-08	6.738322e-03	9.057212e+06	9.349426e+01	5.530529e+07	
9.500000e-01	8.471982e+09	6.628062e+09	1.012068e+01	1.570796e+01	4.017912e+00	3.970002e-01	3.492527e-01	0.000000e+00	0.000000e+00	0.000000e+00	1.147689e-03	1.262729e-08	6.954467e-03	9.723202e+06	1.069782e+02	5.891812e+07	
1.000000e+00	8.727184e+09	7.116097e+09	1.031861e+01	1.570796e+01	4.096492e+00	3.970002e-01	3.517496e-01	0.000000e+00	0.000000e+00	0.000000e+00	1.190336e-03	1.394455e-08	7.161310e-03	1.038828e+07	1.216967e+02	6.249807e+07	
1.050000e+00	8.973305e+09	7.968407e+09	1.050298e+01	1.570796e+01	4.169687e+00	3.970002e-01	3.579587e-01	0.000000e+00	0.000000e+00	0.000000e+00	1.231367e-03	1.531349e-08	7.359563e-03	1.104943e+07	1.374126e+02	6.603960e+07	
1.100000e+00	9.213052e+09	8.687549e+09	1.067736e+01	1.570796e+01	4.238912e+00	3.970002e-01	3.618179e-01	0.000000e+00	0.000000e+00	0.000000e+00	1.271244e-03	1.686342e-08	7.549320e-03	1.171204e+07	1.553636e+02	6.955227e+07	
1.150000e+00	9.445799e+09	9.422260e+09	1.084132e+01	1.570796e+01	4.304008e+00	3.970002e-01	3.655456e-01	0.000000e+00	0.000000e+00	0.000000e+00	1.309852e-03	1.847300e-08	7.731256e-03	1.237260e+07	1.744923e+02	7.302789e+07	
1.200000e+00	9.672081e+09	1.017100e+10	1.099581e+01	1.570796e+01	4.365339e+00	3.970002e-01	3.691455e-01	0.000000e+00	0.000000e+00	0.000000e+00	1.347266e-03	2.013207e-08	7.905803e-03	1.303086e+07	1.947190e+02	7.646556e+07	
1.250000e+00	9.892374e+09	1.052276e+10	1.114164e+01	1.570796e+01	4.423231e+00	3.970002e-01	3.685707e-01	0.000000e+00	0.000000e+00	0.000000e+00	1.383544e-03	2.183137e-08	8.073363e-03	1.368653e+07	2.159641e+02	7.986473e+07	
1.300000e+00	1.010485e+10	1.087895e+10	1.127701e+01	1.570796e+01	4.476975e+00	3.970002e-01	3.682886e-01	0.000000e+00	0.000000e+00	0.000000e+00	1.418341e-03	2.340274e-08	8.234609e-03	1.433213e+07	2.364813e+02	8.320951e+07	
1.350000e+00	1.031021e+10	1.123916e+10	1.140299e+01	1.570796e+01	4.526990e+00	3.970002e-01	3.682261e-01	0.000000e+00	0.000000e+00	0.000000e+00	1.451736e-03	2.487537e-08	8.389719e-03	1.496771e+07	2.564703e+02	8.649978e+07	
1.400000e+00	1.050905e+10	1.145150e+10	1.152050e+01	1.570796e+01	4.573642e+00	3.970002e-01	3.677112e-01	0.000000e+00	0.000000e+00	0.000000e+00	1.483789e-03	2.627053e-08	8.538891e-03	1.559322e+07	2.760785e+02	8.973567e+07	
1.450000e+00	1.070156e+10	1.181902e+10	1.162996e+01	1.570796e+01	4.617096e+00	3.970002e-01	3.679808e-01	0.000000e+00	0.000000e+00	0.000000e+00	1.514463e-03	2.759772e-08	8.682480e-03	1.620711e+07	2.953385e+02	9.291605e+07	
1.500000e+00	1.088858e+10	1.265446e+10	1.173250e+01	1.570796e+01	4.657805e+00	3.970002e-01	3.737838e-01	0.000000e+00	0.000000e+00	0.000000e+00	1.543927e-03	2.887581e-08	8.820522e-03	1.681118e+07	3.144166e+02	9.604298e+07	
1.550000e+00	1.107374e+10	1.321283e+10	1.183215e+01	1.570796e+01	4.697367e+00	3.970002e-01	3.764892e-01	0.000000e+00	0.000000e+00	0.000000e+00	1.572633e-03	3.032253e-08	8.952953e-03	1.741492e+07	3.357837e+02	9.914263e+07	
1.600000e+00	1.125539e+10	1.375164e+10	1.192727e+01	1.570796e+01	4.735127e+00	3.970002e-01	3.781969e-01	0.000000e+00	0.000000e+00	0.000000e+00	1.600436e-03	3.185260e-08	9.080403e-03	1.801354e+07	3.585135e+02	1.022035e+08	
1.650000e+00	1.143321e+10	1.377724e+10	1.201760e+01	1.570796e+01	4.770989e+00	3.970002e-01	3.762398e-01	0.000000e+00	0.000000e+00	0.000000e+00	1.627384e-03	3.338242e-08	9.203164e-03	1.860623e+07	3.816683e+02	1.052217e+08	
1.700000e+00	1.160526e+10	1.376252e+10	1.210124e+01	1.570796e+01	4.804193e+00	3.970002e-01	3.742622e-01	0.000000e+00	0.000000e+00	0.000000e+00	1.653081e-03	3.476895e-08	9.321734e-03	1.918443e+07	4.035026e+02	1.081811e+08	
1.750000e+00	1.177184e+10	1.414346e+10	1.217866e+01	1.570796e+01	4.834930e+00	3.970002e-01	3.744088e-01	0.000000e+00	0.000000e+00	0.000000e+00	1.677553e-03	3.602935e-08	9.436174e-03	1.974788e+07	4.241315e+02	1.110811e+08	
1.800000e+00	1.193454e+10	1.491104e+10	1.225165e+01	1.570796e+01	4.863905e+00	3.970002e-01	3.798250e-01	0.000000e+00	0.000000e+00	0.000000e+00	1.701145e-03	3.722803e-08	9.546363e-03	2.030239e+07	4.442995e+02	1.139315e+08	
1.850000e+00	1.209684e+10	1.545714e+10	1.232382e+01	1.570796e+01	4.892557e+00	3.970002e-01	3.841248e-01	0.000000e+00	0.000000e+00	0.000000e+00	1.724216e-03	3.859109e-08	9.652270e-03	2.085757e+07	4.668301e+02	1.167620e+08	
1.900000e+00	1.225811e+10	1.634191e+10	1.239457e+01	1.570796e+01	4.920646e+00	3.970002e-01	3.895448e-01	0.000000e+00	0.000000e+00	0.000000e+00	1.746564e-03	4.007763e-08	9.754251e-03	2.140957e+07	4.912760e+02	1.195687e+08	
1.950000e+00	1.241916e+10	1.636924e+10	1.246474e+01	1.570796e+01	4.948502e+00	3.970002e-01	3.862002e-01	0.000000e+00	0.000000e+00	0.000000e+00	1.768526e-03	4.170916e-08	9.852496e-03	2.196360e+07	5.179928e+02	1.223597e+08	
2.000000e+00	1.257459e+10	1.722273e+10	1.252895e+01	1.570796e+01	4.973995e+00	3.970002e-01	3.882886e-01	0.000000e+00	0.000000e+00	0.000000e+00	1.789504e-03	4.315609e-08	9.947733e-03	2.250228e+07	5.426702e+02	1.250887e+08	
2.050000e+00	1.272809e+10	1.838803e+10	1.259097e+01	1.570796e+01	4.998619e+00	3.970002e-01	3.896080e-01	0.000000e+00	0.000000e+00	0.000000e+00	1.810205e-03	4.459457e-08	1.003965e-02	2.304044e+07	5.676034e+02	1.277856e+08	
2.100000e+00	1.287928e+10	1.932664e+10	1.265050e+01	1.570796e+01	5.022251e+00	3.970002e-01	3.907286e-01	0.000000e+00	0.000000e+00	0.000000e+00	1.830539e-03	4.592962e-08	1.012809e-02	2.357603e+07	5.915404e+02	1.304425e+08	
2.150000e+00	1.302819e+10	1.971408e+10	1.270759e+01	1.570796e+01	5.044913e+00	3.970002e-01	3.902232e-01	0.000000e+00	0.000000e+00	0.000000e+00	1.850451e-03	4.717407e-08	1.021345e-02	2.410802e+07	6.145926e+02	1.330627e+08	
2.200000e+00	1.317390e+10	2.010338e+10	1.276140e+01	1.570796e+01	5.066277e+00	3.970002e-01	3.898861e-01	0.000000e+00	0.000000e+00	0.000000e+00	1.869658e-03	4.832362e-08	1.029613e-02	2.463069e+07	6.366105e+02	1.356401e+08	
2.250000e+00	1.331669e+10	2.096004e+10	1.281226e+01	1.570796e+01	5.086469e+00	3.970002e-01	3.919448e-01	0.000000e+00	0.000000e+00	0.000000e+00	1.888189e-03	4.939593e-08	1.037618e-02	2.514443e+07	6.577903e+02	1.381763e+08	
2.300000e+00	1.345824e+10	2.135123e+10	1.286183e+01	1.570796e+01	5.106149e+00	3.970002e-01	3.917008e-01	0.000000e+00	0.000000e+00	0.000000e+00	1.906402e-03	5.046060e-08	1.045352e-02	2.565681e+07	6.791107e+02	1.406860e+08	
2.350000e+00	1.359713e+10	2.221577e+10	1.290880e+01	1.570796e+01	5.124796e+00	3.970002e-01	3.955490e-01	0.000000e+00	0.000000e+00	0.000000e+00	1.923958e-03	5.146206e-08	1.052846e-02	2.616032e+07	6.997366e+02	1.431568e+08	
2.400000e+00	1.373616e+10	2.260764e+10	1.295583e+01	1.570796e+01	5.143465e+00	3.970002e-01	3.950665e-01	0.000000e+00	0.000000e+00	0.000000e+00	1.941187e-03	5.257847e-08	1.060069e-02	2.666445e+07	7.222260e+02	1.456128e+08	
2.450000e+00	1.387251e+10	2.262131e+10	1.300029e+01	1.570796e+01	5.161117e+00	3.970002e-01	3.930891e-01	0.000000e+00	0.000000e+00	0.000000e+00	1.957812e-03	5.361088e-08	1.067081e-02	2.715977e+07	7.437174e+02	1.480309e+08	
2.500000e+00	1.400535e+10	2.219753e+10	1.304145e+01	1.570796e+01	5.177456e+00	3.970002e-01	3.819654e-01	0.000000e+00	0.000000e+00	0.000000e+00	1.973607e-03	5.453568e-08	1.073889e-02	2.764106e+07	7.637913e+02	1.504019e+08	
2.550000e+00	1.412887e+10	2.269479e+10	1.307398e+01	1.570796e+01	5.190372e+00	3.970002e-01	3.849731e-01	0.000000e+00	0.000000e+00	0.000000e+00	1.988451e-03	5.511099e-08	1.080502e-02	2.809457e+07	7.786563e+02	1.526628e+08	
2.600000e+00	1.425271e+10	2.313849e+10	1.310691e+01	1.570796e+01	5.203445e+00	3.970002e-01	3.854388e-01	0.000000e+00	0.000000e+00	0.000000e+00	2.002799e-03	5.568768e-08	1.086868e-02	2.854532e+07	7.937005e+02	1.549082e+08	
2.650000e+00	1.437519e+10	2.354149e+10	1.313868e+01	1.570796e+01	5.216060e+00	3.970002e-01	3.865536e-01	0.000000e+00	0.000000e+00	0.000000e+00	2.016445e-03	5.621663e-08	1.092999e-02	2.898678e+07	8.081246e+02	1.571207e+08	
2.700000e+00	1.449679e+10	2.394484e+10	1.316977e+01	1.570796e+01	5.228399e+00	3.970002e-01	3.874523e-01	0.000000e+00	0.000000e+00	0.000000e+00	2.029614e-03	5.676348e-08	1.098927e-02	2.942288e+07	8.228882e+02	1.593091e+08	
2.750000e+00	1.461741e+10	2.380088e+10	1.320007e+01	1.570796e+01	5.240428e+00	3.970002e-01	3.862293e-01	0.000000e+00	0.000000e+00	0.000000e+00	2.042336e-03	5.732149e-08	1.104663e-02	2.985366e+07	8.378918e+02	1.614732e+08	
2.800000e+00	1.473570e+10	2.366006e+10	1.322838e+01	1.570796e+01	5.251667e+00	3.970002e-01	3.858644e-01	0.000000e+00	0.000000e+00	0.000000e+00	2.054336e-03	5.784338e-08	1.110227e-02	3.027207e+07	8.523625e+02	1.635997e+08	
2.850000e+00	1.485231e+10	2.327757e+10	1.325532e+01	1.570796e+01	5.262363e+00	3.970002e-01	3.835534e-01	0.000000e+00	0.000000e+00	0.000000e+00	2.065800e-03	5.836923e-08	1.115631e-02	3.068190e+07	8.669179e+02	1.656969e+08	
2.900000e+00	1.496603e+10	2.397541e+10	1.327982e+01	1.570796e+01	5.272092e+00	3.970002e-01	3.864165e-01	0.000000e+00	0.000000e+00	0.000000e+00	2.076437e-03	5.884797e-08	1.120867e-02	3.107602e+07	8.807205e+02	1.677493e+08	
2.950000e+00	1.508041e+10	2.438319e+10	1.330507e+01	1.570796e+01	5.282114e+00	3.970002e-01	3.870397e-01	0.000000e+00	0.000000e+00	0.000000e+00	2.087026e-03	5.943347e-08	1.125938e-02	3.147322e+07	8.962811e+02	1.697961e+08	
3.000000e+00	1.519393e+10	2.479131e+10	1.332970e+01	1.570796e+01	5.291893e+00	3.970002e-01	3.876440e-01	0.000000e+00	0.000000e+00	0.000000e+00	2.097327e-03	6.001944e-08	1.130850e-02	3.186664e+07	9.119311e+02	1.718206e+08	
3.050000e+00	1.530661e+10	2.519978e+10	1.335374e+01	1.570796e+01	5.301437e+00	3.970002e-01	3.882317e-01	0.000000e+00	0.000000e+00	0.000000e+00	2.107358e-03	6.060404e-08	1.135611e-02	3.225649e+07	9.276422e+02	1.738235e+08	
3.100000e+00	1.541846e+10	2.560859e+10	1.337721e+01	1.570796e+01	5.310756e+00	3.970002e-01	3.888049e-01	0.000000e+00	0.000000e+00	0.000000e+00	2.117129e-03	6.118580e-08	1.140227e-02	3.264288e+07	9.433910e+02	1.758055e+08	
3.150000e+00	1.552952e+10	2.655046e+10	1.340014e+01	1.570796e+01	5.319858e+00	3.970002e-01	3.933562e-01	0.000000e+00	0.000000e+00	0.000000e+00	2.126653e-03	6.176355e-08	1.144705e-02	3.302589e+07	9.591582e+02	1.777672e+08	
3.200000e+00	1.564247e+10	2.710233e+10	1.342484e+01	1.570796e+01	5.329664e+00	3.970002e-01	3.937308e-01	0.000000e+00	0.000000e+00	0.000000e+00	2.136302e-03	6.249002e-08	1.149033e-02	3.341703e+07	9.774981e+02	1.797372e+08	
3.250000e+00	1.575443e+10	2.826881e+10	1.344882e+01	1.570796e+01	5.339182e+00	3.970002e-01	3.960186e-01	0.000000e+00	0.000000e+00	0.000000e+00	2.145725e-03	6.317939e-08	1.153241e-02	3.380467e+07	9.953553e+02	1.816866e+08	
3.300000e+00	1.586673e+10	2.924723e+10	1.347320e+01	1.570796e+01	5.348864e+00	3.970002e-01	3.967402e-01	0.000000e+00	0.000000e+00	0.000000e+00	2.155186e-03	6.388078e-08	1.157326e-02	3.419574e+07	1.013579e+03	1.836297e+08	
3.350000e+00	1.597829e+10	3.058778e+10	1.349709e+01	1.570796e+01	5.358345e+00	3.970002e-01	4.039488e-01	0.000000e+00	0.000000e+00	0.000000e+00	2.164440e-03	6.453571e-08	1.161276e-02	3.458405e+07	1.031170e+03	1.855520e+08	
3.400000e+00	1.609352e+10	3.130772e+10	1.352417e+01	1.570796e+01	5.369097e+00	3.970002e-01	4.036992e-01	0.000000e+00	0.000000e+00	0.000000e+00	2.173830e-03	6.540896e-08	1.165083e-02	3.498458e+07	1.052661e+03	1.875029e+08	
3.450000e+00	1.620724e+10	3.171202e+10	1.355007e+01	1.570796e+01	5.379378e+00	3.970002e-01	4.032450e-01	0.000000e+00	0.000000e+00	0.000000e+00	2.183047e-03	6.621905e-08	1.168810e-02	3.538117e+07	1.073228e+03	1.894319e+08	
3.500000e+00	1.631937e+10	3.248518e+10	1.357473e+01	1.570796e+01	5.389168e+00	3.970002e-01	4.034527e-01	0.000000e+00	0.000000e+00	0.000000e+00	2.192059e-03	6.697610e-08	1.172469e-02	3.577302e+07	1.093008e+03	1.913395e+08	
3.550000e+00	1.643041e+10	3.341115e+10	1.359858e+01	1.570796e+01	5.398640e+00	3.970002e-01	4.056521e-01	0.000000e+00	0.000000e+00	0.000000e+00	2.200911e-03	6.768596e-08	1.176043e-02	3.616187e+07	1.112108e+03	1.932287e+08	
3.600000e+00	1.654176e+10	3.381615e+10	1.362280e+01	1.570796e+01	5.408254e+00	3.970002e-01	4.054122e-01	0.000000e+00	0.000000e+00	0.000000e+00	2.209867e-03	6.840246e-08	1.179538e-02	3.655509e+07	1.131497e+03	1.951164e+08	
3.650000e+00	1.665175e+10	3.431280e+10	1.364599e+01	1.570796e+01	5.417461e+00	3.970002e-01	4.052604e-01	0.000000e+00	0.000000e+00	0.000000e+00	2.218589e-03	6.906593e-08	1.182970e-02	3.694339e+07	1.150069e+03	1.969852e+08	
3.700000e+00	1.676048e+10	3.507899e+10	1.366826e+01	1.570796e+01	5.426302e+00	3.970002e-01	4.056461e-01	0.000000e+00	0.000000e+00	0.000000e+00	2.227065e-03	6.968314e-08	1.186329e-02	3.732669e+07	1.167923e+03	1.988344e+08	
3.750000e+00	1.686838e+10	3.599538e+10	1.368995e+01	1.570796e+01	5.434914e+00	3.970002e-01	4.065389e-01	0.000000e+00	0.000000e+00	0.000000e+00	2.235368e-03	7.026277e-08	1.189611e-02	3.770703e+07	1.185219e+03	2.006680e+08	
3.800000e+00	1.697581e+10	3.717964e+10	1.371138e+01	1.570796e+01	5.443419e+00	3.970002e-01	4.091330e-01	0.000000e+00	0.000000e+00	0.000000e+00	2.243585e-03	7.081440e-08	1.192817e-02	3.808667e+07	1.202132e+03	2.024904e+08	
3.850000e+00	1.708396e+10	3.759429e+10	1.373349e+01	1.570796e+01	5.452196e+00	3.970002e-01	4.084122e-01	0.000000e+00	0.000000e+00	0.000000e+00	2.251896e-03	7.141292e-08	1.195963e-02	3.847129e+07	1.220015e+03	2.043179e+08	
3.900000e+00	1.719052e+10	3.800118e+10	1.375442e+01	1.570796e+01	5.460507e+00	3.970002e-01	4.083503e-01	0.000000e+00	0.000000e+00	0.000000e+00	2.259863e-03	7.195440e-08	1.199046e-02	3.884822e+07	1.236933e+03	2.061222e+08	
3.950000e+00	1.729600e+10	3.806347e+10	1.377460e+01	1.570796e+01	5.468519e+00	3.970002e-01	4.077954e-01	0.000000e+00	0.000000e+00	0.000000e+00	2.267622e-03	7.246517e-08	1.202074e-02	3.922078e+07	1.253357e+03	2.079106e+08	
4.000000e+00	1.740010e+10	3.855003e+10	1.379380e+01	1.570796e+01	5.476140e+00	3.970002e-01	4.079085e-01	0.000000e+00	0.000000e+00	0.000000e+00	2.275104e-03	7.294822e-08	1.205051e-02	3.958705e+07	1.269306e+03	2.096801e+08	
4.050000e+00	1.750333e+10	3.916750e+10	1.381242e+01	1.570796e+01	5.483532e+00	3.970002e-01	4.084075e-01	0.000000e+00	0.000000e+00	0.000000e+00	2.282399e-03	7.340787e-08	1.207968e-02	3.994958e+07	1.284882e+03	2.114346e+08	
4.100000e+00	1.760599e+10	3.981857e+10	1.383070e+01	1.570796e+01	5.490791e+00	3.970002e-01	4.087333e-01	0.000000e+00	0.000000e+00	0.000000e+00	2.289571e-03	7.384936e-08	1.210824e-02	4.031016e+07	1.300191e+03	2.131776e+08	
4.150000e+00	1.770797e+10	4.082727e+10	1.384857e+01	1.570796e+01	5.497885e+00	3.970002e-01	4.125114e-01	0.000000e+00	0.000000e+00	0.000000e+00	2.296572e-03	7.427185e-08	1.213618e-02	4.066762e+07	1.315203e+03	2.149071e+08	
4.200000e+00	1.781168e+10	4.279954e+10	1.386790e+01	1.570796e+01	5.505560e+00	3.970002e-01	4.181776e-01	0.000000e+00	0.000000e+00	0.000000e+00	2.303725e-03	7.480394e-08	1.216340e-02	4.103321e+07	1.332384e+03	2.166505e+08	
4.250000e+00	1.791836e+10	4.295584e+10	1.388965e+01	1.570796e+01	5.514192e+00	3.970002e-01	4.175314e-01	0.000000e+00	0.000000e+00	0.000000e+00	2.311472e-03	7.542236e-08	1.218996e-02	4.141780e+07	1.351445e+03	2.184242e+08	
4.300000e+00	1.802354e+10	4.485439e+10	1.391030e+01	1.570796e+01	5.522390e+00	3.970002e-01	4.208799e-01	0.000000e+00	0.000000e+00	0.000000e+00	2.318982e-03	7.598612e-08	1.221620e-02	4.179627e+07	1.369539e+03	2.201791e+08	
4.350000e+00	1.813003e+10	4.545087e+10	1.393204e+01	1.570796e+01	5.531023e+00	3.970002e-01	4.206593e-01	0.000000e+00	0.000000e+00	0.000000e+00	2.326821e-03	7.655111e-08	1.224191e-02	4.218533e+07	1.387874e+03	2.219461e+08	
4.400000e+00	1.823531e+10	4.555413e+10	1.395293e+01	1.570796e+01	5.539316e+00	3.970002e-01	4.193793e-01	0.000000e+00	0.000000e+00	0.000000e+00	2.334437e-03	7.707282e-08	1.226733e-02	4.256918e+07	1.405447e+03	2.236986e+08	
4.450000e+00	1.833867e+10	4.606726e+10	1.397244e+01	1.570796e+01	5.547060e+00	3.970002e-01	4.146267e-01	0.000000e+00	0.000000e+00	0.000000e+00	2.341743e-03	7.753907e-08	1.229262e-02	4.294446e+07	1.421963e+03	2.254304e+08	
4.500000e+00	1.843776e+10	4.774108e+10	1.398879e+01	1.570796e+01	5.553550e+00	3.970002e-01	4.166014e-01	0.000000e+00	0.000000e+00	0.000000e+00	2.348827e-03	7.774815e-08	1.231748e-02	4.330711e+07	1.433502e+03	2.271068e+08	
4.550000e+00	1.853743e+10	4.867599e+10	1.400568e+01	1.570796e+01	5.560257e+00	3.970002e-01	4.183569e-01	0.000000e+00	0.000000e+00	0.000000e+00	2.355822e-03	7.794339e-08	1.234151e-02	4.367089e+07	1.444870e+03	2.287798e+08	
4.600000e+00	1.863750e+10	4.868329e+10	1.402298e+01	1.570796e+01	5.567125e+00	3.970002e-01	4.204055e-01	0.000000e+00	0.000000e+00	0.000000e+00	2.362762e-03	7.816273e-08	1.236508e-02	4.403597e+07	1.456758e+03	2.304542e+08	
4.650000e+00	1.873816e+10	4.922507e+10	1.404081e+01	1.570796e+01	5.574206e+00	3.970002e-01	4.215945e-01	0.000000e+00	0.000000e+00	0.000000e+00	2.369619e-03	7.850839e-08	1.238865e-02	4.440231e+07	1.471103e+03	2.321405e+08	
4.700000e+00	1.883878e+10	5.082535e+10	1.405871e+01	1.570796e+01	5.581312e+00	3.970002e-01	4.237141e-01	0.000000e+00	0.000000e+00	0.000000e+00	2.376429e-03	7.887653e-08	1.241204e-02	4.476904e+07	1.485938e+03	2.338277e+08	
4.750000e+00	1.894002e+10	5.012292e+10	1.407716e+01	1.570796e+01	5.588634e+00	3.970002e-01	4.223922e-01	0.000000e+00	0.000000e+00	0.000000e+00	2.383322e-03	7.924359e-08	1.243495e-02	4.514018e+07	1.500876e+03	2.355183e+08	
4.800000e+00	1.903944e+10	5.098026e+10	1.409433e+01	1.570796e+01	5.595451e+00	3.970002e-01	4.230786e-01	0.000000e+00	0.000000e+00	0.000000e+00	2.389889e-03	7.959834e-08	1.245783e-02	4.550214e+07	1.515508e+03	2.371901e+08	
4.850000e+00	1.913850e+10	5.302854e+10	1.411133e+01	1.570796e+01	5.602199e+00	3.970002e-01	4.289434e-01	0.000000e+00	0.000000e+00	0.000000e+00	2.396359e-03	7.994182e-08	1.248035e-02	4.586271e+07	1.529966e+03	2.388551e+08	
4.900000e+00	1.924087e+10	5.300374e+10	1.413084e+01	1.570796e+01	5.609947e+00	3.970002e-01	4.249013e-01	0.000000e+00	0.000000e+00	0.000000e+00	2.403194e-03	8.042399e-08	1.250219e-02	4.623953e+07	1.547427e+03	2.405530e+08	
4.950000e+00	1.933944e+10	5.380166e+10	1.414764e+01	1.570796e+01	5.616617e+00	3.970002e-01	4.235197e-01	0.000000e+00	0.000000e+00	0.000000e+00	2.409389e-03	8.074735e-08	1.252377e-02	4.659622e+07	1.561608e+03	2.422027e+08	
5.000000e+00	1.943621e+10	5.389494e+10	1.416322e+01	1.570796e+01	5.622801e+00	3.970002e-01	4.234300e-01	0.000000e+00	0.000000e+00	0.000000e+00	2.415520e-03	8.099168e-08	1.254517e-02	4.694856e+07	1.574171e+03	2.438305e+08	
5.050000e+00	1.953217e+10	5.525906e+10	1.417829e+01	1.570796e+01	5.628785e+00	3.970002e-01	4.245917e-01	0.000000e+00	0.000000e+00	0.000000e+00	2.421433e-03	8.123498e-08	1.256635e-02	4.729583e+07	1.586695e+03	2.454481e+08	
5.100000e+00	1.962821e+10	5.620356e+10	1.419353e+01	1.570796e+01	5.634832e+00	3.970002e-01	4.264210e-01	0.000000e+00	0.000000e+00	0.000000e+00	2.427248e-03	8.146723e-08	1.258708e-02	4.764252e+07	1.599056e+03	2.470618e+08	
5.150000e+00	1.972481e+10	5.711051e+10	1.420925e+01	1.570796e+01	5.641074e+00	3.970002e-01	4.268380e-01	0.000000e+00	0.000000e+00	0.000000e+00	2.433115e-03	8.172291e-08	1.260749e-02	4.799274e+07	1.611969e+03	2.486803e+08	
5.200000e+00	1.982094e+10	5.738959e+10	1.422472e+01	1.570796e+01	5.647217e+00	3.970002e-01	4.260536e-01	0.000000e+00	0.000000e+00	0.000000e+00	2.438824e-03	8.197555e-08	1.262755e-02	4.833980e+07	1.624833e+03	2.502900e+08	
5.250000e+00	1.991577e+10	5.765694e+10	1.423934e+01	1.570796e+01	5.653022e+00	3.970002e-01	4.222176e-01	0.000000e+00	0.000000e+00	0.000000e+00	2.444267e-03	8.219738e-08	1.264733e-02	4.867946e+07	1.637024e+03	2.518813e+08	
5.300000e+00	2.000715e+10	5.906987e+10	1.425160e+01	1.570796e+01	5.657889e+00	3.970002e-01	4.252439e-01	0.000000e+00	0.000000e+00	0.000000e+00	2.449280e-03	8.225100e-08	1.266678e-02	4.900313e+07	1.645609e+03	2.534263e+08	
5.350000e+00	2.010010e+10	5.999810e+10	1.426507e+01	1.570796e+01	5.663237e+00	3.970002e-01	4.258435e-01	0.000000e+00	0.000000e+00	0.000000e+00	2.454371e-03	8.237573e-08	1.268564e-02	4.933310e+07	1.655760e+03	2.549826e+08	
5.400000e+00	2.019282e+10	6.035240e+10	1.427848e+01	1.570796e+01	5.668558e+00	3.970002e-01	4.200704e-01	0.000000e+00	0.000000e+00	0.000000e+00	2.459311e-03	8.251546e-08	1.270410e-02	4.966042e+07	1.666219e+03	2.565316e+08	
5.450000e+00	2.028076e+10	6.155513e+10	1.428861e+01	1.570796e+01	5.672580e+00	3.970002e-01	4.253616e-01	0.000000e+00	0.000000e+00	0.000000e+00	2.463890e-03	8.242412e-08	1.272230e-02	4.996957e+07	1.671624e+03	2.580180e+08	
5.500000e+00	2.037199e+10	6.244030e+10	1.430116e+01	1.570796e+01	5.677564e+00	3.970002e-01	4.263695e-01	0.000000e+00	0.000000e+00	0.000000e+00	2.468580e-03	8.255154e-08	1.274035e-02	5.028989e+07	1.681739e+03	2.595462e+08	
5.550000e+00	2.046333e+10	6.266489e+10	1.431389e+01	1.570796e+01	5.682616e+00	3.970002e-01	4.199622e-01	0.000000e+00	0.000000e+00	0.000000e+00	2.473181e-03	8.269579e-08	1.275800e-02	5.060952e+07	1.692231e+03	2.610712e+08	
5.600000e+00	2.054947e+10	6.335725e+10	1.432308e+01	1.570796e+01	5.686264e+00	3.970002e-01	4.255701e-01	0.000000e+00	0.000000e+00	0.000000e+00	2.477593e-03	8.260833e-08	1.277558e-02	5.091323e+07	1.697557e+03	2.625313e+08	
5.650000e+00	2.063917e+10	6.239632e+10	1.433486e+01	1.570796e+01	5.690941e+00	3.970002e-01	4.241226e-01	0.000000e+00	0.000000e+00	0.000000e+00	2.481979e-03	8.272460e-08	1.279247e-02	5.122599e+07	1.707367e+03	2.640260e+08	
5.700000e+00	2.072727e+10	6.280907e+10	1.434562e+01	1.570796e+01	5.695214e+00	3.970002e-01	4.245619e-01	0.000000e+00	0.000000e+00	0.000000e+00	2.485972e-03	8.285945e-08	1.280926e-02	5.152741e+07	1.717450e+03	2.655009e+08	
5.750000e+00	2.081516e+10	6.553189e+10	1.435634e+01	1.570796e+01	5.699469e+00	3.970002e-01	4.279149e-01	0.000000e+00	0.000000e+00	0.000000e+00	2.489860e-03	8.300105e-08	1.282584e-02	5.182682e+07	1.727680e+03	2.669718e+08	
5.800000e+00	2.090493e+10	6.650172e+10	1.436845e+01	1.570796e+01	5.704277e+00	3.970002e-01	4.285900e-01	0.000000e+00	0.000000e+00	0.000000e+00	2.493978e-03	8.315378e-08	1.284192e-02	5.213642e+07	1.738324e+03	2.684595e+08	
5.850000e+00	2.099460e+10	6.754037e+10	1.438058e+01	1.570796e+01	5.709093e+00	3.970002e-01	4.294131e-01	0.000000e+00	0.000000e+00	0.000000e+00	2.498011e-03	8.330893e-08	1.285776e-02	5.244473e+07	1.749037e+03	2.699436e+08	
5.900000e+00	2.108427e+10	6.954882e+10	1.439280e+01	1.570796e+01	5.713943e+00	3.970002e-01	4.303620e-01	0.000000e+00	0.000000e+00	0.000000e+00	2.502004e-03	8.347658e-08	1.287340e-02	5.275294e+07	1.760043e+03	2.714263e+08	
5.950000e+00	2.117404e+10	7.070196e+10	1.440516e+01	1.570796e+01	5.718852e+00	3.970002e-01	4.314959e-01	0.000000e+00	0.000000e+00	0.000000e+00	2.505932e-03	8.361621e-08	1.288852e-02	5.306071e+07	1.770493e+03	2.729021e+08	
6.000000e+00	2.126403e+10	7.319029e+10	1.441775e+01	1.570796e+01	5.723851e+00	3.970002e-01	4.333423e-01	0.000000e+00	0.000000e+00	0.000000e+00	2.509870e-03	8.376696e-08	1.290341e-02	5.336995e+07	1.781223e+03	2.743785e+08	
6.050000e+00	2.135473e+10	7.486550e+10	1.443091e+01	1.570796e+01	5.729075e+00	3.970002e-01	4.344652e-01	0.000000e+00	0.000000e+00	0.000000e+00	2.513814e-03	8.391943e-08	1.291784e-02	5.368184e+07	1.792077e+03	2.758570e+08	
6.100000e+00	2.144562e+10	7.382619e+10	1.444426e+01	1.570796e+01	5.734375e+00	3.970002e-01	4.324554e-01	0.000000e+00	0.000000e+00	0.000000e+00	2.517725e-03	8.407523e-08	1.293199e-02	5.399417e+07	1.803045e+03	2.773346e+08	
6.150000e+00	2.153441e+10	7.452139e+10	1.445628e+01	1.570796e+01	5.739145e+00	3.970002e-01	4.286976e-01	0.000000e+00	0.000000e+00	0.000000e+00	2.521307e-03	8.422579e-08	1.294621e-02	5.429486e+07	1.813753e+03	2.787891e+08	
6.200000e+00	2.161991e+10	7.618750e+10	1.446616e+01	1.570796e+01	5.743070e+00	3.970002e-01	4.311727e-01	0.000000e+00	0.000000e+00	0.000000e+00	2.524630e-03	8.420092e-08	1.296025e-02	5.458226e+07	1.820416e+03	2.801994e+08	
6.250000e+00	2.170671e+10	7.753773e+10	1.447701e+01	1.570796e+01	5.747377e+00	3.970002e-01	4.323029e-01	0.000000e+00	0.000000e+00	0.000000e+00	2.528076e-03	8.422036e-08	1.297399e-02	5.487621e+07	1.828147e+03	2.816228e+08	
6.300000e+00	2.179382e+10	7.886133e+10	1.448814e+01	1.570796e+01	5.751795e+00	3.970002e-01	4.317353e-01	0.000000e+00	0.000000e+00	0.000000e+00	2.531457e-03	8.426127e-08	1.298744e-02	5.517012e+07	1.836375e+03	2.830459e+08	
6.350000e+00	2.187997e+10	8.002128e+10	1.449872e+01	1.570796e+01	5.755994e+00	3.970002e-01	4.332724e-01	0.000000e+00	0.000000e+00	0.000000e+00	2.534616e-03	8.426666e-08	1.300055e-02	5.545733e+07	1.843752e+03	2.844515e+08	
6.400000e+00	2.196673e+10	8.039132e+10	1.450978e+01	1.570796e+01	5.760385e+00	3.970002e-01	4.342137e-01	0.000000e+00	0.000000e+00	0.000000e+00	2.537839e-03	8.430586e-08	1.301347e-02	5.574802e+07	1.851924e+03	2.858634e+08	
6.450000e+00	2.205363e+10	8.040778e+10	1.452101e+01	1.570796e+01	5.764844e+00	3.970002e-01	4.222008e-01	0.000000e+00	0.000000e+00	0.000000e+00	2.541118e-03	8.438447e-08	1.302650e-02	5.604088e+07	1.860984e+03	2.872815e+08	
6.500000e+00	2.213128e+10	8.146284e+10	1.452624e+01	1.570796e+01	5.766920e+00	3.970002e-01	4.256546e-01	0.000000e+00	0.000000e+00	0.000000e+00	2.543849e-03	8.414323e-08	1.303938e-02	5.629863e+07	1.862197e+03	2.885780e+08	
6.550000e+00	2.221118e+10	8.180516e+10	1.453305e+01	1.570796e+01	5.769624e+00	3.970002e-01	4.303168e-01	0.000000e+00	0.000000e+00	0.000000e+00	2.546600e-03	8.394536e-08	1.305200e-02	5.656299e+07	1.864525e+03	2.899003e+08	
6.600000e+00	2.229413e+10	8.245877e+10	1.454196e+01	1.570796e+01	5.773160e+00	3.970002e-01	4.319952e-01	0.000000e+00	0.000000e+00	0.000000e+00	2.549461e-03	8.393843e-08	1.306471e-02	5.683801e+07	1.871334e+03	2.912663e+08	
6.650000e+00	2.237788e+10	8.294549e+10	1.455146e+01	1.570796e+01	5.776933e+00	3.970002e-01	4.320923e-01	0.000000e+00	0.000000e+00	0.000000e+00	2.552373e-03	8.397498e-08	1.307729e-02	5.711668e+07	1.879182e+03	2.926419e+08	
6.700000e+00	2.246123e+10	8.426283e+10	1.456079e+01	1.570796e+01	5.780638e+00	3.970002e-01	4.365031e-01	0.000000e+00	0.000000e+00	0.000000e+00	2.555114e-03	8.402646e-08	1.308969e-02	5.739102e+07	1.887338e+03	2.940105e+08	
6.750000e+00	2.254735e+10	8.466076e+10	1.457199e+01	1.570796e+01	5.785083e+00	3.970002e-01	4.368050e-01	0.000000e+00	0.000000e+00	0.000000e+00	2.558066e-03	8.423315e-08	1.310207e-02	5.767760e+07	1.899234e+03	2.954170e+08	
6.800000e+00	2.263315e+10	8.519701e+10	1.458305e+01	1.570796e+01	5.789473e+00	3.970002e-01	4.369942e-01	0.000000e+00	0.000000e+00	0.000000e+00	2.561018e-03	8.443640e-08	1.311443e-02	5.796391e+07	1.911062e+03	2.968209e+08	
6.850000e+00	2.271856e+10	8.513248e+10	1.459392e+01	1.570796e+01	5.793789e+00	3.970002e-01	4.365691e-01	0.000000e+00	0.000000e+00	0.000000e+00	2.563933e-03	8.464159e-08	1.312669e-02	5.824886e+07	1.922935e+03	2.982195e+08	
6.900000e+00	2.280313e+10	8.525315e+10	1.460433e+01	1.570796e+01	5.797921e+00	3.970002e-01	4.462705e-01	0.000000e+00	0.000000e+00	0.000000e+00	2.566759e-03	8.484215e-08	1.313894e-02	5.853015e+07	1.934667e+03	2.996091e+08	
6.950000e+00	2.289429e+10	8.529643e+10	1.461901e+01	1.570796e+01	5.803749e+00	3.970002e-01	4.315732e-01	0.000000e+00	0.000000e+00	0.000000e+00	2.598241e-03	8.493984e-08	1.315642e-02	5.948488e+07	1.944638e+03	3.012069e+08	
7.000000e+00	2.297401e+10	8.579970e+10	1.462645e+01	1.570796e+01	5.806701e+00	3.970002e-01	4.316595e-01	0.000000e+00	0.000000e+00	0.000000e+00	2.599650e-03	8.496198e-08	1.316831e-02	5.972438e+07	1.951918e+03	3.025290e+08	
7.050000e+00	2.305344e+10	8.627838e+10	1.463378e+01	1.570796e+01	5.809613e+00	3.970002e-01	4.317024e-01	0.000000e+00	0.000000e+00	0.000000e+00	2.600950e-03	8.499196e-08	1.317998e-02	5.996084e+07	1.959357e+03	3.038439e+08	
7.100000e+00	2.313254e+10	8.725584e+10	1.464099e+01	1.570796e+01	5.812476e+00	3.970002e-01	4.348062e-01	0.000000e+00	0.000000e+00	0.000000e+00	2.602180e-03	8.501995e-08	1.319146e-02	6.019503e+07	1.966727e+03	3.051520e+08	
7.150000e+00	2.321356e+10	8.876146e+10	1.464950e+01	1.570796e+01	5.815854e+00	3.970002e-01	4.382515e-01	0.000000e+00	0.000000e+00	0.000000e+00	2.603672e-03	8.512566e-08	1.320274e-02	6.044049e+07	1.976070e+03	3.064826e+08	
7.200000e+00	2.329670e+10	9.041247e+10	1.465941e+01	1.570796e+01	5.819790e+00	3.970002e-01	4.402669e-01	0.000000e+00	0.000000e+00	0.000000e+00	2.605541e-03	8.528485e-08	1.321386e-02	6.070051e+07	1.986856e+03	3.078392e+08	
7.250000e+00	2.338084e+10	9.235492e+10	1.467002e+01	1.570796e+01	5.824001e+00	3.970002e-01	4.412266e-01	0.000000e+00	0.000000e+00	0.000000e+00	2.607428e-03	8.548922e-08	1.322456e-02	6.096387e+07	1.998810e+03	3.092013e+08	
7.300000e+00	2.346518e+10	9.284503e+10	1.468081e+01	1.570796e+01	5.828285e+00	3.970002e-01	4.396547e-01	0.000000e+00	0.000000e+00	0.000000e+00	2.609338e-03	8.568884e-08	1.323508e-02	6.122859e+07	2.010704e+03	3.105635e+08	
7.350000e+00	2.354785e+10	9.378334e+10	1.469062e+01	1.570796e+01	5.832179e+00	3.970002e-01	4.400672e-01	0.000000e+00	0.000000e+00	0.000000e+00	2.611024e-03	8.584623e-08	1.324552e-02	6.148399e+07	2.021494e+03	3.119034e+08	
7.400000e+00	2.363035e+10	9.467517e+10	1.470039e+01	1.570796e+01	5.836056e+00	3.970002e-01	4.404155e-01	0.000000e+00	0.000000e+00	0.000000e+00	2.612731e-03	8.600576e-08	1.325592e-02	6.173975e+07	2.032346e+03	3.132420e+08	
7.450000e+00	2.371264e+10	9.603600e+10	1.471008e+01	1.570796e+01	5.839905e+00	3.970002e-01	4.403362e-01	0.000000e+00	0.000000e+00	0.000000e+00	2.614445e-03	8.616651e-08	1.326626e-02	6.199539e+07	2.043235e+03	3.145781e+08	
7.500000e+00	2.379440e+10	9.793864e+10	1.471952e+01	1.570796e+01	5.843651e+00	3.970002e-01	4.408671e-01	0.000000e+00	0.000000e+00	0.000000e+00	2.616058e-03	8.631276e-08	1.327643e-02	6.224753e+07	2.053761e+03	3.159048e+08	
7.550000e+00	2.387611e+10	9.937852e+10	1.472898e+01	1.570796e+01	5.847407e+00	3.970002e-01	4.427054e-01	0.000000e+00	0.000000e+00	0.000000e+00	2.617621e-03	8.644769e-08	1.328636e-02	6.249862e+07	2.064035e+03	3.172267e+08	
7.600000e+00	2.395872e+10	1.015690e+11	1.473905e+01	1.570796e+01	5.851407e+00	3.970002e-01	4.434760e-01	0.000000e+00	0.000000e+00	0.000000e+00	2.619375e-03	8.660268e-08	1.329619e-02	6.275688e+07	2.074889e+03	3.185598e+08	
7.650000e+00	2.404142e+10	1.024820e+11	1.474924e+01	1.570796e+01	5.855451e+00	3.970002e-01	4.441541e-01	0.000000e+00	0.000000e+00	0.000000e+00	2.621094e-03	8.674339e-08	1.330577e-02	6.301482e+07	2.085434e+03	3.198896e+08	
7.700000e+00	2.412413e+10	1.042345e+11	1.475949e+01	1.570796e+01	5.859520e+00	3.970002e-01	4.453312e-01	0.000000e+00	0.000000e+00	0.000000e+00	2.622882e-03	8.688668e-08	1.331537e-02	6.327474e+07	2.096065e+03	3.212216e+08	
7.750000e+00	2.420722e+10	1.054116e+11	1.477003e+01	1.570796e+01	5.863703e+00	3.970002e-01	4.470935e-01	0.000000e+00	0.000000e+00	0.000000e+00	2.624749e-03	8.702899e-08	1.332484e-02	6.353787e+07	2.106730e+03	3.225573e+08	
7.800000e+00	2.429111e+10	1.062876e+11	1.478110e+01	1.570796e+01	5.868099e+00	3.970002e-01	4.473778e-01	0.000000e+00	0.000000e+00	0.000000e+00	2.626821e-03	8.719019e-08	1.333434e-02	6.380838e+07	2.117946e+03	3.239059e+08	
7.850000e+00	2.437468e+10	1.076598e+11	1.479203e+01	1.570796e+01	5.872439e+00	3.970002e-01	4.484614e-01	0.000000e+00	0.000000e+00	0.000000e+00	2.628877e-03	8.734759e-08	1.334374e-02	6.407805e+07	2.129070e+03	3.252495e+08	
7.900000e+00	2.445854e+10	1.082971e+11	1.480318e+01	1.570796e+01	5.876865e+00	3.970002e-01	4.483514e-01	0.000000e+00	0.000000e+00	0.000000e+00	2.631002e-03	8.750204e-08	1.335292e-02	6.435048e+07	2.140172e+03	3.265930e+08	
7.950000e+00	2.454179e+10	1.096433e+11	1.481401e+01	1.570796e+01	5.881163e+00	3.970002e-01	4.506837e-01	0.000000e+00	0.000000e+00	0.000000e+00	2.633055e-03	8.765196e-08	1.336198e-02	6.461987e+07	2.151136e+03	3.279270e+08	
8.000000e+00	2.462625e+10	1.091265e+11	1.482561e+01	1.570796e+01	5.885771e+00	3.970002e-01	4.463613e-01	0.000000e+00	0.000000e+00	0.000000e+00	2.635318e-03	8.783230e-08	1.337090e-02	6.489799e+07	2.162980e+03	3.292750e+08	
8.050000e+00	2.470696e+10	1.108389e+11	1.483501e+01	1.570796e+01	5.889500e+00	3.970002e-01	4.484454e-01	0.000000e+00	0.000000e+00	0.000000e+00	2.637414e-03	8.784826e-08	1.337997e-02	6.516248e+07	2.170463e+03	3.305782e+08	
8.100000e+00	2.478876e+10	1.118498e+11	1.484511e+01	1.570796e+01	5.893512e+00	3.970002e-01	4.492535e-01	0.000000e+00	0.000000e+00	0.000000e+00	2.639618e-03	8.788402e-08	1.338881e-02	6.543286e+07	2.178536e+03	3.318921e+08	
8.150000e+00	2.487069e+10	1.114633e+11	1.485534e+01	1.570796e+01	5.897572e+00	3.970002e-01	4.414029e-01	0.000000e+00	0.000000e+00	0.000000e+00	2.641808e-03	8.793374e-08	1.339762e-02	6.570360e+07	2.186973e+03	3.332082e+08	
8.200000e+00	2.494630e+10	1.128939e+11	1.486185e+01	1.570796e+01	5.900157e+00	3.970002e-01	4.436676e-01	0.000000e+00	0.000000e+00	0.000000e+00	2.643713e-03	8.776419e-08	1.340643e-02	6.595086e+07	2.189392e+03	3.344409e+08	
8.250000e+00	2.502329e+10	1.135443e+11	1.486924e+01	1.570796e+01	5.903091e+00	3.970002e-01	4.417522e-01	0.000000e+00	0.000000e+00	0.000000e+00	2.645583e-03	8.763426e-08	1.341501e-02	6.620119e+07	2.192897e+03	3.356877e+08	
8.300000e+00	2.509850e+10	1.146187e+11	1.487564e+01	1.570796e+01	5.905632e+00	3.970002e-01	4.433049e-01	0.000000e+00	0.000000e+00	0.000000e+00	2.646994e-03	8.747279e-08	1.342329e-02	6.643558e+07	2.195435e+03	3.369044e+08	
8.350000e+00	2.517455e+10	1.160496e+11	1.488261e+01	1.570796e+01	5.908397e+00	3.970002e-01	4.448232e-01	0.000000e+00	0.000000e+00	0.000000e+00	2.648411e-03	8.735840e-08	1.343141e-02	6.667257e+07	2.199209e+03	3.381298e+08	
8.400000e+00	2.525141e+10	1.159863e+11	1.489010e+01	1.570796e+01	5.911374e+00	3.970002e-01	4.408750e-01	0.000000e+00	0.000000e+00	0.000000e+00	2.649840e-03	8.728034e-08	1.343937e-02	6.691218e+07	2.203951e+03	3.393629e+08	
8.450000e+00	2.532497e+10	1.147414e+11	1.489572e+01	1.570796e+01	5.913604e+00	3.970002e-01	4.275152e-01	0.000000e+00	0.000000e+00	0.000000e+00	2.651035e-03	8.707051e-08	1.344731e-02	6.713736e+07	2.205058e+03	3.405526e+08	
8.500000e+00	2.538830e+10	1.157246e+11	1.489541e+01	1.570796e+01	5.913480e+00	3.970002e-01	4.353369e-01	0.000000e+00	0.000000e+00	0.000000e+00	2.652069e-03	8.672972e-08	1.345544e-02	6.733154e+07	2.201920e+03	3.416107e+08	
8.550000e+00	2.545748e+10	1.158911e+11	1.489861e+01	1.570796e+01	5.914751e+00	3.970002e-01	4.283209e-01	0.000000e+00	0.000000e+00	0.000000e+00	2.653277e-03	8.646669e-08	1.346309e-02	6.754576e+07	2.201224e+03	3.427365e+08	
8.600000e+00	2.552128e+10	1.167389e+11	1.489875e+01	1.570796e+01	5.914805e+00	3.970002e-01	4.314768e-01	0.000000e+00	0.000000e+00	0.000000e+00	2.654279e-03	8.601239e-08	1.347069e-02	6.774061e+07	2.195146e+03	3.437894e+08	
8.650000e+00	2.558743e+10	1.174118e+11	1.490034e+01	1.570796e+01	5.915438e+00	3.970002e-01	4.340150e-01	0.000000e+00	0.000000e+00	0.000000e+00	2.655055e-03	8.560198e-08	1.347794e-02	6.793603e+07	2.190335e+03	3.448657e+08	
8.700000e+00	2.565539e+10	1.169039e+11	1.490307e+01	1.570796e+01	5.916522e+00	3.970002e-01	4.245216e-01	0.000000e+00	0.000000e+00	0.000000e+00	2.655730e-03	8.527678e-08	1.348496e-02	6.813378e+07	2.187809e+03	3.459618e+08	
8.750000e+00	2.571614e+10	1.140075e+11	1.490170e+01	1.570796e+01	5.915979e+00	3.970002e-01	4.250091e-01	0.000000e+00	0.000000e+00	0.000000e+00	2.656493e-03	8.490724e-08	1.349203e-02	6.831473e+07	2.183486e+03	3.469628e+08	
8.800000e+00	2.577732e+10	1.154662e+11	1.490068e+01	1.570796e+01	5.915573e+00	3.970002e-01	4.292267e-01	0.000000e+00	0.000000e+00	0.000000e+00	2.656763e-03	8.449851e-08	1.349901e-02	6.848422e+07	2.178145e+03	3.479683e+08	
8.850000e+00	2.584169e+10	1.149507e+11	1.490159e+01	1.570796e+01	5.915934e+00	3.970002e-01	4.310056e-01	0.000000e+00	0.000000e+00	0.000000e+00	2.657051e-03	8.414990e-08	1.350572e-02	6.866271e+07	2.174576e+03	3.490106e+08	
8.900000e+00	2.590735e+10	1.139959e+11	1.490332e+01	1.570796e+01	5.916621e+00	3.970002e-01	4.341970e-01	0.000000e+00	0.000000e+00	0.000000e+00	2.657299e-03	8.388080e-08	1.351239e-02	6.884357e+07	2.173129e+03	3.500703e+08	
8.950000e+00	2.597530e+10	1.139603e+11	1.490645e+01	1.570796e+01	5.917862e+00	3.970002e-01	4.345884e-01	0.000000e+00	0.000000e+00	0.000000e+00	2.657710e-03	8.375919e-08	1.351902e-02	6.903482e+07	2.175670e+03	3.511607e+08	
9.000000e+00	2.604339e+10	1.135858e+11	1.490973e+01	1.570796e+01	5.919164e+00	3.970002e-01	4.316468e-01	0.000000e+00	0.000000e+00	0.000000e+00	2.658023e-03	8.368904e-08	1.352560e-02	6.922394e+07	2.179546e+03	3.522525e+08	
9.050000e+00	2.610913e+10	1.138320e+11	1.491173e+01	1.570796e+01	5.919959e+00	3.970002e-01	4.332463e-01	0.000000e+00	0.000000e+00	0.000000e+00	2.658098e-03	8.353620e-08	1.353212e-02	6.940063e+07	2.181058e+03	3.533119e+08	
9.100000e+00	2.617597e+10	1.150972e+11	1.491443e+01	1.570796e+01	5.921033e+00	3.970002e-01	4.347574e-01	0.000000e+00	0.000000e+00	0.000000e+00	2.658286e-03	8.345084e-08	1.353868e-02	6.958322e+07	2.184406e+03	3.543879e+08	
9.150000e+00	2.624380e+10	1.160656e+11	1.491778e+01	1.570796e+01	5.922359e+00	3.970002e-01	4.359156e-01	0.000000e+00	0.000000e+00	0.000000e+00	2.658518e-03	8.342060e-08	1.354507e-02	6.976962e+07	2.189273e+03	3.554742e+08	
9.200000e+00	2.631234e+10	1.165004e+11	1.492158e+01	1.570796e+01	5.923871e+00	3.970002e-01	4.352602e-01	0.000000e+00	0.000000e+00	0.000000e+00	2.658791e-03	8.343417e-08	1.355137e-02	6.995899e+07	2.195348e+03	3.565683e+08	
9.250000e+00	2.638020e+10	1.187223e+11	1.492507e+01	1.570796e+01	5.925257e+00	3.970002e-01	4.368579e-01	0.000000e+00	0.000000e+00	0.000000e+00	2.658893e-03	8.346235e-08	1.355758e-02	7.014212e+07	2.201753e+03	3.576517e+08	
9.300000e+00	2.644909e+10	1.207264e+11	1.492921e+01	1.570796e+01	5.926898e+00	3.970002e-01	4.394270e-01	0.000000e+00	0.000000e+00	0.000000e+00	2.659056e-03	8.351781e-08	1.356356e-02	7.032960e+07	2.208970e+03	3.587439e+08	
9.350000e+00	2.651970e+10	1.214778e+11	1.493437e+01	1.570796e+01	5.928948e+00	3.970002e-01	4.407246e-01	0.000000e+00	0.000000e+00	0.000000e+00	2.659429e-03	8.362975e-08	1.356951e-02	7.052725e+07	2.217836e+03	3.598593e+08	
9.400000e+00	2.659103e+10	1.219641e+11	1.494000e+01	1.570796e+01	5.931181e+00	3.970002e-01	4.412947e-01	0.000000e+00	0.000000e+00	0.000000e+00	2.659934e-03	8.376580e-08	1.357541e-02	7.073037e+07	2.227418e+03	3.609842e+08	
9.450000e+00	2.666251e+10	1.228557e+11	1.494576e+01	1.570796e+01	5.933470e+00	3.970002e-01	4.427522e-01	0.000000e+00	0.000000e+00	0.000000e+00	2.660501e-03	8.391613e-08	1.358138e-02	7.093563e+07	2.237415e+03	3.621136e+08	
9.500000e+00	2.673481e+10	1.231763e+11	1.495204e+01	1.570796e+01	5.935961e+00	3.970002e-01	4.426063e-01	0.000000e+00	0.000000e+00	0.000000e+00	2.661210e-03	8.408669e-08	1.358727e-02	7.114695e+07	2.248042e+03	3.632531e+08	
9.550000e+00	2.680670e+10	1.247949e+11	1.495813e+01	1.570796e+01	5.938381e+00	3.970002e-01	4.436298e-01	0.000000e+00	0.000000e+00	0.000000e+00	2.661883e-03	8.426326e-08	1.359317e-02	7.135630e+07	2.258820e+03	3.643880e+08	
9.600000e+00	2.687907e+10	1.264776e+11	1.496454e+01	1.570796e+01	5.940925e+00	3.970002e-01	4.447280e-01	0.000000e+00	0.000000e+00	0.000000e+00	2.662616e-03	8.444403e-08	1.359900e-02	7.156865e+07	2.269777e+03	3.655286e+08	
9.650000e+00	2.695195e+10	1.286553e+11	1.497128e+01	1.570796e+01	5.943602e+00	3.970002e-01	4.468602e-01	0.000000e+00	0.000000e+00	0.000000e+00	2.663403e-03	8.462768e-08	1.360469e-02	7.178390e+07	2.280881e+03	3.666730e+08	
9.700000e+00	2.702611e+10	1.264819e+11	1.497878e+01	1.570796e+01	5.946577e+00	3.970002e-01	4.423819e-01	0.000000e+00	0.000000e+00	0.000000e+00	2.664356e-03	8.481963e-08	1.361021e-02	7.200717e+07	2.292344e+03	3.678310e+08	
9.750000e+00	2.709656e+10	1.247052e+11	1.498426e+01	1.570796e+01	5.948755e+00	3.970002e-01	4.241967e-01	0.000000e+00	0.000000e+00	0.000000e+00	2.665047e-03	8.491177e-08	1.361597e-02	7.221360e+07	2.300817e+03	3.689458e+08	
9.800000e+00	2.715312e+10	1.238504e+11	1.498214e+01	1.570796e+01	5.947910e+00	3.970002e-01	4.261911e-01	0.000000e+00	0.000000e+00	0.000000e+00	2.665225e-03	8.472956e-08	1.362187e-02	7.236917e+07	2.300672e+03	3.698763e+08	
9.850000e+00	2.721128e+10	1.233542e+11	1.498097e+01	1.570796e+01	5.947448e+00	3.970002e-01	4.307715e-01	0.000000e+00	0.000000e+00	0.000000e+00	2.665207e-03	8.449158e-08	1.362766e-02	7.252369e+07	2.299124e+03	3.708260e+08	
9.900000e+00	2.727292e+10	1.211515e+11	1.498180e+01	1.570796e+01	5.947778e+00	3.970002e-01	4.318624e-01	0.000000e+00	0.000000e+00	0.000000e+00	2.665375e-03	8.437469e-08	1.363352e-02	7.269257e+07	2.301144e+03	3.718260e+08	
9.950000e+00	2.733535e+10	1.208961e+11	1.498313e+01	1.570796e+01	5.948303e+00	3.970002e-01	4.328806e-01	0.000000e+00	0.000000e+00	0.000000e+00	2.665617e-03	8.432060e-08	1.363967e-02	7.286556e+07	2.304933e+03	3.728450e+08	
1.000000e+01	2.739847e+10	1.200610e+11	1.498490e+01	1.570796e+01	5.949007e+00	3.970002e-01	4.332634e-01	0.000000e+00	0.000000e+00	0.000000e+00	2.665855e-03	8.431505e-08	1.364570e-02	7.304033e+07	2.310103e+03	3.738712e+08	
1.005000e+01	2.746179e+10	1.223108e+11	1.498684e+01	1.570796e+01	5.949780e+00	3.970002e-01	4.351135e-01	0.000000e+00	0.000000e+00	0.000000e+00	2.666087e-03	8.434881e-08	1.365177e-02	7.321553e+07	2.316369e+03	3.749020e+08	
1.010000e+01	2.752641e+10	1.232442e+11	1.498956e+01	1.570796e+01	5.950857e+00	3.970002e-01	4.361384e-01	0.000000e+00	0.000000e+00	0.000000e+00	2.666358e-03	8.440955e-08	1.365751e-02	7.339527e+07	2.323492e+03	3.759423e+08	
1.015000e+01	2.759166e+10	1.212180e+11	1.499267e+01	1.570796e+01	5.952094e+00	3.970002e-01	4.356795e-01	0.000000e+00	0.000000e+00	0.000000e+00	2.666653e-03	8.449405e-08	1.366310e-02	7.357738e+07	2.331331e+03	3.769875e+08	
1.020000e+01	2.765642e+10	1.178741e+11	1.499558e+01	1.570796e+01	5.953248e+00	3.970002e-01	4.324849e-01	0.000000e+00	0.000000e+00	0.000000e+00	2.666977e-03	8.461010e-08	1.366888e-02	7.375903e+07	2.340012e+03	3.780322e+08	
1.025000e+01	2.771864e+10	1.164752e+11	1.499717e+01	1.570796e+01	5.953879e+00	3.970002e-01	4.315642e-01	0.000000e+00	0.000000e+00	0.000000e+00	2.667072e-03	8.471677e-08	1.367486e-02	7.392762e+07	2.348234e+03	3.790484e+08	
1.030000e+01	2.778010e+10	1.155296e+11	1.499841e+01	1.570796e+01	5.954371e+00	3.970002e-01	4.314077e-01	0.000000e+00	0.000000e+00	0.000000e+00	2.667112e-03	8.484157e-08	1.368092e-02	7.409266e+07	2.356908e+03	3.800574e+08	
1.035000e+01	2.784138e+10	1.159596e+11	1.499961e+01	1.570796e+01	5.954849e+00	3.970002e-01	4.259510e-01	0.000000e+00	0.000000e+00	0.000000e+00	2.667194e-03	8.498638e-08	1.368707e-02	7.425836e+07	2.366138e+03	3.810671e+08	
1.040000e+01	2.789851e+10	1.158763e+11	1.499865e+01	1.570796e+01	5.954466e+00	3.970002e-01	4.272089e-01	0.000000e+00	0.000000e+00	0.000000e+00	2.667146e-03	8.494089e-08	1.369314e-02	7.440941e+07	2.369725e+03	3.820182e+08	
1.045000e+01	2.795663e+10	1.146505e+11	1.499829e+01	1.570796e+01	5.954323e+00	3.970002e-01	4.272592e-01	0.000000e+00	0.000000e+00	0.000000e+00	2.667125e-03	8.494220e-08	1.369907e-02	7.456384e+07	2.374698e+03	3.829799e+08	
1.050000e+01	2.801481e+10	1.143580e+11	1.499802e+01	1.570796e+01	5.954217e+00	3.970002e-01	4.280309e-01	0.000000e+00	0.000000e+00	0.000000e+00	2.667064e-03	8.497836e-08	1.370499e-02	7.471729e+07	2.380653e+03	3.839427e+08	
1.055000e+01	2.807358e+10	1.158934e+11	1.499814e+01	1.570796e+01	5.954264e+00	3.970002e-01	4.320498e-01	0.000000e+00	0.000000e+00	0.000000e+00	2.667053e-03	8.504336e-08	1.371088e-02	7.487371e+07	2.387471e+03	3.849134e+08	
1.060000e+01	2.813535e+10	1.177038e+11	1.499993e+01	1.570796e+01	5.954973e+00	3.970002e-01	4.316636e-01	0.000000e+00	0.000000e+00	0.000000e+00	2.667249e-03	8.519490e-08	1.371638e-02	7.504398e+07	2.396988e+03	3.859153e+08	
1.065000e+01	2.819675e+10	1.189527e+11	1.500157e+01	1.570796e+01	5.955625e+00	3.970002e-01	4.282540e-01	0.000000e+00	0.000000e+00	0.000000e+00	2.667304e-03	8.531885e-08	1.372157e-02	7.520931e+07	2.405714e+03	3.869035e+08	
1.070000e+01	2.825551e+10	1.222071e+11	1.500187e+01	1.570796e+01	5.955744e+00	3.970002e-01	4.298811e-01	0.000000e+00	0.000000e+00	0.000000e+00	2.667116e-03	8.531990e-08	1.372646e-02	7.536074e+07	2.410757e+03	3.878482e+08	
1.075000e+01	2.831548e+10	1.232528e+11	1.500287e+01	1.570796e+01	5.956141e+00	3.970002e-01	4.308636e-01	0.000000e+00	0.000000e+00	0.000000e+00	2.666892e-03	8.532997e-08	1.373090e-02	7.551433e+07	2.416159e+03	3.887971e+08	
1.080000e+01	2.837614e+10	1.243923e+11	1.500429e+01	1.570796e+01	5.956707e+00	3.970002e-01	4.315661e-01	0.000000e+00	0.000000e+00	0.000000e+00	2.666694e-03	8.537251e-08	1.373521e-02	7.567048e+07	2.422542e+03	3.897522e+08	
1.085000e+01	2.843725e+10	1.253610e+11	1.500602e+01	1.570796e+01	5.957391e+00	3.970002e-01	4.346610e-01	0.000000e+00	0.000000e+00	0.000000e+00	2.666492e-03	8.543903e-08	1.373936e-02	7.582770e+07	2.429651e+03	3.907096e+08	
1.090000e+01	2.850061e+10	1.264412e+11	1.500897e+01	1.570796e+01	5.958564e+00	3.970002e-01	4.351389e-01	0.000000e+00	0.000000e+00	0.000000e+00	2.666557e-03	8.557161e-08	1.374342e-02	7.599851e+07	2.438843e+03	3.916959e+08	
1.095000e+01	2.856418e+10	1.260326e+11	1.501209e+01	1.570796e+01	5.959803e+00	3.970002e-01	4.268721e-01	0.000000e+00	0.000000e+00	0.000000e+00	2.666627e-03	8.571426e-08	1.374740e-02	7.617000e+07	2.448357e+03	3.926832e+08	
1.100000e+01	2.862139e+10	1.240515e+11	1.501193e+01	1.570796e+01	5.959737e+00	3.970002e-01	4.160081e-01	0.000000e+00	0.000000e+00	0.000000e+00	2.666375e-03	8.560159e-08	1.375139e-02	7.631536e+07	2.450037e+03	3.935840e+08	
1.105000e+01	2.867046e+10	1.244527e+11	1.500756e+01	1.570796e+01	5.958003e+00	3.970002e-01	4.191286e-01	0.000000e+00	0.000000e+00	0.000000e+00	2.665781e-03	8.519568e-08	1.375543e-02	7.642917e+07	2.442600e+03	3.943745e+08	
1.110000e+01	2.872209e+10	1.261494e+11	1.500460e+01	1.570796e+01	5.956829e+00	3.970002e-01	4.228825e-01	0.000000e+00	0.000000e+00	0.000000e+00	2.665213e-03	8.487163e-08	1.375928e-02	7.655049e+07	2.437690e+03	3.951953e+08	
1.115000e+01	2.877667e+10	1.271721e+11	1.500326e+01	1.570796e+01	5.956296e+00	3.970002e-01	4.249948e-01	0.000000e+00	0.000000e+00	0.000000e+00	2.664798e-03	8.464937e-08	1.376300e-02	7.668403e+07	2.435927e+03	3.960534e+08	
1.120000e+01	2.883291e+10	1.262394e+11	1.500284e+01	1.570796e+01	5.956130e+00	3.970002e-01	4.259300e-01	0.000000e+00	0.000000e+00	0.000000e+00	2.664423e-03	8.449287e-08	1.376660e-02	7.682306e+07	2.436175e+03	3.969312e+08	
1.125000e+01	2.888987e+10	1.257103e+11	1.500286e+01	1.570796e+01	5.956137e+00	3.970002e-01	4.236678e-01	0.000000e+00	0.000000e+00	0.000000e+00	2.664093e-03	8.439971e-08	1.377028e-02	7.696528e+07	2.438297e+03	3.978216e+08	
1.130000e+01	2.894513e+10	1.231789e+11	1.500205e+01	1.570796e+01	5.955817e+00	3.970002e-01	4.236034e-01	0.000000e+00	0.000000e+00	0.000000e+00	2.663603e-03	8.425591e-08	1.377395e-02	7.709833e+07	2.438798e+03	3.986888e+08	
1.135000e+01	2.900038e+10	1.232726e+11	1.500130e+01	1.570796e+01	5.955520e+00	3.970002e-01	4.258890e-01	0.000000e+00	0.000000e+00	0.000000e+00	2.663156e-03	8.418093e-08	1.377786e-02	7.723254e+07	2.441279e+03	3.995632e+08	
1.140000e+01	2.905738e+10	1.237795e+11	1.500152e+01	1.570796e+01	5.955605e+00	3.970002e-01	4.269117e-01	0.000000e+00	0.000000e+00	0.000000e+00	2.662920e-03	8.418390e-08	1.378187e-02	7.737747e+07	2.446163e+03	4.004649e+08	
1.145000e+01	2.911514e+10	1.249452e+11	1.500218e+01	1.570796e+01	5.955867e+00	3.970002e-01	4.280472e-01	0.000000e+00	0.000000e+00	0.000000e+00	2.662726e-03	8.422382e-08	1.378578e-02	7.752563e+07	2.452188e+03	4.013749e+08	
1.150000e+01	2.917372e+10	1.246083e+11	1.500331e+01	1.570796e+01	5.956318e+00	3.970002e-01	4.224623e-01	0.000000e+00	0.000000e+00	0.000000e+00	2.662593e-03	8.427627e-08	1.378951e-02	7.767772e+07	2.458652e+03	4.022914e+08	
1.155000e+01	2.922805e+10	1.265270e+11	1.500232e+01	1.570796e+01	5.955924e+00	3.970002e-01	4.201908e-01	0.000000e+00	0.000000e+00	0.000000e+00	2.662327e-03	8.416194e-08	1.379325e-02	7.781461e+07	2.459889e+03	4.031499e+08	
1.160000e+01	2.928073e+10	1.277390e+11	1.500054e+01	1.570796e+01	5.955217e+00	3.970002e-01	4.211669e-01	0.000000e+00	0.000000e+00	0.000000e+00	2.661874e-03	8.395498e-08	1.379666e-02	7.794162e+07	2.458263e+03	4.039763e+08	
1.165000e+01	2.933422e+10	1.293112e+11	1.499924e+01	1.570796e+01	5.954701e+00	3.970002e-01	4.211720e-01	0.000000e+00	0.000000e+00	0.000000e+00	2.661305e-03	8.378748e-08	1.379982e-02	7.806731e+07	2.457841e+03	4.048070e+08	
1.170000e+01	2.938779e+10	1.290251e+11	1.499803e+01	1.570796e+01	5.954222e+00	3.970002e-01	4.226636e-01	0.000000e+00	0.000000e+00	0.000000e+00	2.660626e-03	8.360864e-08	1.380246e-02	7.818992e+07	2.457073e+03	4.056238e+08	
1.175000e+01	2.944253e+10	1.303755e+11	1.499749e+01	1.570796e+01	5.954004e+00	3.970002e-01	4.248316e-01	0.000000e+00	0.000000e+00	0.000000e+00	2.660018e-03	8.349074e-08	1.380514e-02	7.831767e+07	2.458179e+03	4.064583e+08	
1.180000e+01	2.949892e+10	1.315676e+11	1.499783e+01	1.570796e+01	5.954142e+00	3.970002e-01	4.268018e-01	0.000000e+00	0.000000e+00	0.000000e+00	2.659513e-03	8.342811e-08	1.380769e-02	7.845276e+07	2.461040e+03	4.073121e+08	
1.185000e+01	2.955678e+10	1.308854e+11	1.499897e+01	1.570796e+01	5.954595e+00	3.970002e-01	4.274545e-01	0.000000e+00	0.000000e+00	0.000000e+00	2.659114e-03	8.341779e-08	1.381009e-02	7.859484e+07	2.465561e+03	4.081819e+08	
1.190000e+01	2.961507e+10	1.318878e+11	1.500038e+01	1.570796e+01	5.955155e+00	3.970002e-01	4.304993e-01	0.000000e+00	0.000000e+00	0.000000e+00	2.658773e-03	8.344715e-08	1.381258e-02	7.873975e+07	2.471293e+03	4.090605e+08	
1.195000e+01	2.967557e+10	1.325018e+11	1.500296e+01	1.570796e+01	5.956178e+00	3.970002e-01	4.318212e-01	0.000000e+00	0.000000e+00	0.000000e+00	2.658689e-03	8.354133e-08	1.381504e-02	7.889813e+07	2.479137e+03	4.099691e+08	
1.200000e+01	2.973694e+10	1.328960e+11	1.500602e+01	1.570796e+01	5.957391e+00	3.970002e-01	4.289867e-01	0.000000e+00	0.000000e+00	0.000000e+00	2.658731e-03	8.365966e-08	1.381758e-02	7.906253e+07	2.487783e+03	4.108925e+08	
1.205000e+01	2.979604e+10	1.336334e+11	1.500797e+01	1.570796e+01	5.958166e+00	3.970002e-01	4.303373e-01	0.000000e+00	0.000000e+00	0.000000e+00	2.658815e-03	8.368068e-08	1.382034e-02	7.922217e+07	2.493353e+03	4.117915e+08	
1.210000e+01	2.985605e+10	1.348722e+11	1.501043e+01	1.570796e+01	5.959142e+00	3.970002e-01	4.320416e-01	0.000000e+00	0.000000e+00	0.000000e+00	2.658941e-03	8.373476e-08	1.382310e-02	7.938550e+07	2.499990e+03	4.127031e+08	
1.215000e+01	2.991723e+10	1.348191e+11	1.501351e+01	1.570796e+01	5.960366e+00	3.970002e-01	4.315230e-01	0.000000e+00	0.000000e+00	0.000000e+00	2.659160e-03	8.381415e-08	1.382587e-02	7.955469e+07	2.507487e+03	4.136317e+08	
1.220000e+01	2.997787e+10	1.351865e+11	1.501636e+01	1.570796e+01	5.961498e+00	3.970002e-01	4.322377e-01	0.000000e+00	0.000000e+00	0.000000e+00	2.659275e-03	8.389617e-08	1.382867e-02	7.971940e+07	2.515028e+03	4.145540e+08	
1.225000e+01	3.003891e+10	1.376385e+11	1.501945e+01	1.570796e+01	5.962725e+00	3.970002e-01	4.362008e-01	0.000000e+00	0.000000e+00	0.000000e+00	2.659390e-03	8.400585e-08	1.383135e-02	7.988517e+07	2.523444e+03	4.154787e+08	
1.230000e+01	3.010277e+10	1.395005e+11	1.502399e+01	1.570796e+01	5.964528e+00	3.970002e-01	4.411601e-01	0.000000e+00	0.000000e+00	0.000000e+00	2.659806e-03	8.415452e-08	1.383382e-02	8.006752e+07	2.533284e+03	4.164362e+08	
1.235000e+01	3.017014e+10	1.429856e+11	1.503032e+01	1.570796e+01	5.967038e+00	3.970002e-01	4.492264e-01	0.000000e+00	0.000000e+00	0.000000e+00	2.660466e-03	8.445980e-08	1.383655e-02	8.026664e+07	2.548164e+03	4.174508e+08	
1.240000e+01	3.024327e+10	1.445951e+11	1.503953e+01	1.570796e+01	5.970695e+00	3.970002e-01	4.489128e-01	0.000000e+00	0.000000e+00	0.000000e+00	2.661730e-03	8.489485e-08	1.383897e-02	8.049942e+07	2.567498e+03	4.185359e+08	
1.245000e+01	3.031573e+10	1.448033e+11	1.504842e+01	1.570796e+01	5.974226e+00	3.970002e-01	4.484928e-01	0.000000e+00	0.000000e+00	0.000000e+00	2.662972e-03	8.529713e-08	1.384148e-02	8.072994e+07	2.585845e+03	4.196145e+08	
