# bin_edge_left	bin_edge_right	dN/d[fe/H]	dN/d[o/H]	dN/d[mg/H]	dN/d[o/fe]	dN/d[mg/fe]	dN/d[mg/o]	
-3.000000e+00	-2.950000e+00	0.000000e+00	0.000000e+00	0.000000e+00	0.000000e+00	0.000000e+00	0.000000e+00	
-2.950000e+00	-2.900000e+00	0.000000e+00	0.000000e+00	0.000000e+00	0.000000e+00	0.000000e+00	0.000000e+00	
-2.900000e+00	-2.850000e+00	0.000000e+00	0.000000e+00	0.000000e+00	0.000000e+00	0.000000e+00	0.000000e+00	
-2.850000e+00	-2.800000e+00	0.000000e+00	0.000000e+00	0.000000e+00	0.000000e+00	0.000000e+00	0.000000e+00	
-2.800000e+00	-2.750000e+00	0.000000e+00	0.000000e+00	2.958938e-05	0.000000e+00	0.000000e+00	0.000000e+00	
-2.750000e+00	-2.700000e+00	0.000000e+00	0.000000e+00	0.000000e+00	0.000000e+00	0.000000e+00	0.000000e+00	
-2.700000e+00	-2.650000e+00	0.000000e+00	0.000000e+00	0.000000e+00	0.000000e+00	0.000000e+00	0.000000e+00	
-2.650000e+00	-2.600000e+00	0.000000e+00	0.000000e+00	5.908459e-05	0.000000e+00	0.000000e+00	0.000000e+00	
-2.600000e+00	-2.550000e+00	2.958938e-05	0.000000e+00	0.000000e+00	0.000000e+00	0.000000e+00	0.000000e+00	
-2.550000e+00	-2.500000e+00	0.000000e+00	0.000000e+00	0.000000e+00	0.000000e+00	0.000000e+00	0.000000e+00	
-2.500000e+00	-2.450000e+00	0.000000e+00	0.000000e+00	8.849266e-05	0.000000e+00	0.000000e+00	0.000000e+00	
-2.450000e+00	-2.400000e+00	5.908459e-05	0.000000e+00	0.000000e+00	0.000000e+00	0.000000e+00	0.000000e+00	
-2.400000e+00	-2.350000e+00	0.000000e+00	0.000000e+00	1.178159e-04	0.000000e+00	0.000000e+00	0.000000e+00	
-2.350000e+00	-2.300000e+00	0.000000e+00	0.000000e+00	1.470556e-04	0.000000e+00	0.000000e+00	0.000000e+00	
-2.300000e+00	-2.250000e+00	8.849266e-05	0.000000e+00	0.000000e+00	0.000000e+00	0.000000e+00	0.000000e+00	
-2.250000e+00	-2.200000e+00	0.000000e+00	2.958938e-05	1.762131e-04	0.000000e+00	0.000000e+00	0.000000e+00	
-2.200000e+00	-2.150000e+00	1.178159e-04	0.000000e+00	2.052891e-04	0.000000e+00	0.000000e+00	0.000000e+00	
-2.150000e+00	-2.100000e+00	1.470556e-04	0.000000e+00	2.342844e-04	0.000000e+00	0.000000e+00	0.000000e+00	
-2.100000e+00	-2.050000e+00	0.000000e+00	0.000000e+00	2.631995e-04	0.000000e+00	0.000000e+00	0.000000e+00	
-2.050000e+00	-2.000000e+00	1.762131e-04	5.908459e-05	6.128267e-04	0.000000e+00	0.000000e+00	0.000000e+00	
-2.000000e+00	-1.950000e+00	2.052891e-04	0.000000e+00	3.494694e-04	0.000000e+00	0.000000e+00	0.000000e+00	
-1.950000e+00	-1.900000e+00	2.342844e-04	8.849266e-05	7.846597e-04	0.000000e+00	0.000000e+00	0.000000e+00	
-1.900000e+00	-1.850000e+00	5.552347e-04	0.000000e+00	8.984369e-04	0.000000e+00	0.000000e+00	0.000000e+00	
-1.850000e+00	-1.800000e+00	3.207916e-04	1.178159e-04	1.011598e-03	0.000000e+00	0.000000e+00	0.000000e+00	
-1.800000e+00	-1.750000e+00	7.275384e-04	0.000000e+00	1.728236e-03	0.000000e+00	0.000000e+00	0.000000e+00	
-1.750000e+00	-1.700000e+00	4.065907e-04	1.470556e-04	1.979426e-03	0.000000e+00	0.000000e+00	0.000000e+00	
-1.700000e+00	-1.650000e+00	8.984369e-04	1.762131e-04	2.228588e-03	0.000000e+00	0.000000e+00	0.000000e+00	
-1.650000e+00	-1.600000e+00	1.559641e-03	2.052891e-04	2.475739e-03	0.000000e+00	0.000000e+00	0.000000e+00	
-1.600000e+00	-1.550000e+00	1.180194e-03	2.342844e-04	4.670040e-03	0.000000e+00	0.000000e+00	0.000000e+00	
-1.550000e+00	-1.500000e+00	1.979426e-03	2.631995e-04	4.220189e-03	0.000000e+00	0.000000e+00	0.000000e+00	
-1.500000e+00	-1.450000e+00	2.228588e-03	2.920351e-04	7.126337e-03	0.000000e+00	0.000000e+00	0.000000e+00	
-1.450000e+00	-1.400000e+00	3.355562e-03	6.702610e-04	8.067825e-03	0.000000e+00	0.000000e+00	0.000000e+00	
-1.400000e+00	-1.350000e+00	3.790217e-03	3.780690e-04	1.058194e-02	0.000000e+00	0.000000e+00	0.000000e+00	
-1.350000e+00	-1.300000e+00	4.220189e-03	8.416257e-04	1.541893e-02	0.000000e+00	0.000000e+00	0.000000e+00	
-1.300000e+00	-1.250000e+00	7.126337e-03	9.550940e-04	1.946808e-02	0.000000e+00	0.000000e+00	0.000000e+00	
-1.250000e+00	-1.200000e+00	8.067825e-03	1.644053e-03	2.417616e-02	0.000000e+00	0.000000e+00	0.000000e+00	
-1.200000e+00	-1.150000e+00	8.993972e-03	1.236089e-03	3.481661e-02	0.000000e+00	0.000000e+00	0.000000e+00	
-1.150000e+00	-1.100000e+00	1.340642e-02	2.062705e-03	4.512513e-02	0.000000e+00	0.000000e+00	0.000000e+00	
-1.100000e+00	-1.050000e+00	1.499038e-02	3.136465e-03	6.062868e-02	0.000000e+00	0.000000e+00	0.000000e+00	
-1.050000e+00	-1.000000e+00	2.091197e-02	3.573477e-03	8.304143e-02	0.000000e+00	0.000000e+00	0.000000e+00	
-1.000000e+00	-9.500000e-01	2.571778e-02	4.005786e-03	1.186959e-01	0.000000e+00	0.000000e+00	0.000000e+00	
-9.500000e-01	-9.000000e-01	3.119836e-02	6.809069e-03	1.720245e-01	0.000000e+00	0.000000e+00	0.000000e+00	
-9.000000e-01	-8.500000e-01	4.344220e-02	6.398007e-03	2.478084e-01	0.000000e+00	0.000000e+00	0.000000e+00	
-8.500000e-01	-8.000000e-01	5.155445e-02	1.004465e-02	3.941859e-01	0.000000e+00	0.000000e+00	0.000000e+00	
-8.000000e-01	-7.500000e-01	6.786963e-02	1.300490e-02	6.749698e-01	0.000000e+00	0.000000e+00	0.000000e+00	
-7.500000e-01	-7.000000e-01	8.293896e-02	1.849186e-02	1.432156e+00	0.000000e+00	0.000000e+00	0.000000e+00	
-7.000000e-01	-6.500000e-01	1.088610e-01	2.091197e-02	6.079285e+00	0.000000e+00	0.000000e+00	0.000000e+00	
-6.500000e-01	-6.000000e-01	1.439935e-01	3.069263e-02	3.792578e+00	0.000000e+00	1.281572e+00	0.000000e+00	
-6.000000e-01	-5.500000e-01	1.791049e-01	4.016470e-02	1.870356e+00	0.000000e+00	4.025171e-01	2.000000e+01	
-5.500000e-01	-5.000000e-01	2.298164e-01	5.462062e-02	1.216425e+00	0.000000e+00	6.922321e+00	0.000000e+00	
-5.000000e-01	-4.500000e-01	3.055982e-01	7.576554e-02	1.024462e+00	0.000000e+00	6.783388e+00	0.000000e+00	
-4.500000e-01	-4.000000e-01	3.966959e-01	1.014779e-01	1.036408e+00	0.000000e+00	1.835327e+00	0.000000e+00	
-4.000000e-01	-3.500000e-01	5.312817e-01	1.505869e-01	1.609913e+00	0.000000e+00	1.224229e+00	0.000000e+00	
-3.500000e-01	-3.000000e-01	7.345510e-01	2.163449e-01	0.000000e+00	0.000000e+00	8.170016e-01	0.000000e+00	
-3.000000e-01	-2.500000e-01	1.051034e+00	3.369782e-01	0.000000e+00	0.000000e+00	4.825592e-01	0.000000e+00	
-2.500000e-01	-2.000000e-01	1.674513e+00	5.635604e-01	0.000000e+00	0.000000e+00	2.276833e-01	0.000000e+00	
-2.000000e-01	-1.500000e-01	2.905250e+00	1.108906e+00	0.000000e+00	0.000000e+00	2.340192e-02	0.000000e+00	
-1.500000e-01	-1.000000e-01	3.266060e+00	4.969136e+00	0.000000e+00	0.000000e+00	0.000000e+00	0.000000e+00	
-1.000000e-01	-5.000000e-02	2.016798e+00	4.949929e+00	0.000000e+00	1.224721e+00	0.000000e+00	0.000000e+00	
-5.000000e-02	0.000000e+00	1.251640e+00	2.117651e+00	0.000000e+00	4.041819e-01	0.000000e+00	0.000000e+00	
0.000000e+00	5.000000e-02	1.785475e+00	1.286188e+00	0.000000e+00	4.057644e+00	0.000000e+00	0.000000e+00	
5.000000e-02	1.000000e-01	1.471201e+00	1.037245e+00	0.000000e+00	9.054817e+00	0.000000e+00	0.000000e+00	
1.000000e-01	1.500000e-01	1.549628e+00	1.002322e+00	0.000000e+00	2.012950e+00	0.000000e+00	0.000000e+00	
1.500000e-01	2.000000e-01	0.000000e+00	1.403174e+00	0.000000e+00	1.349844e+00	0.000000e+00	0.000000e+00	
2.000000e-01	2.500000e-01	0.000000e+00	4.594805e-01	0.000000e+00	9.123547e-01	0.000000e+00	0.000000e+00	
2.500000e-01	3.000000e-01	0.000000e+00	0.000000e+00	0.000000e+00	5.808401e-01	0.000000e+00	0.000000e+00	
3.000000e-01	3.500000e-01	0.000000e+00	0.000000e+00	0.000000e+00	3.155204e-01	0.000000e+00	0.000000e+00	
3.500000e-01	4.000000e-01	0.000000e+00	0.000000e+00	0.000000e+00	8.712629e-02	0.000000e+00	0.000000e+00	
4.000000e-01	4.500000e-01	0.000000e+00	0.000000e+00	0.000000e+00	0.000000e+00	0.000000e+00	0.000000e+00	
4.500000e-01	5.000000e-01	0.000000e+00	0.000000e+00	0.000000e+00	0.000000e+00	0.000000e+00	0.000000e+00	
5.000000e-01	5.500000e-01	0.000000e+00	0.000000e+00	0.000000e+00	0.000000e+00	0.000000e+00	0.000000e+00	
5.500000e-01	6.000000e-01	0.000000e+00	0.000000e+00	0.000000e+00	0.000000e+00	0.000000e+00	0.000000e+00	
6.000000e-01	6.500000e-01	0.000000e+00	0.000000e+00	0.000000e+00	0.000000e+00	0.000000e+00	0.000000e+00	
6.500000e-01	7.000000e-01	0.000000e+00	0.000000e+00	0.000000e+00	0.000000e+00	0.000000e+00	0.000000e+00	
7.000000e-01	7.500000e-01	0.000000e+00	0.000000e+00	0.000000e+00	0.000000e+00	0.000000e+00	0.000000e+00	
7.500000e-01	8.000000e-01	0.000000e+00	0.000000e+00	0.000000e+00	0.000000e+00	0.000000e+00	0.000000e+00	
8.000000e-01	8.500000e-01	0.000000e+00	0.000000e+00	0.000000e+00	0.000000e+00	0.000000e+00	0.000000e+00	
8.500000e-01	9.000000e-01	0.000000e+00	0.000000e+00	0.000000e+00	0.000000e+00	0.000000e+00	0.000000e+00	
9.000000e-01	9.500000e-01	0.000000e+00	0.000000e+00	0.000000e+00	0.000000e+00	0.000000e+00	0.000000e+00	
9.500000e-01	1.000000e+00	0.000000e+00	0.000000e+00	0.000000e+00	0.000000e+00	0.000000e+00	0.000000e+00	
