# COLUMN NUMBERS: 
#	0: time [Gyr]
#	1: mgas [Msun]			ISM gas mass
#	2: mstar [Msun]			Stellar mass
#	3: sfr [Msun/yr]		Star formation rate
#	4: ifr [Msun/yr]		Infall rate
#	5: ofr [Msun/yr]		Outfow rate
#	6: eta_0			Mass-loading factor
#	7: r_eff			Effective recycilng rate
#	8: z_in(fe)			Inflow fe metallicity
#	9: z_in(sr)			Inflow sr metallicity
#	10: z_in(o)			Inflow o metallicity
#	11: z_out(fe)			Outflow fe metallicity
#	12: z_out(sr)			Outflow sr metallicity
#	13: z_out(o)			Outflow o metallicity
#	14: mass(fe) [Msun]		mass of element fe in ISM
#	15: mass(sr) [Msun]		mass of element sr in ISM
#	16: mass(o) [Msun]		mass of element o in ISM
0.000000e+00	1.000000e-12	3.748255e-20	1.000000e-27	1.162389e+02	-nan	1.839745e+01	2.503490e-01	0.000000e+00	0.000000e+00	0.000000e+00	-nan	-nan	-nan	0.000000e+00	0.000000e+00	0.000000e+00	
5.000000e-02	5.811946e+09	2.178466e+02	5.811946e-06	1.162389e+02	1.070191e-04	1.839745e+01	2.503490e-01	0.000000e+00	0.000000e+00	0.000000e+00	6.516906e-05	7.277211e-10	8.146132e-04	0.000000e+00	0.000000e+00	0.000000e+00	
1.000000e-01	1.162389e+10	6.469752e+02	1.162389e-05	1.162389e+02	2.140382e-04	1.839745e+01	2.616435e-01	0.000000e+00	0.000000e+00	0.000000e+00	6.516906e-05	7.277211e-10	8.146132e-04	0.000000e+00	0.000000e+00	0.000000e+00	
1.500000e-01	1.743582e+10	1.283440e+03	1.743582e-05	1.162389e+02	3.210658e-04	1.839745e+01	2.699339e-01	0.000000e+00	0.000000e+00	0.000000e+00	8.839919e-05	7.305268e-10	8.186345e-04	0.000000e+00	0.000000e+00	0.000000e+00	
2.000000e-01	2.324775e+10	2.135454e+03	2.324775e-05	1.162389e+02	4.280934e-04	1.839745e+01	2.766563e-01	0.000000e+00	0.000000e+00	0.000000e+00	1.000536e-04	7.331649e-10	8.206802e-04	0.000000e+00	0.000000e+00	0.000000e+00	
2.500000e-01	2.905968e+10	3.200668e+03	2.905968e-05	1.162389e+02	5.351210e-04	1.839745e+01	2.823049e-01	0.000000e+00	0.000000e+00	0.000000e+00	1.070985e-04	7.353034e-10	8.219343e-04	0.000000e+00	0.000000e+00	0.000000e+00	
3.000000e-01	3.487160e+10	4.477151e+03	3.487160e-05	1.162389e+02	6.421485e-04	1.839745e+01	2.871784e-01	0.000000e+00	0.000000e+00	0.000000e+00	1.118506e-04	7.370089e-10	8.227915e-04	0.000000e+00	0.000000e+00	0.000000e+00	
3.500000e-01	4.068351e+10	6.019298e+03	4.068351e-05	1.162389e+02	7.491759e-04	1.839745e+01	2.919909e-01	0.000000e+00	0.000000e+00	0.000000e+00	1.152998e-04	7.383918e-10	8.234219e-04	0.000000e+00	0.000000e+00	0.000000e+00	
4.000000e-01	4.649542e+10	7.724814e+03	4.649542e-05	1.162389e+02	8.562033e-04	1.839745e+01	2.958477e-01	0.000000e+00	0.000000e+00	0.000000e+00	1.179442e-04	7.397160e-10	8.239155e-04	0.000000e+00	0.000000e+00	0.000000e+00	
4.500000e-01	5.230732e+10	9.637264e+03	5.230732e-05	1.162389e+02	9.632307e-04	1.839745e+01	2.993307e-01	0.000000e+00	0.000000e+00	0.000000e+00	1.200462e-04	7.407186e-10	8.243104e-04	0.000000e+00	0.000000e+00	0.000000e+00	
5.000000e-01	5.811921e+10	1.175551e+04	5.811921e-05	1.162389e+02	1.070258e-03	1.839745e+01	3.025073e-01	0.000000e+00	0.000000e+00	0.000000e+00	1.217731e-04	7.415925e-10	8.246392e-04	0.000000e+00	0.000000e+00	0.000000e+00	
5.500000e-01	6.393111e+10	1.407854e+04	6.393111e-05	1.162389e+02	1.177285e-03	1.839745e+01	3.054279e-01	0.000000e+00	0.000000e+00	0.000000e+00	1.232280e-04	7.423649e-10	8.249198e-04	0.000000e+00	0.000000e+00	0.000000e+00	
6.000000e-01	6.974299e+10	1.649332e+04	6.974299e-05	1.162389e+02	1.284313e-03	1.839745e+01	3.075197e-01	0.000000e+00	0.000000e+00	0.000000e+00	1.244791e-04	7.430507e-10	8.251640e-04	0.000000e+00	0.000000e+00	0.000000e+00	
6.500000e-01	7.555487e+10	1.910140e+04	7.555487e-05	1.162389e+02	1.391340e-03	1.839745e+01	3.096204e-01	0.000000e+00	0.000000e+00	0.000000e+00	1.255666e-04	7.434573e-10	8.253741e-04	0.000000e+00	0.000000e+00	0.000000e+00	
7.000000e-01	8.136674e+10	2.190178e+04	8.136674e-05	1.162389e+02	1.498367e-03	1.839745e+01	3.116624e-01	0.000000e+00	0.000000e+00	0.000000e+00	1.265273e-04	7.438997e-10	8.255627e-04	0.000000e+00	0.000000e+00	0.000000e+00	
7.500000e-01	8.717861e+10	2.489365e+04	8.717861e-05	1.162389e+02	1.605394e-03	1.839745e+01	3.136250e-01	0.000000e+00	0.000000e+00	0.000000e+00	1.273867e-04	7.443296e-10	8.257337e-04	0.000000e+00	0.000000e+00	0.000000e+00	
8.000000e-01	9.299048e+10	2.807623e+04	9.299048e-05	1.162389e+02	1.712421e-03	1.839745e+01	3.155035e-01	0.000000e+00	0.000000e+00	0.000000e+00	1.281637e-04	7.447313e-10	8.258899e-04	0.000000e+00	0.000000e+00	0.000000e+00	
8.500000e-01	9.880233e+10	3.144885e+04	9.880233e-05	1.162389e+02	1.819448e-03	1.839745e+01	3.172994e-01	0.000000e+00	0.000000e+00	0.000000e+00	1.288727e-04	7.450989e-10	8.260338e-04	0.000000e+00	0.000000e+00	0.000000e+00	
9.000000e-01	1.046142e+11	3.519019e+04	1.046142e-04	1.162389e+02	1.926475e-03	1.839745e+01	3.196690e-01	0.000000e+00	0.000000e+00	0.000000e+00	1.295248e-04	7.454353e-10	8.261672e-04	0.000000e+00	0.000000e+00	0.000000e+00	
9.500000e-01	1.104260e+11	3.812201e+04	1.104260e-04	1.162389e+02	2.033502e-03	1.839745e+01	3.210841e-01	0.000000e+00	0.000000e+00	0.000000e+00	1.301357e-04	7.459682e-10	8.262980e-04	0.000000e+00	0.000000e+00	0.000000e+00	
1.000000e+00	1.162379e+11	4.105330e+04	1.162379e-04	1.162389e+02	2.140529e-03	1.839745e+01	3.223003e-01	0.000000e+00	0.000000e+00	0.000000e+00	1.305979e-04	7.463102e-10	8.263922e-04	0.000000e+00	0.000000e+00	0.000000e+00	
1.050000e+00	1.220497e+11	4.398426e+04	1.220497e-04	1.162389e+02	2.247555e-03	1.839745e+01	3.233699e-01	0.000000e+00	0.000000e+00	0.000000e+00	1.310180e-04	7.465877e-10	8.264772e-04	0.000000e+00	0.000000e+00	0.000000e+00	
1.100000e+00	1.278615e+11	4.543942e+04	1.278615e-04	1.162389e+02	2.354581e-03	1.839745e+01	3.244290e-01	0.000000e+00	0.000000e+00	0.000000e+00	1.314015e-04	7.468272e-10	8.265545e-04	0.000000e+00	0.000000e+00	0.000000e+00	
1.150000e+00	1.336734e+11	5.031498e+04	1.336734e-04	1.162389e+02	2.461617e-03	1.839745e+01	3.264872e-01	0.000000e+00	0.000000e+00	0.000000e+00	1.350251e-04	7.473589e-10	8.271779e-04	0.000000e+00	0.000000e+00	0.000000e+00	
1.200000e+00	1.394852e+11	5.519880e+04	1.394852e-04	1.162389e+02	2.568644e-03	1.839745e+01	3.283390e-01	0.000000e+00	0.000000e+00	0.000000e+00	1.355482e-04	7.476722e-10	8.272932e-04	0.000000e+00	0.000000e+00	0.000000e+00	
1.250000e+00	1.452970e+11	5.950076e+04	1.452970e-04	1.162389e+02	2.675672e-03	1.839745e+01	3.298164e-01	0.000000e+00	0.000000e+00	0.000000e+00	1.360317e-04	7.479501e-10	8.273995e-04	0.000000e+00	0.000000e+00	0.000000e+00	
1.300000e+00	1.511088e+11	5.675803e+04	1.511088e-04	1.162389e+02	2.782698e-03	1.839745e+01	3.202477e-01	0.000000e+00	0.000000e+00	0.000000e+00	1.364376e-04	7.481960e-10	8.274875e-04	0.000000e+00	0.000000e+00	0.000000e+00	
1.350000e+00	1.569206e+11	5.386767e+04	1.569206e-04	1.162389e+02	2.889724e-03	1.839745e+01	3.129902e-01	0.000000e+00	0.000000e+00	0.000000e+00	1.363975e-04	7.457549e-10	8.274017e-04	0.000000e+00	0.000000e+00	0.000000e+00	
1.400000e+00	1.627324e+11	4.987193e+04	1.627324e-04	1.162389e+02	2.996748e-03	1.839745e+01	3.068963e-01	0.000000e+00	0.000000e+00	0.000000e+00	1.362895e-04	7.443222e-10	8.273220e-04	0.000000e+00	0.000000e+00	0.000000e+00	
1.450000e+00	1.685442e+11	4.649109e+04	1.685442e-04	1.162389e+02	3.103773e-03	1.839745e+01	3.020548e-01	0.000000e+00	0.000000e+00	0.000000e+00	1.360750e-04	7.433592e-10	8.272294e-04	0.000000e+00	0.000000e+00	0.000000e+00	
1.500000e+00	1.743560e+11	3.861446e+04	1.743560e-04	1.162389e+02	3.210797e-03	1.839745e+01	2.952213e-01	0.000000e+00	0.000000e+00	0.000000e+00	1.358809e-04	7.425888e-10	8.271484e-04	0.000000e+00	0.000000e+00	0.000000e+00	
1.550000e+00	1.801678e+11	3.467720e+04	1.801678e-04	1.162389e+02	3.317820e-03	1.839745e+01	2.916399e-01	0.000000e+00	0.000000e+00	0.000000e+00	1.353554e-04	7.415258e-10	8.269820e-04	0.000000e+00	0.000000e+00	0.000000e+00	
1.600000e+00	1.859795e+11	3.529471e+04	1.859795e-04	1.162389e+02	3.424843e-03	1.839745e+01	2.913002e-01	0.000000e+00	0.000000e+00	0.000000e+00	1.351268e-04	7.409823e-10	8.269020e-04	0.000000e+00	0.000000e+00	0.000000e+00	
1.650000e+00	1.917913e+11	3.591425e+04	1.917913e-04	1.162389e+02	3.531868e-03	1.839745e+01	2.910036e-01	0.000000e+00	0.000000e+00	0.000000e+00	1.352145e-04	7.409581e-10	8.269127e-04	0.000000e+00	0.000000e+00	0.000000e+00	
1.700000e+00	1.976031e+11	3.653562e+04	1.976031e-04	1.162389e+02	3.638893e-03	1.839745e+01	2.907434e-01	0.000000e+00	0.000000e+00	0.000000e+00	1.352970e-04	7.409414e-10	8.269228e-04	0.000000e+00	0.000000e+00	0.000000e+00	
1.750000e+00	2.034148e+11	3.715866e+04	2.034148e-04	1.162389e+02	3.745918e-03	1.839745e+01	2.905138e-01	0.000000e+00	0.000000e+00	0.000000e+00	1.353749e-04	7.409303e-10	8.269325e-04	0.000000e+00	0.000000e+00	0.000000e+00	
1.800000e+00	2.092266e+11	3.778323e+04	2.092266e-04	1.162389e+02	3.852943e-03	1.839745e+01	2.903105e-01	0.000000e+00	0.000000e+00	0.000000e+00	1.354486e-04	7.409237e-10	8.269417e-04	0.000000e+00	0.000000e+00	0.000000e+00	
1.850000e+00	2.150383e+11	3.840922e+04	2.150383e-04	1.162389e+02	3.959967e-03	1.839745e+01	2.901297e-01	0.000000e+00	0.000000e+00	0.000000e+00	1.355186e-04	7.409209e-10	8.269506e-04	0.000000e+00	0.000000e+00	0.000000e+00	
1.900000e+00	2.208501e+11	3.903650e+04	2.208501e-04	1.162389e+02	4.066992e-03	1.839745e+01	2.899683e-01	0.000000e+00	0.000000e+00	0.000000e+00	1.355854e-04	7.409215e-10	8.269593e-04	0.000000e+00	0.000000e+00	0.000000e+00	
1.950000e+00	2.266618e+11	3.966499e+04	2.266618e-04	1.162389e+02	4.174016e-03	1.839745e+01	2.898237e-01	0.000000e+00	0.000000e+00	0.000000e+00	1.356491e-04	7.409248e-10	8.269677e-04	0.000000e+00	0.000000e+00	0.000000e+00	
2.000000e+00	2.324735e+11	4.029459e+04	2.324735e-04	1.162389e+02	4.281041e-03	1.839745e+01	2.896938e-01	0.000000e+00	0.000000e+00	0.000000e+00	1.357101e-04	7.409300e-10	8.269759e-04	0.000000e+00	0.000000e+00	0.000000e+00	
2.050000e+00	2.382853e+11	4.092522e+04	2.382853e-04	1.162389e+02	4.388065e-03	1.839745e+01	2.895768e-01	0.000000e+00	0.000000e+00	0.000000e+00	1.357685e-04	7.409370e-10	8.269839e-04	0.000000e+00	0.000000e+00	0.000000e+00	
2.100000e+00	2.440970e+11	4.155683e+04	2.440970e-04	1.162389e+02	4.495089e-03	1.839745e+01	2.894710e-01	0.000000e+00	0.000000e+00	0.000000e+00	1.358246e-04	7.409451e-10	8.269917e-04	0.000000e+00	0.000000e+00	0.000000e+00	
2.150000e+00	2.499087e+11	4.218935e+04	2.499087e-04	1.162389e+02	4.602113e-03	1.839745e+01	2.893751e-01	0.000000e+00	0.000000e+00	0.000000e+00	1.358786e-04	7.409542e-10	8.269993e-04	0.000000e+00	0.000000e+00	0.000000e+00	
2.200000e+00	2.557204e+11	4.282271e+04	2.557204e-04	1.162389e+02	4.709137e-03	1.839745e+01	2.892881e-01	0.000000e+00	0.000000e+00	0.000000e+00	1.359305e-04	7.409641e-10	8.270066e-04	0.000000e+00	0.000000e+00	0.000000e+00	
2.250000e+00	2.615321e+11	4.345687e+04	2.615321e-04	1.162389e+02	4.816161e-03	1.839745e+01	2.892088e-01	0.000000e+00	0.000000e+00	0.000000e+00	1.359806e-04	7.409745e-10	8.270138e-04	0.000000e+00	0.000000e+00	0.000000e+00	
2.300000e+00	2.673438e+11	5.336015e+04	2.673438e-04	1.162389e+02	4.923184e-03	1.839745e+01	2.987727e-01	0.000000e+00	0.000000e+00	0.000000e+00	1.360289e-04	7.409853e-10	8.270208e-04	0.000000e+00	0.000000e+00	0.000000e+00	
2.350000e+00	2.731555e+11	5.421130e+04	2.731555e-04	1.162389e+02	5.030210e-03	1.839745e+01	2.987209e-01	0.000000e+00	0.000000e+00	0.000000e+00	1.363155e-04	7.435380e-10	8.271494e-04	0.000000e+00	0.000000e+00	0.000000e+00	
2.400000e+00	2.789672e+11	5.506313e+04	2.789672e-04	1.162389e+02	5.137233e-03	1.839745e+01	2.986742e-01	0.000000e+00	0.000000e+00	0.000000e+00	1.363611e-04	7.435542e-10	8.271563e-04	0.000000e+00	0.000000e+00	0.000000e+00	
2.450000e+00	2.847788e+11	5.591558e+04	2.847788e-04	1.162389e+02	5.244257e-03	1.839745e+01	2.986319e-01	0.000000e+00	0.000000e+00	0.000000e+00	1.364051e-04	7.435703e-10	8.271630e-04	0.000000e+00	0.000000e+00	0.000000e+00	
2.500000e+00	2.905905e+11	4.663811e+04	2.905905e-04	1.162389e+02	5.351280e-03	1.839745e+01	2.889037e-01	0.000000e+00	0.000000e+00	0.000000e+00	1.364478e-04	7.435862e-10	8.271695e-04	0.000000e+00	0.000000e+00	0.000000e+00	
2.550000e+00	2.964022e+11	5.762226e+04	2.964022e-04	1.162389e+02	5.458301e-03	1.839745e+01	2.985588e-01	0.000000e+00	0.000000e+00	0.000000e+00	1.362473e-04	7.410417e-10	8.270532e-04	0.000000e+00	0.000000e+00	0.000000e+00	
2.600000e+00	3.022139e+11	5.847641e+04	3.022139e-04	1.162389e+02	5.565327e-03	1.839745e+01	2.985273e-01	0.000000e+00	0.000000e+00	0.000000e+00	1.365291e-04	7.436174e-10	8.271820e-04	0.000000e+00	0.000000e+00	0.000000e+00	
2.650000e+00	3.080255e+11	5.933109e+04	3.080255e-04	1.162389e+02	5.672350e-03	1.839745e+01	2.984987e-01	0.000000e+00	0.000000e+00	0.000000e+00	1.365679e-04	7.436326e-10	8.271881e-04	0.000000e+00	0.000000e+00	0.000000e+00	
2.700000e+00	3.138372e+11	4.838334e+04	3.138372e-04	1.162389e+02	5.779373e-03	1.839745e+01	2.751039e-01	0.000000e+00	0.000000e+00	0.000000e+00	1.366056e-04	7.436476e-10	8.271940e-04	0.000000e+00	0.000000e+00	0.000000e+00	
2.750000e+00	3.196488e+11	4.983367e+04	3.196488e-04	1.162389e+02	5.885906e-03	1.839745e+01	2.887030e-01	0.000000e+00	0.000000e+00	0.000000e+00	6.586039e-05	7.351142e-10	8.149470e-04	0.000000e+00	0.000000e+00	0.000000e+00	
2.800000e+00	3.254605e+11	4.964966e+04	3.254605e-04	1.162389e+02	5.993416e-03	1.839745e+01	2.750430e-01	0.000000e+00	0.000000e+00	0.000000e+00	1.364341e-04	7.410970e-10	8.270817e-04	0.000000e+00	0.000000e+00	0.000000e+00	
2.850000e+00	3.312721e+11	7.405379e+04	3.312721e-04	1.162389e+02	6.099933e-03	1.839745e+01	3.059176e-01	0.000000e+00	0.000000e+00	0.000000e+00	6.583675e-05	7.351313e-10	8.149419e-04	0.000000e+00	0.000000e+00	0.000000e+00	
2.900000e+00	3.370837e+11	7.480832e+04	3.370837e-04	1.162389e+02	6.207466e-03	1.839745e+01	3.044638e-01	0.000000e+00	0.000000e+00	0.000000e+00	1.370503e-04	7.452382e-10	8.273325e-04	0.000000e+00	0.000000e+00	0.000000e+00	
2.950000e+00	3.428953e+11	7.523398e+04	3.428953e-04	1.162389e+02	6.314489e-03	1.839745e+01	3.011942e-01	0.000000e+00	0.000000e+00	0.000000e+00	1.371230e-04	7.447541e-10	8.273348e-04	0.000000e+00	0.000000e+00	0.000000e+00	
3.000000e+00	3.487070e+11	7.569418e+04	3.487070e-04	1.162389e+02	6.421512e-03	1.839745e+01	2.990007e-01	0.000000e+00	0.000000e+00	0.000000e+00	1.372401e-04	7.435255e-10	8.273327e-04	0.000000e+00	0.000000e+00	0.000000e+00	
3.050000e+00	3.545186e+11	7.617937e+04	3.545186e-04	1.162389e+02	6.528534e-03	1.839745e+01	2.974185e-01	0.000000e+00	0.000000e+00	0.000000e+00	1.373247e-04	7.429025e-10	8.273334e-04	0.000000e+00	0.000000e+00	0.000000e+00	
3.100000e+00	3.603302e+11	7.668355e+04	3.603302e-04	1.162389e+02	6.635557e-03	1.839745e+01	2.962198e-01	0.000000e+00	0.000000e+00	0.000000e+00	1.373851e-04	7.426238e-10	8.273361e-04	0.000000e+00	0.000000e+00	0.000000e+00	
3.150000e+00	3.661418e+11	7.720271e+04	3.661418e-04	1.162389e+02	6.742579e-03	1.839745e+01	2.952788e-01	0.000000e+00	0.000000e+00	0.000000e+00	1.374277e-04	7.424152e-10	8.273362e-04	0.000000e+00	0.000000e+00	0.000000e+00	
3.200000e+00	3.719534e+11	5.290132e+04	3.719534e-04	1.162389e+02	6.849601e-03	1.839745e+01	2.684032e-01	0.000000e+00	0.000000e+00	0.000000e+00	1.374575e-04	7.422134e-10	8.273346e-04	0.000000e+00	0.000000e+00	0.000000e+00	
3.250000e+00	3.777650e+11	6.751835e+04	3.777650e-04	1.162389e+02	6.956038e-03	1.839745e+01	2.914645e-01	0.000000e+00	0.000000e+00	0.000000e+00	6.590861e-05	7.331217e-10	8.149089e-04	0.000000e+00	0.000000e+00	0.000000e+00	
3.300000e+00	3.835766e+11	5.575071e+04	3.835766e-04	1.162389e+02	7.063641e-03	1.839745e+01	2.832164e-01	0.000000e+00	0.000000e+00	0.000000e+00	1.371240e-04	7.416195e-10	8.272333e-04	0.000000e+00	0.000000e+00	0.000000e+00	
3.350000e+00	3.893881e+11	6.949375e+04	3.893881e-04	1.162389e+02	7.170629e-03	1.839745e+01	2.941213e-01	0.000000e+00	0.000000e+00	0.000000e+00	1.331968e-04	7.384042e-10	8.264845e-04	0.000000e+00	0.000000e+00	0.000000e+00	
3.400000e+00	3.951997e+11	8.400422e+04	3.951997e-04	1.162389e+02	7.277652e-03	1.839745e+01	3.025245e-01	0.000000e+00	0.000000e+00	0.000000e+00	1.334349e-04	7.420794e-10	8.266154e-04	0.000000e+00	0.000000e+00	0.000000e+00	
3.450000e+00	4.010113e+11	9.859619e+04	4.010113e-04	1.162389e+02	7.384676e-03	1.839745e+01	3.091271e-01	0.000000e+00	0.000000e+00	0.000000e+00	1.337469e-04	7.442077e-10	8.267418e-04	0.000000e+00	0.000000e+00	0.000000e+00	
3.500000e+00	4.068228e+11	1.132895e+05	4.068228e-04	1.162389e+02	7.491701e-03	1.839745e+01	3.145643e-01	0.000000e+00	0.000000e+00	0.000000e+00	1.341055e-04	7.455941e-10	8.268642e-04	0.000000e+00	0.000000e+00	0.000000e+00	
3.550000e+00	4.126344e+11	1.280980e+05	4.126344e-04	1.162389e+02	7.598725e-03	1.839745e+01	3.191810e-01	0.000000e+00	0.000000e+00	0.000000e+00	1.344942e-04	7.465326e-10	8.269823e-04	0.000000e+00	0.000000e+00	0.000000e+00	
3.600000e+00	4.184460e+11	1.430316e+05	4.184460e-04	1.162389e+02	7.705750e-03	1.839745e+01	3.231870e-01	0.000000e+00	0.000000e+00	0.000000e+00	1.349010e-04	7.473168e-10	8.271001e-04	0.000000e+00	0.000000e+00	0.000000e+00	
3.650000e+00	4.242575e+11	1.580982e+05	4.242575e-04	1.162389e+02	7.812775e-03	1.839745e+01	3.267201e-01	0.000000e+00	0.000000e+00	0.000000e+00	1.353168e-04	7.479833e-10	8.272161e-04	0.000000e+00	0.000000e+00	0.000000e+00	
3.700000e+00	4.300690e+11	1.733038e+05	4.300690e-04	1.162389e+02	7.919800e-03	1.839745e+01	3.298761e-01	0.000000e+00	0.000000e+00	0.000000e+00	1.357352e-04	7.485210e-10	8.273295e-04	0.000000e+00	0.000000e+00	0.000000e+00	
3.750000e+00	4.358806e+11	1.886532e+05	4.358806e-04	1.162389e+02	8.026824e-03	1.839745e+01	3.327243e-01	0.000000e+00	0.000000e+00	0.000000e+00	1.361517e-04	7.490008e-10	8.274399e-04	0.000000e+00	0.000000e+00	0.000000e+00	
3.800000e+00	4.416921e+11	2.041505e+05	4.416921e-04	1.162389e+02	8.133849e-03	1.839745e+01	3.353166e-01	0.000000e+00	0.000000e+00	0.000000e+00	1.365629e-04	7.493872e-10	8.275468e-04	0.000000e+00	0.000000e+00	0.000000e+00	
3.850000e+00	4.475036e+11	2.197989e+05	4.475036e-04	1.162389e+02	8.240874e-03	1.839745e+01	3.376931e-01	0.000000e+00	0.000000e+00	0.000000e+00	1.369666e-04	7.497015e-10	8.276502e-04	0.000000e+00	0.000000e+00	0.000000e+00	
3.900000e+00	4.533152e+11	2.475160e+05	4.533152e-04	1.162389e+02	8.347898e-03	1.839745e+01	3.424742e-01	0.000000e+00	0.000000e+00	0.000000e+00	1.373612e-04	7.499588e-10	8.277501e-04	0.000000e+00	0.000000e+00	0.000000e+00	
3.950000e+00	4.591267e+11	2.755085e+05	4.591267e-04	1.162389e+02	8.454926e-03	1.839745e+01	3.468910e-01	0.000000e+00	0.000000e+00	0.000000e+00	1.380945e-04	7.505295e-10	8.279395e-04	0.000000e+00	0.000000e+00	0.000000e+00	
4.000000e+00	4.649382e+11	3.045938e+05	4.649382e-04	1.162389e+02	8.561954e-03	1.839745e+01	3.512979e-01	0.000000e+00	0.000000e+00	0.000000e+00	1.388117e-04	7.510169e-10	8.281228e-04	0.000000e+00	0.000000e+00	0.000000e+00	
4.050000e+00	4.707497e+11	3.206183e+05	4.707497e-04	1.162389e+02	8.668982e-03	1.839745e+01	3.534689e-01	0.000000e+00	0.000000e+00	0.000000e+00	1.395289e-04	7.514775e-10	8.283059e-04	0.000000e+00	0.000000e+00	0.000000e+00	
4.100000e+00	4.765612e+11	3.494947e+05	4.765612e-04	1.162389e+02	8.776007e-03	1.839745e+01	3.570664e-01	0.000000e+00	0.000000e+00	0.000000e+00	1.398984e-04	7.517231e-10	8.283993e-04	0.000000e+00	0.000000e+00	0.000000e+00	
4.150000e+00	4.823727e+11	3.786625e+05	4.823727e-04	1.162389e+02	8.883034e-03	1.839745e+01	3.604338e-01	0.000000e+00	0.000000e+00	0.000000e+00	1.405703e-04	7.520009e-10	8.285667e-04	0.000000e+00	0.000000e+00	0.000000e+00	
4.200000e+00	4.881842e+11	4.081246e+05	4.881842e-04	1.162389e+02	8.990062e-03	1.839745e+01	3.635949e-01	0.000000e+00	0.000000e+00	0.000000e+00	1.412211e-04	7.522267e-10	8.287280e-04	0.000000e+00	0.000000e+00	0.000000e+00	
4.250000e+00	4.939956e+11	4.378838e+05	4.939956e-04	1.162389e+02	9.097089e-03	1.839745e+01	3.665711e-01	0.000000e+00	0.000000e+00	0.000000e+00	1.418510e-04	7.524089e-10	8.288833e-04	0.000000e+00	0.000000e+00	0.000000e+00	
4.300000e+00	4.998071e+11	4.551215e+05	4.998071e-04	1.162389e+02	9.204117e-03	1.839745e+01	3.680649e-01	0.000000e+00	0.000000e+00	0.000000e+00	1.424601e-04	7.525542e-10	8.290329e-04	0.000000e+00	0.000000e+00	0.000000e+00	
4.350000e+00	5.056186e+11	4.724950e+05	5.056186e-04	1.162389e+02	9.311140e-03	1.839745e+01	3.694762e-01	0.000000e+00	0.000000e+00	0.000000e+00	1.427694e-04	7.526401e-10	8.291083e-04	0.000000e+00	0.000000e+00	0.000000e+00	
4.400000e+00	5.114301e+11	4.900055e+05	5.114301e-04	1.162389e+02	9.418164e-03	1.839745e+01	3.708131e-01	0.000000e+00	0.000000e+00	0.000000e+00	1.430685e-04	7.527119e-10	8.291811e-04	0.000000e+00	0.000000e+00	0.000000e+00	
4.450000e+00	5.172415e+11	5.076540e+05	5.172415e-04	1.162389e+02	9.525187e-03	1.839745e+01	3.720823e-01	0.000000e+00	0.000000e+00	0.000000e+00	1.433577e-04	7.527714e-10	8.292513e-04	0.000000e+00	0.000000e+00	0.000000e+00	
4.500000e+00	5.230530e+11	5.254413e+05	5.230530e-04	1.162389e+02	9.632211e-03	1.839745e+01	3.732899e-01	0.000000e+00	0.000000e+00	0.000000e+00	1.436374e-04	7.528197e-10	8.293190e-04	0.000000e+00	0.000000e+00	0.000000e+00	
4.550000e+00	5.288644e+11	5.433682e+05	5.288644e-04	1.162389e+02	9.739234e-03	1.839745e+01	3.744413e-01	0.000000e+00	0.000000e+00	0.000000e+00	1.439078e-04	7.528575e-10	8.293841e-04	0.000000e+00	0.000000e+00	0.000000e+00	
4.600000e+00	5.346759e+11	5.614354e+05	5.346759e-04	1.162389e+02	9.846257e-03	1.839745e+01	3.755410e-01	0.000000e+00	0.000000e+00	0.000000e+00	1.441692e-04	7.528864e-10	8.294469e-04	0.000000e+00	0.000000e+00	0.000000e+00	
4.650000e+00	5.404873e+11	5.652076e+05	5.404873e-04	1.162389e+02	9.953280e-03	1.839745e+01	3.751603e-01	0.000000e+00	0.000000e+00	0.000000e+00	1.444220e-04	7.529073e-10	8.295074e-04	0.000000e+00	0.000000e+00	0.000000e+00	
4.700000e+00	5.462987e+11	5.833596e+05	5.462987e-04	1.162389e+02	1.006030e-02	1.839745e+01	3.761648e-01	0.000000e+00	0.000000e+00	0.000000e+00	1.443678e-04	7.528770e-10	8.294923e-04	0.000000e+00	0.000000e+00	0.000000e+00	
4.750000e+00	5.521102e+11	6.164851e+05	5.521102e-04	1.162389e+02	1.016732e-02	1.839745e+01	3.785703e-01	0.000000e+00	0.000000e+00	0.000000e+00	1.446034e-04	7.528850e-10	8.295484e-04	0.000000e+00	0.000000e+00	0.000000e+00	
4.800000e+00	5.579216e+11	6.499130e+05	5.579216e-04	1.162389e+02	1.027435e-02	1.839745e+01	3.808613e-01	0.000000e+00	0.000000e+00	0.000000e+00	1.451319e-04	7.529323e-10	8.296766e-04	0.000000e+00	0.000000e+00	0.000000e+00	
4.850000e+00	5.637330e+11	6.836449e+05	5.637330e-04	1.162389e+02	1.038137e-02	1.839745e+01	3.830476e-01	0.000000e+00	0.000000e+00	0.000000e+00	1.456428e-04	7.529614e-10	8.298001e-04	0.000000e+00	0.000000e+00	0.000000e+00	
4.900000e+00	5.695444e+11	7.012451e+05	5.695444e-04	1.162389e+02	1.048840e-02	1.839745e+01	3.819581e-01	0.000000e+00	0.000000e+00	0.000000e+00	1.461368e-04	7.529747e-10	8.299191e-04	0.000000e+00	0.000000e+00	0.000000e+00	
4.950000e+00	5.753558e+11	7.190494e+05	5.753558e-04	1.162389e+02	1.059542e-02	1.839745e+01	3.811032e-01	0.000000e+00	0.000000e+00	0.000000e+00	1.462422e-04	7.524657e-10	8.299315e-04	0.000000e+00	0.000000e+00	0.000000e+00	
5.000000e+00	5.811672e+11	7.370529e+05	5.811672e-04	1.162389e+02	1.070244e-02	1.839745e+01	3.804337e-01	0.000000e+00	0.000000e+00	0.000000e+00	1.463336e-04	7.520478e-10	8.299428e-04	0.000000e+00	0.000000e+00	0.000000e+00	
5.050000e+00	5.869786e+11	7.560134e+05	5.869786e-04	1.162389e+02	1.080946e-02	1.839745e+01	3.799695e-01	0.000000e+00	0.000000e+00	0.000000e+00	1.464142e-04	7.516986e-10	8.299533e-04	0.000000e+00	0.000000e+00	0.000000e+00	
5.100000e+00	5.927900e+11	7.762061e+05	5.927900e-04	1.162389e+02	1.091648e-02	1.839745e+01	3.798962e-01	0.000000e+00	0.000000e+00	0.000000e+00	1.464996e-04	7.514020e-10	8.299665e-04	0.000000e+00	0.000000e+00	0.000000e+00	
5.150000e+00	5.986014e+11	7.966003e+05	5.986014e-04	1.162389e+02	1.102350e-02	1.839745e+01	3.798821e-01	0.000000e+00	0.000000e+00	0.000000e+00	1.465985e-04	7.511925e-10	8.299855e-04	0.000000e+00	0.000000e+00	0.000000e+00	
5.200000e+00	6.044128e+11	8.171944e+05	6.044128e-04	1.162389e+02	1.113052e-02	1.839745e+01	3.799192e-01	0.000000e+00	0.000000e+00	0.000000e+00	1.466932e-04	7.510086e-10	8.300041e-04	0.000000e+00	0.000000e+00	0.000000e+00	
5.250000e+00	6.102241e+11	8.379871e+05	6.102241e-04	1.162389e+02	1.123754e-02	1.839745e+01	3.800001e-01	0.000000e+00	0.000000e+00	0.000000e+00	1.467847e-04	7.508458e-10	8.300226e-04	0.000000e+00	0.000000e+00	0.000000e+00	
5.300000e+00	6.160355e+11	8.579024e+05	6.160355e-04	1.162389e+02	1.134456e-02	1.839745e+01	3.798450e-01	0.000000e+00	0.000000e+00	0.000000e+00	1.468733e-04	7.506999e-10	8.300409e-04	0.000000e+00	0.000000e+00	0.000000e+00	
5.350000e+00	6.218469e+11	8.788442e+05	6.218469e-04	1.162389e+02	1.145158e-02	1.839745e+01	3.798201e-01	0.000000e+00	0.000000e+00	0.000000e+00	1.469397e-04	7.505196e-10	8.300529e-04	0.000000e+00	0.000000e+00	0.000000e+00	
5.400000e+00	6.276582e+11	8.991536e+05	6.276582e-04	1.162389e+02	1.155860e-02	1.839745e+01	3.797904e-01	0.000000e+00	0.000000e+00	0.000000e+00	1.470167e-04	7.503563e-10	8.300680e-04	0.000000e+00	0.000000e+00	0.000000e+00	
5.450000e+00	6.334696e+11	9.196529e+05	6.334696e-04	1.162389e+02	1.166562e-02	1.839745e+01	3.798064e-01	0.000000e+00	0.000000e+00	0.000000e+00	1.470782e-04	7.502067e-10	8.300798e-04	0.000000e+00	0.000000e+00	0.000000e+00	
5.500000e+00	6.392809e+11	9.403406e+05	6.392809e-04	1.162389e+02	1.177264e-02	1.839745e+01	3.798603e-01	0.000000e+00	0.000000e+00	0.000000e+00	1.471381e-04	7.500696e-10	8.300918e-04	0.000000e+00	0.000000e+00	0.000000e+00	
5.550000e+00	6.450922e+11	9.690873e+05	6.450922e-04	1.162389e+02	1.187966e-02	1.839745e+01	3.801737e-01	0.000000e+00	0.000000e+00	0.000000e+00	1.471968e-04	7.499460e-10	8.301041e-04	0.000000e+00	0.000000e+00	0.000000e+00	
5.600000e+00	6.509036e+11	9.901419e+05	6.509036e-04	1.162389e+02	1.198668e-02	1.839745e+01	3.802805e-01	0.000000e+00	0.000000e+00	0.000000e+00	1.473037e-04	7.498165e-10	8.301283e-04	0.000000e+00	0.000000e+00	0.000000e+00	
5.650000e+00	6.567149e+11	1.010482e+06	6.567149e-04	1.162389e+02	1.209370e-02	1.839745e+01	3.804448e-01	0.000000e+00	0.000000e+00	0.000000e+00	1.473594e-04	7.497150e-10	8.301406e-04	0.000000e+00	0.000000e+00	0.000000e+00	
5.700000e+00	6.625262e+11	1.027764e+06	6.625262e-04	1.162389e+02	1.220072e-02	1.839745e+01	3.805250e-01	0.000000e+00	0.000000e+00	0.000000e+00	1.474243e-04	7.496174e-10	8.301556e-04	0.000000e+00	0.000000e+00	0.000000e+00	
5.750000e+00	6.683375e+11	1.030220e+06	6.683375e-04	1.162389e+02	1.230774e-02	1.839745e+01	3.800119e-01	0.000000e+00	0.000000e+00	0.000000e+00	1.474684e-04	7.495204e-10	8.301660e-04	0.000000e+00	0.000000e+00	0.000000e+00	
5.800000e+00	6.741489e+11	1.050586e+06	6.741489e-04	1.162389e+02	1.241475e-02	1.839745e+01	3.806851e-01	0.000000e+00	0.000000e+00	0.000000e+00	1.473688e-04	7.494776e-10	8.301420e-04	0.000000e+00	0.000000e+00	0.000000e+00	
5.850000e+00	6.799602e+11	1.073846e+06	6.799602e-04	1.162389e+02	1.252177e-02	1.839745e+01	3.813012e-01	0.000000e+00	0.000000e+00	0.000000e+00	1.474350e-04	7.495324e-10	8.301615e-04	0.000000e+00	0.000000e+00	0.000000e+00	
5.900000e+00	6.857715e+11	1.097289e+06	6.857715e-04	1.162389e+02	1.262879e-02	1.839745e+01	3.818534e-01	0.000000e+00	0.000000e+00	0.000000e+00	1.475118e-04	7.495417e-10	8.301823e-04	0.000000e+00	0.000000e+00	0.000000e+00	
5.950000e+00	6.915827e+11	1.119948e+06	6.915827e-04	1.162389e+02	1.273581e-02	1.839745e+01	3.822967e-01	0.000000e+00	0.000000e+00	0.000000e+00	1.475907e-04	7.495281e-10	8.302031e-04	0.000000e+00	0.000000e+00	0.000000e+00	
6.000000e+00	6.973940e+11	1.142783e+06	6.973940e-04	1.162389e+02	1.284283e-02	1.839745e+01	3.827123e-01	0.000000e+00	0.000000e+00	0.000000e+00	1.476563e-04	7.495073e-10	8.302205e-04	0.000000e+00	0.000000e+00	0.000000e+00	
6.050000e+00	7.032053e+11	1.165796e+06	7.032053e-04	1.162389e+02	1.294985e-02	1.839745e+01	3.831078e-01	0.000000e+00	0.000000e+00	0.000000e+00	1.477231e-04	7.494825e-10	8.302380e-04	0.000000e+00	0.000000e+00	0.000000e+00	
6.100000e+00	7.090166e+11	1.188985e+06	7.090166e-04	1.162389e+02	1.305687e-02	1.839745e+01	3.834880e-01	0.000000e+00	0.000000e+00	0.000000e+00	1.477907e-04	7.494553e-10	8.302556e-04	0.000000e+00	0.000000e+00	0.000000e+00	
6.150000e+00	7.148279e+11	1.211025e+06	7.148279e-04	1.162389e+02	1.316388e-02	1.839745e+01	3.833405e-01	0.000000e+00	0.000000e+00	0.000000e+00	1.478586e-04	7.494260e-10	8.302732e-04	0.000000e+00	0.000000e+00	0.000000e+00	
6.200000e+00	7.206391e+11	1.233246e+06	7.206391e-04	1.162389e+02	1.327090e-02	1.839745e+01	3.832982e-01	0.000000e+00	0.000000e+00	0.000000e+00	1.479137e-04	7.492579e-10	8.302841e-04	0.000000e+00	0.000000e+00	0.000000e+00	
6.250000e+00	7.264504e+11	1.255645e+06	7.264504e-04	1.162389e+02	1.337792e-02	1.839745e+01	3.833214e-01	0.000000e+00	0.000000e+00	0.000000e+00	1.479654e-04	7.491456e-10	8.302952e-04	0.000000e+00	0.000000e+00	0.000000e+00	
6.300000e+00	7.322617e+11	1.278221e+06	7.322617e-04	1.162389e+02	1.348494e-02	1.839745e+01	3.833891e-01	0.000000e+00	0.000000e+00	0.000000e+00	1.480145e-04	7.490608e-10	8.303061e-04	0.000000e+00	0.000000e+00	0.000000e+00	
6.350000e+00	7.380729e+11	1.316643e+06	7.380729e-04	1.162389e+02	1.359195e-02	1.839745e+01	3.843004e-01	0.000000e+00	0.000000e+00	0.000000e+00	1.480618e-04	7.489873e-10	8.303168e-04	0.000000e+00	0.000000e+00	0.000000e+00	
6.400000e+00	7.438842e+11	1.356694e+06	7.438842e-04	1.162389e+02	1.369898e-02	1.839745e+01	3.854654e-01	0.000000e+00	0.000000e+00	0.000000e+00	1.482651e-04	7.489193e-10	8.303664e-04	6.875964e-07	2.801631e-12	3.003047e-06	
6.450000e+00	7.496954e+11	1.410661e+06	7.496954e-04	1.162389e+02	1.380600e-02	1.839745e+01	3.869334e-01	0.000000e+00	0.000000e+00	0.000000e+00	1.484841e-04	7.488988e-10	8.304210e-04	2.155736e-06	8.798018e-12	9.412633e-06	
6.500000e+00	7.555066e+11	1.450213e+06	7.555066e-04	1.162389e+02	1.391302e-02	1.839745e+01	3.877839e-01	0.000000e+00	0.000000e+00	0.000000e+00	1.488208e-04	7.487908e-10	8.305025e-04	5.569238e-06	2.281940e-11	2.430336e-05	
6.550000e+00	7.613179e+11	1.490084e+06	7.613179e-04	1.162389e+02	1.402004e-02	1.839745e+01	3.886159e-01	0.000000e+00	0.000000e+00	0.000000e+00	1.490109e-04	7.487292e-10	8.305486e-04	1.009570e-05	4.147282e-11	4.404096e-05	
6.600000e+00	7.671291e+11	1.530276e+06	7.671291e-04	1.162389e+02	1.412706e-02	1.839745e+01	3.894304e-01	0.000000e+00	0.000000e+00	0.000000e+00	1.491968e-04	7.486729e-10	8.305935e-04	1.584690e-05	6.525598e-11	6.910830e-05	
6.650000e+00	7.729403e+11	1.586520e+06	7.729403e-04	1.162389e+02	1.423408e-02	1.839745e+01	3.908591e-01	0.000000e+00	0.000000e+00	0.000000e+00	1.493785e-04	7.486216e-10	8.306372e-04	2.296400e-05	9.482398e-11	1.001127e-04	
6.700000e+00	7.787515e+11	1.627515e+06	7.787515e-04	1.162389e+02	1.434110e-02	1.839745e+01	3.916431e-01	0.000000e+00	0.000000e+00	0.000000e+00	1.497062e-04	7.485341e-10	8.307159e-04	3.360050e-05	1.395834e-10	1.463842e-04	
6.750000e+00	7.845627e+11	1.624111e+06	7.845627e-04	1.162389e+02	1.444812e-02	1.839745e+01	3.895496e-01	0.000000e+00	0.000000e+00	0.000000e+00	1.498804e-04	7.484922e-10	8.307575e-04	4.620937e-05	1.930541e-10	2.011908e-04	
6.800000e+00	7.903739e+11	1.659583e+06	7.903739e-04	1.162389e+02	1.455513e-02	1.839745e+01	3.896377e-01	0.000000e+00	0.000000e+00	0.000000e+00	1.494347e-04	7.484006e-10	8.306476e-04	6.100204e-05	2.562909e-10	2.654347e-04	
6.850000e+00	7.961851e+11	1.678982e+06	7.961851e-04	1.162389e+02	1.466214e-02	1.839745e+01	3.891147e-01	0.000000e+00	0.000000e+00	0.000000e+00	1.494657e-04	7.483180e-10	8.306538e-04	8.131420e-05	3.445294e-10	3.534981e-04	
6.900000e+00	8.019963e+11	1.698555e+06	8.019963e-04	1.162389e+02	1.476916e-02	1.839745e+01	3.886351e-01	0.000000e+00	0.000000e+00	0.000000e+00	1.493464e-04	7.482885e-10	8.306239e-04	1.045547e-04	4.463245e-10	4.541679e-04	
6.950000e+00	8.078075e+11	1.718299e+06	8.078075e-04	1.162389e+02	1.487617e-02	1.839745e+01	3.881950e-01	0.000000e+00	0.000000e+00	0.000000e+00	1.492331e-04	7.482711e-10	8.305956e-04	1.309771e-04	5.630209e-10	5.685176e-04	
7.000000e+00	8.136187e+11	1.755470e+06	8.136187e-04	1.162389e+02	1.498318e-02	1.839745e+01	3.884846e-01	0.000000e+00	0.000000e+00	0.000000e+00	1.491256e-04	7.482645e-10	8.305688e-04	1.608347e-04	6.959764e-10	6.976189e-04	
7.050000e+00	8.194298e+11	1.799389e+06	8.194298e-04	1.162389e+02	1.509020e-02	1.839745e+01	3.895969e-01	0.000000e+00	0.000000e+00	0.000000e+00	1.491885e-04	7.482302e-10	8.305828e-04	1.992947e-04	8.699939e-10	8.636267e-04	
7.100000e+00	8.252410e+11	1.826033e+06	8.252410e-04	1.162389e+02	1.519722e-02	1.839745e+01	3.899687e-01	0.000000e+00	0.000000e+00	0.000000e+00	1.494086e-04	7.482761e-10	8.306361e-04	2.420522e-04	1.064925e-09	1.048031e-03	
7.150000e+00	8.310522e+11	1.852850e+06	8.310522e-04	1.162389e+02	1.530424e-02	1.839745e+01	3.903240e-01	0.000000e+00	0.000000e+00	0.000000e+00	1.494581e-04	7.483546e-10	8.306480e-04	2.837332e-04	1.254924e-09	1.227796e-03	
7.200000e+00	8.368633e+11	1.881372e+06	8.368633e-04	1.162389e+02	1.541125e-02	1.839745e+01	3.910673e-01	0.000000e+00	0.000000e+00	0.000000e+00	1.495077e-04	7.484310e-10	8.306597e-04	3.243895e-04	1.440230e-09	1.403143e-03	
7.250000e+00	8.426745e+11	1.910064e+06	8.426745e-04	1.162389e+02	1.551827e-02	1.839745e+01	3.917245e-01	0.000000e+00	0.000000e+00	0.000000e+00	1.495737e-04	7.485888e-10	8.306773e-04	3.640694e-04	1.621064e-09	1.574281e-03	
7.300000e+00	8.484856e+11	1.940050e+06	8.484856e-04	1.162389e+02	1.562529e-02	1.839745e+01	3.932819e-01	0.000000e+00	0.000000e+00	0.000000e+00	1.496421e-04	7.487191e-10	8.306945e-04	4.028175e-04	1.797634e-09	1.741403e-03	
7.350000e+00	8.542968e+11	1.952158e+06	8.542968e-04	1.162389e+02	1.573237e-02	1.839745e+01	3.938713e-01	0.000000e+00	0.000000e+00	0.000000e+00	1.534120e-04	7.492375e-10	8.313498e-04	4.406757e-04	1.970130e-09	1.904688e-03	
7.400000e+00	8.601079e+11	1.946833e+06	8.601079e-04	1.162389e+02	1.583939e-02	1.839745e+01	3.938001e-01	0.000000e+00	0.000000e+00	0.000000e+00	1.533693e-04	7.496261e-10	8.313431e-04	4.776831e-04	2.138733e-09	2.064305e-03	
7.450000e+00	8.659190e+11	1.957191e+06	8.659190e-04	1.162389e+02	1.594640e-02	1.839745e+01	3.936671e-01	0.000000e+00	0.000000e+00	0.000000e+00	1.532294e-04	7.499466e-10	8.313102e-04	5.138760e-04	2.303610e-09	2.220412e-03	
7.500000e+00	8.717301e+11	1.985072e+06	8.717301e-04	1.162389e+02	1.605341e-02	1.839745e+01	3.940033e-01	0.000000e+00	0.000000e+00	0.000000e+00	1.531826e-04	7.500738e-10	8.312967e-04	5.492888e-04	2.464917e-09	2.373154e-03	
7.550000e+00	8.775413e+11	2.014137e+06	8.775413e-04	1.162389e+02	1.616043e-02	1.839745e+01	3.943604e-01	0.000000e+00	0.000000e+00	0.000000e+00	1.532459e-04	7.501384e-10	8.313102e-04	5.839534e-04	2.622803e-09	2.522671e-03	
7.600000e+00	8.833524e+11	2.012827e+06	8.833524e-04	1.162389e+02	1.626745e-02	1.839745e+01	3.900017e-01	0.000000e+00	0.000000e+00	0.000000e+00	1.533151e-04	7.501959e-10	8.313252e-04	6.178999e-04	2.777405e-09	2.669093e-03	
7.650000e+00	8.891635e+11	2.010960e+06	8.891635e-04	1.162389e+02	1.637445e-02	1.839745e+01	3.861886e-01	0.000000e+00	0.000000e+00	0.000000e+00	1.529608e-04	7.494735e-10	8.312161e-04	6.511567e-04	2.928853e-09	2.812541e-03	
7.700000e+00	8.949746e+11	2.010275e+06	8.949746e-04	1.162389e+02	1.648146e-02	1.839745e+01	3.828470e-01	0.000000e+00	0.000000e+00	0.000000e+00	1.525929e-04	7.488502e-10	8.311078e-04	6.837504e-04	3.077270e-09	2.953130e-03	
7.750000e+00	9.007857e+11	2.008608e+06	9.007857e-04	1.162389e+02	1.658847e-02	1.839745e+01	3.798303e-01	0.000000e+00	0.000000e+00	0.000000e+00	1.522275e-04	7.483105e-10	8.310032e-04	7.157062e-04	3.222771e-09	3.090968e-03	
7.800000e+00	9.065968e+11	2.006683e+06	9.065968e-04	1.162389e+02	1.669547e-02	1.839745e+01	3.770889e-01	0.000000e+00	0.000000e+00	0.000000e+00	1.518541e-04	7.478934e-10	8.308995e-04	7.470542e-04	3.365490e-09	3.226187e-03	
7.850000e+00	9.124079e+11	2.004073e+06	9.124079e-04	1.162389e+02	1.680248e-02	1.839745e+01	3.745829e-01	0.000000e+00	0.000000e+00	0.000000e+00	1.514788e-04	7.475719e-10	8.307973e-04	7.778290e-04	3.505581e-09	3.358936e-03	
7.900000e+00	9.182189e+11	2.001513e+06	9.182189e-04	1.162389e+02	1.690949e-02	1.839745e+01	3.722879e-01	0.000000e+00	0.000000e+00	0.000000e+00	1.511066e-04	7.473233e-10	8.306977e-04	8.081294e-04	3.643451e-09	3.489649e-03	
7.950000e+00	9.240300e+11	1.999809e+06	9.240300e-04	1.162389e+02	1.701649e-02	1.839745e+01	3.701882e-01	0.000000e+00	0.000000e+00	0.000000e+00	1.507418e-04	7.471334e-10	8.306013e-04	8.380878e-04	3.779645e-09	3.618904e-03	
8.000000e+00	9.298411e+11	1.997351e+06	9.298411e-04	1.162389e+02	1.712350e-02	1.839745e+01	3.682332e-01	0.000000e+00	0.000000e+00	0.000000e+00	1.503882e-04	7.469913e-10	8.305086e-04	8.676696e-04	3.914034e-09	3.746546e-03	
8.050000e+00	9.356521e+11	1.995765e+06	9.356521e-04	1.162389e+02	1.723050e-02	1.839745e+01	3.664309e-01	0.000000e+00	0.000000e+00	0.000000e+00	1.500414e-04	7.468886e-10	8.304184e-04	8.971816e-04	4.047870e-09	3.873915e-03	
8.100000e+00	9.414632e+11	1.962374e+06	9.414632e-04	1.162389e+02	1.733751e-02	1.839745e+01	3.593247e-01	0.000000e+00	0.000000e+00	0.000000e+00	1.497073e-04	7.468185e-10	8.303319e-04	9.264837e-04	4.180602e-09	4.000395e-03	
8.150000e+00	9.472742e+11	1.961533e+06	9.472742e-04	1.162389e+02	1.744451e-02	1.839745e+01	3.577672e-01	0.000000e+00	0.000000e+00	0.000000e+00	1.489861e-04	7.458534e-10	8.301258e-04	9.552893e-04	4.311076e-09	4.124734e-03	
8.200000e+00	9.530853e+11	1.960749e+06	9.530853e-04	1.162389e+02	1.755151e-02	1.839745e+01	3.563074e-01	0.000000e+00	0.000000e+00	0.000000e+00	1.486753e-04	7.458272e-10	8.300461e-04	9.836143e-04	4.439364e-09	4.246999e-03	
8.250000e+00	9.588963e+11	1.960018e+06	9.588963e-04	1.162389e+02	1.765852e-02	1.839745e+01	3.549357e-01	0.000000e+00	0.000000e+00	0.000000e+00	1.483749e-04	7.458175e-10	8.299693e-04	1.011474e-03	4.565536e-09	4.367255e-03	
8.300000e+00	9.647074e+11	1.957454e+06	9.647074e-04	1.162389e+02	1.776553e-02	1.839745e+01	3.524304e-01	0.000000e+00	0.000000e+00	0.000000e+00	1.480848e-04	7.458226e-10	8.298955e-04	1.038882e-03	4.689657e-09	4.485567e-03	
8.350000e+00	9.705184e+11	1.954960e+06	9.705184e-04	1.162389e+02	1.787245e-02	1.839745e+01	3.504857e-01	0.000000e+00	0.000000e+00	0.000000e+00	1.440846e-04	7.453918e-10	8.291807e-04	1.065854e-03	4.811791e-09	4.601992e-03	
8.400000e+00	9.763294e+11	1.956209e+06	9.763294e-04	1.162389e+02	1.797946e-02	1.839745e+01	3.500568e-01	0.000000e+00	0.000000e+00	0.000000e+00	1.438058e-04	7.451555e-10	8.291053e-04	1.092402e-03	4.931999e-09	4.716589e-03	
8.450000e+00	9.821404e+11	1.955652e+06	9.821404e-04	1.162389e+02	1.808647e-02	1.839745e+01	3.489634e-01	0.000000e+00	0.000000e+00	0.000000e+00	1.435536e-04	7.454488e-10	8.290476e-04	1.118538e-03	5.050336e-09	4.829410e-03	
8.500000e+00	9.879514e+11	1.955136e+06	9.879514e-04	1.162389e+02	1.819347e-02	1.839745e+01	3.479255e-01	0.000000e+00	0.000000e+00	0.000000e+00	1.433023e-04	7.454838e-10	8.289852e-04	1.144275e-03	5.166859e-09	4.940509e-03	
8.550000e+00	9.937624e+11	1.934915e+06	9.937624e-04	1.162389e+02	1.830048e-02	1.839745e+01	3.504092e-01	0.000000e+00	0.000000e+00	0.000000e+00	1.430601e-04	7.455220e-10	8.289253e-04	1.169624e-03	5.281620e-09	5.049935e-03	
8.600000e+00	9.995734e+11	1.941650e+06	9.995734e-04	1.162389e+02	1.840748e-02	1.839745e+01	3.532479e-01	0.000000e+00	0.000000e+00	0.000000e+00	1.427611e-04	7.465626e-10	8.288794e-04	1.194597e-03	5.394669e-09	5.157735e-03	
8.650000e+00	1.005384e+12	1.948273e+06	1.005384e-03	1.162389e+02	1.851450e-02	1.839745e+01	3.555976e-01	0.000000e+00	0.000000e+00	0.000000e+00	1.427345e-04	7.474339e-10	8.288944e-04	1.219203e-03	5.506054e-09	5.263956e-03	
8.700000e+00	1.011195e+12	1.954801e+06	1.011195e-03	1.162389e+02	1.862151e-02	1.839745e+01	3.575705e-01	0.000000e+00	0.000000e+00	0.000000e+00	1.427339e-04	7.482064e-10	8.289119e-04	1.243453e-03	5.615822e-09	5.368640e-03	
8.750000e+00	1.017006e+12	1.966851e+06	1.017006e-03	1.162389e+02	1.872852e-02	1.839745e+01	3.598059e-01	0.000000e+00	0.000000e+00	0.000000e+00	1.427523e-04	7.488998e-10	8.289308e-04	1.267357e-03	5.724017e-09	5.471829e-03	
8.800000e+00	1.022817e+12	1.955957e+06	1.022817e-03	1.162389e+02	1.883553e-02	1.839745e+01	3.613057e-01	0.000000e+00	0.000000e+00	0.000000e+00	1.429215e-04	7.494975e-10	8.289825e-04	1.290924e-03	5.830681e-09	5.573564e-03	
8.850000e+00	1.028628e+12	1.944397e+06	1.028628e-03	1.162389e+02	1.894255e-02	1.839745e+01	3.625699e-01	0.000000e+00	0.000000e+00	0.000000e+00	1.429901e-04	7.500601e-10	8.290070e-04	1.314163e-03	5.935855e-09	5.673884e-03	
8.900000e+00	1.034439e+12	1.955830e+06	1.034439e-03	1.162389e+02	1.904956e-02	1.839745e+01	3.641314e-01	0.000000e+00	0.000000e+00	0.000000e+00	1.430567e-04	7.505534e-10	8.290293e-04	1.337083e-03	6.039578e-09	5.772825e-03	
8.950000e+00	1.040250e+12	1.945389e+06	1.040250e-03	1.162389e+02	1.915658e-02	1.839745e+01	3.662506e-01	0.000000e+00	0.000000e+00	0.000000e+00	1.432323e-04	7.509251e-10	8.290770e-04	1.359691e-03	6.141888e-09	5.870423e-03	
9.000000e+00	1.046061e+12	1.956523e+06	1.046061e-03	1.162389e+02	1.926367e-02	1.839745e+01	3.675197e-01	0.000000e+00	0.000000e+00	0.000000e+00	1.470164e-04	7.517607e-10	8.297398e-04	1.381996e-03	6.242821e-09	5.966712e-03	
9.050000e+00	1.051872e+12	1.909857e+06	1.051872e-03	1.162389e+02	1.937069e-02	1.839745e+01	3.659468e-01	0.000000e+00	0.000000e+00	0.000000e+00	1.471877e-04	7.520438e-10	8.297844e-04	1.404005e-03	6.342412e-09	6.061726e-03	
9.100000e+00	1.057683e+12	1.827243e+06	1.057683e-03	1.162389e+02	1.947769e-02	1.839745e+01	3.610562e-01	0.000000e+00	0.000000e+00	0.000000e+00	1.468412e-04	7.521882e-10	8.296986e-04	1.425726e-03	6.440694e-09	6.155496e-03	
9.150000e+00	1.063494e+12	1.769090e+06	1.063494e-03	1.162389e+02	1.958468e-02	1.839745e+01	3.570352e-01	0.000000e+00	0.000000e+00	0.000000e+00	1.460613e-04	7.518597e-10	8.294963e-04	1.447166e-03	6.537700e-09	6.248052e-03	
9.200000e+00	1.069305e+12	1.651075e+06	1.069305e-03	1.162389e+02	1.969168e-02	1.839745e+01	3.503755e-01	0.000000e+00	0.000000e+00	0.000000e+00	1.454129e-04	7.515619e-10	8.293288e-04	1.468332e-03	6.633461e-09	6.339425e-03	
9.250000e+00	1.075116e+12	1.557398e+06	1.075116e-03	1.162389e+02	1.979866e-02	1.839745e+01	3.440472e-01	0.000000e+00	0.000000e+00	0.000000e+00	1.442428e-04	7.511945e-10	8.290316e-04	1.489230e-03	6.728007e-09	6.429642e-03	
9.300000e+00	1.080927e+12	1.504861e+06	1.080927e-03	1.162389e+02	1.990556e-02	1.839745e+01	3.419502e-01	0.000000e+00	0.000000e+00	0.000000e+00	1.395545e-04	7.505280e-10	8.281449e-04	1.509866e-03	6.821366e-09	6.518731e-03	
9.350000e+00	1.086738e+12	1.441395e+06	1.086738e-03	1.162389e+02	2.001256e-02	1.839745e+01	3.369312e-01	0.000000e+00	0.000000e+00	0.000000e+00	1.392265e-04	7.504334e-10	8.280589e-04	1.530247e-03	6.913567e-09	6.606718e-03	
9.400000e+00	1.092549e+12	1.440612e+06	1.092549e-03	1.162389e+02	2.011955e-02	1.839745e+01	3.363279e-01	0.000000e+00	0.000000e+00	0.000000e+00	1.385933e-04	7.497997e-10	8.278868e-04	1.550379e-03	7.004636e-09	6.693629e-03	
9.450000e+00	1.098360e+12	1.439843e+06	1.098360e-03	1.162389e+02	2.022656e-02	1.839745e+01	3.358032e-01	0.000000e+00	0.000000e+00	0.000000e+00	1.385304e-04	7.497522e-10	8.278688e-04	1.570267e-03	7.094600e-09	6.779489e-03	
9.500000e+00	1.104170e+12	1.441064e+06	1.104170e-03	1.162389e+02	2.033357e-02	1.839745e+01	3.356150e-01	0.000000e+00	0.000000e+00	0.000000e+00	1.384665e-04	7.497294e-10	8.278512e-04	1.589917e-03	7.183484e-09	6.864321e-03	
9.550000e+00	1.109981e+12	1.442292e+06	1.109981e-03	1.162389e+02	2.044057e-02	1.839745e+01	3.354316e-01	0.000000e+00	0.000000e+00	0.000000e+00	1.384230e-04	7.497621e-10	8.278403e-04	1.609334e-03	7.271311e-09	6.948148e-03	
9.600000e+00	1.115792e+12	1.445552e+06	1.115792e-03	1.162389e+02	2.054758e-02	1.839745e+01	3.355846e-01	0.000000e+00	0.000000e+00	0.000000e+00	1.383809e-04	7.497930e-10	8.278297e-04	1.628524e-03	7.358106e-09	7.030993e-03	
9.650000e+00	1.121603e+12	1.484669e+06	1.121603e-03	1.162389e+02	2.065459e-02	1.839745e+01	3.391298e-01	0.000000e+00	0.000000e+00	0.000000e+00	1.383591e-04	7.498797e-10	8.278258e-04	1.647491e-03	7.443891e-09	7.112877e-03	
9.700000e+00	1.127414e+12	5.189464e+08	1.127414e-03	1.162389e+02	2.076161e-02	1.839745e+01	5.358745e+00	0.000000e+00	0.000000e+00	0.000000e+00	1.387571e-04	7.505054e-10	8.279364e-04	1.666240e-03	7.528687e-09	7.193821e-03	
9.750000e+00	1.133225e+12	1.295890e+09	1.133225e-03	1.162389e+02	2.088837e-02	1.839745e+01	1.289226e+01	0.000000e+00	0.000000e+00	0.000000e+00	9.339490e-04	2.172305e-09	9.773604e-04	5.619912e+01	2.946477e-04	2.384257e+02	
9.800000e+00	1.139037e+12	2.177304e+09	1.139037e-03	1.162389e+02	2.102549e-02	1.839745e+01	2.197419e+01	0.000000e+00	0.000000e+00	0.000000e+00	2.132337e-03	4.379927e-09	1.202587e-03	1.984468e+02	1.052432e-03	8.406261e+02	
9.850000e+00	1.144849e+12	3.681808e+09	1.144849e-03	1.162389e+02	2.117093e-02	1.839745e+01	3.770942e+01	0.000000e+00	0.000000e+00	0.000000e+00	3.650692e-03	8.866664e-09	1.480711e-03	4.895582e+02	2.906220e-03	2.134113e+03	
9.900000e+00	1.150662e+12	4.925148e+09	1.150662e-03	1.162389e+02	2.134577e-02	1.839745e+01	5.069894e+01	0.000000e+00	0.000000e+00	0.000000e+00	6.304402e-03	1.719631e-08	1.965785e-03	1.040894e+03	6.801592e-03	4.696739e+03	
9.950000e+00	1.156476e+12	5.443060e+09	1.156476e-03	1.162389e+02	2.151001e-02	1.839745e+01	5.518084e+01	0.000000e+00	0.000000e+00	0.000000e+00	8.504101e-03	2.429866e-08	2.365821e-03	1.787574e+03	1.253737e-02	8.396057e+03	
1.000000e+01	1.162290e+12	6.222061e+09	1.162290e-03	1.162389e+02	2.163561e-02	1.839745e+01	6.233230e+01	0.000000e+00	0.000000e+00	0.000000e+00	9.176862e-03	2.452561e-08	2.491539e-03	2.589713e+03	1.858516e-02	1.232031e+04	
1.005000e+01	1.168104e+12	6.740581e+09	1.168104e-03	1.162389e+02	2.177310e-02	1.839745e+01	6.677026e+01	0.000000e+00	0.000000e+00	0.000000e+00	1.029450e-02	2.590616e-08	2.701540e-03	3.481075e+03	2.515212e-02	1.661014e+04	
1.010000e+01	1.173919e+12	6.736784e+09	1.173919e-03	1.162389e+02	2.189916e-02	1.839745e+01	6.573812e+01	0.000000e+00	0.000000e+00	0.000000e+00	1.096588e-02	2.627344e-08	2.827001e-03	4.429708e+03	3.205119e-02	2.113195e+04	
1.015000e+01	1.179733e+12	6.733070e+09	1.179733e-03	1.162389e+02	2.200115e-02	1.839745e+01	6.475250e+01	0.000000e+00	0.000000e+00	0.000000e+00	1.072316e-02	2.433158e-08	2.778986e-03	5.368096e+03	3.887461e-02	2.560451e+04	
1.020000e+01	1.185548e+12	6.729352e+09	1.185548e-03	1.162389e+02	2.210502e-02	1.839745e+01	6.375865e+01	0.000000e+00	0.000000e+00	0.000000e+00	1.055443e-02	2.246871e-08	2.743978e-03	6.296446e+03	4.562392e-02	3.002883e+04	
1.025000e+01	1.191363e+12	6.725676e+09	1.191363e-03	1.162389e+02	2.220548e-02	1.839745e+01	6.281089e+01	0.000000e+00	0.000000e+00	0.000000e+00	1.025769e-02	2.066713e-08	2.687138e-03	7.214958e+03	5.230063e-02	3.440588e+04	
1.030000e+01	1.197177e+12	6.721994e+09	1.197177e-03	1.162389e+02	2.230958e-02	1.839745e+01	6.185562e+01	0.000000e+00	0.000000e+00	0.000000e+00	1.010142e-02	1.893773e-08	2.654603e-03	8.123827e+03	5.890618e-02	3.873660e+04	
1.035000e+01	1.202992e+12	6.718351e+09	1.202992e-03	1.162389e+02	2.241023e-02	1.839745e+01	6.092791e+01	0.000000e+00	0.000000e+00	0.000000e+00	9.816532e-03	1.726481e-08	2.600129e-03	9.023241e+03	6.544200e-02	4.302190e+04	
1.040000e+01	1.208806e+12	6.714788e+09	1.208806e-03	1.162389e+02	2.251277e-02	1.839745e+01	6.004563e+01	0.000000e+00	0.000000e+00	0.000000e+00	9.604815e-03	1.565358e-08	2.558361e-03	9.913383e+03	7.190946e-02	4.726268e+04	
1.045000e+01	1.214621e+12	6.711218e+09	1.214621e-03	1.162389e+02	2.261722e-02	1.839745e+01	5.917077e+01	0.000000e+00	0.000000e+00	0.000000e+00	9.466243e-03	1.411000e-08	2.529439e-03	1.079443e+04	7.830987e-02	5.145978e+04	
1.050000e+01	1.220435e+12	6.707726e+09	1.220435e-03	1.162389e+02	2.271997e-02	1.839745e+01	5.831699e+01	0.000000e+00	0.000000e+00	0.000000e+00	9.265402e-03	1.262058e-08	2.489979e-03	1.166656e+04	8.464455e-02	5.561406e+04	
1.055000e+01	1.226249e+12	6.704269e+09	1.226249e-03	1.162389e+02	2.282282e-02	1.839745e+01	5.748040e+01	0.000000e+00	0.000000e+00	0.000000e+00	9.070362e-03	1.118432e-08	2.451710e-03	1.252993e+04	9.091474e-02	5.972632e+04	
1.060000e+01	1.232063e+12	6.700845e+09	1.232063e-03	1.162389e+02	2.292577e-02	1.839745e+01	5.666106e+01	0.000000e+00	0.000000e+00	0.000000e+00	8.880526e-03	9.799274e-09	2.414478e-03	1.338472e+04	9.712167e-02	6.379735e+04	
1.065000e+01	1.237878e+12	6.697411e+09	1.237878e-03	1.162389e+02	2.302881e-02	1.839745e+01	5.583629e+01	0.000000e+00	0.000000e+00	0.000000e+00	8.695719e-03	8.463859e-09	2.378256e-03	1.423107e+04	1.032665e-01	6.782792e+04	
1.070000e+01	1.243692e+12	6.694010e+09	1.243692e-03	1.162389e+02	2.313008e-02	1.839745e+01	5.503728e+01	0.000000e+00	0.000000e+00	0.000000e+00	8.448097e-03	7.168728e-09	2.331305e-03	1.506915e+04	1.093504e-01	7.181878e+04	
1.075000e+01	1.249506e+12	6.690641e+09	1.249506e-03	1.162389e+02	2.323328e-02	1.839745e+01	5.425843e+01	0.000000e+00	0.000000e+00	0.000000e+00	8.272674e-03	5.922560e-09	2.296869e-03	1.589910e+04	1.153746e-01	7.577065e+04	
1.080000e+01	1.255320e+12	6.687305e+09	1.255320e-03	1.162389e+02	2.333657e-02	1.839745e+01	5.349764e+01	0.000000e+00	0.000000e+00	0.000000e+00	8.101722e-03	4.723109e-09	2.263366e-03	1.672107e+04	1.213400e-01	7.968424e+04	
1.085000e+01	1.261134e+12	6.683956e+09	1.261134e-03	1.162389e+02	2.343994e-02	1.839745e+01	5.274827e+01	0.000000e+00	0.000000e+00	0.000000e+00	7.935118e-03	3.567437e-09	2.230758e-03	1.753521e+04	1.272477e-01	8.356024e+04	
1.090000e+01	1.266948e+12	6.680671e+09	1.266948e-03	1.162389e+02	2.354337e-02	1.839745e+01	5.201923e+01	0.000000e+00	0.000000e+00	0.000000e+00	7.772347e-03	2.452423e-09	2.198887e-03	1.834164e+04	1.330989e-01	8.739932e+04	
1.095000e+01	1.272762e+12	6.677425e+09	1.272762e-03	1.162389e+02	2.364679e-02	1.839745e+01	5.130616e+01	0.000000e+00	0.000000e+00	0.000000e+00	7.610419e-03	1.377609e-09	2.167337e-03	1.914051e+04	1.388944e-01	9.120214e+04	
1.100000e+01	1.278576e+12	6.674256e+09	1.278576e-03	1.162389e+02	2.375038e-02	1.839745e+01	5.062237e+01	0.000000e+00	0.000000e+00	0.000000e+00	7.456144e-03	3.412010e-10	2.137220e-03	1.993195e+04	1.446353e-01	9.496931e+04	
1.105000e+01	1.284390e+12	6.671116e+09	1.284390e-03	1.162389e+02	2.385406e-02	1.839745e+01	4.994909e+01	0.000000e+00	0.000000e+00	0.000000e+00	7.305909e-03	-6.532212e-10	2.108031e-03	2.071608e+04	1.503225e-01	9.870147e+04	
1.110000e+01	1.290204e+12	6.947153e+09	1.290204e-03	1.162389e+02	2.395781e-02	1.839745e+01	5.839019e+01	0.000000e+00	0.000000e+00	0.000000e+00	7.159532e-03	-1.614576e-09	2.079587e-03	2.149303e+04	1.559570e-01	1.023992e+05	
1.115000e+01	1.296019e+12	6.943502e+09	1.296019e-03	1.162389e+02	2.412204e-02	1.839745e+01	5.735152e+01	0.000000e+00	0.000000e+00	0.000000e+00	9.062898e-03	2.227888e-08	2.486953e-03	2.236598e+04	1.621100e-01	1.066395e+05	
1.120000e+01	1.301833e+12	6.939726e+09	1.301833e-03	1.162389e+02	2.422225e-02	1.839745e+01	5.633371e+01	0.000000e+00	0.000000e+00	0.000000e+00	8.790727e-03	1.971417e-08	2.432377e-03	2.322822e+04	1.681912e-01	1.108255e+05	
1.125000e+01	1.307647e+12	6.936048e+09	1.307647e-03	1.162389e+02	2.432447e-02	1.839745e+01	5.537680e+01	0.000000e+00	0.000000e+00	0.000000e+00	8.590349e-03	1.732478e-08	2.390348e-03	2.408013e+04	1.742029e-01	1.149591e+05	
1.130000e+01	1.313462e+12	6.932405e+09	1.313462e-03	1.162389e+02	2.442681e-02	1.839745e+01	5.444125e+01	0.000000e+00	0.000000e+00	0.000000e+00	8.395465e-03	1.510785e-08	2.349909e-03	2.492205e+04	1.801472e-01	1.190423e+05	
1.135000e+01	1.319276e+12	6.928905e+09	1.319276e-03	1.162389e+02	2.452928e-02	1.839745e+01	5.357910e+01	0.000000e+00	0.000000e+00	0.000000e+00	8.206123e-03	1.303163e-08	2.310741e-03	2.575430e+04	1.860261e-01	1.230767e+05	
1.140000e+01	1.325090e+12	6.925430e+09	1.325090e-03	1.162389e+02	2.463395e-02	1.839745e+01	5.270444e+01	0.000000e+00	0.000000e+00	0.000000e+00	8.093517e-03	1.110272e-08	2.285360e-03	2.657720e+04	1.918415e-01	1.270640e+05	
1.145000e+01	1.330904e+12	6.921951e+09	1.330904e-03	1.162389e+02	2.473458e-02	1.839745e+01	5.186217e+01	0.000000e+00	0.000000e+00	0.000000e+00	7.843893e-03	9.277631e-09	2.236666e-03	2.739100e+04	1.975951e-01	1.310056e+05	
1.150000e+01	1.336718e+12	6.918515e+09	1.336718e-03	1.162389e+02	2.483738e-02	1.839745e+01	5.106805e+01	0.000000e+00	0.000000e+00	0.000000e+00	7.670113e-03	7.563608e-09	2.201229e-03	2.819599e+04	2.032885e-01	1.349029e+05	
1.155000e+01	1.342532e+12	6.202431e+09	1.342532e-03	1.162389e+02	2.494228e-02	1.839745e+01	4.535820e+01	0.000000e+00	0.000000e+00	0.000000e+00	7.568538e-03	5.959080e-09	2.178547e-03	2.899239e+04	2.089233e-01	1.387572e+05	
1.160000e+01	1.348346e+12	5.481620e+09	1.348346e-03	1.162389e+02	2.502535e-02	1.839745e+01	4.467815e+01	0.000000e+00	0.000000e+00	0.000000e+00	6.727542e-03	7.747957e-09	2.032632e-03	2.965289e+04	2.134190e-01	1.419411e+05	
1.165000e+01	1.354160e+12	5.764659e+09	1.354160e-03	1.162389e+02	2.515104e-02	1.839745e+01	5.636991e+01	0.000000e+00	0.000000e+00	0.000000e+00	7.292548e-03	4.131300e-08	2.168635e-03	3.038122e+04	2.181813e-01	1.449727e+05	
1.170000e+01	1.359974e+12	6.047738e+09	1.359974e-03	1.162389e+02	2.532997e-02	1.839745e+01	6.806228e+01	0.000000e+00	0.000000e+00	0.000000e+00	9.563465e-03	8.288475e-08	2.671767e-03	3.129283e+04	2.239961e-01	1.488129e+05	
1.175000e+01	1.365790e+12	6.043195e+09	1.365790e-03	1.162389e+02	2.550895e-02	1.839745e+01	6.594914e+01	0.000000e+00	0.000000e+00	0.000000e+00	1.180141e-02	1.219982e-07	3.170256e-03	3.235332e+04	2.308912e-01	1.534638e+05	
1.180000e+01	1.371605e+12	6.316260e+09	1.371605e-03	1.162389e+02	2.560792e-02	1.839745e+01	7.141764e+01	0.000000e+00	0.000000e+00	0.000000e+00	1.149630e-02	1.147422e-07	3.104461e-03	3.338532e+04	2.375958e-01	1.579838e+05	
1.185000e+01	1.377420e+12	6.311550e+09	1.377420e-03	1.162389e+02	2.575861e-02	1.839745e+01	6.932193e+01	0.000000e+00	0.000000e+00	0.000000e+00	1.282919e-02	1.248581e-07	3.382604e-03	3.446444e+04	2.447372e-01	1.628867e+05	
1.190000e+01	1.383236e+12	6.307004e+09	1.383236e-03	1.162389e+02	2.585616e-02	1.839745e+01	6.736766e+01	0.000000e+00	0.000000e+00	0.000000e+00	1.248320e-02	1.161720e-07	3.302574e-03	3.551669e+04	2.516950e-01	1.676612e+05	
1.195000e+01	1.389051e+12	6.302566e+09	1.389051e-03	1.162389e+02	2.595389e-02	1.839745e+01	6.553975e+01	0.000000e+00	0.000000e+00	0.000000e+00	1.214638e-02	1.075854e-07	3.223378e-03	3.654384e+04	2.584813e-01	1.723162e+05	
1.200000e+01	1.394866e+12	6.577458e+09	1.394866e-03	1.162389e+02	2.605187e-02	1.839745e+01	7.194992e+01	0.000000e+00	0.000000e+00	0.000000e+00	1.181852e-02	9.978852e-08	3.147596e-03	3.754749e+04	2.651068e-01	1.768592e+05	
1.205000e+01	1.400682e+12	6.572575e+09	1.400682e-03	1.162389e+02	2.620883e-02	1.839745e+01	7.000591e+01	0.000000e+00	0.000000e+00	0.000000e+00	1.332370e-02	1.146080e-07	3.459561e-03	3.863619e+04	2.722910e-01	1.818656e+05	
1.210000e+01	1.406497e+12	7.321021e+09	1.406497e-03	1.162389e+02	2.630558e-02	1.839745e+01	7.799608e+01	0.000000e+00	0.000000e+00	0.000000e+00	1.295606e-02	1.066747e-07	3.376061e-03	3.970027e+04	2.793078e-01	1.867531e+05	
1.215000e+01	1.412313e+12	8.363589e+09	1.412313e-03	1.162389e+02	2.646730e-02	1.839745e+01	9.092742e+01	0.000000e+00	0.000000e+00	0.000000e+00	1.462634e-02	1.226196e-07	3.673374e-03	4.108817e+04	2.896314e-01	1.929182e+05	
1.220000e+01	1.418130e+12	8.357279e+09	1.418130e-03	1.162389e+02	2.666097e-02	1.839745e+01	8.869972e+01	0.000000e+00	0.000000e+00	0.000000e+00	1.725093e-02	1.473499e-07	4.166077e-03	4.280221e+04	3.030963e-01	2.006528e+05	
1.225000e+01	1.423947e+12	8.351055e+09	1.423947e-03	1.162389e+02	2.675473e-02	1.839745e+01	8.657996e+01	0.000000e+00	0.000000e+00	0.000000e+00	1.678168e-02	1.377713e-07	4.064853e-03	4.448227e+04	3.163018e-01	2.082309e+05	
1.230000e+01	1.429764e+12	8.075748e+09	1.429764e-03	1.162389e+02	2.684889e-02	1.839745e+01	8.030706e+01	0.000000e+00	0.000000e+00	0.000000e+00	1.632704e-02	1.288691e-07	3.967511e-03	4.612995e+04	3.292596e-01	2.156600e+05	
1.235000e+01	1.435580e+12	8.398564e+09	1.435580e-03	1.162389e+02	2.691234e-02	1.839745e+01	9.665898e+01	0.000000e+00	0.000000e+00	0.000000e+00	1.494494e-02	1.145021e-07	3.683462e-03	4.769326e+04	3.416846e-01	2.226481e+05	
1.240000e+01	1.441398e+12	8.670929e+09	1.441398e-03	1.162389e+02	2.710310e-02	1.839745e+01	1.012216e+02	0.000000e+00	0.000000e+00	0.000000e+00	1.739031e-02	2.101280e-07	4.196540e-03	4.969643e+04	3.565263e-01	2.312366e+05	
1.245000e+01	1.447215e+12	9.094536e+09	1.447215e-03	1.162389e+02	2.725478e-02	1.839745e+01	1.089045e+02	0.000000e+00	0.000000e+00	0.000000e+00	1.864302e-02	2.147523e-07	4.461539e-03	5.174026e+04	3.716972e-01	2.401352e+05	
