# bin_edge_left	bin_edge_right	dN/d[fe/H]	dN/d[o/H]	dN/d[mg/H]	dN/d[o/fe]	dN/d[mg/fe]	dN/d[mg/o]	
-3.000000e+00	-2.950000e+00	1.759537e-03	0.000000e+00	0.000000e+00	0.000000e+00	0.000000e+00	0.000000e+00	
-2.950000e+00	-2.900000e+00	0.000000e+00	0.000000e+00	0.000000e+00	0.000000e+00	0.000000e+00	0.000000e+00	
-2.900000e+00	-2.850000e+00	0.000000e+00	0.000000e+00	1.783245e-03	0.000000e+00	0.000000e+00	0.000000e+00	
-2.850000e+00	-2.800000e+00	0.000000e+00	0.000000e+00	0.000000e+00	0.000000e+00	0.000000e+00	0.000000e+00	
-2.800000e+00	-2.750000e+00	0.000000e+00	0.000000e+00	0.000000e+00	0.000000e+00	0.000000e+00	0.000000e+00	
-2.750000e+00	-2.700000e+00	0.000000e+00	0.000000e+00	0.000000e+00	0.000000e+00	0.000000e+00	0.000000e+00	
-2.700000e+00	-2.650000e+00	1.783088e-03	0.000000e+00	1.806771e-03	0.000000e+00	0.000000e+00	0.000000e+00	
-2.650000e+00	-2.600000e+00	0.000000e+00	0.000000e+00	0.000000e+00	0.000000e+00	0.000000e+00	0.000000e+00	
-2.600000e+00	-2.550000e+00	0.000000e+00	1.759537e-03	1.830251e-03	0.000000e+00	0.000000e+00	0.000000e+00	
-2.550000e+00	-2.500000e+00	0.000000e+00	0.000000e+00	0.000000e+00	0.000000e+00	0.000000e+00	0.000000e+00	
-2.500000e+00	-2.450000e+00	1.806612e-03	0.000000e+00	1.853677e-03	0.000000e+00	0.000000e+00	0.000000e+00	
-2.450000e+00	-2.400000e+00	0.000000e+00	0.000000e+00	0.000000e+00	0.000000e+00	0.000000e+00	0.000000e+00	
-2.400000e+00	-2.350000e+00	1.830090e-03	0.000000e+00	1.877044e-03	0.000000e+00	0.000000e+00	0.000000e+00	
-2.350000e+00	-2.300000e+00	0.000000e+00	0.000000e+00	1.900350e-03	0.000000e+00	0.000000e+00	0.000000e+00	
-2.300000e+00	-2.250000e+00	1.853514e-03	1.783088e-03	1.923591e-03	0.000000e+00	0.000000e+00	0.000000e+00	
-2.250000e+00	-2.200000e+00	1.876879e-03	0.000000e+00	1.946768e-03	0.000000e+00	0.000000e+00	0.000000e+00	
-2.200000e+00	-2.150000e+00	0.000000e+00	0.000000e+00	1.969879e-03	0.000000e+00	0.000000e+00	0.000000e+00	
-2.150000e+00	-2.100000e+00	1.900182e-03	1.806612e-03	4.008824e-03	0.000000e+00	0.000000e+00	0.000000e+00	
-2.100000e+00	-2.050000e+00	1.923422e-03	0.000000e+00	2.038811e-03	0.000000e+00	0.000000e+00	0.000000e+00	
-2.050000e+00	-2.000000e+00	1.946597e-03	0.000000e+00	4.146079e-03	0.000000e+00	0.000000e+00	0.000000e+00	
-2.000000e+00	-1.950000e+00	1.969706e-03	1.830090e-03	6.389244e-03	0.000000e+00	0.000000e+00	0.000000e+00	
-1.950000e+00	-1.900000e+00	4.008471e-03	0.000000e+00	4.372116e-03	0.000000e+00	0.000000e+00	0.000000e+00	
-1.900000e+00	-1.850000e+00	2.038631e-03	1.853514e-03	6.725740e-03	0.000000e+00	0.000000e+00	0.000000e+00	
-1.850000e+00	-1.800000e+00	4.145715e-03	1.876879e-03	6.925185e-03	0.000000e+00	0.000000e+00	0.000000e+00	
-1.800000e+00	-1.750000e+00	4.236531e-03	1.900182e-03	9.540662e-03	0.000000e+00	0.000000e+00	0.000000e+00	
-1.750000e+00	-1.700000e+00	4.326801e-03	1.923422e-03	9.887657e-03	0.000000e+00	0.000000e+00	0.000000e+00	
-1.700000e+00	-1.650000e+00	4.416526e-03	1.946597e-03	1.547275e-02	0.000000e+00	0.000000e+00	0.000000e+00	
-1.650000e+00	-1.600000e+00	6.791828e-03	1.969706e-03	1.622958e-02	0.000000e+00	0.000000e+00	0.000000e+00	
-1.600000e+00	-1.550000e+00	6.990644e-03	1.992748e-03	1.987231e-02	0.000000e+00	0.000000e+00	0.000000e+00	
-1.550000e+00	-1.500000e+00	7.187630e-03	4.054354e-03	2.392103e-02	0.000000e+00	0.000000e+00	0.000000e+00	
-1.500000e+00	-1.450000e+00	9.886787e-03	4.145715e-03	2.841534e-02	0.000000e+00	0.000000e+00	0.000000e+00	
-1.450000e+00	-1.400000e+00	1.022947e-02	4.236531e-03	3.683002e-02	0.000000e+00	0.000000e+00	0.000000e+00	
-1.400000e+00	-1.350000e+00	1.326228e-02	4.326801e-03	4.640298e-02	0.000000e+00	0.000000e+00	0.000000e+00	
-1.350000e+00	-1.300000e+00	1.378291e-02	6.658265e-03	5.725776e-02	0.000000e+00	0.000000e+00	0.000000e+00	
-1.300000e+00	-1.250000e+00	1.721534e-02	6.858304e-03	7.371415e-02	0.000000e+00	0.000000e+00	0.000000e+00	
-1.250000e+00	-1.200000e+00	2.099903e-02	7.056509e-03	9.251428e-02	0.000000e+00	0.000000e+00	0.000000e+00	
-1.200000e+00	-1.150000e+00	2.517853e-02	1.219635e-02	1.137597e-01	0.000000e+00	0.000000e+00	0.000000e+00	
-1.150000e+00	-1.100000e+00	2.979242e-02	1.014420e-02	1.480085e-01	0.000000e+00	0.000000e+00	0.000000e+00	
-1.100000e+00	-1.050000e+00	3.846045e-02	1.585154e-02	1.868981e-01	0.000000e+00	0.000000e+00	0.000000e+00	
-1.050000e+00	-1.000000e+00	4.444012e-02	1.944003e-02	2.302622e-01	0.000000e+00	0.000000e+00	0.000000e+00	
-1.000000e+00	-9.500000e-01	5.499588e-02	2.043834e-02	3.037347e-01	0.000000e+00	0.000000e+00	0.000000e+00	
-9.500000e-01	-9.000000e-01	6.252683e-02	2.770988e-02	3.784248e-01	0.000000e+00	0.000000e+00	0.000000e+00	
-9.000000e-01	-8.500000e-01	7.971083e-02	3.599430e-02	4.953055e-01	0.000000e+00	0.000000e+00	0.000000e+00	
-8.500000e-01	-8.000000e-01	9.422265e-02	4.184611e-02	6.518397e-01	0.000000e+00	0.000000e+00	0.000000e+00	
-8.000000e-01	-7.500000e-01	1.204159e-01	5.594400e-02	8.566120e-01	0.000000e+00	0.000000e+00	0.000000e+00	
-7.500000e-01	-7.000000e-01	1.443381e-01	6.392854e-02	1.172621e+00	0.000000e+00	0.000000e+00	0.000000e+00	
-7.000000e-01	-6.500000e-01	1.704527e-01	8.576074e-02	2.104316e+00	0.000000e+00	0.000000e+00	0.000000e+00	
-6.500000e-01	-6.000000e-01	2.171694e-01	1.061689e-01	3.143750e+00	0.000000e+00	0.000000e+00	0.000000e+00	
-6.000000e-01	-5.500000e-01	2.621986e-01	1.393400e-01	3.474375e+00	0.000000e+00	1.419071e+00	2.000000e+01	
-5.500000e-01	-5.000000e-01	3.174500e-01	1.716432e-01	1.980517e+00	0.000000e+00	1.073982e+00	0.000000e+00	
-5.000000e-01	-4.500000e-01	3.980831e-01	2.132803e-01	1.510168e+00	0.000000e+00	1.232894e+01	0.000000e+00	
-4.500000e-01	-4.000000e-01	4.916578e-01	2.782555e-01	1.696692e+00	0.000000e+00	3.539422e+00	0.000000e+00	
-4.000000e-01	-3.500000e-01	6.130947e-01	3.573144e-01	1.071159e+00	0.000000e+00	1.155309e+00	0.000000e+00	
-3.500000e-01	-3.000000e-01	7.624254e-01	4.580486e-01	0.000000e+00	0.000000e+00	3.258090e-01	0.000000e+00	
-3.000000e-01	-2.500000e-01	9.787274e-01	5.966091e-01	0.000000e+00	0.000000e+00	9.708950e-02	0.000000e+00	
-2.500000e-01	-2.000000e-01	1.282945e+00	7.987235e-01	0.000000e+00	0.000000e+00	3.973238e-02	0.000000e+00	
-2.000000e-01	-1.500000e-01	1.719090e+00	1.081651e+00	0.000000e+00	0.000000e+00	2.064237e-02	0.000000e+00	
-1.500000e-01	-1.000000e-01	2.378647e+00	1.862702e+00	0.000000e+00	0.000000e+00	0.000000e+00	0.000000e+00	
-1.000000e-01	-5.000000e-02	2.954735e+00	2.872896e+00	0.000000e+00	0.000000e+00	0.000000e+00	0.000000e+00	
-5.000000e-02	0.000000e+00	2.136003e+00	3.728874e+00	0.000000e+00	1.281512e+00	0.000000e+00	0.000000e+00	
0.000000e+00	5.000000e-02	1.663391e+00	2.222870e+00	0.000000e+00	8.923353e-01	0.000000e+00	0.000000e+00	
5.000000e-02	1.000000e-01	1.801203e+00	1.568503e+00	0.000000e+00	1.105607e+01	0.000000e+00	0.000000e+00	
1.000000e-01	1.500000e-01	1.010478e+00	1.576542e+00	0.000000e+00	4.378816e+00	0.000000e+00	0.000000e+00	
1.500000e-01	2.000000e-01	0.000000e+00	1.519346e+00	0.000000e+00	1.662063e+00	0.000000e+00	0.000000e+00	
2.000000e-01	2.500000e-01	0.000000e+00	0.000000e+00	0.000000e+00	4.947594e-01	0.000000e+00	0.000000e+00	
2.500000e-01	3.000000e-01	0.000000e+00	0.000000e+00	0.000000e+00	1.462919e-01	0.000000e+00	0.000000e+00	
3.000000e-01	3.500000e-01	0.000000e+00	0.000000e+00	0.000000e+00	5.291945e-02	0.000000e+00	0.000000e+00	
3.500000e-01	4.000000e-01	0.000000e+00	0.000000e+00	0.000000e+00	3.523113e-02	0.000000e+00	0.000000e+00	
4.000000e-01	4.500000e-01	0.000000e+00	0.000000e+00	0.000000e+00	0.000000e+00	0.000000e+00	0.000000e+00	
4.500000e-01	5.000000e-01	0.000000e+00	0.000000e+00	0.000000e+00	0.000000e+00	0.000000e+00	0.000000e+00	
5.000000e-01	5.500000e-01	0.000000e+00	0.000000e+00	0.000000e+00	0.000000e+00	0.000000e+00	0.000000e+00	
5.500000e-01	6.000000e-01	0.000000e+00	0.000000e+00	0.000000e+00	0.000000e+00	0.000000e+00	0.000000e+00	
6.000000e-01	6.500000e-01	0.000000e+00	0.000000e+00	0.000000e+00	0.000000e+00	0.000000e+00	0.000000e+00	
6.500000e-01	7.000000e-01	0.000000e+00	0.000000e+00	0.000000e+00	0.000000e+00	0.000000e+00	0.000000e+00	
7.000000e-01	7.500000e-01	0.000000e+00	0.000000e+00	0.000000e+00	0.000000e+00	0.000000e+00	0.000000e+00	
7.500000e-01	8.000000e-01	0.000000e+00	0.000000e+00	0.000000e+00	0.000000e+00	0.000000e+00	0.000000e+00	
8.000000e-01	8.500000e-01	0.000000e+00	0.000000e+00	0.000000e+00	0.000000e+00	0.000000e+00	0.000000e+00	
8.500000e-01	9.000000e-01	0.000000e+00	0.000000e+00	0.000000e+00	0.000000e+00	0.000000e+00	0.000000e+00	
9.000000e-01	9.500000e-01	0.000000e+00	0.000000e+00	0.000000e+00	0.000000e+00	0.000000e+00	0.000000e+00	
9.500000e-01	1.000000e+00	0.000000e+00	0.000000e+00	0.000000e+00	0.000000e+00	0.000000e+00	0.000000e+00	
