# bin_edge_left	bin_edge_right	dN/d[fe/H]	dN/d[sr/H]	dN/d[o/H]	dN/d[sr/fe]	dN/d[o/fe]	dN/d[o/sr]	
-3.000000e+00	-2.950000e+00	0.000000e+00	0.000000e+00	0.000000e+00	2.127145e-06	2.127145e-06	2.127145e-06	
-2.950000e+00	-2.900000e+00	0.000000e+00	0.000000e+00	0.000000e+00	0.000000e+00	0.000000e+00	0.000000e+00	
-2.900000e+00	-2.850000e+00	0.000000e+00	0.000000e+00	0.000000e+00	0.000000e+00	0.000000e+00	0.000000e+00	
-2.850000e+00	-2.800000e+00	0.000000e+00	0.000000e+00	0.000000e+00	0.000000e+00	0.000000e+00	0.000000e+00	
-2.800000e+00	-2.750000e+00	0.000000e+00	0.000000e+00	0.000000e+00	0.000000e+00	0.000000e+00	0.000000e+00	
-2.750000e+00	-2.700000e+00	0.000000e+00	1.731138e-04	0.000000e+00	0.000000e+00	0.000000e+00	0.000000e+00	
-2.700000e+00	-2.650000e+00	0.000000e+00	0.000000e+00	0.000000e+00	0.000000e+00	0.000000e+00	0.000000e+00	
-2.650000e+00	-2.600000e+00	1.731138e-04	0.000000e+00	0.000000e+00	0.000000e+00	0.000000e+00	0.000000e+00	
-2.600000e+00	-2.550000e+00	0.000000e+00	0.000000e+00	0.000000e+00	0.000000e+00	0.000000e+00	0.000000e+00	
-2.550000e+00	-2.500000e+00	0.000000e+00	0.000000e+00	0.000000e+00	0.000000e+00	0.000000e+00	0.000000e+00	
-2.500000e+00	-2.450000e+00	0.000000e+00	0.000000e+00	0.000000e+00	0.000000e+00	0.000000e+00	0.000000e+00	
-2.450000e+00	-2.400000e+00	0.000000e+00	0.000000e+00	0.000000e+00	0.000000e+00	0.000000e+00	0.000000e+00	
-2.400000e+00	-2.350000e+00	0.000000e+00	0.000000e+00	0.000000e+00	0.000000e+00	0.000000e+00	0.000000e+00	
-2.350000e+00	-2.300000e+00	0.000000e+00	0.000000e+00	0.000000e+00	0.000000e+00	0.000000e+00	0.000000e+00	
-2.300000e+00	-2.250000e+00	0.000000e+00	0.000000e+00	0.000000e+00	0.000000e+00	0.000000e+00	0.000000e+00	
-2.250000e+00	-2.200000e+00	0.000000e+00	0.000000e+00	0.000000e+00	0.000000e+00	0.000000e+00	0.000000e+00	
-2.200000e+00	-2.150000e+00	0.000000e+00	0.000000e+00	1.731138e-04	0.000000e+00	0.000000e+00	0.000000e+00	
-2.150000e+00	-2.100000e+00	0.000000e+00	0.000000e+00	0.000000e+00	0.000000e+00	0.000000e+00	0.000000e+00	
-2.100000e+00	-2.050000e+00	0.000000e+00	0.000000e+00	0.000000e+00	0.000000e+00	0.000000e+00	0.000000e+00	
-2.050000e+00	-2.000000e+00	0.000000e+00	0.000000e+00	0.000000e+00	0.000000e+00	0.000000e+00	0.000000e+00	
-2.000000e+00	-1.950000e+00	0.000000e+00	0.000000e+00	0.000000e+00	0.000000e+00	0.000000e+00	0.000000e+00	
-1.950000e+00	-1.900000e+00	0.000000e+00	1.557844e-03	0.000000e+00	0.000000e+00	0.000000e+00	0.000000e+00	
-1.900000e+00	-1.850000e+00	0.000000e+00	0.000000e+00	0.000000e+00	0.000000e+00	0.000000e+00	0.000000e+00	
-1.850000e+00	-1.800000e+00	1.557844e-03	0.000000e+00	0.000000e+00	0.000000e+00	0.000000e+00	0.000000e+00	
-1.800000e+00	-1.750000e+00	0.000000e+00	0.000000e+00	0.000000e+00	0.000000e+00	0.000000e+00	0.000000e+00	
-1.750000e+00	-1.700000e+00	0.000000e+00	3.590725e-03	0.000000e+00	0.000000e+00	0.000000e+00	0.000000e+00	
-1.700000e+00	-1.650000e+00	0.000000e+00	0.000000e+00	0.000000e+00	0.000000e+00	0.000000e+00	0.000000e+00	
-1.650000e+00	-1.600000e+00	3.590725e-03	4.039044e-03	0.000000e+00	0.000000e+00	0.000000e+00	0.000000e+00	
-1.600000e+00	-1.550000e+00	0.000000e+00	0.000000e+00	0.000000e+00	0.000000e+00	0.000000e+00	0.000000e+00	
-1.550000e+00	-1.500000e+00	4.039044e-03	3.717849e-03	0.000000e+00	0.000000e+00	0.000000e+00	0.000000e+00	
-1.500000e+00	-1.450000e+00	0.000000e+00	0.000000e+00	0.000000e+00	0.000000e+00	0.000000e+00	0.000000e+00	
-1.450000e+00	-1.400000e+00	3.717849e-03	4.392968e-03	0.000000e+00	0.000000e+00	0.000000e+00	0.000000e+00	
-1.400000e+00	-1.350000e+00	0.000000e+00	5.048320e-03	1.557844e-03	0.000000e+00	0.000000e+00	0.000000e+00	
-1.350000e+00	-1.300000e+00	4.392968e-03	0.000000e+00	0.000000e+00	0.000000e+00	0.000000e+00	0.000000e+00	
-1.300000e+00	-1.250000e+00	5.048320e-03	2.159265e-03	0.000000e+00	0.000000e+00	0.000000e+00	0.000000e+00	
-1.250000e+00	-1.200000e+00	0.000000e+00	7.711190e-03	0.000000e+00	0.000000e+00	0.000000e+00	0.000000e+00	
-1.200000e+00	-1.150000e+00	2.159265e-03	1.543337e-02	3.590725e-03	0.000000e+00	0.000000e+00	0.000000e+00	
-1.150000e+00	-1.100000e+00	0.000000e+00	5.065641e-03	0.000000e+00	0.000000e+00	0.000000e+00	0.000000e+00	
-1.100000e+00	-1.050000e+00	1.576365e-02	1.442433e-02	4.039044e-03	0.000000e+00	0.000000e+00	0.000000e+00	
-1.050000e+00	-1.000000e+00	1.137372e-02	2.674995e-02	0.000000e+00	0.000000e+00	0.000000e+00	0.000000e+00	
-1.000000e+00	-9.500000e-01	1.073157e-02	3.698055e-02	3.717849e-03	0.000000e+00	0.000000e+00	0.000000e+00	
-9.500000e-01	-9.000000e-01	4.765591e-03	4.994698e-02	0.000000e+00	0.000000e+00	0.000000e+00	0.000000e+00	
-9.000000e-01	-8.500000e-01	1.514875e-02	6.797455e-02	4.392968e-03	0.000000e+00	0.000000e+00	0.000000e+00	
-8.500000e-01	-8.000000e-01	3.121050e-02	5.806487e-02	5.048320e-03	0.000000e+00	0.000000e+00	0.000000e+00	
-8.000000e-01	-7.500000e-01	3.689123e-02	3.075370e-01	0.000000e+00	0.000000e+00	0.000000e+00	0.000000e+00	
-7.500000e-01	-7.000000e-01	4.496091e-02	3.742443e-01	2.159265e-03	0.000000e+00	0.000000e+00	0.000000e+00	
-7.000000e-01	-6.500000e-01	3.465098e-02	3.983519e-01	7.711190e-03	0.000000e+00	0.000000e+00	0.000000e+00	
-6.500000e-01	-6.000000e-01	5.987558e-02	4.489696e-01	1.543337e-02	0.000000e+00	0.000000e+00	0.000000e+00	
-6.000000e-01	-5.500000e-01	1.207171e-01	3.038003e-01	1.472438e-02	0.000000e+00	0.000000e+00	0.000000e+00	
-5.500000e-01	-5.000000e-01	2.367250e-01	2.198885e-01	4.765591e-03	0.000000e+00	0.000000e+00	0.000000e+00	
-5.000000e-01	-4.500000e-01	4.377311e-01	2.693426e-01	2.674995e-02	0.000000e+00	0.000000e+00	0.000000e+00	
-4.500000e-01	-4.000000e-01	4.178847e-01	4.272738e-01	3.698055e-02	0.000000e+00	0.000000e+00	0.000000e+00	
-4.000000e-01	-3.500000e-01	3.186756e-01	3.214657e-01	1.224617e-01	0.000000e+00	0.000000e+00	0.000000e+00	
-3.500000e-01	-3.000000e-01	3.245425e-01	6.423824e-01	3.454244e-01	0.000000e+00	0.000000e+00	0.000000e+00	
-3.000000e-01	-2.500000e-01	3.424317e-01	8.056240e-01	2.557055e-01	8.662590e-01	0.000000e+00	0.000000e+00	
-2.500000e-01	-2.000000e-01	1.042402e+00	6.855579e-01	2.532593e-01	1.941050e+00	0.000000e+00	0.000000e+00	
-2.000000e-01	-1.500000e-01	6.485439e-01	5.752130e-01	4.594867e-01	1.005713e+00	0.000000e+00	0.000000e+00	
-1.500000e-01	-1.000000e-01	8.728508e-01	2.446047e-01	3.518946e-01	1.820296e+00	0.000000e+00	0.000000e+00	
-1.000000e-01	-5.000000e-02	9.996907e-01	5.405258e-01	4.001940e-01	1.297322e+00	0.000000e+00	2.375083e+00	
-5.000000e-02	0.000000e+00	8.726222e-01	1.217857e+00	1.009190e+00	2.326592e+00	0.000000e+00	3.707088e+00	
0.000000e+00	5.000000e-02	1.712018e+00	9.970797e-01	1.200197e+00	1.430336e+00	1.208934e+00	2.328006e+00	
5.000000e-02	1.000000e-01	1.052547e+00	4.248216e-01	1.809620e+00	4.092799e+00	5.903445e+00	2.450296e+00	
1.000000e-01	1.500000e-01	5.995643e-01	4.815529e-01	1.185940e+00	5.219630e+00	4.915325e+00	1.047876e+00	
1.500000e-01	2.000000e-01	1.071300e+00	4.418222e-01	1.253730e+00	0.000000e+00	4.536708e+00	8.090575e-01	
2.000000e-01	2.500000e-01	1.426714e+00	6.799529e-01	8.262495e-01	0.000000e+00	1.914273e+00	1.046805e+00	
2.500000e-01	3.000000e-01	1.641481e+00	8.291542e-01	8.884638e-01	0.000000e+00	8.608936e-01	1.490924e+00	
3.000000e-01	3.500000e-01	2.181064e+00	1.078189e+00	1.567924e+00	0.000000e+00	4.455211e-01	9.274618e-01	
3.500000e-01	4.000000e-01	2.470513e+00	1.115226e+00	2.448519e+00	0.000000e+00	1.475852e-01	7.124226e-01	
4.000000e-01	4.500000e-01	9.199301e-01	1.978569e+00	3.513182e+00	0.000000e+00	5.423509e-02	1.065923e+00	
4.500000e-01	5.000000e-01	0.000000e+00	1.700614e+00	1.977516e+00	0.000000e+00	1.307857e-02	7.608873e-01	
5.000000e-01	5.500000e-01	0.000000e+00	2.183349e+00	0.000000e+00	0.000000e+00	0.000000e+00	1.265091e+00	
5.500000e-01	6.000000e-01	0.000000e+00	0.000000e+00	0.000000e+00	0.000000e+00	0.000000e+00	1.307857e-02	
6.000000e-01	6.500000e-01	0.000000e+00	0.000000e+00	0.000000e+00	0.000000e+00	0.000000e+00	0.000000e+00	
6.500000e-01	7.000000e-01	0.000000e+00	0.000000e+00	0.000000e+00	0.000000e+00	0.000000e+00	0.000000e+00	
7.000000e-01	7.500000e-01	0.000000e+00	0.000000e+00	0.000000e+00	0.000000e+00	0.000000e+00	0.000000e+00	
7.500000e-01	8.000000e-01	0.000000e+00	0.000000e+00	0.000000e+00	0.000000e+00	0.000000e+00	0.000000e+00	
8.000000e-01	8.500000e-01	0.000000e+00	0.000000e+00	0.000000e+00	0.000000e+00	0.000000e+00	0.000000e+00	
8.500000e-01	9.000000e-01	0.000000e+00	0.000000e+00	0.000000e+00	0.000000e+00	0.000000e+00	0.000000e+00	
9.000000e-01	9.500000e-01	0.000000e+00	0.000000e+00	0.000000e+00	0.000000e+00	0.000000e+00	0.000000e+00	
9.500000e-01	1.000000e+00	0.000000e+00	0.000000e+00	0.000000e+00	0.000000e+00	0.000000e+00	0.000000e+00	
