# COLUMN NUMBERS: 
#	0: time [Gyr]
#	1: mgas [Msun]			ISM gas mass
#	2: mstar [Msun]			Stellar mass
#	3: sfr [Msun/yr]		Star formation rate
#	4: ifr [Msun/yr]		Infall rate
#	5: ofr [Msun/yr]		Outfow rate
#	6: eta_0			Mass-loading factor
#	7: r_eff			Effective recycilng rate
#	8: z_in(fe)			Inflow fe metallicity
#	9: z_in(sr)			Inflow sr metallicity
#	10: z_in(o)			Inflow o metallicity
#	11: z_out(fe)			Outflow fe metallicity
#	12: z_out(sr)			Outflow sr metallicity
#	13: z_out(o)			Outflow o metallicity
#	14: mass(fe) [Msun]		mass of element fe in ISM
#	15: mass(sr) [Msun]		mass of element sr in ISM
#	16: mass(o) [Msun]		mass of element o in ISM
0.000000e+00	1.000000e-12	5.604272e-30	1.495168e-37	8.482300e+01	8.773872e-09	6.963020e+00	2.503490e-01	0.000000e+00	0.000000e+00	0.000000e+00	1.057882e-309	1.000000e+00	1.573728e-309	0.000000e+00	0.000000e+00	0.000000e+00	
5.000000e-02	4.241150e+09	2.402135e+08	6.408676e+00	8.482300e+01	4.462374e+01	6.963020e+00	2.503490e-01	0.000000e+00	0.000000e+00	0.000000e+00	3.972118e-05	4.435532e-10	4.965148e-04	1.684635e+05	1.881176e+00	2.105794e+06	
1.000000e-01	6.010900e+09	5.678891e+08	8.935193e+00	8.482300e+01	6.221592e+01	6.963020e+00	2.665506e-01	0.000000e+00	0.000000e+00	0.000000e+00	5.288056e-05	5.904995e-10	6.610070e-04	3.178597e+05	3.549434e+00	3.973247e+06	
1.500000e-01	6.813578e+09	9.271051e+08	9.968861e+00	8.482300e+01	6.941338e+01	6.963020e+00	2.793238e-01	0.000000e+00	0.000000e+00	0.000000e+00	6.204256e-05	6.984350e-10	7.755246e-04	4.227318e+05	4.758842e+00	5.284098e+06	
2.000000e-01	7.224843e+09	1.313512e+09	1.040919e+01	8.482300e+01	7.247937e+01	6.963020e+00	2.901039e-01	0.000000e+00	0.000000e+00	0.000000e+00	6.821053e-05	7.767215e-10	8.526104e-04	4.928104e+05	5.611691e+00	6.159977e+06	
2.500000e-01	7.472553e+09	1.660722e+09	1.060657e+01	8.482300e+01	7.385374e+01	6.963020e+00	2.976398e-01	0.000000e+00	0.000000e+00	0.000000e+00	7.492694e-05	8.349687e-10	9.048146e-04	5.598955e+05	6.239348e+00	6.761275e+06	
3.000000e-01	7.648535e+09	2.003010e+09	1.070014e+01	8.482300e+01	7.450530e+01	6.963020e+00	3.038480e-01	0.000000e+00	0.000000e+00	0.000000e+00	8.209501e-05	8.783838e-10	9.411145e-04	6.279066e+05	6.718349e+00	7.198147e+06	
3.500000e-01	7.791974e+09	2.339517e+09	1.074834e+01	8.482300e+01	7.484093e+01	6.963020e+00	3.090400e-01	0.000000e+00	0.000000e+00	0.000000e+00	8.939997e-05	9.138727e-10	9.678693e-04	6.966022e+05	7.120872e+00	7.541613e+06	
4.000000e-01	7.919744e+09	2.672235e+09	1.077595e+01	8.482300e+01	7.503315e+01	6.963020e+00	3.135005e-01	0.000000e+00	0.000000e+00	0.000000e+00	9.663634e-05	9.444796e-10	9.888820e-04	7.653350e+05	7.480037e+00	7.831693e+06	
4.500000e-01	8.039352e+09	3.002274e+09	1.079380e+01	8.482300e+01	7.515747e+01	6.963020e+00	3.174114e-01	0.000000e+00	0.000000e+00	0.000000e+00	1.037070e-04	9.720685e-10	1.006421e-03	8.337370e+05	7.814801e+00	8.090973e+06	
5.000000e-01	8.154242e+09	3.330255e+09	1.080679e+01	8.482300e+01	7.524787e+01	6.963020e+00	3.208939e-01	0.000000e+00	0.000000e+00	0.000000e+00	1.105724e-04	9.976285e-10	1.021802e-03	9.016343e+05	8.134904e+00	8.332024e+06	
5.500000e-01	8.266051e+09	3.656543e+09	1.081716e+01	8.482300e+01	7.532012e+01	6.963020e+00	3.240331e-01	0.000000e+00	0.000000e+00	0.000000e+00	1.172207e-04	1.021765e-09	1.035780e-03	9.689522e+05	8.445958e+00	8.561811e+06	
6.000000e-01	8.375593e+09	3.941695e+09	1.082602e+01	8.482300e+01	7.538181e+01	6.963020e+00	3.246134e-01	0.000000e+00	0.000000e+00	0.000000e+00	1.236519e-04	1.044931e-09	1.048787e-03	1.035658e+06	8.751917e+00	8.784209e+06	
6.500000e-01	8.482065e+09	4.304836e+09	1.083234e+01	8.482300e+01	7.542579e+01	6.963020e+00	3.295243e-01	0.000000e+00	0.000000e+00	0.000000e+00	1.298296e-04	1.064913e-09	1.060636e-03	1.101223e+06	9.032664e+00	8.996386e+06	
7.000000e-01	8.588785e+09	4.627153e+09	1.084034e+01	8.482300e+01	7.548148e+01	6.963020e+00	3.319381e-01	0.000000e+00	0.000000e+00	0.000000e+00	1.358598e-04	1.087920e-09	1.072512e-03	1.166871e+06	9.343915e+00	9.211576e+06	
7.500000e-01	8.693760e+09	4.948398e+09	1.084742e+01	8.482300e+01	7.553082e+01	6.963020e+00	3.341862e-01	0.000000e+00	0.000000e+00	0.000000e+00	1.416859e-04	1.109932e-09	1.083851e-03	1.231783e+06	9.649482e+00	9.422739e+06	
8.000000e-01	8.797251e+09	5.268645e+09	1.085390e+01	8.482300e+01	7.557595e+01	6.963020e+00	3.362877e-01	0.000000e+00	0.000000e+00	0.000000e+00	1.473173e-04	1.131243e-09	1.094731e-03	1.295987e+06	9.951825e+00	9.630619e+06	
8.500000e-01	8.899410e+09	5.547869e+09	1.085994e+01	8.482300e+01	7.561800e+01	6.963020e+00	3.359660e-01	0.000000e+00	0.000000e+00	0.000000e+00	1.527620e-04	1.152009e-09	1.105207e-03	1.359492e+06	1.025220e+01	9.835687e+06	
9.000000e-01	8.999091e+09	5.840140e+09	1.086413e+01	8.482300e+01	7.564716e+01	6.963020e+00	3.376651e-01	0.000000e+00	0.000000e+00	0.000000e+00	1.579829e-04	1.169510e-09	1.114908e-03	1.421702e+06	1.052453e+01	1.003316e+07	
9.500000e-01	9.098099e+09	6.157665e+09	1.086864e+01	8.482300e+01	7.567857e+01	6.963020e+00	3.394315e-01	0.000000e+00	0.000000e+00	0.000000e+00	1.628838e-04	1.186099e-09	1.124368e-03	1.481933e+06	1.079124e+01	1.022961e+07	
1.000000e+00	9.196346e+09	6.400522e+09	1.087333e+01	8.482300e+01	7.571121e+01	6.963020e+00	3.399680e-01	0.000000e+00	0.000000e+00	0.000000e+00	1.677091e-04	1.203768e-09	1.133640e-03	1.542311e+06	1.107026e+01	1.042535e+07	
1.050000e+00	9.293098e+09	6.678982e+09	1.087729e+01	8.482300e+01	7.573880e+01	6.963020e+00	3.409586e-01	0.000000e+00	0.000000e+00	0.000000e+00	1.718084e-04	1.215349e-09	1.142442e-03	1.596633e+06	1.129436e+01	1.061683e+07	
1.100000e+00	9.388879e+09	6.893335e+09	1.088113e+01	8.482300e+01	7.576551e+01	6.963020e+00	3.415905e-01	0.000000e+00	0.000000e+00	0.000000e+00	1.757323e-04	1.226308e-09	1.150977e-03	1.649929e+06	1.151366e+01	1.080639e+07	
1.150000e+00	9.483542e+09	7.136509e+09	1.088464e+01	8.482300e+01	7.578998e+01	6.963020e+00	3.423915e-01	0.000000e+00	0.000000e+00	0.000000e+00	1.791435e-04	1.233387e-09	1.159161e-03	1.698915e+06	1.169688e+01	1.099295e+07	
1.200000e+00	9.577301e+09	7.378516e+09	1.088806e+01	8.482300e+01	7.581377e+01	6.963020e+00	3.431778e-01	0.000000e+00	0.000000e+00	0.000000e+00	1.823876e-04	1.239815e-09	1.167107e-03	1.746781e+06	1.187408e+01	1.117774e+07	
1.250000e+00	9.670187e+09	7.584873e+09	1.089139e+01	8.482300e+01	7.583695e+01	6.963020e+00	3.437289e-01	0.000000e+00	0.000000e+00	0.000000e+00	1.854852e-04	1.245783e-09	1.174833e-03	1.793676e+06	1.204696e+01	1.136085e+07	
1.300000e+00	9.762104e+09	7.514373e+09	1.089450e+01	8.482300e+01	7.585863e+01	6.963020e+00	3.413804e-01	0.000000e+00	0.000000e+00	0.000000e+00	1.882474e-04	1.249375e-09	1.182286e-03	1.837691e+06	1.219653e+01	1.154160e+07	
1.350000e+00	9.851556e+09	7.201525e+09	1.089572e+01	8.482300e+01	7.586714e+01	6.963020e+00	3.377382e-01	0.000000e+00	0.000000e+00	0.000000e+00	1.888428e-04	1.248236e-09	1.189172e-03	1.860395e+06	1.229706e+01	1.171519e+07	
1.400000e+00	9.938558e+09	7.191473e+09	1.089510e+01	8.482300e+01	7.586280e+01	6.963020e+00	3.368695e-01	0.000000e+00	0.000000e+00	0.000000e+00	1.867628e-04	1.246846e-09	1.195496e-03	1.856153e+06	1.239185e+01	1.188150e+07	
1.450000e+00	1.002532e+10	7.144259e+09	1.089506e+01	8.482300e+01	7.586253e+01	6.963020e+00	3.355136e-01	0.000000e+00	0.000000e+00	0.000000e+00	1.850890e-04	1.248549e-09	1.201701e-03	1.855578e+06	1.251711e+01	1.204744e+07	
1.500000e+00	1.011137e+10	7.133614e+09	1.089505e+01	8.482300e+01	7.586243e+01	6.963020e+00	3.345352e-01	0.000000e+00	0.000000e+00	0.000000e+00	1.833740e-04	1.248555e-09	1.207664e-03	1.854161e+06	1.262460e+01	1.221114e+07	
1.550000e+00	1.019688e+10	7.123574e+09	1.089525e+01	8.482300e+01	7.586381e+01	6.963020e+00	3.336490e-01	0.000000e+00	0.000000e+00	0.000000e+00	1.818765e-04	1.249804e-09	1.213499e-03	1.854573e+06	1.274410e+01	1.237390e+07	
1.600000e+00	1.028184e+10	7.404923e+09	1.089560e+01	8.482300e+01	7.586627e+01	6.963020e+00	3.357842e-01	0.000000e+00	0.000000e+00	0.000000e+00	1.805267e-04	1.251736e-09	1.219209e-03	1.856147e+06	1.287014e+01	1.253570e+07	
1.650000e+00	1.036782e+10	7.745592e+09	1.089775e+01	8.482300e+01	7.588128e+01	6.963020e+00	3.546493e-01	0.000000e+00	0.000000e+00	0.000000e+00	1.811812e-04	1.257152e-09	1.225112e-03	1.878455e+06	1.303393e+01	1.270175e+07	
1.700000e+00	1.046327e+10	7.965591e+09	1.091044e+01	8.482300e+01	7.596961e+01	6.963020e+00	3.393668e-01	0.000000e+00	0.000000e+00	0.000000e+00	1.806150e-04	1.266408e-09	1.231088e-03	1.889822e+06	1.325077e+01	1.288120e+07	
1.750000e+00	1.054555e+10	7.967567e+09	1.090999e+01	8.482300e+01	7.596647e+01	6.963020e+00	3.398476e-01	0.000000e+00	0.000000e+00	0.000000e+00	1.840182e-04	1.274653e-09	1.237413e-03	1.940572e+06	1.344191e+01	1.304919e+07	
1.800000e+00	1.062826e+10	7.909993e+09	1.091065e+01	8.482300e+01	7.597109e+01	6.963020e+00	3.357642e-01	0.000000e+00	0.000000e+00	0.000000e+00	1.862756e-04	1.282403e-09	1.243316e-03	1.979785e+06	1.362971e+01	1.321428e+07	
1.850000e+00	1.070849e+10	8.523908e+09	1.090942e+01	8.482300e+01	7.596250e+01	6.963020e+00	3.428602e-01	0.000000e+00	0.000000e+00	0.000000e+00	1.865913e-04	1.283782e-09	1.248677e-03	1.998112e+06	1.374737e+01	1.337145e+07	
1.900000e+00	1.079307e+10	8.162929e+09	1.091322e+01	8.482300e+01	7.598894e+01	6.963020e+00	3.221859e-01	0.000000e+00	0.000000e+00	0.000000e+00	1.903704e-04	1.295804e-09	1.254510e-03	2.054680e+06	1.398570e+01	1.354001e+07	
1.950000e+00	1.086491e+10	7.808295e+09	1.090478e+01	8.482300e+01	7.593023e+01	6.963020e+00	3.096729e-01	0.000000e+00	0.000000e+00	0.000000e+00	1.924977e-04	1.299019e-09	1.259961e-03	2.091470e+06	1.411373e+01	1.368937e+07	
2.000000e+00	1.093316e+10	7.122165e+09	1.089347e+01	8.482300e+01	7.585147e+01	6.963020e+00	2.949342e-01	0.000000e+00	0.000000e+00	0.000000e+00	1.935677e-04	1.295782e-09	1.264803e-03	2.116306e+06	1.416699e+01	1.382829e+07	
2.050000e+00	1.099770e+10	7.131692e+09	1.087923e+01	8.482300e+01	7.575232e+01	6.963020e+00	3.080570e-01	0.000000e+00	0.000000e+00	0.000000e+00	1.891972e-04	1.279769e-09	1.268286e-03	2.080735e+06	1.407452e+01	1.394824e+07	
2.100000e+00	1.107485e+10	7.475151e+09	1.087812e+01	8.482300e+01	7.574457e+01	6.963020e+00	3.199436e-01	0.000000e+00	0.000000e+00	0.000000e+00	1.837467e-04	1.268762e-09	1.271325e-03	2.034967e+06	1.405135e+01	1.407973e+07	
2.150000e+00	1.115888e+10	7.814264e+09	1.088428e+01	8.482300e+01	7.578746e+01	6.963020e+00	3.283760e-01	0.000000e+00	0.000000e+00	0.000000e+00	1.800459e-04	1.269666e-09	1.274875e-03	2.009111e+06	1.416805e+01	1.422618e+07	
2.200000e+00	1.124515e+10	7.825951e+09	1.089304e+01	8.482300e+01	7.584847e+01	6.963020e+00	3.189310e-01	0.000000e+00	0.000000e+00	0.000000e+00	1.799136e-04	1.279564e-09	1.279328e-03	2.023155e+06	1.438889e+01	1.438624e+07	
2.250000e+00	1.132293e+10	7.472004e+09	1.089403e+01	8.482300e+01	7.585531e+01	6.963020e+00	3.064480e-01	0.000000e+00	0.000000e+00	0.000000e+00	1.833899e-04	1.293409e-09	1.284536e-03	2.076512e+06	1.464518e+01	1.454471e+07	
2.300000e+00	1.139354e+10	7.478321e+09	1.088863e+01	8.482300e+01	7.581776e+01	6.963020e+00	3.177306e-01	0.000000e+00	0.000000e+00	0.000000e+00	1.854529e-04	1.297117e-09	1.289308e-03	2.112965e+06	1.477876e+01	1.468979e+07	
2.350000e+00	1.147235e+10	7.183326e+09	1.089158e+01	8.482300e+01	7.583830e+01	6.963020e+00	3.177750e-01	0.000000e+00	0.000000e+00	0.000000e+00	1.841729e-04	1.298790e-09	1.293249e-03	2.112897e+06	1.490018e+01	1.483660e+07	
2.400000e+00	1.155006e+10	7.179014e+09	1.089392e+01	8.482300e+01	7.585459e+01	6.963020e+00	3.175301e-01	0.000000e+00	0.000000e+00	0.000000e+00	1.789461e-04	1.295818e-09	1.296579e-03	2.066838e+06	1.496677e+01	1.497557e+07	
2.450000e+00	1.162674e+10	7.174450e+09	1.089572e+01	8.482300e+01	7.586714e+01	6.963020e+00	3.172885e-01	0.000000e+00	0.000000e+00	0.000000e+00	1.754298e-04	1.295261e-09	1.300166e-03	2.039677e+06	1.505967e+01	1.511670e+07	
2.500000e+00	1.170261e+10	6.630918e+09	1.089718e+01	8.482300e+01	7.587731e+01	6.963020e+00	3.156372e-01	0.000000e+00	0.000000e+00	0.000000e+00	1.730178e-04	1.296256e-09	1.303878e-03	2.024759e+06	1.516958e+01	1.525877e+07	
2.550000e+00	1.177701e+10	6.107547e+09	1.089771e+01	8.482300e+01	7.588098e+01	6.963020e+00	3.198263e-01	0.000000e+00	0.000000e+00	0.000000e+00	1.700879e-04	1.297364e-09	1.307441e-03	2.003127e+06	1.527906e+01	1.539775e+07	
2.600000e+00	1.185349e+10	5.565030e+09	1.090057e+01	8.482300e+01	7.590087e+01	6.963020e+00	3.166690e-01	0.000000e+00	0.000000e+00	0.000000e+00	1.674136e-04	1.300681e-09	1.310917e-03	1.984435e+06	1.541761e+01	1.553894e+07	
2.650000e+00	1.192716e+10	5.651343e+09	1.090123e+01	8.482300e+01	7.590549e+01	6.963020e+00	3.240348e-01	0.000000e+00	0.000000e+00	0.000000e+00	1.644675e-04	1.303263e-09	1.314359e-03	1.961631e+06	1.554423e+01	1.567657e+07	
2.700000e+00	1.200460e+10	5.697738e+09	1.090571e+01	8.482300e+01	7.593666e+01	6.963020e+00	3.234764e-01	0.000000e+00	0.000000e+00	0.000000e+00	1.650257e-04	1.314521e-09	1.318297e-03	1.981067e+06	1.578030e+01	1.582563e+07	
2.750000e+00	1.208002e+10	5.445016e+09	1.090870e+01	8.482300e+01	7.595752e+01	6.963020e+00	3.184325e-01	0.000000e+00	0.000000e+00	0.000000e+00	1.663136e-04	1.326884e-09	1.322418e-03	2.009070e+06	1.602879e+01	1.597483e+07	
2.800000e+00	1.215154e+10	5.207885e+09	1.090855e+01	8.482300e+01	7.595647e+01	6.963020e+00	3.185160e-01	0.000000e+00	0.000000e+00	0.000000e+00	1.661916e-04	1.335216e-09	1.326292e-03	2.019484e+06	1.622493e+01	1.611648e+07	
2.850000e+00	1.222317e+10	5.552441e+09	1.090887e+01	8.482300e+01	7.595868e+01	6.963020e+00	3.277648e-01	0.000000e+00	0.000000e+00	0.000000e+00	1.653216e-04	1.343022e-09	1.330167e-03	2.020754e+06	1.641598e+01	1.625885e+07	
2.900000e+00	1.229972e+10	5.959368e+09	1.091392e+01	8.482300e+01	7.599384e+01	6.963020e+00	3.346109e-01	0.000000e+00	0.000000e+00	0.000000e+00	1.667146e-04	1.357673e-09	1.334340e-03	2.050542e+06	1.669900e+01	1.641200e+07	
2.950000e+00	1.237807e+10	6.357165e+09	1.092086e+01	8.482300e+01	7.604220e+01	6.963020e+00	3.383913e-01	0.000000e+00	0.000000e+00	0.000000e+00	1.698893e-04	1.378664e-09	1.338958e-03	2.102902e+06	1.706521e+01	1.657372e+07	
3.000000e+00	1.245585e+10	6.446824e+09	1.092757e+01	8.482300e+01	7.608888e+01	6.963020e+00	3.427372e-01	0.000000e+00	0.000000e+00	0.000000e+00	1.739972e-04	1.402044e-09	1.343833e-03	2.167282e+06	1.746365e+01	1.673858e+07	
3.050000e+00	1.253344e+10	6.819147e+09	1.093438e+01	8.482300e+01	7.613633e+01	6.963020e+00	3.480465e-01	0.000000e+00	0.000000e+00	0.000000e+00	1.776540e-04	1.424753e-09	1.348601e-03	2.226615e+06	1.785706e+01	1.690261e+07	
3.100000e+00	1.261134e+10	7.181208e+09	1.094172e+01	8.482300e+01	7.618744e+01	6.963020e+00	3.512945e-01	0.000000e+00	0.000000e+00	0.000000e+00	1.822677e-04	1.452195e-09	1.353484e-03	2.298640e+06	1.831412e+01	1.706925e+07	
3.150000e+00	1.268822e+10	7.549832e+09	1.094843e+01	8.482300e+01	7.623416e+01	6.963020e+00	3.555515e-01	0.000000e+00	0.000000e+00	0.000000e+00	1.871609e-04	1.483277e-09	1.358379e-03	2.374739e+06	1.882014e+01	1.723541e+07	
3.200000e+00	1.276487e+10	8.202042e+09	1.095520e+01	8.482300e+01	7.628128e+01	6.963020e+00	3.612599e-01	0.000000e+00	0.000000e+00	0.000000e+00	1.924700e-04	1.518345e-09	1.363272e-03	2.456856e+06	1.938148e+01	1.740199e+07	
3.250000e+00	1.284208e+10	8.566207e+09	1.096268e+01	8.482300e+01	7.633338e+01	6.963020e+00	3.645141e-01	0.000000e+00	0.000000e+00	0.000000e+00	1.992951e-04	1.558848e-09	1.368350e-03	2.559365e+06	2.001886e+01	1.757247e+07	
3.300000e+00	1.291823e+10	8.928974e+09	1.096949e+01	8.482300e+01	7.638081e+01	6.963020e+00	3.674755e-01	0.000000e+00	0.000000e+00	0.000000e+00	2.057407e-04	1.599290e-09	1.373320e-03	2.657807e+06	2.066000e+01	1.774087e+07	
3.350000e+00	1.299342e+10	8.990821e+09	1.097572e+01	8.482300e+01	7.642418e+01	6.963020e+00	3.652008e-01	0.000000e+00	0.000000e+00	0.000000e+00	2.118746e-04	1.639063e-09	1.378171e-03	2.752976e+06	2.129703e+01	1.790715e+07	
3.400000e+00	1.306499e+10	9.339170e+09	1.097915e+01	8.482300e+01	7.644801e+01	6.963020e+00	3.654271e-01	0.000000e+00	0.000000e+00	0.000000e+00	2.160302e-04	1.673555e-09	1.382633e-03	2.822433e+06	2.186498e+01	1.806409e+07	
3.450000e+00	1.313539e+10	9.179733e+09	1.098184e+01	8.482300e+01	7.646678e+01	6.963020e+00	3.636337e-01	0.000000e+00	0.000000e+00	0.000000e+00	2.201166e-04	1.707013e-09	1.386947e-03	2.891317e+06	2.242228e+01	1.821809e+07	
3.500000e+00	1.320378e+10	8.989199e+09	1.098312e+01	8.482300e+01	7.647570e+01	6.963020e+00	3.620908e-01	0.000000e+00	0.000000e+00	0.000000e+00	2.226742e-04	1.736756e-09	1.390881e-03	2.940141e+06	2.293174e+01	1.836488e+07	
3.550000e+00	1.327083e+10	9.053406e+09	1.098357e+01	8.482300e+01	7.647878e+01	6.963020e+00	3.611570e-01	0.000000e+00	0.000000e+00	0.000000e+00	2.241743e-04	1.763837e-09	1.394497e-03	2.974979e+06	2.340758e+01	1.850614e+07	
3.600000e+00	1.333720e+10	9.118040e+09	1.098372e+01	8.482300e+01	7.647983e+01	6.963020e+00	3.603845e-01	0.000000e+00	0.000000e+00	0.000000e+00	2.251597e-04	1.789085e-09	1.397885e-03	3.003000e+06	2.386138e+01	1.864388e+07	
3.650000e+00	1.340309e+10	9.472107e+09	1.098374e+01	8.482300e+01	7.647999e+01	6.963020e+00	3.621653e-01	0.000000e+00	0.000000e+00	0.000000e+00	2.257939e-04	1.812893e-09	1.401093e-03	3.026337e+06	2.429837e+01	1.877898e+07	
3.700000e+00	1.346995e+10	9.538590e+09	1.098481e+01	8.482300e+01	7.648748e+01	6.963020e+00	3.617711e-01	0.000000e+00	0.000000e+00	0.000000e+00	2.275564e-04	1.838593e-09	1.404385e-03	3.065174e+06	2.476576e+01	1.891700e+07	
3.750000e+00	1.353619e+10	9.888464e+09	1.098563e+01	8.482300e+01	7.649316e+01	6.963020e+00	3.630173e-01	0.000000e+00	0.000000e+00	0.000000e+00	2.287772e-04	1.862516e-09	1.407531e-03	3.096771e+06	2.521137e+01	1.905260e+07	
3.800000e+00	1.360280e+10	1.023772e+10	1.098699e+01	8.482300e+01	7.650265e+01	6.963020e+00	3.642342e-01	0.000000e+00	0.000000e+00	0.000000e+00	2.307662e-04	1.887387e-09	1.410747e-03	3.139066e+06	2.567373e+01	1.919011e+07	
3.850000e+00	1.366956e+10	1.058635e+10	1.098871e+01	8.482300e+01	7.651462e+01	6.963020e+00	3.654211e-01	0.000000e+00	0.000000e+00	0.000000e+00	2.332483e-04	1.912468e-09	1.414008e-03	3.188401e+06	2.614259e+01	1.932886e+07	
3.900000e+00	1.373632e+10	1.093443e+10	1.099066e+01	8.482300e+01	7.652816e+01	6.963020e+00	3.665782e-01	0.000000e+00	0.000000e+00	0.000000e+00	2.360365e-04	1.937279e-09	1.417290e-03	3.242271e+06	2.661107e+01	1.946835e+07	
3.950000e+00	1.380297e+10	1.128194e+10	1.099274e+01	8.482300e+01	7.654267e+01	6.963020e+00	3.677054e-01	0.000000e+00	0.000000e+00	0.000000e+00	2.390035e-04	1.961526e-09	1.420576e-03	3.298959e+06	2.707488e+01	1.960817e+07	
4.000000e+00	1.386946e+10	1.162889e+10	1.099490e+01	8.482300e+01	7.655773e+01	6.963020e+00	3.688031e-01	0.000000e+00	0.000000e+00	0.000000e+00	2.420630e-04	1.985040e-09	1.423850e-03	3.357282e+06	2.753142e+01	1.974802e+07	
4.050000e+00	1.393572e+10	1.197536e+10	1.099711e+01	8.482300e+01	7.657306e+01	6.963020e+00	3.698723e-01	0.000000e+00	0.000000e+00	0.000000e+00	2.451561e-04	2.007743e-09	1.427102e-03	3.416428e+06	2.797935e+01	1.988770e+07	
4.100000e+00	1.400174e+10	1.232134e+10	1.099932e+01	8.482300e+01	7.658847e+01	6.963020e+00	3.709135e-01	0.000000e+00	0.000000e+00	0.000000e+00	2.482434e-04	2.029616e-09	1.430325e-03	3.475840e+06	2.841816e+01	2.002703e+07	
4.150000e+00	1.406749e+10	1.262510e+10	1.100152e+01	8.482300e+01	7.660383e+01	6.963020e+00	3.695713e-01	0.000000e+00	0.000000e+00	0.000000e+00	2.512984e-04	2.050618e-09	1.433511e-03	3.535137e+06	2.884705e+01	2.016590e+07	
4.200000e+00	1.413166e+10	1.292911e+10	1.100270e+01	8.482300e+01	7.661203e+01	6.963020e+00	3.691541e-01	0.000000e+00	0.000000e+00	0.000000e+00	2.542518e-04	2.066951e-09	1.436397e-03	3.593002e+06	2.920945e+01	2.029868e+07	
4.250000e+00	1.419516e+10	1.323317e+10	1.100356e+01	8.482300e+01	7.661800e+01	6.963020e+00	3.691091e-01	0.000000e+00	0.000000e+00	0.000000e+00	2.571263e-04	2.078033e-09	1.439125e-03	3.649950e+06	2.949802e+01	2.042861e+07	
4.300000e+00	1.425831e+10	1.349960e+10	1.100435e+01	8.482300e+01	7.662351e+01	6.963020e+00	3.685082e-01	0.000000e+00	0.000000e+00	0.000000e+00	2.597030e-04	2.086355e-09	1.441727e-03	3.702926e+06	2.974790e+01	2.055659e+07	
4.350000e+00	1.432083e+10	1.376627e+10	1.100486e+01	8.482300e+01	7.662703e+01	6.963020e+00	3.681603e-01	0.000000e+00	0.000000e+00	0.000000e+00	2.618403e-04	2.091752e-09	1.444156e-03	3.749770e+06	2.995561e+01	2.068151e+07	
4.400000e+00	1.438296e+10	1.403270e+10	1.100527e+01	8.482300e+01	7.662990e+01	6.963020e+00	3.679713e-01	0.000000e+00	0.000000e+00	0.000000e+00	2.636632e-04	2.094047e-09	1.446471e-03	3.792258e+06	3.011859e+01	2.080454e+07	
4.450000e+00	1.444483e+10	1.429879e+10	1.100568e+01	8.482300e+01	7.663275e+01	6.963020e+00	3.678911e-01	0.000000e+00	0.000000e+00	0.000000e+00	2.652555e-04	2.090787e-09	1.448710e-03	3.831572e+06	3.020108e+01	2.092638e+07	
4.500000e+00	1.450651e+10	1.456450e+10	1.100613e+01	8.482300e+01	7.663590e+01	6.963020e+00	3.678897e-01	0.000000e+00	0.000000e+00	0.000000e+00	2.666751e-04	2.081669e-09	1.450897e-03	3.868524e+06	3.019775e+01	2.104745e+07	
4.550000e+00	1.456801e+10	1.455495e+10	1.100664e+01	8.482300e+01	7.663946e+01	6.963020e+00	3.670005e-01	0.000000e+00	0.000000e+00	0.000000e+00	2.679616e-04	2.067238e-09	1.453049e-03	3.903666e+06	3.011553e+01	2.116803e+07	
4.600000e+00	1.462882e+10	1.454563e+10	1.100682e+01	8.482300e+01	7.664073e+01	6.963020e+00	3.661952e-01	0.000000e+00	0.000000e+00	0.000000e+00	2.684524e-04	2.047428e-09	1.455060e-03	3.927143e+06	2.995146e+01	2.128582e+07	
4.650000e+00	1.468913e+10	1.451970e+10	1.100681e+01	8.482300e+01	7.664062e+01	6.963020e+00	3.639639e-01	0.000000e+00	0.000000e+00	0.000000e+00	2.683911e-04	2.025109e-09	1.456964e-03	3.942431e+06	2.974708e+01	2.140152e+07	
4.700000e+00	1.474821e+10	1.449471e+10	1.100607e+01	8.482300e+01	7.663545e+01	6.963020e+00	3.619600e-01	0.000000e+00	0.000000e+00	0.000000e+00	2.673730e-04	1.999793e-09	1.458691e-03	3.943273e+06	2.949337e+01	2.151308e+07	
4.750000e+00	1.480647e+10	1.447083e+10	1.100490e+01	8.482300e+01	7.662733e+01	6.963020e+00	3.601486e-01	0.000000e+00	0.000000e+00	0.000000e+00	2.657024e-04	1.973191e-09	1.460275e-03	3.934116e+06	2.921600e+01	2.162152e+07	
4.800000e+00	1.486418e+10	1.444805e+10	1.100351e+01	8.482300e+01	7.661767e+01	6.963020e+00	3.585009e-01	0.000000e+00	0.000000e+00	0.000000e+00	2.635963e-04	1.946382e-09	1.461746e-03	3.918143e+06	2.893138e+01	2.172766e+07	
4.850000e+00	1.492151e+10	1.442628e+10	1.100203e+01	8.482300e+01	7.660735e+01	6.963020e+00	3.569937e-01	0.000000e+00	0.000000e+00	0.000000e+00	2.612085e-04	1.920026e-09	1.463131e-03	3.897625e+06	2.864968e+01	2.183213e+07	
4.900000e+00	1.497858e+10	1.411312e+10	1.100054e+01	8.482300e+01	7.659696e+01	6.963020e+00	3.529406e-01	0.000000e+00	0.000000e+00	0.000000e+00	2.586482e-04	1.894515e-09	1.464453e-03	3.874182e+06	2.837713e+01	2.193541e+07	
4.950000e+00	1.503398e+10	1.409318e+10	1.099801e+01	8.482300e+01	7.657937e+01	6.963020e+00	3.516718e-01	0.000000e+00	0.000000e+00	0.000000e+00	2.547142e-04	1.866572e-09	1.465519e-03	3.829368e+06	2.806200e+01	2.203258e+07	
5.000000e+00	1.508964e+10	1.407403e+10	1.099586e+01	8.482300e+01	7.656442e+01	6.963020e+00	3.504932e-01	0.000000e+00	0.000000e+00	0.000000e+00	2.510926e-04	1.840732e-09	1.466583e-03	3.788898e+06	2.777598e+01	2.213021e+07	
5.050000e+00	1.514548e+10	1.405557e+10	1.099402e+01	8.482300e+01	7.655159e+01	6.963020e+00	3.493950e-01	0.000000e+00	0.000000e+00	0.000000e+00	2.477230e-04	1.816762e-09	1.467655e-03	3.751883e+06	2.751573e+01	2.222834e+07	
5.100000e+00	1.520141e+10	1.403774e+10	1.099242e+01	8.482300e+01	7.654047e+01	6.963020e+00	3.483688e-01	0.000000e+00	0.000000e+00	0.000000e+00	2.445610e-04	1.794456e-09	1.468741e-03	3.717672e+06	2.727827e+01	2.232693e+07	
5.150000e+00	1.525739e+10	1.406303e+10	1.099103e+01	8.482300e+01	7.653077e+01	6.963020e+00	3.498122e-01	0.000000e+00	0.000000e+00	0.000000e+00	2.415737e-04	1.773739e-09	1.469843e-03	3.685783e+06	2.706263e+01	2.242596e+07	
5.200000e+00	1.531469e+10	1.413354e+10	1.099076e+01	8.482300e+01	7.652885e+01	6.963020e+00	3.519195e-01	0.000000e+00	0.000000e+00	0.000000e+00	2.387982e-04	1.758289e-09	1.471202e-03	3.657119e+06	2.692764e+01	2.253099e+07	
5.250000e+00	1.537325e+10	1.420358e+10	1.099154e+01	8.482300e+01	7.653431e+01	6.963020e+00	3.532340e-01	0.000000e+00	0.000000e+00	0.000000e+00	2.362137e-04	1.759038e-09	1.472911e-03	3.631372e+06	2.704212e+01	2.264342e+07	
5.300000e+00	1.543224e+10	1.431141e+10	1.099277e+01	8.482300e+01	7.654289e+01	6.963020e+00	3.548881e-01	0.000000e+00	0.000000e+00	0.000000e+00	2.342182e-04	1.769576e-09	1.474872e-03	3.614510e+06	2.730851e+01	2.276057e+07	
5.350000e+00	1.549166e+10	1.441826e+10	1.099446e+01	8.482300e+01	7.655463e+01	6.963020e+00	3.561346e-01	0.000000e+00	0.000000e+00	0.000000e+00	2.328507e-04	1.787111e-09	1.477057e-03	3.607244e+06	2.768533e+01	2.288208e+07	
5.400000e+00	1.555113e+10	1.452413e+10	1.099631e+01	8.482300e+01	7.656754e+01	6.963020e+00	3.571031e-01	0.000000e+00	0.000000e+00	0.000000e+00	2.319327e-04	1.811532e-09	1.479368e-03	3.606816e+06	2.817138e+01	2.300585e+07	
5.450000e+00	1.561043e+10	1.497967e+10	1.099818e+01	8.482300e+01	7.658052e+01	6.963020e+00	3.700057e-01	0.000000e+00	0.000000e+00	0.000000e+00	2.313330e-04	1.847008e-09	1.481740e-03	3.611208e+06	2.883259e+01	2.313060e+07	
5.500000e+00	1.567612e+10	1.542990e+10	1.100465e+01	8.482300e+01	7.662562e+01	6.963020e+00	3.793164e-01	0.000000e+00	0.000000e+00	0.000000e+00	2.309380e-04	1.899640e-09	1.484136e-03	3.620211e+06	2.977898e+01	2.326549e+07	
5.550000e+00	1.574447e+10	1.587608e+10	1.101309e+01	8.482300e+01	7.668436e+01	6.963020e+00	3.866067e-01	0.000000e+00	0.000000e+00	0.000000e+00	2.324456e-04	1.966932e-09	1.486954e-03	3.659732e+06	3.096829e+01	2.341130e+07	
5.600000e+00	1.581363e+10	1.705120e+10	1.102217e+01	8.482300e+01	7.674762e+01	6.963020e+00	3.978903e-01	0.000000e+00	0.000000e+00	0.000000e+00	2.352835e-04	2.045131e-09	1.490104e-03	3.720686e+06	3.234094e+01	2.356396e+07	
5.650000e+00	1.588557e+10	1.822198e+10	1.103326e+01	8.482300e+01	7.682482e+01	6.963020e+00	4.078677e-01	0.000000e+00	0.000000e+00	0.000000e+00	2.418038e-04	2.152908e-09	1.494070e-03	3.841191e+06	3.420017e+01	2.373416e+07	
5.700000e+00	1.595882e+10	1.938913e+10	1.104532e+01	8.482300e+01	7.690875e+01	6.963020e+00	4.168392e-01	0.000000e+00	0.000000e+00	0.000000e+00	2.508733e-04	2.279007e-09	1.498642e-03	4.003643e+06	3.637026e+01	2.391656e+07	
5.750000e+00	1.603248e+10	2.011050e+10	1.105770e+01	8.482300e+01	7.699495e+01	6.963020e+00	4.223704e-01	0.000000e+00	0.000000e+00	0.000000e+00	2.616730e-04	2.415487e-09	1.503643e-03	4.195266e+06	3.872624e+01	2.410712e+07	
5.800000e+00	1.610452e+10	2.083721e+10	1.106901e+01	8.482300e+01	7.707376e+01	6.963020e+00	4.151951e-01	0.000000e+00	0.000000e+00	0.000000e+00	2.720629e-04	2.535309e-09	1.508548e-03	4.381442e+06	4.082992e+01	2.429444e+07	
5.850000e+00	1.616832e+10	2.071950e+10	1.107474e+01	8.482300e+01	7.711365e+01	6.963020e+00	4.063767e-01	0.000000e+00	0.000000e+00	0.000000e+00	2.836414e-04	2.644973e-09	1.513385e-03	4.586003e+06	4.276476e+01	2.446889e+07	
5.900000e+00	1.622507e+10	2.056986e+10	1.107575e+01	8.482300e+01	7.712069e+01	6.963020e+00	3.994743e-01	0.000000e+00	0.000000e+00	0.000000e+00	2.908550e-04	2.707808e-09	1.517011e-03	4.719143e+06	4.393437e+01	2.461361e+07	
5.950000e+00	1.627762e+10	2.042338e+10	1.107402e+01	8.482300e+01	7.710865e+01	6.963020e+00	3.939654e-01	0.000000e+00	0.000000e+00	0.000000e+00	2.947588e-04	2.735401e-09	1.519636e-03	4.797973e+06	4.452583e+01	2.473606e+07	
6.000000e+00	1.632778e+10	2.027972e+10	1.107081e+01	8.482300e+01	7.708625e+01	6.963020e+00	3.894024e-01	0.000000e+00	0.000000e+00	0.000000e+00	2.962659e-04	2.736171e-09	1.521491e-03	4.837364e+06	4.467559e+01	2.484258e+07	
6.050000e+00	1.637663e+10	2.013834e+10	1.106685e+01	8.482300e+01	7.705871e+01	6.963020e+00	3.855172e-01	0.000000e+00	0.000000e+00	0.000000e+00	2.960461e-04	2.712136e-09	1.522767e-03	4.848237e+06	4.441564e+01	2.493778e+07	
6.100000e+00	1.642482e+10	2.080270e+10	1.106261e+01	8.482300e+01	7.702915e+01	6.963020e+00	4.051126e-01	0.000000e+00	0.000000e+00	0.000000e+00	2.945909e-04	2.667277e-09	1.523615e-03	4.838604e+06	4.380955e+01	2.502510e+07	
6.150000e+00	1.648546e+10	2.110829e+10	1.106687e+01	8.482300e+01	7.705881e+01	6.963020e+00	4.046543e-01	0.000000e+00	0.000000e+00	0.000000e+00	2.937892e-04	2.633760e-09	1.524500e-03	4.843252e+06	4.341875e+01	2.513209e+07	
6.200000e+00	1.654424e+10	2.141391e+10	1.106997e+01	8.482300e+01	7.708043e+01	6.963020e+00	4.043957e-01	0.000000e+00	0.000000e+00	0.000000e+00	2.935142e-04	2.602535e-09	1.525679e-03	4.855971e+06	4.305698e+01	2.524120e+07	
6.250000e+00	1.660171e+10	2.171864e+10	1.107230e+01	8.482300e+01	7.709661e+01	6.963020e+00	4.042685e-01	0.000000e+00	0.000000e+00	0.000000e+00	2.936158e-04	2.574731e-09	1.527044e-03	4.874523e+06	4.274492e+01	2.535153e+07	
6.300000e+00	1.665822e+10	2.206426e+10	1.107409e+01	8.482300e+01	7.710910e+01	6.963020e+00	4.045211e-01	0.000000e+00	0.000000e+00	0.000000e+00	2.939825e-04	2.550688e-09	1.528525e-03	4.897226e+06	4.248992e+01	2.546251e+07	
6.350000e+00	1.671420e+10	2.236537e+10	1.107563e+01	8.482300e+01	7.711983e+01	6.963020e+00	4.045558e-01	0.000000e+00	0.000000e+00	0.000000e+00	2.946944e-04	2.539767e-09	1.530156e-03	4.925580e+06	4.245016e+01	2.557533e+07	
6.400000e+00	1.676961e+10	2.346263e+10	1.107690e+01	8.482300e+01	7.712870e+01	6.963020e+00	4.209213e-01	0.000000e+00	0.000000e+00	0.000000e+00	2.954812e-04	2.529110e-09	1.531807e-03	4.955105e+06	4.241218e+01	2.568781e+07	
6.450000e+00	1.683360e+10	2.455255e+10	1.108393e+01	8.482300e+01	7.717763e+01	6.963020e+00	4.332665e-01	0.000000e+00	0.000000e+00	0.000000e+00	2.977351e-04	2.546091e-09	1.533913e-03	5.011955e+06	4.285988e+01	2.582128e+07	
6.500000e+00	1.690179e+10	2.473484e+10	1.109378e+01	8.482300e+01	7.724619e+01	6.963020e+00	4.320106e-01	0.000000e+00	0.000000e+00	0.000000e+00	3.028629e-04	2.581642e-09	1.536770e-03	5.118926e+06	4.363437e+01	2.597416e+07	
6.550000e+00	1.696557e+10	2.495893e+10	1.110079e+01	8.482300e+01	7.729501e+01	6.963020e+00	4.315687e-01	0.000000e+00	0.000000e+00	0.000000e+00	3.063940e-04	2.587588e-09	1.539338e-03	5.198149e+06	4.389992e+01	2.611575e+07	
6.600000e+00	1.702647e+10	2.518310e+10	1.110598e+01	8.482300e+01	7.733118e+01	6.963020e+00	4.312288e-01	0.000000e+00	0.000000e+00	0.000000e+00	3.090285e-04	2.580915e-09	1.541715e-03	5.261665e+06	4.394388e+01	2.624997e+07	
6.650000e+00	1.708522e+10	2.537387e+10	1.110986e+01	8.482300e+01	7.735815e+01	6.963020e+00	4.309221e-01	0.000000e+00	0.000000e+00	0.000000e+00	3.109910e-04	2.565994e-09	1.543907e-03	5.313351e+06	4.384058e+01	2.637800e+07	
6.700000e+00	1.714235e+10	2.555963e+10	1.111276e+01	8.482300e+01	7.737834e+01	6.963020e+00	4.302991e-01	0.000000e+00	0.000000e+00	0.000000e+00	3.124320e-04	2.545812e-09	1.545920e-03	5.355818e+06	4.364119e+01	2.650069e+07	
6.750000e+00	1.719803e+10	2.575052e+10	1.111481e+01	8.482300e+01	7.739266e+01	6.963020e+00	4.301071e-01	0.000000e+00	0.000000e+00	0.000000e+00	3.133300e-04	2.518244e-09	1.547725e-03	5.388661e+06	4.330884e+01	2.661783e+07	
6.800000e+00	1.725284e+10	2.555051e+10	1.111639e+01	8.482300e+01	7.740366e+01	6.963020e+00	4.201807e-01	0.000000e+00	0.000000e+00	0.000000e+00	3.139679e-04	2.489908e-09	1.549402e-03	5.416838e+06	4.295798e+01	2.673158e+07	
6.850000e+00	1.730153e+10	2.577429e+10	1.111414e+01	8.482300e+01	7.738796e+01	6.963020e+00	4.201618e-01	0.000000e+00	0.000000e+00	0.000000e+00	3.126059e-04	2.450231e-09	1.550563e-03	5.408561e+06	4.239275e+01	2.682711e+07	
6.900000e+00	1.735106e+10	2.568732e+10	1.111253e+01	8.482300e+01	7.737680e+01	6.963020e+00	4.192233e-01	0.000000e+00	0.000000e+00	0.000000e+00	3.115476e-04	2.413949e-09	1.551652e-03	5.405683e+06	4.188459e+01	2.692281e+07	
6.950000e+00	1.740068e+10	2.493877e+10	1.111109e+01	8.482300e+01	7.736676e+01	6.963020e+00	4.164772e-01	0.000000e+00	0.000000e+00	0.000000e+00	3.101528e-04	2.379748e-09	1.552605e-03	5.396869e+06	4.140922e+01	2.701637e+07	
7.000000e+00	1.744931e+10	2.443340e+10	1.110913e+01	8.482300e+01	7.735312e+01	6.963020e+00	4.146767e-01	0.000000e+00	0.000000e+00	0.000000e+00	3.073995e-04	2.343468e-09	1.553238e-03	5.363909e+06	4.089190e+01	2.710294e+07	
7.050000e+00	1.749768e+10	2.396297e+10	1.110712e+01	8.482300e+01	7.733908e+01	6.963020e+00	4.129892e-01	0.000000e+00	0.000000e+00	0.000000e+00	3.042031e-04	2.307307e-09	1.553710e-03	5.322849e+06	4.037253e+01	2.718633e+07	
7.100000e+00	1.754588e+10	2.311394e+10	1.110510e+01	8.482300e+01	7.732501e+01	6.963020e+00	3.695350e-01	0.000000e+00	0.000000e+00	0.000000e+00	3.007269e-04	2.271889e-09	1.554072e-03	5.276517e+06	3.986229e+01	2.726756e+07	
7.150000e+00	1.757071e+10	2.158146e+10	1.108844e+01	8.482300e+01	7.720901e+01	6.963020e+00	3.413160e-01	0.000000e+00	0.000000e+00	0.000000e+00	2.976189e-04	2.227082e-09	1.554376e-03	5.229376e+06	3.913142e+01	2.731149e+07	
7.200000e+00	1.758622e+10	2.128648e+10	1.106610e+01	8.482300e+01	7.705350e+01	6.963020e+00	3.397677e-01	0.000000e+00	0.000000e+00	0.000000e+00	2.935922e-04	2.165742e-09	1.554018e-03	5.163178e+06	3.808722e+01	2.732930e+07	
7.250000e+00	1.760939e+10	2.099242e+10	1.104879e+01	8.482300e+01	7.693297e+01	6.963020e+00	3.382423e-01	0.000000e+00	0.000000e+00	0.000000e+00	2.894010e-04	2.113527e-09	1.553269e-03	5.096173e+06	3.721792e+01	2.735212e+07	
7.300000e+00	1.763831e+10	2.069960e+10	1.103527e+01	8.482300e+01	7.683883e+01	6.963020e+00	3.367524e-01	0.000000e+00	0.000000e+00	0.000000e+00	2.851313e-04	2.068763e-09	1.552354e-03	5.029233e+06	3.648947e+01	2.738089e+07	
7.350000e+00	1.767156e+10	2.062712e+10	1.102462e+01	8.482300e+01	7.676468e+01	6.963020e+00	3.581594e-01	0.000000e+00	0.000000e+00	0.000000e+00	2.808459e-04	2.030106e-09	1.551411e-03	4.962985e+06	3.587513e+01	2.741584e+07	
7.400000e+00	1.772067e+10	2.001246e+10	1.102399e+01	8.482300e+01	7.676027e+01	6.963020e+00	3.658450e-01	0.000000e+00	0.000000e+00	0.000000e+00	2.767690e-04	2.020675e-09	1.550845e-03	4.904533e+06	3.580772e+01	2.748201e+07	
7.450000e+00	1.777426e+10	1.932674e+10	1.102623e+01	8.482300e+01	7.677583e+01	6.963020e+00	3.509909e-01	0.000000e+00	0.000000e+00	0.000000e+00	2.709404e-04	2.012904e-09	1.550286e-03	4.815767e+06	3.577789e+01	2.755519e+07	
7.500000e+00	1.781882e+10	1.896026e+10	1.102294e+01	8.482300e+01	7.675298e+01	6.963020e+00	3.732587e-01	0.000000e+00	0.000000e+00	0.000000e+00	2.667607e-04	2.005448e-09	1.550144e-03	4.753360e+06	3.573472e+01	2.762173e+07	
7.550000e+00	1.787689e+10	1.895340e+10	1.102811e+01	8.482300e+01	7.678893e+01	6.963020e+00	3.795404e-01	0.000000e+00	0.000000e+00	0.000000e+00	2.622837e-04	2.012286e-09	1.550258e-03	4.688816e+06	3.597341e+01	2.771379e+07	
7.600000e+00	1.793647e+10	1.894448e+10	1.103425e+01	8.482300e+01	7.683172e+01	6.963020e+00	3.846326e-01	0.000000e+00	0.000000e+00	0.000000e+00	2.600469e-04	2.024004e-09	1.550934e-03	4.664323e+06	3.630348e+01	2.781827e+07	
7.650000e+00	1.799653e+10	1.773811e+10	1.104074e+01	8.482300e+01	7.687691e+01	6.963020e+00	3.665258e-01	0.000000e+00	0.000000e+00	0.000000e+00	2.592837e-04	2.040294e-09	1.552032e-03	4.666205e+06	3.671820e+01	2.793119e+07	
7.700000e+00	1.804413e+10	1.634640e+10	1.103966e+01	8.482300e+01	7.686937e+01	6.963020e+00	3.225903e-01	0.000000e+00	0.000000e+00	0.000000e+00	2.572875e-04	2.040170e-09	1.552827e-03	4.642529e+06	3.681309e+01	2.801941e+07	
7.750000e+00	1.806789e+10	1.669696e+10	1.102412e+01	8.482300e+01	7.676116e+01	6.963020e+00	3.378267e-01	0.000000e+00	0.000000e+00	0.000000e+00	2.516817e-04	2.023247e-09	1.552720e-03	4.547359e+06	3.655581e+01	2.805437e+07	
7.800000e+00	1.810599e+10	1.765784e+10	1.101747e+01	8.482300e+01	7.671484e+01	6.963020e+00	3.547241e-01	0.000000e+00	0.000000e+00	0.000000e+00	2.460748e-04	2.018395e-09	1.552416e-03	4.455428e+06	3.654504e+01	2.810802e+07	
7.850000e+00	1.815593e+10	1.799820e+10	1.101812e+01	8.482300e+01	7.671937e+01	6.963020e+00	3.575956e-01	0.000000e+00	0.000000e+00	0.000000e+00	2.423007e-04	2.029518e-09	1.552462e-03	4.399196e+06	3.684779e+01	2.818640e+07	
7.900000e+00	1.820721e+10	1.794480e+10	1.101965e+01	8.482300e+01	7.673006e+01	6.963020e+00	3.462045e-01	0.000000e+00	0.000000e+00	0.000000e+00	2.398580e-04	2.041173e-09	1.552920e-03	4.367146e+06	3.716406e+01	2.827435e+07	
7.950000e+00	1.825163e+10	1.721778e+10	1.101712e+01	8.482300e+01	7.671241e+01	6.963020e+00	3.342705e-01	0.000000e+00	0.000000e+00	0.000000e+00	2.384044e-04	2.037997e-09	1.553575e-03	4.351268e+06	3.719677e+01	2.835528e+07	
8.000000e+00	1.829044e+10	1.729857e+10	1.101130e+01	8.482300e+01	7.667188e+01	6.963020e+00	3.414857e-01	0.000000e+00	0.000000e+00	0.000000e+00	2.342868e-04	2.004611e-09	1.553630e-03	4.285207e+06	3.666520e+01	2.841656e+07	
8.050000e+00	1.833544e+10	1.811148e+10	1.100930e+01	8.482300e+01	7.665799e+01	6.963020e+00	3.487979e-01	0.000000e+00	0.000000e+00	0.000000e+00	2.296858e-04	1.986134e-09	1.553620e-03	4.211389e+06	3.641664e+01	2.848631e+07	
8.100000e+00	1.838523e+10	1.796361e+10	1.101026e+01	8.482300e+01	7.666465e+01	6.963020e+00	3.528642e-01	0.000000e+00	0.000000e+00	0.000000e+00	2.306443e-04	2.017720e-09	1.554845e-03	4.240448e+06	3.709623e+01	2.858617e+07	
8.150000e+00	1.843689e+10	1.831779e+10	1.101241e+01	8.482300e+01	7.667961e+01	6.963020e+00	3.567395e-01	0.000000e+00	0.000000e+00	0.000000e+00	2.297744e-04	2.036716e-09	1.555704e-03	4.236325e+06	3.755070e+01	2.868234e+07	
8.200000e+00	1.848986e+10	1.867039e+10	1.101540e+01	8.482300e+01	7.670046e+01	6.963020e+00	3.598017e-01	0.000000e+00	0.000000e+00	0.000000e+00	2.300292e-04	2.056845e-09	1.556845e-03	4.253208e+06	3.803079e+01	2.878585e+07	
8.250000e+00	1.854339e+10	1.862884e+10	1.101878e+01	8.482300e+01	7.672398e+01	6.963020e+00	3.488028e-01	0.000000e+00	0.000000e+00	0.000000e+00	2.311221e-04	2.081927e-09	1.558218e-03	4.285787e+06	3.860598e+01	2.889464e+07	
8.300000e+00	1.858957e+10	1.898425e+10	1.101786e+01	8.482300e+01	7.671759e+01	6.963020e+00	3.548811e-01	0.000000e+00	0.000000e+00	0.000000e+00	2.328242e-04	2.096273e-09	1.559655e-03	4.328102e+06	3.896881e+01	2.899332e+07	
8.350000e+00	1.863945e+10	1.864206e+10	1.101921e+01	8.482300e+01	7.672695e+01	6.963020e+00	3.515045e-01	0.000000e+00	0.000000e+00	0.000000e+00	2.333227e-04	2.115077e-09	1.560883e-03	4.349007e+06	3.942387e+01	2.909399e+07	
8.400000e+00	1.868696e+10	1.868148e+10	1.101922e+01	8.482300e+01	7.672703e+01	6.963020e+00	3.544845e-01	0.000000e+00	0.000000e+00	0.000000e+00	2.323366e-04	2.126302e-09	1.561830e-03	4.341663e+06	3.973411e+01	2.918585e+07	
8.450000e+00	1.873610e+10	1.809504e+10	1.102026e+01	8.482300e+01	7.673430e+01	6.963020e+00	3.402528e-01	0.000000e+00	0.000000e+00	0.000000e+00	2.317892e-04	2.132799e-09	1.562858e-03	4.342826e+06	3.996034e+01	2.928186e+07	
8.500000e+00	1.877701e+10	1.813866e+10	1.101654e+01	8.482300e+01	7.670837e+01	6.963020e+00	3.463450e-01	0.000000e+00	0.000000e+00	0.000000e+00	2.310452e-04	2.178330e-09	1.563941e-03	4.338338e+06	4.090252e+01	2.936613e+07	
8.550000e+00	1.882269e+10	1.747093e+10	1.101570e+01	8.482300e+01	7.670251e+01	6.963020e+00	3.353793e-01	0.000000e+00	0.000000e+00	0.000000e+00	2.290406e-04	2.203041e-09	1.564698e-03	4.311160e+06	4.146715e+01	2.945182e+07	
8.600000e+00	1.886265e+10	1.712363e+10	1.101159e+01	8.482300e+01	7.667390e+01	6.963020e+00	3.283832e-01	0.000000e+00	0.000000e+00	0.000000e+00	2.270261e-04	2.203454e-09	1.565315e-03	4.282313e+06	4.156298e+01	2.952600e+07	
8.650000e+00	1.890033e+10	1.717249e+10	1.100624e+01	8.482300e+01	7.663665e+01	6.963020e+00	3.364307e-01	0.000000e+00	0.000000e+00	0.000000e+00	2.240673e-04	2.190851e-09	1.565607e-03	4.234945e+06	4.140780e+01	2.959048e+07	
8.700000e+00	1.894447e+10	1.683110e+10	1.100474e+01	8.482300e+01	7.662623e+01	6.963020e+00	3.317793e-01	0.000000e+00	0.000000e+00	0.000000e+00	2.204343e-04	2.180172e-09	1.565742e-03	4.176012e+06	4.130221e+01	2.966216e+07	
8.750000e+00	1.898663e+10	1.592631e+10	1.100216e+01	8.482300e+01	7.660829e+01	6.963020e+00	3.273586e-01	0.000000e+00	0.000000e+00	0.000000e+00	2.163178e-04	2.163176e-09	1.565756e-03	4.107147e+06	4.107142e+01	2.972843e+07	
8.800000e+00	1.902734e+10	1.595207e+10	1.099883e+01	8.482300e+01	7.658507e+01	6.963020e+00	3.279010e-01	0.000000e+00	0.000000e+00	0.000000e+00	2.118345e-04	2.139107e-09	1.565656e-03	4.030648e+06	4.070153e+01	2.979028e+07	
8.850000e+00	1.906962e+10	1.567356e+10	1.099648e+01	8.482300e+01	7.656873e+01	6.963020e+00	3.289937e-01	0.000000e+00	0.000000e+00	0.000000e+00	2.089683e-04	2.117783e-09	1.565791e-03	3.984947e+06	4.038532e+01	2.985905e+07	
8.900000e+00	1.911340e+10	1.637992e+10	1.099507e+01	8.482300e+01	7.655891e+01	6.963020e+00	3.415903e-01	0.000000e+00	0.000000e+00	0.000000e+00	2.070085e-04	2.128112e-09	1.566155e-03	3.956637e+06	4.067547e+01	2.993455e+07	
8.950000e+00	1.916464e+10	1.671400e+10	1.099802e+01	8.482300e+01	7.657941e+01	6.963020e+00	3.441379e-01	0.000000e+00	0.000000e+00	0.000000e+00	2.087348e-04	2.141128e-09	1.567147e-03	4.000329e+06	4.103395e+01	3.003381e+07	
9.000000e+00	1.921616e+10	1.723026e+10	1.100117e+01	8.482300e+01	7.660136e+01	6.963020e+00	3.471432e-01	0.000000e+00	0.000000e+00	0.000000e+00	2.128497e-04	2.151152e-09	1.568715e-03	4.090154e+06	4.133689e+01	3.014469e+07	
9.050000e+00	1.926814e+10	1.762860e+10	1.100463e+01	8.482300e+01	7.662544e+01	6.963020e+00	3.500122e-01	0.000000e+00	0.000000e+00	0.000000e+00	2.172565e-04	2.168063e-09	1.570642e-03	4.186128e+06	4.177454e+01	3.026335e+07	
9.100000e+00	1.932037e+10	1.802396e+10	1.100828e+01	8.482300e+01	7.665088e+01	6.963020e+00	3.432336e-01	0.000000e+00	0.000000e+00	0.000000e+00	2.217907e-04	2.190765e-09	1.572730e-03	4.285080e+06	4.232640e+01	3.038572e+07	
9.150000e+00	1.936748e+10	1.807068e+10	1.100907e+01	8.482300e+01	7.665636e+01	6.963020e+00	3.465143e-01	0.000000e+00	0.000000e+00	0.000000e+00	2.254065e-04	2.214133e-09	1.574609e-03	4.365557e+06	4.288218e+01	3.049621e+07	
9.200000e+00	1.941610e+10	1.847499e+10	1.101077e+01	8.482300e+01	7.666818e+01	6.963020e+00	3.545770e-01	0.000000e+00	0.000000e+00	0.000000e+00	2.284714e-04	2.249336e-09	1.576440e-03	4.436025e+06	4.367334e+01	3.060832e+07	
9.250000e+00	1.946851e+10	1.933366e+10	1.101466e+01	8.482300e+01	7.669531e+01	6.963020e+00	3.642756e-01	0.000000e+00	0.000000e+00	0.000000e+00	2.301555e-04	2.298909e-09	1.578158e-03	4.480785e+06	4.475635e+01	3.072439e+07	
9.300000e+00	1.952478e+10	1.894242e+10	1.102078e+01	8.482300e+01	7.673790e+01	6.963020e+00	3.518355e-01	0.000000e+00	0.000000e+00	0.000000e+00	2.341343e-04	2.393364e-09	1.580516e-03	4.571421e+06	4.672991e+01	3.085924e+07	
9.350000e+00	1.957187e+10	1.851495e+10	1.102176e+01	8.482300e+01	7.674471e+01	6.963020e+00	3.559112e-01	0.000000e+00	0.000000e+00	0.000000e+00	2.375387e-04	2.452583e-09	1.582555e-03	4.649077e+06	4.800164e+01	3.097356e+07	
9.400000e+00	1.962084e+10	1.978660e+10	1.102384e+01	8.482300e+01	7.675923e+01	6.963020e+00	3.646828e-01	0.000000e+00	0.000000e+00	0.000000e+00	2.375816e-04	2.485637e-09	1.583924e-03	4.661550e+06	4.877028e+01	3.107792e+07	
9.450000e+00	1.967385e+10	1.951200e+10	1.102824e+01	8.482300e+01	7.678987e+01	6.963020e+00	3.584337e-01	0.000000e+00	0.000000e+00	0.000000e+00	2.405499e-04	2.539951e-09	1.585975e-03	4.732543e+06	4.997060e+01	3.120223e+07	
9.500000e+00	1.972174e+10	1.946991e+10	1.102982e+01	8.482300e+01	7.680084e+01	6.963020e+00	3.496545e-01	0.000000e+00	0.000000e+00	0.000000e+00	2.441593e-04	2.593952e-09	1.588118e-03	4.815245e+06	5.115724e+01	3.132044e+07	
9.550000e+00	1.976418e+10	1.982903e+10	1.102841e+01	8.482300e+01	7.679102e+01	6.963020e+00	3.450322e-01	0.000000e+00	0.000000e+00	0.000000e+00	2.460716e-04	2.632449e-09	1.589707e-03	4.863405e+06	5.202821e+01	3.141926e+07	
9.600000e+00	1.980462e+10	2.018553e+10	1.102594e+01	8.482300e+01	7.677384e+01	6.963020e+00	3.533432e-01	0.000000e+00	0.000000e+00	0.000000e+00	2.476872e-04	2.671099e-09	1.591053e-03	4.905351e+06	5.290009e+01	3.151019e+07	
9.650000e+00	1.985058e+10	2.065607e+10	1.102661e+01	8.482300e+01	7.677849e+01	6.963020e+00	3.419018e-01	0.000000e+00	0.000000e+00	0.000000e+00	2.480836e-04	2.706672e-09	1.592086e-03	4.924603e+06	5.372900e+01	3.160382e+07	
9.700000e+00	1.988997e+10	2.056644e+10	1.102369e+01	8.482300e+01	7.675818e+01	6.963020e+00	3.477419e-01	0.000000e+00	0.000000e+00	0.000000e+00	2.502678e-04	2.775662e-09	1.593501e-03	4.977821e+06	5.520785e+01	3.169470e+07	
9.750000e+00	1.993370e+10	2.096310e+10	1.102324e+01	8.482300e+01	7.675503e+01	6.963020e+00	3.500651e-01	0.000000e+00	0.000000e+00	0.000000e+00	2.496487e-04	2.791559e-09	1.594244e-03	4.976423e+06	5.564610e+01	3.177918e+07	
9.800000e+00	1.997888e+10	1.965969e+10	1.102364e+01	8.482300e+01	7.675785e+01	6.963020e+00	3.335325e-01	0.000000e+00	0.000000e+00	0.000000e+00	2.499726e-04	2.819592e-09	1.595234e-03	4.994173e+06	5.633229e+01	3.187100e+07	
9.850000e+00	2.001479e+10	1.882301e+10	1.101900e+01	8.482300e+01	7.672551e+01	6.963020e+00	3.160721e-01	0.000000e+00	0.000000e+00	0.000000e+00	2.470946e-04	2.756632e-09	1.595310e-03	4.945547e+06	5.517342e+01	3.192980e+07	
9.900000e+00	2.004286e+10	1.909268e+10	1.101012e+01	8.482300e+01	7.666367e+01	6.963020e+00	3.238180e-01	0.000000e+00	0.000000e+00	0.000000e+00	2.420539e-04	2.675303e-09	1.594774e-03	4.851453e+06	5.362072e+01	3.196382e+07	
9.950000e+00	2.007858e+10	1.934203e+10	1.100553e+01	8.482300e+01	7.663171e+01	6.963020e+00	3.166642e-01	0.000000e+00	0.000000e+00	0.000000e+00	2.382557e-04	2.594494e-09	1.594299e-03	4.783836e+06	5.209377e+01	3.201126e+07	
1.000000e+01	2.011212e+10	1.959769e+10	1.099982e+01	8.482300e+01	7.659194e+01	6.963020e+00	3.325309e-01	0.000000e+00	0.000000e+00	0.000000e+00	2.363046e-04	2.556600e-09	1.594170e-03	4.752586e+06	5.141866e+01	3.206215e+07	
1.005000e+01	2.015657e+10	2.093943e+10	1.100014e+01	8.482300e+01	7.659417e+01	6.963020e+00	3.589217e-01	0.000000e+00	0.000000e+00	0.000000e+00	2.353984e-04	2.509791e-09	1.594198e-03	4.744824e+06	5.058879e+01	3.213357e+07	
1.010000e+01	2.021542e+10	2.221990e+10	1.100834e+01	8.482300e+01	7.665132e+01	6.963020e+00	3.645266e-01	0.000000e+00	0.000000e+00	0.000000e+00	2.359731e-04	2.486936e-09	1.594640e-03	4.770294e+06	5.027444e+01	3.223630e+07	
1.015000e+01	2.027423e+10	2.266708e+10	1.101655e+01	8.482300e+01	7.670845e+01	6.963020e+00	3.761138e-01	0.000000e+00	0.000000e+00	0.000000e+00	2.397843e-04	2.456876e-09	1.595876e-03	4.861441e+06	4.981127e+01	3.235514e+07	
1.020000e+01	2.033630e+10	2.365351e+10	1.102654e+01	8.482300e+01	7.677802e+01	6.963020e+00	3.873204e-01	0.000000e+00	0.000000e+00	0.000000e+00	2.447605e-04	2.429063e-09	1.597419e-03	4.977523e+06	4.939816e+01	3.248559e+07	
1.025000e+01	2.040076e+10	2.461814e+10	1.103783e+01	8.482300e+01	7.685664e+01	6.963020e+00	3.913720e-01	0.000000e+00	0.000000e+00	0.000000e+00	2.515854e-04	2.418252e-09	1.599564e-03	5.132534e+06	4.933419e+01	3.263232e+07	
1.030000e+01	2.046318e+10	2.443249e+10	1.104802e+01	8.482300e+01	7.692760e+01	6.963020e+00	3.863698e-01	0.000000e+00	0.000000e+00	0.000000e+00	2.595001e-04	2.426962e-09	1.602156e-03	5.310198e+06	4.966338e+01	3.278522e+07	
1.035000e+01	2.051898e+10	2.602492e+10	1.105465e+01	8.482300e+01	7.697377e+01	6.963020e+00	4.146598e-01	0.000000e+00	0.000000e+00	0.000000e+00	2.647334e-04	2.414974e-09	1.604322e-03	5.432061e+06	4.955280e+01	3.291907e+07	
1.040000e+01	2.058791e+10	2.767859e+10	1.106836e+01	8.482300e+01	7.706922e+01	6.963020e+00	4.337375e-01	0.000000e+00	0.000000e+00	0.000000e+00	2.713900e-04	2.469791e-09	1.607345e-03	5.587353e+06	5.084783e+01	3.309187e+07	
1.045000e+01	2.066222e+10	2.692388e+10	1.108495e+01	8.482300e+01	7.718473e+01	6.963020e+00	4.083576e-01	0.000000e+00	0.000000e+00	0.000000e+00	2.790725e-04	2.555225e-09	1.611047e-03	5.766256e+06	5.279662e+01	3.328781e+07	
1.050000e+01	2.071622e+10	2.736557e+10	1.109064e+01	8.482300e+01	7.722437e+01	6.963020e+00	3.920945e-01	0.000000e+00	0.000000e+00	0.000000e+00	2.836084e-04	2.596782e-09	1.614008e-03	5.875294e+06	5.379551e+01	3.343614e+07	
1.055000e+01	2.075904e+10	2.730158e+10	1.109039e+01	8.482300e+01	7.722264e+01	6.963020e+00	3.640041e-01	0.000000e+00	0.000000e+00	0.000000e+00	2.907676e-04	2.618649e-09	1.616898e-03	6.036056e+06	5.436065e+01	3.356527e+07	
1.060000e+01	2.078639e+10	2.793102e+10	1.108194e+01	8.482300e+01	7.716377e+01	6.963020e+00	3.872405e-01	0.000000e+00	0.000000e+00	0.000000e+00	2.943441e-04	2.619196e-09	1.618782e-03	6.118351e+06	5.444362e+01	3.364863e+07	
1.065000e+01	2.082982e+10	2.904084e+10	1.108213e+01	8.482300e+01	7.716508e+01	6.963020e+00	3.932007e-01	0.000000e+00	0.000000e+00	0.000000e+00	2.973206e-04	2.616745e-09	1.620244e-03	6.193135e+06	5.450634e+01	3.374940e+07	
1.070000e+01	2.087649e+10	3.026316e+10	1.108408e+01	8.482300e+01	7.717865e+01	6.963020e+00	3.994247e-01	0.000000e+00	0.000000e+00	0.000000e+00	3.018333e-04	2.628805e-09	1.621888e-03	6.301220e+06	5.488021e+01	3.385933e+07	
1.075000e+01	2.092586e+10	3.013946e+10	1.108750e+01	8.482300e+01	7.720250e+01	6.963020e+00	3.989246e-01	0.000000e+00	0.000000e+00	0.000000e+00	3.068018e-04	2.645025e-09	1.623773e-03	6.420093e+06	5.534944e+01	3.397885e+07	
1.080000e+01	2.097367e+10	3.214863e+10	1.109013e+01	8.482300e+01	7.722079e+01	6.963020e+00	4.287422e-01	0.000000e+00	0.000000e+00	0.000000e+00	3.104741e-04	2.655610e-09	1.625477e-03	6.511781e+06	5.569787e+01	3.409221e+07	
1.085000e+01	2.103701e+10	3.203683e+10	1.110099e+01	8.482300e+01	7.729642e+01	6.963020e+00	4.187268e-01	0.000000e+00	0.000000e+00	0.000000e+00	3.174076e-04	2.730999e-09	1.628006e-03	6.677308e+06	5.745206e+01	3.424838e+07	
1.090000e+01	2.109071e+10	3.390815e+10	1.110677e+01	8.482300e+01	7.733668e+01	6.963020e+00	4.434300e-01	0.000000e+00	0.000000e+00	0.000000e+00	3.222413e-04	2.779964e-09	1.630307e-03	6.796297e+06	5.863140e+01	3.438433e+07	
1.095000e+01	2.115594e+10	3.383606e+10	1.111864e+01	8.482300e+01	7.741931e+01	6.963020e+00	4.051744e-01	0.000000e+00	0.000000e+00	0.000000e+00	3.281635e-04	2.839434e-09	1.633005e-03	6.942607e+06	6.007089e+01	3.454776e+07	
1.100000e+01	2.119544e+10	3.486107e+10	1.111701e+01	8.482300e+01	7.740796e+01	6.963020e+00	4.341625e-01	0.000000e+00	0.000000e+00	0.000000e+00	3.352838e-04	2.868990e-09	1.635804e-03	7.106487e+06	6.080949e+01	3.467159e+07	
1.105000e+01	2.125167e+10	3.636010e+10	1.112419e+01	8.482300e+01	7.745794e+01	6.963020e+00	4.297860e-01	0.000000e+00	0.000000e+00	0.000000e+00	3.403342e-04	2.895027e-09	1.638453e-03	7.232669e+06	6.152416e+01	3.481986e+07	
1.110000e+01	2.130276e+10	3.531795e+10	1.112870e+01	8.482300e+01	7.748935e+01	6.963020e+00	4.154467e-01	0.000000e+00	0.000000e+00	0.000000e+00	3.448831e-04	2.938795e-09	1.640977e-03	7.346964e+06	6.260445e+01	3.495735e+07	
1.115000e+01	2.134418e+10	3.548809e+10	1.112819e+01	8.482300e+01	7.748580e+01	6.963020e+00	4.130215e-01	0.000000e+00	0.000000e+00	0.000000e+00	3.447760e-04	2.946641e-09	1.642396e-03	7.358962e+06	6.289364e+01	3.505560e+07	
1.120000e+01	2.138444e+10	3.575105e+10	1.112712e+01	8.482300e+01	7.747838e+01	6.963020e+00	4.068802e-01	0.000000e+00	0.000000e+00	0.000000e+00	3.459187e-04	2.952006e-09	1.643892e-03	7.397278e+06	6.312700e+01	3.515372e+07	
1.125000e+01	2.142169e+10	3.596309e+10	1.112454e+01	8.482300e+01	7.746039e+01	6.963020e+00	4.381501e-01	0.000000e+00	0.000000e+00	0.000000e+00	3.480763e-04	2.967013e-09	1.645614e-03	7.456381e+06	6.355842e+01	3.525182e+07	
1.130000e+01	2.147730e+10	3.665425e+10	1.113153e+01	8.482300e+01	7.750907e+01	6.963020e+00	4.278345e-01	0.000000e+00	0.000000e+00	0.000000e+00	3.470043e-04	2.989410e-09	1.646484e-03	7.452716e+06	6.420445e+01	3.536202e+07	
1.135000e+01	2.152454e+10	3.459047e+10	1.113421e+01	8.482300e+01	7.752769e+01	6.963020e+00	4.114130e-01	0.000000e+00	0.000000e+00	0.000000e+00	3.478363e-04	3.024832e-09	1.647922e-03	7.487018e+06	6.510812e+01	3.547078e+07	
1.140000e+01	2.156164e+10	3.349074e+10	1.113167e+01	8.482300e+01	7.751006e+01	6.963020e+00	3.715461e-01	0.000000e+00	0.000000e+00	0.000000e+00	3.453926e-04	3.013708e-09	1.648573e-03	7.447229e+06	6.498047e+01	3.554594e+07	
1.145000e+01	2.157750e+10	3.413276e+10	1.111825e+01	8.482300e+01	7.741660e+01	6.963020e+00	4.054218e-01	0.000000e+00	0.000000e+00	0.000000e+00	3.399679e-04	2.980032e-09	1.648392e-03	7.335657e+06	6.430163e+01	3.556818e+07	
1.150000e+01	2.161728e+10	3.490301e+10	1.111723e+01	8.482300e+01	7.740948e+01	6.963020e+00	4.019158e-01	0.000000e+00	0.000000e+00	0.000000e+00	3.348982e-04	2.975675e-09	1.648423e-03	7.239588e+06	6.432601e+01	3.563442e+07	
1.155000e+01	2.165551e+10	3.576469e+10	1.111545e+01	8.482300e+01	7.739708e+01	6.963020e+00	4.080171e-01	0.000000e+00	0.000000e+00	0.000000e+00	3.304824e-04	2.983352e-09	1.648455e-03	7.156764e+06	6.460601e+01	3.569812e+07	
1.160000e+01	2.169780e+10	3.738629e+10	1.111580e+01	8.482300e+01	7.739952e+01	6.963020e+00	4.321635e-01	0.000000e+00	0.000000e+00	0.000000e+00	3.299632e-04	2.998830e-09	1.649147e-03	7.159474e+06	6.506799e+01	3.578285e+07	
1.165000e+01	2.175337e+10	3.740512e+10	1.112298e+01	8.482300e+01	7.744954e+01	6.963020e+00	4.183311e-01	0.000000e+00	0.000000e+00	0.000000e+00	3.324651e-04	3.030081e-09	1.650637e-03	7.232236e+06	6.591447e+01	3.590691e+07	
1.170000e+01	2.179855e+10	3.715420e+10	1.112487e+01	8.482300e+01	7.746270e+01	6.963020e+00	3.954044e-01	0.000000e+00	0.000000e+00	0.000000e+00	3.333191e-04	3.043504e-09	1.651886e-03	7.265873e+06	6.634398e+01	3.600871e+07	
1.175000e+01	2.183026e+10	3.680887e+10	1.111994e+01	8.482300e+01	7.742833e+01	6.963020e+00	3.748422e-01	0.000000e+00	0.000000e+00	0.000000e+00	3.318666e-04	3.054289e-09	1.652596e-03	7.244734e+06	6.667593e+01	3.607661e+07	
1.180000e+01	2.185241e+10	3.479677e+10	1.111020e+01	8.482300e+01	7.736051e+01	6.963020e+00	3.405421e-01	0.000000e+00	0.000000e+00	0.000000e+00	3.304439e-04	3.065610e-09	1.653129e-03	7.220995e+06	6.699097e+01	3.612486e+07	
1.185000e+01	2.185920e+10	3.608731e+10	1.109274e+01	8.482300e+01	7.723895e+01	6.963020e+00	3.493580e-01	0.000000e+00	0.000000e+00	0.000000e+00	3.238387e-04	2.993244e-09	1.652126e-03	7.078856e+06	6.542991e+01	3.611415e+07	
1.190000e+01	2.187753e+10	3.656434e+10	1.108123e+01	8.482300e+01	7.715883e+01	6.963020e+00	3.599600e-01	0.000000e+00	0.000000e+00	0.000000e+00	3.204826e-04	2.958866e-09	1.651589e-03	7.011368e+06	6.473269e+01	3.613268e+07	
1.195000e+01	2.190612e+10	3.853718e+10	1.107499e+01	8.482300e+01	7.711537e+01	6.963020e+00	4.080658e-01	0.000000e+00	0.000000e+00	0.000000e+00	3.154258e-04	2.907925e-09	1.650578e-03	6.909756e+06	6.370135e+01	3.615776e+07	
1.200000e+01	2.196372e+10	4.003667e+10	1.108345e+01	8.482300e+01	7.717429e+01	6.963020e+00	4.161088e-01	0.000000e+00	0.000000e+00	0.000000e+00	3.140045e-04	2.930230e-09	1.650818e-03	6.896707e+06	6.435875e+01	3.625810e+07	
1.205000e+01	2.202258e+10	4.049310e+10	1.109255e+01	8.482300e+01	7.723767e+01	6.963020e+00	4.122320e-01	0.000000e+00	0.000000e+00	0.000000e+00	3.165169e-04	2.999604e-09	1.652127e-03	6.970517e+06	6.605901e+01	3.638409e+07	
1.210000e+01	2.207585e+10	4.081958e+10	1.109885e+01	8.482300e+01	7.728153e+01	6.963020e+00	4.118152e-01	0.000000e+00	0.000000e+00	0.000000e+00	3.222652e-04	3.075869e-09	1.654337e-03	7.114278e+06	6.790242e+01	3.652089e+07	
1.215000e+01	2.212652e+10	4.264461e+10	1.110386e+01	8.482300e+01	7.731638e+01	6.963020e+00	4.279232e-01	0.000000e+00	0.000000e+00	0.000000e+00	3.255613e-04	3.139202e-09	1.656000e-03	7.203537e+06	6.945960e+01	3.664150e+07	
1.220000e+01	2.218423e+10	4.499076e+10	1.111241e+01	8.482300e+01	7.737596e+01	6.963020e+00	4.339457e-01	0.000000e+00	0.000000e+00	0.000000e+00	3.280507e-04	3.209874e-09	1.657823e-03	7.277554e+06	7.120860e+01	3.677752e+07	
1.225000e+01	2.224208e+10	4.329965e+10	1.112104e+01	8.482300e+01	7.743600e+01	6.963020e+00	3.880457e-01	0.000000e+00	0.000000e+00	0.000000e+00	3.329297e-04	3.305661e-09	1.660337e-03	7.405048e+06	7.352476e+01	3.692934e+07	
1.230000e+01	2.227115e+10	4.400999e+10	1.111531e+01	8.482300e+01	7.739611e+01	6.963020e+00	4.026116e-01	0.000000e+00	0.000000e+00	0.000000e+00	3.328985e-04	3.255076e-09	1.661342e-03	7.414030e+06	7.249428e+01	3.700000e+07	
1.235000e+01	2.231048e+10	4.308918e+10	1.111475e+01	8.482300e+01	7.739223e+01	6.963020e+00	4.162706e-01	0.000000e+00	0.000000e+00	0.000000e+00	3.338907e-04	3.204530e-09	1.662243e-03	7.449263e+06	7.149462e+01	3.708545e+07	
1.240000e+01	2.235762e+10	4.136453e+10	1.111811e+01	8.482300e+01	7.741563e+01	6.963020e+00	3.521027e-01	0.000000e+00	0.000000e+00	0.000000e+00	3.307259e-04	3.144073e-09	1.662094e-03	7.394245e+06	7.029400e+01	3.716048e+07	
1.245000e+01	2.236782e+10	4.206416e+10	1.110316e+01	8.482300e+01	7.731152e+01	6.963020e+00	4.058811e-01	0.000000e+00	0.000000e+00	0.000000e+00	3.270048e-04	3.066710e-09	1.661816e-03	7.314384e+06	6.859562e+01	3.717119e+07	
