# bin_edge_left	bin_edge_right	dN/d[fe/H]	dN/d[sr/H]	dN/d[o/H]	dN/d[sr/fe]	dN/d[o/fe]	dN/d[o/sr]	
-3.000000e+00	-2.950000e+00	0.000000e+00	0.000000e+00	0.000000e+00	8.578355e-39	8.578355e-39	8.578355e-39	
-2.950000e+00	-2.900000e+00	0.000000e+00	0.000000e+00	0.000000e+00	0.000000e+00	0.000000e+00	0.000000e+00	
-2.900000e+00	-2.850000e+00	0.000000e+00	0.000000e+00	0.000000e+00	0.000000e+00	0.000000e+00	0.000000e+00	
-2.850000e+00	-2.800000e+00	0.000000e+00	0.000000e+00	0.000000e+00	0.000000e+00	0.000000e+00	0.000000e+00	
-2.800000e+00	-2.750000e+00	0.000000e+00	0.000000e+00	0.000000e+00	0.000000e+00	0.000000e+00	0.000000e+00	
-2.750000e+00	-2.700000e+00	0.000000e+00	0.000000e+00	0.000000e+00	0.000000e+00	0.000000e+00	0.000000e+00	
-2.700000e+00	-2.650000e+00	0.000000e+00	0.000000e+00	0.000000e+00	0.000000e+00	0.000000e+00	0.000000e+00	
-2.650000e+00	-2.600000e+00	0.000000e+00	0.000000e+00	0.000000e+00	0.000000e+00	0.000000e+00	0.000000e+00	
-2.600000e+00	-2.550000e+00	0.000000e+00	0.000000e+00	0.000000e+00	0.000000e+00	0.000000e+00	0.000000e+00	
-2.550000e+00	-2.500000e+00	0.000000e+00	0.000000e+00	0.000000e+00	0.000000e+00	0.000000e+00	0.000000e+00	
-2.500000e+00	-2.450000e+00	0.000000e+00	0.000000e+00	0.000000e+00	0.000000e+00	0.000000e+00	0.000000e+00	
-2.450000e+00	-2.400000e+00	0.000000e+00	0.000000e+00	0.000000e+00	0.000000e+00	0.000000e+00	0.000000e+00	
-2.400000e+00	-2.350000e+00	0.000000e+00	0.000000e+00	0.000000e+00	0.000000e+00	0.000000e+00	0.000000e+00	
-2.350000e+00	-2.300000e+00	0.000000e+00	0.000000e+00	0.000000e+00	0.000000e+00	0.000000e+00	0.000000e+00	
-2.300000e+00	-2.250000e+00	0.000000e+00	0.000000e+00	0.000000e+00	0.000000e+00	0.000000e+00	0.000000e+00	
-2.250000e+00	-2.200000e+00	0.000000e+00	0.000000e+00	0.000000e+00	0.000000e+00	0.000000e+00	0.000000e+00	
-2.200000e+00	-2.150000e+00	0.000000e+00	0.000000e+00	0.000000e+00	0.000000e+00	0.000000e+00	0.000000e+00	
-2.150000e+00	-2.100000e+00	0.000000e+00	0.000000e+00	0.000000e+00	0.000000e+00	0.000000e+00	0.000000e+00	
-2.100000e+00	-2.050000e+00	0.000000e+00	0.000000e+00	0.000000e+00	0.000000e+00	0.000000e+00	0.000000e+00	
-2.050000e+00	-2.000000e+00	0.000000e+00	0.000000e+00	0.000000e+00	0.000000e+00	0.000000e+00	0.000000e+00	
-2.000000e+00	-1.950000e+00	0.000000e+00	0.000000e+00	0.000000e+00	0.000000e+00	0.000000e+00	0.000000e+00	
-1.950000e+00	-1.900000e+00	0.000000e+00	0.000000e+00	0.000000e+00	0.000000e+00	0.000000e+00	0.000000e+00	
-1.900000e+00	-1.850000e+00	0.000000e+00	0.000000e+00	0.000000e+00	0.000000e+00	0.000000e+00	0.000000e+00	
-1.850000e+00	-1.800000e+00	0.000000e+00	0.000000e+00	0.000000e+00	0.000000e+00	0.000000e+00	0.000000e+00	
-1.800000e+00	-1.750000e+00	0.000000e+00	0.000000e+00	0.000000e+00	0.000000e+00	0.000000e+00	0.000000e+00	
-1.750000e+00	-1.700000e+00	0.000000e+00	1.318819e-02	0.000000e+00	0.000000e+00	0.000000e+00	0.000000e+00	
-1.700000e+00	-1.650000e+00	0.000000e+00	7.768804e-02	0.000000e+00	0.000000e+00	0.000000e+00	0.000000e+00	
-1.650000e+00	-1.600000e+00	0.000000e+00	0.000000e+00	0.000000e+00	0.000000e+00	0.000000e+00	0.000000e+00	
-1.600000e+00	-1.550000e+00	0.000000e+00	9.385741e-02	0.000000e+00	0.000000e+00	0.000000e+00	0.000000e+00	
-1.550000e+00	-1.500000e+00	0.000000e+00	9.734713e-02	0.000000e+00	0.000000e+00	0.000000e+00	0.000000e+00	
-1.500000e+00	-1.450000e+00	0.000000e+00	5.216408e-02	0.000000e+00	0.000000e+00	0.000000e+00	0.000000e+00	
-1.450000e+00	-1.400000e+00	0.000000e+00	1.301405e-01	0.000000e+00	0.000000e+00	0.000000e+00	0.000000e+00	
-1.400000e+00	-1.350000e+00	0.000000e+00	9.756308e-02	0.000000e+00	0.000000e+00	0.000000e+00	0.000000e+00	
-1.350000e+00	-1.300000e+00	0.000000e+00	7.423722e-02	0.000000e+00	0.000000e+00	0.000000e+00	0.000000e+00	
-1.300000e+00	-1.250000e+00	0.000000e+00	2.346719e-01	0.000000e+00	0.000000e+00	0.000000e+00	0.000000e+00	
-1.250000e+00	-1.200000e+00	1.318819e-02	2.060244e-01	0.000000e+00	0.000000e+00	0.000000e+00	0.000000e+00	
-1.200000e+00	-1.150000e+00	0.000000e+00	2.166424e-01	0.000000e+00	0.000000e+00	0.000000e+00	0.000000e+00	
-1.150000e+00	-1.100000e+00	0.000000e+00	2.934462e-01	0.000000e+00	0.000000e+00	0.000000e+00	0.000000e+00	
-1.100000e+00	-1.050000e+00	6.923157e-02	1.063178e-01	0.000000e+00	0.000000e+00	0.000000e+00	0.000000e+00	
-1.050000e+00	-1.000000e+00	3.533495e-02	1.917070e-01	0.000000e+00	0.000000e+00	0.000000e+00	0.000000e+00	
-1.000000e+00	-9.500000e-01	0.000000e+00	2.561321e-01	0.000000e+00	0.000000e+00	0.000000e+00	0.000000e+00	
-9.500000e-01	-9.000000e-01	0.000000e+00	2.945633e-01	0.000000e+00	0.000000e+00	0.000000e+00	0.000000e+00	
-9.000000e-01	-8.500000e-01	5.216408e-02	1.714776e-01	0.000000e+00	1.643261e-01	0.000000e+00	0.000000e+00	
-8.500000e-01	-8.000000e-01	3.460025e-02	1.787228e-01	0.000000e+00	0.000000e+00	0.000000e+00	0.000000e+00	
-8.000000e-01	-7.500000e-01	7.768804e-02	7.636291e-01	1.318819e-02	3.051675e-01	0.000000e+00	0.000000e+00	
-7.500000e-01	-7.000000e-01	0.000000e+00	1.155504e+00	7.768804e-02	1.538985e+00	0.000000e+00	0.000000e+00	
-7.000000e-01	-6.500000e-01	2.797413e-01	5.458683e-01	8.663802e-02	5.728939e-01	0.000000e+00	0.000000e+00	
-6.500000e-01	-6.000000e-01	0.000000e+00	6.993389e-02	6.923157e-02	5.065994e-01	0.000000e+00	0.000000e+00	
-6.000000e-01	-5.500000e-01	2.261330e-01	4.662966e-01	1.308752e-01	4.673152e-01	0.000000e+00	0.000000e+00	
-5.500000e-01	-5.000000e-01	8.277605e-02	5.381100e-01	5.216408e-02	5.516779e-01	0.000000e+00	0.000000e+00	
-5.000000e-01	-4.500000e-01	2.150631e-01	2.696151e-01	3.460025e-02	9.304257e-01	0.000000e+00	0.000000e+00	
-4.500000e-01	-4.000000e-01	2.718113e-01	1.192827e+00	1.596413e-01	1.345131e+00	0.000000e+00	0.000000e+00	
-4.000000e-01	-3.500000e-01	1.045534e+00	5.771928e-02	1.175759e-01	1.115024e+00	0.000000e+00	0.000000e+00	
-3.500000e-01	-3.000000e-01	4.649748e-01	1.959103e-01	1.518958e-01	8.639788e-01	0.000000e+00	0.000000e+00	
-3.000000e-01	-2.500000e-01	4.565546e-01	4.061127e-01	1.833836e-01	5.859193e-01	0.000000e+00	0.000000e+00	
-2.500000e-01	-2.000000e-01	6.350535e-01	4.177802e-01	3.271398e-01	5.128156e-01	0.000000e+00	0.000000e+00	
-2.000000e-01	-1.500000e-01	7.481604e-01	4.241012e-01	1.780821e+00	9.490052e-01	0.000000e+00	0.000000e+00	
-1.500000e-01	-1.000000e-01	9.364770e-01	3.794204e-01	3.872676e-01	6.247828e-01	0.000000e+00	0.000000e+00	
-1.000000e-01	-5.000000e-02	8.648545e-01	1.227265e-01	5.871165e-01	9.396517e-01	0.000000e+00	0.000000e+00	
-5.000000e-02	0.000000e+00	1.161343e+00	2.588210e-01	2.441021e+00	2.115975e+00	5.706047e-01	1.527625e+00	
0.000000e+00	5.000000e-02	8.310469e-01	2.821870e-01	7.371610e-01	2.762798e+00	6.973953e-01	3.549671e+00	
5.000000e-02	1.000000e-01	8.171151e-01	4.171018e-01	3.678120e-01	3.147529e+00	1.117626e+01	1.846116e+00	
1.000000e-01	1.500000e-01	5.419003e-01	2.320426e-01	5.836176e-01	0.000000e+00	4.234186e+00	1.311483e+00	
1.500000e-01	2.000000e-01	4.302974e-01	4.848977e-01	1.006327e+00	0.000000e+00	1.773987e+00	8.488110e-01	
2.000000e-01	2.500000e-01	5.308430e-01	5.075931e-01	6.944067e-01	0.000000e+00	9.626687e-01	8.442441e-01	
2.500000e-01	3.000000e-01	1.040086e+00	7.029642e-01	2.766136e-01	0.000000e+00	3.803839e-01	5.183619e-01	
3.000000e-01	3.500000e-01	1.524197e+00	1.100151e+00	7.159830e-01	0.000000e+00	0.000000e+00	7.389231e-01	
3.500000e-01	4.000000e-01	2.931991e+00	1.463729e+00	1.383701e+00	0.000000e+00	8.676433e-02	5.459146e-01	
4.000000e-01	4.500000e-01	2.655514e+00	1.327596e+00	2.625243e+00	0.000000e+00	0.000000e+00	1.240016e+00	
4.500000e-01	5.000000e-01	1.026327e+00	1.541003e+00	2.662092e+00	0.000000e+00	1.177547e-01	2.207122e-01	
5.000000e-01	5.500000e-01	0.000000e+00	1.890469e+00	2.346794e+00	0.000000e+00	0.000000e+00	1.115645e+00	
5.500000e-01	6.000000e-01	0.000000e+00	0.000000e+00	0.000000e+00	0.000000e+00	0.000000e+00	1.483774e+00	
6.000000e-01	6.500000e-01	0.000000e+00	0.000000e+00	0.000000e+00	0.000000e+00	0.000000e+00	4.972181e-01	
6.500000e-01	7.000000e-01	0.000000e+00	0.000000e+00	0.000000e+00	0.000000e+00	0.000000e+00	2.260770e-01	
7.000000e-01	7.500000e-01	0.000000e+00	0.000000e+00	0.000000e+00	0.000000e+00	0.000000e+00	5.059606e-01	
7.500000e-01	8.000000e-01	0.000000e+00	0.000000e+00	0.000000e+00	0.000000e+00	0.000000e+00	3.907137e-01	
8.000000e-01	8.500000e-01	0.000000e+00	0.000000e+00	0.000000e+00	0.000000e+00	0.000000e+00	4.676324e-01	
8.500000e-01	9.000000e-01	0.000000e+00	0.000000e+00	0.000000e+00	0.000000e+00	0.000000e+00	5.433586e-01	
9.000000e-01	9.500000e-01	0.000000e+00	0.000000e+00	0.000000e+00	0.000000e+00	0.000000e+00	7.800500e-01	
9.500000e-01	1.000000e+00	0.000000e+00	0.000000e+00	0.000000e+00	0.000000e+00	0.000000e+00	7.976929e-01	
