# COLUMN NUMBERS: 
#	0: time [Gyr]
#	1: mgas [Msun]			ISM gas mass
#	2: mstar [Msun]			Stellar mass
#	3: sfr [Msun/yr]		Star formation rate
#	4: ifr [Msun/yr]		Infall rate
#	5: ofr [Msun/yr]		Outfow rate
#	6: eta_0			Mass-loading factor
#	7: r_eff			Effective recycilng rate
#	8: z_in(fe)			Inflow fe metallicity
#	9: z_in(sr)			Inflow sr metallicity
#	10: z_in(o)			Inflow o metallicity
#	11: z_out(fe)			Outflow fe metallicity
#	12: z_out(sr)			Outflow sr metallicity
#	13: z_out(o)			Outflow o metallicity
#	14: mass(fe) [Msun]		mass of element fe in ISM
#	15: mass(sr) [Msun]		mass of element sr in ISM
#	16: mass(o) [Msun]		mass of element o in ISM
0.000000e+00	1.000000e-12	5.914470e-30	1.577926e-37	7.853982e+01	-9.830270e+55	5.690646e+00	2.503490e-01	0.000000e+00	0.000000e+00	0.000000e+00	1.000000e+00	-0.000000e+00	-0.000000e+00	0.000000e+00	0.000000e+00	0.000000e+00	
5.000000e-02	3.926991e+09	2.224199e+08	5.933959e+00	7.853982e+01	3.376806e+01	5.690646e+00	2.503490e-01	0.000000e+00	0.000000e+00	0.000000e+00	4.777844e-05	5.335259e-10	5.972305e-04	1.876255e+05	2.095151e+00	2.345319e+06	
1.000000e-01	5.943159e+09	5.468573e+08	8.834496e+00	7.853982e+01	5.027399e+01	5.690646e+00	2.655215e-01	0.000000e+00	0.000000e+00	0.000000e+00	6.510158e-05	7.269677e-10	8.137698e-04	3.869090e+05	4.320484e+00	4.836363e+06	
1.500000e-01	7.032013e+09	9.184883e+08	1.028845e+01	7.853982e+01	5.854793e+01	5.690646e+00	2.775763e-01	0.000000e+00	0.000000e+00	0.000000e+00	7.832782e-05	8.798012e-10	9.790823e-04	5.508022e+05	6.186773e+00	6.884919e+06	
2.000000e-01	7.659976e+09	1.328333e+09	1.103610e+01	7.853982e+01	6.280255e+01	5.690646e+00	2.879551e-01	0.000000e+00	0.000000e+00	0.000000e+00	8.813215e-05	9.986862e-10	1.101606e-03	6.750902e+05	7.649913e+00	8.438273e+06	
2.500000e-01	8.053930e+09	1.722743e+09	1.143177e+01	7.853982e+01	6.505418e+01	5.690646e+00	2.959349e-01	0.000000e+00	0.000000e+00	0.000000e+00	1.011261e-04	1.092241e-09	1.191879e-03	8.144624e+05	8.796834e+00	9.599308e+06	
3.000000e-01	8.325776e+09	2.106238e+09	1.164759e+01	7.853982e+01	6.628229e+01	5.690646e+00	3.023703e-01	0.000000e+00	0.000000e+00	0.000000e+00	1.157305e-04	1.166396e-09	1.258131e-03	9.635465e+05	9.711150e+00	1.047491e+07	
3.500000e-01	8.532367e+09	2.483596e+09	1.176965e+01	7.853982e+01	6.697691e+01	5.690646e+00	3.077838e-01	0.000000e+00	0.000000e+00	0.000000e+00	1.302861e-04	1.227722e-09	1.307290e-03	1.111649e+06	1.047537e+01	1.115427e+07	
4.000000e-01	8.703155e+09	2.856255e+09	1.184189e+01	7.853982e+01	6.738802e+01	5.690646e+00	3.124391e-01	0.000000e+00	0.000000e+00	0.000000e+00	1.438769e-04	1.280088e-09	1.344485e-03	1.252183e+06	1.114080e+01	1.170126e+07	
4.500000e-01	8.853644e+09	3.225360e+09	1.188709e+01	7.853982e+01	6.764521e+01	5.690646e+00	3.165152e-01	0.000000e+00	0.000000e+00	0.000000e+00	1.561555e-04	1.326367e-09	1.373436e-03	1.382545e+06	1.174318e+01	1.215991e+07	
5.000000e-01	8.992142e+09	3.591714e+09	1.191725e+01	7.853982e+01	6.781686e+01	5.690646e+00	3.201370e-01	0.000000e+00	0.000000e+00	0.000000e+00	1.670869e-04	1.368235e-09	1.396738e-03	1.502469e+06	1.230337e+01	1.255967e+07	
5.500000e-01	9.123184e+09	3.955864e+09	1.193883e+01	7.853982e+01	6.793965e+01	5.690646e+00	3.233938e-01	0.000000e+00	0.000000e+00	0.000000e+00	1.767792e-04	1.406936e-09	1.416162e-03	1.612790e+06	1.283573e+01	1.291991e+07	
6.000000e-01	9.249299e+09	4.277404e+09	1.195535e+01	7.853982e+01	6.803364e+01	5.690646e+00	3.242321e-01	0.000000e+00	0.000000e+00	0.000000e+00	1.853899e-04	1.443236e-09	1.432895e-03	1.714727e+06	1.334892e+01	1.325327e+07	
6.500000e-01	9.370655e+09	4.678860e+09	1.196715e+01	7.853982e+01	6.810079e+01	5.690646e+00	3.290703e-01	0.000000e+00	0.000000e+00	0.000000e+00	1.930294e-04	1.472972e-09	1.447230e-03	1.808812e+06	1.380271e+01	1.356150e+07	
7.000000e-01	9.491151e+09	5.038176e+09	1.197926e+01	7.853982e+01	6.816972e+01	5.690646e+00	3.315602e-01	0.000000e+00	0.000000e+00	0.000000e+00	1.999601e-04	1.508417e-09	1.460827e-03	1.897851e+06	1.431661e+01	1.386493e+07	
7.500000e-01	9.609285e+09	5.396257e+09	1.198975e+01	7.853982e+01	6.822941e+01	5.690646e+00	3.338736e-01	0.000000e+00	0.000000e+00	0.000000e+00	2.062341e-04	1.542596e-09	1.473357e-03	1.981762e+06	1.482325e+01	1.415791e+07	
8.000000e-01	9.725471e+09	5.753205e+09	1.199913e+01	7.853982e+01	6.828279e+01	5.690646e+00	3.360322e-01	0.000000e+00	0.000000e+00	0.000000e+00	2.119553e-04	1.576139e-09	1.485062e-03	2.061365e+06	1.532870e+01	1.444293e+07	
8.500000e-01	9.839971e+09	6.067468e+09	1.200771e+01	7.853982e+01	6.833162e+01	5.690646e+00	3.359002e-01	0.000000e+00	0.000000e+00	0.000000e+00	2.172071e-04	1.609303e-09	1.496109e-03	2.137312e+06	1.583550e+01	1.472167e+07	
9.000000e-01	9.951665e+09	6.403334e+09	1.201412e+01	7.853982e+01	6.836812e+01	5.690646e+00	3.377004e-01	0.000000e+00	0.000000e+00	0.000000e+00	2.220015e-04	1.636293e-09	1.506133e-03	2.209284e+06	1.628384e+01	1.498853e+07	
9.500000e-01	1.006240e+10	6.757207e+09	1.202061e+01	7.853982e+01	6.840501e+01	5.690646e+00	3.395038e-01	0.000000e+00	0.000000e+00	0.000000e+00	2.263962e-04	1.663431e-09	1.515796e-03	2.278090e+06	1.673811e+01	1.525255e+07	
1.000000e+00	1.017216e+10	7.035161e+09	1.202709e+01	7.853982e+01	6.844192e+01	5.690646e+00	3.401692e-01	0.000000e+00	0.000000e+00	0.000000e+00	2.305368e-04	1.692001e-09	1.525174e-03	2.345058e+06	1.721132e+01	1.551432e+07	
1.050000e+00	1.028027e+10	7.727343e+09	1.203274e+01	7.853982e+01	6.847408e+01	5.690646e+00	3.481588e-01	0.000000e+00	0.000000e+00	0.000000e+00	2.336182e-04	1.713655e-09	1.533969e-03	2.401657e+06	1.761683e+01	1.576961e+07	
1.100000e+00	1.039138e+10	7.983199e+09	1.204297e+01	7.853982e+01	6.853226e+01	5.690646e+00	3.489010e-01	0.000000e+00	0.000000e+00	0.000000e+00	2.419495e-04	1.745706e-09	1.543449e-03	2.514190e+06	1.814030e+01	1.603857e+07	
1.150000e+00	1.049970e+10	8.263376e+09	1.205093e+01	7.853982e+01	6.857757e+01	5.690646e+00	3.497837e-01	0.000000e+00	0.000000e+00	0.000000e+00	2.478587e-04	1.769176e-09	1.552345e-03	2.602442e+06	1.857582e+01	1.629916e+07	
1.200000e+00	1.060603e+10	8.916790e+09	1.205758e+01	7.853982e+01	6.861541e+01	5.690646e+00	3.563417e-01	0.000000e+00	0.000000e+00	0.000000e+00	2.523261e-04	1.787333e-09	1.560786e-03	2.676178e+06	1.895650e+01	1.655374e+07	
1.250000e+00	1.071420e+10	9.530717e+09	1.206725e+01	7.853982e+01	6.867042e+01	5.690646e+00	3.617857e-01	0.000000e+00	0.000000e+00	0.000000e+00	2.601128e-04	1.810804e-09	1.569612e-03	2.786900e+06	1.940132e+01	1.681714e+07	
1.300000e+00	1.082260e+10	9.740937e+09	1.207801e+01	7.853982e+01	6.873167e+01	5.690646e+00	3.593756e-01	0.000000e+00	0.000000e+00	0.000000e+00	2.690941e-04	1.835635e-09	1.578523e-03	2.912296e+06	1.986634e+01	1.708372e+07	
1.350000e+00	1.092613e+10	8.852443e+09	1.208419e+01	7.853982e+01	6.876685e+01	5.690646e+00	3.428769e-01	0.000000e+00	0.000000e+00	0.000000e+00	2.727631e-04	1.849650e-09	1.586331e-03	2.980245e+06	2.020951e+01	1.733246e+07	
1.400000e+00	1.101774e+10	8.762595e+09	1.207815e+01	7.853982e+01	6.873245e+01	5.690646e+00	3.410937e-01	0.000000e+00	0.000000e+00	0.000000e+00	2.631425e-04	1.826379e-09	1.591539e-03	2.899235e+06	2.012257e+01	1.753516e+07	
1.450000e+00	1.111019e+10	8.224226e+09	1.207404e+01	7.853982e+01	6.870909e+01	5.690646e+00	3.143788e-01	0.000000e+00	0.000000e+00	0.000000e+00	2.559967e-04	1.800260e-09	1.596673e-03	2.844172e+06	2.000122e+01	1.773934e+07	
1.500000e+00	1.118781e+10	9.271281e+09	1.205492e+01	7.853982e+01	6.860030e+01	5.690646e+00	3.425855e-01	0.000000e+00	0.000000e+00	0.000000e+00	2.465008e-04	1.764288e-09	1.600952e-03	2.757804e+06	1.973852e+01	1.791115e+07	
1.550000e+00	1.128853e+10	9.523308e+09	1.206166e+01	7.853982e+01	6.863866e+01	5.690646e+00	3.285713e-01	0.000000e+00	0.000000e+00	0.000000e+00	2.458617e-04	1.759402e-09	1.606156e-03	2.775418e+06	1.986107e+01	1.813115e+07	
1.600000e+00	1.137866e+10	9.852895e+09	1.205790e+01	7.853982e+01	6.861724e+01	5.690646e+00	3.444029e-01	0.000000e+00	0.000000e+00	0.000000e+00	2.499853e-04	1.760038e-09	1.612436e-03	2.844499e+06	2.002688e+01	1.834737e+07	
1.650000e+00	1.147954e+10	1.087306e+10	1.206629e+01	7.853982e+01	6.866499e+01	5.690646e+00	3.561375e-01	0.000000e+00	0.000000e+00	0.000000e+00	2.494186e-04	1.763376e-09	1.617748e-03	2.863210e+06	2.024274e+01	1.857100e+07	
1.700000e+00	1.158483e+10	1.155376e+10	1.207993e+01	7.853982e+01	6.874263e+01	5.690646e+00	3.618116e-01	0.000000e+00	0.000000e+00	0.000000e+00	2.571645e-04	1.786191e-09	1.624698e-03	2.979206e+06	2.069271e+01	1.882184e+07	
1.750000e+00	1.168922e+10	1.157963e+10	1.209319e+01	7.853982e+01	6.881807e+01	5.690646e+00	3.602235e-01	0.000000e+00	0.000000e+00	0.000000e+00	2.661901e-04	1.817171e-09	1.632161e-03	3.111556e+06	2.124131e+01	1.907870e+07	
1.800000e+00	1.178846e+10	1.197674e+10	1.210168e+01	7.853982e+01	6.886640e+01	5.690646e+00	3.642149e-01	0.000000e+00	0.000000e+00	0.000000e+00	2.712842e-04	1.844676e-09	1.639153e-03	3.198024e+06	2.174589e+01	1.932310e+07	
1.850000e+00	1.188743e+10	1.175648e+10	1.211048e+01	7.853982e+01	6.891645e+01	5.690646e+00	3.613805e-01	0.000000e+00	0.000000e+00	0.000000e+00	2.775039e-04	1.878172e-09	1.646258e-03	3.298809e+06	2.232664e+01	1.956977e+07	
1.900000e+00	1.198190e+10	1.063805e+10	1.211528e+01	7.853982e+01	6.894379e+01	5.690646e+00	3.480750e-01	0.000000e+00	0.000000e+00	0.000000e+00	2.800494e-04	1.907705e-09	1.652719e-03	3.355524e+06	2.285793e+01	1.980271e+07	
1.950000e+00	1.206679e+10	1.063237e+10	1.211107e+01	7.853982e+01	6.891981e+01	5.690646e+00	3.484479e-01	0.000000e+00	0.000000e+00	0.000000e+00	2.735821e-04	1.896005e-09	1.657275e-03	3.301258e+06	2.287869e+01	1.999799e+07	
2.000000e+00	1.215324e+10	1.028452e+10	1.210913e+01	7.853982e+01	6.890874e+01	5.690646e+00	3.416162e-01	0.000000e+00	0.000000e+00	0.000000e+00	2.696541e-04	1.886835e-09	1.661814e-03	3.277171e+06	2.293115e+01	2.019643e+07	
2.050000e+00	1.223617e+10	1.055481e+10	1.210436e+01	7.853982e+01	6.888162e+01	5.690646e+00	3.416708e-01	0.000000e+00	0.000000e+00	0.000000e+00	2.623876e-04	1.876386e-09	1.665538e-03	3.210620e+06	2.295978e+01	2.037981e+07	
2.100000e+00	1.232065e+10	9.809348e+09	1.210179e+01	7.853982e+01	6.886701e+01	5.690646e+00	3.330625e-01	0.000000e+00	0.000000e+00	0.000000e+00	2.572328e-04	1.874231e-09	1.669281e-03	3.169274e+06	2.309174e+01	2.056663e+07	
2.150000e+00	1.240073e+10	9.717538e+09	1.209557e+01	7.853982e+01	6.883160e+01	5.690646e+00	3.308653e-01	0.000000e+00	0.000000e+00	0.000000e+00	2.485861e-04	1.856881e-09	1.672256e-03	3.082649e+06	2.302669e+01	2.073719e+07	
2.200000e+00	1.248146e+10	9.588798e+09	1.209064e+01	7.853982e+01	6.880356e+01	5.690646e+00	3.264841e-01	0.000000e+00	0.000000e+00	0.000000e+00	2.413619e-04	1.836722e-09	1.675171e-03	3.012550e+06	2.292497e+01	2.090858e+07	
2.250000e+00	1.256111e+10	1.024917e+10	1.208530e+01	7.853982e+01	6.877319e+01	5.690646e+00	3.361726e-01	0.000000e+00	0.000000e+00	0.000000e+00	2.336245e-04	1.811693e-09	1.677822e-03	2.934584e+06	2.275688e+01	2.107531e+07	
2.300000e+00	1.264832e+10	1.085080e+10	1.208780e+01	7.853982e+01	6.878741e+01	5.690646e+00	3.404151e-01	0.000000e+00	0.000000e+00	0.000000e+00	2.347155e-04	1.806115e-09	1.681853e-03	2.968757e+06	2.284432e+01	2.127261e+07	
2.350000e+00	1.273729e+10	1.113006e+10	1.209249e+01	7.853982e+01	6.881405e+01	5.690646e+00	3.423229e-01	0.000000e+00	0.000000e+00	0.000000e+00	2.380066e-04	1.810152e-09	1.686338e-03	3.031560e+06	2.305643e+01	2.147937e+07	
2.400000e+00	1.282593e+10	1.103564e+10	1.209731e+01	7.853982e+01	6.884151e+01	5.690646e+00	3.399031e-01	0.000000e+00	0.000000e+00	0.000000e+00	2.415594e-04	1.816891e-09	1.690977e-03	3.098224e+06	2.330332e+01	2.168835e+07	
2.450000e+00	1.291158e+10	1.125515e+10	1.209977e+01	7.853982e+01	6.885553e+01	5.690646e+00	3.363182e-01	0.000000e+00	0.000000e+00	0.000000e+00	2.429878e-04	1.817539e-09	1.695250e-03	3.137355e+06	2.346730e+01	2.188835e+07	
2.500000e+00	1.299427e+10	1.185190e+10	1.209995e+01	7.853982e+01	6.885655e+01	5.690646e+00	3.475623e-01	0.000000e+00	0.000000e+00	0.000000e+00	2.411243e-04	1.816716e-09	1.698872e-03	3.133234e+06	2.360691e+01	2.207561e+07	
2.550000e+00	1.308371e+10	1.272592e+10	1.210685e+01	7.853982e+01	6.889581e+01	5.690646e+00	3.580195e-01	0.000000e+00	0.000000e+00	0.000000e+00	2.475532e-04	1.827179e-09	1.703834e-03	3.238915e+06	2.390629e+01	2.229247e+07	
2.600000e+00	1.317729e+10	1.326147e+10	1.211795e+01	7.853982e+01	6.895894e+01	5.690646e+00	3.615038e-01	0.000000e+00	0.000000e+00	0.000000e+00	2.585948e-04	1.847266e-09	1.709676e-03	3.407580e+06	2.434197e+01	2.252890e+07	
2.650000e+00	1.326947e+10	1.291692e+10	1.212808e+01	7.853982e+01	6.901661e+01	5.690646e+00	3.596515e-01	0.000000e+00	0.000000e+00	0.000000e+00	2.683979e-04	1.868477e-09	1.715473e-03	3.561500e+06	2.479370e+01	2.276342e+07	
2.700000e+00	1.335733e+10	1.255457e+10	1.213461e+01	7.853982e+01	6.905375e+01	5.690646e+00	3.568751e-01	0.000000e+00	0.000000e+00	0.000000e+00	2.745460e-04	1.882864e-09	1.720782e-03	3.667200e+06	2.515003e+01	2.298504e+07	
2.750000e+00	1.344142e+10	1.248610e+10	1.213811e+01	7.853982e+01	6.907367e+01	5.690646e+00	3.572758e-01	0.000000e+00	0.000000e+00	0.000000e+00	2.776116e-04	1.889163e-09	1.725537e-03	3.731496e+06	2.539305e+01	2.319367e+07	
2.800000e+00	1.352466e+10	1.173473e+10	1.214122e+01	7.853982e+01	6.909136e+01	5.690646e+00	3.354779e-01	0.000000e+00	0.000000e+00	0.000000e+00	2.801885e-04	1.893011e-09	1.730028e-03	3.789454e+06	2.560233e+01	2.339803e+07	
2.850000e+00	1.359368e+10	1.136307e+10	1.213202e+01	7.853982e+01	6.903901e+01	5.690646e+00	3.250120e-01	0.000000e+00	0.000000e+00	0.000000e+00	2.815258e-04	1.885439e-09	1.734211e-03	3.826971e+06	2.563005e+01	2.357430e+07	
2.900000e+00	1.365927e+10	1.091895e+10	1.212029e+01	7.853982e+01	6.897230e+01	5.690646e+00	3.104341e-01	0.000000e+00	0.000000e+00	0.000000e+00	2.834673e-04	1.874382e-09	1.738002e-03	3.871957e+06	2.560268e+01	2.373983e+07	
2.950000e+00	1.371976e+10	1.048161e+10	1.210460e+01	7.853982e+01	6.888299e+01	5.690646e+00	2.992970e-01	0.000000e+00	0.000000e+00	0.000000e+00	2.748998e-04	1.854688e-09	1.739611e-03	3.771558e+06	2.544588e+01	2.386704e+07	
3.000000e+00	1.377851e+10	1.043709e+10	1.208795e+01	7.853982e+01	6.878824e+01	5.690646e+00	2.968740e-01	0.000000e+00	0.000000e+00	0.000000e+00	2.616742e-04	1.829351e-09	1.740000e-03	3.605482e+06	2.520574e+01	2.397462e+07	
3.050000e+00	1.384112e+10	1.009873e+10	1.207523e+01	7.853982e+01	6.871586e+01	5.690646e+00	2.924575e-01	0.000000e+00	0.000000e+00	0.000000e+00	2.504976e-04	1.809286e-09	1.740391e-03	3.467169e+06	2.504255e+01	2.408897e+07	
3.100000e+00	1.390514e+10	9.469618e+09	1.206424e+01	7.853982e+01	6.865329e+01	5.690646e+00	2.856272e-01	0.000000e+00	0.000000e+00	0.000000e+00	2.399953e-04	1.789134e-09	1.740779e-03	3.337167e+06	2.487816e+01	2.420576e+07	
3.150000e+00	1.396854e+10	9.184119e+09	1.205320e+01	7.853982e+01	6.859051e+01	5.690646e+00	2.843005e-01	0.000000e+00	0.000000e+00	0.000000e+00	2.288202e-04	1.765879e-09	1.741047e-03	3.196285e+06	2.466676e+01	2.431990e+07	
3.200000e+00	1.403469e+10	8.615083e+09	1.204499e+01	7.853982e+01	6.854378e+01	5.690646e+00	2.813505e-01	0.000000e+00	0.000000e+00	0.000000e+00	2.201626e-04	1.747506e-09	1.741664e-03	3.089913e+06	2.452570e+01	2.444371e+07	
3.250000e+00	1.410168e+10	8.037818e+09	1.203794e+01	7.853982e+01	6.850366e+01	5.690646e+00	2.771048e-01	0.000000e+00	0.000000e+00	0.000000e+00	2.125784e-04	1.730328e-09	1.742498e-03	2.997712e+06	2.440053e+01	2.457215e+07	
3.300000e+00	1.416838e+10	7.462865e+09	1.203105e+01	7.853982e+01	6.846447e+01	5.690646e+00	2.732024e-01	0.000000e+00	0.000000e+00	0.000000e+00	2.050275e-04	1.713204e-09	1.743407e-03	2.904907e+06	2.427333e+01	2.470125e+07	
3.350000e+00	1.423494e+10	6.614497e+09	1.202445e+01	7.853982e+01	6.842690e+01	5.690646e+00	2.686559e-01	0.000000e+00	0.000000e+00	0.000000e+00	1.976991e-04	1.696315e-09	1.744389e-03	2.814236e+06	2.414695e+01	2.483127e+07	
3.400000e+00	1.430089e+10	6.766265e+09	1.201773e+01	7.853982e+01	6.838863e+01	5.690646e+00	2.896503e-01	0.000000e+00	0.000000e+00	0.000000e+00	1.902998e-04	1.678668e-09	1.745390e-03	2.721456e+06	2.400643e+01	2.496063e+07	
3.450000e+00	1.438161e+10	7.199922e+09	1.202374e+01	7.853982e+01	6.842285e+01	5.690646e+00	3.025194e-01	0.000000e+00	0.000000e+00	0.000000e+00	1.842290e-04	1.676752e-09	1.746867e-03	2.649509e+06	2.411439e+01	2.512275e+07	
3.500000e+00	1.446814e+10	7.042539e+09	1.203484e+01	7.853982e+01	6.848601e+01	5.690646e+00	3.090550e-01	0.000000e+00	0.000000e+00	0.000000e+00	1.795348e-04	1.692911e-09	1.749016e-03	2.597534e+06	2.449327e+01	2.530501e+07	
3.550000e+00	1.455506e+10	7.180319e+09	1.204645e+01	7.853982e+01	6.855210e+01	5.690646e+00	3.154456e-01	0.000000e+00	0.000000e+00	0.000000e+00	1.808327e-04	1.717359e-09	1.752637e-03	2.632030e+06	2.499626e+01	2.550973e+07	
3.600000e+00	1.464212e+10	7.599968e+09	1.205837e+01	7.853982e+01	6.861991e+01	5.690646e+00	3.221823e-01	0.000000e+00	0.000000e+00	0.000000e+00	1.857483e-04	1.748812e-09	1.757146e-03	2.719749e+06	2.560631e+01	2.572835e+07	
3.650000e+00	1.472945e+10	8.016564e+09	1.207068e+01	7.853982e+01	6.868995e+01	5.690646e+00	3.279210e-01	0.000000e+00	0.000000e+00	0.000000e+00	1.931133e-04	1.788956e-09	1.762225e-03	2.844452e+06	2.635033e+01	2.595660e+07	
3.700000e+00	1.481632e+10	8.717258e+09	1.208278e+01	7.853982e+01	6.875884e+01	5.690646e+00	3.348054e-01	0.000000e+00	0.000000e+00	0.000000e+00	2.016297e-04	1.840159e-09	1.767604e-03	2.987410e+06	2.726437e+01	2.618938e+07	
3.750000e+00	1.490350e+10	9.117461e+09	1.209530e+01	7.853982e+01	6.883009e+01	5.690646e+00	3.382369e-01	0.000000e+00	0.000000e+00	0.000000e+00	2.113842e-04	1.904425e-09	1.773215e-03	3.150363e+06	2.838258e+01	2.642711e+07	
3.800000e+00	1.498877e+10	9.516192e+09	1.210645e+01	7.853982e+01	6.889350e+01	5.690646e+00	3.413209e-01	0.000000e+00	0.000000e+00	0.000000e+00	2.203936e-04	1.975484e-09	1.778758e-03	3.303430e+06	2.961008e+01	2.666140e+07	
3.850000e+00	1.507237e+10	9.913540e+09	1.211641e+01	7.853982e+01	6.895021e+01	5.690646e+00	3.441228e-01	0.000000e+00	0.000000e+00	0.000000e+00	2.286495e-04	2.051895e-09	1.784161e-03	3.446291e+06	3.092693e+01	2.689154e+07	
3.900000e+00	1.515451e+10	1.030963e+10	1.212538e+01	7.853982e+01	6.900124e+01	5.690646e+00	3.466913e-01	0.000000e+00	0.000000e+00	0.000000e+00	2.361884e-04	2.129812e-09	1.789386e-03	3.579320e+06	3.227626e+01	2.711728e+07	
3.950000e+00	1.523536e+10	1.070455e+10	1.213350e+01	7.853982e+01	6.904745e+01	5.690646e+00	3.490634e-01	0.000000e+00	0.000000e+00	0.000000e+00	2.430681e-04	2.206941e-09	1.794418e-03	3.703230e+06	3.362353e+01	2.733860e+07	
4.000000e+00	1.531507e+10	1.109840e+10	1.214090e+01	7.853982e+01	6.908959e+01	5.690646e+00	3.512677e-01	0.000000e+00	0.000000e+00	0.000000e+00	2.493529e-04	2.282014e-09	1.799252e-03	3.818857e+06	3.494920e+01	2.755567e+07	
4.050000e+00	1.539377e+10	1.121527e+10	1.214770e+01	7.853982e+01	6.912825e+01	5.690646e+00	3.524044e-01	0.000000e+00	0.000000e+00	0.000000e+00	2.551068e-04	2.354403e-09	1.803893e-03	3.927056e+06	3.624315e+01	2.776872e+07	
4.100000e+00	1.547101e+10	1.160759e+10	1.215353e+01	7.853982e+01	6.916144e+01	5.690646e+00	3.543736e-01	0.000000e+00	0.000000e+00	0.000000e+00	2.600281e-04	2.422746e-09	1.808305e-03	4.022897e+06	3.748233e+01	2.797630e+07	
4.150000e+00	1.554760e+10	1.212240e+10	1.215905e+01	7.853982e+01	6.919283e+01	5.690646e+00	3.757080e-01	0.000000e+00	0.000000e+00	0.000000e+00	2.646380e-04	2.488486e-09	1.812545e-03	4.114485e+06	3.868997e+01	2.818072e+07	
4.200000e+00	1.563541e+10	1.193930e+10	1.217349e+01	7.853982e+01	6.927504e+01	5.690646e+00	3.748548e-01	0.000000e+00	0.000000e+00	0.000000e+00	2.685945e-04	2.558172e-09	1.816528e-03	4.199584e+06	3.999805e+01	2.840216e+07	
4.250000e+00	1.571814e+10	1.201362e+10	1.218411e+01	7.853982e+01	6.933547e+01	5.690646e+00	3.746549e-01	0.000000e+00	0.000000e+00	0.000000e+00	2.719238e-04	2.614728e-09	1.820412e-03	4.274135e+06	4.109865e+01	2.861348e+07	
4.300000e+00	1.579739e+10	1.152768e+10	1.219219e+01	7.853982e+01	6.938143e+01	5.690646e+00	3.732331e-01	0.000000e+00	0.000000e+00	0.000000e+00	2.743164e-04	2.661939e-09	1.824069e-03	4.333483e+06	4.205169e+01	2.881553e+07	
4.350000e+00	1.587323e+10	1.130197e+10	1.219780e+01	7.853982e+01	6.941335e+01	5.690646e+00	3.723775e-01	0.000000e+00	0.000000e+00	0.000000e+00	2.754858e-04	2.699153e-09	1.827368e-03	4.372848e+06	4.284427e+01	2.900623e+07	
4.400000e+00	1.594677e+10	1.135298e+10	1.220183e+01	7.853982e+01	6.943630e+01	5.690646e+00	3.726263e-01	0.000000e+00	0.000000e+00	0.000000e+00	2.759966e-04	2.727230e-09	1.830388e-03	4.401254e+06	4.349050e+01	2.918878e+07	
4.450000e+00	1.601919e+10	1.140512e+10	1.220520e+01	7.853982e+01	6.945545e+01	5.690646e+00	3.729675e-01	0.000000e+00	0.000000e+00	0.000000e+00	2.764632e-04	2.744836e-09	1.833226e-03	4.428717e+06	4.397004e+01	2.936680e+07	
4.500000e+00	1.609075e+10	1.171598e+10	1.220810e+01	7.853982e+01	6.947199e+01	5.690646e+00	3.736562e-01	0.000000e+00	0.000000e+00	0.000000e+00	2.769495e-04	2.751692e-09	1.835924e-03	4.456326e+06	4.427681e+01	2.954141e+07	
4.550000e+00	1.616182e+10	1.230128e+10	1.221082e+01	7.853982e+01	6.948747e+01	5.690646e+00	3.752178e-01	0.000000e+00	0.000000e+00	0.000000e+00	2.775824e-04	2.748683e-09	1.838521e-03	4.486238e+06	4.442373e+01	2.971384e+07	
4.600000e+00	1.623298e+10	1.288555e+10	1.221380e+01	7.853982e+01	6.950443e+01	5.690646e+00	3.767538e-01	0.000000e+00	0.000000e+00	0.000000e+00	2.786582e-04	2.738307e-09	1.841079e-03	4.523454e+06	4.445090e+01	2.988621e+07	
4.650000e+00	1.630414e+10	1.315787e+10	1.221696e+01	7.853982e+01	6.952242e+01	5.690646e+00	3.771340e-01	0.000000e+00	0.000000e+00	0.000000e+00	2.800644e-04	2.724078e-09	1.843616e-03	4.566210e+06	4.441376e+01	3.005858e+07	
4.700000e+00	1.637454e+10	1.342979e+10	1.221973e+01	7.853982e+01	6.953817e+01	5.690646e+00	3.775377e-01	0.000000e+00	0.000000e+00	0.000000e+00	2.812772e-04	2.704400e-09	1.846062e-03	4.605784e+06	4.428330e+01	3.022841e+07	
4.750000e+00	1.644430e+10	1.370104e+10	1.222221e+01	7.853982e+01	6.955229e+01	5.690646e+00	3.779535e-01	0.000000e+00	0.000000e+00	0.000000e+00	2.823554e-04	2.681837e-09	1.848431e-03	4.643138e+06	4.410093e+01	3.039616e+07	
4.800000e+00	1.651354e+10	1.397158e+10	1.222448e+01	7.853982e+01	6.956519e+01	5.690646e+00	3.783763e-01	0.000000e+00	0.000000e+00	0.000000e+00	2.833379e-04	2.658032e-09	1.850735e-03	4.678911e+06	4.389351e+01	3.056219e+07	
4.850000e+00	1.658232e+10	1.398526e+10	1.222659e+01	7.853982e+01	6.957718e+01	5.690646e+00	3.785453e-01	0.000000e+00	0.000000e+00	0.000000e+00	2.842518e-04	2.634027e-09	1.852983e-03	4.713554e+06	4.367828e+01	3.072676e+07	
4.900000e+00	1.665054e+10	1.444210e+10	1.222846e+01	7.853982e+01	6.958782e+01	5.690646e+00	3.933816e-01	0.000000e+00	0.000000e+00	0.000000e+00	2.850304e-04	2.610437e-09	1.855179e-03	4.745909e+06	4.346517e+01	3.088972e+07	
4.950000e+00	1.672724e+10	1.467364e+10	1.223671e+01	7.853982e+01	6.963475e+01	5.690646e+00	4.040195e-01	0.000000e+00	0.000000e+00	0.000000e+00	2.856780e-04	2.617791e-09	1.857710e-03	4.778603e+06	4.378842e+01	3.107435e+07	
5.000000e+00	1.680785e+10	1.490055e+10	1.224793e+01	7.853982e+01	6.969861e+01	5.690646e+00	4.123005e-01	0.000000e+00	0.000000e+00	0.000000e+00	2.921596e-04	2.648889e-09	1.861603e-03	4.910574e+06	4.452212e+01	3.128953e+07	
5.050000e+00	1.689000e+10	1.515438e+10	1.226036e+01	7.853982e+01	6.976939e+01	5.690646e+00	4.046039e-01	0.000000e+00	0.000000e+00	0.000000e+00	3.014902e-04	2.695379e-09	1.866273e-03	5.092170e+06	4.552495e+01	3.152136e+07	
5.100000e+00	1.696354e+10	1.541070e+10	1.226665e+01	7.853982e+01	6.980517e+01	5.690646e+00	4.001374e-01	0.000000e+00	0.000000e+00	0.000000e+00	3.121379e-04	2.722482e-09	1.870961e-03	5.294962e+06	4.618292e+01	3.173812e+07	
5.150000e+00	1.703235e+10	1.546993e+10	1.226967e+01	7.853982e+01	6.982236e+01	5.690646e+00	3.908445e-01	0.000000e+00	0.000000e+00	0.000000e+00	3.173629e-04	2.747596e-09	1.874482e-03	5.405437e+06	4.679802e+01	3.192683e+07	
5.200000e+00	1.709452e+10	1.504798e+10	1.226807e+01	7.853982e+01	6.981326e+01	5.690646e+00	3.714317e-01	0.000000e+00	0.000000e+00	0.000000e+00	3.193067e-04	2.804613e-09	1.877709e-03	5.458395e+06	4.794351e+01	3.209852e+07	
5.250000e+00	1.714528e+10	1.483556e+10	1.225850e+01	7.853982e+01	6.975881e+01	5.690646e+00	3.717501e-01	0.000000e+00	0.000000e+00	0.000000e+00	3.250191e-04	2.846281e-09	1.881124e-03	5.572544e+06	4.880029e+01	3.225240e+07	
5.300000e+00	1.719926e+10	1.446250e+10	1.225147e+01	7.853982e+01	6.971877e+01	5.690646e+00	3.579229e-01	0.000000e+00	0.000000e+00	0.000000e+00	3.215805e-04	2.900656e-09	1.882863e-03	5.530947e+06	4.988914e+01	3.238386e+07	
5.350000e+00	1.724699e+10	1.409581e+10	1.224022e+01	7.853982e+01	6.965476e+01	5.690646e+00	3.478356e-01	0.000000e+00	0.000000e+00	0.000000e+00	3.197693e-04	2.929141e-09	1.884431e-03	5.515059e+06	5.051888e+01	3.250077e+07	
5.400000e+00	1.729211e+10	1.373400e+10	1.222737e+01	7.853982e+01	6.958164e+01	5.690646e+00	3.398489e-01	0.000000e+00	0.000000e+00	0.000000e+00	3.130222e-04	2.938404e-09	1.884741e-03	5.412816e+06	5.081121e+01	3.259116e+07	
5.450000e+00	1.733643e+10	1.425254e+10	1.221421e+01	7.853982e+01	6.950674e+01	5.690646e+00	3.605265e-01	0.000000e+00	0.000000e+00	0.000000e+00	3.038437e-04	2.929566e-09	1.884292e-03	5.267565e+06	5.078820e+01	3.266689e+07	
5.500000e+00	1.739755e+10	1.476288e+10	1.221310e+01	7.853982e+01	6.950043e+01	5.690646e+00	3.744526e-01	0.000000e+00	0.000000e+00	0.000000e+00	2.936988e-04	2.956700e-09	1.883787e-03	5.109639e+06	5.143934e+01	3.277328e+07	
5.550000e+00	1.746752e+10	1.526734e+10	1.221835e+01	7.853982e+01	6.953031e+01	5.690646e+00	3.847971e-01	0.000000e+00	0.000000e+00	0.000000e+00	2.937027e-04	3.003011e-09	1.885335e-03	5.130259e+06	5.245517e+01	3.293213e+07	
5.600000e+00	1.754216e+10	1.536344e+10	1.222697e+01	7.853982e+01	6.957935e+01	5.690646e+00	3.908719e-01	0.000000e+00	0.000000e+00	0.000000e+00	2.991254e-04	3.053267e-09	1.888163e-03	5.247306e+06	5.356090e+01	3.312247e+07	
5.650000e+00	1.761779e+10	1.517309e+10	1.223637e+01	7.853982e+01	6.963286e+01	5.690646e+00	3.942874e-01	0.000000e+00	0.000000e+00	0.000000e+00	3.066083e-04	3.093947e-09	1.891613e-03	5.401763e+06	5.450852e+01	3.332605e+07	
5.700000e+00	1.769256e+10	1.526179e+10	1.224526e+01	7.853982e+01	6.968341e+01	5.690646e+00	3.980604e-01	0.000000e+00	0.000000e+00	0.000000e+00	3.144137e-04	3.133793e-09	1.895346e-03	5.562783e+06	5.544480e+01	3.353352e+07	
5.750000e+00	1.776683e+10	1.578972e+10	1.225389e+01	7.853982e+01	6.973256e+01	5.690646e+00	4.035183e-01	0.000000e+00	0.000000e+00	0.000000e+00	3.223977e-04	3.184412e-09	1.899240e-03	5.727986e+06	5.657691e+01	3.374348e+07	
5.800000e+00	1.784173e+10	1.630701e+10	1.226305e+01	7.853982e+01	6.978465e+01	5.690646e+00	4.193449e-01	0.000000e+00	0.000000e+00	0.000000e+00	3.310405e-04	3.268262e-09	1.903405e-03	5.906337e+06	5.831146e+01	3.396004e+07	
5.850000e+00	1.792346e+10	1.726152e+10	1.227696e+01	7.853982e+01	6.986382e+01	5.690646e+00	4.334628e-01	0.000000e+00	0.000000e+00	0.000000e+00	3.389047e-04	3.376459e-09	1.907618e-03	6.074345e+06	6.051784e+01	3.419112e+07	
5.900000e+00	1.800949e+10	1.698226e+10	1.229386e+01	7.853982e+01	6.995998e+01	5.690646e+00	4.269155e-01	0.000000e+00	0.000000e+00	0.000000e+00	3.519383e-04	3.518708e-09	1.913018e-03	6.338231e+06	6.337015e+01	3.445248e+07	
5.950000e+00	1.808622e+10	1.715071e+10	1.230445e+01	7.853982e+01	7.002025e+01	5.690646e+00	4.256338e-01	0.000000e+00	0.000000e+00	0.000000e+00	3.662136e-04	3.626067e-09	1.918444e-03	6.623418e+06	6.558183e+01	3.469739e+07	
6.000000e+00	1.815883e+10	1.758487e+10	1.231232e+01	7.853982e+01	7.006507e+01	5.690646e+00	4.259053e-01	0.000000e+00	0.000000e+00	0.000000e+00	3.761127e-04	3.730342e-09	1.922974e-03	6.829767e+06	6.773865e+01	3.491895e+07	
6.050000e+00	1.822915e+10	1.830107e+10	1.231873e+01	7.853982e+01	7.010153e+01	5.690646e+00	4.280101e-01	0.000000e+00	0.000000e+00	0.000000e+00	3.835764e-04	3.837470e-09	1.926936e-03	6.992270e+06	6.995380e+01	3.512639e+07	
6.100000e+00	1.829875e+10	1.857142e+10	1.232475e+01	7.853982e+01	7.013581e+01	5.690646e+00	4.278076e-01	0.000000e+00	0.000000e+00	0.000000e+00	3.899770e-04	3.947238e-09	1.930563e-03	7.136092e+06	7.222953e+01	3.532689e+07	
6.150000e+00	1.836634e+10	1.841371e+10	1.232952e+01	7.853982e+01	7.016294e+01	5.690646e+00	4.202108e-01	0.000000e+00	0.000000e+00	0.000000e+00	3.947832e-04	4.029815e-09	1.933721e-03	7.250725e+06	7.401296e+01	3.551538e+07	
6.200000e+00	1.842776e+10	1.825949e+10	1.233026e+01	7.853982e+01	7.016713e+01	5.690646e+00	4.141695e-01	0.000000e+00	0.000000e+00	0.000000e+00	3.949098e-04	4.072336e-09	1.935819e-03	7.277303e+06	7.504403e+01	3.567281e+07	
6.250000e+00	1.848522e+10	1.810846e+10	1.232848e+01	7.853982e+01	7.015703e+01	5.690646e+00	4.092009e-01	0.000000e+00	0.000000e+00	0.000000e+00	3.922272e-04	4.077370e-09	1.937151e-03	7.250408e+06	7.537109e+01	3.580867e+07	
6.300000e+00	1.854018e+10	1.706849e+10	1.232518e+01	7.853982e+01	7.013825e+01	5.690646e+00	3.797378e-01	0.000000e+00	0.000000e+00	0.000000e+00	3.878942e-04	4.045063e-09	1.937925e-03	7.191628e+06	7.499620e+01	3.592948e+07	
6.350000e+00	1.857802e+10	1.693142e+10	1.231069e+01	7.853982e+01	7.005577e+01	5.690646e+00	3.852506e-01	0.000000e+00	0.000000e+00	0.000000e+00	3.816356e-04	3.948588e-09	1.937886e-03	7.090032e+06	7.335694e+01	3.600208e+07	
6.400000e+00	1.862382e+10	1.639909e+10	1.230167e+01	7.853982e+01	7.000447e+01	5.690646e+00	3.736943e-01	0.000000e+00	0.000000e+00	0.000000e+00	3.751438e-04	3.830311e-09	1.937415e-03	6.986610e+06	7.133502e+01	3.608206e+07	
6.450000e+00	1.866536e+10	1.585478e+10	1.229003e+01	7.853982e+01	6.993822e+01	5.690646e+00	3.493212e-01	0.000000e+00	0.000000e+00	0.000000e+00	3.638575e-04	3.694409e-09	1.935989e-03	6.791529e+06	6.895746e+01	3.613592e+07	
6.500000e+00	1.869559e+10	1.562384e+10	1.227117e+01	7.853982e+01	6.983088e+01	5.690646e+00	3.316999e-01	0.000000e+00	0.000000e+00	0.000000e+00	3.542560e-04	3.552181e-09	1.934583e-03	6.623026e+06	6.641012e+01	3.616817e+07	
6.550000e+00	1.872100e+10	1.543869e+10	1.224939e+01	7.853982e+01	6.970691e+01	5.690646e+00	3.169164e-01	0.000000e+00	0.000000e+00	0.000000e+00	3.444006e-04	3.405005e-09	1.932684e-03	6.447523e+06	6.374510e+01	3.618178e+07	
6.600000e+00	1.874428e+10	1.613466e+10	1.222647e+01	7.853982e+01	6.957650e+01	5.690646e+00	3.354723e-01	0.000000e+00	0.000000e+00	0.000000e+00	3.293503e-04	3.256560e-09	1.929541e-03	6.173432e+06	6.104187e+01	3.616785e+07	
6.650000e+00	1.878620e+10	1.693797e+10	1.221594e+01	7.853982e+01	6.951656e+01	5.690646e+00	3.458410e-01	0.000000e+00	0.000000e+00	0.000000e+00	3.155416e-04	3.135351e-09	1.926552e-03	5.927827e+06	5.890134e+01	3.619259e+07	
6.700000e+00	1.883781e+10	1.771200e+10	1.221186e+01	7.853982e+01	6.949336e+01	5.690646e+00	3.557819e-01	0.000000e+00	0.000000e+00	0.000000e+00	3.031516e-04	3.041473e-09	1.924047e-03	5.710710e+06	5.729468e+01	3.624481e+07	
6.750000e+00	1.889677e+10	1.785276e+10	1.221268e+01	7.853982e+01	6.949804e+01	5.690646e+00	3.309522e-01	0.000000e+00	0.000000e+00	0.000000e+00	2.980793e-04	2.973569e-09	1.923089e-03	5.632736e+06	5.619086e+01	3.634018e+07	
6.800000e+00	1.894032e+10	1.924405e+10	1.220367e+01	7.853982e+01	6.944678e+01	5.690646e+00	3.488758e-01	0.000000e+00	0.000000e+00	0.000000e+00	2.930546e-04	2.890914e-09	1.922260e-03	5.550548e+06	5.475483e+01	3.640821e+07	
6.850000e+00	1.899766e+10	1.987486e+10	1.220370e+01	7.853982e+01	6.944692e+01	5.690646e+00	3.520666e-01	0.000000e+00	0.000000e+00	0.000000e+00	2.928527e-04	2.831907e-09	1.922369e-03	5.563518e+06	5.379962e+01	3.652051e+07	
6.900000e+00	1.905695e+10	2.122632e+10	1.220507e+01	7.853982e+01	6.945476e+01	5.690646e+00	3.619900e-01	0.000000e+00	0.000000e+00	0.000000e+00	2.874533e-04	2.785976e-09	1.921813e-03	5.477984e+06	5.309220e+01	3.662390e+07	
6.950000e+00	1.912186e+10	2.221106e+10	1.221014e+01	7.853982e+01	6.948359e+01	5.690646e+00	3.694890e-01	0.000000e+00	0.000000e+00	0.000000e+00	2.877121e-04	2.768487e-09	1.922507e-03	5.501590e+06	5.293861e+01	3.676189e+07	
7.000000e+00	1.918974e+10	2.355577e+10	1.221718e+01	7.853982e+01	6.952363e+01	5.690646e+00	3.763146e-01	0.000000e+00	0.000000e+00	0.000000e+00	2.911700e-04	2.768937e-09	1.924039e-03	5.587476e+06	5.313517e+01	3.692179e+07	
7.050000e+00	1.925956e+10	2.558678e+10	1.222552e+01	7.853982e+01	6.957108e+01	5.690646e+00	4.010076e-01	0.000000e+00	0.000000e+00	0.000000e+00	2.966775e-04	2.784449e-09	1.926194e-03	5.713879e+06	5.362726e+01	3.709765e+07	
7.100000e+00	1.934185e+10	2.732091e+10	1.224180e+01	7.853982e+01	6.966373e+01	5.690646e+00	4.222267e-01	0.000000e+00	0.000000e+00	0.000000e+00	3.048663e-04	2.906033e-09	1.929658e-03	5.896677e+06	5.620806e+01	3.732314e+07	
7.150000e+00	1.943200e+10	2.856708e+10	1.226305e+01	7.853982e+01	6.978469e+01	5.690646e+00	4.139454e-01	0.000000e+00	0.000000e+00	0.000000e+00	3.184118e-04	3.017422e-09	1.934100e-03	6.187379e+06	5.863455e+01	3.758343e+07	
7.200000e+00	1.951042e+10	2.914960e+10	1.227690e+01	7.853982e+01	6.986350e+01	5.690646e+00	4.108670e-01	0.000000e+00	0.000000e+00	0.000000e+00	3.294534e-04	3.115621e-09	1.938232e-03	6.427773e+06	6.078707e+01	3.781572e+07	
7.250000e+00	1.958260e+10	2.977565e+10	1.228686e+01	7.853982e+01	6.992017e+01	5.690646e+00	4.120863e-01	0.000000e+00	0.000000e+00	0.000000e+00	3.428321e-04	3.202447e-09	1.942736e-03	6.713542e+06	6.271223e+01	3.804381e+07	
7.300000e+00	1.965240e+10	3.040096e+10	1.229538e+01	7.853982e+01	6.996863e+01	5.690646e+00	4.134052e-01	0.000000e+00	0.000000e+00	0.000000e+00	3.525618e-04	3.290653e-09	1.946770e-03	6.928684e+06	6.466923e+01	3.825869e+07	
7.350000e+00	1.972034e+10	3.140049e+10	1.230278e+01	7.853982e+01	7.001077e+01	5.690646e+00	4.170966e-01	0.000000e+00	0.000000e+00	0.000000e+00	3.600203e-04	3.380149e-09	1.950441e-03	7.099721e+06	6.665768e+01	3.846335e+07	
7.400000e+00	1.978822e+10	3.240796e+10	1.231021e+01	7.853982e+01	7.005304e+01	5.690646e+00	4.255750e-01	0.000000e+00	0.000000e+00	0.000000e+00	3.677141e-04	3.494341e-09	1.954069e-03	7.276409e+06	6.914680e+01	3.866756e+07	
7.450000e+00	1.985900e+10	3.219766e+10	1.231949e+01	7.853982e+01	7.010583e+01	5.690646e+00	3.985092e-01	0.000000e+00	0.000000e+00	0.000000e+00	3.767424e-04	3.601350e-09	1.957921e-03	7.481726e+06	7.151920e+01	3.888234e+07	
7.500000e+00	1.991019e+10	3.253775e+10	1.231670e+01	7.853982e+01	7.008996e+01	5.690646e+00	4.093148e-01	0.000000e+00	0.000000e+00	0.000000e+00	3.825656e-04	3.660284e-09	1.961000e-03	7.616956e+06	7.287696e+01	3.904388e+07	
7.550000e+00	1.996892e+10	3.249726e+10	1.231867e+01	7.853982e+01	7.010116e+01	5.690646e+00	3.884738e-01	0.000000e+00	0.000000e+00	0.000000e+00	3.875392e-04	3.694185e-09	1.963775e-03	7.738740e+06	7.376889e+01	3.921448e+07	
7.600000e+00	2.001420e+10	3.232647e+10	1.231244e+01	7.853982e+01	7.006574e+01	5.690646e+00	3.993382e-01	0.000000e+00	0.000000e+00	0.000000e+00	3.860135e-04	3.730013e-09	1.965384e-03	7.725750e+06	7.465320e+01	3.933559e+07	
7.650000e+00	2.006812e+10	3.391593e+10	1.231165e+01	7.853982e+01	7.006124e+01	5.690646e+00	4.329169e-01	0.000000e+00	0.000000e+00	0.000000e+00	3.862476e-04	3.730164e-09	1.966927e-03	7.751262e+06	7.485738e+01	3.947252e+07	
7.700000e+00	2.014296e+10	3.503671e+10	1.232376e+01	7.853982e+01	7.013012e+01	5.690646e+00	4.391369e-01	0.000000e+00	0.000000e+00	0.000000e+00	3.885321e-04	3.779727e-09	1.969098e-03	7.826186e+06	7.613489e+01	3.966346e+07	
7.750000e+00	2.021785e+10	3.614368e+10	1.233591e+01	7.853982e+01	7.019931e+01	5.690646e+00	4.655136e-01	0.000000e+00	0.000000e+00	0.000000e+00	3.997942e-04	3.857326e-09	1.973021e-03	8.082978e+06	7.798683e+01	3.989024e+07	
7.800000e+00	2.030521e+10	3.678805e+10	1.235568e+01	7.853982e+01	7.031182e+01	5.690646e+00	4.746068e-01	0.000000e+00	0.000000e+00	0.000000e+00	4.056252e-04	3.930524e-09	1.975996e-03	8.236302e+06	7.981010e+01	4.012301e+07	
7.850000e+00	2.039203e+10	3.664630e+10	1.237511e+01	7.853982e+01	7.042238e+01	5.690646e+00	4.435229e-01	0.000000e+00	0.000000e+00	0.000000e+00	4.145004e-04	3.988645e-09	1.979710e-03	8.452504e+06	8.133656e+01	4.037030e+07	
7.900000e+00	2.045357e+10	3.730870e+10	1.237923e+01	7.853982e+01	7.044582e+01	5.690646e+00	4.565382e-01	0.000000e+00	0.000000e+00	0.000000e+00	4.227205e-04	4.031233e-09	1.983567e-03	8.646145e+06	8.245312e+01	4.057104e+07	
7.950000e+00	2.052189e+10	3.809324e+10	1.238750e+01	7.853982e+01	7.049289e+01	5.690646e+00	4.555466e-01	0.000000e+00	0.000000e+00	0.000000e+00	4.257447e-04	4.073267e-09	1.986191e-03	8.737087e+06	8.359113e+01	4.076040e+07	
8.000000e+00	2.058702e+10	3.861270e+10	1.239389e+01	7.853982e+01	7.052926e+01	5.690646e+00	4.485921e-01	0.000000e+00	0.000000e+00	0.000000e+00	4.308064e-04	4.146918e-09	1.989548e-03	8.869018e+06	8.537266e+01	4.095887e+07	
8.050000e+00	2.064584e+10	3.828809e+10	1.239656e+01	7.853982e+01	7.054441e+01	5.690646e+00	4.429008e-01	0.000000e+00	0.000000e+00	0.000000e+00	4.374698e-04	4.256980e-09	1.993236e-03	9.031932e+06	8.788893e+01	4.115203e+07	
8.100000e+00	2.070030e+10	3.863353e+10	1.239668e+01	7.853982e+01	7.054511e+01	5.690646e+00	4.267069e-01	0.000000e+00	0.000000e+00	0.000000e+00	4.400348e-04	4.328210e-09	1.996161e-03	9.108853e+06	8.959526e+01	4.132114e+07	
8.150000e+00	2.074469e+10	3.820428e+10	1.239087e+01	7.853982e+01	7.051204e+01	5.690646e+00	4.200922e-01	0.000000e+00	0.000000e+00	0.000000e+00	4.405406e-04	4.383787e-09	1.998411e-03	9.138879e+06	9.094031e+01	4.145643e+07	
8.200000e+00	2.078680e+10	3.859237e+10	1.238381e+01	7.853982e+01	7.047189e+01	5.690646e+00	4.281440e-01	0.000000e+00	0.000000e+00	0.000000e+00	4.325314e-04	4.402998e-09	1.998836e-03	8.990947e+06	9.152427e+01	4.154941e+07	
8.250000e+00	2.083611e+10	3.904527e+10	1.238115e+01	7.853982e+01	7.045676e+01	5.690646e+00	4.290803e-01	0.000000e+00	0.000000e+00	0.000000e+00	4.301957e-04	4.422189e-09	2.000084e-03	8.963605e+06	9.214123e+01	4.167399e+07	
8.300000e+00	2.088683e+10	3.912975e+10	1.237943e+01	7.853982e+01	7.044694e+01	5.690646e+00	4.262608e-01	0.000000e+00	0.000000e+00	0.000000e+00	4.285368e-04	4.448751e-09	2.001385e-03	8.950778e+06	9.292033e+01	4.180259e+07	
8.350000e+00	2.093635e+10	3.902661e+10	1.237708e+01	7.853982e+01	7.043358e+01	5.690646e+00	4.342196e-01	0.000000e+00	0.000000e+00	0.000000e+00	4.259355e-04	4.472596e-09	2.002347e-03	8.917534e+06	9.363983e+01	4.192183e+07	
8.400000e+00	2.099153e+10	3.948312e+10	1.237816e+01	7.853982e+01	7.043974e+01	5.690646e+00	4.084887e-01	0.000000e+00	0.000000e+00	0.000000e+00	4.222408e-04	4.496855e-09	2.002938e-03	8.863478e+06	9.439585e+01	4.204472e+07	
8.450000e+00	2.103044e+10	3.908706e+10	1.236975e+01	7.853982e+01	7.039188e+01	5.690646e+00	4.106516e-01	0.000000e+00	0.000000e+00	0.000000e+00	4.230135e-04	4.513564e-09	2.004327e-03	8.896158e+06	9.492222e+01	4.215188e+07	
8.500000e+00	2.107333e+10	3.866009e+10	1.236380e+01	7.853982e+01	7.035800e+01	5.690646e+00	4.222873e-01	0.000000e+00	0.000000e+00	0.000000e+00	4.244863e-04	4.531036e-09	2.005969e-03	8.945339e+06	9.548402e+01	4.227244e+07	
8.550000e+00	2.112529e+10	3.880868e+10	1.236326e+01	7.853982e+01	7.035491e+01	5.690646e+00	4.256678e-01	0.000000e+00	0.000000e+00	0.000000e+00	4.222124e-04	4.515867e-09	2.006589e-03	8.919357e+06	9.539898e+01	4.238975e+07	
8.600000e+00	2.117950e+10	3.853813e+10	1.236411e+01	7.853982e+01	7.035979e+01	5.690646e+00	4.180193e-01	0.000000e+00	0.000000e+00	0.000000e+00	4.215528e-04	4.496600e-09	2.007617e-03	8.928277e+06	9.523575e+01	4.252032e+07	
8.650000e+00	2.122872e+10	3.879318e+10	1.236213e+01	7.853982e+01	7.034851e+01	5.690646e+00	4.250003e-01	0.000000e+00	0.000000e+00	0.000000e+00	4.177704e-04	4.462407e-09	2.008005e-03	8.868730e+06	9.473118e+01	4.262737e+07	
8.700000e+00	2.128287e+10	3.943329e+10	1.236310e+01	7.853982e+01	7.035404e+01	5.690646e+00	4.332312e-01	0.000000e+00	0.000000e+00	0.000000e+00	4.176523e-04	4.451424e-09	2.008919e-03	8.888841e+06	9.473909e+01	4.275557e+07	
8.750000e+00	2.134181e+10	3.899125e+10	1.236692e+01	7.853982e+01	7.037574e+01	5.690646e+00	4.212415e-01	0.000000e+00	0.000000e+00	0.000000e+00	4.207164e-04	4.492052e-09	2.010467e-03	8.978848e+06	9.586851e+01	4.290700e+07	
8.800000e+00	2.139214e+10	4.024883e+10	1.236581e+01	7.853982e+01	7.036945e+01	5.690646e+00	4.288748e-01	0.000000e+00	0.000000e+00	0.000000e+00	4.183782e-04	4.485132e-09	2.011011e-03	8.950005e+06	9.594658e+01	4.301983e+07	
8.850000e+00	2.144754e+10	4.082020e+10	1.236770e+01	7.853982e+01	7.038023e+01	5.690646e+00	4.258036e-01	0.000000e+00	0.000000e+00	0.000000e+00	4.195305e-04	4.497159e-09	2.012185e-03	8.997897e+06	9.645299e+01	4.315641e+07	
8.900000e+00	2.150044e+10	4.092554e+10	1.236823e+01	7.853982e+01	7.038321e+01	5.690646e+00	4.312038e-01	0.000000e+00	0.000000e+00	0.000000e+00	4.187578e-04	4.517089e-09	2.013121e-03	9.003478e+06	9.711941e+01	4.328299e+07	
8.950000e+00	2.155652e+10	4.204055e+10	1.237064e+01	7.853982e+01	7.039695e+01	5.690646e+00	4.386758e-01	0.000000e+00	0.000000e+00	0.000000e+00	4.207462e-04	4.540011e-09	2.014656e-03	9.069824e+06	9.786685e+01	4.342899e+07	
9.000000e+00	2.161647e+10	4.202670e+10	1.237533e+01	7.853982e+01	7.042364e+01	5.690646e+00	4.482212e-01	0.000000e+00	0.000000e+00	0.000000e+00	4.200569e-04	4.552922e-09	2.015712e-03	9.080147e+06	9.841809e+01	4.357258e+07	
9.050000e+00	2.168086e+10	4.261977e+10	1.238261e+01	7.853982e+01	7.046502e+01	5.690646e+00	4.566758e-01	0.000000e+00	0.000000e+00	0.000000e+00	4.239489e-04	4.560482e-09	2.017678e-03	9.191575e+06	9.887516e+01	4.374498e+07	
9.100000e+00	2.174821e+10	4.340387e+10	1.239160e+01	7.853982e+01	7.051623e+01	5.690646e+00	4.721816e-01	0.000000e+00	0.000000e+00	0.000000e+00	4.307012e-04	4.582491e-09	2.020381e-03	9.366979e+06	9.966097e+01	4.393967e+07	
9.150000e+00	2.182236e+10	4.515765e+10	1.240449e+01	7.853982e+01	7.058958e+01	5.690646e+00	4.906095e-01	0.000000e+00	0.000000e+00	0.000000e+00	4.363117e-04	4.635396e-09	2.023171e-03	9.521352e+06	1.011553e+02	4.415037e+07	
9.200000e+00	2.190394e+10	4.578578e+10	1.242160e+01	7.853982e+01	7.068694e+01	5.690646e+00	4.700149e-01	0.000000e+00	0.000000e+00	0.000000e+00	4.437395e-04	4.739466e-09	2.026796e-03	9.719642e+06	1.038129e+02	4.439480e+07	
9.250000e+00	2.196742e+10	4.651372e+10	1.242846e+01	7.853982e+01	7.072597e+01	5.690646e+00	4.716285e-01	0.000000e+00	0.000000e+00	0.000000e+00	4.506144e-04	4.830854e-09	2.030171e-03	9.898835e+06	1.061214e+02	4.459760e+07	
9.300000e+00	2.202977e+10	4.716341e+10	1.243472e+01	7.853982e+01	7.076157e+01	5.690646e+00	4.734895e-01	0.000000e+00	0.000000e+00	0.000000e+00	4.572235e-04	4.913949e-09	2.033318e-03	1.007253e+07	1.082532e+02	4.479352e+07	
9.350000e+00	2.209133e+10	4.709835e+10	1.244057e+01	7.853982e+01	7.079487e+01	5.690646e+00	4.647019e-01	0.000000e+00	0.000000e+00	0.000000e+00	4.631301e-04	4.986814e-09	2.036187e-03	1.023116e+07	1.101653e+02	4.498208e+07	
9.400000e+00	2.214560e+10	4.788452e+10	1.244237e+01	7.853982e+01	7.080509e+01	5.690646e+00	4.945627e-01	0.000000e+00	0.000000e+00	0.000000e+00	4.676472e-04	5.049424e-09	2.038854e-03	1.035633e+07	1.118226e+02	4.515166e+07	
9.450000e+00	2.221790e+10	4.806373e+10	1.245432e+01	7.853982e+01	7.087312e+01	5.690646e+00	4.779717e-01	0.000000e+00	0.000000e+00	0.000000e+00	4.759422e-04	5.104794e-09	2.042281e-03	1.057444e+07	1.134178e+02	4.537519e+07	
9.500000e+00	2.227616e+10	4.749413e+10	1.245844e+01	7.853982e+01	7.089654e+01	5.690646e+00	4.626067e-01	0.000000e+00	0.000000e+00	0.000000e+00	4.742871e-04	5.118404e-09	2.043746e-03	1.056529e+07	1.140184e+02	4.552682e+07	
9.550000e+00	2.232357e+10	4.628602e+10	1.245654e+01	7.853982e+01	7.088578e+01	5.690646e+00	4.395909e-01	0.000000e+00	0.000000e+00	0.000000e+00	4.732076e-04	5.068927e-09	2.044975e-03	1.056368e+07	1.131565e+02	4.565113e+07	
9.600000e+00	2.235723e+10	4.667275e+10	1.244707e+01	7.853982e+01	7.083187e+01	5.690646e+00	4.469473e-01	0.000000e+00	0.000000e+00	0.000000e+00	4.681288e-04	4.996586e-09	2.045294e-03	1.046606e+07	1.117098e+02	4.572710e+07	
9.650000e+00	2.239843e+10	4.682955e+10	1.244189e+01	7.853982e+01	7.080241e+01	5.690646e+00	4.580552e-01	0.000000e+00	0.000000e+00	0.000000e+00	4.620609e-04	4.944122e-09	2.045134e-03	1.034944e+07	1.107406e+02	4.580780e+07	
9.700000e+00	2.244816e+10	4.672351e+10	1.244153e+01	7.853982e+01	7.080032e+01	5.690646e+00	4.250474e-01	0.000000e+00	0.000000e+00	0.000000e+00	4.570416e-04	4.884509e-09	2.045393e-03	1.025974e+07	1.096483e+02	4.591533e+07	
9.750000e+00	2.247747e+10	4.676043e+10	1.242993e+01	7.853982e+01	7.073435e+01	5.690646e+00	4.213192e-01	0.000000e+00	0.000000e+00	0.000000e+00	4.474251e-04	4.820884e-09	2.044526e-03	1.005699e+07	1.083613e+02	4.595579e+07	
9.800000e+00	2.250810e+10	4.549360e+10	1.241918e+01	7.853982e+01	7.067314e+01	5.690646e+00	4.084807e-01	0.000000e+00	0.000000e+00	0.000000e+00	4.453326e-04	4.776417e-09	2.044735e-03	1.002359e+07	1.075081e+02	4.602311e+07	
9.850000e+00	2.253412e+10	4.470726e+10	1.240600e+01	7.853982e+01	7.059815e+01	5.690646e+00	3.981609e-01	0.000000e+00	0.000000e+00	0.000000e+00	4.333267e-04	4.694432e-09	2.042850e-03	9.764638e+06	1.057849e+02	4.603383e+07	
9.900000e+00	2.255789e+10	4.573285e+10	1.239170e+01	7.853982e+01	7.051676e+01	5.690646e+00	4.527390e-01	0.000000e+00	0.000000e+00	0.000000e+00	4.197862e-04	4.590912e-09	2.040467e-03	9.469490e+06	1.035613e+02	4.602862e+07	
9.950000e+00	2.261997e+10	4.485375e+10	1.239852e+01	7.853982e+01	7.055558e+01	5.690646e+00	4.198307e-01	0.000000e+00	0.000000e+00	0.000000e+00	4.132915e-04	4.537269e-09	2.039621e-03	9.348640e+06	1.026329e+02	4.613616e+07	
