# bin_edge_left	bin_edge_right	dN/d[fe/H]	dN/d[sr/H]	dN/d[o/H]	dN/d[sr/fe]	dN/d[o/fe]	dN/d[o/sr]	
-3.000000e+00	-2.950000e+00	0.000000e+00	0.000000e+00	0.000000e+00	5.005825e-39	5.005825e-39	5.005825e-39	
-2.950000e+00	-2.900000e+00	0.000000e+00	0.000000e+00	0.000000e+00	0.000000e+00	0.000000e+00	0.000000e+00	
-2.900000e+00	-2.850000e+00	0.000000e+00	0.000000e+00	0.000000e+00	0.000000e+00	0.000000e+00	0.000000e+00	
-2.850000e+00	-2.800000e+00	0.000000e+00	0.000000e+00	0.000000e+00	0.000000e+00	0.000000e+00	0.000000e+00	
-2.800000e+00	-2.750000e+00	0.000000e+00	0.000000e+00	0.000000e+00	0.000000e+00	0.000000e+00	0.000000e+00	
-2.750000e+00	-2.700000e+00	0.000000e+00	1.695777e-04	0.000000e+00	0.000000e+00	0.000000e+00	0.000000e+00	
-2.700000e+00	-2.650000e+00	0.000000e+00	0.000000e+00	0.000000e+00	0.000000e+00	0.000000e+00	0.000000e+00	
-2.650000e+00	-2.600000e+00	1.695777e-04	0.000000e+00	0.000000e+00	0.000000e+00	0.000000e+00	0.000000e+00	
-2.600000e+00	-2.550000e+00	0.000000e+00	0.000000e+00	0.000000e+00	0.000000e+00	0.000000e+00	0.000000e+00	
-2.550000e+00	-2.500000e+00	0.000000e+00	0.000000e+00	0.000000e+00	0.000000e+00	0.000000e+00	0.000000e+00	
-2.500000e+00	-2.450000e+00	0.000000e+00	0.000000e+00	0.000000e+00	0.000000e+00	0.000000e+00	0.000000e+00	
-2.450000e+00	-2.400000e+00	0.000000e+00	0.000000e+00	0.000000e+00	0.000000e+00	0.000000e+00	0.000000e+00	
-2.400000e+00	-2.350000e+00	0.000000e+00	0.000000e+00	0.000000e+00	0.000000e+00	0.000000e+00	0.000000e+00	
-2.350000e+00	-2.300000e+00	0.000000e+00	0.000000e+00	0.000000e+00	0.000000e+00	0.000000e+00	0.000000e+00	
-2.300000e+00	-2.250000e+00	0.000000e+00	0.000000e+00	0.000000e+00	0.000000e+00	0.000000e+00	0.000000e+00	
-2.250000e+00	-2.200000e+00	0.000000e+00	0.000000e+00	0.000000e+00	0.000000e+00	0.000000e+00	0.000000e+00	
-2.200000e+00	-2.150000e+00	0.000000e+00	0.000000e+00	1.695777e-04	0.000000e+00	0.000000e+00	0.000000e+00	
-2.150000e+00	-2.100000e+00	0.000000e+00	0.000000e+00	0.000000e+00	0.000000e+00	0.000000e+00	0.000000e+00	
-2.100000e+00	-2.050000e+00	0.000000e+00	0.000000e+00	0.000000e+00	0.000000e+00	0.000000e+00	0.000000e+00	
-2.050000e+00	-2.000000e+00	0.000000e+00	0.000000e+00	0.000000e+00	0.000000e+00	0.000000e+00	0.000000e+00	
-2.000000e+00	-1.950000e+00	0.000000e+00	0.000000e+00	0.000000e+00	0.000000e+00	0.000000e+00	0.000000e+00	
-1.950000e+00	-1.900000e+00	0.000000e+00	3.054316e-03	0.000000e+00	0.000000e+00	0.000000e+00	0.000000e+00	
-1.900000e+00	-1.850000e+00	0.000000e+00	0.000000e+00	0.000000e+00	0.000000e+00	0.000000e+00	0.000000e+00	
-1.850000e+00	-1.800000e+00	3.054316e-03	0.000000e+00	0.000000e+00	0.000000e+00	0.000000e+00	0.000000e+00	
-1.800000e+00	-1.750000e+00	0.000000e+00	0.000000e+00	0.000000e+00	0.000000e+00	0.000000e+00	0.000000e+00	
-1.750000e+00	-1.700000e+00	0.000000e+00	3.012299e-03	0.000000e+00	0.000000e+00	0.000000e+00	0.000000e+00	
-1.700000e+00	-1.650000e+00	0.000000e+00	0.000000e+00	0.000000e+00	0.000000e+00	0.000000e+00	0.000000e+00	
-1.650000e+00	-1.600000e+00	3.012299e-03	3.950599e-03	0.000000e+00	0.000000e+00	0.000000e+00	0.000000e+00	
-1.600000e+00	-1.550000e+00	0.000000e+00	0.000000e+00	0.000000e+00	0.000000e+00	0.000000e+00	0.000000e+00	
-1.550000e+00	-1.500000e+00	3.950599e-03	4.861634e-03	0.000000e+00	0.000000e+00	0.000000e+00	0.000000e+00	
-1.500000e+00	-1.450000e+00	0.000000e+00	5.157913e-03	0.000000e+00	0.000000e+00	0.000000e+00	0.000000e+00	
-1.450000e+00	-1.400000e+00	4.861634e-03	2.910760e-03	0.000000e+00	0.000000e+00	0.000000e+00	0.000000e+00	
-1.400000e+00	-1.350000e+00	0.000000e+00	6.605891e-03	3.054316e-03	0.000000e+00	0.000000e+00	0.000000e+00	
-1.350000e+00	-1.300000e+00	8.068672e-03	6.671238e-03	0.000000e+00	0.000000e+00	0.000000e+00	0.000000e+00	
-1.300000e+00	-1.250000e+00	6.605891e-03	1.970586e-02	0.000000e+00	0.000000e+00	0.000000e+00	0.000000e+00	
-1.250000e+00	-1.200000e+00	6.671238e-03	1.443737e-02	0.000000e+00	0.000000e+00	0.000000e+00	0.000000e+00	
-1.200000e+00	-1.150000e+00	1.160884e-02	2.063897e-02	3.012299e-03	0.000000e+00	0.000000e+00	0.000000e+00	
-1.150000e+00	-1.100000e+00	1.272601e-02	1.131734e-02	0.000000e+00	0.000000e+00	0.000000e+00	0.000000e+00	
-1.100000e+00	-1.050000e+00	1.924975e-02	3.958062e-02	3.950599e-03	0.000000e+00	0.000000e+00	0.000000e+00	
-1.050000e+00	-1.000000e+00	1.119760e-02	1.935850e-01	0.000000e+00	0.000000e+00	0.000000e+00	0.000000e+00	
-1.000000e+00	-9.500000e-01	1.131734e-02	9.434074e-02	4.861634e-03	0.000000e+00	0.000000e+00	0.000000e+00	
-9.500000e-01	-9.000000e-01	3.958062e-02	1.247677e-01	5.157913e-03	0.000000e+00	0.000000e+00	0.000000e+00	
-9.000000e-01	-8.500000e-01	5.018349e-02	4.067240e-01	2.910760e-03	0.000000e+00	0.000000e+00	0.000000e+00	
-8.500000e-01	-8.000000e-01	8.586359e-02	2.006526e-01	6.605891e-03	0.000000e+00	0.000000e+00	0.000000e+00	
-8.000000e-01	-7.500000e-01	7.854782e-02	1.949208e-01	6.671238e-03	0.000000e+00	0.000000e+00	0.000000e+00	
-7.500000e-01	-7.000000e-01	1.057471e-01	1.838978e-01	1.970586e-02	0.000000e+00	0.000000e+00	0.000000e+00	
-7.000000e-01	-6.500000e-01	2.348392e-01	2.317654e-01	1.443737e-02	0.000000e+00	0.000000e+00	0.000000e+00	
-6.500000e-01	-6.000000e-01	1.593778e-01	4.007929e-01	2.063897e-02	0.000000e+00	0.000000e+00	0.000000e+00	
-6.000000e-01	-5.500000e-01	3.669942e-01	3.100577e-01	1.131734e-02	0.000000e+00	0.000000e+00	0.000000e+00	
-5.500000e-01	-5.000000e-01	1.777569e-01	1.047664e-01	1.514960e-01	0.000000e+00	0.000000e+00	0.000000e+00	
-5.000000e-01	-4.500000e-01	2.038474e-01	7.214191e-02	8.166969e-02	0.000000e+00	0.000000e+00	0.000000e+00	
-4.500000e-01	-4.000000e-01	2.041804e-01	2.087264e-01	3.251322e-01	0.000000e+00	0.000000e+00	0.000000e+00	
-4.000000e-01	-3.500000e-01	3.849191e-01	3.037009e-01	1.036720e-01	0.000000e+00	0.000000e+00	0.000000e+00	
-3.500000e-01	-3.000000e-01	3.124312e-01	3.111350e-01	2.439380e-01	3.358902e-01	0.000000e+00	0.000000e+00	
-3.000000e-01	-2.500000e-01	1.494206e-01	3.871491e-01	2.392791e-01	2.675422e-01	0.000000e+00	0.000000e+00	
-2.500000e-01	-2.000000e-01	2.145138e-01	5.714331e-01	1.801325e-01	1.654891e+00	0.000000e+00	0.000000e+00	
-2.000000e-01	-1.500000e-01	5.406508e-01	3.159997e-01	2.904826e-01	1.396307e+00	0.000000e+00	0.000000e+00	
-1.500000e-01	-1.000000e-01	5.859739e-01	4.996639e-01	3.355659e-01	1.256442e+00	0.000000e+00	3.763306e-01	
-1.000000e-01	-5.000000e-02	7.979966e-01	4.790203e-01	4.767908e-01	9.724365e-01	0.000000e+00	5.172904e+00	
-5.000000e-02	0.000000e+00	8.053114e-01	3.184796e-01	3.540158e-01	8.038724e-01	0.000000e+00	2.860075e+00	
0.000000e+00	5.000000e-02	4.792362e-01	1.877468e-01	2.783409e-01	1.379126e+00	0.000000e+00	2.448673e+00	
5.000000e-02	1.000000e-01	8.257257e-01	5.569538e-01	5.058081e-01	2.638453e+00	6.685102e+00	1.287519e+00	
1.000000e-01	1.500000e-01	7.624797e-01	5.871461e-01	1.246054e+00	3.648241e+00	5.610410e+00	9.568951e-01	
1.500000e-01	2.000000e-01	7.247448e-01	4.425745e-01	1.060748e+00	5.646799e+00	3.285427e+00	6.949184e-01	
2.000000e-01	2.500000e-01	1.470048e+00	4.192180e-01	5.186210e-01	0.000000e+00	2.055694e+00	5.537779e-01	
2.500000e-01	3.000000e-01	1.568271e+00	8.042911e-01	1.182732e+00	0.000000e+00	1.218369e+00	7.259326e-01	
3.000000e-01	3.500000e-01	1.952781e+00	1.127785e+00	1.193046e+00	0.000000e+00	6.735281e-01	1.051083e+00	
3.500000e-01	4.000000e-01	2.741439e+00	9.259763e-01	1.699939e+00	0.000000e+00	3.609747e-01	6.264731e-01	
4.000000e-01	4.500000e-01	2.874284e+00	1.105470e+00	2.940680e+00	0.000000e+00	9.544657e-02	4.715932e-01	
4.500000e-01	5.000000e-01	1.000362e+00	1.823152e+00	3.535471e+00	0.000000e+00	1.504842e-02	6.239962e-01	
5.000000e-01	5.500000e-01	0.000000e+00	1.680881e+00	2.953891e+00	0.000000e+00	0.000000e+00	2.134780e+00	
5.500000e-01	6.000000e-01	0.000000e+00	2.501769e+00	0.000000e+00	0.000000e+00	0.000000e+00	1.504842e-02	
6.000000e-01	6.500000e-01	0.000000e+00	1.781241e+00	0.000000e+00	0.000000e+00	0.000000e+00	0.000000e+00	
6.500000e-01	7.000000e-01	0.000000e+00	0.000000e+00	0.000000e+00	0.000000e+00	0.000000e+00	0.000000e+00	
7.000000e-01	7.500000e-01	0.000000e+00	0.000000e+00	0.000000e+00	0.000000e+00	0.000000e+00	0.000000e+00	
7.500000e-01	8.000000e-01	0.000000e+00	0.000000e+00	0.000000e+00	0.000000e+00	0.000000e+00	0.000000e+00	
8.000000e-01	8.500000e-01	0.000000e+00	0.000000e+00	0.000000e+00	0.000000e+00	0.000000e+00	0.000000e+00	
8.500000e-01	9.000000e-01	0.000000e+00	0.000000e+00	0.000000e+00	0.000000e+00	0.000000e+00	0.000000e+00	
9.000000e-01	9.500000e-01	0.000000e+00	0.000000e+00	0.000000e+00	0.000000e+00	0.000000e+00	0.000000e+00	
9.500000e-01	1.000000e+00	0.000000e+00	0.000000e+00	0.000000e+00	0.000000e+00	0.000000e+00	0.000000e+00	
