# COLUMN NUMBERS: 
#	0: time [Gyr]
#	1: mgas [Msun]			ISM gas mass
#	2: mstar [Msun]			Stellar mass
#	3: sfr [Msun/yr]		Star formation rate
#	4: ifr [Msun/yr]		Infall rate
#	5: ofr [Msun/yr]		Outfow rate
#	6: eta_0			Mass-loading factor
#	7: r_eff			Effective recycilng rate
#	8: z_in(fe)			Inflow fe metallicity
#	9: z_in(sr)			Inflow sr metallicity
#	10: z_in(o)			Inflow o metallicity
#	11: z_out(fe)			Outflow fe metallicity
#	12: z_out(sr)			Outflow sr metallicity
#	13: z_out(o)			Outflow o metallicity
#	14: mass(fe) [Msun]		mass of element fe in ISM
#	15: mass(sr) [Msun]		mass of element sr in ISM
#	16: mass(o) [Msun]		mass of element o in ISM
0.000000e+00	1.000000e-12	1.824714e-29	4.868170e-37	1.570796e+01	9.693292e-06	3.970002e-01	2.503490e-01	0.000000e+00	0.000000e+00	0.000000e+00	1.002063e+00	-2.063283e-03	0.000000e+00	0.000000e+00	0.000000e+00	0.000000e+00	
5.000000e-02	7.853982e+08	4.448398e+07	1.186792e+00	1.570796e+01	4.711565e-01	3.970002e-01	2.503490e-01	0.000000e+00	0.000000e+00	0.000000e+00	8.130023e-05	9.078526e-10	1.016253e-03	6.385305e+04	7.130257e-01	7.981631e+05	
1.000000e-01	1.502755e+09	1.268737e+08	2.233842e+00	1.570796e+01	8.868357e-01	3.970002e-01	2.623500e-01	0.000000e+00	0.000000e+00	0.000000e+00	1.191004e-04	1.329955e-09	1.488755e-03	1.789787e+05	1.998595e+00	2.237234e+06	
1.500000e-01	2.161421e+09	2.420779e+08	3.162348e+00	1.570796e+01	1.255453e+00	3.970002e-01	2.714008e-01	0.000000e+00	0.000000e+00	0.000000e+00	1.551108e-04	1.735866e-09	1.938850e-03	3.352598e+05	3.751937e+00	4.190671e+06	
2.000000e-01	2.768843e+09	3.859351e+08	3.989207e+00	1.570796e+01	1.583716e+00	3.970002e-01	2.787680e-01	0.000000e+00	0.000000e+00	0.000000e+00	1.894200e-04	2.129575e-09	2.367623e-03	5.244742e+05	5.896459e+00	6.555575e+06	
2.500000e-01	3.331198e+09	5.549650e+08	4.728313e+00	1.570796e+01	1.877141e+00	3.970002e-01	2.850308e-01	0.000000e+00	0.000000e+00	0.000000e+00	2.222314e-04	2.519151e-09	2.776156e-03	7.402967e+05	8.391790e+00	9.247925e+06	
3.000000e-01	3.853709e+09	7.462184e+08	5.391259e+00	1.570796e+01	2.140331e+00	3.970002e-01	2.905057e-01	0.000000e+00	0.000000e+00	0.000000e+00	2.536638e-04	2.912455e-09	3.165464e-03	9.775463e+05	1.122375e+01	1.219878e+07	
3.500000e-01	4.340837e+09	9.571730e+08	5.987803e+00	1.570796e+01	2.377159e+00	3.970002e-01	2.953855e-01	0.000000e+00	0.000000e+00	0.000000e+00	2.838095e-04	3.315800e-09	3.536511e-03	1.231971e+06	1.439335e+01	1.535142e+07	
4.000000e-01	4.796423e+09	1.185657e+09	6.526222e+00	1.570796e+01	2.590911e+00	3.970002e-01	2.997974e-01	0.000000e+00	0.000000e+00	0.000000e+00	3.127487e-04	3.725559e-09	3.890217e-03	1.500075e+06	1.786935e+01	1.865913e+07	
4.500000e-01	5.223791e+09	1.429789e+09	7.013573e+00	1.570796e+01	2.784390e+00	3.970002e-01	3.038296e-01	0.000000e+00	0.000000e+00	0.000000e+00	3.405546e-04	4.138095e-09	4.227453e-03	1.778986e+06	2.161655e+01	2.208333e+07	
5.000000e-01	5.625838e+09	1.687932e+09	7.455902e+00	1.570796e+01	2.959994e+00	3.970002e-01	3.075465e-01	0.000000e+00	0.000000e+00	0.000000e+00	3.672953e-04	4.569510e-09	4.549053e-03	2.066344e+06	2.570732e+01	2.559224e+07	
5.500000e-01	6.005093e+09	1.958656e+09	7.858416e+00	1.570796e+01	3.119793e+00	3.970002e-01	3.109963e-01	0.000000e+00	0.000000e+00	0.000000e+00	3.930346e-04	5.044480e-09	4.855820e-03	2.360209e+06	3.029257e+01	2.915965e+07	
6.000000e-01	6.363778e+09	2.295989e+09	8.225615e+00	1.570796e+01	3.265570e+00	3.970002e-01	3.148363e-01	0.000000e+00	0.000000e+00	0.000000e+00	4.178329e-04	5.582759e-09	5.148518e-03	2.658996e+06	3.552744e+01	3.276402e+07	
6.500000e-01	6.704103e+09	2.691266e+09	8.561726e+00	1.570796e+01	3.399006e+00	3.970002e-01	3.188944e-01	0.000000e+00	0.000000e+00	0.000000e+00	4.418438e-04	6.193528e-09	5.427757e-03	2.962166e+06	4.152205e+01	3.638824e+07	
7.000000e-01	7.027979e+09	3.137211e+09	8.870365e+00	1.570796e+01	3.521536e+00	3.970002e-01	3.230590e-01	0.000000e+00	0.000000e+00	0.000000e+00	4.651872e-04	6.881138e-09	5.694191e-03	3.269326e+06	4.836049e+01	4.001866e+07	
7.500000e-01	7.337064e+09	3.627657e+09	9.154640e+00	1.570796e+01	3.634394e+00	3.970002e-01	3.272560e-01	0.000000e+00	0.000000e+00	0.000000e+00	4.879599e-04	7.648913e-09	5.948482e-03	3.580194e+06	5.612057e+01	4.364440e+07	
8.000000e-01	7.632806e+09	4.157340e+09	9.417232e+00	1.570796e+01	3.738643e+00	3.970002e-01	3.314358e-01	0.000000e+00	0.000000e+00	0.000000e+00	5.102425e-04	8.498409e-09	6.191277e-03	3.894582e+06	6.486671e+01	4.725682e+07	
8.500000e-01	7.916471e+09	4.721748e+09	9.660464e+00	1.570796e+01	3.835206e+00	3.970002e-01	3.355652e-01	0.000000e+00	0.000000e+00	0.000000e+00	5.321033e-04	9.429697e-09	6.423202e-03	4.212380e+06	7.464993e+01	5.084909e+07	
9.000000e-01	8.189172e+09	5.317021e+09	9.886358e+00	1.570796e+01	3.924886e+00	3.970002e-01	3.396224e-01	0.000000e+00	0.000000e+00	0.000000e+00	5.536013e-04	1.044009e-08	6.644859e-03	4.533536e+06	8.549570e+01	5.441589e+07	
9.500000e-01	8.451889e+09	5.867216e+09	1.009668e+01	1.570796e+01	4.008382e+00	3.970002e-01	3.431456e-01	0.000000e+00	0.000000e+00	0.000000e+00	5.747887e-04	1.152546e-08	6.856818e-03	4.858050e+06	9.741187e+01	5.795306e+07	
1.000000e+00	8.705266e+09	6.681989e+09	1.029270e+01	1.570796e+01	4.086203e+00	3.970002e-01	3.488445e-01	0.000000e+00	0.000000e+00	0.000000e+00	5.955903e-04	1.268065e-08	7.059721e-03	5.184772e+06	1.103885e+02	6.145675e+07	
1.050000e+00	8.951246e+09	7.351063e+09	1.047717e+01	1.570796e+01	4.159436e+00	3.970002e-01	3.524445e-01	0.000000e+00	0.000000e+00	0.000000e+00	6.163904e-04	1.396924e-08	7.253839e-03	5.517463e+06	1.250421e+02	6.493090e+07	
1.100000e+00	9.189445e+09	8.400999e+09	1.065000e+01	1.570796e+01	4.228051e+00	3.970002e-01	3.593788e-01	0.000000e+00	0.000000e+00	0.000000e+00	6.370005e-04	1.530613e-08	7.439852e-03	5.853681e+06	1.406548e+02	6.836811e+07	
1.150000e+00	9.422310e+09	9.303988e+09	1.081436e+01	1.570796e+01	4.293305e+00	3.970002e-01	3.645788e-01	0.000000e+00	0.000000e+00	0.000000e+00	6.579006e-04	1.679972e-08	7.617909e-03	6.198943e+06	1.582922e+02	7.177830e+07	
1.200000e+00	9.649459e+09	1.003892e+10	1.097009e+01	1.570796e+01	4.355129e+00	3.970002e-01	3.678183e-01	0.000000e+00	0.000000e+00	0.000000e+00	6.788756e-04	1.838703e-08	7.788767e-03	6.550783e+06	1.774249e+02	7.515739e+07	
1.250000e+00	9.870346e+09	1.078763e+10	1.111683e+01	1.570796e+01	4.413382e+00	3.970002e-01	3.709960e-01	0.000000e+00	0.000000e+00	0.000000e+00	6.997205e-04	1.998902e-08	7.952964e-03	6.906483e+06	1.972985e+02	7.849851e+07	
1.300000e+00	1.008545e+10	1.096786e+10	1.125535e+01	1.570796e+01	4.468378e+00	3.970002e-01	3.696438e-01	0.000000e+00	0.000000e+00	0.000000e+00	7.204648e-04	2.160346e-08	8.110841e-03	7.266211e+06	2.178806e+02	8.180147e+07	
1.350000e+00	1.029268e+10	1.132677e+10	1.138361e+01	1.570796e+01	4.519294e+00	3.970002e-01	3.694341e-01	0.000000e+00	0.000000e+00	0.000000e+00	7.404035e-04	2.309134e-08	8.263121e-03	7.620740e+06	2.376719e+02	8.504969e+07	
1.400000e+00	1.049321e+10	1.209294e+10	1.150314e+01	1.570796e+01	4.566747e+00	3.970002e-01	3.724095e-01	0.000000e+00	0.000000e+00	0.000000e+00	7.598746e-04	2.448915e-08	8.409769e-03	7.973525e+06	2.569698e+02	8.824549e+07	
1.450000e+00	1.068931e+10	1.286998e+10	1.161665e+01	1.570796e+01	4.611812e+00	3.970002e-01	3.753048e-01	0.000000e+00	0.000000e+00	0.000000e+00	7.793909e-04	2.590513e-08	8.550731e-03	8.331151e+06	2.769080e+02	9.140141e+07	
1.500000e+00	1.088127e+10	1.323634e+10	1.172463e+01	1.570796e+01	4.654679e+00	3.970002e-01	3.750614e-01	0.000000e+00	0.000000e+00	0.000000e+00	7.989680e-04	2.733508e-08	8.686326e-03	8.693790e+06	2.974405e+02	9.451829e+07	
1.550000e+00	1.106758e+10	1.341446e+10	1.182558e+01	1.570796e+01	4.694756e+00	3.970002e-01	3.742500e-01	0.000000e+00	0.000000e+00	0.000000e+00	8.181453e-04	2.868054e-08	8.817070e-03	9.054888e+06	3.174241e+02	9.758362e+07	
1.600000e+00	1.124825e+10	1.347981e+10	1.191970e+01	1.570796e+01	4.732122e+00	3.970002e-01	3.726440e-01	0.000000e+00	0.000000e+00	0.000000e+00	8.366509e-04	2.994886e-08	8.943234e-03	9.410856e+06	3.368722e+02	1.005957e+08	
1.650000e+00	1.142314e+10	1.459765e+10	1.200702e+01	1.570796e+01	4.766788e+00	3.970002e-01	3.839298e-01	0.000000e+00	0.000000e+00	0.000000e+00	8.544549e-04	3.111979e-08	9.064938e-03	9.760563e+06	3.554859e+02	1.035501e+08	
1.700000e+00	1.160035e+10	1.452482e+10	1.209612e+01	1.570796e+01	4.802160e+00	3.970002e-01	3.811257e-01	0.000000e+00	0.000000e+00	0.000000e+00	8.724691e-04	3.266108e-08	9.181727e-03	1.012094e+07	3.788798e+02	1.065112e+08	
1.750000e+00	1.177134e+10	1.492770e+10	1.217814e+01	1.570796e+01	4.834725e+00	3.970002e-01	3.858236e-01	0.000000e+00	0.000000e+00	0.000000e+00	8.895419e-04	3.408723e-08	9.294857e-03	1.047110e+07	4.012522e+02	1.094129e+08	
1.800000e+00	1.194102e+10	1.504225e+10	1.225830e+01	1.570796e+01	4.866546e+00	3.970002e-01	3.830558e-01	0.000000e+00	0.000000e+00	0.000000e+00	9.062681e-04	3.557939e-08	9.404366e-03	1.082177e+07	4.248542e+02	1.122977e+08	
1.850000e+00	1.210496e+10	1.572328e+10	1.233209e+01	1.570796e+01	4.895841e+00	3.970002e-01	3.867042e-01	0.000000e+00	0.000000e+00	0.000000e+00	9.224529e-04	3.696614e-08	9.510277e-03	1.116625e+07	4.474736e+02	1.151215e+08	
1.900000e+00	1.226740e+10	1.599310e+10	1.240397e+01	1.570796e+01	4.924376e+00	3.970002e-01	3.848789e-01	0.000000e+00	0.000000e+00	0.000000e+00	9.386382e-04	3.843587e-08	9.612292e-03	1.151465e+07	4.715084e+02	1.179179e+08	
1.950000e+00	1.242509e+10	1.653175e+10	1.247068e+01	1.570796e+01	4.950863e+00	3.970002e-01	3.854047e-01	0.000000e+00	0.000000e+00	0.000000e+00	9.546283e-04	3.977595e-08	9.710932e-03	1.186134e+07	4.942196e+02	1.206592e+08	
2.000000e+00	1.257972e+10	1.691728e+10	1.253406e+01	1.570796e+01	4.976023e+00	3.970002e-01	3.848190e-01	0.000000e+00	0.000000e+00	0.000000e+00	9.706170e-04	4.106457e-08	9.806196e-03	1.221009e+07	5.165808e+02	1.233592e+08	
2.050000e+00	1.273078e+10	1.695858e+10	1.259364e+01	1.570796e+01	4.999678e+00	3.970002e-01	3.829027e-01	0.000000e+00	0.000000e+00	0.000000e+00	9.865241e-04	4.225316e-08	9.898280e-03	1.255922e+07	5.379157e+02	1.260128e+08	
2.100000e+00	1.287762e+10	1.815212e+10	1.264887e+01	1.570796e+01	5.021604e+00	3.970002e-01	3.864315e-01	0.000000e+00	0.000000e+00	0.000000e+00	1.001935e-03	4.332660e-08	9.987334e-03	1.290253e+07	5.579435e+02	1.286131e+08	
2.150000e+00	1.302389e+10	1.860954e+10	1.270339e+01	1.570796e+01	5.043250e+00	3.970002e-01	3.856509e-01	0.000000e+00	0.000000e+00	0.000000e+00	1.018358e-03	4.441467e-08	1.007307e-02	1.326299e+07	5.784518e+02	1.311906e+08	
2.200000e+00	1.316691e+10	1.900134e+10	1.275463e+01	1.570796e+01	5.063589e+00	3.970002e-01	3.856195e-01	0.000000e+00	0.000000e+00	0.000000e+00	1.035004e-03	4.540125e-08	1.015593e-02	1.362780e+07	5.977943e+02	1.337222e+08	
2.250000e+00	1.330732e+10	1.953651e+10	1.280324e+01	1.570796e+01	5.082890e+00	3.970002e-01	3.878302e-01	0.000000e+00	0.000000e+00	0.000000e+00	1.051544e-03	4.633477e-08	1.023608e-02	1.399323e+07	6.165916e+02	1.362148e+08	
2.300000e+00	1.344669e+10	2.048408e+10	1.285079e+01	1.570796e+01	5.101767e+00	3.970002e-01	3.908675e-01	0.000000e+00	0.000000e+00	0.000000e+00	1.067985e-03	4.732054e-08	1.031350e-02	1.436085e+07	6.363045e+02	1.386824e+08	
2.350000e+00	1.358560e+10	2.138256e+10	1.289785e+01	1.570796e+01	5.120450e+00	3.970002e-01	3.945545e-01	0.000000e+00	0.000000e+00	0.000000e+00	1.084941e-03	4.833961e-08	1.038832e-02	1.473958e+07	6.567228e+02	1.411316e+08	
2.400000e+00	1.372453e+10	2.178214e+10	1.294486e+01	1.570796e+01	5.139113e+00	3.970002e-01	3.927804e-01	0.000000e+00	0.000000e+00	0.000000e+00	1.102229e-03	4.943958e-08	1.046070e-02	1.512758e+07	6.785351e+02	1.435683e+08	
2.450000e+00	1.385996e+10	2.361772e+10	1.298852e+01	1.570796e+01	5.156447e+00	3.970002e-01	4.022576e-01	0.000000e+00	0.000000e+00	0.000000e+00	1.119651e-03	5.038771e-08	1.053097e-02	1.551831e+07	6.983715e+02	1.459588e+08	
2.500000e+00	1.399934e+10	2.470448e+10	1.303585e+01	1.570796e+01	5.175235e+00	3.970002e-01	4.038788e-01	0.000000e+00	0.000000e+00	0.000000e+00	1.138401e-03	5.160869e-08	1.059872e-02	1.593687e+07	7.224876e+02	1.483751e+08	
2.550000e+00	1.413743e+10	2.509503e+10	1.308190e+01	1.570796e+01	5.193516e+00	3.970002e-01	4.029196e-01	0.000000e+00	0.000000e+00	0.000000e+00	1.157983e-03	5.278901e-08	1.066475e-02	1.637091e+07	7.463010e+02	1.507722e+08	
2.600000e+00	1.427261e+10	2.548736e+10	1.312520e+01	1.570796e+01	5.210708e+00	3.970002e-01	4.021711e-01	0.000000e+00	0.000000e+00	0.000000e+00	1.177401e-03	5.385724e-08	1.072919e-02	1.680457e+07	7.686832e+02	1.531334e+08	
2.650000e+00	1.440514e+10	2.520705e+10	1.316606e+01	1.570796e+01	5.226927e+00	3.970002e-01	3.976533e-01	0.000000e+00	0.000000e+00	0.000000e+00	1.196667e-03	5.483412e-08	1.079201e-02	1.723815e+07	7.898930e+02	1.554604e+08	
2.700000e+00	1.453266e+10	2.521814e+10	1.320236e+01	1.570796e+01	5.241338e+00	3.970002e-01	3.960162e-01	0.000000e+00	0.000000e+00	0.000000e+00	1.215143e-03	5.560516e-08	1.085320e-02	1.765927e+07	8.080910e+02	1.577259e+08	
2.750000e+00	1.465729e+10	2.639069e+10	1.323608e+01	1.570796e+01	5.254727e+00	3.970002e-01	3.977488e-01	0.000000e+00	0.000000e+00	0.000000e+00	1.233065e-03	5.630802e-08	1.091271e-02	1.807340e+07	8.253232e+02	1.599508e+08	
2.800000e+00	1.478138e+10	2.679027e+10	1.326939e+01	1.570796e+01	5.267949e+00	3.970002e-01	3.977410e-01	0.000000e+00	0.000000e+00	0.000000e+00	1.252177e-03	5.699520e-08	1.097041e-02	1.850891e+07	8.424679e+02	1.621578e+08	
2.850000e+00	1.490380e+10	2.722603e+10	1.330127e+01	1.570796e+01	5.280607e+00	3.970002e-01	3.971251e-01	0.000000e+00	0.000000e+00	0.000000e+00	1.271145e-03	5.765615e-08	1.102653e-02	1.894489e+07	8.592960e+02	1.643373e+08	
2.900000e+00	1.502422e+10	2.773808e+10	1.333146e+01	1.570796e+01	5.292591e+00	3.970002e-01	3.970933e-01	0.000000e+00	0.000000e+00	0.000000e+00	1.290201e-03	5.826203e-08	1.108108e-02	1.938426e+07	8.753416e+02	1.664845e+08	
2.950000e+00	1.514311e+10	2.854983e+10	1.336039e+01	1.570796e+01	5.304075e+00	3.970002e-01	3.980334e-01	0.000000e+00	0.000000e+00	0.000000e+00	1.309385e-03	5.883552e-08	1.113403e-02	1.982815e+07	8.909527e+02	1.686038e+08	
3.000000e+00	1.526118e+10	2.895268e+10	1.338870e+01	1.570796e+01	5.315315e+00	3.970002e-01	3.982177e-01	0.000000e+00	0.000000e+00	0.000000e+00	1.329143e-03	5.940103e-08	1.118548e-02	2.028429e+07	9.065297e+02	1.707036e+08	
3.050000e+00	1.537796e+10	2.935622e+10	1.341599e+01	1.570796e+01	5.326149e+00	3.970002e-01	3.984193e-01	0.000000e+00	0.000000e+00	0.000000e+00	1.348723e-03	5.995576e-08	1.123557e-02	2.074061e+07	9.219970e+02	1.727801e+08	
3.100000e+00	1.549351e+10	2.938286e+10	1.344232e+01	1.570796e+01	5.336604e+00	3.970002e-01	3.912876e-01	0.000000e+00	0.000000e+00	0.000000e+00	1.368134e-03	6.050035e-08	1.128433e-02	2.119719e+07	9.373626e+02	1.748338e+08	
3.150000e+00	1.560295e+10	2.952917e+10	1.346350e+01	1.570796e+01	5.345013e+00	3.970002e-01	3.856925e-01	0.000000e+00	0.000000e+00	0.000000e+00	1.387206e-03	6.077620e-08	1.133177e-02	2.164450e+07	9.482879e+02	1.768090e+08	
3.200000e+00	1.570756e+10	2.994149e+10	1.348070e+01	1.570796e+01	5.351841e+00	3.970002e-01	3.882877e-01	0.000000e+00	0.000000e+00	0.000000e+00	1.406185e-03	6.081631e-08	1.137783e-02	2.208773e+07	9.552758e+02	1.787180e+08	
3.250000e+00	1.581305e+10	3.084625e+10	1.349886e+01	1.570796e+01	5.359049e+00	3.970002e-01	3.912317e-01	0.000000e+00	0.000000e+00	0.000000e+00	1.424996e-03	6.092061e-08	1.142240e-02	2.253353e+07	9.633407e+02	1.806230e+08	
3.300000e+00	1.591961e+10	3.125672e+10	1.351811e+01	1.570796e+01	5.366692e+00	3.970002e-01	3.927029e-01	0.000000e+00	0.000000e+00	0.000000e+00	1.444419e-03	6.109676e-08	1.146556e-02	2.299460e+07	9.726368e+02	1.825273e+08	
3.350000e+00	1.602620e+10	3.166698e+10	1.353756e+01	1.570796e+01	5.374412e+00	3.970002e-01	3.939020e-01	0.000000e+00	0.000000e+00	0.000000e+00	1.463653e-03	6.132210e-08	1.150750e-02	2.345680e+07	9.827603e+02	1.844215e+08	
3.400000e+00	1.613262e+10	3.272184e+10	1.355703e+01	1.570796e+01	5.382142e+00	3.970002e-01	3.958124e-01	0.000000e+00	0.000000e+00	0.000000e+00	1.482705e-03	6.158699e-08	1.154829e-02	2.391992e+07	9.935597e+02	1.863042e+08	
3.450000e+00	1.623937e+10	3.313141e+10	1.357692e+01	1.570796e+01	5.390040e+00	3.970002e-01	3.966647e-01	0.000000e+00	0.000000e+00	0.000000e+00	1.502734e-03	6.189502e-08	1.158792e-02	2.440345e+07	1.005136e+03	1.881805e+08	
3.500000e+00	1.634569e+10	3.487049e+10	1.359662e+01	1.570796e+01	5.397860e+00	3.970002e-01	4.000910e-01	0.000000e+00	0.000000e+00	0.000000e+00	1.522522e-03	6.224579e-08	1.162657e-02	2.488667e+07	1.017450e+03	1.900443e+08	
3.550000e+00	1.645336e+10	3.630921e+10	1.361758e+01	1.570796e+01	5.406180e+00	3.970002e-01	4.054310e-01	0.000000e+00	0.000000e+00	0.000000e+00	1.544120e-03	6.264692e-08	1.166411e-02	2.540595e+07	1.030752e+03	1.919138e+08	
3.600000e+00	1.656362e+10	3.627877e+10	1.364080e+01	1.570796e+01	5.415399e+00	3.970002e-01	4.034208e-01	0.000000e+00	0.000000e+00	0.000000e+00	1.566325e-03	6.318835e-08	1.170069e-02	2.594401e+07	1.046628e+03	1.938057e+08	
3.650000e+00	1.667136e+10	3.700202e+10	1.366206e+01	1.570796e+01	5.423839e+00	3.970002e-01	4.088010e-01	0.000000e+00	0.000000e+00	0.000000e+00	1.587825e-03	6.365859e-08	1.173657e-02	2.647119e+07	1.061275e+03	1.956645e+08	
3.700000e+00	1.678171e+10	3.740678e+10	1.368557e+01	1.570796e+01	5.433174e+00	3.970002e-01	4.084883e-01	0.000000e+00	0.000000e+00	0.000000e+00	1.608983e-03	6.433249e-08	1.177138e-02	2.700148e+07	1.079609e+03	1.975439e+08	
3.750000e+00	1.689069e+10	3.812699e+10	1.370806e+01	1.570796e+01	5.442103e+00	3.970002e-01	4.086843e-01	0.000000e+00	0.000000e+00	0.000000e+00	1.629845e-03	6.497926e-08	1.180567e-02	2.752921e+07	1.097545e+03	1.994060e+08	
3.800000e+00	1.699870e+10	3.954668e+10	1.372986e+01	1.570796e+01	5.450758e+00	3.970002e-01	4.064543e-01	0.000000e+00	0.000000e+00	0.000000e+00	1.650947e-03	6.560020e-08	1.183939e-02	2.806394e+07	1.115118e+03	2.012542e+08	
3.850000e+00	1.710409e+10	3.908005e+10	1.374967e+01	1.570796e+01	5.458622e+00	3.970002e-01	4.022274e-01	0.000000e+00	0.000000e+00	0.000000e+00	1.673397e-03	6.600820e-08	1.187253e-02	2.862194e+07	1.129010e+03	2.030688e+08	
3.900000e+00	1.720560e+10	3.949083e+10	1.376649e+01	1.570796e+01	5.465299e+00	3.970002e-01	4.032171e-01	0.000000e+00	0.000000e+00	0.000000e+00	1.694709e-03	6.624481e-08	1.190501e-02	2.915848e+07	1.139782e+03	2.048328e+08	
3.950000e+00	1.730695e+10	3.951125e+10	1.378333e+01	1.570796e+01	5.471982e+00	3.970002e-01	4.032086e-01	0.000000e+00	0.000000e+00	0.000000e+00	1.715659e-03	6.651722e-08	1.193681e-02	2.969284e+07	1.151210e+03	2.065897e+08	
4.000000e+00	1.740746e+10	3.872086e+10	1.379963e+01	1.570796e+01	5.478456e+00	3.970002e-01	4.015433e-01	0.000000e+00	0.000000e+00	0.000000e+00	1.735704e-03	6.680984e-08	1.196791e-02	3.021420e+07	1.162990e+03	2.083310e+08	
4.050000e+00	1.750601e+10	3.870300e+10	1.381453e+01	1.570796e+01	5.484372e+00	3.970002e-01	4.015924e-01	0.000000e+00	0.000000e+00	0.000000e+00	1.753662e-03	6.710557e-08	1.199827e-02	3.069963e+07	1.174751e+03	2.100419e+08	
4.100000e+00	1.760386e+10	3.875354e+10	1.382903e+01	1.570796e+01	5.490126e+00	3.970002e-01	4.016454e-01	0.000000e+00	0.000000e+00	0.000000e+00	1.770677e-03	6.742930e-08	1.202795e-02	3.117075e+07	1.187016e+03	2.117384e+08	
4.150000e+00	1.770102e+10	3.963019e+10	1.384314e+01	1.570796e+01	5.495727e+00	3.970002e-01	4.027266e-01	0.000000e+00	0.000000e+00	0.000000e+00	1.786911e-03	6.777303e-08	1.205695e-02	3.163014e+07	1.199651e+03	2.134203e+08	
4.200000e+00	1.779822e+10	4.085936e+10	1.385743e+01	1.570796e+01	5.501402e+00	3.970002e-01	4.062175e-01	0.000000e+00	0.000000e+00	0.000000e+00	1.803619e-03	6.810959e-08	1.208515e-02	3.210121e+07	1.212230e+03	2.150941e+08	
4.250000e+00	1.789713e+10	4.141116e+10	1.387319e+01	1.570796e+01	5.507659e+00	3.970002e-01	4.070703e-01	0.000000e+00	0.000000e+00	0.000000e+00	1.820882e-03	6.852202e-08	1.211285e-02	3.258858e+07	1.226348e+03	2.167852e+08	
4.300000e+00	1.799586e+10	4.182269e+10	1.388893e+01	1.570796e+01	5.513909e+00	3.970002e-01	4.074082e-01	0.000000e+00	0.000000e+00	0.000000e+00	1.838026e-03	6.894318e-08	1.213992e-02	3.307686e+07	1.240692e+03	2.184683e+08	
4.350000e+00	1.809404e+10	4.324942e+10	1.390438e+01	1.570796e+01	5.520043e+00	3.970002e-01	4.106214e-01	0.000000e+00	0.000000e+00	0.000000e+00	1.854928e-03	6.936544e-08	1.216654e-02	3.356314e+07	1.255101e+03	2.201419e+08	
4.400000e+00	1.819369e+10	4.369969e+10	1.392108e+01	1.570796e+01	5.526673e+00	3.970002e-01	4.113039e-01	0.000000e+00	0.000000e+00	0.000000e+00	1.872723e-03	6.982866e-08	1.219271e-02	3.407174e+07	1.270441e+03	2.218304e+08	
4.450000e+00	1.829299e+10	4.446324e+10	1.393763e+01	1.570796e+01	5.533241e+00	3.970002e-01	4.130600e-01	0.000000e+00	0.000000e+00	0.000000e+00	1.890168e-03	7.029162e-08	1.221845e-02	3.457682e+07	1.285844e+03	2.235119e+08	
4.500000e+00	1.839269e+10	4.514320e+10	1.395459e+01	1.570796e+01	5.539976e+00	3.970002e-01	4.136635e-01	0.000000e+00	0.000000e+00	0.000000e+00	1.907571e-03	7.078052e-08	1.224391e-02	3.508537e+07	1.301844e+03	2.251984e+08	
4.550000e+00	1.849199e+10	4.540466e+10	1.397135e+01	1.570796e+01	5.546627e+00	3.970002e-01	4.122525e-01	0.000000e+00	0.000000e+00	0.000000e+00	1.925099e-03	7.125850e-08	1.226909e-02	3.559891e+07	1.317711e+03	2.268799e+08	
4.600000e+00	1.858948e+10	4.581557e+10	1.398684e+01	1.570796e+01	5.552779e+00	3.970002e-01	4.124382e-01	0.000000e+00	0.000000e+00	0.000000e+00	1.942370e-03	7.168078e-08	1.229386e-02	3.610765e+07	1.332508e+03	2.285365e+08	
4.650000e+00	1.868633e+10	4.811132e+10	1.400198e+01	1.570796e+01	5.558787e+00	3.970002e-01	4.170057e-01	0.000000e+00	0.000000e+00	0.000000e+00	1.959356e-03	7.209607e-08	1.231828e-02	3.661316e+07	1.347211e+03	2.301833e+08	
4.700000e+00	1.878563e+10	4.965990e+10	1.401905e+01	1.570796e+01	5.565565e+00	3.970002e-01	4.190436e-01	0.000000e+00	0.000000e+00	0.000000e+00	1.978346e-03	7.256997e-08	1.234231e-02	3.716448e+07	1.363273e+03	2.318581e+08	
4.750000e+00	1.888553e+10	5.072882e+10	1.403665e+01	1.570796e+01	5.572554e+00	3.970002e-01	4.198019e-01	0.000000e+00	0.000000e+00	0.000000e+00	1.998370e-03	7.304254e-08	1.236594e-02	3.774027e+07	1.379447e+03	2.335374e+08	
4.800000e+00	1.898510e+10	5.189080e+10	1.405410e+01	1.570796e+01	5.579481e+00	3.970002e-01	4.251093e-01	0.000000e+00	0.000000e+00	0.000000e+00	2.018895e-03	7.349799e-08	1.238937e-02	3.832891e+07	1.395367e+03	2.352133e+08	
4.850000e+00	1.908754e+10	5.213396e+10	1.407376e+01	1.570796e+01	5.587284e+00	3.970002e-01	4.242096e-01	0.000000e+00	0.000000e+00	0.000000e+00	2.039809e-03	7.413326e-08	1.241290e-02	3.893494e+07	1.415022e+03	2.369318e+08	
4.900000e+00	1.918840e+10	5.174139e+10	1.409231e+01	1.570796e+01	5.594650e+00	3.970002e-01	4.227069e-01	0.000000e+00	0.000000e+00	0.000000e+00	2.060040e-03	7.471696e-08	1.243627e-02	3.952887e+07	1.433699e+03	2.386321e+08	
4.950000e+00	1.928730e+10	5.268378e+10	1.410950e+01	1.570796e+01	5.601474e+00	3.970002e-01	4.230844e-01	0.000000e+00	0.000000e+00	0.000000e+00	2.078764e-03	7.525855e-08	1.245939e-02	4.009373e+07	1.451534e+03	2.403079e+08	
5.000000e+00	1.938562e+10	5.215827e+10	1.412636e+01	1.570796e+01	5.608166e+00	3.970002e-01	4.165802e-01	0.000000e+00	0.000000e+00	0.000000e+00	2.098024e-03	7.576683e-08	1.248237e-02	4.067150e+07	1.468787e+03	2.419785e+08	
5.050000e+00	1.947853e+10	5.279312e+10	1.413936e+01	1.570796e+01	5.613329e+00	3.970002e-01	4.186538e-01	0.000000e+00	0.000000e+00	0.000000e+00	2.116138e-03	7.603100e-08	1.250505e-02	4.121926e+07	1.480972e+03	2.435800e+08	
5.100000e+00	1.957227e+10	5.305704e+10	1.415308e+01	1.570796e+01	5.618774e+00	3.970002e-01	4.188340e-01	0.000000e+00	0.000000e+00	0.000000e+00	2.134084e-03	7.634679e-08	1.252750e-02	4.176886e+07	1.494280e+03	2.451916e+08	
5.150000e+00	1.966547e+10	5.172615e+10	1.416650e+01	1.570796e+01	5.624103e+00	3.970002e-01	4.061550e-01	0.000000e+00	0.000000e+00	0.000000e+00	2.151479e-03	7.665655e-08	1.254959e-02	4.230983e+07	1.507487e+03	2.467936e+08	
5.200000e+00	1.974902e+10	5.228435e+10	1.417311e+01	1.570796e+01	5.626726e+00	3.970002e-01	4.091483e-01	0.000000e+00	0.000000e+00	0.000000e+00	2.167244e-03	7.655227e-08	1.257130e-02	4.280096e+07	1.511833e+03	2.482710e+08	
5.250000e+00	1.983438e+10	5.247515e+10	1.418115e+01	1.570796e+01	5.629918e+00	3.970002e-01	4.101774e-01	0.000000e+00	0.000000e+00	0.000000e+00	2.182896e-03	7.651973e-08	1.259248e-02	4.329638e+07	1.517721e+03	2.497639e+08	
5.300000e+00	1.992006e+10	5.245630e+10	1.418956e+01	1.570796e+01	5.633259e+00	3.970002e-01	4.100938e-01	0.000000e+00	0.000000e+00	0.000000e+00	2.197727e-03	7.654861e-08	1.261307e-02	4.377886e+07	1.524853e+03	2.512531e+08	
5.350000e+00	2.000527e+10	5.340041e+10	1.419777e+01	1.570796e+01	5.636518e+00	3.970002e-01	4.101575e-01	0.000000e+00	0.000000e+00	0.000000e+00	2.211793e-03	7.660739e-08	1.263313e-02	4.424751e+07	1.532551e+03	2.527292e+08	
5.400000e+00	2.009012e+10	5.419752e+10	1.420586e+01	1.570796e+01	5.639728e+00	3.970002e-01	4.113861e-01	0.000000e+00	0.000000e+00	0.000000e+00	2.226627e-03	7.664952e-08	1.265280e-02	4.473319e+07	1.539898e+03	2.541963e+08	
5.450000e+00	2.017544e+10	5.562345e+10	1.421441e+01	1.570796e+01	5.643123e+00	3.970002e-01	4.130941e-01	0.000000e+00	0.000000e+00	0.000000e+00	2.241421e-03	7.673076e-08	1.267201e-02	4.522167e+07	1.548077e+03	2.556635e+08	
5.500000e+00	2.026156e+10	5.611322e+10	1.422364e+01	1.570796e+01	5.646787e+00	3.970002e-01	4.138541e-01	0.000000e+00	0.000000e+00	0.000000e+00	2.256950e-03	7.685119e-08	1.269081e-02	4.572933e+07	1.557125e+03	2.571355e+08	
5.550000e+00	2.034776e+10	5.727968e+10	1.423305e+01	1.570796e+01	5.650522e+00	3.970002e-01	4.166483e-01	0.000000e+00	0.000000e+00	0.000000e+00	2.272139e-03	7.700371e-08	1.270927e-02	4.623293e+07	1.566853e+03	2.586051e+08	
5.600000e+00	2.043549e+10	5.679729e+10	1.424363e+01	1.570796e+01	5.654724e+00	3.970002e-01	4.039680e-01	0.000000e+00	0.000000e+00	0.000000e+00	2.287650e-03	7.727379e-08	1.272750e-02	4.674924e+07	1.579128e+03	2.600926e+08	
5.650000e+00	2.051367e+10	5.734472e+10	1.424769e+01	1.570796e+01	5.656335e+00	3.970002e-01	4.064129e-01	0.000000e+00	0.000000e+00	0.000000e+00	2.302209e-03	7.706496e-08	1.274543e-02	4.722676e+07	1.580885e+03	2.614555e+08	
5.700000e+00	2.059339e+10	5.873832e+10	1.425296e+01	1.570796e+01	5.658427e+00	3.970002e-01	4.092219e-01	0.000000e+00	0.000000e+00	0.000000e+00	2.316290e-03	7.692480e-08	1.276273e-02	4.770026e+07	1.584142e+03	2.628278e+08	
5.750000e+00	2.067485e+10	5.921627e+10	1.425957e+01	1.570796e+01	5.661051e+00	3.970002e-01	4.088094e-01	0.000000e+00	0.000000e+00	0.000000e+00	2.330841e-03	7.685676e-08	1.277953e-02	4.818978e+07	1.589002e+03	2.642149e+08	
5.800000e+00	2.075569e+10	6.176373e+10	1.426587e+01	1.570796e+01	5.663554e+00	3.970002e-01	4.108650e-01	0.000000e+00	0.000000e+00	0.000000e+00	2.345134e-03	7.677438e-08	1.279590e-02	4.867486e+07	1.593505e+03	2.655877e+08	
5.850000e+00	2.083768e+10	6.329161e+10	1.427310e+01	1.570796e+01	5.666422e+00	3.970002e-01	4.134424e-01	0.000000e+00	0.000000e+00	0.000000e+00	2.361199e-03	7.664745e-08	1.281162e-02	4.920191e+07	1.597155e+03	2.669645e+08	
5.900000e+00	2.092116e+10	6.511119e+10	1.428145e+01	1.570796e+01	5.669738e+00	3.970002e-01	4.145898e-01	0.000000e+00	0.000000e+00	0.000000e+00	2.377729e-03	7.659117e-08	1.282700e-02	4.974485e+07	1.602376e+03	2.683558e+08	
5.950000e+00	2.100504e+10	6.482029e+10	1.429019e+01	1.570796e+01	5.673208e+00	3.970002e-01	4.117325e-01	0.000000e+00	0.000000e+00	0.000000e+00	2.394613e-03	7.657710e-08	1.284194e-02	5.029896e+07	1.608505e+03	2.697455e+08	
6.000000e+00	2.108646e+10	6.539516e+10	1.429736e+01	1.570796e+01	5.676054e+00	3.970002e-01	4.137843e-01	0.000000e+00	0.000000e+00	0.000000e+00	2.410157e-03	7.648237e-08	1.285659e-02	5.082168e+07	1.612742e+03	2.710999e+08	
6.050000e+00	2.116899e+10	6.581371e+10	1.430539e+01	1.570796e+01	5.679243e+00	3.970002e-01	4.148401e-01	0.000000e+00	0.000000e+00	0.000000e+00	2.425243e-03	7.647482e-08	1.287101e-02	5.133993e+07	1.618895e+03	2.724662e+08	
6.100000e+00	2.125188e+10	6.678532e+10	1.431377e+01	1.570796e+01	5.682570e+00	3.970002e-01	4.147853e-01	0.000000e+00	0.000000e+00	0.000000e+00	2.439587e-03	7.652803e-08	1.288519e-02	5.184581e+07	1.626364e+03	2.738344e+08	
6.150000e+00	2.133431e+10	6.703008e+10	1.432195e+01	1.570796e+01	5.685817e+00	3.970002e-01	4.156077e-01	0.000000e+00	0.000000e+00	0.000000e+00	2.453499e-03	7.659075e-08	1.289901e-02	5.234372e+07	1.634011e+03	2.751915e+08	
6.200000e+00	2.141694e+10	6.855915e+10	1.433036e+01	1.570796e+01	5.689154e+00	3.970002e-01	4.206970e-01	0.000000e+00	0.000000e+00	0.000000e+00	2.466551e-03	7.669843e-08	1.291265e-02	5.282598e+07	1.642646e+03	2.765494e+08	
6.250000e+00	2.150280e+10	6.933566e+10	1.434102e+01	1.570796e+01	5.693386e+00	3.970002e-01	4.307624e-01	0.000000e+00	0.000000e+00	0.000000e+00	2.479870e-03	7.693627e-08	1.292622e-02	5.332416e+07	1.654345e+03	2.779499e+08	
6.300000e+00	2.159536e+10	6.857213e+10	1.435621e+01	1.570796e+01	5.699418e+00	3.970002e-01	4.159679e-01	0.000000e+00	0.000000e+00	0.000000e+00	2.492583e-03	7.736819e-08	1.294015e-02	5.382821e+07	1.670794e+03	2.794472e+08	
6.350000e+00	2.167656e+10	6.899069e+10	1.436393e+01	1.570796e+01	5.702483e+00	3.970002e-01	4.172071e-01	0.000000e+00	0.000000e+00	0.000000e+00	2.503958e-03	7.751050e-08	1.295403e-02	5.427718e+07	1.680161e+03	2.807987e+08	
6.400000e+00	2.175827e+10	7.063078e+10	1.437209e+01	1.570796e+01	5.705722e+00	3.970002e-01	4.198549e-01	0.000000e+00	0.000000e+00	0.000000e+00	2.514692e-03	7.767387e-08	1.296756e-02	5.471535e+07	1.690049e+03	2.821518e+08	
6.450000e+00	2.184149e+10	7.099797e+10	1.438133e+01	1.570796e+01	5.709390e+00	3.970002e-01	4.251570e-01	0.000000e+00	0.000000e+00	0.000000e+00	2.526198e-03	7.786437e-08	1.298093e-02	5.517593e+07	1.700674e+03	2.835229e+08	
6.500000e+00	2.192807e+10	7.203918e+10	1.439286e+01	1.570796e+01	5.713968e+00	3.970002e-01	4.254536e-01	0.000000e+00	0.000000e+00	0.000000e+00	2.536759e-03	7.824723e-08	1.299383e-02	5.562623e+07	1.715811e+03	2.849297e+08	
6.550000e+00	2.201430e+10	7.267293e+10	1.440423e+01	1.570796e+01	5.718483e+00	3.970002e-01	4.257086e-01	0.000000e+00	0.000000e+00	0.000000e+00	2.547208e-03	7.861510e-08	1.300658e-02	5.607500e+07	1.730656e+03	2.863306e+08	
6.600000e+00	2.210016e+10	7.308676e+10	1.441544e+01	1.570796e+01	5.722931e+00	3.970002e-01	4.258416e-01	0.000000e+00	0.000000e+00	0.000000e+00	2.557118e-03	7.896572e-08	1.301921e-02	5.651273e+07	1.745155e+03	2.877266e+08	
6.650000e+00	2.218558e+10	7.252775e+10	1.442642e+01	1.570796e+01	5.727290e+00	3.970002e-01	4.169032e-01	0.000000e+00	0.000000e+00	0.000000e+00	2.566444e-03	7.930343e-08	1.303177e-02	5.693804e+07	1.759392e+03	2.891172e+08	
6.700000e+00	2.226401e+10	7.275636e+10	1.443294e+01	1.570796e+01	5.729881e+00	3.970002e-01	4.181517e-01	0.000000e+00	0.000000e+00	0.000000e+00	2.574156e-03	7.936679e-08	1.304409e-02	5.731103e+07	1.767023e+03	2.904138e+08	
6.750000e+00	2.234303e+10	7.344486e+10	1.443994e+01	1.570796e+01	5.732658e+00	3.970002e-01	4.189843e-01	0.000000e+00	0.000000e+00	0.000000e+00	2.580745e-03	7.945470e-08	1.305608e-02	5.766164e+07	1.775258e+03	2.917124e+08	
6.800000e+00	2.242230e+10	7.419177e+10	1.444719e+01	1.570796e+01	5.735538e+00	3.970002e-01	4.237807e-01	0.000000e+00	0.000000e+00	0.000000e+00	2.586548e-03	7.957302e-08	1.306769e-02	5.799635e+07	1.784210e+03	2.930077e+08	
6.850000e+00	2.250468e+10	7.484764e+10	1.445653e+01	1.570796e+01	5.739246e+00	3.970002e-01	4.183279e-01	0.000000e+00	0.000000e+00	0.000000e+00	2.592187e-03	7.983223e-08	1.307884e-02	5.833635e+07	1.796599e+03	2.943352e+08	
6.900000e+00	2.258267e+10	7.509890e+10	1.446313e+01	1.570796e+01	5.741866e+00	3.970002e-01	4.190472e-01	0.000000e+00	0.000000e+00	0.000000e+00	2.597639e-03	7.986099e-08	1.308985e-02	5.866163e+07	1.803475e+03	2.956039e+08	
6.950000e+00	2.266086e+10	7.607865e+10	1.446995e+01	1.570796e+01	5.744572e+00	3.970002e-01	4.167259e-01	0.000000e+00	0.000000e+00	0.000000e+00	2.602151e-03	7.992282e-08	1.310059e-02	5.896696e+07	1.811119e+03	2.968706e+08	
7.000000e+00	2.273703e+10	7.782927e+10	1.447557e+01	1.570796e+01	5.746803e+00	3.970002e-01	4.188784e-01	0.000000e+00	0.000000e+00	0.000000e+00	2.606155e-03	7.989676e-08	1.311086e-02	5.925622e+07	1.816615e+03	2.981021e+08	
7.050000e+00	2.281448e+10	8.020333e+10	1.448210e+01	1.570796e+01	5.749395e+00	3.970002e-01	4.211192e-01	0.000000e+00	0.000000e+00	0.000000e+00	2.610843e-03	7.991589e-08	1.312097e-02	5.956504e+07	1.823240e+03	2.993481e+08	
7.100000e+00	2.289324e+10	8.074424e+10	1.448954e+01	1.570796e+01	5.752349e+00	3.970002e-01	4.205598e-01	0.000000e+00	0.000000e+00	0.000000e+00	2.616012e-03	7.997671e-08	1.313081e-02	5.988899e+07	1.830926e+03	3.006068e+08	
7.150000e+00	2.297123e+10	8.215732e+10	1.449657e+01	1.570796e+01	5.755142e+00	3.970002e-01	4.186405e-01	0.000000e+00	0.000000e+00	0.000000e+00	2.620171e-03	8.004500e-08	1.314032e-02	6.018854e+07	1.838732e+03	3.018493e+08	
7.200000e+00	2.304749e+10	8.421314e+10	1.450260e+01	1.570796e+01	5.757534e+00	3.970002e-01	4.213852e-01	0.000000e+00	0.000000e+00	0.000000e+00	2.624285e-03	8.000466e-08	1.314963e-02	6.048316e+07	1.843906e+03	3.030658e+08	
7.250000e+00	2.312544e+10	8.562588e+10	1.450977e+01	1.570796e+01	5.760382e+00	3.970002e-01	4.228879e-01	0.000000e+00	0.000000e+00	0.000000e+00	2.628480e-03	8.002420e-08	1.315869e-02	6.078474e+07	1.850595e+03	3.043005e+08	
7.300000e+00	2.320413e+10	8.852599e+10	1.451749e+01	1.570796e+01	5.763445e+00	3.970002e-01	4.343099e-01	0.000000e+00	0.000000e+00	0.000000e+00	2.632514e-03	8.008289e-08	1.316758e-02	6.108520e+07	1.858254e+03	3.055422e+08	
7.350000e+00	2.329073e+10	9.003801e+10	1.453022e+01	1.570796e+01	5.768499e+00	3.970002e-01	4.345910e-01	0.000000e+00	0.000000e+00	0.000000e+00	2.637439e-03	8.047073e-08	1.317602e-02	6.142790e+07	1.874222e+03	3.068792e+08	
7.400000e+00	2.337693e+10	9.128069e+10	1.454274e+01	1.570796e+01	5.773469e+00	3.970002e-01	4.339457e-01	0.000000e+00	0.000000e+00	0.000000e+00	2.642746e-03	8.083482e-08	1.318461e-02	6.177929e+07	1.889670e+03	3.082156e+08	
7.450000e+00	2.346206e+10	9.168886e+10	1.455464e+01	1.570796e+01	5.778193e+00	3.970002e-01	4.336866e-01	0.000000e+00	0.000000e+00	0.000000e+00	2.647769e-03	8.116536e-08	1.319318e-02	6.212212e+07	1.904306e+03	3.095392e+08	
7.500000e+00	2.354642e+10	9.231715e+10	1.456611e+01	1.570796e+01	5.782749e+00	3.970002e-01	4.335800e-01	0.000000e+00	0.000000e+00	0.000000e+00	2.652108e-03	8.148451e-08	1.320183e-02	6.244764e+07	1.918669e+03	3.108559e+08	
7.550000e+00	2.363015e+10	9.364548e+10	1.457725e+01	1.570796e+01	5.787171e+00	3.970002e-01	4.359547e-01	0.000000e+00	0.000000e+00	0.000000e+00	2.656304e-03	8.179040e-08	1.321052e-02	6.276887e+07	1.932720e+03	3.121666e+08	
7.600000e+00	2.371508e+10	9.515363e+10	1.458917e+01	1.570796e+01	5.791904e+00	3.970002e-01	4.368614e-01	0.000000e+00	0.000000e+00	0.000000e+00	2.660762e-03	8.211026e-08	1.321916e-02	6.310019e+07	1.947252e+03	3.134935e+08	
7.650000e+00	2.380010e+10	9.366921e+10	1.460119e+01	1.570796e+01	5.796676e+00	3.970002e-01	4.336756e-01	0.000000e+00	0.000000e+00	0.000000e+00	2.665736e-03	8.241150e-08	1.322790e-02	6.344477e+07	1.961402e+03	3.148254e+08	
7.700000e+00	2.388221e+10	9.256969e+10	1.461148e+01	1.570796e+01	5.800761e+00	3.970002e-01	4.170059e-01	0.000000e+00	0.000000e+00	0.000000e+00	2.669119e-03	8.266301e-08	1.323668e-02	6.374447e+07	1.974176e+03	3.161213e+08	
7.750000e+00	2.395165e+10	9.390323e+10	1.461409e+01	1.570796e+01	5.801797e+00	3.970002e-01	4.217750e-01	0.000000e+00	0.000000e+00	0.000000e+00	2.671378e-03	8.262926e-08	1.324561e-02	6.398392e+07	1.979107e+03	3.172543e+08	
7.800000e+00	2.402445e+10	9.601239e+10	1.461884e+01	1.570796e+01	5.803681e+00	3.970002e-01	4.273038e-01	0.000000e+00	0.000000e+00	0.000000e+00	2.673305e-03	8.256337e-08	1.325417e-02	6.422468e+07	1.983539e+03	3.184242e+08	
7.850000e+00	2.410106e+10	9.725236e+10	1.462598e+01	1.570796e+01	5.806515e+00	3.970002e-01	4.292522e-01	0.000000e+00	0.000000e+00	0.000000e+00	2.675133e-03	8.255535e-08	1.326231e-02	6.447352e+07	1.989671e+03	3.196356e+08	
7.900000e+00	2.417874e+10	9.871385e+10	1.463384e+01	1.570796e+01	5.809635e+00	3.970002e-01	4.314825e-01	0.000000e+00	0.000000e+00	0.000000e+00	2.676605e-03	8.257219e-08	1.327028e-02	6.471694e+07	1.996492e+03	3.208587e+08	
7.950000e+00	2.425768e+10	9.902076e+10	1.464251e+01	1.570796e+01	5.813080e+00	3.970002e-01	4.365227e-01	0.000000e+00	0.000000e+00	0.000000e+00	2.678798e-03	8.262669e-08	1.327833e-02	6.498143e+07	2.004332e+03	3.221013e+08	
8.000000e+00	2.433989e+10	9.943363e+10	1.465322e+01	1.570796e+01	5.817329e+00	3.970002e-01	4.364756e-01	0.000000e+00	0.000000e+00	0.000000e+00	2.680725e-03	8.289590e-08	1.328668e-02	6.524854e+07	2.017677e+03	3.233962e+08	
8.050000e+00	2.442155e+10	1.008912e+11	1.466363e+01	1.570796e+01	5.821465e+00	3.970002e-01	4.403808e-01	0.000000e+00	0.000000e+00	0.000000e+00	2.682256e-03	8.315059e-08	1.329505e-02	6.550483e+07	2.030666e+03	3.246857e+08	
8.100000e+00	2.450557e+10	1.021355e+11	1.467552e+01	1.570796e+01	5.826182e+00	3.970002e-01	4.443680e-01	0.000000e+00	0.000000e+00	0.000000e+00	2.683789e-03	8.349675e-08	1.330323e-02	6.576777e+07	2.046135e+03	3.260031e+08	
8.150000e+00	2.459195e+10	1.032023e+11	1.468884e+01	1.570796e+01	5.831473e+00	3.970002e-01	4.435828e-01	0.000000e+00	0.000000e+00	0.000000e+00	2.684898e-03	8.396929e-08	1.331105e-02	6.602686e+07	2.064968e+03	3.273447e+08	
8.200000e+00	2.467712e+10	1.030217e+11	1.470148e+01	1.570796e+01	5.836490e+00	3.970002e-01	4.427035e-01	0.000000e+00	0.000000e+00	0.000000e+00	2.685416e-03	8.440131e-08	1.331884e-02	6.626832e+07	2.082781e+03	3.286707e+08	
8.250000e+00	2.476104e+10	1.030354e+11	1.471341e+01	1.570796e+01	5.841225e+00	3.970002e-01	4.420772e-01	0.000000e+00	0.000000e+00	0.000000e+00	2.685465e-03	8.479104e-08	1.332674e-02	6.649488e+07	2.099514e+03	3.299838e+08	
8.300000e+00	2.484393e+10	1.040497e+11	1.472476e+01	1.570796e+01	5.845732e+00	3.970002e-01	4.507726e-01	0.000000e+00	0.000000e+00	0.000000e+00	2.685200e-03	8.514686e-08	1.333479e-02	6.671090e+07	2.115382e+03	3.312885e+08	
8.350000e+00	2.493267e+10	1.040084e+11	1.473961e+01	1.570796e+01	5.851629e+00	3.970002e-01	4.479838e-01	0.000000e+00	0.000000e+00	0.000000e+00	2.684874e-03	8.570710e-08	1.334239e-02	6.694110e+07	2.136907e+03	3.326616e+08	
8.400000e+00	2.501867e+10	1.038818e+11	1.475286e+01	1.570796e+01	5.856889e+00	3.970002e-01	4.484714e-01	0.000000e+00	0.000000e+00	0.000000e+00	2.683895e-03	8.621266e-08	1.335025e-02	6.714747e+07	2.156926e+03	3.340053e+08	
8.450000e+00	2.510439e+10	1.033117e+11	1.476598e+01	1.570796e+01	5.862097e+00	3.970002e-01	4.460982e-01	0.000000e+00	0.000000e+00	0.000000e+00	2.682666e-03	8.671877e-08	1.335831e-02	6.734668e+07	2.177022e+03	3.353521e+08	
8.500000e+00	2.518774e+10	1.032066e+11	1.477774e+01	1.570796e+01	5.866763e+00	3.970002e-01	4.398363e-01	0.000000e+00	0.000000e+00	0.000000e+00	2.680339e-03	8.717037e-08	1.336647e-02	6.751167e+07	2.195624e+03	3.366711e+08	
8.550000e+00	2.526590e+10	1.022364e+11	1.478649e+01	1.570796e+01	5.870238e+00	3.970002e-01	4.393810e-01	0.000000e+00	0.000000e+00	0.000000e+00	2.678602e-03	8.737174e-08	1.337504e-02	6.767730e+07	2.207525e+03	3.379324e+08	
8.600000e+00	2.534331e+10	1.026411e+11	1.479485e+01	1.570796e+01	5.873557e+00	3.970002e-01	4.397887e-01	0.000000e+00	0.000000e+00	0.000000e+00	2.676653e-03	8.757798e-08	1.338377e-02	6.783524e+07	2.219516e+03	3.391891e+08	
8.650000e+00	2.542061e+10	1.030865e+11	1.480320e+01	1.570796e+01	5.876873e+00	3.970002e-01	4.400904e-01	0.000000e+00	0.000000e+00	0.000000e+00	2.675287e-03	8.777312e-08	1.339255e-02	6.800743e+07	2.231247e+03	3.404468e+08	
8.700000e+00	2.549775e+10	1.062807e+11	1.481150e+01	1.570796e+01	5.880168e+00	3.970002e-01	4.420690e-01	0.000000e+00	0.000000e+00	0.000000e+00	2.674342e-03	8.795752e-08	1.340130e-02	6.818969e+07	2.242718e+03	3.417029e+08	
8.750000e+00	2.557595e+10	1.090696e+11	1.482047e+01	1.570796e+01	5.883728e+00	3.970002e-01	4.383819e-01	0.000000e+00	0.000000e+00	0.000000e+00	2.674698e-03	8.812724e-08	1.340984e-02	6.840794e+07	2.253937e+03	3.429693e+08	
8.800000e+00	2.565099e+10	1.111362e+11	1.482765e+01	1.570796e+01	5.886581e+00	3.970002e-01	4.403290e-01	0.000000e+00	0.000000e+00	0.000000e+00	2.676062e-03	8.810319e-08	1.341813e-02	6.864364e+07	2.259934e+03	3.441884e+08	
8.850000e+00	2.572712e+10	1.144102e+11	1.483553e+01	1.570796e+01	5.889706e+00	3.970002e-01	4.453975e-01	0.000000e+00	0.000000e+00	0.000000e+00	2.678303e-03	8.810255e-08	1.342621e-02	6.890503e+07	2.266625e+03	3.454179e+08	
8.900000e+00	2.580665e+10	1.156776e+11	1.484539e+01	1.570796e+01	5.893623e+00	3.970002e-01	4.461828e-01	0.000000e+00	0.000000e+00	0.000000e+00	2.681850e-03	8.817467e-08	1.343389e-02	6.920955e+07	2.275492e+03	3.466836e+08	
8.950000e+00	2.588628e+10	1.170518e+11	1.485536e+01	1.570796e+01	5.897582e+00	3.970002e-01	4.483148e-01	0.000000e+00	0.000000e+00	0.000000e+00	2.685496e-03	8.825365e-08	1.344156e-02	6.951750e+07	2.284559e+03	3.479521e+08	
9.000000e+00	2.596703e+10	1.184983e+11	1.486601e+01	1.570796e+01	5.901808e+00	3.970002e-01	4.499300e-01	0.000000e+00	0.000000e+00	0.000000e+00	2.689546e-03	8.837461e-08	1.344937e-02	6.983951e+07	2.294826e+03	3.492402e+08	
9.050000e+00	2.604847e+10	1.195398e+11	1.487708e+01	1.570796e+01	5.906205e+00	3.970002e-01	4.501770e-01	0.000000e+00	0.000000e+00	0.000000e+00	2.694283e-03	8.850854e-08	1.345735e-02	7.018194e+07	2.305512e+03	3.505434e+08	
9.100000e+00	2.612957e+10	1.202127e+11	1.488800e+01	1.570796e+01	5.910537e+00	3.970002e-01	4.501337e-01	0.000000e+00	0.000000e+00	0.000000e+00	2.698677e-03	8.864319e-08	1.346533e-02	7.051526e+07	2.316208e+03	3.518431e+08	
9.150000e+00	2.621012e+10	1.201881e+11	1.489863e+01	1.570796e+01	5.914758e+00	3.970002e-01	4.465028e-01	0.000000e+00	0.000000e+00	0.000000e+00	2.702551e-03	8.877693e-08	1.347326e-02	7.083418e+07	2.326854e+03	3.531357e+08	
9.200000e+00	2.628746e+10	1.196193e+11	1.490748e+01	1.570796e+01	5.918270e+00	3.970002e-01	4.323036e-01	0.000000e+00	0.000000e+00	0.000000e+00	2.705911e-03	8.880806e-08	1.348114e-02	7.113153e+07	2.334538e+03	3.543850e+08	
9.250000e+00	2.635380e+10	1.193911e+11	1.491014e+01	1.570796e+01	5.919327e+00	3.970002e-01	4.354315e-01	0.000000e+00	0.000000e+00	0.000000e+00	2.708470e-03	8.866480e-08	1.348914e-02	7.137848e+07	2.336654e+03	3.554902e+08	
9.300000e+00	2.642234e+10	1.198104e+11	1.491411e+01	1.570796e+01	5.920904e+00	3.970002e-01	4.377563e-01	0.000000e+00	0.000000e+00	0.000000e+00	2.709848e-03	8.849476e-08	1.349689e-02	7.160054e+07	2.338239e+03	3.566195e+08	
9.350000e+00	2.649243e+10	1.195606e+11	1.491901e+01	1.570796e+01	5.922851e+00	3.970002e-01	4.386300e-01	0.000000e+00	0.000000e+00	0.000000e+00	2.710957e-03	8.834267e-08	1.350452e-02	7.181982e+07	2.340412e+03	3.577674e+08	
9.400000e+00	2.656293e+10	1.195835e+11	1.492421e+01	1.570796e+01	5.924914e+00	3.970002e-01	4.404151e-01	0.000000e+00	0.000000e+00	0.000000e+00	2.711084e-03	8.822423e-08	1.351200e-02	7.201432e+07	2.343494e+03	3.589182e+08	
9.450000e+00	2.663451e+10	1.200085e+11	1.493007e+01	1.570796e+01	5.927239e+00	3.970002e-01	4.433861e-01	0.000000e+00	0.000000e+00	0.000000e+00	2.710248e-03	8.818841e-08	1.351909e-02	7.218613e+07	2.348855e+03	3.600743e+08	
9.500000e+00	2.670803e+10	1.213424e+11	1.493706e+01	1.570796e+01	5.930016e+00	3.970002e-01	4.367675e-01	0.000000e+00	0.000000e+00	0.000000e+00	2.709489e-03	8.824241e-08	1.352617e-02	7.236513e+07	2.356781e+03	3.612575e+08	
9.550000e+00	2.677628e+10	1.213288e+11	1.494115e+01	1.570796e+01	5.931641e+00	3.970002e-01	4.333943e-01	0.000000e+00	0.000000e+00	0.000000e+00	2.708421e-03	8.807894e-08	1.353313e-02	7.252143e+07	2.358426e+03	3.623670e+08	
9.600000e+00	2.684181e+10	1.220347e+11	1.494380e+01	1.570796e+01	5.932689e+00	3.970002e-01	4.350856e-01	0.000000e+00	0.000000e+00	0.000000e+00	2.706241e-03	8.784048e-08	1.353978e-02	7.264041e+07	2.357797e+03	3.634322e+08	
9.650000e+00	2.690847e+10	1.229558e+11	1.494713e+01	1.570796e+01	5.934014e+00	3.970002e-01	4.366387e-01	0.000000e+00	0.000000e+00	0.000000e+00	2.704113e-03	8.766604e-08	1.354635e-02	7.276355e+07	2.358959e+03	3.645117e+08	
9.700000e+00	2.697614e+10	1.233762e+11	1.495108e+01	1.570796e+01	5.935582e+00	3.970002e-01	4.375690e-01	0.000000e+00	0.000000e+00	0.000000e+00	2.702249e-03	8.754074e-08	1.355289e-02	7.289625e+07	2.361511e+03	3.656047e+08	
9.750000e+00	2.704431e+10	1.241299e+11	1.495537e+01	1.570796e+01	5.937285e+00	3.970002e-01	4.390697e-01	0.000000e+00	0.000000e+00	0.000000e+00	2.700276e-03	8.745475e-08	1.355937e-02	7.302711e+07	2.365153e+03	3.667039e+08	
9.800000e+00	2.711340e+10	1.256592e+11	1.496022e+01	1.570796e+01	5.939210e+00	3.970002e-01	4.394656e-01	0.000000e+00	0.000000e+00	0.000000e+00	2.698547e-03	8.740860e-08	1.356593e-02	7.316679e+07	2.369944e+03	3.678184e+08	
9.850000e+00	2.718255e+10	1.249997e+11	1.496516e+01	1.570796e+01	5.941170e+00	3.970002e-01	4.389836e-01	0.000000e+00	0.000000e+00	0.000000e+00	2.696507e-03	8.738287e-08	1.357223e-02	7.329795e+07	2.375289e+03	3.689279e+08	
9.900000e+00	2.725110e+10	1.254192e+11	1.496982e+01	1.570796e+01	5.943020e+00	3.970002e-01	4.395024e-01	0.000000e+00	0.000000e+00	0.000000e+00	2.693806e-03	8.738294e-08	1.357845e-02	7.340920e+07	2.381282e+03	3.700278e+08	
9.950000e+00	2.731982e+10	1.249619e+11	1.497462e+01	1.570796e+01	5.944926e+00	3.970002e-01	4.406113e-01	0.000000e+00	0.000000e+00	0.000000e+00	2.691058e-03	8.740529e-08	1.358465e-02	7.351924e+07	2.387897e+03	3.711303e+08	
1.000000e+01	2.738915e+10	1.244222e+11	1.497980e+01	1.570796e+01	5.946983e+00	3.970002e-01	4.386270e-01	0.000000e+00	0.000000e+00	0.000000e+00	2.688383e-03	8.746447e-08	1.359089e-02	7.363252e+07	2.395577e+03	3.722430e+08	
1.005000e+01	2.745673e+10	1.242881e+11	1.498408e+01	1.570796e+01	5.948684e+00	3.970002e-01	4.392174e-01	0.000000e+00	0.000000e+00	0.000000e+00	2.684693e-03	8.747809e-08	1.359683e-02	7.371290e+07	2.401862e+03	3.733244e+08	
1.010000e+01	2.752455e+10	1.239102e+11	1.498855e+01	1.570796e+01	5.950456e+00	3.970002e-01	4.391898e-01	0.000000e+00	0.000000e+00	0.000000e+00	2.681376e-03	8.751716e-08	1.360289e-02	7.380368e+07	2.408871e+03	3.744134e+08	
1.015000e+01	2.759214e+10	1.226784e+11	1.499294e+01	1.570796e+01	5.952199e+00	3.970002e-01	4.391275e-01	0.000000e+00	0.000000e+00	0.000000e+00	2.677867e-03	8.757431e-08	1.360894e-02	7.388810e+07	2.416363e+03	3.754999e+08	
1.020000e+01	2.765948e+10	1.207745e+11	1.499724e+01	1.570796e+01	5.953906e+00	3.970002e-01	4.387180e-01	0.000000e+00	0.000000e+00	0.000000e+00	2.673877e-03	8.764932e-08	1.361478e-02	7.395805e+07	2.424334e+03	3.765778e+08	
1.025000e+01	2.772629e+10	1.194495e+11	1.500131e+01	1.570796e+01	5.955523e+00	3.970002e-01	4.397155e-01	0.000000e+00	0.000000e+00	0.000000e+00	2.670066e-03	8.774210e-08	1.362081e-02	7.403102e+07	2.432763e+03	3.776546e+08	
1.030000e+01	2.779367e+10	1.175946e+11	1.500573e+01	1.570796e+01	5.957278e+00	3.970002e-01	4.370283e-01	0.000000e+00	0.000000e+00	0.000000e+00	2.666752e-03	8.787012e-08	1.362706e-02	7.411881e+07	2.442233e+03	3.787459e+08	
1.035000e+01	2.785881e+10	1.172172e+11	1.500900e+01	1.570796e+01	5.958577e+00	3.970002e-01	4.344487e-01	0.000000e+00	0.000000e+00	0.000000e+00	2.663286e-03	8.795821e-08	1.363345e-02	7.419597e+07	2.450411e+03	3.798118e+08	
1.040000e+01	2.792186e+10	1.163399e+11	1.501120e+01	1.570796e+01	5.959450e+00	3.970002e-01	4.319011e-01	0.000000e+00	0.000000e+00	0.000000e+00	2.659739e-03	8.797841e-08	1.363982e-02	7.426485e+07	2.456521e+03	3.808492e+08	
1.045000e+01	2.798289e+10	1.153244e+11	1.501238e+01	1.570796e+01	5.959916e+00	3.970002e-01	4.319139e-01	0.000000e+00	0.000000e+00	0.000000e+00	2.655633e-03	8.797347e-08	1.364606e-02	7.431231e+07	2.461752e+03	3.818562e+08	
1.050000e+01	2.804388e+10	1.129949e+11	1.501359e+01	1.570796e+01	5.960396e+00	3.970002e-01	4.311255e-01	0.000000e+00	0.000000e+00	0.000000e+00	2.651655e-03	8.799255e-08	1.365238e-02	7.436271e+07	2.467653e+03	3.828656e+08	
1.055000e+01	2.810422e+10	1.115939e+11	1.501451e+01	1.570796e+01	5.960763e+00	3.970002e-01	4.305265e-01	0.000000e+00	0.000000e+00	0.000000e+00	2.647547e-03	8.803602e-08	1.365887e-02	7.440723e+07	2.474184e+03	3.838720e+08	
1.060000e+01	2.816406e+10	1.138557e+11	1.501523e+01	1.570796e+01	5.961049e+00	3.970002e-01	4.313489e-01	0.000000e+00	0.000000e+00	0.000000e+00	2.643009e-03	8.809864e-08	1.366537e-02	7.443785e+07	2.481215e+03	3.848722e+08	
1.065000e+01	2.822448e+10	1.143621e+11	1.501632e+01	1.570796e+01	5.961483e+00	3.970002e-01	4.315316e-01	0.000000e+00	0.000000e+00	0.000000e+00	2.638079e-03	8.817182e-08	1.367154e-02	7.445842e+07	2.488604e+03	3.858721e+08	
1.070000e+01	2.828499e+10	1.141692e+11	1.501752e+01	1.570796e+01	5.961958e+00	3.970002e-01	4.316090e-01	0.000000e+00	0.000000e+00	0.000000e+00	2.632964e-03	8.825661e-08	1.367765e-02	7.447337e+07	2.496338e+03	3.868721e+08	
1.075000e+01	2.834550e+10	1.161395e+11	1.501878e+01	1.570796e+01	5.962456e+00	3.970002e-01	4.308497e-01	0.000000e+00	0.000000e+00	0.000000e+00	2.627827e-03	8.835089e-08	1.368365e-02	7.448706e+07	2.504350e+03	3.878698e+08	
1.080000e+01	2.840538e+10	1.158695e+11	1.501975e+01	1.570796e+01	5.962845e+00	3.970002e-01	4.263761e-01	0.000000e+00	0.000000e+00	0.000000e+00	2.623181e-03	8.839430e-08	1.368943e-02	7.451245e+07	2.510874e+03	3.888533e+08	
1.085000e+01	2.846185e+10	1.168710e+11	1.501899e+01	1.570796e+01	5.962543e+00	3.970002e-01	4.277456e-01	0.000000e+00	0.000000e+00	0.000000e+00	2.618240e-03	8.831643e-08	1.369500e-02	7.451995e+07	2.513649e+03	3.897851e+08	
1.090000e+01	2.851939e+10	1.176084e+11	1.501886e+01	1.570796e+01	5.962490e+00	3.970002e-01	4.305097e-01	0.000000e+00	0.000000e+00	0.000000e+00	2.613941e-03	8.827231e-08	1.370047e-02	7.454801e+07	2.517472e+03	3.907290e+08	
1.095000e+01	2.857901e+10	1.183593e+11	1.501988e+01	1.570796e+01	5.962896e+00	3.970002e-01	4.315977e-01	0.000000e+00	0.000000e+00	0.000000e+00	2.610058e-03	8.830080e-08	1.370575e-02	7.459288e+07	2.523549e+03	3.916969e+08	
1.100000e+01	2.863939e+10	1.179182e+11	1.502137e+01	1.570796e+01	5.963485e+00	3.970002e-01	4.318008e-01	0.000000e+00	0.000000e+00	0.000000e+00	2.606866e-03	8.834541e-08	1.371103e-02	7.465907e+07	2.530159e+03	3.926757e+08	
1.105000e+01	2.869986e+10	1.166161e+11	1.502294e+01	1.570796e+01	5.964111e+00	3.970002e-01	4.311911e-01	0.000000e+00	0.000000e+00	0.000000e+00	2.603836e-03	8.840595e-08	1.371636e-02	7.472974e+07	2.537238e+03	3.936575e+08	
1.110000e+01	2.875979e+10	1.179985e+11	1.502430e+01	1.570796e+01	5.964649e+00	3.970002e-01	4.330112e-01	0.000000e+00	0.000000e+00	0.000000e+00	2.600412e-03	8.848046e-08	1.372165e-02	7.478730e+07	2.544680e+03	3.946319e+08	
1.115000e+01	2.882103e+10	1.184897e+11	1.502638e+01	1.570796e+01	5.965477e+00	3.970002e-01	4.334637e-01	0.000000e+00	0.000000e+00	0.000000e+00	2.597697e-03	8.857769e-08	1.372699e-02	7.486831e+07	2.552900e+03	3.956259e+08	
1.120000e+01	2.888250e+10	1.159277e+11	1.502865e+01	1.570796e+01	5.966375e+00	3.970002e-01	4.323758e-01	0.000000e+00	0.000000e+00	0.000000e+00	2.595153e-03	8.868161e-08	1.373229e-02	7.495450e+07	2.561347e+03	3.966229e+08	
1.125000e+01	2.894305e+10	1.171284e+11	1.503048e+01	1.570796e+01	5.967102e+00	3.970002e-01	4.321427e-01	0.000000e+00	0.000000e+00	0.000000e+00	2.592566e-03	8.879774e-08	1.373779e-02	7.503678e+07	2.570077e+03	3.976137e+08	
1.130000e+01	2.900334e+10	1.170739e+11	1.503222e+01	1.570796e+01	5.967794e+00	3.970002e-01	4.323761e-01	0.000000e+00	0.000000e+00	0.000000e+00	2.590080e-03	8.889410e-08	1.374330e-02	7.512095e+07	2.578226e+03	3.986015e+08	
1.135000e+01	2.906371e+10	1.162040e+11	1.503406e+01	1.570796e+01	5.968526e+00	3.970002e-01	4.316969e-01	0.000000e+00	0.000000e+00	0.000000e+00	2.587731e-03	8.899854e-08	1.374877e-02	7.520908e+07	2.586628e+03	3.995903e+08	
1.140000e+01	2.912349e+10	1.160951e+11	1.503565e+01	1.570796e+01	5.969155e+00	3.970002e-01	4.328967e-01	0.000000e+00	0.000000e+00	0.000000e+00	2.584714e-03	8.910934e-08	1.375408e-02	7.527588e+07	2.595175e+03	4.005668e+08	
1.145000e+01	2.918409e+10	1.155515e+11	1.503771e+01	1.570796e+01	5.969972e+00	3.970002e-01	4.296621e-01	0.000000e+00	0.000000e+00	0.000000e+00	2.582354e-03	8.923933e-08	1.375957e-02	7.536367e+07	2.604369e+03	4.015607e+08	
1.150000e+01	2.924216e+10	1.156518e+11	1.503851e+01	1.570796e+01	5.970292e+00	3.970002e-01	4.301224e-01	0.000000e+00	0.000000e+00	0.000000e+00	2.579459e-03	8.928545e-08	1.376494e-02	7.542896e+07	2.610900e+03	4.025165e+08	
1.155000e+01	2.930054e+10	1.169299e+11	1.503953e+01	1.570796e+01	5.970696e+00	3.970002e-01	4.317514e-01	0.000000e+00	0.000000e+00	0.000000e+00	2.576715e-03	8.934764e-08	1.377025e-02	7.549913e+07	2.617934e+03	4.034757e+08	
1.160000e+01	2.936009e+10	1.179239e+11	1.504120e+01	1.570796e+01	5.971359e+00	3.970002e-01	4.343320e-01	0.000000e+00	0.000000e+00	0.000000e+00	2.574586e-03	8.942668e-08	1.377548e-02	7.559008e+07	2.625576e+03	4.044494e+08	
1.165000e+01	2.942151e+10	1.193780e+11	1.504387e+01	1.570796e+01	5.972419e+00	3.970002e-01	4.366855e-01	0.000000e+00	0.000000e+00	0.000000e+00	2.572892e-03	8.954862e-08	1.378061e-02	7.569835e+07	2.634656e+03	4.054462e+08	
1.170000e+01	2.948456e+10	1.198126e+11	1.504742e+01	1.570796e+01	5.973829e+00	3.970002e-01	4.367830e-01	0.000000e+00	0.000000e+00	0.000000e+00	2.571652e-03	8.969752e-08	1.378562e-02	7.582404e+07	2.644692e+03	4.064631e+08	
1.175000e+01	2.954752e+10	1.204266e+11	1.505097e+01	1.570796e+01	5.975236e+00	3.970002e-01	4.395715e-01	0.000000e+00	0.000000e+00	0.000000e+00	2.570333e-03	8.984538e-08	1.379057e-02	7.594698e+07	2.654708e+03	4.074771e+08	
1.180000e+01	2.961241e+10	1.199695e+11	1.505553e+01	1.570796e+01	5.977048e+00	3.970002e-01	4.392306e-01	0.000000e+00	0.000000e+00	0.000000e+00	2.568939e-03	9.006428e-08	1.379530e-02	7.607248e+07	2.667020e+03	4.085121e+08	
1.185000e+01	2.967682e+10	1.223866e+11	1.505989e+01	1.570796e+01	5.978779e+00	3.970002e-01	4.462392e-01	0.000000e+00	0.000000e+00	0.000000e+00	2.567714e-03	9.027142e-08	1.380016e-02	7.620158e+07	2.678969e+03	4.095450e+08	
1.190000e+01	2.974630e+10	1.219623e+11	1.506686e+01	1.570796e+01	5.981544e+00	3.970002e-01	4.348661e-01	0.000000e+00	0.000000e+00	0.000000e+00	2.567033e-03	9.066306e-08	1.380498e-02	7.635973e+07	2.696891e+03	4.106471e+08	
1.195000e+01	2.980688e+10	1.209330e+11	1.506935e+01	1.570796e+01	5.982533e+00	3.970002e-01	4.350659e-01	0.000000e+00	0.000000e+00	0.000000e+00	2.566339e-03	9.075085e-08	1.380987e-02	7.649458e+07	2.705000e+03	4.116291e+08	
1.200000e+01	2.986749e+10	1.214219e+11	1.507190e+01	1.570796e+01	5.983546e+00	3.970002e-01	4.357950e-01	0.000000e+00	0.000000e+00	0.000000e+00	2.565445e-03	9.080027e-08	1.381475e-02	7.662341e+07	2.711977e+03	4.126121e+08	
1.205000e+01	2.992853e+10	1.218466e+11	1.507471e+01	1.570796e+01	5.984661e+00	3.970002e-01	4.366067e-01	0.000000e+00	0.000000e+00	0.000000e+00	2.564275e-03	9.085132e-08	1.381954e-02	7.674499e+07	2.719047e+03	4.135984e+08	
1.210000e+01	2.999005e+10	1.215557e+11	1.507779e+01	1.570796e+01	5.985887e+00	3.970002e-01	4.367172e-01	0.000000e+00	0.000000e+00	0.000000e+00	2.563233e-03	9.091918e-08	1.382432e-02	7.687148e+07	2.726671e+03	4.145919e+08	
1.215000e+01	3.005150e+10	1.214231e+11	1.508089e+01	1.570796e+01	5.987116e+00	3.970002e-01	4.328391e-01	0.000000e+00	0.000000e+00	0.000000e+00	2.561973e-03	9.099787e-08	1.382903e-02	7.699114e+07	2.734622e+03	4.155832e+08	
1.220000e+01	3.010988e+10	1.225890e+11	1.508249e+01	1.570796e+01	5.987750e+00	3.970002e-01	4.395035e-01	0.000000e+00	0.000000e+00	0.000000e+00	2.560903e-03	9.094292e-08	1.383392e-02	7.710847e+07	2.738280e+03	4.165377e+08	
1.225000e+01	3.017320e+10	1.225913e+11	1.508660e+01	1.570796e+01	5.989384e+00	3.970002e-01	4.410043e-01	0.000000e+00	0.000000e+00	0.000000e+00	2.560279e-03	9.105749e-08	1.383842e-02	7.725181e+07	2.747496e+03	4.175495e+08	
1.230000e+01	3.023747e+10	1.215058e+11	1.509122e+01	1.570796e+01	5.991217e+00	3.970002e-01	4.345645e-01	0.000000e+00	0.000000e+00	0.000000e+00	2.559700e-03	9.122074e-08	1.384286e-02	7.739884e+07	2.758284e+03	4.185731e+08	
1.235000e+01	3.029665e+10	1.219521e+11	1.509334e+01	1.570796e+01	5.992058e+00	3.970002e-01	4.354910e-01	0.000000e+00	0.000000e+00	0.000000e+00	2.558670e-03	9.121684e-08	1.384738e-02	7.751912e+07	2.763564e+03	4.195291e+08	
1.240000e+01	3.035643e+10	1.247148e+11	1.509580e+01	1.570796e+01	5.993034e+00	3.970002e-01	4.424281e-01	0.000000e+00	0.000000e+00	0.000000e+00	2.558093e-03	9.123479e-08	1.385194e-02	7.765458e+07	2.769562e+03	4.204955e+08	
1.245000e+01	3.042132e+10	1.264127e+11	1.510084e+01	1.570796e+01	5.995034e+00	3.970002e-01	4.442698e-01	0.000000e+00	0.000000e+00	0.000000e+00	2.558141e-03	9.142477e-08	1.385646e-02	7.782202e+07	2.781263e+03	4.215317e+08	
