# bin_edge_left	bin_edge_right	dN/d[fe/H]	dN/d[sr/H]	dN/d[o/H]	dN/d[sr/fe]	dN/d[o/fe]	dN/d[o/sr]	
-3.000000e+00	-2.950000e+00	0.000000e+00	0.000000e+00	0.000000e+00	9.477528e-06	9.477528e-06	9.477528e-06	
-2.950000e+00	-2.900000e+00	0.000000e+00	0.000000e+00	0.000000e+00	0.000000e+00	0.000000e+00	0.000000e+00	
-2.900000e+00	-2.850000e+00	0.000000e+00	0.000000e+00	0.000000e+00	0.000000e+00	0.000000e+00	0.000000e+00	
-2.850000e+00	-2.800000e+00	0.000000e+00	0.000000e+00	0.000000e+00	0.000000e+00	0.000000e+00	0.000000e+00	
-2.800000e+00	-2.750000e+00	0.000000e+00	0.000000e+00	0.000000e+00	0.000000e+00	0.000000e+00	0.000000e+00	
-2.750000e+00	-2.700000e+00	0.000000e+00	0.000000e+00	0.000000e+00	0.000000e+00	0.000000e+00	0.000000e+00	
-2.700000e+00	-2.650000e+00	0.000000e+00	0.000000e+00	0.000000e+00	0.000000e+00	0.000000e+00	0.000000e+00	
-2.650000e+00	-2.600000e+00	0.000000e+00	0.000000e+00	0.000000e+00	0.000000e+00	0.000000e+00	0.000000e+00	
-2.600000e+00	-2.550000e+00	0.000000e+00	0.000000e+00	0.000000e+00	0.000000e+00	0.000000e+00	0.000000e+00	
-2.550000e+00	-2.500000e+00	0.000000e+00	0.000000e+00	0.000000e+00	0.000000e+00	0.000000e+00	0.000000e+00	
-2.500000e+00	-2.450000e+00	0.000000e+00	0.000000e+00	0.000000e+00	0.000000e+00	0.000000e+00	0.000000e+00	
-2.450000e+00	-2.400000e+00	0.000000e+00	0.000000e+00	0.000000e+00	0.000000e+00	0.000000e+00	0.000000e+00	
-2.400000e+00	-2.350000e+00	0.000000e+00	0.000000e+00	0.000000e+00	0.000000e+00	0.000000e+00	0.000000e+00	
-2.350000e+00	-2.300000e+00	0.000000e+00	0.000000e+00	0.000000e+00	0.000000e+00	0.000000e+00	0.000000e+00	
-2.300000e+00	-2.250000e+00	0.000000e+00	0.000000e+00	0.000000e+00	0.000000e+00	0.000000e+00	0.000000e+00	
-2.250000e+00	-2.200000e+00	0.000000e+00	0.000000e+00	0.000000e+00	0.000000e+00	0.000000e+00	0.000000e+00	
-2.200000e+00	-2.150000e+00	0.000000e+00	0.000000e+00	0.000000e+00	0.000000e+00	0.000000e+00	0.000000e+00	
-2.150000e+00	-2.100000e+00	0.000000e+00	0.000000e+00	0.000000e+00	0.000000e+00	0.000000e+00	0.000000e+00	
-2.100000e+00	-2.050000e+00	0.000000e+00	0.000000e+00	0.000000e+00	0.000000e+00	0.000000e+00	0.000000e+00	
-2.050000e+00	-2.000000e+00	0.000000e+00	0.000000e+00	0.000000e+00	0.000000e+00	0.000000e+00	0.000000e+00	
-2.000000e+00	-1.950000e+00	0.000000e+00	3.022184e-01	0.000000e+00	0.000000e+00	0.000000e+00	0.000000e+00	
-1.950000e+00	-1.900000e+00	0.000000e+00	5.295476e-01	0.000000e+00	0.000000e+00	0.000000e+00	0.000000e+00	
-1.900000e+00	-1.850000e+00	0.000000e+00	5.302737e-01	0.000000e+00	0.000000e+00	0.000000e+00	0.000000e+00	
-1.850000e+00	-1.800000e+00	0.000000e+00	2.174305e-02	0.000000e+00	0.000000e+00	0.000000e+00	0.000000e+00	
-1.800000e+00	-1.750000e+00	0.000000e+00	3.805627e-02	0.000000e+00	0.000000e+00	0.000000e+00	0.000000e+00	
-1.750000e+00	-1.700000e+00	0.000000e+00	7.600366e-01	0.000000e+00	0.000000e+00	0.000000e+00	0.000000e+00	
-1.700000e+00	-1.650000e+00	0.000000e+00	9.232572e-02	0.000000e+00	0.000000e+00	0.000000e+00	0.000000e+00	
-1.650000e+00	-1.600000e+00	0.000000e+00	4.741022e-02	0.000000e+00	0.000000e+00	0.000000e+00	0.000000e+00	
-1.600000e+00	-1.550000e+00	0.000000e+00	1.496697e-01	0.000000e+00	0.000000e+00	0.000000e+00	0.000000e+00	
-1.550000e+00	-1.500000e+00	0.000000e+00	5.418869e-02	0.000000e+00	0.000000e+00	0.000000e+00	0.000000e+00	
-1.500000e+00	-1.450000e+00	1.888495e-01	1.111623e-01	0.000000e+00	0.000000e+00	0.000000e+00	0.000000e+00	
-1.450000e+00	-1.400000e+00	4.537076e-01	1.657009e-01	0.000000e+00	0.000000e+00	0.000000e+00	0.000000e+00	
-1.400000e+00	-1.350000e+00	5.679103e-01	2.287284e-01	0.000000e+00	0.000000e+00	0.000000e+00	0.000000e+00	
-1.350000e+00	-1.300000e+00	1.733153e-01	5.738490e-02	0.000000e+00	0.000000e+00	0.000000e+00	0.000000e+00	
-1.300000e+00	-1.250000e+00	0.000000e+00	5.797478e-02	0.000000e+00	0.000000e+00	0.000000e+00	0.000000e+00	
-1.250000e+00	-1.200000e+00	0.000000e+00	1.162233e-01	0.000000e+00	0.000000e+00	0.000000e+00	0.000000e+00	
-1.200000e+00	-1.150000e+00	3.550397e-02	0.000000e+00	0.000000e+00	0.000000e+00	0.000000e+00	0.000000e+00	
-1.150000e+00	-1.100000e+00	4.514006e-02	5.581433e-02	0.000000e+00	0.000000e+00	0.000000e+00	0.000000e+00	
-1.100000e+00	-1.050000e+00	1.639155e-01	0.000000e+00	0.000000e+00	0.000000e+00	0.000000e+00	0.000000e+00	
-1.050000e+00	-1.000000e+00	5.572456e-01	0.000000e+00	1.888495e-01	0.000000e+00	0.000000e+00	0.000000e+00	
-1.000000e+00	-9.500000e-01	3.002849e-01	0.000000e+00	4.537076e-01	0.000000e+00	0.000000e+00	0.000000e+00	
-9.500000e-01	-9.000000e-01	5.591858e-02	0.000000e+00	5.679103e-01	0.000000e+00	0.000000e+00	0.000000e+00	
-9.000000e-01	-8.500000e-01	2.078667e-01	5.963101e-02	1.733153e-01	0.000000e+00	0.000000e+00	0.000000e+00	
-8.500000e-01	-8.000000e-01	1.141724e-01	1.300052e-01	7.625889e-01	0.000000e+00	0.000000e+00	0.000000e+00	
-8.000000e-01	-7.500000e-01	1.719409e-01	0.000000e+00	0.000000e+00	0.000000e+00	0.000000e+00	0.000000e+00	
-7.500000e-01	-7.000000e-01	0.000000e+00	0.000000e+00	1.775305e-01	7.578643e-01	0.000000e+00	0.000000e+00	
-7.000000e-01	-6.500000e-01	5.267510e-02	0.000000e+00	4.514006e-02	3.264382e-01	0.000000e+00	0.000000e+00	
-6.500000e-01	-6.000000e-01	5.581433e-02	0.000000e+00	4.973948e-02	4.718564e-02	0.000000e+00	0.000000e+00	
-6.000000e-01	-5.500000e-01	1.741981e-01	7.103767e-02	1.066882e-01	3.427766e-01	0.000000e+00	0.000000e+00	
-5.500000e-01	-5.000000e-01	0.000000e+00	6.660858e-01	2.768632e-01	1.903824e+00	0.000000e+00	0.000000e+00	
-5.000000e-01	-4.500000e-01	0.000000e+00	2.259893e-01	2.861133e-01	0.000000e+00	0.000000e+00	0.000000e+00	
-4.500000e-01	-4.000000e-01	0.000000e+00	9.927477e-01	1.741981e-01	3.537820e-01	0.000000e+00	0.000000e+00	
-4.000000e-01	-3.500000e-01	1.896363e-01	8.769105e-02	5.963101e-02	2.247359e-01	0.000000e+00	0.000000e+00	
-3.500000e-01	-3.000000e-01	0.000000e+00	7.208811e-01	0.000000e+00	2.963904e-01	0.000000e+00	0.000000e+00	
-3.000000e-01	-2.500000e-01	0.000000e+00	7.926170e-01	0.000000e+00	1.856958e+00	0.000000e+00	0.000000e+00	
-2.500000e-01	-2.000000e-01	4.513858e-01	1.629899e+00	6.912447e-02	3.049629e+00	0.000000e+00	0.000000e+00	
-2.000000e-01	-1.500000e-01	6.695639e-01	1.459017e+00	2.687384e-01	4.680717e+00	0.000000e+00	0.000000e+00	
-1.500000e-01	-1.000000e-01	6.907236e-01	1.733445e+00	1.049117e+00	4.346457e+00	0.000000e+00	0.000000e+00	
-1.000000e-01	-5.000000e-02	1.501304e+00	3.262078e+00	2.282392e-01	1.748598e+00	0.000000e+00	0.000000e+00	
-5.000000e-02	0.000000e+00	1.570019e+00	4.703840e-01	1.655306e+00	6.463439e-02	6.388786e-01	0.000000e+00	
0.000000e+00	5.000000e-02	1.658714e+00	5.650614e-01	1.284360e+00	0.000000e+00	7.171773e+00	0.000000e+00	
5.000000e-02	1.000000e-01	4.571324e+00	2.342606e+00	2.557457e+00	0.000000e+00	7.072716e+00	1.389012e-01	
1.000000e-01	1.500000e-01	1.148425e+00	5.411135e-01	2.750114e+00	0.000000e+00	9.609908e-01	1.905967e+00	
1.500000e-01	2.000000e-01	2.019798e+00	8.043736e-01	2.302921e+00	0.000000e+00	1.264146e+00	2.789264e+00	
2.000000e-01	2.500000e-01	1.578814e+00	6.224384e-02	2.981934e+00	0.000000e+00	5.849532e-01	4.344967e+00	
2.500000e-01	3.000000e-01	5.671994e-01	6.463442e-02	7.970182e-01	0.000000e+00	1.618881e-01	4.357700e+00	
3.000000e-01	3.500000e-01	6.463442e-02	0.000000e+00	6.687618e-01	0.000000e+00	1.829087e-01	1.381952e+00	
3.500000e-01	4.000000e-01	0.000000e+00	0.000000e+00	6.463442e-02	0.000000e+00	2.298250e-01	6.516421e-01	
4.000000e-01	4.500000e-01	0.000000e+00	0.000000e+00	0.000000e+00	0.000000e+00	2.177462e-01	6.807393e-01	
4.500000e-01	5.000000e-01	0.000000e+00	0.000000e+00	0.000000e+00	0.000000e+00	1.514166e+00	2.292665e-01	
5.000000e-01	5.500000e-01	0.000000e+00	0.000000e+00	0.000000e+00	0.000000e+00	0.000000e+00	5.963098e-02	
5.500000e-01	6.000000e-01	0.000000e+00	0.000000e+00	0.000000e+00	0.000000e+00	0.000000e+00	1.149794e-02	
6.000000e-01	6.500000e-01	0.000000e+00	0.000000e+00	0.000000e+00	0.000000e+00	0.000000e+00	6.912443e-02	
6.500000e-01	7.000000e-01	0.000000e+00	0.000000e+00	0.000000e+00	0.000000e+00	0.000000e+00	0.000000e+00	
7.000000e-01	7.500000e-01	0.000000e+00	0.000000e+00	0.000000e+00	0.000000e+00	0.000000e+00	0.000000e+00	
7.500000e-01	8.000000e-01	0.000000e+00	0.000000e+00	0.000000e+00	0.000000e+00	0.000000e+00	6.088075e-02	
8.000000e-01	8.500000e-01	0.000000e+00	0.000000e+00	0.000000e+00	0.000000e+00	0.000000e+00	1.741980e-01	
8.500000e-01	9.000000e-01	0.000000e+00	0.000000e+00	0.000000e+00	0.000000e+00	0.000000e+00	7.775074e-01	
9.000000e-01	9.500000e-01	0.000000e+00	0.000000e+00	0.000000e+00	0.000000e+00	0.000000e+00	7.458982e-01	
9.500000e-01	1.000000e+00	0.000000e+00	0.000000e+00	0.000000e+00	0.000000e+00	0.000000e+00	1.620854e+00	
