# COLUMN NUMBERS: 
#	0: time [Gyr]
#	1: mgas [Msun]			ISM gas mass
#	2: mstar [Msun]			Stellar mass
#	3: sfr [Msun/yr]		Star formation rate
#	4: ifr [Msun/yr]		Infall rate
#	5: ofr [Msun/yr]		Outfow rate
#	6: eta_0			Mass-loading factor
#	7: r_eff			Effective recycilng rate
#	8: z_in(fe)			Inflow fe metallicity
#	9: z_in(sr)			Inflow sr metallicity
#	10: z_in(o)			Inflow o metallicity
#	11: z_out(fe)			Outflow fe metallicity
#	12: z_out(sr)			Outflow sr metallicity
#	13: z_out(o)			Outflow o metallicity
#	14: mass(fe) [Msun]		mass of element fe in ISM
#	15: mass(sr) [Msun]		mass of element sr in ISM
#	16: mass(o) [Msun]		mass of element o in ISM
0.000000e+00	1.000000e-12	1.209217e-29	3.226079e-37	2.827433e+01	2.713467e-37	8.411037e-01	2.503490e-01	0.000000e+00	0.000000e+00	0.000000e+00	2.658881e-284	2.502476e-284	2.971690e-284	0.000000e+00	0.000000e+00	0.000000e+00	
5.000000e-02	1.413717e+09	8.007117e+07	2.136225e+00	2.827433e+01	1.796787e+00	8.411037e-01	2.503490e-01	0.000000e+00	0.000000e+00	0.000000e+00	7.848796e-05	8.764489e-10	9.810995e-04	1.109597e+05	1.239050e+00	1.386997e+06	
1.000000e-01	2.657523e+09	2.257296e+08	3.950403e+00	2.827433e+01	3.322699e+00	8.411037e-01	2.625642e-01	0.000000e+00	0.000000e+00	0.000000e+00	1.144229e-04	1.277723e-09	1.430286e-03	3.040815e+05	3.395577e+00	3.801019e+06	
1.500000e-01	3.759446e+09	4.259866e+08	5.500399e+00	2.827433e+01	4.626406e+00	8.411037e-01	2.718454e-01	0.000000e+00	0.000000e+00	0.000000e+00	1.847299e-04	1.659472e-09	1.859560e-03	6.944822e+05	6.238697e+00	6.990916e+06	
2.000000e-01	4.741586e+09	6.721075e+08	6.831434e+00	2.827433e+01	5.745945e+00	8.411037e-01	2.794460e-01	0.000000e+00	0.000000e+00	0.000000e+00	2.593790e-04	2.025334e-09	2.264967e-03	1.229868e+06	9.603294e+00	1.073953e+07	
2.500000e-01	5.621884e+09	1.215768e+09	7.979721e+00	2.827433e+01	6.711773e+00	8.411037e-01	2.942937e-01	0.000000e+00	0.000000e+00	0.000000e+00	3.326948e-04	2.383748e-09	2.646754e-03	1.870372e+06	1.340115e+01	1.487974e+07	
3.000000e-01	6.418445e+09	1.762389e+09	8.979271e+00	2.827433e+01	7.552498e+00	8.411037e-01	3.046776e-01	0.000000e+00	0.000000e+00	0.000000e+00	4.031948e-04	2.754573e-09	3.005463e-03	2.587884e+06	1.768008e+01	1.929040e+07	
3.500000e-01	7.142363e+09	1.894795e+09	9.852261e+00	2.827433e+01	8.286773e+00	8.411037e-01	3.025771e-01	0.000000e+00	0.000000e+00	0.000000e+00	4.703064e-04	3.147655e-09	3.342615e-03	3.359099e+06	2.248169e+01	2.387417e+07	
4.000000e-01	7.798181e+09	2.873356e+09	1.061055e+01	2.827433e+01	8.924569e+00	8.411037e-01	3.202890e-01	0.000000e+00	0.000000e+00	0.000000e+00	5.336655e-04	3.529688e-09	3.660013e-03	4.161620e+06	2.752514e+01	2.854144e+07	
4.500000e-01	8.405064e+09	3.110672e+09	1.128482e+01	2.827433e+01	9.491701e+00	8.411037e-01	3.197872e-01	0.000000e+00	0.000000e+00	0.000000e+00	5.938505e-04	3.976572e-09	3.957507e-03	4.991351e+06	3.342334e+01	3.326310e+07	
5.000000e-01	8.960392e+09	3.327250e+09	1.187517e+01	2.827433e+01	9.988253e+00	8.411037e-01	3.182483e-01	0.000000e+00	0.000000e+00	0.000000e+00	6.504522e-04	4.429162e-09	4.237488e-03	5.828306e+06	3.968702e+01	3.796955e+07	
5.500000e-01	9.469900e+09	4.569954e+09	1.239255e+01	2.827433e+01	1.042342e+01	8.411037e-01	3.366875e-01	0.000000e+00	0.000000e+00	0.000000e+00	7.037309e-04	4.896282e-09	4.500768e-03	6.664261e+06	4.636730e+01	4.262182e+07	
6.000000e-01	9.951439e+09	4.288609e+09	1.286291e+01	2.827433e+01	1.081904e+01	8.411037e-01	3.238396e-01	0.000000e+00	0.000000e+00	0.000000e+00	7.543817e-04	5.577171e-09	4.747305e-03	7.507184e+06	5.550087e+01	4.724252e+07	
6.500000e-01	1.038933e+10	4.875635e+09	1.326809e+01	2.827433e+01	1.115984e+01	8.411037e-01	3.300784e-01	0.000000e+00	0.000000e+00	0.000000e+00	8.017273e-04	6.169296e-09	4.979755e-03	8.329413e+06	6.409488e+01	5.173634e+07	
7.000000e-01	1.080063e+10	5.796107e+09	1.363202e+01	2.827433e+01	1.146594e+01	8.411037e-01	3.386533e-01	0.000000e+00	0.000000e+00	0.000000e+00	8.464095e-04	6.878354e-09	5.197821e-03	9.141756e+06	7.429056e+01	5.613974e+07	
7.500000e-01	1.119028e+10	7.242201e+09	1.396239e+01	2.827433e+01	1.174382e+01	8.411037e-01	3.562245e-01	0.000000e+00	0.000000e+00	0.000000e+00	8.887909e-04	7.761554e-09	5.402333e-03	9.945815e+06	8.685392e+01	6.045359e+07	
8.000000e-01	1.156737e+10	7.256253e+09	1.427163e+01	2.827433e+01	1.200392e+01	8.411037e-01	3.460628e-01	0.000000e+00	0.000000e+00	0.000000e+00	9.292529e-04	8.941256e-09	5.594095e-03	1.074901e+07	1.034268e+02	6.470896e+07	
8.500000e-01	1.191425e+10	8.770289e+09	1.453895e+01	2.827433e+01	1.222877e+01	8.411037e-01	3.637617e-01	0.000000e+00	0.000000e+00	0.000000e+00	9.673191e-04	9.996290e-09	5.775215e-03	1.152488e+07	1.190983e+02	6.880736e+07	
9.000000e-01	1.225402e+10	8.959725e+09	1.479363e+01	2.827433e+01	1.244298e+01	8.411037e-01	3.631778e-01	0.000000e+00	0.000000e+00	0.000000e+00	1.003815e-03	1.134726e-08	5.945088e-03	1.230077e+07	1.390495e+02	7.285121e+07	
9.500000e-01	1.257454e+10	9.517563e+09	1.502162e+01	2.827433e+01	1.263474e+01	8.411037e-01	3.643554e-01	0.000000e+00	0.000000e+00	0.000000e+00	1.037971e-03	1.259549e-08	6.105594e-03	1.305201e+07	1.583826e+02	7.677504e+07	
1.000000e+00	1.287910e+10	1.055880e+10	1.522764e+01	2.827433e+01	1.280803e+01	8.411037e-01	3.714936e-01	0.000000e+00	0.000000e+00	0.000000e+00	1.070355e-03	1.382844e-08	6.256957e-03	1.378521e+07	1.780979e+02	8.058398e+07	
1.050000e+00	1.317388e+10	1.160801e+10	1.541963e+01	2.827433e+01	1.296951e+01	8.411037e-01	3.777968e-01	0.000000e+00	0.000000e+00	0.000000e+00	1.101344e-03	1.519705e-08	6.399569e-03	1.450897e+07	2.002042e+02	8.430715e+07	
1.100000e+00	1.345941e+10	1.209675e+10	1.559863e+01	2.827433e+01	1.312006e+01	8.411037e-01	3.733530e-01	0.000000e+00	0.000000e+00	0.000000e+00	1.131029e-03	1.668568e-08	6.534149e-03	1.522299e+07	2.245794e+02	8.794582e+07	
1.150000e+00	1.372839e+10	1.222146e+10	1.575662e+01	2.827433e+01	1.325295e+01	8.411037e-01	3.690169e-01	0.000000e+00	0.000000e+00	0.000000e+00	1.159328e-03	1.811539e-08	6.661657e-03	1.591570e+07	2.486951e+02	9.145380e+07	
1.200000e+00	1.398235e+10	1.235387e+10	1.589599e+01	2.827433e+01	1.337017e+01	8.411037e-01	3.646896e-01	0.000000e+00	0.000000e+00	0.000000e+00	1.185997e-03	1.942131e-08	6.782376e-03	1.658302e+07	2.715556e+02	9.483353e+07	
1.250000e+00	1.422261e+10	1.291986e+10	1.601872e+01	2.827433e+01	1.347340e+01	8.411037e-01	3.644830e-01	0.000000e+00	0.000000e+00	0.000000e+00	1.211029e-03	2.053321e-08	6.896342e-03	1.722399e+07	2.920358e+02	9.808400e+07	
1.300000e+00	1.445365e+10	1.344777e+10	1.613026e+01	2.827433e+01	1.356722e+01	8.411037e-01	3.640619e-01	0.000000e+00	0.000000e+00	0.000000e+00	1.234796e-03	2.159677e-08	7.003708e-03	1.784730e+07	3.121522e+02	1.012291e+08	
1.350000e+00	1.467611e+10	1.416506e+10	1.623164e+01	2.827433e+01	1.365249e+01	8.411037e-01	3.656064e-01	0.000000e+00	0.000000e+00	0.000000e+00	1.257275e-03	2.256969e-08	7.104794e-03	1.845191e+07	3.312353e+02	1.042708e+08	
1.400000e+00	1.489234e+10	1.470036e+10	1.632566e+01	2.827433e+01	1.373158e+01	8.411037e-01	3.652145e-01	0.000000e+00	0.000000e+00	0.000000e+00	1.278730e-03	2.352434e-08	7.200026e-03	1.904328e+07	3.503325e+02	1.072253e+08	
1.450000e+00	1.510132e+10	1.543310e+10	1.641142e+01	2.827433e+01	1.380370e+01	8.411037e-01	3.685835e-01	0.000000e+00	0.000000e+00	0.000000e+00	1.299048e-03	2.438767e-08	7.289753e-03	1.961733e+07	3.682859e+02	1.100849e+08	
1.500000e+00	1.530673e+10	1.684840e+10	1.649307e+01	2.827433e+01	1.387238e+01	8.411037e-01	3.737165e-01	0.000000e+00	0.000000e+00	0.000000e+00	1.318483e-03	2.531626e-08	7.374435e-03	2.018165e+07	3.875090e+02	1.128784e+08	
1.550000e+00	1.551036e+10	1.753474e+10	1.657263e+01	2.827433e+01	1.393930e+01	8.411037e-01	3.763348e-01	0.000000e+00	0.000000e+00	0.000000e+00	1.337447e-03	2.631896e-08	7.454214e-03	2.074429e+07	4.082165e+02	1.156175e+08	
1.600000e+00	1.571032e+10	1.732143e+10	1.664813e+01	2.827433e+01	1.400280e+01	8.411037e-01	3.735866e-01	0.000000e+00	0.000000e+00	0.000000e+00	1.355583e-03	2.736170e-08	7.529850e-03	2.129664e+07	4.298610e+02	1.182964e+08	
1.650000e+00	1.590247e+10	1.784480e+10	1.671529e+01	2.827433e+01	1.405929e+01	8.411037e-01	3.737857e-01	0.000000e+00	0.000000e+00	0.000000e+00	1.372370e-03	2.824753e-08	7.601830e-03	2.182407e+07	4.492054e+02	1.208878e+08	
1.700000e+00	1.608985e+10	1.738718e+10	1.677749e+01	2.827433e+01	1.411161e+01	8.411037e-01	3.683786e-01	0.000000e+00	0.000000e+00	0.000000e+00	1.388329e-03	2.906344e-08	7.670055e-03	2.233800e+07	4.676264e+02	1.234100e+08	
1.750000e+00	1.626813e+10	1.735290e+10	1.683035e+01	2.827433e+01	1.415607e+01	8.411037e-01	3.598767e-01	0.000000e+00	0.000000e+00	0.000000e+00	1.402846e-03	2.962040e-08	7.734742e-03	2.282169e+07	4.818687e+02	1.258298e+08	
1.800000e+00	1.643537e+10	1.849708e+10	1.687206e+01	2.827433e+01	1.419115e+01	8.411037e-01	3.688888e-01	0.000000e+00	0.000000e+00	0.000000e+00	1.416258e-03	2.978284e-08	7.795564e-03	2.327672e+07	4.894921e+02	1.281230e+08	
1.850000e+00	1.660712e+10	1.904802e+10	1.691873e+01	2.827433e+01	1.423041e+01	8.411037e-01	3.659315e-01	0.000000e+00	0.000000e+00	0.000000e+00	1.429257e-03	3.020397e-08	7.852609e-03	2.373585e+07	5.016011e+02	1.304093e+08	
1.900000e+00	1.677294e+10	2.074697e+10	1.695966e+01	2.827433e+01	1.426483e+01	8.411037e-01	3.764538e-01	0.000000e+00	0.000000e+00	0.000000e+00	1.441606e-03	3.049525e-08	7.906252e-03	2.417997e+07	5.114950e+02	1.326111e+08	
1.950000e+00	1.694466e+10	1.928809e+10	1.700684e+01	2.827433e+01	1.430452e+01	8.411037e-01	3.677249e-01	0.000000e+00	0.000000e+00	0.000000e+00	1.453954e-03	3.107000e-08	7.956741e-03	2.463676e+07	5.264706e+02	1.348243e+08	
2.000000e+00	1.710550e+10	2.037012e+10	1.704341e+01	2.827433e+01	1.433528e+01	8.411037e-01	3.707799e-01	0.000000e+00	0.000000e+00	0.000000e+00	1.464617e-03	3.138114e-08	8.005173e-03	2.505301e+07	5.367901e+02	1.369325e+08	
2.050000e+00	1.726625e+10	1.989608e+10	1.708025e+01	2.827433e+01	1.436626e+01	8.411037e-01	3.684691e-01	0.000000e+00	0.000000e+00	0.000000e+00	1.475144e-03	3.178213e-08	8.051072e-03	2.547020e+07	5.487581e+02	1.390118e+08	
2.100000e+00	1.742232e+10	2.168738e+10	1.711284e+01	2.827433e+01	1.439367e+01	8.411037e-01	3.791467e-01	0.000000e+00	0.000000e+00	0.000000e+00	1.484671e-03	3.213604e-08	8.094889e-03	2.586640e+07	5.598843e+02	1.410317e+08	
2.150000e+00	1.758512e+10	2.267828e+10	1.715238e+01	2.827433e+01	1.442693e+01	8.411037e-01	3.806786e-01	0.000000e+00	0.000000e+00	0.000000e+00	1.494517e-03	3.278578e-08	8.136108e-03	2.628126e+07	5.765419e+02	1.430745e+08	
2.200000e+00	1.774635e+10	2.388282e+10	1.719067e+01	2.827433e+01	1.445914e+01	8.411037e-01	3.851013e-01	0.000000e+00	0.000000e+00	0.000000e+00	1.504208e-03	3.345142e-08	8.175536e-03	2.669421e+07	5.936407e+02	1.450859e+08	
2.250000e+00	1.790858e+10	2.337207e+10	1.723021e+01	2.827433e+01	1.449240e+01	8.411037e-01	3.784661e-01	0.000000e+00	0.000000e+00	0.000000e+00	1.514006e-03	3.424014e-08	8.213280e-03	2.711370e+07	6.131925e+02	1.470882e+08	
2.300000e+00	1.806222e+10	2.498974e+10	1.726179e+01	2.827433e+01	1.451896e+01	8.411037e-01	3.880927e-01	0.000000e+00	0.000000e+00	0.000000e+00	1.522860e-03	3.475554e-08	8.249558e-03	2.750624e+07	6.277622e+02	1.490053e+08	
2.350000e+00	1.822186e+10	2.496601e+10	1.729941e+01	2.827433e+01	1.455060e+01	8.411037e-01	3.847886e-01	0.000000e+00	0.000000e+00	0.000000e+00	1.531751e-03	3.545801e-08	8.283919e-03	2.791135e+07	6.461110e+02	1.509484e+08	
2.400000e+00	1.837591e+10	2.455685e+10	1.733200e+01	2.827433e+01	1.457801e+01	8.411037e-01	3.827031e-01	0.000000e+00	0.000000e+00	0.000000e+00	1.540002e-03	3.603203e-08	8.317215e-03	2.829894e+07	6.621213e+02	1.528364e+08	
2.450000e+00	1.852577e+10	2.452399e+10	1.736099e+01	2.827433e+01	1.460239e+01	8.411037e-01	3.777535e-01	0.000000e+00	0.000000e+00	0.000000e+00	1.547671e-03	3.655262e-08	8.349518e-03	2.867180e+07	6.771657e+02	1.546813e+08	
2.500000e+00	1.866923e+10	2.515654e+10	1.738434e+01	2.827433e+01	1.462203e+01	8.411037e-01	3.792167e-01	0.000000e+00	0.000000e+00	0.000000e+00	1.554724e-03	3.685208e-08	8.380393e-03	2.902550e+07	6.880000e+02	1.564555e+08	
2.550000e+00	1.881225e+10	2.572385e+10	1.740769e+01	2.827433e+01	1.464167e+01	8.411037e-01	3.768344e-01	0.000000e+00	0.000000e+00	0.000000e+00	1.561613e-03	3.716696e-08	8.409702e-03	2.937745e+07	6.991941e+02	1.582054e+08	
2.600000e+00	1.895149e+10	2.603306e+10	1.742794e+01	2.827433e+01	1.465871e+01	8.411037e-01	3.732516e-01	0.000000e+00	0.000000e+00	0.000000e+00	1.568044e-03	3.734150e-08	8.437645e-03	2.971676e+07	7.076771e+02	1.599059e+08	
2.650000e+00	1.908613e+10	2.709617e+10	1.744440e+01	2.827433e+01	1.467255e+01	8.411037e-01	3.787049e-01	0.000000e+00	0.000000e+00	0.000000e+00	1.574013e-03	3.736506e-08	8.464311e-03	3.004181e+07	7.131542e+02	1.615509e+08	
2.700000e+00	1.922431e+10	3.014728e+10	1.746453e+01	2.827433e+01	1.468948e+01	8.411037e-01	4.050341e-01	0.000000e+00	0.000000e+00	0.000000e+00	1.580082e-03	3.759424e-08	8.489713e-03	3.037598e+07	7.227233e+02	1.632089e+08	
2.750000e+00	1.938401e+10	3.025640e+10	1.750448e+01	2.827433e+01	1.472309e+01	8.411037e-01	3.990607e-01	0.000000e+00	0.000000e+00	0.000000e+00	1.586960e-03	3.844194e-08	8.512962e-03	3.076165e+07	7.451589e+02	1.650154e+08	
2.800000e+00	1.953562e+10	3.078454e+10	1.753731e+01	2.827433e+01	1.475070e+01	8.411037e-01	3.976996e-01	0.000000e+00	0.000000e+00	0.000000e+00	1.593691e-03	3.919673e-08	8.536192e-03	3.113374e+07	7.657322e+02	1.667598e+08	
2.850000e+00	1.968366e+10	3.245624e+10	1.756718e+01	2.827433e+01	1.477582e+01	8.411037e-01	4.055651e-01	0.000000e+00	0.000000e+00	0.000000e+00	1.600344e-03	3.988680e-08	8.559290e-03	3.150063e+07	7.851184e+02	1.684782e+08	
2.900000e+00	1.983646e+10	3.360373e+10	1.760151e+01	2.827433e+01	1.480469e+01	8.411037e-01	4.155588e-01	0.000000e+00	0.000000e+00	0.000000e+00	1.607196e-03	4.070659e-08	8.581670e-03	3.188108e+07	8.074746e+02	1.702300e+08	
2.950000e+00	1.999559e+10	3.462402e+10	1.764161e+01	2.827433e+01	1.483842e+01	8.411037e-01	4.192103e-01	0.000000e+00	0.000000e+00	0.000000e+00	1.614170e-03	4.178632e-08	8.604225e-03	3.227629e+07	8.355421e+02	1.720466e+08	
3.000000e+00	2.015508e+10	3.452197e+10	1.768214e+01	2.827433e+01	1.487251e+01	8.411037e-01	4.078500e-01	0.000000e+00	0.000000e+00	0.000000e+00	1.620993e-03	4.282413e-08	8.626261e-03	3.267125e+07	8.631238e+02	1.738630e+08	
3.050000e+00	2.030165e+10	3.610726e+10	1.771150e+01	2.827433e+01	1.489721e+01	8.411037e-01	4.075438e-01	0.000000e+00	0.000000e+00	0.000000e+00	1.627427e-03	4.354611e-08	8.648336e-03	3.303946e+07	8.840579e+02	1.755755e+08	
3.100000e+00	2.044584e+10	3.652554e+10	1.773902e+01	2.827433e+01	1.492035e+01	8.411037e-01	4.020761e-01	0.000000e+00	0.000000e+00	0.000000e+00	1.634077e-03	4.420449e-08	8.670033e-03	3.341009e+07	9.037981e+02	1.772661e+08	
3.150000e+00	2.058321e+10	3.772844e+10	1.776088e+01	2.827433e+01	1.493874e+01	8.411037e-01	4.073513e-01	0.000000e+00	0.000000e+00	0.000000e+00	1.640487e-03	4.461841e-08	8.691454e-03	3.376648e+07	9.183901e+02	1.788980e+08	
3.200000e+00	2.072369e+10	3.941563e+10	1.778570e+01	2.827433e+01	1.495962e+01	8.411037e-01	4.081915e-01	0.000000e+00	0.000000e+00	0.000000e+00	1.646981e-03	4.514309e-08	8.712171e-03	3.413152e+07	9.355314e+02	1.805484e+08	
3.250000e+00	2.086314e+10	3.989910e+10	1.780988e+01	2.827433e+01	1.497996e+01	8.411037e-01	4.010053e-01	0.000000e+00	0.000000e+00	0.000000e+00	1.653634e-03	4.558375e-08	8.732260e-03	3.450000e+07	9.510202e+02	1.821824e+08	
3.300000e+00	2.099446e+10	4.035415e+10	1.782741e+01	2.827433e+01	1.499470e+01	8.411037e-01	3.920447e-01	0.000000e+00	0.000000e+00	0.000000e+00	1.659992e-03	4.577801e-08	8.751974e-03	3.485064e+07	9.610847e+02	1.837430e+08	
3.350000e+00	2.111653e+10	4.155492e+10	1.783743e+01	2.827433e+01	1.500312e+01	8.411037e-01	4.020024e-01	0.000000e+00	0.000000e+00	0.000000e+00	1.665915e-03	4.570997e-08	8.770930e-03	3.517835e+07	9.652360e+02	1.852116e+08	
3.400000e+00	2.124675e+10	4.108349e+10	1.785468e+01	2.827433e+01	1.501763e+01	8.411037e-01	3.988721e-01	0.000000e+00	0.000000e+00	0.000000e+00	1.671828e-03	4.587405e-08	8.789561e-03	3.552091e+07	9.746746e+02	1.867496e+08	
3.450000e+00	2.137294e+10	4.180463e+10	1.786885e+01	2.827433e+01	1.502955e+01	8.411037e-01	3.928659e-01	0.000000e+00	0.000000e+00	0.000000e+00	1.677229e-03	4.591638e-08	8.807513e-03	3.584731e+07	9.813681e+02	1.882424e+08	
3.500000e+00	2.149274e+10	4.341644e+10	1.787802e+01	2.827433e+01	1.503727e+01	8.411037e-01	3.963834e-01	0.000000e+00	0.000000e+00	0.000000e+00	1.682070e-03	4.569199e-08	8.824601e-03	3.615229e+07	9.820459e+02	1.896649e+08	
3.550000e+00	2.161502e+10	4.505114e+10	1.788961e+01	2.827433e+01	1.504702e+01	8.411037e-01	3.998528e-01	0.000000e+00	0.000000e+00	0.000000e+00	1.686899e-03	4.553245e-08	8.840911e-03	3.646236e+07	9.841847e+02	1.910965e+08	
3.600000e+00	2.173956e+10	4.437578e+10	1.790340e+01	2.827433e+01	1.505861e+01	8.411037e-01	3.968786e-01	0.000000e+00	0.000000e+00	0.000000e+00	1.691770e-03	4.544850e-08	8.856518e-03	3.677833e+07	9.880307e+02	1.925368e+08	
3.650000e+00	2.186045e+10	4.435563e+10	1.791449e+01	2.827433e+01	1.506794e+01	8.411037e-01	3.972898e-01	0.000000e+00	0.000000e+00	0.000000e+00	1.695815e-03	4.532141e-08	8.871590e-03	3.707129e+07	9.907466e+02	1.939370e+08	
3.700000e+00	2.198091e+10	4.419271e+10	1.792555e+01	2.827433e+01	1.507724e+01	8.411037e-01	3.973565e-01	0.000000e+00	0.000000e+00	0.000000e+00	1.699580e-03	4.524928e-08	8.886225e-03	3.735832e+07	9.946204e+02	1.953273e+08	
3.750000e+00	2.210063e+10	4.581756e+10	1.793632e+01	2.827433e+01	1.508630e+01	8.411037e-01	4.007180e-01	0.000000e+00	0.000000e+00	0.000000e+00	1.703057e-03	4.523316e-08	8.900528e-03	3.763864e+07	9.996814e+02	1.967073e+08	
3.800000e+00	2.222259e+10	4.458546e+10	1.794921e+01	2.827433e+01	1.509714e+01	8.411037e-01	3.900423e-01	0.000000e+00	0.000000e+00	0.000000e+00	1.706764e-03	4.529402e-08	8.914259e-03	3.792872e+07	1.006550e+03	1.980979e+08	
3.850000e+00	2.233403e+10	4.351748e+10	1.795393e+01	2.827433e+01	1.510112e+01	8.411037e-01	3.894664e-01	0.000000e+00	0.000000e+00	0.000000e+00	1.709512e-03	4.502426e-08	8.927554e-03	3.818031e+07	1.005573e+03	1.993883e+08	
3.900000e+00	2.244462e+10	4.581462e+10	1.795832e+01	2.827433e+01	1.510481e+01	8.411037e-01	4.001035e-01	0.000000e+00	0.000000e+00	0.000000e+00	1.711762e-03	4.481151e-08	8.940387e-03	3.841986e+07	1.005777e+03	2.006636e+08	
3.950000e+00	2.256444e+10	4.451618e+10	1.797041e+01	2.827433e+01	1.511498e+01	8.411037e-01	3.905254e-01	0.000000e+00	0.000000e+00	0.000000e+00	1.714837e-03	4.495586e-08	8.952775e-03	3.869433e+07	1.014404e+03	2.020144e+08	
4.000000e+00	2.267478e+10	4.620116e+10	1.797526e+01	2.827433e+01	1.511906e+01	8.411037e-01	3.962880e-01	0.000000e+00	0.000000e+00	0.000000e+00	1.716890e-03	4.479707e-08	8.964705e-03	3.893012e+07	1.015764e+03	2.032727e+08	
4.050000e+00	2.278995e+10	4.781049e+10	1.798425e+01	2.827433e+01	1.512662e+01	8.411037e-01	3.950954e-01	0.000000e+00	0.000000e+00	0.000000e+00	1.719334e-03	4.479369e-08	8.975901e-03	3.918355e+07	1.020846e+03	2.045604e+08	
4.100000e+00	2.290340e+10	4.893857e+10	1.799218e+01	2.827433e+01	1.513329e+01	8.411037e-01	3.983016e-01	0.000000e+00	0.000000e+00	0.000000e+00	1.721984e-03	4.469275e-08	8.986611e-03	3.943930e+07	1.023616e+03	2.058240e+08	
4.150000e+00	2.301916e+10	4.940299e+10	1.800221e+01	2.827433e+01	1.514172e+01	8.411037e-01	3.981604e-01	0.000000e+00	0.000000e+00	0.000000e+00	1.724761e-03	4.466417e-08	8.997058e-03	3.970255e+07	1.028132e+03	2.071047e+08	
4.200000e+00	2.313407e+10	5.044223e+10	1.801184e+01	2.827433e+01	1.514982e+01	8.411037e-01	4.043690e-01	0.000000e+00	0.000000e+00	0.000000e+00	1.727238e-03	4.463282e-08	9.007178e-03	3.995803e+07	1.032539e+03	2.083727e+08	
4.250000e+00	2.325387e+10	5.140728e+10	1.802553e+01	2.827433e+01	1.516134e+01	8.411037e-01	4.025669e-01	0.000000e+00	0.000000e+00	0.000000e+00	1.729742e-03	4.479378e-08	9.017413e-03	4.022319e+07	1.041629e+03	2.096898e+08	
4.300000e+00	2.337107e+10	5.349319e+10	1.803744e+01	2.827433e+01	1.517136e+01	8.411037e-01	3.957260e-01	0.000000e+00	0.000000e+00	0.000000e+00	1.732092e-03	4.487274e-08	9.027214e-03	4.048084e+07	1.048724e+03	2.109757e+08	
4.350000e+00	2.348124e+10	5.357737e+10	1.804419e+01	2.827433e+01	1.517703e+01	8.411037e-01	3.875387e-01	0.000000e+00	0.000000e+00	0.000000e+00	1.734970e-03	4.497357e-08	9.036586e-03	4.073924e+07	1.056035e+03	2.121902e+08	
4.400000e+00	2.358354e+10	5.499139e+10	1.804518e+01	2.827433e+01	1.517787e+01	8.411037e-01	3.933458e-01	0.000000e+00	0.000000e+00	0.000000e+00	1.737682e-03	4.493351e-08	9.045635e-03	4.098068e+07	1.059691e+03	2.133281e+08	
4.450000e+00	2.369100e+10	5.778257e+10	1.805044e+01	2.827433e+01	1.518229e+01	8.411037e-01	4.055530e-01	0.000000e+00	0.000000e+00	0.000000e+00	1.740408e-03	4.485839e-08	9.054655e-03	4.123201e+07	1.062740e+03	2.145138e+08	
4.500000e+00	2.380910e+10	5.635321e+10	1.806404e+01	2.827433e+01	1.519373e+01	8.411037e-01	3.813510e-01	0.000000e+00	0.000000e+00	0.000000e+00	1.743593e-03	4.498851e-08	9.063262e-03	4.151339e+07	1.071136e+03	2.157881e+08	
4.550000e+00	2.390437e+10	5.845340e+10	1.806059e+01	2.827433e+01	1.519083e+01	8.411037e-01	3.903668e-01	0.000000e+00	0.000000e+00	0.000000e+00	1.745720e-03	4.463617e-08	9.071674e-03	4.173033e+07	1.066999e+03	2.168526e+08	
4.600000e+00	2.400803e+10	5.962490e+10	1.806380e+01	2.827433e+01	1.519353e+01	8.411037e-01	3.962031e-01	0.000000e+00	0.000000e+00	0.000000e+00	1.747940e-03	4.431362e-08	9.079363e-03	4.196458e+07	1.063882e+03	2.179776e+08	
4.650000e+00	2.411672e+10	6.036669e+10	1.807106e+01	2.827433e+01	1.519964e+01	8.411037e-01	4.052432e-01	0.000000e+00	0.000000e+00	0.000000e+00	1.750202e-03	4.406000e-08	9.086674e-03	4.220915e+07	1.062583e+03	2.191408e+08	
4.700000e+00	2.423306e+10	6.098793e+10	1.808427e+01	2.827433e+01	1.521075e+01	8.411037e-01	4.113746e-01	0.000000e+00	0.000000e+00	0.000000e+00	1.752700e-03	4.405533e-08	9.093774e-03	4.247329e+07	1.067596e+03	2.203700e+08	
4.750000e+00	2.435400e+10	6.102266e+10	1.810109e+01	2.827433e+01	1.522489e+01	8.411037e-01	4.114800e-01	0.000000e+00	0.000000e+00	0.000000e+00	1.755373e-03	4.427890e-08	9.101379e-03	4.275034e+07	1.078368e+03	2.216550e+08	
4.800000e+00	2.447383e+10	6.158927e+10	1.811725e+01	2.827433e+01	1.523848e+01	8.411037e-01	4.112395e-01	0.000000e+00	0.000000e+00	0.000000e+00	1.757921e-03	4.451213e-08	9.109182e-03	4.302307e+07	1.089382e+03	2.229366e+08	
4.850000e+00	2.459229e+10	6.324584e+10	1.813255e+01	2.827433e+01	1.525136e+01	8.411037e-01	4.136765e-01	0.000000e+00	0.000000e+00	0.000000e+00	1.760340e-03	4.470859e-08	9.116741e-03	4.329077e+07	1.099486e+03	2.242015e+08	
4.900000e+00	2.471186e+10	6.244894e+10	1.814884e+01	2.827433e+01	1.526505e+01	8.411037e-01	3.946115e-01	0.000000e+00	0.000000e+00	0.000000e+00	1.762983e-03	4.492913e-08	9.124273e-03	4.356659e+07	1.110282e+03	2.254777e+08	
4.950000e+00	2.481297e+10	6.296513e+10	1.815177e+01	2.827433e+01	1.526752e+01	8.411037e-01	3.985698e-01	0.000000e+00	0.000000e+00	0.000000e+00	1.764936e-03	4.464749e-08	9.131807e-03	4.379330e+07	1.107837e+03	2.265872e+08	
5.000000e+00	2.491746e+10	6.514821e+10	1.815742e+01	2.827433e+01	1.527227e+01	8.411037e-01	4.042286e-01	0.000000e+00	0.000000e+00	0.000000e+00	1.766768e-03	4.442351e-08	9.139041e-03	4.402336e+07	1.106921e+03	2.277217e+08	
5.050000e+00	2.502668e+10	6.863645e+10	1.816673e+01	2.827433e+01	1.528010e+01	8.411037e-01	4.208004e-01	0.000000e+00	0.000000e+00	0.000000e+00	1.768872e-03	4.429215e-08	9.145821e-03	4.426898e+07	1.108485e+03	2.288895e+08	
5.100000e+00	2.515028e+10	6.915912e+10	1.818664e+01	2.827433e+01	1.529685e+01	8.411037e-01	4.211789e-01	0.000000e+00	0.000000e+00	0.000000e+00	1.771740e-03	4.455632e-08	9.151807e-03	4.455977e+07	1.120604e+03	2.301705e+08	
5.150000e+00	2.527281e+10	7.023241e+10	1.820589e+01	2.827433e+01	1.531304e+01	8.411037e-01	4.218938e-01	0.000000e+00	0.000000e+00	0.000000e+00	1.774573e-03	4.483260e-08	9.157996e-03	4.484846e+07	1.133046e+03	2.314483e+08	
5.200000e+00	2.539463e+10	7.191563e+10	1.822474e+01	2.827433e+01	1.532890e+01	8.411037e-01	4.229774e-01	0.000000e+00	0.000000e+00	0.000000e+00	1.777434e-03	4.511013e-08	9.164255e-03	4.513727e+07	1.145555e+03	2.327229e+08	
5.250000e+00	2.551610e+10	7.201537e+10	1.824346e+01	2.827433e+01	1.534464e+01	8.411037e-01	4.238925e-01	0.000000e+00	0.000000e+00	0.000000e+00	1.780511e-03	4.533314e-08	9.170524e-03	4.543169e+07	1.156725e+03	2.339960e+08	
5.300000e+00	2.563707e+10	7.319490e+10	1.826194e+01	2.827433e+01	1.536018e+01	8.411037e-01	4.262312e-01	0.000000e+00	0.000000e+00	0.000000e+00	1.783616e-03	4.558804e-08	9.177057e-03	4.572671e+07	1.168744e+03	2.352729e+08	
5.350000e+00	2.575887e+10	7.492561e+10	1.828112e+01	2.827433e+01	1.537631e+01	8.411037e-01	4.290776e-01	0.000000e+00	0.000000e+00	0.000000e+00	1.786923e-03	4.587600e-08	9.183854e-03	4.602912e+07	1.181714e+03	2.365657e+08	
5.400000e+00	2.588192e+10	7.884177e+10	1.830128e+01	2.827433e+01	1.539328e+01	8.411037e-01	4.327407e-01	0.000000e+00	0.000000e+00	0.000000e+00	1.790496e-03	4.618241e-08	9.190739e-03	4.634147e+07	1.195289e+03	2.378740e+08	
5.450000e+00	2.600689e+10	8.025636e+10	1.832290e+01	2.827433e+01	1.541146e+01	8.411037e-01	4.329546e-01	0.000000e+00	0.000000e+00	0.000000e+00	1.794365e-03	4.648846e-08	9.197540e-03	4.666587e+07	1.209021e+03	2.391995e+08	
5.500000e+00	2.613054e+10	8.372722e+10	1.834367e+01	2.827433e+01	1.542893e+01	8.411037e-01	4.364626e-01	0.000000e+00	0.000000e+00	0.000000e+00	1.798072e-03	4.676825e-08	9.204445e-03	4.698461e+07	1.222080e+03	2.405171e+08	
5.550000e+00	2.625595e+10	8.546769e+10	1.836576e+01	2.827433e+01	1.544751e+01	8.411037e-01	4.394513e-01	0.000000e+00	0.000000e+00	0.000000e+00	1.802084e-03	4.705646e-08	9.211373e-03	4.731543e+07	1.235512e+03	2.418533e+08	
5.600000e+00	2.638254e+10	8.760023e+10	1.838876e+01	2.827433e+01	1.546685e+01	8.411037e-01	4.403825e-01	0.000000e+00	0.000000e+00	0.000000e+00	1.806161e-03	4.740625e-08	9.218497e-03	4.765112e+07	1.250697e+03	2.432074e+08	
5.650000e+00	2.650838e+10	8.805694e+10	1.841129e+01	2.827433e+01	1.548581e+01	8.411037e-01	4.397786e-01	0.000000e+00	0.000000e+00	0.000000e+00	1.810244e-03	4.772634e-08	9.225919e-03	4.798665e+07	1.265148e+03	2.445642e+08	
5.700000e+00	2.663209e+10	8.741262e+10	1.843243e+01	2.827433e+01	1.550358e+01	8.411037e-01	4.342974e-01	0.000000e+00	0.000000e+00	0.000000e+00	1.814156e-03	4.801887e-08	9.233710e-03	4.831477e+07	1.278843e+03	2.459130e+08	
5.750000e+00	2.674926e+10	8.818699e+10	1.844913e+01	2.827433e+01	1.551763e+01	8.411037e-01	4.377321e-01	0.000000e+00	0.000000e+00	0.000000e+00	1.817396e-03	4.815978e-08	9.241691e-03	4.861400e+07	1.288239e+03	2.472084e+08	
5.800000e+00	2.686843e+10	8.872469e+10	1.846731e+01	2.827433e+01	1.553292e+01	8.411037e-01	4.514219e-01	0.000000e+00	0.000000e+00	0.000000e+00	1.820909e-03	4.838707e-08	9.249816e-03	4.892496e+07	1.300085e+03	2.485280e+08	
5.850000e+00	2.699896e+10	8.815215e+10	1.849336e+01	2.827433e+01	1.555484e+01	8.411037e-01	4.442566e-01	0.000000e+00	0.000000e+00	0.000000e+00	1.824660e-03	4.884972e-08	9.259066e-03	4.926393e+07	1.318892e+03	2.499852e+08	
5.900000e+00	2.712106e+10	8.646410e+10	1.851370e+01	2.827433e+01	1.557194e+01	8.411037e-01	4.353717e-01	0.000000e+00	0.000000e+00	0.000000e+00	1.827980e-03	4.924343e-08	9.268420e-03	4.957676e+07	1.335534e+03	2.513694e+08	
5.950000e+00	2.723351e+10	8.540743e+10	1.852755e+01	2.827433e+01	1.558359e+01	8.411037e-01	4.333297e-01	0.000000e+00	0.000000e+00	0.000000e+00	1.830810e-03	4.946040e-08	9.277911e-03	4.985937e+07	1.346980e+03	2.526701e+08	
6.000000e+00	2.734310e+10	8.608182e+10	1.853958e+01	2.827433e+01	1.559371e+01	8.411037e-01	4.368516e-01	0.000000e+00	0.000000e+00	0.000000e+00	1.833395e-03	4.966534e-08	9.287430e-03	5.013070e+07	1.358004e+03	2.539471e+08	
6.050000e+00	2.745510e+10	8.569284e+10	1.855337e+01	2.827433e+01	1.560530e+01	8.411037e-01	4.360373e-01	0.000000e+00	0.000000e+00	0.000000e+00	1.836105e-03	4.996806e-08	9.296742e-03	5.041046e+07	1.371878e+03	2.552430e+08	
6.100000e+00	2.756538e+10	8.694039e+10	1.856611e+01	2.827433e+01	1.561602e+01	8.411037e-01	4.451276e-01	0.000000e+00	0.000000e+00	0.000000e+00	1.838767e-03	5.024615e-08	9.306067e-03	5.068632e+07	1.385054e+03	2.565253e+08	
6.150000e+00	2.768321e+10	8.732424e+10	1.858403e+01	2.827433e+01	1.563110e+01	8.411037e-01	4.428896e-01	0.000000e+00	0.000000e+00	0.000000e+00	1.841709e-03	5.080173e-08	9.315453e-03	5.098440e+07	1.406355e+03	2.578816e+08	
6.200000e+00	2.779770e+10	8.790783e+10	1.859981e+01	2.827433e+01	1.564437e+01	8.411037e-01	4.412337e-01	0.000000e+00	0.000000e+00	0.000000e+00	1.844505e-03	5.128414e-08	9.324912e-03	5.127301e+07	1.425581e+03	2.592111e+08	
6.250000e+00	2.790955e+10	8.833928e+10	1.861392e+01	2.827433e+01	1.565624e+01	8.411037e-01	4.431915e-01	0.000000e+00	0.000000e+00	0.000000e+00	1.847209e-03	5.168976e-08	9.334334e-03	5.155478e+07	1.442638e+03	2.605171e+08	
6.300000e+00	2.802224e+10	8.830508e+10	1.862869e+01	2.827433e+01	1.566866e+01	8.411037e-01	4.411016e-01	0.000000e+00	0.000000e+00	0.000000e+00	1.850053e-03	5.217700e-08	9.344195e-03	5.184262e+07	1.462116e+03	2.618453e+08	
6.350000e+00	2.813194e+10	8.755508e+10	1.864158e+01	2.827433e+01	1.567950e+01	8.411037e-01	4.373345e-01	0.000000e+00	0.000000e+00	0.000000e+00	1.852702e-03	5.257837e-08	9.354083e-03	5.212010e+07	1.479132e+03	2.631485e+08	
6.400000e+00	2.823724e+10	8.598417e+10	1.865167e+01	2.827433e+01	1.568799e+01	8.411037e-01	4.346951e-01	0.000000e+00	0.000000e+00	0.000000e+00	1.854948e-03	5.286646e-08	9.363900e-03	5.237860e+07	1.492803e+03	2.644107e+08	
6.450000e+00	2.833936e+10	8.661440e+10	1.865979e+01	2.827433e+01	1.569482e+01	8.411037e-01	4.374299e-01	0.000000e+00	0.000000e+00	0.000000e+00	1.856935e-03	5.309990e-08	9.373760e-03	5.262435e+07	1.504817e+03	2.656464e+08	
6.500000e+00	2.844346e+10	8.638033e+10	1.866935e+01	2.827433e+01	1.570286e+01	8.411037e-01	4.410329e-01	0.000000e+00	0.000000e+00	0.000000e+00	1.859200e-03	5.340577e-08	9.383692e-03	5.288209e+07	1.519045e+03	2.669047e+08	
6.550000e+00	2.855026e+10	8.500721e+10	1.868080e+01	2.827433e+01	1.571249e+01	8.411037e-01	4.343705e-01	0.000000e+00	0.000000e+00	0.000000e+00	1.861492e-03	5.384317e-08	9.393873e-03	5.314607e+07	1.537237e+03	2.681975e+08	
6.600000e+00	2.865003e+10	8.389320e+10	1.868777e+01	2.827433e+01	1.571835e+01	8.411037e-01	4.225703e-01	0.000000e+00	0.000000e+00	0.000000e+00	1.863331e-03	5.408267e-08	9.403705e-03	5.338450e+07	1.549470e+03	2.694164e+08	
6.650000e+00	2.873829e+10	8.478908e+10	1.868739e+01	2.827433e+01	1.571803e+01	8.411037e-01	4.256500e-01	0.000000e+00	0.000000e+00	0.000000e+00	1.864809e-03	5.407768e-08	9.413222e-03	5.359141e+07	1.554100e+03	2.705199e+08	
6.700000e+00	2.882945e+10	8.204016e+10	1.868908e+01	2.827433e+01	1.571945e+01	8.411037e-01	4.154461e-01	0.000000e+00	0.000000e+00	0.000000e+00	1.866371e-03	5.406069e-08	9.422252e-03	5.380646e+07	1.558540e+03	2.716383e+08	
6.750000e+00	2.891095e+10	8.353098e+10	1.868468e+01	2.827433e+01	1.571576e+01	8.411037e-01	4.217566e-01	0.000000e+00	0.000000e+00	0.000000e+00	1.867144e-03	5.376488e-08	9.430903e-03	5.398092e+07	1.554394e+03	2.726564e+08	
6.800000e+00	2.899867e+10	8.600000e+10	1.868449e+01	2.827433e+01	1.571560e+01	8.411037e-01	4.243949e-01	0.000000e+00	0.000000e+00	0.000000e+00	1.868422e-03	5.362153e-08	9.439521e-03	5.418175e+07	1.554953e+03	2.737335e+08	
6.850000e+00	2.908886e+10	8.766816e+10	1.868607e+01	2.827433e+01	1.571692e+01	8.411037e-01	4.242291e-01	0.000000e+00	0.000000e+00	0.000000e+00	1.869692e-03	5.350082e-08	9.447399e-03	5.438720e+07	1.556278e+03	2.748141e+08	
6.900000e+00	2.917879e+10	8.989084e+10	1.868763e+01	2.827433e+01	1.571824e+01	8.411037e-01	4.258682e-01	0.000000e+00	0.000000e+00	0.000000e+00	1.870880e-03	5.331816e-08	9.454792e-03	5.459001e+07	1.555759e+03	2.758793e+08	
6.950000e+00	2.927013e+10	9.183797e+10	1.869026e+01	2.827433e+01	1.572045e+01	8.411037e-01	4.316382e-01	0.000000e+00	0.000000e+00	0.000000e+00	1.871995e-03	5.316511e-08	9.461624e-03	5.479355e+07	1.556150e+03	2.769430e+08	
7.000000e+00	2.936669e+10	9.415676e+10	1.869635e+01	2.827433e+01	1.572557e+01	8.411037e-01	4.319336e-01	0.000000e+00	0.000000e+00	0.000000e+00	1.873118e-03	5.314876e-08	9.467598e-03	5.500727e+07	1.560803e+03	2.780320e+08	
7.050000e+00	2.946309e+10	9.526816e+10	1.870247e+01	2.827433e+01	1.573072e+01	8.411037e-01	4.363705e-01	0.000000e+00	0.000000e+00	0.000000e+00	1.874150e-03	5.312661e-08	9.473134e-03	5.521825e+07	1.565274e+03	2.791077e+08	
7.100000e+00	2.956320e+10	9.673840e+10	1.871107e+01	2.827433e+01	1.573795e+01	8.411037e-01	4.304686e-01	0.000000e+00	0.000000e+00	0.000000e+00	1.875424e-03	5.328188e-08	9.479288e-03	5.544354e+07	1.575183e+03	2.802381e+08	
7.150000e+00	2.965719e+10	9.697873e+10	1.871592e+01	2.827433e+01	1.574203e+01	8.411037e-01	4.303362e-01	0.000000e+00	0.000000e+00	0.000000e+00	1.876526e-03	5.325932e-08	9.485135e-03	5.565251e+07	1.579522e+03	2.813025e+08	
7.200000e+00	2.975072e+10	9.675998e+10	1.872060e+01	2.827433e+01	1.574596e+01	8.411037e-01	4.265962e-01	0.000000e+00	0.000000e+00	0.000000e+00	1.877465e-03	5.322892e-08	9.490678e-03	5.585594e+07	1.583599e+03	2.823545e+08	
7.250000e+00	2.984042e+10	1.016258e+11	1.872300e+01	2.827433e+01	1.574799e+01	8.411037e-01	4.352598e-01	0.000000e+00	0.000000e+00	0.000000e+00	1.877901e-03	5.307160e-08	9.495515e-03	5.603735e+07	1.583679e+03	2.833501e+08	
7.300000e+00	2.993805e+10	1.056366e+11	1.873052e+01	2.827433e+01	1.575431e+01	8.411037e-01	4.398426e-01	0.000000e+00	0.000000e+00	0.000000e+00	1.878892e-03	5.310244e-08	9.500309e-03	5.625035e+07	1.589783e+03	2.844207e+08	
7.350000e+00	3.003945e+10	1.100532e+11	1.874049e+01	2.827433e+01	1.576270e+01	8.411037e-01	4.529410e-01	0.000000e+00	0.000000e+00	0.000000e+00	1.880380e-03	5.317492e-08	9.505059e-03	5.648557e+07	1.597346e+03	2.855267e+08	
7.400000e+00	3.015243e+10	1.109961e+11	1.875776e+01	2.827433e+01	1.577722e+01	8.411037e-01	4.505336e-01	0.000000e+00	0.000000e+00	0.000000e+00	1.882506e-03	5.358842e-08	9.510352e-03	5.676212e+07	1.615821e+03	2.867602e+08	
7.450000e+00	3.026194e+10	1.128979e+11	1.877293e+01	2.827433e+01	1.578998e+01	8.411037e-01	4.497365e-01	0.000000e+00	0.000000e+00	0.000000e+00	1.884478e-03	5.394473e-08	9.515652e-03	5.702796e+07	1.632472e+03	2.879621e+08	
7.500000e+00	3.036966e+10	1.150903e+11	1.878705e+01	2.827433e+01	1.580186e+01	8.411037e-01	4.531862e-01	0.000000e+00	0.000000e+00	0.000000e+00	1.886432e-03	5.423743e-08	9.520922e-03	5.729031e+07	1.647172e+03	2.891472e+08	
7.550000e+00	3.047963e+10	1.177459e+11	1.880264e+01	2.827433e+01	1.581497e+01	8.411037e-01	4.430981e-01	0.000000e+00	0.000000e+00	0.000000e+00	1.888433e-03	5.458069e-08	9.525917e-03	5.755872e+07	1.663599e+03	2.903464e+08	
7.600000e+00	3.057904e+10	1.205450e+11	1.881178e+01	2.827433e+01	1.582265e+01	8.411037e-01	4.465445e-01	0.000000e+00	0.000000e+00	0.000000e+00	1.890521e-03	5.481992e-08	9.530774e-03	5.781030e+07	1.676340e+03	2.914419e+08	
7.650000e+00	3.068105e+10	1.226438e+11	1.882261e+01	2.827433e+01	1.583176e+01	8.411037e-01	4.482326e-01	0.000000e+00	0.000000e+00	0.000000e+00	1.892562e-03	5.496500e-08	9.535464e-03	5.806578e+07	1.686384e+03	2.925580e+08	
7.700000e+00	3.078389e+10	1.221530e+11	1.883403e+01	2.827433e+01	1.584137e+01	8.411037e-01	4.341809e-01	0.000000e+00	0.000000e+00	0.000000e+00	1.894541e-03	5.505050e-08	9.540125e-03	5.832134e+07	1.694669e+03	2.936822e+08	
7.750000e+00	3.087271e+10	1.242313e+11	1.883697e+01	2.827433e+01	1.584385e+01	8.411037e-01	4.459269e-01	0.000000e+00	0.000000e+00	0.000000e+00	1.896211e-03	5.496891e-08	9.544930e-03	5.854118e+07	1.697039e+03	2.946778e+08	
7.800000e+00	3.097238e+10	1.269912e+11	1.884664e+01	2.827433e+01	1.585198e+01	8.411037e-01	4.478902e-01	0.000000e+00	0.000000e+00	0.000000e+00	1.898076e-03	5.502332e-08	9.550002e-03	5.878794e+07	1.704203e+03	2.957863e+08	
7.850000e+00	3.107322e+10	1.277176e+11	1.885711e+01	2.827433e+01	1.586079e+01	8.411037e-01	4.520505e-01	0.000000e+00	0.000000e+00	0.000000e+00	1.899882e-03	5.503916e-08	9.554914e-03	5.903545e+07	1.710244e+03	2.969020e+08	
7.900000e+00	3.117727e+10	1.256330e+11	1.886959e+01	2.827433e+01	1.587128e+01	8.411037e-01	4.466360e-01	0.000000e+00	0.000000e+00	0.000000e+00	1.901532e-03	5.513108e-08	9.559520e-03	5.928456e+07	1.718836e+03	2.980397e+08	
7.950000e+00	3.127533e+10	1.261566e+11	1.887853e+01	2.827433e+01	1.587880e+01	8.411037e-01	4.462559e-01	0.000000e+00	0.000000e+00	0.000000e+00	1.902592e-03	5.513810e-08	9.564256e-03	5.950418e+07	1.724462e+03	2.991253e+08	
8.000000e+00	3.137241e+10	1.269971e+11	1.888697e+01	2.827433e+01	1.588590e+01	8.411037e-01	4.536466e-01	0.000000e+00	0.000000e+00	0.000000e+00	1.903630e-03	5.514204e-08	9.569088e-03	5.972148e+07	1.729939e+03	3.002054e+08	
8.050000e+00	3.147589e+10	1.275672e+11	1.889933e+01	2.827433e+01	1.589630e+01	8.411037e-01	4.531834e-01	0.000000e+00	0.000000e+00	0.000000e+00	1.904752e-03	5.528157e-08	9.573655e-03	5.995374e+07	1.740036e+03	3.013393e+08	
8.100000e+00	3.157806e+10	1.286372e+11	1.891098e+01	2.827433e+01	1.590610e+01	8.411037e-01	4.524152e-01	0.000000e+00	0.000000e+00	0.000000e+00	1.906019e-03	5.541049e-08	9.578375e-03	6.018839e+07	1.749756e+03	3.024665e+08	
8.150000e+00	3.167871e+10	1.281283e+11	1.892179e+01	2.827433e+01	1.591518e+01	8.411037e-01	4.512712e-01	0.000000e+00	0.000000e+00	0.000000e+00	1.907331e-03	5.551438e-08	9.583215e-03	6.042180e+07	1.758624e+03	3.035839e+08	
8.200000e+00	3.177752e+10	1.279191e+11	1.893157e+01	2.827433e+01	1.592341e+01	8.411037e-01	4.477347e-01	0.000000e+00	0.000000e+00	0.000000e+00	1.908592e-03	5.561666e-08	9.588218e-03	6.065033e+07	1.767359e+03	3.046898e+08	
8.250000e+00	3.187230e+10	1.278477e+11	1.893904e+01	2.827433e+01	1.592969e+01	8.411037e-01	4.453690e-01	0.000000e+00	0.000000e+00	0.000000e+00	1.909602e-03	5.563890e-08	9.593333e-03	6.086341e+07	1.773340e+03	3.057616e+08	
8.300000e+00	3.196433e+10	1.293338e+11	1.894495e+01	2.827433e+01	1.593467e+01	8.411037e-01	4.453093e-01	0.000000e+00	0.000000e+00	0.000000e+00	1.910357e-03	5.562998e-08	9.598427e-03	6.106327e+07	1.778175e+03	3.068072e+08	
8.350000e+00	3.205588e+10	1.306201e+11	1.895069e+01	2.827433e+01	1.593949e+01	8.411037e-01	4.494546e-01	0.000000e+00	0.000000e+00	0.000000e+00	1.911126e-03	5.559982e-08	9.603531e-03	6.126282e+07	1.782301e+03	3.078496e+08	
8.400000e+00	3.215096e+10	1.286194e+11	1.895859e+01	2.827433e+01	1.594614e+01	8.411037e-01	4.407916e-01	0.000000e+00	0.000000e+00	0.000000e+00	1.912107e-03	5.566557e-08	9.608466e-03	6.147607e+07	1.789702e+03	3.089214e+08	
8.450000e+00	3.223728e+10	1.295552e+11	1.896143e+01	2.827433e+01	1.594853e+01	8.411037e-01	4.484336e-01	0.000000e+00	0.000000e+00	0.000000e+00	1.912692e-03	5.555122e-08	9.613471e-03	6.165998e+07	1.790820e+03	3.099122e+08	
8.500000e+00	3.233065e+10	1.299510e+11	1.896851e+01	2.827433e+01	1.595448e+01	8.411037e-01	4.512282e-01	0.000000e+00	0.000000e+00	0.000000e+00	1.913526e-03	5.563133e-08	9.618811e-03	6.186554e+07	1.798597e+03	3.109824e+08	
8.550000e+00	3.242617e+10	1.315622e+11	1.897693e+01	2.827433e+01	1.596157e+01	8.411037e-01	4.519728e-01	0.000000e+00	0.000000e+00	0.000000e+00	1.914448e-03	5.583271e-08	9.624333e-03	6.207820e+07	1.810441e+03	3.120803e+08	
8.600000e+00	3.252181e+10	1.308485e+11	1.898550e+01	2.827433e+01	1.596877e+01	8.411037e-01	4.492959e-01	0.000000e+00	0.000000e+00	0.000000e+00	1.915594e-03	5.601983e-08	9.629951e-03	6.229860e+07	1.821866e+03	3.131835e+08	
8.650000e+00	3.261432e+10	1.336582e+11	1.899232e+01	2.827433e+01	1.597451e+01	8.411037e-01	4.559578e-01	0.000000e+00	0.000000e+00	0.000000e+00	1.916537e-03	5.615165e-08	9.635501e-03	6.250655e+07	1.831348e+03	3.142553e+08	
8.700000e+00	3.271268e+10	1.357309e+11	1.900262e+01	2.827433e+01	1.598317e+01	8.411037e-01	4.554119e-01	0.000000e+00	0.000000e+00	0.000000e+00	1.917858e-03	5.644532e-08	9.640889e-03	6.273829e+07	1.846478e+03	3.153794e+08	
8.750000e+00	3.280981e+10	1.379775e+11	1.901227e+01	2.827433e+01	1.599129e+01	8.411037e-01	4.552462e-01	0.000000e+00	0.000000e+00	0.000000e+00	1.919192e-03	5.667431e-08	9.646222e-03	6.296832e+07	1.859473e+03	3.164907e+08	
8.800000e+00	3.290611e+10	1.374480e+11	1.902151e+01	2.827433e+01	1.599906e+01	8.411037e-01	4.519846e-01	0.000000e+00	0.000000e+00	0.000000e+00	1.920545e-03	5.683642e-08	9.651402e-03	6.319768e+07	1.870266e+03	3.175901e+08	
8.850000e+00	3.299867e+10	1.395405e+11	1.902866e+01	2.827433e+01	1.600507e+01	8.411037e-01	4.422427e-01	0.000000e+00	0.000000e+00	0.000000e+00	1.921640e-03	5.692412e-08	9.656601e-03	6.341158e+07	1.878420e+03	3.186550e+08	
8.900000e+00	3.308147e+10	1.398922e+11	1.903027e+01	2.827433e+01	1.600643e+01	8.411037e-01	4.451022e-01	0.000000e+00	0.000000e+00	0.000000e+00	1.923016e-03	5.696726e-08	9.661989e-03	6.361618e+07	1.884561e+03	3.196328e+08	
8.950000e+00	3.316687e+10	1.410175e+11	1.903348e+01	2.827433e+01	1.600913e+01	8.411037e-01	4.486728e-01	0.000000e+00	0.000000e+00	0.000000e+00	1.924283e-03	5.693530e-08	9.667245e-03	6.382246e+07	1.888366e+03	3.206323e+08	
9.000000e+00	3.325545e+10	1.415816e+11	1.903860e+01	2.827433e+01	1.601343e+01	8.411037e-01	4.539664e-01	0.000000e+00	0.000000e+00	0.000000e+00	1.925673e-03	5.689208e-08	9.672311e-03	6.403911e+07	1.891972e+03	3.216570e+08	
9.050000e+00	3.334871e+10	1.432994e+11	1.904648e+01	2.827433e+01	1.602006e+01	8.411037e-01	4.578429e-01	0.000000e+00	0.000000e+00	0.000000e+00	1.927168e-03	5.694127e-08	9.677168e-03	6.426855e+07	1.898918e+03	3.227210e+08	
9.100000e+00	3.344511e+10	1.439827e+11	1.905622e+01	2.827433e+01	1.602825e+01	8.411037e-01	4.616163e-01	0.000000e+00	0.000000e+00	0.000000e+00	1.928972e-03	5.704963e-08	9.682086e-03	6.451469e+07	1.908031e+03	3.238184e+08	
9.150000e+00	3.354444e+10	1.446541e+11	1.906768e+01	2.827433e+01	1.603790e+01	8.411037e-01	4.654895e-01	0.000000e+00	0.000000e+00	0.000000e+00	1.931003e-03	5.729682e-08	9.687513e-03	6.477441e+07	1.921990e+03	3.249622e+08	
9.200000e+00	3.364666e+10	1.437616e+11	1.908084e+01	2.827433e+01	1.604897e+01	8.411037e-01	4.515391e-01	0.000000e+00	0.000000e+00	0.000000e+00	1.933177e-03	5.758996e-08	9.692877e-03	6.504496e+07	1.937710e+03	3.261330e+08	
9.250000e+00	3.373468e+10	1.412276e+11	1.908600e+01	2.827433e+01	1.605331e+01	8.411037e-01	4.576877e-01	0.000000e+00	0.000000e+00	0.000000e+00	1.934704e-03	5.748019e-08	9.698215e-03	6.526663e+07	1.939076e+03	3.271662e+08	
9.300000e+00	3.382820e+10	1.390903e+11	1.909435e+01	2.827433e+01	1.606033e+01	8.411037e-01	4.537224e-01	0.000000e+00	0.000000e+00	0.000000e+00	1.935811e-03	5.746683e-08	9.703126e-03	6.548500e+07	1.944000e+03	3.282393e+08	
9.350000e+00	3.391736e+10	1.364678e+11	1.910031e+01	2.827433e+01	1.606534e+01	8.411037e-01	4.416038e-01	0.000000e+00	0.000000e+00	0.000000e+00	1.936722e-03	5.745298e-08	9.708220e-03	6.568849e+07	1.948653e+03	3.292772e+08	
9.400000e+00	3.399453e+10	1.357755e+11	1.909961e+01	2.827433e+01	1.606475e+01	8.411037e-01	4.457218e-01	0.000000e+00	0.000000e+00	0.000000e+00	1.937433e-03	5.728556e-08	9.713473e-03	6.586213e+07	1.947396e+03	3.302050e+08	
9.450000e+00	3.407569e+10	1.357361e+11	1.910124e+01	2.827433e+01	1.606613e+01	8.411037e-01	4.462494e-01	0.000000e+00	0.000000e+00	0.000000e+00	1.938068e-03	5.720752e-08	9.718281e-03	6.604098e+07	1.949385e+03	3.311571e+08	
9.500000e+00	3.415723e+10	1.347876e+11	1.910319e+01	2.827433e+01	1.606776e+01	8.411037e-01	4.487360e-01	0.000000e+00	0.000000e+00	0.000000e+00	1.938746e-03	5.713749e-08	9.723142e-03	6.622219e+07	1.951658e+03	3.321156e+08	
9.550000e+00	3.424101e+10	1.335940e+11	1.910647e+01	2.827433e+01	1.607053e+01	8.411037e-01	4.396712e-01	0.000000e+00	0.000000e+00	0.000000e+00	1.939534e-03	5.717468e-08	9.728210e-03	6.641163e+07	1.957719e+03	3.331038e+08	
9.600000e+00	3.431591e+10	1.318568e+11	1.910490e+01	2.827433e+01	1.606920e+01	8.411037e-01	4.377273e-01	0.000000e+00	0.000000e+00	0.000000e+00	1.940169e-03	5.700885e-08	9.733365e-03	6.657866e+07	1.956310e+03	3.340093e+08	
9.650000e+00	3.438906e+10	1.329566e+11	1.910245e+01	2.827433e+01	1.606714e+01	8.411037e-01	4.401563e-01	0.000000e+00	0.000000e+00	0.000000e+00	1.940581e-03	5.677734e-08	9.738392e-03	6.673477e+07	1.952519e+03	3.348941e+08	
9.700000e+00	3.446470e+10	1.314362e+11	1.910149e+01	2.827433e+01	1.606634e+01	8.411037e-01	4.380524e-01	0.000000e+00	0.000000e+00	0.000000e+00	1.941106e-03	5.657778e-08	9.743191e-03	6.689962e+07	1.949936e+03	3.357962e+08	
9.750000e+00	3.453840e+10	1.324842e+11	1.909956e+01	2.827433e+01	1.606471e+01	8.411037e-01	4.399793e-01	0.000000e+00	0.000000e+00	0.000000e+00	1.941608e-03	5.641458e-08	9.747873e-03	6.706002e+07	1.948469e+03	3.366759e+08	
9.800000e+00	3.461407e+10	1.328620e+11	1.909883e+01	2.827433e+01	1.606409e+01	8.411037e-01	4.405678e-01	0.000000e+00	0.000000e+00	0.000000e+00	1.942117e-03	5.626024e-08	9.752342e-03	6.722458e+07	1.947396e+03	3.375682e+08	
9.850000e+00	3.469036e+10	1.318968e+11	1.909853e+01	2.827433e+01	1.606384e+01	8.411037e-01	4.395151e-01	0.000000e+00	0.000000e+00	0.000000e+00	1.942540e-03	5.611498e-08	9.756656e-03	6.738742e+07	1.946649e+03	3.384619e+08	
9.900000e+00	3.476566e+10	1.295352e+11	1.909778e+01	2.827433e+01	1.606321e+01	8.411037e-01	4.417667e-01	0.000000e+00	0.000000e+00	0.000000e+00	1.942761e-03	5.597410e-08	9.760863e-03	6.754138e+07	1.945976e+03	3.393429e+08	
9.950000e+00	3.484317e+10	1.278968e+11	1.909833e+01	2.827433e+01	1.606368e+01	8.411037e-01	4.376949e-01	0.000000e+00	0.000000e+00	0.000000e+00	1.942739e-03	5.598009e-08	9.765106e-03	6.769117e+07	1.950524e+03	3.402472e+08	
1.000000e+01	3.491674e+10	1.273404e+11	1.909683e+01	2.827433e+01	1.606241e+01	8.411037e-01	4.372526e-01	0.000000e+00	0.000000e+00	0.000000e+00	1.942487e-03	5.590247e-08	9.769259e-03	6.782531e+07	1.951932e+03	3.411107e+08	
1.005000e+01	3.499000e+10	1.256458e+11	1.909525e+01	2.827433e+01	1.606109e+01	8.411037e-01	4.356594e-01	0.000000e+00	0.000000e+00	0.000000e+00	1.942242e-03	5.583707e-08	9.773319e-03	6.795905e+07	1.953739e+03	3.419685e+08	
1.010000e+01	3.506186e+10	1.250180e+11	1.909300e+01	2.827433e+01	1.605919e+01	8.411037e-01	4.381726e-01	0.000000e+00	0.000000e+00	0.000000e+00	1.941877e-03	5.577587e-08	9.777311e-03	6.808581e+07	1.955605e+03	3.428107e+08	
1.015000e+01	3.513626e+10	1.251491e+11	1.909224e+01	2.827433e+01	1.605855e+01	8.411037e-01	4.365524e-01	0.000000e+00	0.000000e+00	0.000000e+00	1.941278e-03	5.567919e-08	9.780686e-03	6.820926e+07	1.956359e+03	3.436568e+08	
1.020000e+01	3.520918e+10	1.239899e+11	1.909076e+01	2.827433e+01	1.605731e+01	8.411037e-01	4.390012e-01	0.000000e+00	0.000000e+00	0.000000e+00	1.940679e-03	5.560575e-08	9.784038e-03	6.832973e+07	1.957833e+03	3.444880e+08	
1.025000e+01	3.528454e+10	1.250220e+11	1.909070e+01	2.827433e+01	1.605726e+01	8.411037e-01	4.406191e-01	0.000000e+00	0.000000e+00	0.000000e+00	1.940350e-03	5.565989e-08	9.787617e-03	6.846435e+07	1.963933e+03	3.453515e+08	
1.030000e+01	3.536144e+10	1.225399e+11	1.909156e+01	2.827433e+01	1.605798e+01	8.411037e-01	4.245670e-01	0.000000e+00	0.000000e+00	0.000000e+00	1.940282e-03	5.576429e-08	9.791377e-03	6.861118e+07	1.971906e+03	3.462372e+08	
1.035000e+01	3.542296e+10	1.221922e+11	1.908421e+01	2.827433e+01	1.605180e+01	8.411037e-01	4.265103e-01	0.000000e+00	0.000000e+00	0.000000e+00	1.939693e-03	5.558854e-08	9.794794e-03	6.870966e+07	1.969111e+03	3.469606e+08	
1.040000e+01	3.548686e+10	1.203121e+11	1.907826e+01	2.827433e+01	1.604679e+01	8.411037e-01	4.172525e-01	0.000000e+00	0.000000e+00	0.000000e+00	1.939080e-03	5.541434e-08	9.798000e-03	6.881187e+07	1.966481e+03	3.477003e+08	
1.045000e+01	3.554235e+10	1.205896e+11	1.906790e+01	2.827433e+01	1.603808e+01	8.411037e-01	4.265820e-01	0.000000e+00	0.000000e+00	0.000000e+00	1.938265e-03	5.510970e-08	9.801088e-03	6.889049e+07	1.958728e+03	3.483537e+08	
1.050000e+01	3.560747e+10	1.199471e+11	1.906283e+01	2.827433e+01	1.603382e+01	8.411037e-01	4.267171e-01	0.000000e+00	0.000000e+00	0.000000e+00	1.937554e-03	5.494617e-08	9.803680e-03	6.899139e+07	1.956494e+03	3.490842e+08	
1.055000e+01	3.567307e+10	1.179151e+11	1.905813e+01	2.827433e+01	1.602986e+01	8.411037e-01	4.338595e-01	0.000000e+00	0.000000e+00	0.000000e+00	1.936747e-03	5.479211e-08	9.806154e-03	6.908972e+07	1.954603e+03	3.498156e+08	
1.060000e+01	3.574582e+10	1.135618e+11	1.905733e+01	2.827433e+01	1.602919e+01	8.411037e-01	4.204443e-01	0.000000e+00	0.000000e+00	0.000000e+00	1.935626e-03	5.470586e-08	9.807797e-03	6.919052e+07	1.955506e+03	3.505877e+08	
1.065000e+01	3.580584e+10	1.129313e+11	1.904984e+01	2.827433e+01	1.602289e+01	8.411037e-01	4.209598e-01	0.000000e+00	0.000000e+00	0.000000e+00	1.934371e-03	5.449796e-08	9.809837e-03	6.926176e+07	1.951345e+03	3.512494e+08	
1.070000e+01	3.586688e+10	1.118658e+11	1.904301e+01	2.827433e+01	1.601715e+01	8.411037e-01	4.230567e-01	0.000000e+00	0.000000e+00	0.000000e+00	1.933102e-03	5.431567e-08	9.811793e-03	6.933434e+07	1.948133e+03	3.519183e+08	
1.075000e+01	3.593040e+10	1.130032e+11	1.903761e+01	2.827433e+01	1.601260e+01	8.411037e-01	4.365394e-01	0.000000e+00	0.000000e+00	0.000000e+00	1.932051e-03	5.418471e-08	9.813791e-03	6.941938e+07	1.946878e+03	3.526134e+08	
1.080000e+01	3.600714e+10	1.149527e+11	1.903929e+01	2.827433e+01	1.601402e+01	8.411037e-01	4.336627e-01	0.000000e+00	0.000000e+00	0.000000e+00	1.931308e-03	5.425712e-08	9.815257e-03	6.954088e+07	1.953644e+03	3.534193e+08	
1.085000e+01	3.608102e+10	1.166195e+11	1.903954e+01	2.827433e+01	1.601423e+01	8.411037e-01	4.590020e-01	0.000000e+00	0.000000e+00	0.000000e+00	1.930523e-03	5.431098e-08	9.816798e-03	6.965525e+07	1.959595e+03	3.542001e+08	
1.090000e+01	3.617901e+10	1.167994e+11	1.905257e+01	2.827433e+01	1.602518e+01	8.411037e-01	4.518372e-01	0.000000e+00	0.000000e+00	0.000000e+00	1.930303e-03	5.483150e-08	9.819499e-03	6.983645e+07	1.983749e+03	3.552597e+08	
1.095000e+01	3.626927e+10	1.178072e+11	1.906155e+01	2.827433e+01	1.603274e+01	8.411037e-01	4.442244e-01	0.000000e+00	0.000000e+00	0.000000e+00	1.930196e-03	5.533625e-08	9.822270e-03	7.000679e+07	2.007005e+03	3.562466e+08	
1.100000e+01	3.635165e+10	1.201580e+11	1.906645e+01	2.827433e+01	1.603686e+01	8.411037e-01	4.660261e-01	0.000000e+00	0.000000e+00	0.000000e+00	1.930057e-03	5.568858e-08	9.825034e-03	7.016078e+07	2.024372e+03	3.571562e+08	
1.105000e+01	3.645448e+10	1.207345e+11	1.908210e+01	2.827433e+01	1.605002e+01	8.411037e-01	4.577483e-01	0.000000e+00	0.000000e+00	0.000000e+00	1.961765e-03	5.618841e-08	9.833876e-03	7.151512e+07	2.048319e+03	3.584888e+08	
1.110000e+01	3.654833e+10	1.218739e+11	1.909308e+01	2.827433e+01	1.605926e+01	8.411037e-01	4.583536e-01	0.000000e+00	0.000000e+00	0.000000e+00	1.960995e-03	5.671292e-08	9.837062e-03	7.167110e+07	2.072763e+03	3.595281e+08	
1.115000e+01	3.664200e+10	1.238169e+11	1.910399e+01	2.827433e+01	1.606844e+01	8.411037e-01	4.882376e-01	0.000000e+00	0.000000e+00	0.000000e+00	1.960522e-03	5.730687e-08	9.840085e-03	7.183745e+07	2.099838e+03	3.605604e+08	
1.120000e+01	3.676346e+10	1.250786e+11	1.912940e+01	2.827433e+01	1.608981e+01	8.411037e-01	4.888554e-01	0.000000e+00	0.000000e+00	0.000000e+00	1.993827e-03	5.803139e-08	9.847888e-03	7.329997e+07	2.133434e+03	3.620424e+08	
1.125000e+01	3.688379e+10	1.266317e+11	1.915420e+01	2.827433e+01	1.611067e+01	8.411037e-01	4.725335e-01	0.000000e+00	0.000000e+00	0.000000e+00	1.992607e-03	5.900749e-08	9.850727e-03	7.349490e+07	2.176420e+03	3.633321e+08	
1.130000e+01	3.698681e+10	1.294222e+11	1.917000e+01	2.827433e+01	1.612396e+01	8.411037e-01	4.776486e-01	0.000000e+00	0.000000e+00	0.000000e+00	1.991531e-03	5.974768e-08	9.854017e-03	7.366038e+07	2.209876e+03	3.644687e+08	
1.135000e+01	3.709366e+10	1.301525e+11	1.918779e+01	2.827433e+01	1.613892e+01	8.411037e-01	4.735215e-01	0.000000e+00	0.000000e+00	0.000000e+00	1.990722e-03	6.042250e-08	9.857690e-03	7.384316e+07	2.241292e+03	3.656578e+08	
1.140000e+01	3.719533e+10	1.280071e+11	1.920291e+01	2.827433e+01	1.615164e+01	8.411037e-01	4.553260e-01	0.000000e+00	0.000000e+00	0.000000e+00	1.990080e-03	6.107517e-08	9.861167e-03	7.402169e+07	2.271711e+03	3.667894e+08	
1.145000e+01	3.727850e+10	1.278878e+11	1.920852e+01	2.827433e+01	1.615635e+01	8.411037e-01	4.490001e-01	0.000000e+00	0.000000e+00	0.000000e+00	1.989078e-03	6.136853e-08	9.864714e-03	7.414985e+07	2.287727e+03	3.677417e+08	
1.150000e+01	3.735520e+10	1.257868e+11	1.921085e+01	2.827433e+01	1.615831e+01	8.411037e-01	4.420556e-01	0.000000e+00	0.000000e+00	0.000000e+00	1.987993e-03	6.149451e-08	9.868262e-03	7.426188e+07	2.297140e+03	3.686309e+08	
1.155000e+01	3.742507e+10	1.274704e+11	1.920973e+01	2.827433e+01	1.615738e+01	8.411037e-01	4.430812e-01	0.000000e+00	0.000000e+00	0.000000e+00	1.986692e-03	6.148816e-08	9.871865e-03	7.435211e+07	2.301199e+03	3.694553e+08	
1.160000e+01	3.749601e+10	1.259859e+11	1.920923e+01	2.827433e+01	1.615696e+01	8.411037e-01	4.401142e-01	0.000000e+00	0.000000e+00	0.000000e+00	1.985471e-03	6.141997e-08	9.874774e-03	7.444722e+07	2.303004e+03	3.702646e+08	
1.165000e+01	3.756413e+10	1.270618e+11	1.920737e+01	2.827433e+01	1.615539e+01	8.411037e-01	4.364268e-01	0.000000e+00	0.000000e+00	0.000000e+00	1.984151e-03	6.131041e-08	9.877796e-03	7.453288e+07	2.303072e+03	3.710508e+08	
1.170000e+01	3.762884e+10	1.271352e+11	1.920385e+01	2.827433e+01	1.615243e+01	8.411037e-01	4.340103e-01	0.000000e+00	0.000000e+00	0.000000e+00	1.982874e-03	6.118931e-08	9.880386e-03	7.461324e+07	2.302482e+03	3.717874e+08	
1.175000e+01	3.769147e+10	1.272895e+11	1.919935e+01	2.827433e+01	1.614864e+01	8.411037e-01	4.160102e-01	0.000000e+00	0.000000e+00	0.000000e+00	1.981394e-03	6.092595e-08	9.882705e-03	7.468166e+07	2.296389e+03	3.724937e+08	
1.180000e+01	3.773715e+10	1.275498e+11	1.918631e+01	2.827433e+01	1.613767e+01	8.411037e-01	4.226698e-01	0.000000e+00	0.000000e+00	0.000000e+00	1.947417e-03	6.070995e-08	9.879503e-03	7.348994e+07	2.291020e+03	3.728243e+08	
1.185000e+01	3.779014e+10	1.268011e+11	1.917710e+01	2.827433e+01	1.612993e+01	8.411037e-01	4.255922e-01	0.000000e+00	0.000000e+00	0.000000e+00	1.947235e-03	6.038526e-08	9.881684e-03	7.358629e+07	2.281967e+03	3.734302e+08	
1.190000e+01	3.784658e+10	1.266998e+11	1.916975e+01	2.827433e+01	1.612374e+01	8.411037e-01	4.352718e-01	0.000000e+00	0.000000e+00	0.000000e+00	1.946569e-03	6.004163e-08	9.883382e-03	7.367097e+07	2.272371e+03	3.740523e+08	
1.195000e+01	3.791283e+10	1.254274e+11	1.916744e+01	2.827433e+01	1.612180e+01	8.411037e-01	4.233493e-01	0.000000e+00	0.000000e+00	0.000000e+00	1.945763e-03	5.966726e-08	9.884523e-03	7.376939e+07	2.262155e+03	3.747502e+08	
1.200000e+01	3.796781e+10	1.255732e+11	1.915952e+01	2.827433e+01	1.611515e+01	8.411037e-01	4.241125e-01	0.000000e+00	0.000000e+00	0.000000e+00	1.944597e-03	5.918840e-08	9.885641e-03	7.383208e+07	2.247254e+03	3.753362e+08	
1.205000e+01	3.802408e+10	1.243902e+11	1.915235e+01	2.827433e+01	1.610912e+01	8.411037e-01	4.228750e-01	0.000000e+00	0.000000e+00	0.000000e+00	1.943495e-03	5.876865e-08	9.886738e-03	7.389963e+07	2.234624e+03	3.759342e+08	
1.210000e+01	3.807968e+10	1.260727e+11	1.914494e+01	2.827433e+01	1.610288e+01	8.411037e-01	4.297214e-01	0.000000e+00	0.000000e+00	0.000000e+00	1.941948e-03	5.828930e-08	9.887233e-03	7.394874e+07	2.219638e+03	3.765026e+08	
1.215000e+01	3.814235e+10	1.266244e+11	1.914116e+01	2.827433e+01	1.609970e+01	8.411037e-01	4.306713e-01	0.000000e+00	0.000000e+00	0.000000e+00	1.940864e-03	5.805526e-08	9.888118e-03	7.402913e+07	2.214364e+03	3.771561e+08	
1.220000e+01	3.820621e+10	1.283223e+11	1.913806e+01	2.827433e+01	1.609709e+01	8.411037e-01	4.448448e-01	0.000000e+00	0.000000e+00	0.000000e+00	1.939840e-03	5.787897e-08	9.888833e-03	7.411392e+07	2.211336e+03	3.778148e+08	
1.225000e+01	3.828384e+10	1.277535e+11	1.914192e+01	2.827433e+01	1.610034e+01	8.411037e-01	4.395359e-01	0.000000e+00	0.000000e+00	0.000000e+00	1.938952e-03	5.779858e-08	9.889056e-03	7.423051e+07	2.212752e+03	3.785910e+08	
1.230000e+01	3.835612e+10	1.293162e+11	1.914316e+01	2.827433e+01	1.610138e+01	8.411037e-01	4.396727e-01	0.000000e+00	0.000000e+00	0.000000e+00	1.938099e-03	5.775472e-08	9.889661e-03	7.433795e+07	2.215247e+03	3.793290e+08	
1.235000e+01	3.842845e+10	1.276088e+11	1.914448e+01	2.827433e+01	1.610249e+01	8.411037e-01	4.205579e-01	0.000000e+00	0.000000e+00	0.000000e+00	1.937470e-03	5.780101e-08	9.890760e-03	7.445396e+07	2.221203e+03	3.800865e+08	
1.240000e+01	3.848238e+10	1.277158e+11	1.913671e+01	2.827433e+01	1.609596e+01	8.411037e-01	4.353025e-01	0.000000e+00	0.000000e+00	0.000000e+00	1.936574e-03	5.752679e-08	9.892212e-03	7.452399e+07	2.213768e+03	3.806759e+08	
1.245000e+01	3.855098e+10	1.292766e+11	1.913631e+01	2.827433e+01	1.609562e+01	8.411037e-01	4.355554e-01	0.000000e+00	0.000000e+00	0.000000e+00	1.935604e-03	5.732862e-08	9.892978e-03	7.461944e+07	2.210074e+03	3.813840e+08	
