# COLUMN NUMBERS: 
#	0: time [Gyr]
#	1: mgas [Msun]			ISM gas mass
#	2: mstar [Msun]			Stellar mass
#	3: sfr [Msun/yr]		Star formation rate
#	4: ifr [Msun/yr]		Infall rate
#	5: ofr [Msun/yr]		Outfow rate
#	6: eta_0			Mass-loading factor
#	7: r_eff			Effective recycilng rate
#	8: z_in(fe)			Inflow fe metallicity
#	9: z_in(sr)			Inflow sr metallicity
#	10: z_in(o)			Inflow o metallicity
#	11: z_out(fe)			Outflow fe metallicity
#	12: z_out(sr)			Outflow sr metallicity
#	13: z_out(o)			Outflow o metallicity
#	14: mass(fe) [Msun]		mass of element fe in ISM
#	15: mass(sr) [Msun]		mass of element sr in ISM
#	16: mass(o) [Msun]		mass of element o in ISM
0.000000e+00	1.000000e-12	1.050749e-29	2.803302e-37	3.455752e+01	8.972566e-09	1.132588e+00	2.503490e-01	0.000000e+00	0.000000e+00	0.000000e+00	1.210864e-04	1.375689e-04	9.997413e-01	0.000000e+00	0.000000e+00	0.000000e+00	
5.000000e-02	1.727876e+09	9.786476e+07	2.610942e+00	3.455752e+01	2.957121e+00	1.132588e+00	2.503490e-01	0.000000e+00	0.000000e+00	0.000000e+00	7.664215e-05	8.558374e-10	9.580269e-04	1.324281e+05	1.478781e+00	1.655352e+06	
1.000000e-01	3.210031e+09	2.737716e+08	4.771706e+00	3.455752e+01	5.404376e+00	1.132588e+00	2.627090e-01	0.000000e+00	0.000000e+00	0.000000e+00	1.113648e-04	1.243574e-09	1.392060e-03	3.574846e+05	3.991911e+00	4.468557e+06	
1.500000e-01	4.491782e+09	5.129402e+08	6.571869e+00	3.455752e+01	7.443218e+00	1.132588e+00	2.721443e-01	0.000000e+00	0.000000e+00	0.000000e+00	1.438057e-04	1.609673e-09	1.797538e-03	6.459437e+05	7.230298e+00	8.074148e+06	
2.000000e-01	5.608328e+09	8.205709e+08	8.080193e+00	3.455752e+01	9.151527e+00	1.132588e+00	2.804737e-01	0.000000e+00	0.000000e+00	0.000000e+00	1.740717e-04	1.957529e-09	2.175776e-03	9.762513e+05	1.097846e+01	1.220247e+07	
2.500000e-01	6.587932e+09	1.181663e+09	9.350933e+00	3.455752e+01	1.059075e+01	1.132588e+00	2.877523e-01	0.000000e+00	0.000000e+00	0.000000e+00	2.035805e-04	2.295516e-09	2.528360e-03	1.341175e+06	1.512270e+01	1.665666e+07	
3.000000e-01	7.453261e+09	1.584764e+09	1.042696e+01	3.455752e+01	1.180944e+01	1.132588e+00	2.941661e-01	0.000000e+00	0.000000e+00	0.000000e+00	2.327329e-04	2.631543e-09	2.856747e-03	1.734619e+06	1.961358e+01	2.129208e+07	
3.500000e-01	8.222680e+09	1.982358e+09	1.134246e+01	3.455752e+01	1.284634e+01	1.132588e+00	2.989277e-01	0.000000e+00	0.000000e+00	0.000000e+00	2.616487e-04	2.971279e-09	3.162352e-03	2.151454e+06	2.443187e+01	2.600301e+07	
4.000000e-01	8.910645e+09	2.442919e+09	1.212421e+01	3.455752e+01	1.373173e+01	1.132588e+00	3.040760e-01	0.000000e+00	0.000000e+00	0.000000e+00	2.900114e-04	3.316634e-09	3.446570e-03	2.584188e+06	2.955335e+01	3.071116e+07	
4.500000e-01	9.530058e+09	3.251275e+09	1.279526e+01	3.455752e+01	1.449175e+01	1.132588e+00	3.143604e-01	0.000000e+00	0.000000e+00	0.000000e+00	3.182081e-04	3.666668e-09	3.710714e-03	3.032542e+06	3.494355e+01	3.536332e+07	
5.000000e-01	1.009470e+10	3.749413e+09	1.337847e+01	3.455752e+01	1.515229e+01	1.132588e+00	3.174368e-01	0.000000e+00	0.000000e+00	0.000000e+00	3.486776e-04	4.050981e-09	3.956291e-03	3.519796e+06	4.089343e+01	3.993756e+07	
5.500000e-01	1.060838e+10	4.303307e+09	1.388239e+01	3.455752e+01	1.572303e+01	1.132588e+00	3.213993e-01	0.000000e+00	0.000000e+00	0.000000e+00	3.783128e-04	4.450401e-09	4.184480e-03	4.013285e+06	4.721153e+01	4.439055e+07	
6.000000e-01	1.107907e+10	5.793766e+09	1.432045e+01	3.455752e+01	1.621917e+01	1.132588e+00	3.468924e-01	0.000000e+00	0.000000e+00	0.000000e+00	4.075077e-04	4.889143e-09	4.396353e-03	4.514808e+06	5.416717e+01	4.870751e+07	
6.500000e-01	1.152835e+10	6.339297e+09	1.472271e+01	3.455752e+01	1.667476e+01	1.132588e+00	3.476780e-01	0.000000e+00	0.000000e+00	0.000000e+00	4.390338e-04	5.508865e-09	4.593271e-03	5.061336e+06	6.350813e+01	5.295284e+07	
7.000000e-01	1.194229e+10	6.030831e+09	1.507297e+01	3.455752e+01	1.707146e+01	1.132588e+00	3.330484e-01	0.000000e+00	0.000000e+00	0.000000e+00	4.692964e-04	6.173191e-09	4.776823e-03	5.604474e+06	7.372205e+01	5.704621e+07	
7.500000e-01	1.231395e+10	6.595417e+09	1.536442e+01	3.455752e+01	1.740156e+01	1.132588e+00	3.391749e-01	0.000000e+00	0.000000e+00	0.000000e+00	4.967943e-04	6.780758e-09	4.947954e-03	6.117499e+06	8.349789e+01	6.092884e+07	
8.000000e-01	1.266409e+10	6.593875e+09	1.562474e+01	3.455752e+01	1.769639e+01	1.132588e+00	3.296786e-01	0.000000e+00	0.000000e+00	0.000000e+00	5.202272e-04	7.406312e-09	5.106098e-03	6.588201e+06	9.379417e+01	6.466406e+07	
8.500000e-01	1.298346e+10	7.150673e+09	1.584371e+01	3.455752e+01	1.794439e+01	1.132588e+00	3.331958e-01	0.000000e+00	0.000000e+00	0.000000e+00	5.436907e-04	8.005666e-09	5.253323e-03	7.058988e+06	1.039413e+02	6.820632e+07	
9.000000e-01	1.328589e+10	8.566434e+09	1.603935e+01	3.455752e+01	1.816598e+01	1.132588e+00	3.511920e-01	0.000000e+00	0.000000e+00	0.000000e+00	5.670010e-04	8.645050e-09	5.389712e-03	7.533111e+06	1.148572e+02	7.160709e+07	
9.500000e-01	1.358514e+10	8.544659e+09	1.622889e+01	3.455752e+01	1.838064e+01	1.132588e+00	3.399104e-01	0.000000e+00	0.000000e+00	0.000000e+00	5.911747e-04	9.389294e-09	5.515869e-03	8.031190e+06	1.275549e+02	7.493385e+07	
1.000000e+00	1.385836e+10	9.119027e+09	1.638547e+01	3.455752e+01	1.855799e+01	1.132588e+00	3.462347e-01	0.000000e+00	0.000000e+00	0.000000e+00	6.149569e-04	1.006289e-08	5.633844e-03	8.522293e+06	1.394551e+02	7.807583e+07	
1.050000e+00	1.412272e+10	9.691898e+09	1.653022e+01	3.455752e+01	1.872193e+01	1.132588e+00	3.505848e-01	0.000000e+00	0.000000e+00	0.000000e+00	6.349891e-04	1.069783e-08	5.742785e-03	8.967775e+06	1.510825e+02	8.110376e+07	
1.100000e+00	1.437775e+10	1.144474e+10	1.666292e+01	3.455752e+01	1.887222e+01	1.132588e+00	3.554101e-01	0.000000e+00	0.000000e+00	0.000000e+00	6.550928e-04	1.134028e-08	5.844213e-03	9.418763e+06	1.630478e+02	8.402665e+07	
1.150000e+00	1.462498e+10	1.298427e+10	1.678568e+01	3.455752e+01	1.901125e+01	1.132588e+00	3.667639e-01	0.000000e+00	0.000000e+00	0.000000e+00	6.830617e-04	1.218105e-08	5.939915e-03	9.989763e+06	1.781476e+02	8.687114e+07	
1.200000e+00	1.487083e+10	1.339413e+10	1.690606e+01	3.455752e+01	1.914760e+01	1.132588e+00	3.605674e-01	0.000000e+00	0.000000e+00	0.000000e+00	7.141153e-04	1.316856e-08	6.029772e-03	1.061949e+07	1.958273e+02	8.966770e+07	
1.250000e+00	1.510081e+10	1.492812e+10	1.700782e+01	3.455752e+01	1.926285e+01	1.132588e+00	3.720773e-01	0.000000e+00	0.000000e+00	0.000000e+00	7.418682e-04	1.400829e-08	6.113828e-03	1.120281e+07	2.115365e+02	9.232375e+07	
1.300000e+00	1.533156e+10	1.599872e+10	1.711001e+01	3.455752e+01	1.937859e+01	1.132588e+00	3.787260e-01	0.000000e+00	0.000000e+00	0.000000e+00	7.685431e-04	1.481789e-08	6.191898e-03	1.178297e+07	2.271814e+02	9.493148e+07	
1.350000e+00	1.555901e+10	1.629449e+10	1.720811e+01	3.455752e+01	1.948970e+01	1.132588e+00	3.712143e-01	0.000000e+00	0.000000e+00	0.000000e+00	7.956423e-04	1.561708e-08	6.265306e-03	1.237941e+07	2.429863e+02	9.748195e+07	
1.400000e+00	1.577139e+10	1.650223e+10	1.728932e+01	3.455752e+01	1.958167e+01	1.132588e+00	3.804201e-01	0.000000e+00	0.000000e+00	0.000000e+00	8.231561e-04	1.641862e-08	6.335135e-03	1.298232e+07	2.589445e+02	9.991388e+07	
1.450000e+00	1.598458e+10	1.721529e+10	1.737130e+01	3.455752e+01	1.967453e+01	1.132588e+00	3.886677e-01	0.000000e+00	0.000000e+00	0.000000e+00	8.457480e-04	1.723755e-08	6.400214e-03	1.351892e+07	2.755349e+02	1.023047e+08	
1.500000e+00	1.619774e+10	1.784124e+10	1.745315e+01	3.455752e+01	1.976722e+01	1.132588e+00	3.874145e-01	0.000000e+00	0.000000e+00	0.000000e+00	8.688899e-04	1.816204e-08	6.461896e-03	1.407406e+07	2.941842e+02	1.046681e+08	
1.550000e+00	1.640268e+10	1.899626e+10	1.752607e+01	3.455752e+01	1.984981e+01	1.132588e+00	3.933599e-01	0.000000e+00	0.000000e+00	0.000000e+00	8.948958e-04	1.923760e-08	6.521238e-03	1.467869e+07	3.155483e+02	1.069658e+08	
1.600000e+00	1.660647e+10	1.967321e+10	1.759777e+01	3.455752e+01	1.993102e+01	1.132588e+00	3.908027e-01	0.000000e+00	0.000000e+00	0.000000e+00	9.220899e-04	2.042506e-08	6.577687e-03	1.531266e+07	3.391881e+02	1.092321e+08	
1.650000e+00	1.680177e+10	2.020772e+10	1.766056e+01	3.455752e+01	2.000213e+01	1.132588e+00	3.890932e-01	0.000000e+00	0.000000e+00	0.000000e+00	9.484187e-04	2.164814e-08	6.631582e-03	1.593511e+07	3.637271e+02	1.114223e+08	
1.700000e+00	1.699009e+10	2.046068e+10	1.771620e+01	3.455752e+01	2.006515e+01	1.132588e+00	3.864577e-01	0.000000e+00	0.000000e+00	0.000000e+00	9.733261e-04	2.284207e-08	6.682889e-03	1.653690e+07	3.880888e+02	1.135429e+08	
1.750000e+00	1.717122e+10	2.030749e+10	1.776465e+01	3.455752e+01	2.012002e+01	1.132588e+00	3.836739e-01	0.000000e+00	0.000000e+00	0.000000e+00	9.959263e-04	2.391178e-08	6.731437e-03	1.710127e+07	4.105945e+02	1.155870e+08	
1.800000e+00	1.734566e+10	2.005572e+10	1.780653e+01	3.455752e+01	2.016746e+01	1.132588e+00	3.888772e-01	0.000000e+00	0.000000e+00	0.000000e+00	1.015651e-03	2.485269e-08	6.777265e-03	1.761714e+07	4.310863e+02	1.175561e+08	
1.850000e+00	1.752106e+10	2.066945e+10	1.784982e+01	3.455752e+01	2.021648e+01	1.132588e+00	3.908622e-01	0.000000e+00	0.000000e+00	0.000000e+00	1.033526e-03	2.576683e-08	6.820303e-03	1.810847e+07	4.514623e+02	1.194990e+08	
1.900000e+00	1.769446e+10	2.125428e+10	1.789144e+01	3.455752e+01	2.026363e+01	1.132588e+00	3.909380e-01	0.000000e+00	0.000000e+00	0.000000e+00	1.051505e-03	2.669616e-08	6.861133e-03	1.860582e+07	4.723743e+02	1.214041e+08	
1.950000e+00	1.786431e+10	2.180200e+10	1.792987e+01	3.455752e+01	2.030715e+01	1.132588e+00	3.890331e-01	0.000000e+00	0.000000e+00	0.000000e+00	1.069145e-03	2.759936e-08	6.899942e-03	1.909953e+07	4.930436e+02	1.232627e+08	
2.000000e+00	1.802910e+10	2.235190e+10	1.796366e+01	3.455752e+01	2.034542e+01	1.132588e+00	3.877686e-01	0.000000e+00	0.000000e+00	0.000000e+00	1.085834e-03	2.839757e-08	6.936797e-03	1.957661e+07	5.119827e+02	1.250642e+08	
2.050000e+00	1.818981e+10	2.233514e+10	1.799386e+01	3.455752e+01	2.037963e+01	1.132588e+00	3.847351e-01	0.000000e+00	0.000000e+00	0.000000e+00	1.101651e-03	2.910432e-08	6.971725e-03	2.003882e+07	5.294021e+02	1.268144e+08	
2.100000e+00	1.834515e+10	2.176098e+10	1.801928e+01	3.455752e+01	2.040842e+01	1.132588e+00	3.803231e-01	0.000000e+00	0.000000e+00	0.000000e+00	1.114937e-03	2.966972e-08	7.004592e-03	2.045369e+07	5.442955e+02	1.285003e+08	
2.150000e+00	1.849430e+10	2.231982e+10	1.803919e+01	3.455752e+01	2.043096e+01	1.132588e+00	3.804134e-01	0.000000e+00	0.000000e+00	0.000000e+00	1.124459e-03	3.007225e-08	7.035271e-03	2.079608e+07	5.561654e+02	1.301124e+08	
2.200000e+00	1.864179e+10	2.290221e+10	1.805807e+01	3.455752e+01	2.045235e+01	1.132588e+00	3.806577e-01	0.000000e+00	0.000000e+00	0.000000e+00	1.133941e-03	3.042055e-08	7.064189e-03	2.113869e+07	5.670934e+02	1.316891e+08	
2.250000e+00	1.878784e+10	2.347357e+10	1.807616e+01	3.455752e+01	2.047284e+01	1.132588e+00	3.831388e-01	0.000000e+00	0.000000e+00	0.000000e+00	1.143386e-03	3.072819e-08	7.091480e-03	2.148175e+07	5.773163e+02	1.332336e+08	
2.300000e+00	1.893455e+10	2.451181e+10	1.809546e+01	3.455752e+01	2.049470e+01	1.132588e+00	3.835558e-01	0.000000e+00	0.000000e+00	0.000000e+00	1.152797e-03	3.096278e-08	7.116844e-03	2.182770e+07	5.862663e+02	1.347542e+08	
2.350000e+00	1.907995e+10	2.440244e+10	1.811406e+01	3.455752e+01	2.051576e+01	1.132588e+00	3.768990e-01	0.000000e+00	0.000000e+00	0.000000e+00	1.162846e-03	3.120025e-08	7.141044e-03	2.218704e+07	5.952991e+02	1.362508e+08	
2.400000e+00	1.921769e+10	2.668475e+10	1.812597e+01	3.455752e+01	2.052925e+01	1.132588e+00	3.917716e-01	0.000000e+00	0.000000e+00	0.000000e+00	1.169906e-03	3.124288e-08	7.163574e-03	2.248289e+07	6.004160e+02	1.376674e+08	
2.450000e+00	1.936787e+10	2.893056e+10	1.815013e+01	3.455752e+01	2.055662e+01	1.132588e+00	4.023469e-01	0.000000e+00	0.000000e+00	0.000000e+00	1.182232e-03	3.154593e-08	7.185120e-03	2.289732e+07	6.109774e+02	1.391605e+08	
2.500000e+00	1.952554e+10	3.048036e+10	1.818171e+01	3.455752e+01	2.059239e+01	1.132588e+00	4.006796e-01	0.000000e+00	0.000000e+00	0.000000e+00	1.198505e-03	3.200855e-08	7.206167e-03	2.340146e+07	6.249842e+02	1.407043e+08	
2.550000e+00	1.967896e+10	3.154250e+10	1.820969e+01	3.455752e+01	2.062407e+01	1.132588e+00	4.032927e-01	0.000000e+00	0.000000e+00	0.000000e+00	1.214943e-03	3.244370e-08	7.226761e-03	2.390883e+07	6.384584e+02	1.422152e+08	
2.600000e+00	1.983234e+10	3.324978e+10	1.823798e+01	3.455752e+01	2.065612e+01	1.132588e+00	4.086074e-01	0.000000e+00	0.000000e+00	0.000000e+00	1.228153e-03	3.275750e-08	7.245691e-03	2.435715e+07	6.496579e+02	1.436990e+08	
2.650000e+00	1.998812e+10	3.440450e+10	1.826882e+01	3.455752e+01	2.069104e+01	1.132588e+00	4.143438e-01	0.000000e+00	0.000000e+00	0.000000e+00	1.246148e-03	3.324708e-08	7.264891e-03	2.490815e+07	6.645468e+02	1.452115e+08	
2.700000e+00	2.014649e+10	3.795775e+10	1.830229e+01	3.455752e+01	2.072895e+01	1.132588e+00	4.489018e-01	0.000000e+00	0.000000e+00	0.000000e+00	1.264417e-03	3.381882e-08	7.283637e-03	2.547357e+07	6.813303e+02	1.467397e+08	
2.750000e+00	2.033360e+10	3.892918e+10	1.836199e+01	3.455752e+01	2.079657e+01	1.132588e+00	4.341448e-01	0.000000e+00	0.000000e+00	0.000000e+00	1.285570e-03	3.473293e-08	7.302423e-03	2.614026e+07	7.062454e+02	1.484845e+08	
2.800000e+00	2.050213e+10	4.110880e+10	1.840496e+01	3.455752e+01	2.084523e+01	1.132588e+00	4.311710e-01	0.000000e+00	0.000000e+00	0.000000e+00	1.309284e-03	3.554702e-08	7.322338e-03	2.684311e+07	7.287896e+02	1.501235e+08	
2.850000e+00	2.066428e+10	4.198489e+10	1.844236e+01	3.455752e+01	2.088759e+01	1.132588e+00	4.184910e-01	0.000000e+00	0.000000e+00	0.000000e+00	1.334052e-03	3.634754e-08	7.342498e-03	2.756722e+07	7.510958e+02	1.517274e+08	
2.900000e+00	2.081156e+10	4.347459e+10	1.846674e+01	3.455752e+01	2.091521e+01	1.132588e+00	4.160449e-01	0.000000e+00	0.000000e+00	0.000000e+00	1.355445e-03	3.689672e-08	7.361874e-03	2.820892e+07	7.678782e+02	1.532121e+08	
2.950000e+00	2.095449e+10	4.619730e+10	1.848762e+01	3.455752e+01	2.093885e+01	1.132588e+00	4.273017e-01	0.000000e+00	0.000000e+00	0.000000e+00	1.375438e-03	3.724233e-08	7.380383e-03	2.882160e+07	7.803940e+02	1.546521e+08	
3.000000e+00	2.110603e+10	4.758590e+10	1.851641e+01	3.455752e+01	2.097146e+01	1.132588e+00	4.207223e-01	0.000000e+00	0.000000e+00	0.000000e+00	1.398265e-03	3.763975e-08	7.398210e-03	2.951183e+07	7.944258e+02	1.561468e+08	
3.050000e+00	2.124903e+10	4.914770e+10	1.853801e+01	3.455752e+01	2.099592e+01	1.132588e+00	4.215537e-01	0.000000e+00	0.000000e+00	0.000000e+00	1.418557e-03	3.784180e-08	7.415433e-03	3.014295e+07	8.041015e+02	1.575707e+08	
3.100000e+00	2.139094e+10	5.073970e+10	1.855900e+01	3.455752e+01	2.101969e+01	1.132588e+00	4.249481e-01	0.000000e+00	0.000000e+00	0.000000e+00	1.438352e-03	3.803653e-08	7.432286e-03	3.076770e+07	8.136374e+02	1.589836e+08	
3.150000e+00	2.153422e+10	5.174700e+10	1.858149e+01	3.455752e+01	2.104516e+01	1.132588e+00	4.243226e-01	0.000000e+00	0.000000e+00	0.000000e+00	1.458244e-03	3.826815e-08	7.448617e-03	3.140215e+07	8.240746e+02	1.604001e+08	
3.200000e+00	2.167499e+10	5.091605e+10	1.860213e+01	3.455752e+01	2.106854e+01	1.132588e+00	4.101491e-01	0.000000e+00	0.000000e+00	0.000000e+00	1.476519e-03	3.845774e-08	7.464573e-03	3.200353e+07	8.335709e+02	1.617945e+08	
3.250000e+00	2.180081e+10	5.182094e+10	1.861033e+01	3.455752e+01	2.107783e+01	1.132588e+00	4.113082e-01	0.000000e+00	0.000000e+00	0.000000e+00	1.488075e-03	3.836807e-08	7.479234e-03	3.244125e+07	8.364549e+02	1.630534e+08	
3.300000e+00	2.192701e+10	5.162809e+10	1.861928e+01	3.455752e+01	2.108797e+01	1.132588e+00	4.028297e-01	0.000000e+00	0.000000e+00	0.000000e+00	1.498102e-03	3.825276e-08	7.493064e-03	3.284889e+07	8.387685e+02	1.643005e+08	
3.350000e+00	2.204454e+10	5.156272e+10	1.862133e+01	3.455752e+01	2.109029e+01	1.132588e+00	3.888102e-01	0.000000e+00	0.000000e+00	0.000000e+00	1.504534e-03	3.799916e-08	7.505784e-03	3.316677e+07	8.376741e+02	1.654616e+08	
3.400000e+00	2.214884e+10	5.271282e+10	1.861275e+01	3.455752e+01	2.108057e+01	1.132588e+00	3.997418e-01	0.000000e+00	0.000000e+00	0.000000e+00	1.511149e-03	3.768512e-08	7.517707e-03	3.347020e+07	8.346818e+02	1.665085e+08	
3.450000e+00	2.226407e+10	5.390396e+10	1.861388e+01	3.455752e+01	2.108185e+01	1.132588e+00	4.075930e-01	0.000000e+00	0.000000e+00	0.000000e+00	1.516593e-03	3.745942e-08	7.528889e-03	3.376552e+07	8.339991e+02	1.676237e+08	
3.500000e+00	2.238650e+10	5.390816e+10	1.862147e+01	3.455752e+01	2.109045e+01	1.132588e+00	4.097837e-01	0.000000e+00	0.000000e+00	0.000000e+00	1.523423e-03	3.735020e-08	7.539689e-03	3.410411e+07	8.361404e+02	1.687873e+08	
3.550000e+00	2.251032e+10	5.390680e+10	1.863061e+01	3.455752e+01	2.110080e+01	1.132588e+00	4.100378e-01	0.000000e+00	0.000000e+00	0.000000e+00	1.528752e-03	3.730135e-08	7.550162e-03	3.441270e+07	8.396654e+02	1.699566e+08	
3.600000e+00	2.263359e+10	5.445589e+10	1.863966e+01	3.455752e+01	2.111105e+01	1.132588e+00	4.108393e-01	0.000000e+00	0.000000e+00	0.000000e+00	1.532931e-03	3.724723e-08	7.560267e-03	3.469572e+07	8.430386e+02	1.711160e+08	
3.650000e+00	2.275683e+10	5.504714e+10	1.864906e+01	3.455752e+01	2.112169e+01	1.132588e+00	4.152567e-01	0.000000e+00	0.000000e+00	0.000000e+00	1.536714e-03	3.718933e-08	7.570100e-03	3.497072e+07	8.463112e+02	1.722714e+08	
3.700000e+00	2.288337e+10	5.558781e+10	1.866151e+01	3.455752e+01	2.113579e+01	1.132588e+00	4.203781e-01	0.000000e+00	0.000000e+00	0.000000e+00	1.540974e-03	3.725435e-08	7.579666e-03	3.526269e+07	8.525051e+02	1.734483e+08	
3.750000e+00	2.301363e+10	5.730715e+10	1.867728e+01	3.455752e+01	2.115366e+01	1.132588e+00	4.250723e-01	0.000000e+00	0.000000e+00	0.000000e+00	1.545329e-03	3.748543e-08	7.589551e-03	3.556363e+07	8.626757e+02	1.746631e+08	
3.800000e+00	2.314692e+10	5.830354e+10	1.869579e+01	3.455752e+01	2.117462e+01	1.132588e+00	4.218790e-01	0.000000e+00	0.000000e+00	0.000000e+00	1.551714e-03	3.784713e-08	7.599473e-03	3.591739e+07	8.760443e+02	1.759044e+08	
3.850000e+00	2.327564e+10	5.948056e+10	1.871087e+01	3.455752e+01	2.119170e+01	1.132588e+00	4.262915e-01	0.000000e+00	0.000000e+00	0.000000e+00	1.557231e-03	3.806977e-08	7.609259e-03	3.624554e+07	8.860982e+02	1.771104e+08	
3.900000e+00	2.340720e+10	6.020754e+10	1.872850e+01	3.455752e+01	2.121166e+01	1.132588e+00	4.346722e-01	0.000000e+00	0.000000e+00	0.000000e+00	1.564106e-03	3.840548e-08	7.619045e-03	3.661135e+07	8.989648e+02	1.783405e+08	
3.950000e+00	2.354511e+10	6.076015e+10	1.875142e+01	3.455752e+01	2.123762e+01	1.132588e+00	4.366470e-01	0.000000e+00	0.000000e+00	0.000000e+00	1.573108e-03	3.900519e-08	7.629411e-03	3.703900e+07	9.183813e+02	1.796353e+08	
4.000000e+00	2.368292e+10	6.067334e+10	1.877445e+01	3.455752e+01	2.126371e+01	1.132588e+00	4.262015e-01	0.000000e+00	0.000000e+00	0.000000e+00	1.581295e-03	3.953033e-08	7.640007e-03	3.744967e+07	9.361935e+02	1.809377e+08	
4.050000e+00	2.380897e+10	6.065032e+10	1.878839e+01	3.455752e+01	2.127950e+01	1.132588e+00	4.243327e-01	0.000000e+00	0.000000e+00	0.000000e+00	1.587051e-03	3.982736e-08	7.650184e-03	3.778604e+07	9.482485e+02	1.821430e+08	
4.100000e+00	2.393208e+10	6.176744e+10	1.880028e+01	3.455752e+01	2.129296e+01	1.132588e+00	4.253627e-01	0.000000e+00	0.000000e+00	0.000000e+00	1.591728e-03	4.004756e-08	7.659906e-03	3.809336e+07	9.584214e+02	1.833175e+08	
4.150000e+00	2.405514e+10	6.483639e+10	1.881240e+01	3.455752e+01	2.130669e+01	1.132588e+00	4.327430e-01	0.000000e+00	0.000000e+00	0.000000e+00	1.597269e-03	4.024273e-08	7.669456e-03	3.842254e+07	9.680446e+02	1.844898e+08	
4.200000e+00	2.418411e+10	6.594660e+10	1.882939e+01	3.455752e+01	2.132593e+01	1.132588e+00	4.326225e-01	0.000000e+00	0.000000e+00	0.000000e+00	1.605870e-03	4.053454e-08	7.678910e-03	3.883652e+07	9.802917e+02	1.857076e+08	
4.250000e+00	2.431152e+10	6.582739e+10	1.884538e+01	3.455752e+01	2.134405e+01	1.132588e+00	4.280819e-01	0.000000e+00	0.000000e+00	0.000000e+00	1.614405e-03	4.078209e-08	7.688358e-03	3.924864e+07	9.914746e+02	1.869157e+08	
4.300000e+00	2.443329e+10	6.719295e+10	1.885725e+01	3.455752e+01	2.135749e+01	1.132588e+00	4.226213e-01	0.000000e+00	0.000000e+00	0.000000e+00	1.620200e-03	4.087483e-08	7.697272e-03	3.958681e+07	9.987066e+02	1.880697e+08	
4.350000e+00	2.454890e+10	6.785086e+10	1.886464e+01	3.455752e+01	2.136585e+01	1.132588e+00	4.108770e-01	0.000000e+00	0.000000e+00	0.000000e+00	1.624323e-03	4.071708e-08	7.705509e-03	3.987536e+07	9.995598e+02	1.891618e+08	
4.400000e+00	2.465281e+10	6.679496e+10	1.886335e+01	3.455752e+01	2.136440e+01	1.132588e+00	4.111066e-01	0.000000e+00	0.000000e+00	0.000000e+00	1.628835e-03	4.046973e-08	7.713430e-03	4.015537e+07	9.976925e+02	1.901577e+08	
4.450000e+00	2.475704e+10	6.738327e+10	1.886266e+01	3.455752e+01	2.136362e+01	1.132588e+00	4.176907e-01	0.000000e+00	0.000000e+00	0.000000e+00	1.629757e-03	4.016208e-08	7.720498e-03	4.034796e+07	9.942941e+02	1.911367e+08	
4.500000e+00	2.486754e+10	6.758449e+10	1.886708e+01	3.455752e+01	2.136862e+01	1.132588e+00	4.197986e-01	0.000000e+00	0.000000e+00	0.000000e+00	1.632311e-03	3.997323e-08	7.727239e-03	4.059155e+07	9.940359e+02	1.921574e+08	
4.550000e+00	2.497965e+10	6.823939e+10	1.887300e+01	3.455752e+01	2.137533e+01	1.132588e+00	4.217165e-01	0.000000e+00	0.000000e+00	0.000000e+00	1.635144e-03	3.981653e-08	7.733936e-03	4.084533e+07	9.946030e+02	1.931910e+08	
4.600000e+00	2.509306e+10	6.727711e+10	1.888019e+01	3.455752e+01	2.138347e+01	1.132588e+00	4.201003e-01	0.000000e+00	0.000000e+00	0.000000e+00	1.638357e-03	3.970590e-08	7.740586e-03	4.111139e+07	9.963426e+02	1.942350e+08	
4.650000e+00	2.520433e+10	6.572528e+10	1.888603e+01	3.455752e+01	2.139008e+01	1.132588e+00	4.097316e-01	0.000000e+00	0.000000e+00	0.000000e+00	1.640240e-03	3.958457e-08	7.746936e-03	4.134115e+07	9.977027e+02	1.952564e+08	
4.700000e+00	2.530531e+10	6.412022e+10	1.888446e+01	3.455752e+01	2.138830e+01	1.132588e+00	4.013055e-01	0.000000e+00	0.000000e+00	0.000000e+00	1.639221e-03	3.931719e-08	7.752893e-03	4.148099e+07	9.949338e+02	1.961894e+08	
4.750000e+00	2.539847e+10	6.310891e+10	1.887740e+01	3.455752e+01	2.138031e+01	1.132588e+00	4.031333e-01	0.000000e+00	0.000000e+00	0.000000e+00	1.635544e-03	3.891601e-08	7.758277e-03	4.154032e+07	9.884073e+02	1.970484e+08	
4.800000e+00	2.549397e+10	6.276348e+10	1.887243e+01	3.455752e+01	2.137468e+01	1.132588e+00	4.116101e-01	0.000000e+00	0.000000e+00	0.000000e+00	1.630855e-03	3.854062e-08	7.763180e-03	4.157698e+07	9.825534e+02	1.979143e+08	
4.850000e+00	2.559789e+10	6.228908e+10	1.887401e+01	3.455752e+01	2.137648e+01	1.132588e+00	4.113285e-01	0.000000e+00	0.000000e+00	0.000000e+00	1.627367e-03	3.836096e-08	7.767710e-03	4.165717e+07	9.819598e+02	1.988370e+08	
4.900000e+00	2.570142e+10	6.233100e+10	1.887559e+01	3.455752e+01	2.137826e+01	1.132588e+00	4.114862e-01	0.000000e+00	0.000000e+00	0.000000e+00	1.623735e-03	3.823187e-08	7.772225e-03	4.173230e+07	9.826133e+02	1.997572e+08	
4.950000e+00	2.580495e+10	6.218545e+10	1.887745e+01	3.455752e+01	2.138037e+01	1.132588e+00	4.137375e-01	0.000000e+00	0.000000e+00	0.000000e+00	1.620178e-03	3.813834e-08	7.776704e-03	4.180861e+07	9.841580e+02	2.006775e+08	
5.000000e+00	2.591045e+10	6.216040e+10	1.888102e+01	3.455752e+01	2.138441e+01	1.132588e+00	4.120182e-01	0.000000e+00	0.000000e+00	0.000000e+00	1.617333e-03	3.815504e-08	7.780978e-03	4.190583e+07	9.886144e+02	2.016087e+08	
5.050000e+00	2.601402e+10	6.416448e+10	1.888344e+01	3.455752e+01	2.138715e+01	1.132588e+00	4.175963e-01	0.000000e+00	0.000000e+00	0.000000e+00	1.613982e-03	3.811713e-08	7.784911e-03	4.198617e+07	9.915799e+02	2.025169e+08	
5.100000e+00	2.612265e+10	6.481615e+10	1.888978e+01	3.455752e+01	2.139433e+01	1.132588e+00	4.188227e-01	0.000000e+00	0.000000e+00	0.000000e+00	1.613187e-03	3.822967e-08	7.788991e-03	4.214071e+07	9.986604e+02	2.034691e+08	
5.150000e+00	2.623190e+10	6.452388e+10	1.889679e+01	3.455752e+01	2.140227e+01	1.132588e+00	4.121267e-01	0.000000e+00	0.000000e+00	0.000000e+00	1.613496e-03	3.836109e-08	7.793307e-03	4.232505e+07	1.006284e+03	2.044332e+08	
5.200000e+00	2.633421e+10	6.656967e+10	1.889904e+01	3.455752e+01	2.140482e+01	1.132588e+00	4.146665e-01	0.000000e+00	0.000000e+00	0.000000e+00	1.610397e-03	3.829407e-08	7.797144e-03	4.240853e+07	1.008444e+03	2.053317e+08	
5.250000e+00	2.643874e+10	7.029104e+10	1.890312e+01	3.455752e+01	2.140945e+01	1.132588e+00	4.201645e-01	0.000000e+00	0.000000e+00	0.000000e+00	1.608275e-03	3.825163e-08	7.800686e-03	4.252075e+07	1.011325e+03	2.062403e+08	
5.300000e+00	2.654810e+10	7.015690e+10	1.891089e+01	3.455752e+01	2.141824e+01	1.132588e+00	4.165545e-01	0.000000e+00	0.000000e+00	0.000000e+00	1.609476e-03	3.827876e-08	7.804731e-03	4.272853e+07	1.016228e+03	2.072008e+08	
5.350000e+00	2.665339e+10	7.335152e+10	1.891596e+01	3.455752e+01	2.142398e+01	1.132588e+00	4.207072e-01	0.000000e+00	0.000000e+00	0.000000e+00	1.608291e-03	3.818937e-08	7.808206e-03	4.286642e+07	1.017876e+03	2.081152e+08	
5.400000e+00	2.676218e+10	7.517485e+10	1.892372e+01	3.455752e+01	2.143277e+01	1.132588e+00	4.224350e-01	0.000000e+00	0.000000e+00	0.000000e+00	1.609295e-03	3.815696e-08	7.811712e-03	4.306825e+07	1.021163e+03	2.090584e+08	
5.450000e+00	2.687193e+10	7.558196e+10	1.893235e+01	3.455752e+01	2.144255e+01	1.132588e+00	4.207612e-01	0.000000e+00	0.000000e+00	0.000000e+00	1.610911e-03	3.816022e-08	7.815335e-03	4.328829e+07	1.025439e+03	2.100132e+08	
5.500000e+00	2.697936e+10	7.782197e+10	1.893955e+01	3.455752e+01	2.145070e+01	1.132588e+00	4.293043e-01	0.000000e+00	0.000000e+00	0.000000e+00	1.611492e-03	3.811107e-08	7.818876e-03	4.347704e+07	1.028212e+03	2.109483e+08	
5.550000e+00	2.709427e+10	8.121076e+10	1.895216e+01	3.455752e+01	2.146498e+01	1.132588e+00	4.393337e-01	0.000000e+00	0.000000e+00	0.000000e+00	1.614044e-03	3.826828e-08	7.823148e-03	4.373133e+07	1.036851e+03	2.119625e+08	
5.600000e+00	2.721760e+10	8.279668e+10	1.897080e+01	3.455752e+01	2.148609e+01	1.132588e+00	4.508972e-01	0.000000e+00	0.000000e+00	0.000000e+00	1.620156e-03	3.863929e-08	7.827609e-03	4.409677e+07	1.051669e+03	2.130487e+08	
5.650000e+00	2.735033e+10	8.378954e+10	1.899607e+01	3.455752e+01	2.151471e+01	1.132588e+00	4.342201e-01	0.000000e+00	0.000000e+00	0.000000e+00	1.625859e-03	3.909630e-08	7.832943e-03	4.446778e+07	1.069297e+03	2.142336e+08	
5.700000e+00	2.746509e+10	8.195259e+10	1.900896e+01	3.455752e+01	2.152931e+01	1.132588e+00	4.282072e-01	0.000000e+00	0.000000e+00	0.000000e+00	1.634151e-03	3.945808e-08	7.838954e-03	4.488210e+07	1.083720e+03	2.152976e+08	
5.750000e+00	2.757304e+10	8.328679e+10	1.901729e+01	3.455752e+01	2.153875e+01	1.132588e+00	4.286028e-01	0.000000e+00	0.000000e+00	0.000000e+00	1.636300e-03	3.959120e-08	7.843955e-03	4.511777e+07	1.091650e+03	2.162817e+08	
5.800000e+00	2.768066e+10	8.644826e+10	1.902557e+01	3.455752e+01	2.154813e+01	1.132588e+00	4.324646e-01	0.000000e+00	0.000000e+00	0.000000e+00	1.638294e-03	3.967216e-08	7.848859e-03	4.534906e+07	1.098151e+03	2.172616e+08	
5.850000e+00	2.779124e+10	8.819539e+10	1.903605e+01	3.455752e+01	2.156000e+01	1.132588e+00	4.300766e-01	0.000000e+00	0.000000e+00	0.000000e+00	1.641635e-03	3.975470e-08	7.853503e-03	4.562309e+07	1.104833e+03	2.182586e+08	
5.900000e+00	2.789866e+10	8.917357e+10	1.904452e+01	3.455752e+01	2.156959e+01	1.132588e+00	4.301788e-01	0.000000e+00	0.000000e+00	0.000000e+00	1.643720e-03	3.970516e-08	7.857824e-03	4.585758e+07	1.107721e+03	2.192228e+08	
5.950000e+00	2.800546e+10	9.046858e+10	1.905273e+01	3.455752e+01	2.157889e+01	1.132588e+00	4.309491e-01	0.000000e+00	0.000000e+00	0.000000e+00	1.645015e-03	3.964990e-08	7.861832e-03	4.606941e+07	1.110414e+03	2.201742e+08	
6.000000e+00	2.811229e+10	9.313870e+10	1.906112e+01	3.455752e+01	2.158839e+01	1.132588e+00	4.435871e-01	0.000000e+00	0.000000e+00	0.000000e+00	1.646179e-03	3.960580e-08	7.865777e-03	4.627788e+07	1.113410e+03	2.211250e+08	
6.050000e+00	2.823046e+10	9.467419e+10	1.907733e+01	3.455752e+01	2.160675e+01	1.132588e+00	4.305535e-01	0.000000e+00	0.000000e+00	0.000000e+00	1.646676e-03	3.964308e-08	7.870021e-03	4.648641e+07	1.119142e+03	2.221743e+08	
6.100000e+00	2.833482e+10	9.557836e+10	1.908435e+01	3.455752e+01	2.161470e+01	1.132588e+00	4.213139e-01	0.000000e+00	0.000000e+00	0.000000e+00	1.645187e-03	3.945060e-08	7.873622e-03	4.661607e+07	1.117826e+03	2.230977e+08	
6.150000e+00	2.842977e+10	9.536182e+10	1.908521e+01	3.455752e+01	2.161567e+01	1.132588e+00	4.095230e-01	0.000000e+00	0.000000e+00	0.000000e+00	1.642241e-03	3.917388e-08	7.876786e-03	4.668854e+07	1.113704e+03	2.239352e+08	
6.200000e+00	2.851339e+10	9.558314e+10	1.907869e+01	3.455752e+01	2.160829e+01	1.132588e+00	4.132630e-01	0.000000e+00	0.000000e+00	0.000000e+00	1.636135e-03	3.872708e-08	7.879371e-03	4.665175e+07	1.104241e+03	2.246676e+08	
6.250000e+00	2.860115e+10	9.740844e+10	1.907517e+01	3.455752e+01	2.160430e+01	1.132588e+00	4.236709e-01	0.000000e+00	0.000000e+00	0.000000e+00	1.630125e-03	3.832462e-08	7.881632e-03	4.662344e+07	1.096128e+03	2.254237e+08	
6.300000e+00	2.869913e+10	9.833701e+10	1.907867e+01	3.455752e+01	2.160827e+01	1.132588e+00	4.292629e-01	0.000000e+00	0.000000e+00	0.000000e+00	1.625872e-03	3.809164e-08	7.883512e-03	4.666111e+07	1.093197e+03	2.262499e+08	
6.350000e+00	2.880215e+10	1.005639e+11	1.908569e+01	3.455752e+01	2.161622e+01	1.132588e+00	4.378353e-01	0.000000e+00	0.000000e+00	0.000000e+00	1.623028e-03	3.804759e-08	7.885888e-03	4.674669e+07	1.095852e+03	2.271305e+08	
6.400000e+00	2.891275e+10	1.001088e+11	1.909786e+01	3.455752e+01	2.163001e+01	1.132588e+00	4.302102e-01	0.000000e+00	0.000000e+00	0.000000e+00	1.622576e-03	3.814817e-08	7.888309e-03	4.691313e+07	1.102968e+03	2.280727e+08	
6.450000e+00	2.901503e+10	9.950389e+10	1.910468e+01	3.455752e+01	2.163773e+01	1.132588e+00	4.298075e-01	0.000000e+00	0.000000e+00	0.000000e+00	1.620930e-03	3.815467e-08	7.890721e-03	4.703134e+07	1.107059e+03	2.289495e+08	
6.500000e+00	2.911636e+10	9.900163e+10	1.911101e+01	3.455752e+01	2.164490e+01	1.132588e+00	4.298579e-01	0.000000e+00	0.000000e+00	0.000000e+00	1.619149e-03	3.817342e-08	7.893308e-03	4.714372e+07	1.111471e+03	2.298244e+08	
6.550000e+00	2.921719e+10	9.816875e+10	1.911717e+01	3.455752e+01	2.165188e+01	1.132588e+00	4.290381e-01	0.000000e+00	0.000000e+00	0.000000e+00	1.617673e-03	3.822494e-08	7.896228e-03	4.726386e+07	1.116825e+03	2.307056e+08	
6.600000e+00	2.931671e+10	9.784388e+10	1.912263e+01	3.455752e+01	2.165805e+01	1.132588e+00	4.344993e-01	0.000000e+00	0.000000e+00	0.000000e+00	1.615924e-03	3.827314e-08	7.899297e-03	4.737356e+07	1.122043e+03	2.315814e+08	
6.650000e+00	2.942099e+10	9.689675e+10	1.913133e+01	3.455752e+01	2.166790e+01	1.132588e+00	4.243038e-01	0.000000e+00	0.000000e+00	0.000000e+00	1.615671e-03	3.844042e-08	7.902637e-03	4.753465e+07	1.130955e+03	2.325034e+08	
6.700000e+00	2.951478e+10	1.005804e+11	1.913335e+01	3.455752e+01	2.167020e+01	1.132588e+00	4.386354e-01	0.000000e+00	0.000000e+00	0.000000e+00	1.611464e-03	3.833891e-08	7.905243e-03	4.756201e+07	1.131565e+03	2.333215e+08	
6.750000e+00	2.962211e+10	1.023022e+11	1.914429e+01	3.455752e+01	2.168259e+01	1.132588e+00	4.370981e-01	0.000000e+00	0.000000e+00	0.000000e+00	1.611604e-03	3.843119e-08	7.908129e-03	4.773911e+07	1.138413e+03	2.342554e+08	
6.800000e+00	2.972704e+10	1.051767e+11	1.915380e+01	3.455752e+01	2.169336e+01	1.132588e+00	4.383111e-01	0.000000e+00	0.000000e+00	0.000000e+00	1.611576e-03	3.852864e-08	7.911057e-03	4.790736e+07	1.145342e+03	2.351723e+08	
6.850000e+00	2.983232e+10	1.091056e+11	1.916365e+01	3.455752e+01	2.170452e+01	1.132588e+00	4.440828e-01	0.000000e+00	0.000000e+00	0.000000e+00	1.612535e-03	3.864614e-08	7.914135e-03	4.810566e+07	1.152904e+03	2.360970e+08	
6.900000e+00	2.994230e+10	1.120469e+11	1.917663e+01	3.455752e+01	2.171921e+01	1.132588e+00	4.466825e-01	0.000000e+00	0.000000e+00	0.000000e+00	1.616130e-03	3.886521e-08	7.917609e-03	4.839065e+07	1.163714e+03	2.370714e+08	
6.950000e+00	3.005368e+10	1.138983e+11	1.919059e+01	3.455752e+01	2.173502e+01	1.132588e+00	4.469620e-01	0.000000e+00	0.000000e+00	0.000000e+00	1.620611e-03	3.910539e-08	7.921347e-03	4.870531e+07	1.175261e+03	2.380656e+08	
7.000000e+00	3.016415e+10	1.152282e+11	1.920406e+01	3.455752e+01	2.175028e+01	1.132588e+00	4.400995e-01	0.000000e+00	0.000000e+00	0.000000e+00	1.625142e-03	3.931240e-08	7.925164e-03	4.902101e+07	1.185825e+03	2.390558e+08	
7.050000e+00	3.026689e+10	1.176405e+11	1.921271e+01	3.455752e+01	2.176008e+01	1.132588e+00	4.431838e-01	0.000000e+00	0.000000e+00	0.000000e+00	1.628213e-03	3.934757e-08	7.928825e-03	4.928094e+07	1.190928e+03	2.399809e+08	
7.100000e+00	3.037186e+10	1.171575e+11	1.922289e+01	3.455752e+01	2.177161e+01	1.132588e+00	4.389629e-01	0.000000e+00	0.000000e+00	0.000000e+00	1.632103e-03	3.937783e-08	7.932564e-03	4.957002e+07	1.195978e+03	2.409268e+08	
7.150000e+00	3.047192e+10	1.165433e+11	1.923007e+01	3.455752e+01	2.177974e+01	1.132588e+00	4.329969e-01	0.000000e+00	0.000000e+00	0.000000e+00	1.634268e-03	3.928477e-08	7.936248e-03	4.979927e+07	1.197082e+03	2.418327e+08	
7.200000e+00	3.056564e+10	1.176898e+11	1.923338e+01	3.455752e+01	2.178349e+01	1.132588e+00	4.402710e-01	0.000000e+00	0.000000e+00	0.000000e+00	1.635137e-03	3.909935e-08	7.940085e-03	4.997900e+07	1.195097e+03	2.426938e+08	
7.250000e+00	3.066606e+10	1.204179e+11	1.924105e+01	3.455752e+01	2.179217e+01	1.132588e+00	4.455290e-01	0.000000e+00	0.000000e+00	0.000000e+00	1.636988e-03	3.909386e-08	7.944329e-03	5.019996e+07	1.198855e+03	2.436213e+08	
7.300000e+00	3.077090e+10	1.209277e+11	1.925158e+01	3.455752e+01	2.180411e+01	1.132588e+00	4.560248e-01	0.000000e+00	0.000000e+00	0.000000e+00	1.640572e-03	3.920517e-08	7.949074e-03	5.048189e+07	1.206378e+03	2.446002e+08	
7.350000e+00	3.088495e+10	1.205079e+11	1.926797e+01	3.455752e+01	2.182266e+01	1.132588e+00	4.406956e-01	0.000000e+00	0.000000e+00	0.000000e+00	1.642464e-03	3.930909e-08	7.953030e-03	5.072741e+07	1.214059e+03	2.456289e+08	
7.400000e+00	3.098286e+10	1.231963e+11	1.927437e+01	3.455752e+01	2.182991e+01	1.132588e+00	4.502720e-01	0.000000e+00	0.000000e+00	0.000000e+00	1.646786e-03	3.940373e-08	7.957739e-03	5.102215e+07	1.220840e+03	2.465535e+08	
7.450000e+00	3.108946e+10	1.238659e+11	1.928628e+01	3.455752e+01	2.184340e+01	1.132588e+00	4.376931e-01	0.000000e+00	0.000000e+00	0.000000e+00	1.651529e-03	3.963133e-08	7.962848e-03	5.134514e+07	1.232117e+03	2.475606e+08	
7.500000e+00	3.118292e+10	1.242184e+11	1.929015e+01	3.455752e+01	2.184779e+01	1.132588e+00	4.543594e-01	0.000000e+00	0.000000e+00	0.000000e+00	1.655864e-03	3.972089e-08	7.967874e-03	5.163469e+07	1.238613e+03	2.484616e+08	
7.550000e+00	3.129214e+10	1.231576e+11	1.930386e+01	3.455752e+01	2.186332e+01	1.132588e+00	4.504452e-01	0.000000e+00	0.000000e+00	0.000000e+00	1.658353e-03	3.990921e-08	7.973225e-03	5.189342e+07	1.248844e+03	2.494992e+08	
7.600000e+00	3.139642e+10	1.224783e+11	1.931462e+01	3.455752e+01	2.187550e+01	1.132588e+00	4.593678e-01	0.000000e+00	0.000000e+00	0.000000e+00	1.661446e-03	4.010600e-08	7.978759e-03	5.216345e+07	1.259185e+03	2.505045e+08	
7.650000e+00	3.150842e+10	1.235552e+11	1.933019e+01	3.455752e+01	2.189314e+01	1.132588e+00	4.561502e-01	0.000000e+00	0.000000e+00	0.000000e+00	1.662647e-03	4.038478e-08	7.984548e-03	5.238739e+07	1.272460e+03	2.515805e+08	
7.700000e+00	3.161600e+10	1.226433e+11	1.934313e+01	3.455752e+01	2.190779e+01	1.132588e+00	4.388567e-01	0.000000e+00	0.000000e+00	0.000000e+00	1.666057e-03	4.069258e-08	7.990749e-03	5.267406e+07	1.286536e+03	2.526355e+08	
7.750000e+00	3.170577e+10	1.213575e+11	1.934527e+01	3.455752e+01	2.191021e+01	1.132588e+00	4.441677e-01	0.000000e+00	0.000000e+00	0.000000e+00	1.665029e-03	4.066369e-08	7.996304e-03	5.279102e+07	1.289274e+03	2.535290e+08	
7.800000e+00	3.180050e+10	1.202742e+11	1.935055e+01	3.455752e+01	2.191620e+01	1.132588e+00	4.382718e-01	0.000000e+00	0.000000e+00	0.000000e+00	1.665281e-03	4.075194e-08	8.001929e-03	5.295676e+07	1.295932e+03	2.544653e+08	
7.850000e+00	3.188908e+10	1.188499e+11	1.935222e+01	3.455752e+01	2.191809e+01	1.132588e+00	4.424614e-01	0.000000e+00	0.000000e+00	0.000000e+00	1.664602e-03	4.073687e-08	8.007622e-03	5.308264e+07	1.299061e+03	2.553557e+08	
7.900000e+00	3.198157e+10	1.181168e+11	1.935639e+01	3.455752e+01	2.192280e+01	1.132588e+00	4.455859e-01	0.000000e+00	0.000000e+00	0.000000e+00	1.663472e-03	4.081013e-08	8.012847e-03	5.320045e+07	1.305172e+03	2.562634e+08	
7.950000e+00	3.207673e+10	1.183664e+11	1.936228e+01	3.455752e+01	2.192948e+01	1.132588e+00	4.439603e-01	0.000000e+00	0.000000e+00	0.000000e+00	1.663671e-03	4.102701e-08	8.018664e-03	5.336513e+07	1.316012e+03	2.572126e+08	
8.000000e+00	3.216983e+10	1.198536e+11	1.936703e+01	3.455752e+01	2.193486e+01	1.132588e+00	4.441008e-01	0.000000e+00	0.000000e+00	0.000000e+00	1.663622e-03	4.121386e-08	8.024387e-03	5.351844e+07	1.325843e+03	2.581431e+08	
8.050000e+00	3.226265e+10	1.182594e+11	1.937174e+01	3.455752e+01	2.194019e+01	1.132588e+00	4.413418e-01	0.000000e+00	0.000000e+00	0.000000e+00	1.663991e-03	4.137168e-08	8.030054e-03	5.368475e+07	1.334760e+03	2.590708e+08	
8.100000e+00	3.235241e+10	1.162651e+11	1.937471e+01	3.455752e+01	2.194356e+01	1.132588e+00	4.254788e-01	0.000000e+00	0.000000e+00	0.000000e+00	1.663377e-03	4.150246e-08	8.035475e-03	5.381427e+07	1.342704e+03	2.599670e+08	
8.150000e+00	3.242655e+10	1.162382e+11	1.936847e+01	3.455752e+01	2.193650e+01	1.132588e+00	4.270610e-01	0.000000e+00	0.000000e+00	0.000000e+00	1.659774e-03	4.140250e-08	8.040195e-03	5.382074e+07	1.342540e+03	2.607158e+08	
8.200000e+00	3.250275e+10	1.172316e+11	1.936363e+01	3.455752e+01	2.193101e+01	1.132588e+00	4.291538e-01	0.000000e+00	0.000000e+00	0.000000e+00	1.655985e-03	4.125409e-08	8.044381e-03	5.382408e+07	1.340872e+03	2.614645e+08	
8.250000e+00	3.258140e+10	1.183773e+11	1.936039e+01	3.455752e+01	2.192734e+01	1.132588e+00	4.304509e-01	0.000000e+00	0.000000e+00	0.000000e+00	1.652514e-03	4.111351e-08	8.048279e-03	5.384121e+07	1.339535e+03	2.622242e+08	
8.300000e+00	3.266157e+10	1.190439e+11	1.935820e+01	3.455752e+01	2.192486e+01	1.132588e+00	4.291750e-01	0.000000e+00	0.000000e+00	0.000000e+00	1.649098e-03	4.097742e-08	8.051890e-03	5.386212e+07	1.338387e+03	2.629874e+08	
8.350000e+00	3.274069e+10	1.186758e+11	1.935553e+01	3.455752e+01	2.192184e+01	1.132588e+00	4.247841e-01	0.000000e+00	0.000000e+00	0.000000e+00	1.645340e-03	4.082768e-08	8.055377e-03	5.386959e+07	1.336727e+03	2.637387e+08	
8.400000e+00	3.281580e+10	1.176956e+11	1.935063e+01	3.455752e+01	2.191629e+01	1.132588e+00	4.163777e-01	0.000000e+00	0.000000e+00	0.000000e+00	1.640327e-03	4.056088e-08	8.058394e-03	5.382863e+07	1.331038e+03	2.644426e+08	
8.450000e+00	3.288319e+10	1.166952e+11	1.934134e+01	3.455752e+01	2.190577e+01	1.132588e+00	4.169387e-01	0.000000e+00	0.000000e+00	0.000000e+00	1.632839e-03	4.014780e-08	8.060656e-03	5.369294e+07	1.320188e+03	2.650601e+08	
8.500000e+00	3.295192e+10	1.179688e+11	1.933301e+01	3.455752e+01	2.189633e+01	1.132588e+00	4.293989e-01	0.000000e+00	0.000000e+00	0.000000e+00	1.625013e-03	3.977206e-08	8.062654e-03	5.354730e+07	1.310566e+03	2.656799e+08	
8.550000e+00	3.303340e+10	1.180537e+11	1.933230e+01	3.455752e+01	2.189553e+01	1.132588e+00	4.284679e-01	0.000000e+00	0.000000e+00	0.000000e+00	1.619837e-03	3.956395e-08	8.064342e-03	5.350872e+07	1.306932e+03	2.663927e+08	
8.600000e+00	3.311405e+10	1.175941e+11	1.933123e+01	3.455752e+01	2.189432e+01	1.132588e+00	4.283426e-01	0.000000e+00	0.000000e+00	0.000000e+00	1.614819e-03	3.941315e-08	8.065962e-03	5.347320e+07	1.305129e+03	2.670967e+08	
8.650000e+00	3.319467e+10	1.176942e+11	1.933027e+01	3.455752e+01	2.189323e+01	1.132588e+00	4.297997e-01	0.000000e+00	0.000000e+00	0.000000e+00	1.610376e-03	3.930348e-08	8.067681e-03	5.345591e+07	1.304666e+03	2.678040e+08	
8.700000e+00	3.327678e+10	1.182274e+11	1.933030e+01	3.455752e+01	2.189326e+01	1.132588e+00	4.319299e-01	0.000000e+00	0.000000e+00	0.000000e+00	1.607242e-03	3.923630e-08	8.069518e-03	5.348383e+07	1.305658e+03	2.685275e+08	
8.750000e+00	3.336094e+10	1.179057e+11	1.933163e+01	3.455752e+01	2.189477e+01	1.132588e+00	4.259745e-01	0.000000e+00	0.000000e+00	0.000000e+00	1.605457e-03	3.921979e-08	8.071369e-03	5.355955e+07	1.308409e+03	2.692685e+08	
8.800000e+00	3.343924e+10	1.169031e+11	1.932968e+01	3.455752e+01	2.189256e+01	1.132588e+00	4.175748e-01	0.000000e+00	0.000000e+00	0.000000e+00	1.602730e-03	3.906661e-08	8.072969e-03	5.359407e+07	1.306358e+03	2.699539e+08	
8.850000e+00	3.350958e+10	1.167822e+11	1.932327e+01	3.455752e+01	2.188530e+01	1.132588e+00	4.196156e-01	0.000000e+00	0.000000e+00	0.000000e+00	1.597044e-03	3.875557e-08	8.073894e-03	5.351626e+07	1.298683e+03	2.705528e+08	
8.900000e+00	3.358245e+10	1.162637e+11	1.931846e+01	3.455752e+01	2.187985e+01	1.132588e+00	4.173296e-01	0.000000e+00	0.000000e+00	0.000000e+00	1.591934e-03	3.849641e-08	8.074753e-03	5.346105e+07	1.292804e+03	2.711699e+08	
8.950000e+00	3.365351e+10	1.157305e+11	1.931275e+01	3.455752e+01	2.187338e+01	1.132588e+00	4.180808e-01	0.000000e+00	0.000000e+00	0.000000e+00	1.586707e-03	3.818263e-08	8.075411e-03	5.339827e+07	1.284980e+03	2.717660e+08	
9.000000e+00	3.372580e+10	1.165374e+11	1.930787e+01	3.455752e+01	2.186786e+01	1.132588e+00	4.202227e-01	0.000000e+00	0.000000e+00	0.000000e+00	1.581323e-03	3.791216e-08	8.075783e-03	5.333138e+07	1.278618e+03	2.723622e+08	
9.050000e+00	3.380057e+10	1.182270e+11	1.930455e+01	3.455752e+01	2.186409e+01	1.132588e+00	4.218269e-01	0.000000e+00	0.000000e+00	0.000000e+00	1.576698e-03	3.769510e-08	8.076211e-03	5.329330e+07	1.274116e+03	2.729805e+08	
9.100000e+00	3.387717e+10	1.179185e+11	1.930239e+01	3.455752e+01	2.186166e+01	1.132588e+00	4.021894e-01	0.000000e+00	0.000000e+00	0.000000e+00	1.572275e-03	3.752224e-08	8.076519e-03	5.326422e+07	1.271147e+03	2.736096e+08	
9.150000e+00	3.393501e+10	1.187575e+11	1.928969e+01	3.455752e+01	2.184727e+01	1.132588e+00	4.045556e-01	0.000000e+00	0.000000e+00	0.000000e+00	1.565890e-03	3.716245e-08	8.076415e-03	5.313847e+07	1.261108e+03	2.740732e+08	
9.200000e+00	3.399622e+10	1.202760e+11	1.927907e+01	3.455752e+01	2.183524e+01	1.132588e+00	4.134974e-01	0.000000e+00	0.000000e+00	0.000000e+00	1.557279e-03	3.672700e-08	8.075622e-03	5.294158e+07	1.248579e+03	2.745406e+08	
9.250000e+00	3.406697e+10	1.209149e+11	1.927400e+01	3.455752e+01	2.182950e+01	1.132588e+00	4.159160e-01	0.000000e+00	0.000000e+00	0.000000e+00	1.550159e-03	3.647009e-08	8.075053e-03	5.280922e+07	1.242426e+03	2.750926e+08	
9.300000e+00	3.414049e+10	1.216708e+11	1.927063e+01	3.455752e+01	2.182567e+01	1.132588e+00	4.214708e-01	0.000000e+00	0.000000e+00	0.000000e+00	1.543774e-03	3.626361e-08	8.074504e-03	5.270522e+07	1.238057e+03	2.756676e+08	
9.350000e+00	3.421965e+10	1.227924e+11	1.927055e+01	3.455752e+01	2.182558e+01	1.132588e+00	4.250454e-01	0.000000e+00	0.000000e+00	0.000000e+00	1.539283e-03	3.622009e-08	8.074375e-03	5.267372e+07	1.239439e+03	2.763023e+08	
9.400000e+00	3.430227e+10	1.211430e+11	1.927251e+01	3.455752e+01	2.182781e+01	1.132588e+00	3.968336e-01	0.000000e+00	0.000000e+00	0.000000e+00	1.536308e-03	3.625309e-08	8.074431e-03	5.269885e+07	1.243563e+03	2.769713e+08	
9.450000e+00	3.435753e+10	1.209033e+11	1.925923e+01	3.455752e+01	2.181277e+01	1.132588e+00	3.995577e-01	0.000000e+00	0.000000e+00	0.000000e+00	1.531749e-03	3.614029e-08	8.074489e-03	5.262711e+07	1.241691e+03	2.774195e+08	
9.500000e+00	3.441656e+10	1.198380e+11	1.924823e+01	3.455752e+01	2.180030e+01	1.132588e+00	3.975294e-01	0.000000e+00	0.000000e+00	0.000000e+00	1.526082e-03	3.586391e-08	8.073885e-03	5.252250e+07	1.234312e+03	2.778753e+08	
9.550000e+00	3.447460e+10	1.208297e+11	1.923681e+01	3.455752e+01	2.178738e+01	1.132588e+00	4.111423e-01	0.000000e+00	0.000000e+00	0.000000e+00	1.515997e-03	3.540914e-08	8.072270e-03	5.226340e+07	1.220716e+03	2.782883e+08	
9.600000e+00	3.454672e+10	1.219293e+11	1.923339e+01	3.455752e+01	2.178351e+01	1.132588e+00	4.128846e-01	0.000000e+00	0.000000e+00	0.000000e+00	1.507866e-03	3.511067e-08	8.070555e-03	5.209183e+07	1.212958e+03	2.788112e+08	
9.650000e+00	3.462081e+10	1.197363e+11	1.923118e+01	3.455752e+01	2.178100e+01	1.132588e+00	3.745469e-01	0.000000e+00	0.000000e+00	0.000000e+00	1.500603e-03	3.489196e-08	8.069064e-03	5.195208e+07	1.207988e+03	2.793575e+08	
9.700000e+00	3.465822e+10	1.198519e+11	1.920875e+01	3.455752e+01	2.175560e+01	1.132588e+00	3.880574e-01	0.000000e+00	0.000000e+00	0.000000e+00	1.490506e-03	3.444034e-08	8.067486e-03	5.165828e+07	1.193641e+03	2.796047e+08	
9.750000e+00	3.471059e+10	1.197400e+11	1.919478e+01	3.455752e+01	2.173978e+01	1.132588e+00	3.972025e-01	0.000000e+00	0.000000e+00	0.000000e+00	1.481419e-03	3.400816e-08	8.065550e-03	5.142092e+07	1.180443e+03	2.799600e+08	
9.800000e+00	3.477294e+10	1.197880e+11	1.918649e+01	3.455752e+01	2.173038e+01	1.132588e+00	4.038987e-01	0.000000e+00	0.000000e+00	0.000000e+00	1.472701e-03	3.367485e-08	8.063591e-03	5.121016e+07	1.170974e+03	2.803948e+08	
9.850000e+00	3.484245e+10	1.197844e+11	1.918226e+01	3.455752e+01	2.172559e+01	1.132588e+00	4.113879e-01	0.000000e+00	0.000000e+00	0.000000e+00	1.466036e-03	3.343975e-08	8.061839e-03	5.108027e+07	1.165123e+03	2.808942e+08	
9.900000e+00	3.491950e+10	1.207642e+11	1.918229e+01	3.455752e+01	2.172562e+01	1.132588e+00	4.145092e-01	0.000000e+00	0.000000e+00	0.000000e+00	1.461538e-03	3.338896e-08	8.060673e-03	5.103616e+07	1.165926e+03	2.814746e+08	
9.950000e+00	3.499954e+10	1.196771e+11	1.918405e+01	3.455752e+01	2.172761e+01	1.132588e+00	4.195918e-01	0.000000e+00	0.000000e+00	0.000000e+00	1.458022e-03	3.338916e-08	8.059656e-03	5.103011e+07	1.168605e+03	2.820843e+08	
1.000000e+01	3.508431e+10	1.198371e+11	1.918847e+01	3.455752e+01	2.173263e+01	1.132588e+00	4.296608e-01	0.000000e+00	0.000000e+00	0.000000e+00	1.455713e-03	3.350750e-08	8.058876e-03	5.107267e+07	1.175588e+03	2.827401e+08	
1.005000e+01	3.517835e+10	1.196009e+11	1.919804e+01	3.455752e+01	2.174346e+01	1.132588e+00	4.417365e-01	0.000000e+00	0.000000e+00	0.000000e+00	1.455450e-03	3.379961e-08	8.059075e-03	5.120034e+07	1.189015e+03	2.835050e+08	
1.010000e+01	3.528318e+10	1.172229e+11	1.921352e+01	3.455752e+01	2.176100e+01	1.132588e+00	4.310991e-01	0.000000e+00	0.000000e+00	0.000000e+00	1.455892e-03	3.422300e-08	8.060078e-03	5.136849e+07	1.207496e+03	2.843852e+08	
1.015000e+01	3.537647e+10	1.168381e+11	1.922276e+01	3.455752e+01	2.177147e+01	1.132588e+00	4.291531e-01	0.000000e+00	0.000000e+00	0.000000e+00	1.456672e-03	3.456121e-08	8.061337e-03	5.153193e+07	1.222654e+03	2.851817e+08	
1.020000e+01	3.546711e+10	1.161003e+11	1.923062e+01	3.455752e+01	2.178036e+01	1.132588e+00	4.216503e-01	0.000000e+00	0.000000e+00	0.000000e+00	1.457726e-03	3.488703e-08	8.062815e-03	5.170133e+07	1.237342e+03	2.859648e+08	
1.025000e+01	3.554987e+10	1.159881e+11	1.923426e+01	3.455752e+01	2.178448e+01	1.132588e+00	4.213745e-01	0.000000e+00	0.000000e+00	0.000000e+00	1.457472e-03	3.506921e-08	8.064172e-03	5.181293e+07	1.246706e+03	2.866803e+08	
1.030000e+01	3.563205e+10	1.164455e+11	1.923766e+01	3.455752e+01	2.178833e+01	1.132588e+00	4.225293e-01	0.000000e+00	0.000000e+00	0.000000e+00	1.457140e-03	3.523663e-08	8.065560e-03	5.192090e+07	1.255553e+03	2.873924e+08	
1.035000e+01	3.571505e+10	1.168972e+11	1.924157e+01	3.455752e+01	2.179277e+01	1.132588e+00	4.228895e-01	0.000000e+00	0.000000e+00	0.000000e+00	1.457438e-03	3.541864e-08	8.067112e-03	5.205249e+07	1.264979e+03	2.881173e+08	
1.040000e+01	3.579806e+10	1.170667e+11	1.924556e+01	3.455752e+01	2.179729e+01	1.132588e+00	4.233255e-01	0.000000e+00	0.000000e+00	0.000000e+00	1.457927e-03	3.558783e-08	8.068723e-03	5.219098e+07	1.273976e+03	2.888447e+08	
1.045000e+01	3.588115e+10	1.161892e+11	1.924967e+01	3.455752e+01	2.180194e+01	1.132588e+00	4.200725e-01	0.000000e+00	0.000000e+00	0.000000e+00	1.458706e-03	3.574754e-08	8.070391e-03	5.234004e+07	1.282663e+03	2.895749e+08	
1.050000e+01	3.596076e+10	1.154284e+11	1.925197e+01	3.455752e+01	2.180455e+01	1.132588e+00	4.185928e-01	0.000000e+00	0.000000e+00	0.000000e+00	1.458416e-03	3.581397e-08	8.071855e-03	5.244576e+07	1.287898e+03	2.902701e+08	
1.055000e+01	3.603875e+10	1.148614e+11	1.925349e+01	3.455752e+01	2.180626e+01	1.132588e+00	4.286762e-01	0.000000e+00	0.000000e+00	0.000000e+00	1.457545e-03	3.585693e-08	8.073252e-03	5.252810e+07	1.292239e+03	2.909499e+08	
1.060000e+01	3.612631e+10	1.131493e+11	1.926018e+01	3.455752e+01	2.181385e+01	1.132588e+00	4.238099e-01	0.000000e+00	0.000000e+00	0.000000e+00	1.458859e-03	3.608054e-08	8.075559e-03	5.270320e+07	1.303457e+03	2.917402e+08	
1.065000e+01	3.620862e+10	1.136725e+11	1.926414e+01	3.455752e+01	2.181833e+01	1.132588e+00	4.337403e-01	0.000000e+00	0.000000e+00	0.000000e+00	1.459639e-03	3.623285e-08	8.077794e-03	5.285150e+07	1.311941e+03	2.924858e+08	
1.070000e+01	3.630015e+10	1.138518e+11	1.927306e+01	3.455752e+01	2.182843e+01	1.132588e+00	4.331535e-01	0.000000e+00	0.000000e+00	0.000000e+00	1.462299e-03	3.654623e-08	8.079924e-03	5.308167e+07	1.326634e+03	2.933025e+08	
1.075000e+01	3.639037e+10	1.155527e+11	1.928132e+01	3.455752e+01	2.183779e+01	1.132588e+00	4.454920e-01	0.000000e+00	0.000000e+00	0.000000e+00	1.465781e-03	3.688959e-08	8.082689e-03	5.334031e+07	1.342426e+03	2.941320e+08	
1.080000e+01	3.649177e+10	1.150531e+11	1.929555e+01	3.455752e+01	2.185390e+01	1.132588e+00	4.333052e-01	0.000000e+00	0.000000e+00	0.000000e+00	1.468922e-03	3.726780e-08	8.084889e-03	5.360358e+07	1.359968e+03	2.950319e+08	
1.085000e+01	3.658022e+10	1.151467e+11	1.930296e+01	3.455752e+01	2.186230e+01	1.132588e+00	4.458854e-01	0.000000e+00	0.000000e+00	0.000000e+00	1.475605e-03	3.773155e-08	8.088449e-03	5.397795e+07	1.380228e+03	2.958772e+08	
1.090000e+01	3.668017e+10	1.154123e+11	1.931649e+01	3.455752e+01	2.187762e+01	1.132588e+00	4.237684e-01	0.000000e+00	0.000000e+00	0.000000e+00	1.480087e-03	3.816586e-08	8.091312e-03	5.428987e+07	1.399931e+03	2.967907e+08	
1.095000e+01	3.675763e+10	1.169632e+11	1.931821e+01	3.455752e+01	2.187957e+01	1.132588e+00	4.261006e-01	0.000000e+00	0.000000e+00	0.000000e+00	1.484880e-03	3.838576e-08	8.094580e-03	5.458067e+07	1.410970e+03	2.975376e+08	
1.100000e+01	3.683719e+10	1.160367e+11	1.932111e+01	3.455752e+01	2.188286e+01	1.132588e+00	4.252977e-01	0.000000e+00	0.000000e+00	0.000000e+00	1.488002e-03	3.853767e-08	8.097538e-03	5.481383e+07	1.419619e+03	2.982906e+08	
1.105000e+01	3.691573e+10	1.158098e+11	1.932354e+01	3.455752e+01	2.188561e+01	1.132588e+00	4.304971e-01	0.000000e+00	0.000000e+00	0.000000e+00	1.490291e-03	3.863279e-08	8.100329e-03	5.501517e+07	1.426158e+03	2.990296e+08	
1.110000e+01	3.699909e+10	1.164701e+11	1.932856e+01	3.455752e+01	2.189129e+01	1.132588e+00	4.305843e-01	0.000000e+00	0.000000e+00	0.000000e+00	1.492988e-03	3.874746e-08	8.102989e-03	5.523919e+07	1.433621e+03	2.998032e+08	
1.115000e+01	3.708210e+10	1.190331e+11	1.933345e+01	3.455752e+01	2.189683e+01	1.132588e+00	4.313773e-01	0.000000e+00	0.000000e+00	0.000000e+00	1.496115e-03	3.886500e-08	8.105841e-03	5.547908e+07	1.441196e+03	3.005816e+08	
1.120000e+01	3.716546e+10	1.197328e+11	1.933858e+01	3.455752e+01	2.190264e+01	1.132588e+00	4.347106e-01	0.000000e+00	0.000000e+00	0.000000e+00	1.499472e-03	3.896974e-08	8.108746e-03	5.572859e+07	1.448329e+03	3.013653e+08	
1.125000e+01	3.725161e+10	1.180236e+11	1.934521e+01	3.455752e+01	2.191015e+01	1.132588e+00	4.366550e-01	0.000000e+00	0.000000e+00	0.000000e+00	1.504043e-03	3.916678e-08	8.112078e-03	5.602802e+07	1.459026e+03	3.021880e+08	
1.130000e+01	3.733908e+10	1.162124e+11	1.935258e+01	3.455752e+01	2.191849e+01	1.132588e+00	4.330598e-01	0.000000e+00	0.000000e+00	0.000000e+00	1.509582e-03	3.943213e-08	8.115892e-03	5.636642e+07	1.472359e+03	3.030399e+08	
1.135000e+01	3.742244e+10	1.144439e+11	1.935786e+01	3.455752e+01	2.192448e+01	1.132588e+00	4.327296e-01	0.000000e+00	0.000000e+00	0.000000e+00	1.514249e-03	3.965802e-08	8.119753e-03	5.666691e+07	1.484100e+03	3.038610e+08	
1.140000e+01	3.750504e+10	1.126313e+11	1.936281e+01	3.455752e+01	2.193008e+01	1.132588e+00	4.158350e-01	0.000000e+00	0.000000e+00	0.000000e+00	1.518668e-03	3.990336e-08	8.123827e-03	5.695769e+07	1.496577e+03	3.046844e+08	
1.145000e+01	3.757086e+10	1.166554e+11	1.935916e+01	3.455752e+01	2.192595e+01	1.132588e+00	4.416700e-01	0.000000e+00	0.000000e+00	0.000000e+00	1.521852e-03	3.998275e-08	8.127805e-03	5.717730e+07	1.502186e+03	3.053686e+08	
1.150000e+01	3.766199e+10	1.177594e+11	1.936862e+01	3.455752e+01	2.193666e+01	1.132588e+00	4.405143e-01	0.000000e+00	0.000000e+00	0.000000e+00	1.527056e-03	4.022720e-08	8.132012e-03	5.751198e+07	1.515037e+03	3.062678e+08	
1.155000e+01	3.775121e+10	1.189091e+11	1.937713e+01	3.455752e+01	2.194630e+01	1.132588e+00	4.340019e-01	0.000000e+00	0.000000e+00	0.000000e+00	1.533896e-03	4.046134e-08	8.136172e-03	5.790645e+07	1.527465e+03	3.071504e+08	
1.160000e+01	3.783340e+10	1.188805e+11	1.938208e+01	3.455752e+01	2.195191e+01	1.132588e+00	4.230342e-01	0.000000e+00	0.000000e+00	0.000000e+00	1.543216e-03	4.075429e-08	8.140754e-03	5.838513e+07	1.541873e+03	3.079924e+08	
1.165000e+01	3.790454e+10	1.192258e+11	1.938143e+01	3.455752e+01	2.195117e+01	1.132588e+00	4.290542e-01	0.000000e+00	0.000000e+00	0.000000e+00	1.550676e-03	4.088238e-08	8.145037e-03	5.877768e+07	1.549628e+03	3.087339e+08	
1.170000e+01	3.798157e+10	1.195505e+11	1.938386e+01	3.455752e+01	2.195393e+01	1.132588e+00	4.333036e-01	0.000000e+00	0.000000e+00	0.000000e+00	1.556625e-03	4.097330e-08	8.149110e-03	5.912305e+07	1.556230e+03	3.095160e+08	
1.175000e+01	3.806252e+10	1.210566e+11	1.938835e+01	3.455752e+01	2.195900e+01	1.132588e+00	4.379396e-01	0.000000e+00	0.000000e+00	0.000000e+00	1.562540e-03	4.107150e-08	8.152944e-03	5.947419e+07	1.563285e+03	3.103216e+08	
1.180000e+01	3.814757e+10	1.210127e+11	1.939497e+01	3.455752e+01	2.196651e+01	1.132588e+00	4.352450e-01	0.000000e+00	0.000000e+00	0.000000e+00	1.569478e-03	4.121121e-08	8.157195e-03	5.987179e+07	1.572107e+03	3.111772e+08	
1.185000e+01	3.822945e+10	1.226991e+11	1.940003e+01	3.455752e+01	2.197224e+01	1.132588e+00	4.463255e-01	0.000000e+00	0.000000e+00	0.000000e+00	1.575818e-03	4.133828e-08	8.161612e-03	6.024265e+07	1.580340e+03	3.120139e+08	
1.190000e+01	3.832165e+10	1.218077e+11	1.941037e+01	3.455752e+01	2.198395e+01	1.132588e+00	4.214619e-01	0.000000e+00	0.000000e+00	0.000000e+00	1.583213e-03	4.151629e-08	8.165692e-03	6.067131e+07	1.590973e+03	3.129228e+08	
1.195000e+01	3.838884e+10	1.242441e+11	1.940810e+01	3.455752e+01	2.198137e+01	1.132588e+00	4.415983e-01	0.000000e+00	0.000000e+00	0.000000e+00	1.586203e-03	4.132629e-08	8.169239e-03	6.089248e+07	1.586469e+03	3.136076e+08	
1.200000e+01	3.847578e+10	1.263365e+11	1.941586e+01	3.455752e+01	2.199016e+01	1.132588e+00	4.440773e-01	0.000000e+00	0.000000e+00	0.000000e+00	1.591357e-03	4.137273e-08	8.172990e-03	6.122870e+07	1.591848e+03	3.144621e+08	
1.205000e+01	3.856446e+10	1.269757e+11	1.942454e+01	3.455752e+01	2.199999e+01	1.132588e+00	4.567038e-01	0.000000e+00	0.000000e+00	0.000000e+00	1.597532e-03	4.150143e-08	8.177048e-03	6.160794e+07	1.600480e+03	3.153434e+08	
1.210000e+01	3.866467e+10	1.291025e+11	1.943905e+01	3.455752e+01	2.201643e+01	1.132588e+00	4.582961e-01	0.000000e+00	0.000000e+00	0.000000e+00	1.602779e-03	4.168788e-08	8.180278e-03	6.197094e+07	1.611848e+03	3.162878e+08	
1.215000e+01	3.876522e+10	1.283474e+11	1.945374e+01	3.455752e+01	2.203306e+01	1.132588e+00	4.433305e-01	0.000000e+00	0.000000e+00	0.000000e+00	1.610304e-03	4.194517e-08	8.184523e-03	6.242376e+07	1.626014e+03	3.172748e+08	
1.220000e+01	3.884997e+10	1.292209e+11	1.946053e+01	3.455752e+01	2.204076e+01	1.132588e+00	4.334730e-01	0.000000e+00	0.000000e+00	0.000000e+00	1.615346e-03	4.207319e-08	8.188454e-03	6.275615e+07	1.634542e+03	3.181212e+08	
1.225000e+01	3.892457e+10	1.297527e+11	1.946228e+01	3.455752e+01	2.204274e+01	1.132588e+00	4.348769e-01	0.000000e+00	0.000000e+00	0.000000e+00	1.618611e-03	4.206397e-08	8.192108e-03	6.300374e+07	1.637322e+03	3.188742e+08	
1.230000e+01	3.900038e+10	1.308187e+11	1.946470e+01	3.455752e+01	2.204548e+01	1.132588e+00	4.363236e-01	0.000000e+00	0.000000e+00	0.000000e+00	1.621780e-03	4.209006e-08	8.196526e-03	6.325003e+07	1.641528e+03	3.196676e+08	
1.235000e+01	3.907739e+10	1.310556e+11	1.946777e+01	3.455752e+01	2.204896e+01	1.132588e+00	4.358897e-01	0.000000e+00	0.000000e+00	0.000000e+00	1.624751e-03	4.210289e-08	8.200584e-03	6.349102e+07	1.645271e+03	3.204574e+08	
1.240000e+01	3.915372e+10	1.342301e+11	1.947056e+01	3.455752e+01	2.205211e+01	1.132588e+00	4.372917e-01	0.000000e+00	0.000000e+00	0.000000e+00	1.626850e-03	4.210361e-08	8.204234e-03	6.369724e+07	1.648513e+03	3.212263e+08	
1.245000e+01	3.923117e+10	1.359627e+11	1.947396e+01	3.455752e+01	2.205596e+01	1.132588e+00	4.244080e-01	0.000000e+00	0.000000e+00	0.000000e+00	1.628818e-03	4.209634e-08	8.207536e-03	6.390045e+07	1.651489e+03	3.219913e+08	
