# COLUMN NUMBERS: 
#	0: time [Gyr]
#	1: mgas [Msun]			ISM gas mass
#	2: mstar [Msun]			Stellar mass
#	3: sfr [Msun/yr]		Star formation rate
#	4: ifr [Msun/yr]		Infall rate
#	5: ofr [Msun/yr]		Outfow rate
#	6: eta_0			Mass-loading factor
#	7: r_eff			Effective recycilng rate
#	8: z_in(fe)			Inflow fe metallicity
#	9: z_in(sr)			Inflow sr metallicity
#	10: z_in(o)			Inflow o metallicity
#	11: z_out(fe)			Outflow fe metallicity
#	12: z_out(sr)			Outflow sr metallicity
#	13: z_out(o)			Outflow o metallicity
#	14: mass(fe) [Msun]		mass of element fe in ISM
#	15: mass(sr) [Msun]		mass of element sr in ISM
#	16: mass(o) [Msun]		mass of element o in ISM
0.000000e+00	1.000000e-12	2.609090e-29	6.960812e-37	9.424778e+00	1.595896e-37	2.292686e-01	2.503490e-01	0.000000e+00	0.000000e+00	0.000000e+00	5.816004e-281	0.000000e+00	4.205909e-114	0.000000e+00	0.000000e+00	0.000000e+00	
5.000000e-02	4.712389e+08	2.669039e+07	7.120751e-01	9.424778e+00	1.632565e-01	2.292686e-01	2.503490e-01	0.000000e+00	0.000000e+00	0.000000e+00	8.236238e-05	9.197133e-10	1.029530e-03	3.881236e+04	4.334047e-01	4.851545e+05	
1.000000e-01	9.076246e+08	7.645694e+07	1.349182e+00	9.424778e+00	3.093252e-01	2.292686e-01	2.622710e-01	0.000000e+00	0.000000e+00	0.000000e+00	1.208726e-04	1.349744e-09	1.510907e-03	1.097069e+05	1.225060e+00	1.371336e+06	
1.500000e-01	1.313631e+09	1.464896e+08	1.921957e+00	9.424778e+00	4.406443e-01	2.292686e-01	2.712362e-01	0.000000e+00	0.000000e+00	0.000000e+00	1.924936e-04	1.764873e-09	1.977301e-03	2.528655e+05	2.318392e+00	2.597443e+06	
2.000000e-01	1.692805e+09	2.344712e+08	2.438907e+00	9.424778e+00	5.591648e-01	2.292686e-01	2.785159e-01	0.000000e+00	0.000000e+00	0.000000e+00	2.692924e-04	2.169219e-09	2.424945e-03	4.558594e+05	3.672064e+00	4.104959e+06	
2.500000e-01	2.048104e+09	3.384443e+08	2.907085e+00	9.424778e+00	6.665034e-01	2.292686e-01	2.846917e-01	0.000000e+00	0.000000e+00	0.000000e+00	3.459273e-04	2.571396e-09	2.853909e-03	7.084949e+05	5.266485e+00	5.845102e+06	
3.000000e-01	2.382044e+09	4.567320e+08	3.332431e+00	9.424778e+00	7.640218e-01	2.292686e-01	2.900812e-01	0.000000e+00	0.000000e+00	0.000000e+00	4.207857e-04	2.980140e-09	3.264842e-03	1.002330e+06	7.098825e+00	7.776998e+06	
3.500000e-01	2.696794e+09	5.209962e+08	3.719991e+00	9.424778e+00	8.528772e-01	2.292686e-01	2.909194e-01	0.000000e+00	0.000000e+00	0.000000e+00	4.933011e-04	3.398427e-09	3.658523e-03	1.330332e+06	9.164858e+00	9.866284e+06	
4.000000e-01	2.993501e+09	5.794394e+08	4.073088e+00	9.424778e+00	9.338313e-01	2.292686e-01	2.916586e-01	0.000000e+00	0.000000e+00	0.000000e+00	5.631719e-04	3.808435e-09	4.036002e-03	1.685856e+06	1.140055e+01	1.208178e+07	
4.500000e-01	3.273791e+09	7.338621e+08	4.395461e+00	9.424778e+00	1.007741e+00	2.292686e-01	2.973537e-01	0.000000e+00	0.000000e+00	0.000000e+00	6.303488e-04	4.208165e-09	4.397922e-03	2.063630e+06	1.377666e+01	1.439788e+07	
5.000000e-01	3.540220e+09	7.815966e+08	4.691841e+00	9.424778e+00	1.075692e+00	2.292686e-01	2.967069e-01	0.000000e+00	0.000000e+00	0.000000e+00	6.949948e-04	4.642925e-09	4.744628e-03	2.460435e+06	1.643698e+01	1.679703e+07	
5.500000e-01	3.792688e+09	9.309799e+08	4.963207e+00	9.424778e+00	1.137908e+00	2.292686e-01	3.016413e-01	0.000000e+00	0.000000e+00	0.000000e+00	7.570207e-04	5.081029e-09	5.077270e-03	2.871143e+06	1.927075e+01	1.925650e+07	
6.000000e-01	4.033726e+09	1.111831e+09	5.213865e+00	9.424778e+00	1.195376e+00	2.292686e-01	3.062671e-01	0.000000e+00	0.000000e+00	0.000000e+00	8.166456e-04	5.600184e-09	5.396169e-03	3.294125e+06	2.258961e+01	2.176667e+07	
6.500000e-01	4.264345e+09	1.299635e+09	5.445941e+00	9.424778e+00	1.248583e+00	2.292686e-01	3.102993e-01	0.000000e+00	0.000000e+00	0.000000e+00	8.740263e-04	6.201592e-09	5.701985e-03	3.727150e+06	2.644573e+01	2.431523e+07	
7.000000e-01	4.485351e+09	1.493842e+09	5.661187e+00	9.424778e+00	1.297933e+00	2.292686e-01	3.138985e-01	0.000000e+00	0.000000e+00	0.000000e+00	9.292822e-04	6.890583e-09	5.995433e-03	4.168157e+06	3.090668e+01	2.689162e+07	
7.500000e-01	4.697486e+09	1.596779e+09	5.861172e+00	9.424778e+00	1.343783e+00	2.292686e-01	3.155007e-01	0.000000e+00	0.000000e+00	0.000000e+00	9.825236e-04	7.667015e-09	6.277158e-03	4.615391e+06	3.601569e+01	2.948686e+07	
8.000000e-01	4.900937e+09	1.802761e+09	6.046697e+00	9.424778e+00	1.386318e+00	2.292686e-01	3.186977e-01	0.000000e+00	0.000000e+00	0.000000e+00	1.033673e-03	8.491057e-09	6.547993e-03	5.065966e+06	4.161414e+01	3.209130e+07	
8.500000e-01	5.096879e+09	2.013721e+09	6.219718e+00	9.424778e+00	1.425986e+00	2.292686e-01	3.216386e-01	0.000000e+00	0.000000e+00	0.000000e+00	1.083024e-03	9.404976e-09	6.808171e-03	5.520040e+06	4.793603e+01	3.470042e+07	
9.000000e-01	5.285858e+09	2.229293e+09	6.381339e+00	9.424778e+00	1.463041e+00	2.292686e-01	3.243678e-01	0.000000e+00	0.000000e+00	0.000000e+00	1.130653e-03	1.039945e-08	7.058228e-03	5.976469e+06	5.497002e+01	3.730879e+07	
9.500000e-01	5.468373e+09	2.449140e+09	6.532550e+00	9.424778e+00	1.497709e+00	2.292686e-01	3.269181e-01	0.000000e+00	0.000000e+00	0.000000e+00	1.176641e-03	1.146459e-08	7.298667e-03	6.434313e+06	6.269267e+01	3.991183e+07	
1.000000e+00	5.644879e+09	2.850213e+09	6.674241e+00	9.424778e+00	1.530194e+00	2.292686e-01	3.312877e-01	0.000000e+00	0.000000e+00	0.000000e+00	1.221066e-03	1.259022e-08	7.529956e-03	6.892769e+06	7.107027e+01	4.250569e+07	
1.050000e+00	5.816451e+09	3.324416e+09	6.807981e+00	9.424778e+00	1.560856e+00	2.292686e-01	3.361591e-01	0.000000e+00	0.000000e+00	0.000000e+00	1.264268e-03	1.380254e-08	7.752181e-03	7.353553e+06	8.028178e+01	4.509018e+07	
1.100000e+00	5.983676e+09	3.553985e+09	6.934710e+00	9.424778e+00	1.589911e+00	2.292686e-01	3.379142e-01	0.000000e+00	0.000000e+00	0.000000e+00	1.306388e-03	1.511149e-08	7.965771e-03	7.817000e+06	9.042223e+01	4.766459e+07	
1.150000e+00	6.145851e+09	3.786895e+09	7.053840e+00	9.424778e+00	1.617224e+00	2.292686e-01	3.396222e-01	0.000000e+00	0.000000e+00	0.000000e+00	1.347081e-03	1.643658e-08	8.171681e-03	8.278957e+06	1.010168e+02	5.022194e+07	
1.200000e+00	6.303319e+09	4.022913e+09	7.165997e+00	9.424778e+00	1.642938e+00	2.292686e-01	3.412812e-01	0.000000e+00	0.000000e+00	0.000000e+00	1.386425e-03	1.777561e-08	8.370238e-03	8.739078e+06	1.120454e+02	5.276028e+07	
1.250000e+00	6.456392e+09	4.261830e+09	7.271739e+00	9.424778e+00	1.667182e+00	2.292686e-01	3.428915e-01	0.000000e+00	0.000000e+00	0.000000e+00	1.424480e-03	1.912619e-08	8.561754e-03	9.197000e+06	1.234862e+02	5.527804e+07	
1.300000e+00	6.605356e+09	4.566639e+09	7.371572e+00	9.424778e+00	1.690070e+00	2.292686e-01	3.451348e-01	0.000000e+00	0.000000e+00	0.000000e+00	1.461302e-03	2.048597e-08	8.746529e-03	9.652419e+06	1.353171e+02	5.777393e+07	
1.350000e+00	6.750722e+09	4.810564e+09	7.466232e+00	9.424778e+00	1.711773e+00	2.292686e-01	3.465930e-01	0.000000e+00	0.000000e+00	0.000000e+00	1.497037e-03	2.187322e-08	8.924783e-03	1.010608e+07	1.476600e+02	6.024873e+07	
1.400000e+00	6.892447e+09	5.208395e+09	7.555815e+00	9.424778e+00	1.732311e+00	2.292686e-01	3.489610e-01	0.000000e+00	0.000000e+00	0.000000e+00	1.531634e-03	2.326105e-08	9.096888e-03	1.055670e+07	1.603256e+02	6.269982e+07	
1.450000e+00	7.031114e+09	5.456618e+09	7.641092e+00	9.424778e+00	1.751863e+00	2.292686e-01	3.502934e-01	0.000000e+00	0.000000e+00	0.000000e+00	1.565294e-03	2.465800e-08	9.262855e-03	1.100576e+07	1.733732e+02	6.512819e+07	
1.500000e+00	7.166537e+09	5.706966e+09	7.721979e+00	9.424778e+00	1.770407e+00	2.292686e-01	3.515963e-01	0.000000e+00	0.000000e+00	0.000000e+00	1.597898e-03	2.605161e-08	9.423233e-03	1.145139e+07	1.866998e+02	6.753194e+07	
1.550000e+00	7.298907e+09	6.225871e+09	7.798795e+00	9.424778e+00	1.788019e+00	2.292686e-01	3.547916e-01	0.000000e+00	0.000000e+00	0.000000e+00	1.629495e-03	2.744094e-08	9.578253e-03	1.189353e+07	2.002889e+02	6.991078e+07	
1.600000e+00	7.429153e+09	6.756918e+09	7.872627e+00	9.424778e+00	1.804946e+00	2.292686e-01	3.578962e-01	0.000000e+00	0.000000e+00	0.000000e+00	1.660429e-03	2.886346e-08	9.727823e-03	1.233558e+07	2.144311e+02	7.226949e+07	
1.650000e+00	7.557392e+09	7.299131e+09	7.943674e+00	9.424778e+00	1.821235e+00	2.292686e-01	3.609152e-01	0.000000e+00	0.000000e+00	0.000000e+00	1.690719e-03	3.031321e-08	9.872248e-03	1.277743e+07	2.290888e+02	7.460845e+07	
1.700000e+00	7.683735e+09	7.869970e+09	8.012119e+00	9.424778e+00	1.836927e+00	2.292686e-01	3.642185e-01	0.000000e+00	0.000000e+00	0.000000e+00	1.720390e-03	3.178502e-08	1.001181e-02	1.321902e+07	2.442277e+02	7.692808e+07	
1.750000e+00	7.808430e+09	8.126489e+09	8.078282e+00	9.424778e+00	1.852097e+00	2.292686e-01	3.649163e-01	0.000000e+00	0.000000e+00	0.000000e+00	1.749509e-03	3.329006e-08	1.014676e-02	1.366092e+07	2.599431e+02	7.923029e+07	
1.800000e+00	7.930545e+09	8.384714e+09	8.141260e+00	9.424778e+00	1.866535e+00	2.292686e-01	3.656382e-01	0.000000e+00	0.000000e+00	0.000000e+00	1.777717e-03	3.476098e-08	1.027765e-02	1.409826e+07	2.756735e+02	8.150740e+07	
1.850000e+00	8.050232e+09	8.980467e+09	8.201281e+00	9.424778e+00	1.880296e+00	2.292686e-01	3.689270e-01	0.000000e+00	0.000000e+00	0.000000e+00	1.805061e-03	3.620128e-08	1.040461e-02	1.453116e+07	2.914287e+02	8.375954e+07	
1.900000e+00	8.168675e+09	9.240848e+09	8.259610e+00	9.424778e+00	1.893669e+00	2.292686e-01	3.695063e-01	0.000000e+00	0.000000e+00	0.000000e+00	1.831963e-03	3.767714e-08	1.052750e-02	1.496471e+07	3.077723e+02	8.599572e+07	
1.950000e+00	8.284849e+09	9.856774e+09	8.315252e+00	9.424778e+00	1.906426e+00	2.292686e-01	3.729150e-01	0.000000e+00	0.000000e+00	0.000000e+00	1.858037e-03	3.911624e-08	1.064681e-02	1.539356e+07	3.240721e+02	8.820718e+07	
2.000000e+00	8.400048e+09	1.011901e+10	8.369558e+00	9.424778e+00	1.918877e+00	2.292686e-01	3.733485e-01	0.000000e+00	0.000000e+00	0.000000e+00	1.883736e-03	4.059804e-08	1.076239e-02	1.582347e+07	3.410255e+02	9.040460e+07	
2.050000e+00	8.513103e+09	1.047036e+10	8.421398e+00	9.424778e+00	1.930762e+00	2.292686e-01	3.745476e-01	0.000000e+00	0.000000e+00	0.000000e+00	1.908647e-03	4.203615e-08	1.087472e-02	1.624851e+07	3.578581e+02	9.257760e+07	
2.100000e+00	8.624445e+09	1.051587e+10	8.471246e+00	9.424778e+00	1.942191e+00	2.292686e-01	3.736706e-01	0.000000e+00	0.000000e+00	0.000000e+00	1.932920e-03	4.345804e-08	1.098386e-02	1.667036e+07	3.748014e+02	9.472966e+07	
2.150000e+00	8.733285e+09	1.078240e+10	8.518373e+00	9.424778e+00	1.952996e+00	2.292686e-01	3.742249e-01	0.000000e+00	0.000000e+00	0.000000e+00	1.956256e-03	4.481367e-08	1.109007e-02	1.708454e+07	3.913705e+02	9.685276e+07	
2.200000e+00	8.840345e+09	1.105010e+10	8.563535e+00	9.424778e+00	1.963350e+00	2.292686e-01	3.747942e-01	0.000000e+00	0.000000e+00	0.000000e+00	1.978920e-03	4.613832e-08	1.119328e-02	1.749433e+07	4.078787e+02	9.895247e+07	
2.250000e+00	8.945718e+09	1.131890e+10	8.606857e+00	9.424778e+00	1.973282e+00	2.292686e-01	3.753751e-01	0.000000e+00	0.000000e+00	0.000000e+00	2.000935e-03	4.743450e-08	1.129358e-02	1.789980e+07	4.243357e+02	1.010292e+08	
2.300000e+00	9.049490e+09	1.158875e+10	8.648459e+00	9.424778e+00	1.982820e+00	2.292686e-01	3.759643e-01	0.000000e+00	0.000000e+00	0.000000e+00	2.022326e-03	4.870422e-08	1.139107e-02	1.830102e+07	4.407484e+02	1.030834e+08	
2.350000e+00	9.151740e+09	1.258036e+10	8.688447e+00	9.424778e+00	1.991988e+00	2.292686e-01	3.811054e-01	0.000000e+00	0.000000e+00	0.000000e+00	2.043119e-03	4.994913e-08	1.148584e-02	1.869809e+07	4.571215e+02	1.051154e+08	
2.400000e+00	9.254518e+09	1.285032e+10	8.728784e+00	9.424778e+00	2.001236e+00	2.292686e-01	3.814318e-01	0.000000e+00	0.000000e+00	0.000000e+00	2.064015e-03	5.127772e-08	1.157756e-02	1.910146e+07	4.745506e+02	1.071448e+08	
2.450000e+00	9.355728e+09	1.339109e+10	8.767495e+00	9.424778e+00	2.010112e+00	2.292686e-01	3.841295e-01	0.000000e+00	0.000000e+00	0.000000e+00	2.084302e-03	5.256620e-08	1.166690e-02	1.950016e+07	4.917951e+02	1.091523e+08	
2.500000e+00	9.456479e+09	1.402756e+10	8.805645e+00	9.424778e+00	2.018858e+00	2.292686e-01	3.863125e-01	0.000000e+00	0.000000e+00	0.000000e+00	2.104360e-03	5.389062e-08	1.175385e-02	1.989983e+07	5.096155e+02	1.111500e+08	
2.550000e+00	9.556579e+09	1.470786e+10	8.843064e+00	9.424778e+00	2.027437e+00	2.292686e-01	3.901529e-01	0.000000e+00	0.000000e+00	0.000000e+00	2.124155e-03	5.520627e-08	1.183841e-02	2.029966e+07	5.275831e+02	1.131347e+08	
2.600000e+00	9.656800e+09	1.527379e+10	8.880471e+00	9.424778e+00	2.036013e+00	2.292686e-01	3.911048e-01	0.000000e+00	0.000000e+00	0.000000e+00	2.143826e-03	5.660210e-08	1.192070e-02	2.070250e+07	5.465952e+02	1.151158e+08	
2.650000e+00	9.755875e+09	1.554528e+10	8.916709e+00	9.424778e+00	2.044321e+00	2.292686e-01	3.910646e-01	0.000000e+00	0.000000e+00	0.000000e+00	2.163077e-03	5.794176e-08	1.200086e-02	2.110271e+07	5.652726e+02	1.170789e+08	
2.700000e+00	9.853412e+09	1.581781e+10	8.951440e+00	9.424778e+00	2.052284e+00	2.292686e-01	3.910892e-01	0.000000e+00	0.000000e+00	0.000000e+00	2.181773e-03	5.922369e-08	1.207918e-02	2.149791e+07	5.835555e+02	1.190211e+08	
2.750000e+00	9.949506e+09	1.670439e+10	8.984774e+00	9.424778e+00	2.059927e+00	2.292686e-01	3.942403e-01	0.000000e+00	0.000000e+00	0.000000e+00	2.199936e-03	6.045462e-08	1.215568e-02	2.188828e+07	6.014936e+02	1.209430e+08	
2.800000e+00	1.004562e+10	1.752381e+10	9.018046e+00	9.424778e+00	2.067555e+00	2.292686e-01	3.958823e-01	0.000000e+00	0.000000e+00	0.000000e+00	2.218030e-03	6.170198e-08	1.223005e-02	2.228148e+07	6.198345e+02	1.228584e+08	
2.850000e+00	1.014108e+10	1.818839e+10	9.050661e+00	9.424778e+00	2.075033e+00	2.292686e-01	3.979613e-01	0.000000e+00	0.000000e+00	0.000000e+00	2.235832e-03	6.290947e-08	1.230241e-02	2.267375e+07	6.379700e+02	1.247597e+08	
2.900000e+00	1.023613e+10	1.813159e+10	9.082832e+00	9.424778e+00	2.082408e+00	2.292686e-01	3.948284e-01	0.000000e+00	0.000000e+00	0.000000e+00	2.253444e-03	6.411330e-08	1.237305e-02	2.306654e+07	6.562718e+02	1.266520e+08	
2.950000e+00	1.032841e+10	1.840722e+10	9.112498e+00	9.424778e+00	2.089210e+00	2.292686e-01	3.950393e-01	0.000000e+00	0.000000e+00	0.000000e+00	2.270212e-03	6.514747e-08	1.244227e-02	2.344768e+07	6.728698e+02	1.285088e+08	
3.000000e+00	1.041955e+10	1.868362e+10	9.141120e+00	9.424778e+00	2.095772e+00	2.292686e-01	3.952551e-01	0.000000e+00	0.000000e+00	0.000000e+00	2.286506e-03	6.616116e-08	1.250994e-02	2.382437e+07	6.893698e+02	1.303480e+08	
3.050000e+00	1.050960e+10	1.896076e+10	9.168753e+00	9.424778e+00	2.102107e+00	2.292686e-01	3.954785e-01	0.000000e+00	0.000000e+00	0.000000e+00	2.302337e-03	6.715401e-08	1.257609e-02	2.419665e+07	7.057619e+02	1.321697e+08	
3.100000e+00	1.059860e+10	1.923860e+10	9.195452e+00	9.424778e+00	2.108229e+00	2.292686e-01	3.957104e-01	0.000000e+00	0.000000e+00	0.000000e+00	2.317727e-03	6.812609e-08	1.264075e-02	2.456466e+07	7.220412e+02	1.339743e+08	
3.150000e+00	1.068659e+10	1.951710e+10	9.221267e+00	9.424778e+00	2.114147e+00	2.292686e-01	3.959511e-01	0.000000e+00	0.000000e+00	0.000000e+00	2.332694e-03	6.907775e-08	1.270397e-02	2.492855e+07	7.382057e+02	1.357621e+08	
3.200000e+00	1.077362e+10	1.979624e+10	9.246245e+00	9.424778e+00	2.119874e+00	2.292686e-01	3.962004e-01	0.000000e+00	0.000000e+00	0.000000e+00	2.347256e-03	7.000946e-08	1.276577e-02	2.528844e+07	7.542552e+02	1.375335e+08	
3.250000e+00	1.085972e+10	1.978968e+10	9.270432e+00	9.424778e+00	2.125419e+00	2.292686e-01	3.944251e-01	0.000000e+00	0.000000e+00	0.000000e+00	2.361430e-03	7.092178e-08	1.282619e-02	2.564447e+07	7.701906e+02	1.392888e+08	
3.300000e+00	1.094399e+10	2.065716e+10	9.293070e+00	9.424778e+00	2.130609e+00	2.292686e-01	3.977223e-01	0.000000e+00	0.000000e+00	0.000000e+00	2.374955e-03	7.175328e-08	1.288528e-02	2.599148e+07	7.852672e+02	1.410164e+08	
3.350000e+00	1.102885e+10	2.093759e+10	9.316222e+00	9.424778e+00	2.135917e+00	2.292686e-01	3.979620e-01	0.000000e+00	0.000000e+00	0.000000e+00	2.388569e-03	7.263760e-08	1.294286e-02	2.634317e+07	8.011090e+02	1.427449e+08	
3.400000e+00	1.111286e+10	2.121859e+10	9.338671e+00	9.424778e+00	2.141064e+00	2.292686e-01	3.982105e-01	0.000000e+00	0.000000e+00	0.000000e+00	2.401823e-03	7.350358e-08	1.299920e-02	2.669111e+07	8.168347e+02	1.444583e+08	
3.450000e+00	1.119605e+10	2.153007e+10	9.360454e+00	9.424778e+00	2.146058e+00	2.292686e-01	3.985233e-01	0.000000e+00	0.000000e+00	0.000000e+00	2.414736e-03	7.435185e-08	1.305433e-02	2.703550e+07	8.324467e+02	1.461569e+08	
3.500000e+00	1.127848e+10	2.181209e+10	9.381626e+00	9.424778e+00	2.150913e+00	2.292686e-01	3.987841e-01	0.000000e+00	0.000000e+00	0.000000e+00	2.427329e-03	7.518298e-08	1.310825e-02	2.737657e+07	8.479495e+02	1.478411e+08	
3.550000e+00	1.136015e+10	2.209461e+10	9.402198e+00	9.424778e+00	2.155629e+00	2.292686e-01	3.990506e-01	0.000000e+00	0.000000e+00	0.000000e+00	2.439607e-03	7.599756e-08	1.316102e-02	2.771431e+07	8.633438e+02	1.495112e+08	
3.600000e+00	1.144110e+10	2.237759e+10	9.422198e+00	9.424778e+00	2.160214e+00	2.292686e-01	3.993221e-01	0.000000e+00	0.000000e+00	0.000000e+00	2.451585e-03	7.679611e-08	1.321267e-02	2.804882e+07	8.786317e+02	1.511675e+08	
3.650000e+00	1.152134e+10	2.300400e+10	9.441655e+00	9.424778e+00	2.164675e+00	2.292686e-01	4.004529e-01	0.000000e+00	0.000000e+00	0.000000e+00	2.463272e-03	7.757913e-08	1.326323e-02	2.838019e+07	8.938155e+02	1.528102e+08	
3.700000e+00	1.160131e+10	2.328749e+10	9.460926e+00	9.424778e+00	2.169093e+00	2.292686e-01	4.007081e-01	0.000000e+00	0.000000e+00	0.000000e+00	2.474793e-03	7.834985e-08	1.331259e-02	2.871084e+07	9.089608e+02	1.544434e+08	
3.750000e+00	1.168060e+10	2.357142e+10	9.479682e+00	9.424778e+00	2.173393e+00	2.292686e-01	4.009685e-01	0.000000e+00	0.000000e+00	0.000000e+00	2.486037e-03	7.910551e-08	1.336094e-02	2.903841e+07	9.239998e+02	1.560638e+08	
3.800000e+00	1.175924e+10	2.354943e+10	9.497948e+00	9.424778e+00	2.177581e+00	2.292686e-01	3.984807e-01	0.000000e+00	0.000000e+00	0.000000e+00	2.497017e-03	7.984661e-08	1.340830e-02	2.936302e+07	9.389352e+02	1.576714e+08	
3.850000e+00	1.183594e+10	2.424970e+10	9.514698e+00	9.424778e+00	2.181422e+00	2.292686e-01	4.007402e-01	0.000000e+00	0.000000e+00	0.000000e+00	2.507443e-03	8.046744e-08	1.345470e-02	2.967794e+07	9.524076e+02	1.592490e+08	
3.900000e+00	1.191302e+10	2.461292e+10	9.531805e+00	9.424778e+00	2.185344e+00	2.292686e-01	4.012939e-01	0.000000e+00	0.000000e+00	0.000000e+00	2.517905e-03	8.112097e-08	1.350001e-02	2.999585e+07	9.663954e+02	1.608258e+08	
3.950000e+00	1.198965e+10	2.524379e+10	9.548605e+00	9.424778e+00	2.189195e+00	2.292686e-01	4.024321e-01	0.000000e+00	0.000000e+00	0.000000e+00	2.528143e-03	8.177286e-08	1.354436e-02	3.031155e+07	9.804281e+02	1.623922e+08	
4.000000e+00	1.206613e+10	2.552943e+10	9.565334e+00	9.424778e+00	2.193031e+00	2.292686e-01	4.027640e-01	0.000000e+00	0.000000e+00	0.000000e+00	2.538243e-03	8.242237e-08	1.358771e-02	3.062677e+07	9.945193e+02	1.639511e+08	
4.050000e+00	1.214208e+10	2.581540e+10	9.581690e+00	9.424778e+00	2.196781e+00	2.292686e-01	4.030875e-01	0.000000e+00	0.000000e+00	0.000000e+00	2.548113e-03	8.306676e-08	1.363022e-02	3.093940e+07	1.008603e+03	1.654993e+08	
4.100000e+00	1.221751e+10	2.610170e+10	9.597685e+00	9.424778e+00	2.200448e+00	2.292686e-01	4.034039e-01	0.000000e+00	0.000000e+00	0.000000e+00	2.557765e-03	8.370514e-08	1.367191e-02	3.124952e+07	1.022668e+03	1.670367e+08	
4.150000e+00	1.229243e+10	2.691909e+10	9.613333e+00	9.424778e+00	2.204036e+00	2.292686e-01	4.049185e-01	0.000000e+00	0.000000e+00	0.000000e+00	2.567207e-03	8.433678e-08	1.371281e-02	3.155721e+07	1.036704e+03	1.685638e+08	
4.200000e+00	1.236743e+10	2.711350e+10	9.629097e+00	9.424778e+00	2.207650e+00	2.292686e-01	4.068313e-01	0.000000e+00	0.000000e+00	0.000000e+00	2.576593e-03	8.496334e-08	1.375275e-02	3.186583e+07	1.050778e+03	1.700862e+08	
4.250000e+00	1.244270e+10	2.853734e+10	9.645119e+00	9.424778e+00	2.211323e+00	2.292686e-01	4.102053e-01	0.000000e+00	0.000000e+00	0.000000e+00	2.585772e-03	8.569387e-08	1.379208e-02	3.217400e+07	1.066263e+03	1.716107e+08	
4.300000e+00	1.251894e+10	2.887185e+10	9.661934e+00	9.424778e+00	2.215178e+00	2.292686e-01	4.101677e-01	0.000000e+00	0.000000e+00	0.000000e+00	2.595223e-03	8.642899e-08	1.383037e-02	3.248945e+07	1.082000e+03	1.731416e+08	
4.350000e+00	1.259448e+10	2.926851e+10	9.678242e+00	9.424778e+00	2.218917e+00	2.292686e-01	4.102788e-01	0.000000e+00	0.000000e+00	0.000000e+00	2.604468e-03	8.713449e-08	1.386803e-02	3.280191e+07	1.097413e+03	1.746606e+08	
4.400000e+00	1.266940e+10	2.928432e+10	9.694119e+00	9.424778e+00	2.222557e+00	2.292686e-01	4.079558e-01	0.000000e+00	0.000000e+00	0.000000e+00	2.613519e-03	8.781446e-08	1.390504e-02	3.311171e+07	1.112556e+03	1.761685e+08	
4.450000e+00	1.274254e+10	2.998073e+10	9.708683e+00	9.424778e+00	2.225896e+00	2.292686e-01	4.087506e-01	0.000000e+00	0.000000e+00	0.000000e+00	2.622098e-03	8.839129e-08	1.394144e-02	3.341219e+07	1.126330e+03	1.776493e+08	
4.500000e+00	1.281547e+10	3.050808e+10	9.723138e+00	9.424778e+00	2.229210e+00	2.292686e-01	4.093028e-01	0.000000e+00	0.000000e+00	0.000000e+00	2.630533e-03	8.895612e-08	1.397700e-02	3.371152e+07	1.140015e+03	1.791219e+08	
4.550000e+00	1.288808e+10	3.133416e+10	9.737397e+00	9.424778e+00	2.232480e+00	2.292686e-01	4.102799e-01	0.000000e+00	0.000000e+00	0.000000e+00	2.638812e-03	8.951067e-08	1.401187e-02	3.400922e+07	1.153621e+03	1.805861e+08	
4.600000e+00	1.296058e+10	3.225900e+10	9.751624e+00	9.424778e+00	2.235741e+00	2.292686e-01	4.083964e-01	0.000000e+00	0.000000e+00	0.000000e+00	2.646966e-03	9.005453e-08	1.404592e-02	3.430621e+07	1.167159e+03	1.820433e+08	
4.650000e+00	1.303157e+10	3.287047e+10	9.764776e+00	9.424778e+00	2.238757e+00	2.292686e-01	4.078687e-01	0.000000e+00	0.000000e+00	0.000000e+00	2.654792e-03	9.042157e-08	1.407908e-02	3.459613e+07	1.178335e+03	1.834726e+08	
4.700000e+00	1.310177e+10	3.349449e+10	9.777388e+00	9.424778e+00	2.241648e+00	2.292686e-01	4.089306e-01	0.000000e+00	0.000000e+00	0.000000e+00	2.662263e-03	9.075488e-08	1.411141e-02	3.488037e+07	1.189050e+03	1.848845e+08	
4.750000e+00	1.317198e+10	3.489174e+10	9.790060e+00	9.424778e+00	2.244553e+00	2.292686e-01	4.111096e-01	0.000000e+00	0.000000e+00	0.000000e+00	2.669623e-03	9.111343e-08	1.414308e-02	3.516421e+07	1.200144e+03	1.862923e+08	
4.800000e+00	1.324272e+10	3.537157e+10	9.803193e+00	9.424778e+00	2.247565e+00	2.292686e-01	4.120657e-01	0.000000e+00	0.000000e+00	0.000000e+00	2.676968e-03	9.148901e-08	1.417384e-02	3.545034e+07	1.211564e+03	1.877003e+08	
4.850000e+00	1.331340e+10	3.565995e+10	9.816328e+00	9.424778e+00	2.250576e+00	2.292686e-01	4.124463e-01	0.000000e+00	0.000000e+00	0.000000e+00	2.684241e-03	9.188791e-08	1.420416e-02	3.573638e+07	1.223341e+03	1.891056e+08	
4.900000e+00	1.338373e+10	3.646073e+10	9.829255e+00	9.424778e+00	2.253540e+00	2.292686e-01	4.152124e-01	0.000000e+00	0.000000e+00	0.000000e+00	2.691382e-03	9.229783e-08	1.423407e-02	3.602073e+07	1.235289e+03	1.905050e+08	
4.950000e+00	1.345489e+10	3.681876e+10	9.842842e+00	9.424778e+00	2.256655e+00	2.292686e-01	4.122607e-01	0.000000e+00	0.000000e+00	0.000000e+00	2.698705e-03	9.276412e-08	1.426347e-02	3.631078e+07	1.248131e+03	1.919135e+08	
5.000000e+00	1.352405e+10	3.742289e+10	9.855010e+00	9.424778e+00	2.259445e+00	2.292686e-01	4.132903e-01	0.000000e+00	0.000000e+00	0.000000e+00	2.705724e-03	9.304697e-08	1.429247e-02	3.659234e+07	1.258372e+03	1.932921e+08	
5.050000e+00	1.359321e+10	3.771209e+10	9.867240e+00	9.424778e+00	2.262248e+00	2.292686e-01	4.138262e-01	0.000000e+00	0.000000e+00	0.000000e+00	2.712624e-03	9.335342e-08	1.432094e-02	3.687327e+07	1.268973e+03	1.946675e+08	
5.100000e+00	1.366214e+10	3.800141e+10	9.879352e+00	9.424778e+00	2.265025e+00	2.292686e-01	4.142968e-01	0.000000e+00	0.000000e+00	0.000000e+00	2.719391e-03	9.368826e-08	1.434903e-02	3.715270e+07	1.279982e+03	1.960385e+08	
5.150000e+00	1.373081e+10	3.829087e+10	9.891326e+00	9.424778e+00	2.267771e+00	2.292686e-01	4.147177e-01	0.000000e+00	0.000000e+00	0.000000e+00	2.726032e-03	9.404409e-08	1.437677e-02	3.743064e+07	1.291302e+03	1.974048e+08	
5.200000e+00	1.379920e+10	3.926218e+10	9.903151e+00	9.424778e+00	2.270482e+00	2.292686e-01	4.176844e-01	0.000000e+00	0.000000e+00	0.000000e+00	2.732556e-03	9.441563e-08	1.440416e-02	3.770709e+07	1.302860e+03	1.987660e+08	
5.250000e+00	1.386858e+10	3.925577e+10	9.915733e+00	9.424778e+00	2.273366e+00	2.292686e-01	4.169391e-01	0.000000e+00	0.000000e+00	0.000000e+00	2.739267e-03	9.484614e-08	1.443101e-02	3.798973e+07	1.315381e+03	2.001375e+08	
5.300000e+00	1.393707e+10	3.963265e+10	9.927732e+00	9.424778e+00	2.276117e+00	2.292686e-01	4.173272e-01	0.000000e+00	0.000000e+00	0.000000e+00	2.745708e-03	9.526811e-08	1.445758e-02	3.826713e+07	1.327759e+03	2.014964e+08	
5.350000e+00	1.400528e+10	4.045106e+10	9.939568e+00	9.424778e+00	2.278831e+00	2.292686e-01	4.190962e-01	0.000000e+00	0.000000e+00	0.000000e+00	2.752055e-03	9.569187e-08	1.448385e-02	3.854329e+07	1.340191e+03	2.028503e+08	
5.400000e+00	1.407388e+10	4.052299e+10	9.951734e+00	9.424778e+00	2.281620e+00	2.292686e-01	4.189688e-01	0.000000e+00	0.000000e+00	0.000000e+00	2.758507e-03	9.612981e-08	1.450978e-02	3.882289e+07	1.352919e+03	2.042088e+08	
5.450000e+00	1.414192e+10	4.047389e+10	9.963552e+00	9.424778e+00	2.284330e+00	2.292686e-01	4.138222e-01	0.000000e+00	0.000000e+00	0.000000e+00	2.764820e-03	9.656601e-08	1.453550e-02	3.909987e+07	1.365629e+03	2.055599e+08	
5.500000e+00	1.420692e+10	4.132046e+10	9.973278e+00	9.424778e+00	2.286560e+00	2.292686e-01	4.165712e-01	0.000000e+00	0.000000e+00	0.000000e+00	2.770772e-03	9.676477e-08	1.456099e-02	3.936414e+07	1.374730e+03	2.068669e+08	
5.550000e+00	1.427290e+10	4.130073e+10	9.983745e+00	9.424778e+00	2.288959e+00	2.292686e-01	4.157571e-01	0.000000e+00	0.000000e+00	0.000000e+00	2.776843e-03	9.702326e-08	1.458597e-02	3.963360e+07	1.384803e+03	2.081841e+08	
5.600000e+00	1.433804e+10	4.196932e+10	9.993685e+00	9.424778e+00	2.291238e+00	2.292686e-01	4.169655e-01	0.000000e+00	0.000000e+00	0.000000e+00	2.782583e-03	9.727523e-08	1.461063e-02	3.989680e+07	1.394737e+03	2.094878e+08	
5.650000e+00	1.440339e+10	4.336879e+10	1.000382e+01	9.424778e+00	2.293561e+00	2.292686e-01	4.198876e-01	0.000000e+00	0.000000e+00	0.000000e+00	2.788279e-03	9.754937e-08	1.463488e-02	4.016066e+07	1.405041e+03	2.107919e+08	
5.700000e+00	1.446978e+10	4.375935e+10	1.001473e+01	9.424778e+00	2.296063e+00	2.292686e-01	4.204537e-01	0.000000e+00	0.000000e+00	0.000000e+00	2.794151e-03	9.785680e-08	1.465856e-02	4.043076e+07	1.415967e+03	2.121062e+08	
5.750000e+00	1.453602e+10	4.404970e+10	1.002558e+01	9.424778e+00	2.298551e+00	2.292686e-01	4.207880e-01	0.000000e+00	0.000000e+00	0.000000e+00	2.799936e-03	9.818258e-08	1.468201e-02	4.069992e+07	1.427184e+03	2.134179e+08	
5.800000e+00	1.460198e+10	4.429544e+10	1.003629e+01	9.424778e+00	2.301006e+00	2.292686e-01	4.210409e-01	0.000000e+00	0.000000e+00	0.000000e+00	2.805619e-03	9.852194e-08	1.470522e-02	4.096760e+07	1.438616e+03	2.147254e+08	
5.850000e+00	1.466764e+10	4.455693e+10	1.004683e+01	9.424778e+00	2.303423e+00	2.292686e-01	4.210945e-01	0.000000e+00	0.000000e+00	0.000000e+00	2.811205e-03	9.887143e-08	1.472823e-02	4.123375e+07	1.450211e+03	2.160284e+08	
5.900000e+00	1.473290e+10	4.455057e+10	1.005715e+01	9.424778e+00	2.305789e+00	2.292686e-01	4.205078e-01	0.000000e+00	0.000000e+00	0.000000e+00	2.816658e-03	9.922492e-08	1.475099e-02	4.149755e+07	1.461871e+03	2.173248e+08	
5.950000e+00	1.479745e+10	4.563831e+10	1.006703e+01	9.424778e+00	2.308053e+00	2.292686e-01	4.216706e-01	0.000000e+00	0.000000e+00	0.000000e+00	2.821906e-03	9.957707e-08	1.477352e-02	4.175701e+07	1.473486e+03	2.186104e+08	
6.000000e+00	1.486218e+10	4.634892e+10	1.007708e+01	9.424778e+00	2.310358e+00	2.292686e-01	4.228898e-01	0.000000e+00	0.000000e+00	0.000000e+00	2.827115e-03	9.993012e-08	1.479559e-02	4.201710e+07	1.485180e+03	2.198947e+08	
6.050000e+00	1.492712e+10	4.644291e+10	1.008732e+01	9.424778e+00	2.312706e+00	2.292686e-01	4.228695e-01	0.000000e+00	0.000000e+00	0.000000e+00	2.832370e-03	1.002894e-07	1.481738e-02	4.227914e+07	1.497032e+03	2.211809e+08	
6.100000e+00	1.499164e+10	4.803374e+10	1.009732e+01	9.424778e+00	2.314998e+00	2.292686e-01	4.257222e-01	0.000000e+00	0.000000e+00	0.000000e+00	2.837534e-03	1.006508e-07	1.483904e-02	4.253930e+07	1.508921e+03	2.224615e+08	
6.150000e+00	1.505720e+10	4.865540e+10	1.010806e+01	9.424778e+00	2.317460e+00	2.292686e-01	4.261450e-01	0.000000e+00	0.000000e+00	0.000000e+00	2.842905e-03	1.010254e-07	1.486020e-02	4.280618e+07	1.521159e+03	2.237529e+08	
6.200000e+00	1.512254e+10	4.895133e+10	1.011869e+01	9.424778e+00	2.319897e+00	2.292686e-01	4.262148e-01	0.000000e+00	0.000000e+00	0.000000e+00	2.848185e-03	1.013968e-07	1.488109e-02	4.307177e+07	1.533376e+03	2.250398e+08	
6.250000e+00	1.518748e+10	4.924187e+10	1.012910e+01	9.424778e+00	2.322284e+00	2.292686e-01	4.263225e-01	0.000000e+00	0.000000e+00	0.000000e+00	2.853368e-03	1.017661e-07	1.490181e-02	4.333547e+07	1.545571e+03	2.263209e+08	
6.300000e+00	1.525206e+10	5.000163e+10	1.013930e+01	9.424778e+00	2.324624e+00	2.292686e-01	4.296578e-01	0.000000e+00	0.000000e+00	0.000000e+00	2.858470e-03	1.021329e-07	1.492239e-02	4.359757e+07	1.557737e+03	2.275972e+08	
6.350000e+00	1.531793e+10	5.059580e+10	1.015040e+01	9.424778e+00	2.327167e+00	2.292686e-01	4.298315e-01	0.000000e+00	0.000000e+00	0.000000e+00	2.863811e-03	1.025837e-07	1.494267e-02	4.386766e+07	1.571370e+03	2.288907e+08	
6.400000e+00	1.538344e+10	5.062588e+10	1.016129e+01	9.424778e+00	2.329665e+00	2.292686e-01	4.280130e-01	0.000000e+00	0.000000e+00	0.000000e+00	2.869062e-03	1.030176e-07	1.496276e-02	4.413604e+07	1.584765e+03	2.301787e+08	
6.450000e+00	1.544759e+10	5.137057e+10	1.017132e+01	9.424778e+00	2.331965e+00	2.292686e-01	4.299679e-01	0.000000e+00	0.000000e+00	0.000000e+00	2.873950e-03	1.034103e-07	1.498264e-02	4.439559e+07	1.597440e+03	2.314456e+08	
6.500000e+00	1.551233e+10	5.128626e+10	1.018178e+01	9.424778e+00	2.334363e+00	2.292686e-01	4.288815e-01	0.000000e+00	0.000000e+00	0.000000e+00	2.879014e-03	1.038249e-07	1.500231e-02	4.466020e+07	1.610566e+03	2.327207e+08	
6.550000e+00	1.557610e+10	5.165110e+10	1.019164e+01	9.424778e+00	2.336623e+00	2.292686e-01	4.246315e-01	0.000000e+00	0.000000e+00	0.000000e+00	2.883865e-03	1.042166e-07	1.502192e-02	4.491936e+07	1.623288e+03	2.339830e+08	
6.600000e+00	1.563731e+10	5.200890e+10	1.019986e+01	9.424778e+00	2.338509e+00	2.292686e-01	4.252047e-01	0.000000e+00	0.000000e+00	0.000000e+00	2.888404e-03	1.043999e-07	1.504132e-02	4.516687e+07	1.632533e+03	2.352058e+08	
6.650000e+00	1.569848e+10	5.257142e+10	1.020811e+01	9.424778e+00	2.340400e+00	2.292686e-01	4.269227e-01	0.000000e+00	0.000000e+00	0.000000e+00	2.892858e-03	1.046034e-07	1.506047e-02	4.541348e+07	1.642114e+03	2.364265e+08	
6.700000e+00	1.576020e+10	5.229150e+10	1.021676e+01	9.424778e+00	2.342382e+00	2.292686e-01	4.223741e-01	0.000000e+00	0.000000e+00	0.000000e+00	2.897420e-03	1.048376e-07	1.507943e-02	4.566391e+07	1.652261e+03	2.376547e+08	
6.750000e+00	1.581924e+10	5.312072e+10	1.022372e+01	9.424778e+00	2.343979e+00	2.292686e-01	4.240479e-01	0.000000e+00	0.000000e+00	0.000000e+00	2.901643e-03	1.048959e-07	1.509828e-02	4.590180e+07	1.659375e+03	2.388434e+08	
6.800000e+00	1.587887e+10	5.383213e+10	1.023111e+01	9.424778e+00	2.345673e+00	2.292686e-01	4.251481e-01	0.000000e+00	0.000000e+00	0.000000e+00	2.905858e-03	1.049965e-07	1.511675e-02	4.614173e+07	1.667225e+03	2.400369e+08	
6.850000e+00	1.593875e+10	5.460148e+10	1.023872e+01	9.424778e+00	2.347417e+00	2.292686e-01	4.263357e-01	0.000000e+00	0.000000e+00	0.000000e+00	2.910015e-03	1.051295e-07	1.513494e-02	4.638201e+07	1.675633e+03	2.412320e+08	
6.900000e+00	1.599894e+10	5.499659e+10	1.024656e+01	9.424778e+00	2.349216e+00	2.292686e-01	4.074522e-01	0.000000e+00	0.000000e+00	0.000000e+00	2.914152e-03	1.052967e-07	1.515285e-02	4.662334e+07	1.684635e+03	2.424295e+08	
6.950000e+00	1.604914e+10	5.529543e+10	1.024808e+01	9.424778e+00	2.349563e+00	2.292686e-01	4.167744e-01	0.000000e+00	0.000000e+00	0.000000e+00	2.877571e-03	1.054700e-07	1.516414e-02	4.618255e+07	1.692703e+03	2.433713e+08	
7.000000e+00	1.610405e+10	5.604779e+10	1.025267e+01	9.424778e+00	2.350616e+00	2.292686e-01	4.225974e-01	0.000000e+00	0.000000e+00	0.000000e+00	2.883152e-03	1.055220e-07	1.518175e-02	4.643043e+07	1.699332e+03	2.444877e+08	
7.050000e+00	1.616177e+10	5.680553e+10	1.025911e+01	9.424778e+00	2.352092e+00	2.292686e-01	4.270348e-01	0.000000e+00	0.000000e+00	0.000000e+00	2.888729e-03	1.055634e-07	1.519894e-02	4.668696e+07	1.706091e+03	2.456417e+08	
7.100000e+00	1.622149e+10	5.720928e+10	1.026687e+01	9.424778e+00	2.353871e+00	2.292686e-01	4.285734e-01	0.000000e+00	0.000000e+00	0.000000e+00	2.894371e-03	1.056566e-07	1.521582e-02	4.695102e+07	1.713908e+03	2.468234e+08	
7.150000e+00	1.628170e+10	5.750238e+10	1.027498e+01	9.424778e+00	2.355730e+00	2.292686e-01	4.294863e-01	0.000000e+00	0.000000e+00	0.000000e+00	2.899863e-03	1.057761e-07	1.523257e-02	4.721471e+07	1.722215e+03	2.480122e+08	
7.200000e+00	1.634205e+10	5.861997e+10	1.028321e+01	9.424778e+00	2.357618e+00	2.292686e-01	4.310445e-01	0.000000e+00	0.000000e+00	0.000000e+00	2.905205e-03	1.059354e-07	1.524920e-02	4.747701e+07	1.731201e+03	2.492032e+08	
7.250000e+00	1.640288e+10	6.006953e+10	1.029178e+01	9.424778e+00	2.359583e+00	2.292686e-01	4.328148e-01	0.000000e+00	0.000000e+00	0.000000e+00	2.910462e-03	1.061198e-07	1.526559e-02	4.773995e+07	1.740670e+03	2.503997e+08	
7.300000e+00	1.646427e+10	6.125857e+10	1.030075e+01	9.424778e+00	2.361638e+00	2.292686e-01	4.362833e-01	0.000000e+00	0.000000e+00	0.000000e+00	2.915663e-03	1.063205e-07	1.528168e-02	4.800427e+07	1.750490e+03	2.516017e+08	
7.350000e+00	1.652709e+10	6.154911e+10	1.031063e+01	9.424778e+00	2.363905e+00	2.292686e-01	4.364217e-01	0.000000e+00	0.000000e+00	0.000000e+00	2.921062e-03	1.065899e-07	1.529753e-02	4.827665e+07	1.761622e+03	2.528237e+08	
7.400000e+00	1.658959e+10	6.193140e+10	1.032035e+01	9.424778e+00	2.366132e+00	2.292686e-01	4.366175e-01	0.000000e+00	0.000000e+00	0.000000e+00	2.926336e-03	1.068720e-07	1.531339e-02	4.854672e+07	1.772963e+03	2.540429e+08	
7.450000e+00	1.665181e+10	6.273791e+10	1.032991e+01	9.424778e+00	2.368325e+00	2.292686e-01	4.383045e-01	0.000000e+00	0.000000e+00	0.000000e+00	2.931503e-03	1.071620e-07	1.532924e-02	4.881483e+07	1.784440e+03	2.552596e+08	
7.500000e+00	1.671452e+10	6.348025e+10	1.033981e+01	9.424778e+00	2.370594e+00	2.292686e-01	4.397704e-01	0.000000e+00	0.000000e+00	0.000000e+00	2.936754e-03	1.074741e-07	1.534500e-02	4.908643e+07	1.796378e+03	2.564842e+08	
7.550000e+00	1.677759e+10	6.377020e+10	1.034996e+01	9.424778e+00	2.372921e+00	2.292686e-01	4.397051e-01	0.000000e+00	0.000000e+00	0.000000e+00	2.942073e-03	1.078012e-07	1.536070e-02	4.936091e+07	1.808645e+03	2.577155e+08	
7.600000e+00	1.684024e+10	6.424115e+10	1.035987e+01	9.424778e+00	2.375192e+00	2.292686e-01	4.408215e-01	0.000000e+00	0.000000e+00	0.000000e+00	2.947275e-03	1.081255e-07	1.537642e-02	4.963281e+07	1.820860e+03	2.589425e+08	
7.650000e+00	1.690306e+10	6.511499e+10	1.036991e+01	9.424778e+00	2.377495e+00	2.292686e-01	4.412054e-01	0.000000e+00	0.000000e+00	0.000000e+00	2.952525e-03	1.084626e-07	1.539210e-02	4.990673e+07	1.833350e+03	2.601736e+08	
7.700000e+00	1.696570e+10	6.511916e+10	1.037986e+01	9.424778e+00	2.379776e+00	2.292686e-01	4.406757e-01	0.000000e+00	0.000000e+00	0.000000e+00	2.957670e-03	1.087911e-07	1.540767e-02	5.017893e+07	1.845718e+03	2.614018e+08	
7.750000e+00	1.702766e+10	6.530686e+10	1.038942e+01	9.424778e+00	2.381968e+00	2.292686e-01	4.401865e-01	0.000000e+00	0.000000e+00	0.000000e+00	2.962665e-03	1.091140e-07	1.542326e-02	5.044726e+07	1.857956e+03	2.626221e+08	
7.800000e+00	1.708899e+10	6.552680e+10	1.039863e+01	9.424778e+00	2.384078e+00	2.292686e-01	4.396207e-01	0.000000e+00	0.000000e+00	0.000000e+00	2.967494e-03	1.094296e-07	1.543879e-02	5.071148e+07	1.870042e+03	2.638335e+08	
7.850000e+00	1.714967e+10	6.670604e+10	1.040746e+01	9.424778e+00	2.386103e+00	2.292686e-01	4.402378e-01	0.000000e+00	0.000000e+00	0.000000e+00	2.972144e-03	1.097372e-07	1.545425e-02	5.097129e+07	1.881958e+03	2.650352e+08	
7.900000e+00	1.721032e+10	6.784385e+10	1.041630e+01	9.424778e+00	2.388130e+00	2.292686e-01	4.416329e-01	0.000000e+00	0.000000e+00	0.000000e+00	2.976706e-03	1.100356e-07	1.546946e-02	5.123006e+07	1.893748e+03	2.662343e+08	
7.950000e+00	1.727135e+10	6.826004e+10	1.042540e+01	9.424778e+00	2.390216e+00	2.292686e-01	4.415115e-01	0.000000e+00	0.000000e+00	0.000000e+00	2.981329e-03	1.103299e-07	1.548456e-02	5.149156e+07	1.905545e+03	2.674391e+08	
8.000000e+00	1.733195e+10	6.993505e+10	1.043426e+01	9.424778e+00	2.392249e+00	2.292686e-01	4.438695e-01	0.000000e+00	0.000000e+00	0.000000e+00	2.985835e-03	1.106174e-07	1.549958e-02	5.175035e+07	1.917214e+03	2.686379e+08	
8.050000e+00	1.739344e+10	7.103999e+10	1.044369e+01	9.424778e+00	2.394410e+00	2.292686e-01	4.443076e-01	0.000000e+00	0.000000e+00	0.000000e+00	2.990426e-03	1.109223e-07	1.551417e-02	5.201378e+07	1.929320e+03	2.698447e+08	
8.100000e+00	1.745478e+10	7.196847e+10	1.045305e+01	9.424778e+00	2.396556e+00	2.292686e-01	4.446290e-01	0.000000e+00	0.000000e+00	0.000000e+00	2.994925e-03	1.112154e-07	1.552861e-02	5.227575e+07	1.941241e+03	2.710484e+08	
8.150000e+00	1.751593e+10	7.380460e+10	1.046231e+01	9.424778e+00	2.398680e+00	2.292686e-01	4.465478e-01	0.000000e+00	0.000000e+00	0.000000e+00	2.999340e-03	1.114983e-07	1.554293e-02	5.253621e+07	1.952996e+03	2.722489e+08	
8.200000e+00	1.757771e+10	7.409448e+10	1.047198e+01	9.424778e+00	2.400897e+00	2.292686e-01	4.463663e-01	0.000000e+00	0.000000e+00	0.000000e+00	3.003837e-03	1.117750e-07	1.555710e-02	5.280059e+07	1.964749e+03	2.734582e+08	
8.250000e+00	1.763902e+10	7.497792e+10	1.048139e+01	9.424778e+00	2.403054e+00	2.292686e-01	4.486277e-01	0.000000e+00	0.000000e+00	0.000000e+00	3.008248e-03	1.120449e-07	1.557132e-02	5.306255e+07	1.976363e+03	2.746628e+08	
8.300000e+00	1.770115e+10	7.562428e+10	1.049131e+01	9.424778e+00	2.405327e+00	2.292686e-01	4.486258e-01	0.000000e+00	0.000000e+00	0.000000e+00	3.012868e-03	1.123367e-07	1.558550e-02	5.333123e+07	1.988488e+03	2.758813e+08	
8.350000e+00	1.776289e+10	7.562311e+10	1.050101e+01	9.424778e+00	2.407551e+00	2.292686e-01	4.479868e-01	0.000000e+00	0.000000e+00	0.000000e+00	3.017390e-03	1.126177e-07	1.559966e-02	5.359758e+07	2.000416e+03	2.770951e+08	
8.400000e+00	1.782392e+10	7.568031e+10	1.051031e+01	9.424778e+00	2.409683e+00	2.292686e-01	4.533207e-01	0.000000e+00	0.000000e+00	0.000000e+00	3.021784e-03	1.128907e-07	1.561388e-02	5.386004e+07	2.012156e+03	2.783005e+08	
8.450000e+00	1.788739e+10	7.678939e+10	1.052106e+01	9.424778e+00	2.412149e+00	2.292686e-01	4.531524e-01	0.000000e+00	0.000000e+00	0.000000e+00	3.026244e-03	1.133833e-07	1.562773e-02	5.413160e+07	2.028131e+03	2.795392e+08	
8.500000e+00	1.795035e+10	7.733562e+10	1.053153e+01	9.424778e+00	2.414550e+00	2.292686e-01	4.525188e-01	0.000000e+00	0.000000e+00	0.000000e+00	3.030670e-03	1.138345e-07	1.564156e-02	5.440158e+07	2.043368e+03	2.807714e+08	
8.550000e+00	1.801257e+10	7.811415e+10	1.054158e+01	9.424778e+00	2.416855e+00	2.292686e-01	4.521979e-01	0.000000e+00	0.000000e+00	0.000000e+00	3.035028e-03	1.142517e-07	1.565546e-02	5.466865e+07	2.057966e+03	2.819950e+08	
8.600000e+00	1.807423e+10	7.879114e+10	1.055133e+01	9.424778e+00	2.419088e+00	2.292686e-01	4.532948e-01	0.000000e+00	0.000000e+00	0.000000e+00	3.039319e-03	1.146284e-07	1.566937e-02	5.493334e+07	2.071820e+03	2.832117e+08	
8.650000e+00	1.813609e+10	7.959465e+10	1.056120e+01	9.424778e+00	2.421352e+00	2.292686e-01	4.535342e-01	0.000000e+00	0.000000e+00	0.000000e+00	3.043735e-03	1.149963e-07	1.568331e-02	5.520144e+07	2.085584e+03	2.844339e+08	
8.700000e+00	1.819769e+10	8.085067e+10	1.057094e+01	9.424778e+00	2.423585e+00	2.292686e-01	4.538434e-01	0.000000e+00	0.000000e+00	0.000000e+00	3.048136e-03	1.153366e-07	1.569724e-02	5.546905e+07	2.098861e+03	2.856536e+08	
8.750000e+00	1.825908e+10	8.351013e+10	1.058057e+01	9.424778e+00	2.425793e+00	2.292686e-01	4.553572e-01	0.000000e+00	0.000000e+00	0.000000e+00	3.052476e-03	1.156504e-07	1.571108e-02	5.573541e+07	2.111671e+03	2.868699e+08	
8.800000e+00	1.832090e+10	8.484341e+10	1.059047e+01	9.424778e+00	2.428062e+00	2.292686e-01	4.557048e-01	0.000000e+00	0.000000e+00	0.000000e+00	3.056781e-03	1.159358e-07	1.572456e-02	5.600298e+07	2.124048e+03	2.880881e+08	
8.850000e+00	1.838252e+10	8.659837e+10	1.060027e+01	9.424778e+00	2.430308e+00	2.292686e-01	4.567075e-01	0.000000e+00	0.000000e+00	0.000000e+00	3.061016e-03	1.162013e-07	1.573795e-02	5.626919e+07	2.136073e+03	2.893032e+08	
8.900000e+00	1.844429e+10	8.895402e+10	1.061016e+01	9.424778e+00	2.432578e+00	2.292686e-01	4.583955e-01	0.000000e+00	0.000000e+00	0.000000e+00	3.065227e-03	1.164484e-07	1.575116e-02	5.653594e+07	2.147808e+03	2.905190e+08	
8.950000e+00	1.850658e+10	8.942995e+10	1.062037e+01	9.424778e+00	2.434918e+00	2.292686e-01	4.590068e-01	0.000000e+00	0.000000e+00	0.000000e+00	3.069466e-03	1.166779e-07	1.576414e-02	5.680530e+07	2.159309e+03	2.917403e+08	
9.000000e+00	1.856879e+10	9.018854e+10	1.063055e+01	9.424778e+00	2.437252e+00	2.292686e-01	4.589224e-01	0.000000e+00	0.000000e+00	0.000000e+00	3.073750e-03	1.169063e-07	1.577720e-02	5.707583e+07	2.170809e+03	2.929635e+08	
9.050000e+00	1.863057e+10	8.919701e+10	1.064049e+01	9.424778e+00	2.439531e+00	2.292686e-01	4.568814e-01	0.000000e+00	0.000000e+00	0.000000e+00	3.077951e-03	1.171229e-07	1.579028e-02	5.734398e+07	2.182066e+03	2.941820e+08	
9.100000e+00	1.869088e+10	8.919554e+10	1.064961e+01	9.424778e+00	2.441622e+00	2.292686e-01	4.562061e-01	0.000000e+00	0.000000e+00	0.000000e+00	3.081930e-03	1.173290e-07	1.580354e-02	5.760398e+07	2.192983e+03	2.953822e+08	
9.150000e+00	1.875048e+10	9.144853e+10	1.065834e+01	9.424778e+00	2.443624e+00	2.292686e-01	4.571766e-01	0.000000e+00	0.000000e+00	0.000000e+00	3.085805e-03	1.175284e-07	1.581687e-02	5.786032e+07	2.203713e+03	2.965738e+08	
9.200000e+00	1.881026e+10	9.158736e+10	1.066719e+01	9.424778e+00	2.445653e+00	2.292686e-01	4.564596e-01	0.000000e+00	0.000000e+00	0.000000e+00	3.089594e-03	1.177151e-07	1.582984e-02	5.811606e+07	2.214251e+03	2.977634e+08	
9.250000e+00	1.886931e+10	9.240650e+10	1.067565e+01	9.424778e+00	2.447592e+00	2.292686e-01	4.566203e-01	0.000000e+00	0.000000e+00	0.000000e+00	3.093252e-03	1.178957e-07	1.584280e-02	5.836752e+07	2.224611e+03	2.989427e+08	
9.300000e+00	1.892812e+10	9.205386e+10	1.068399e+01	9.424778e+00	2.449504e+00	2.292686e-01	4.540303e-01	0.000000e+00	0.000000e+00	0.000000e+00	3.096852e-03	1.180697e-07	1.585570e-02	5.861759e+07	2.234837e+03	3.001187e+08	
9.350000e+00	1.898523e+10	9.287786e+10	1.069139e+01	9.424778e+00	2.451201e+00	2.292686e-01	4.543479e-01	0.000000e+00	0.000000e+00	0.000000e+00	3.100149e-03	1.181956e-07	1.586861e-02	5.885705e+07	2.243970e+03	3.012692e+08	
9.400000e+00	1.904222e+10	9.318078e+10	1.069875e+01	9.424778e+00	2.452887e+00	2.292686e-01	4.541023e-01	0.000000e+00	0.000000e+00	0.000000e+00	3.103406e-03	1.183214e-07	1.588142e-02	5.909573e+07	2.253102e+03	3.024175e+08	
9.450000e+00	1.909879e+10	9.435593e+10	1.070589e+01	9.424778e+00	2.454526e+00	2.292686e-01	4.548421e-01	0.000000e+00	0.000000e+00	0.000000e+00	3.106587e-03	1.184481e-07	1.589420e-02	5.933206e+07	2.262215e+03	3.035600e+08	
9.500000e+00	1.915549e+10	9.459626e+10	1.071313e+01	9.424778e+00	2.456185e+00	2.292686e-01	4.552318e-01	0.000000e+00	0.000000e+00	0.000000e+00	3.109762e-03	1.185742e-07	1.590685e-02	5.956901e+07	2.271346e+03	3.047034e+08	
9.550000e+00	1.921211e+10	9.474328e+10	1.072035e+01	9.424778e+00	2.457840e+00	2.292686e-01	4.539344e-01	0.000000e+00	0.000000e+00	0.000000e+00	3.112965e-03	1.187040e-07	1.591949e-02	5.980662e+07	2.280554e+03	3.058470e+08	
9.600000e+00	1.926775e+10	9.628155e+10	1.072705e+01	9.424778e+00	2.459375e+00	2.292686e-01	4.535183e-01	0.000000e+00	0.000000e+00	0.000000e+00	3.115954e-03	1.188182e-07	1.593203e-02	6.003744e+07	2.289359e+03	3.069744e+08	
9.650000e+00	1.932292e+10	9.657486e+10	1.073350e+01	9.424778e+00	2.460855e+00	2.292686e-01	4.534692e-01	0.000000e+00	0.000000e+00	0.000000e+00	3.118707e-03	1.189206e-07	1.594416e-02	6.026252e+07	2.297894e+03	3.080876e+08	
9.700000e+00	1.937780e+10	9.818413e+10	1.073983e+01	9.424778e+00	2.462306e+00	2.292686e-01	4.543215e-01	0.000000e+00	0.000000e+00	0.000000e+00	3.121429e-03	1.190267e-07	1.595627e-02	6.048643e+07	2.306476e+03	3.091974e+08	
9.750000e+00	1.943290e+10	9.895014e+10	1.074630e+01	9.424778e+00	2.463789e+00	2.292686e-01	4.545746e-01	0.000000e+00	0.000000e+00	0.000000e+00	3.124110e-03	1.191306e-07	1.596808e-02	6.071051e+07	2.315054e+03	3.103061e+08	
9.800000e+00	1.948789e+10	1.021803e+11	1.075273e+01	9.424778e+00	2.465264e+00	2.292686e-01	4.595685e-01	0.000000e+00	0.000000e+00	0.000000e+00	3.126755e-03	1.192359e-07	1.597978e-02	6.093385e+07	2.323655e+03	3.114122e+08	
9.850000e+00	1.954531e+10	1.052332e+11	1.076053e+01	9.424778e+00	2.467051e+00	2.292686e-01	4.585781e-01	0.000000e+00	0.000000e+00	0.000000e+00	3.129646e-03	1.194081e-07	1.599088e-02	6.116989e+07	2.333869e+03	3.125465e+08	
9.900000e+00	1.960189e+10	1.089920e+11	1.076788e+01	9.424778e+00	2.468738e+00	2.292686e-01	4.601881e-01	0.000000e+00	0.000000e+00	0.000000e+00	3.132302e-03	1.194602e-07	1.600141e-02	6.139905e+07	2.341646e+03	3.136578e+08	
9.950000e+00	1.965906e+10	1.113775e+11	1.077558e+01	9.424778e+00	2.470502e+00	2.292686e-01	4.616503e-01	0.000000e+00	0.000000e+00	0.000000e+00	3.134816e-03	1.194884e-07	1.601120e-02	6.162755e+07	2.349030e+03	3.147652e+08	
1.000000e+01	1.971673e+10	1.133965e+11	1.078356e+01	9.424778e+00	2.472333e+00	2.292686e-01	4.611114e-01	0.000000e+00	0.000000e+00	0.000000e+00	3.137317e-03	1.195208e-07	1.602071e-02	6.185761e+07	2.356559e+03	3.158760e+08	
1.005000e+01	1.977379e+10	1.142422e+11	1.079124e+01	9.424778e+00	2.474092e+00	2.292686e-01	4.612964e-01	0.000000e+00	0.000000e+00	0.000000e+00	3.139588e-03	1.195150e-07	1.602983e-02	6.208157e+07	2.363265e+03	3.169704e+08	
1.010000e+01	1.983066e+10	1.152255e+11	1.079882e+01	9.424778e+00	2.475832e+00	2.292686e-01	4.617799e-01	0.000000e+00	0.000000e+00	0.000000e+00	3.141822e-03	1.195200e-07	1.603895e-02	6.230441e+07	2.370161e+03	3.180630e+08	
1.015000e+01	1.988750e+10	1.181163e+11	1.080641e+01	9.424778e+00	2.477571e+00	2.292686e-01	4.637731e-01	0.000000e+00	0.000000e+00	0.000000e+00	3.144054e-03	1.195339e-07	1.604809e-02	6.252739e+07	2.377231e+03	3.191565e+08	
1.020000e+01	1.994513e+10	1.208904e+11	1.081444e+01	9.424778e+00	2.479412e+00	2.292686e-01	4.659604e-01	0.000000e+00	0.000000e+00	0.000000e+00	3.146302e-03	1.195489e-07	1.605685e-02	6.275339e+07	2.384419e+03	3.202559e+08	
1.025000e+01	2.000363e+10	1.225418e+11	1.082296e+01	9.424778e+00	2.481366e+00	2.292686e-01	4.669074e-01	0.000000e+00	0.000000e+00	0.000000e+00	3.148611e-03	1.195656e-07	1.606530e-02	6.298365e+07	2.391746e+03	3.213642e+08	
1.030000e+01	2.006232e+10	1.241797e+11	1.083160e+01	9.424778e+00	2.483345e+00	2.292686e-01	4.679444e-01	0.000000e+00	0.000000e+00	0.000000e+00	3.150911e-03	1.195857e-07	1.607362e-02	6.321457e+07	2.399166e+03	3.224740e+08	
1.035000e+01	2.012124e+10	1.241237e+11	1.084037e+01	9.424778e+00	2.485356e+00	2.292686e-01	4.676319e-01	0.000000e+00	0.000000e+00	0.000000e+00	3.153205e-03	1.196080e-07	1.608177e-02	6.344639e+07	2.406661e+03	3.235852e+08	
1.040000e+01	2.017966e+10	1.239067e+11	1.084888e+01	9.424778e+00	2.487307e+00	2.292686e-01	4.673045e-01	0.000000e+00	0.000000e+00	0.000000e+00	3.155500e-03	1.196390e-07	1.609019e-02	6.367690e+07	2.414274e+03	3.246945e+08	
1.045000e+01	2.023757e+10	1.258908e+11	1.085713e+01	9.424778e+00	2.489200e+00	2.292686e-01	4.687773e-01	0.000000e+00	0.000000e+00	0.000000e+00	3.157803e-03	1.196789e-07	1.609888e-02	6.390626e+07	2.422010e+03	3.258021e+08	
1.050000e+01	2.029597e+10	1.259698e+11	1.086566e+01	9.424778e+00	2.491155e+00	2.292686e-01	4.681941e-01	0.000000e+00	0.000000e+00	0.000000e+00	3.160167e-03	1.197238e-07	1.610740e-02	6.413866e+07	2.429911e+03	3.269153e+08	
1.055000e+01	2.035373e+10	1.257276e+11	1.087386e+01	9.424778e+00	2.493035e+00	2.292686e-01	4.676930e-01	0.000000e+00	0.000000e+00	0.000000e+00	3.162466e-03	1.197743e-07	1.611604e-02	6.436799e+07	2.437855e+03	3.280217e+08	
1.060000e+01	2.041091e+10	1.260750e+11	1.088176e+01	9.424778e+00	2.494846e+00	2.292686e-01	4.675721e-01	0.000000e+00	0.000000e+00	0.000000e+00	3.164756e-03	1.198318e-07	1.612494e-02	6.459555e+07	2.445876e+03	3.291247e+08	
1.065000e+01	2.046772e+10	1.270362e+11	1.088948e+01	9.424778e+00	2.496615e+00	2.292686e-01	4.686292e-01	0.000000e+00	0.000000e+00	0.000000e+00	3.167028e-03	1.198937e-07	1.613393e-02	6.482183e+07	2.453950e+03	3.302248e+08	
1.070000e+01	2.052481e+10	1.273937e+11	1.089736e+01	9.424778e+00	2.498422e+00	2.292686e-01	4.698821e-01	0.000000e+00	0.000000e+00	0.000000e+00	3.169393e-03	1.199598e-07	1.614296e-02	6.505119e+07	2.462152e+03	3.313311e+08	
1.075000e+01	2.058228e+10	1.275820e+11	1.090546e+01	9.424778e+00	2.500279e+00	2.292686e-01	4.699113e-01	0.000000e+00	0.000000e+00	0.000000e+00	3.171902e-03	1.200513e-07	1.615207e-02	6.528498e+07	2.470929e+03	3.324464e+08	
1.080000e+01	2.063946e+10	1.278713e+11	1.091341e+01	9.424778e+00	2.502103e+00	2.292686e-01	4.696909e-01	0.000000e+00	0.000000e+00	0.000000e+00	3.174427e-03	1.201451e-07	1.616131e-02	6.551846e+07	2.479730e+03	3.335607e+08	
1.085000e+01	2.069622e+10	1.278006e+11	1.092116e+01	9.424778e+00	2.503880e+00	2.292686e-01	4.683635e-01	0.000000e+00	0.000000e+00	0.000000e+00	3.176928e-03	1.202400e-07	1.617068e-02	6.575041e+07	2.488514e+03	3.346720e+08	
1.090000e+01	2.075196e+10	1.281213e+11	1.092839e+01	9.424778e+00	2.505536e+00	2.292686e-01	4.678539e-01	0.000000e+00	0.000000e+00	0.000000e+00	3.179278e-03	1.203220e-07	1.618015e-02	6.597626e+07	2.496917e+03	3.357698e+08	
1.095000e+01	2.080715e+10	1.294171e+11	1.093533e+01	9.424778e+00	2.507129e+00	2.292686e-01	4.800040e-01	0.000000e+00	0.000000e+00	0.000000e+00	3.181551e-03	1.204055e-07	1.618964e-02	6.619900e+07	2.505295e+03	3.368603e+08	
1.100000e+01	2.086872e+10	1.312005e+11	1.094564e+01	9.424778e+00	2.509493e+00	2.292686e-01	4.845833e-01	0.000000e+00	0.000000e+00	0.000000e+00	3.184185e-03	1.208441e-07	1.619844e-02	6.644985e+07	2.521860e+03	3.380407e+08	
1.105000e+01	2.093240e+10	1.318272e+11	1.095707e+01	9.424778e+00	2.512112e+00	2.292686e-01	4.827705e-01	0.000000e+00	0.000000e+00	0.000000e+00	3.187062e-03	1.214008e-07	1.620713e-02	6.671287e+07	2.541211e+03	3.392542e+08	
1.110000e+01	2.099467e+10	1.317684e+11	1.096775e+01	9.424778e+00	2.514560e+00	2.292686e-01	4.797907e-01	0.000000e+00	0.000000e+00	0.000000e+00	3.189955e-03	1.218906e-07	1.621616e-02	6.697206e+07	2.559054e+03	3.404528e+08	
1.115000e+01	2.105490e+10	1.315887e+11	1.097737e+01	9.424778e+00	2.516766e+00	2.292686e-01	4.751425e-01	0.000000e+00	0.000000e+00	0.000000e+00	3.192710e-03	1.222969e-07	1.622549e-02	6.722221e+07	2.574951e+03	3.416262e+08	
1.120000e+01	2.111223e+10	1.335910e+11	1.098548e+01	9.424778e+00	2.518626e+00	2.292686e-01	4.753503e-01	0.000000e+00	0.000000e+00	0.000000e+00	3.195191e-03	1.225699e-07	1.623505e-02	6.745759e+07	2.587724e+03	3.427580e+08	
1.125000e+01	2.116936e+10	1.339930e+11	1.099350e+01	9.424778e+00	2.520465e+00	2.292686e-01	4.747837e-01	0.000000e+00	0.000000e+00	0.000000e+00	3.197660e-03	1.228026e-07	1.624448e-02	6.769240e+07	2.599651e+03	3.438852e+08	
1.130000e+01	2.122588e+10	1.361934e+11	1.100122e+01	9.424778e+00	2.522234e+00	2.292686e-01	4.754714e-01	0.000000e+00	0.000000e+00	0.000000e+00	3.200121e-03	1.230074e-07	1.625402e-02	6.792537e+07	2.610940e+03	3.450058e+08	
1.135000e+01	2.128248e+10	1.368201e+11	1.100899e+01	9.424778e+00	2.524016e+00	2.292686e-01	4.735359e-01	0.000000e+00	0.000000e+00	0.000000e+00	3.202541e-03	1.231838e-07	1.626324e-02	6.815803e+07	2.621658e+03	3.461220e+08	
1.140000e+01	2.133773e+10	1.371103e+11	1.101607e+01	9.424778e+00	2.525640e+00	2.292686e-01	4.731032e-01	0.000000e+00	0.000000e+00	0.000000e+00	3.204768e-03	1.233072e-07	1.627246e-02	6.838246e+07	2.631095e+03	3.472174e+08	
1.145000e+01	2.139247e+10	1.392305e+11	1.102291e+01	9.424778e+00	2.527208e+00	2.292686e-01	4.763021e-01	0.000000e+00	0.000000e+00	0.000000e+00	3.206988e-03	1.234205e-07	1.628182e-02	6.860538e+07	2.640268e+03	3.483083e+08	
1.150000e+01	2.144871e+10	1.414004e+11	1.103054e+01	9.424778e+00	2.528956e+00	2.292686e-01	4.844743e-01	0.000000e+00	0.000000e+00	0.000000e+00	3.209388e-03	1.235839e-07	1.629086e-02	6.883724e+07	2.650715e+03	3.494180e+08	
1.155000e+01	2.150918e+10	1.432863e+11	1.104034e+01	9.424778e+00	2.531203e+00	2.292686e-01	4.888963e-01	0.000000e+00	0.000000e+00	0.000000e+00	3.211774e-03	1.239835e-07	1.629910e-02	6.908262e+07	2.666782e+03	3.505802e+08	
1.160000e+01	2.157172e+10	1.440505e+11	1.105121e+01	9.424778e+00	2.533695e+00	2.292686e-01	4.887682e-01	0.000000e+00	0.000000e+00	0.000000e+00	3.214251e-03	1.245121e-07	1.630699e-02	6.933690e+07	2.685940e+03	3.517697e+08	
1.165000e+01	2.163378e+10	1.447982e+11	1.106183e+01	9.424778e+00	2.536131e+00	2.292686e-01	4.880400e-01	0.000000e+00	0.000000e+00	0.000000e+00	3.216954e-03	1.250021e-07	1.631521e-02	6.959490e+07	2.704268e+03	3.529597e+08	
1.170000e+01	2.169506e+10	1.458321e+11	1.107205e+01	9.424778e+00	2.538475e+00	2.292686e-01	4.868333e-01	0.000000e+00	0.000000e+00	0.000000e+00	3.219785e-03	1.254380e-07	1.632375e-02	6.985341e+07	2.721385e+03	3.541447e+08	
1.175000e+01	2.175528e+10	1.451046e+11	1.108174e+01	9.424778e+00	2.540696e+00	2.292686e-01	4.845562e-01	0.000000e+00	0.000000e+00	0.000000e+00	3.222601e-03	1.258134e-07	1.633249e-02	7.010859e+07	2.737107e+03	3.553180e+08	
1.180000e+01	2.181388e+10	1.448016e+11	1.109061e+01	9.424778e+00	2.542728e+00	2.292686e-01	4.832812e-01	0.000000e+00	0.000000e+00	0.000000e+00	3.225350e-03	1.261340e-07	1.634159e-02	7.035740e+07	2.751472e+03	3.564737e+08	
1.185000e+01	2.187145e+10	1.437272e+11	1.109895e+01	9.424778e+00	2.544642e+00	2.292686e-01	4.817043e-01	0.000000e+00	0.000000e+00	0.000000e+00	3.228100e-03	1.264105e-07	1.635099e-02	7.060322e+07	2.764781e+03	3.576199e+08	
1.190000e+01	2.192783e+10	1.440155e+11	1.110671e+01	9.424778e+00	2.546419e+00	2.292686e-01	4.808292e-01	0.000000e+00	0.000000e+00	0.000000e+00	3.230834e-03	1.266573e-07	1.636069e-02	7.084517e+07	2.777319e+03	3.587544e+08	
1.195000e+01	2.198343e+10	1.446492e+11	1.111408e+01	9.424778e+00	2.548109e+00	2.292686e-01	4.802179e-01	0.000000e+00	0.000000e+00	0.000000e+00	3.233537e-03	1.268736e-07	1.637054e-02	7.108425e+07	2.789118e+03	3.598806e+08	
1.200000e+01	2.203842e+10	1.454303e+11	1.112115e+01	9.424778e+00	2.549730e+00	2.292686e-01	4.844851e-01	0.000000e+00	0.000000e+00	0.000000e+00	3.236200e-03	1.270640e-07	1.638045e-02	7.132075e+07	2.800289e+03	3.609994e+08	
1.205000e+01	2.209552e+10	1.458581e+11	1.112929e+01	9.424778e+00	2.551598e+00	2.292686e-01	4.830717e-01	0.000000e+00	0.000000e+00	0.000000e+00	3.238775e-03	1.273824e-07	1.638991e-02	7.156243e+07	2.814579e+03	3.621436e+08	
1.210000e+01	2.215153e+10	1.457478e+11	1.113690e+01	9.424778e+00	2.553341e+00	2.292686e-01	4.788194e-01	0.000000e+00	0.000000e+00	0.000000e+00	3.241340e-03	1.276594e-07	1.639955e-02	7.180062e+07	2.827851e+03	3.632750e+08	
1.215000e+01	2.220488e+10	1.457667e+11	1.114318e+01	9.424778e+00	2.554782e+00	2.292686e-01	4.788255e-01	0.000000e+00	0.000000e+00	0.000000e+00	3.243694e-03	1.278097e-07	1.640936e-02	7.202583e+07	2.837999e+03	3.643680e+08	
1.220000e+01	2.225800e+10	1.438819e+11	1.114937e+01	9.424778e+00	2.556200e+00	2.292686e-01	4.765049e-01	0.000000e+00	0.000000e+00	0.000000e+00	3.246106e-03	1.279670e-07	1.641922e-02	7.225185e+07	2.848290e+03	3.654590e+08	
1.225000e+01	2.230960e+10	1.395418e+11	1.115480e+01	9.424778e+00	2.557446e+00	2.292686e-01	4.685024e-01	0.000000e+00	0.000000e+00	0.000000e+00	3.248432e-03	1.281072e-07	1.642938e-02	7.247122e+07	2.858020e+03	3.665328e+08	
1.230000e+01	2.235653e+10	1.392147e+11	1.115792e+01	9.424778e+00	2.558161e+00	2.292686e-01	4.630659e-01	0.000000e+00	0.000000e+00	0.000000e+00	3.250434e-03	1.280981e-07	1.644017e-02	7.266843e+07	2.863828e+03	3.675452e+08	
1.235000e+01	2.240031e+10	1.368385e+11	1.115950e+01	9.424778e+00	2.558523e+00	2.292686e-01	4.626893e-01	0.000000e+00	0.000000e+00	0.000000e+00	3.252235e-03	1.279070e-07	1.645099e-02	7.285106e+07	2.865157e+03	3.685071e+08	
1.240000e+01	2.244381e+10	1.331705e+11	1.116097e+01	9.424778e+00	2.558861e+00	2.292686e-01	4.558683e-01	0.000000e+00	0.000000e+00	0.000000e+00	3.254046e-03	1.277660e-07	1.646202e-02	7.303320e+07	2.867557e+03	3.694706e+08	
1.245000e+01	2.248346e+10	1.312450e+11	1.116056e+01	9.424778e+00	2.558766e+00	2.292686e-01	4.558359e-01	0.000000e+00	0.000000e+00	0.000000e+00	3.255550e-03	1.274901e-07	1.647338e-02	7.319601e+07	2.866418e+03	3.703786e+08	
