# bin_edge_left	bin_edge_right	dN/d[fe/H]	dN/d[sr/H]	dN/d[o/H]	dN/d[sr/fe]	dN/d[o/fe]	dN/d[o/sr]	
-3.000000e+00	-2.950000e+00	0.000000e+00	0.000000e+00	0.000000e+00	3.436042e-39	3.436042e-39	3.436042e-39	
-2.950000e+00	-2.900000e+00	0.000000e+00	0.000000e+00	0.000000e+00	0.000000e+00	0.000000e+00	0.000000e+00	
-2.900000e+00	-2.850000e+00	0.000000e+00	0.000000e+00	0.000000e+00	0.000000e+00	0.000000e+00	0.000000e+00	
-2.850000e+00	-2.800000e+00	0.000000e+00	0.000000e+00	0.000000e+00	0.000000e+00	0.000000e+00	0.000000e+00	
-2.800000e+00	-2.750000e+00	0.000000e+00	0.000000e+00	0.000000e+00	0.000000e+00	0.000000e+00	0.000000e+00	
-2.750000e+00	-2.700000e+00	0.000000e+00	2.211859e-04	0.000000e+00	0.000000e+00	0.000000e+00	0.000000e+00	
-2.700000e+00	-2.650000e+00	0.000000e+00	0.000000e+00	0.000000e+00	0.000000e+00	0.000000e+00	0.000000e+00	
-2.650000e+00	-2.600000e+00	2.211859e-04	0.000000e+00	0.000000e+00	0.000000e+00	0.000000e+00	0.000000e+00	
-2.600000e+00	-2.550000e+00	0.000000e+00	0.000000e+00	0.000000e+00	0.000000e+00	0.000000e+00	0.000000e+00	
-2.550000e+00	-2.500000e+00	0.000000e+00	0.000000e+00	0.000000e+00	0.000000e+00	0.000000e+00	0.000000e+00	
-2.500000e+00	-2.450000e+00	0.000000e+00	0.000000e+00	0.000000e+00	0.000000e+00	0.000000e+00	0.000000e+00	
-2.450000e+00	-2.400000e+00	0.000000e+00	0.000000e+00	0.000000e+00	0.000000e+00	0.000000e+00	0.000000e+00	
-2.400000e+00	-2.350000e+00	0.000000e+00	0.000000e+00	0.000000e+00	0.000000e+00	0.000000e+00	0.000000e+00	
-2.350000e+00	-2.300000e+00	0.000000e+00	0.000000e+00	0.000000e+00	0.000000e+00	0.000000e+00	0.000000e+00	
-2.300000e+00	-2.250000e+00	0.000000e+00	0.000000e+00	0.000000e+00	0.000000e+00	0.000000e+00	0.000000e+00	
-2.250000e+00	-2.200000e+00	0.000000e+00	0.000000e+00	0.000000e+00	0.000000e+00	0.000000e+00	0.000000e+00	
-2.200000e+00	-2.150000e+00	0.000000e+00	0.000000e+00	2.211859e-04	0.000000e+00	0.000000e+00	0.000000e+00	
-2.150000e+00	-2.100000e+00	0.000000e+00	0.000000e+00	0.000000e+00	0.000000e+00	0.000000e+00	0.000000e+00	
-2.100000e+00	-2.050000e+00	0.000000e+00	0.000000e+00	0.000000e+00	0.000000e+00	0.000000e+00	0.000000e+00	
-2.050000e+00	-2.000000e+00	0.000000e+00	0.000000e+00	0.000000e+00	0.000000e+00	0.000000e+00	0.000000e+00	
-2.000000e+00	-1.950000e+00	0.000000e+00	0.000000e+00	0.000000e+00	0.000000e+00	0.000000e+00	0.000000e+00	
-1.950000e+00	-1.900000e+00	0.000000e+00	2.655310e-03	0.000000e+00	0.000000e+00	0.000000e+00	0.000000e+00	
-1.900000e+00	-1.850000e+00	0.000000e+00	0.000000e+00	0.000000e+00	0.000000e+00	0.000000e+00	0.000000e+00	
-1.850000e+00	-1.800000e+00	2.655310e-03	0.000000e+00	0.000000e+00	0.000000e+00	0.000000e+00	0.000000e+00	
-1.800000e+00	-1.750000e+00	0.000000e+00	0.000000e+00	0.000000e+00	0.000000e+00	0.000000e+00	0.000000e+00	
-1.750000e+00	-1.700000e+00	0.000000e+00	2.616928e-03	0.000000e+00	0.000000e+00	0.000000e+00	0.000000e+00	
-1.700000e+00	-1.650000e+00	0.000000e+00	0.000000e+00	0.000000e+00	0.000000e+00	0.000000e+00	0.000000e+00	
-1.650000e+00	-1.600000e+00	2.616928e-03	5.160355e-03	0.000000e+00	0.000000e+00	0.000000e+00	0.000000e+00	
-1.600000e+00	-1.550000e+00	0.000000e+00	0.000000e+00	0.000000e+00	0.000000e+00	0.000000e+00	0.000000e+00	
-1.550000e+00	-1.500000e+00	5.160355e-03	2.492367e-02	0.000000e+00	0.000000e+00	0.000000e+00	0.000000e+00	
-1.500000e+00	-1.450000e+00	0.000000e+00	4.468817e-03	0.000000e+00	0.000000e+00	0.000000e+00	0.000000e+00	
-1.450000e+00	-1.400000e+00	2.492367e-02	3.046186e-03	0.000000e+00	0.000000e+00	0.000000e+00	0.000000e+00	
-1.400000e+00	-1.350000e+00	4.468817e-03	5.723439e-03	2.655310e-03	0.000000e+00	0.000000e+00	0.000000e+00	
-1.350000e+00	-1.300000e+00	3.046186e-03	6.718665e-04	0.000000e+00	0.000000e+00	0.000000e+00	0.000000e+00	
-1.300000e+00	-1.250000e+00	5.723439e-03	1.030565e-01	0.000000e+00	0.000000e+00	0.000000e+00	0.000000e+00	
-1.250000e+00	-1.200000e+00	6.718665e-04	9.303226e-03	0.000000e+00	0.000000e+00	0.000000e+00	0.000000e+00	
-1.200000e+00	-1.150000e+00	7.492025e-04	1.939080e-02	2.616928e-03	0.000000e+00	0.000000e+00	0.000000e+00	
-1.150000e+00	-1.100000e+00	8.252174e-04	1.612463e-01	0.000000e+00	0.000000e+00	0.000000e+00	0.000000e+00	
-1.100000e+00	-1.050000e+00	1.662212e-02	2.344410e-02	5.160355e-03	0.000000e+00	0.000000e+00	0.000000e+00	
-1.050000e+00	-1.000000e+00	1.229235e-02	5.545809e-01	0.000000e+00	0.000000e+00	0.000000e+00	0.000000e+00	
-1.000000e+00	-9.500000e-01	4.129679e-02	2.853817e-02	2.492367e-02	0.000000e+00	0.000000e+00	0.000000e+00	
-9.500000e-01	-9.000000e-01	1.257514e-01	7.696054e-02	4.468817e-03	0.000000e+00	0.000000e+00	0.000000e+00	
-9.000000e-01	-8.500000e-01	2.795200e-02	1.049824e-01	3.046186e-03	0.000000e+00	0.000000e+00	0.000000e+00	
-8.500000e-01	-8.000000e-01	5.773473e-02	5.810023e-02	5.723439e-03	0.000000e+00	0.000000e+00	0.000000e+00	
-8.000000e-01	-7.500000e-01	1.274275e-01	1.089090e-01	6.718665e-04	0.000000e+00	0.000000e+00	0.000000e+00	
-7.500000e-01	-7.000000e-01	3.448081e-01	2.085188e-01	1.030565e-01	0.000000e+00	0.000000e+00	0.000000e+00	
-7.000000e-01	-6.500000e-01	2.916692e-01	1.598806e-01	9.303226e-03	0.000000e+00	0.000000e+00	0.000000e+00	
-6.500000e-01	-6.000000e-01	5.311056e-02	3.903163e-01	1.382946e-01	0.000000e+00	0.000000e+00	0.000000e+00	
-6.000000e-01	-5.500000e-01	5.921478e-02	3.500242e-01	4.234245e-02	0.000000e+00	0.000000e+00	0.000000e+00	
-5.500000e-01	-5.000000e-01	1.675187e-01	2.650375e-01	5.360094e-01	0.000000e+00	0.000000e+00	0.000000e+00	
-5.000000e-01	-4.500000e-01	1.603228e-01	3.412067e-01	4.201558e-02	0.000000e+00	0.000000e+00	0.000000e+00	
-4.500000e-01	-4.000000e-01	1.396615e-01	1.658351e-01	2.853817e-02	0.000000e+00	0.000000e+00	0.000000e+00	
-4.000000e-01	-3.500000e-01	4.676116e-01	1.087966e-01	7.696054e-02	8.300116e-02	0.000000e+00	0.000000e+00	
-3.500000e-01	-3.000000e-01	4.522426e-01	3.084637e-01	1.049824e-01	6.507753e-01	0.000000e+00	0.000000e+00	
-3.000000e-01	-2.500000e-01	4.238884e-01	4.765144e-01	7.557509e-02	2.459887e-01	0.000000e+00	0.000000e+00	
-2.500000e-01	-2.000000e-01	1.586319e-01	2.744353e-01	1.746526e-01	1.593038e+00	0.000000e+00	0.000000e+00	
-2.000000e-01	-1.500000e-01	2.820008e-01	6.631117e-01	2.262113e-01	1.190188e+00	0.000000e+00	0.000000e+00	
-1.500000e-01	-1.000000e-01	6.976240e-01	3.506820e-01	3.287929e-01	1.159608e+00	0.000000e+00	2.665998e+00	
-1.000000e-01	-5.000000e-02	8.241690e-01	5.605038e-01	8.119684e-01	1.282993e+00	0.000000e+00	3.911550e+00	
-5.000000e-02	0.000000e+00	7.527987e-01	3.888898e-01	3.393765e-01	8.037382e-01	0.000000e+00	2.254230e+00	
0.000000e+00	5.000000e-02	7.174990e-01	3.988494e-01	1.924800e-01	1.164966e+00	0.000000e+00	1.792569e+00	
5.000000e-02	1.000000e-01	5.844990e-01	3.501487e-01	8.682265e-01	1.839463e+00	6.216821e+00	1.251703e+00	
1.000000e-01	1.500000e-01	6.265062e-01	4.137199e-01	9.604820e-01	3.916188e+00	5.491545e+00	9.139219e-01	
1.500000e-01	2.000000e-01	7.685575e-01	4.193924e-01	8.578414e-01	6.070051e+00	4.399346e+00	6.736085e-01	
2.000000e-01	2.500000e-01	1.055902e+00	4.659463e-01	8.783591e-01	0.000000e+00	2.039047e+00	8.522680e-01	
2.500000e-01	3.000000e-01	1.307770e+00	5.499410e-01	6.551810e-01	0.000000e+00	1.194251e+00	9.287708e-01	
3.000000e-01	3.500000e-01	1.540090e+00	7.853577e-01	9.313601e-01	0.000000e+00	3.617897e-01	7.532210e-01	
3.500000e-01	4.000000e-01	2.204644e+00	7.938948e-01	1.385860e+00	0.000000e+00	1.747403e-01	5.054369e-01	
4.000000e-01	4.500000e-01	2.544485e+00	9.409882e-01	1.940922e+00	0.000000e+00	1.054521e-01	6.516915e-01	
4.500000e-01	5.000000e-01	2.586580e+00	1.176105e+00	3.037179e+00	0.000000e+00	1.700798e-02	5.888282e-01	
5.000000e-01	5.500000e-01	3.280553e-01	2.080998e+00	3.908408e+00	0.000000e+00	0.000000e+00	2.239196e+00	
5.500000e-01	6.000000e-01	0.000000e+00	1.228371e+00	1.296133e+00	0.000000e+00	0.000000e+00	1.700798e-02	
6.000000e-01	6.500000e-01	0.000000e+00	2.017075e+00	0.000000e+00	0.000000e+00	0.000000e+00	0.000000e+00	
6.500000e-01	7.000000e-01	0.000000e+00	2.068997e+00	0.000000e+00	0.000000e+00	0.000000e+00	0.000000e+00	
7.000000e-01	7.500000e-01	0.000000e+00	0.000000e+00	0.000000e+00	0.000000e+00	0.000000e+00	0.000000e+00	
7.500000e-01	8.000000e-01	0.000000e+00	0.000000e+00	0.000000e+00	0.000000e+00	0.000000e+00	0.000000e+00	
8.000000e-01	8.500000e-01	0.000000e+00	0.000000e+00	0.000000e+00	0.000000e+00	0.000000e+00	0.000000e+00	
8.500000e-01	9.000000e-01	0.000000e+00	0.000000e+00	0.000000e+00	0.000000e+00	0.000000e+00	0.000000e+00	
9.000000e-01	9.500000e-01	0.000000e+00	0.000000e+00	0.000000e+00	0.000000e+00	0.000000e+00	0.000000e+00	
9.500000e-01	1.000000e+00	0.000000e+00	0.000000e+00	0.000000e+00	0.000000e+00	0.000000e+00	0.000000e+00	
