# COLUMN NUMBERS: 
#	0: time [Gyr]
#	1: mgas [Msun]			ISM gas mass
#	2: mstar [Msun]			Stellar mass
#	3: sfr [Msun/yr]		Star formation rate
#	4: ifr [Msun/yr]		Infall rate
#	5: ofr [Msun/yr]		Outfow rate
#	6: eta_0			Mass-loading factor
#	7: r_eff			Effective recycilng rate
#	8: z_in(fe)			Inflow fe metallicity
#	9: z_in(sr)			Inflow sr metallicity
#	10: z_in(o)			Inflow o metallicity
#	11: z_out(fe)			Outflow fe metallicity
#	12: z_out(sr)			Outflow sr metallicity
#	13: z_out(o)			Outflow o metallicity
#	14: mass(fe) [Msun]		mass of element fe in ISM
#	15: mass(sr) [Msun]		mass of element sr in ISM
#	16: mass(o) [Msun]		mass of element o in ISM
0.000000e+00	1.000000e-12	5.604272e-30	1.495168e-37	8.482300e+01	2.000000e-08	6.963020e+00	2.503490e-01	0.000000e+00	0.000000e+00	0.000000e+00	3.952525e-323	3.952525e-323	1.000000e+00	0.000000e+00	0.000000e+00	0.000000e+00	
5.000000e-02	4.241150e+09	2.402135e+08	6.408676e+00	8.482300e+01	4.462374e+01	6.963020e+00	2.503490e-01	0.000000e+00	0.000000e+00	0.000000e+00	3.972118e-05	4.435532e-10	4.965148e-04	1.684635e+05	1.881176e+00	2.105794e+06	
1.000000e-01	6.010900e+09	5.678891e+08	8.935193e+00	8.482300e+01	6.221592e+01	6.963020e+00	2.665506e-01	0.000000e+00	0.000000e+00	0.000000e+00	5.288056e-05	5.904995e-10	6.610070e-04	3.178597e+05	3.549434e+00	3.973247e+06	
1.500000e-01	6.813578e+09	9.271051e+08	9.968861e+00	8.482300e+01	6.941338e+01	6.963020e+00	2.793238e-01	0.000000e+00	0.000000e+00	0.000000e+00	6.204256e-05	6.984350e-10	7.755246e-04	4.227318e+05	4.758842e+00	5.284098e+06	
2.000000e-01	7.224843e+09	1.313512e+09	1.040919e+01	8.482300e+01	7.247937e+01	6.963020e+00	2.901039e-01	0.000000e+00	0.000000e+00	0.000000e+00	6.821053e-05	7.767215e-10	8.526104e-04	4.928104e+05	5.611691e+00	6.159977e+06	
2.500000e-01	7.472553e+09	1.660722e+09	1.060657e+01	8.482300e+01	7.385374e+01	6.963020e+00	2.976398e-01	0.000000e+00	0.000000e+00	0.000000e+00	7.265872e-05	8.349687e-10	9.044254e-04	5.429461e+05	6.239348e+00	6.758367e+06	
3.000000e-01	7.648535e+09	2.003010e+09	1.070014e+01	8.482300e+01	7.450530e+01	6.963020e+00	3.038480e-01	0.000000e+00	0.000000e+00	0.000000e+00	7.603796e-05	8.783838e-10	9.400752e-04	5.815790e+05	6.718349e+00	7.190198e+06	
3.500000e-01	7.791974e+09	2.339517e+09	1.074834e+01	8.482300e+01	7.484093e+01	6.963020e+00	3.090400e-01	0.000000e+00	0.000000e+00	0.000000e+00	7.878434e-05	9.138690e-10	9.660483e-04	6.138855e+05	7.120844e+00	7.527423e+06	
4.000000e-01	7.919744e+09	2.672235e+09	1.077595e+01	8.482300e+01	7.503315e+01	6.963020e+00	3.135005e-01	0.000000e+00	0.000000e+00	0.000000e+00	8.115586e-05	9.444172e-10	9.862274e-04	6.427336e+05	7.479542e+00	7.810668e+06	
4.500000e-01	8.039352e+09	3.002274e+09	1.079380e+01	8.482300e+01	7.515747e+01	6.963020e+00	3.174114e-01	0.000000e+00	0.000000e+00	0.000000e+00	8.330857e-05	9.718946e-10	1.002924e-03	6.697470e+05	7.813403e+00	8.062860e+06	
5.000000e-01	8.154242e+09	3.330255e+09	1.080679e+01	8.482300e+01	7.524787e+01	6.963020e+00	3.208939e-01	0.000000e+00	0.000000e+00	0.000000e+00	8.533442e-05	9.972711e-10	1.017477e-03	6.958375e+05	8.131990e+00	8.296755e+06	
5.500000e-01	8.266051e+09	3.656543e+09	1.081716e+01	8.482300e+01	7.532012e+01	6.963020e+00	3.240331e-01	0.000000e+00	0.000000e+00	0.000000e+00	8.728697e-05	1.021141e-09	1.030651e-03	7.215185e+05	8.440806e+00	8.519418e+06	
6.000000e-01	8.375593e+09	4.406509e+09	1.082602e+01	8.482300e+01	7.538181e+01	6.963020e+00	3.418360e-01	0.000000e+00	0.000000e+00	0.000000e+00	8.919743e-05	1.043956e-09	1.042885e-03	7.470814e+05	8.743748e+00	8.734778e+06	
6.500000e-01	8.491388e+09	5.150503e+09	1.084424e+01	8.482300e+01	7.550869e+01	6.963020e+00	3.551322e-01	0.000000e+00	0.000000e+00	0.000000e+00	9.114487e-05	1.082286e-09	1.055182e-03	7.739465e+05	9.190114e+00	8.959962e+06	
7.000000e-01	8.607448e+09	5.889784e+09	1.086389e+01	8.482300e+01	7.564550e+01	6.963020e+00	3.658794e-01	0.000000e+00	0.000000e+00	0.000000e+00	9.357542e-05	1.128462e-09	1.067475e-03	8.054455e+05	9.713182e+00	9.188237e+06	
7.500000e-01	8.721872e+09	6.625140e+09	1.088250e+01	8.482300e+01	7.577506e+01	6.963020e+00	3.749680e-01	0.000000e+00	0.000000e+00	0.000000e+00	9.626730e-05	1.177667e-09	1.079551e-03	8.396311e+05	1.027146e+01	9.415709e+06	
8.000000e-01	8.834174e+09	7.357128e+09	1.089946e+01	8.482300e+01	7.589315e+01	6.963020e+00	3.828802e-01	0.000000e+00	0.000000e+00	0.000000e+00	9.910748e-05	1.229414e-09	1.091289e-03	8.755327e+05	1.086086e+01	9.640636e+06	
8.500000e-01	8.944353e+09	8.044415e+09	1.091479e+01	8.482300e+01	7.599988e+01	6.963020e+00	3.875316e-01	0.000000e+00	0.000000e+00	0.000000e+00	1.020396e-04	1.286308e-09	1.102639e-03	9.126784e+05	1.150519e+01	9.862388e+06	
9.000000e-01	9.051261e+09	8.283378e+09	1.092711e+01	8.482300e+01	7.608570e+01	6.963020e+00	3.785131e-01	0.000000e+00	0.000000e+00	0.000000e+00	1.049955e-04	1.345380e-09	1.113173e-03	9.503418e+05	1.217739e+01	1.007562e+07	
9.500000e-01	9.148573e+09	8.581849e+09	1.092894e+01	8.482300e+01	7.609842e+01	6.963020e+00	3.736277e-01	0.000000e+00	0.000000e+00	0.000000e+00	1.078666e-04	1.387371e-09	1.122683e-03	9.868250e+05	1.269246e+01	1.027095e+07	
1.000000e+00	9.242523e+09	8.881894e+09	1.092793e+01	8.482300e+01	7.609137e+01	6.963020e+00	3.706209e-01	0.000000e+00	0.000000e+00	0.000000e+00	1.103654e-04	1.424702e-09	1.131424e-03	1.020054e+06	1.316784e+01	1.045721e+07	
1.050000e+00	9.335214e+09	9.145566e+09	1.092659e+01	8.482300e+01	7.608205e+01	6.963020e+00	3.680794e-01	0.000000e+00	0.000000e+00	0.000000e+00	1.126678e-04	1.459308e-09	1.139653e-03	1.051778e+06	1.362295e+01	1.063891e+07	
1.100000e+00	9.427025e+09	9.377738e+09	1.092534e+01	8.482300e+01	7.607334e+01	6.963020e+00	3.661406e-01	0.000000e+00	0.000000e+00	0.000000e+00	1.148228e-04	1.486813e-09	1.147452e-03	1.082437e+06	1.401623e+01	1.081706e+07	
1.150000e+00	9.518252e+09	9.609178e+09	1.092448e+01	8.482300e+01	7.606737e+01	6.963020e+00	3.647269e-01	0.000000e+00	0.000000e+00	0.000000e+00	1.168501e-04	1.503072e-09	1.154929e-03	1.112209e+06	1.430661e+01	1.099290e+07	
1.200000e+00	9.609032e+09	9.912107e+09	1.092413e+01	8.482300e+01	7.606495e+01	6.963020e+00	3.641925e-01	0.000000e+00	0.000000e+00	0.000000e+00	1.188118e-04	1.509669e-09	1.162179e-03	1.141666e+06	1.450646e+01	1.116742e+07	
1.250000e+00	9.699652e+09	1.018013e+10	1.092458e+01	8.482300e+01	7.606803e+01	6.963020e+00	3.636620e-01	0.000000e+00	0.000000e+00	0.000000e+00	1.208599e-04	1.530630e-09	1.169433e-03	1.172299e+06	1.484658e+01	1.134309e+07	
1.300000e+00	9.789814e+09	1.041317e+10	1.092543e+01	8.482300e+01	7.607396e+01	6.963020e+00	3.631090e-01	0.000000e+00	0.000000e+00	0.000000e+00	1.229096e-04	1.546556e-09	1.176558e-03	1.203262e+06	1.514049e+01	1.151828e+07	
1.350000e+00	9.879351e+09	1.064855e+10	1.092647e+01	8.482300e+01	7.608119e+01	6.963020e+00	3.627297e-01	0.000000e+00	0.000000e+00	0.000000e+00	1.249136e-04	1.558257e-09	1.183519e-03	1.234065e+06	1.539456e+01	1.169240e+07	
1.400000e+00	9.968286e+09	1.091882e+10	1.092769e+01	8.482300e+01	7.608972e+01	6.963020e+00	3.630656e-01	0.000000e+00	0.000000e+00	0.000000e+00	1.269012e-04	1.567030e-09	1.190313e-03	1.264987e+06	1.562060e+01	1.186538e+07	
1.450000e+00	1.005694e+10	1.114934e+10	1.092942e+01	8.482300e+01	7.610177e+01	6.963020e+00	3.628191e-01	0.000000e+00	0.000000e+00	0.000000e+00	1.289323e-04	1.578108e-09	1.197057e-03	1.296664e+06	1.587093e+01	1.203873e+07	
1.500000e+00	1.014480e+10	1.113092e+10	1.093107e+01	8.482300e+01	7.611327e+01	6.963020e+00	3.609778e-01	0.000000e+00	0.000000e+00	0.000000e+00	1.309430e-04	1.577261e-09	1.203587e-03	1.328390e+06	1.600099e+01	1.221015e+07	
1.550000e+00	1.023103e+10	1.111331e+10	1.093173e+01	8.482300e+01	7.611785e+01	6.963020e+00	3.593270e-01	0.000000e+00	0.000000e+00	0.000000e+00	1.326044e-04	1.570070e-09	1.209917e-03	1.356679e+06	1.606343e+01	1.237870e+07	
1.600000e+00	1.031610e+10	1.149425e+10	1.093191e+01	8.482300e+01	7.611909e+01	6.963020e+00	3.804273e-01	0.000000e+00	0.000000e+00	0.000000e+00	1.340525e-04	1.559704e-09	1.216049e-03	1.382899e+06	1.609006e+01	1.254488e+07	
1.650000e+00	1.041264e+10	1.108173e+10	1.094486e+01	8.482300e+01	7.620930e+01	6.963020e+00	3.563622e-01	0.000000e+00	0.000000e+00	0.000000e+00	1.354099e-04	1.556925e-09	1.222440e-03	1.409975e+06	1.621171e+01	1.272883e+07	
1.700000e+00	1.049110e+10	1.106671e+10	1.093946e+01	8.482300e+01	7.617170e+01	6.963020e+00	3.551821e-01	0.000000e+00	0.000000e+00	0.000000e+00	1.366555e-04	1.541519e-09	1.228410e-03	1.433666e+06	1.617223e+01	1.288737e+07	
1.750000e+00	1.057097e+10	1.105235e+10	1.093629e+01	8.482300e+01	7.614960e+01	6.963020e+00	3.540809e-01	0.000000e+00	0.000000e+00	0.000000e+00	1.378294e-04	1.527249e-09	1.234014e-03	1.456990e+06	1.614450e+01	1.304472e+07	
1.800000e+00	1.065144e+10	1.103864e+10	1.093445e+01	8.482300e+01	7.613678e+01	6.963020e+00	3.530566e-01	0.000000e+00	0.000000e+00	0.000000e+00	1.389599e-04	1.513980e-09	1.239409e-03	1.480123e+06	1.612607e+01	1.320149e+07	
1.850000e+00	1.073205e+10	1.131010e+10	1.093342e+01	8.482300e+01	7.612962e+01	6.963020e+00	3.540374e-01	0.000000e+00	0.000000e+00	0.000000e+00	1.400617e-04	1.501816e-09	1.244670e-03	1.503150e+06	1.611757e+01	1.335786e+07	
1.900000e+00	1.081359e+10	1.158117e+10	1.093397e+01	8.482300e+01	7.613344e+01	6.963020e+00	3.549507e-01	0.000000e+00	0.000000e+00	0.000000e+00	1.415163e-04	1.493414e-09	1.249887e-03	1.530299e+06	1.614917e+01	1.351577e+07	
1.950000e+00	1.089542e+10	1.224932e+10	1.093541e+01	8.482300e+01	7.614344e+01	6.963020e+00	3.783957e-01	0.000000e+00	0.000000e+00	0.000000e+00	1.431951e-04	1.487799e-09	1.255085e-03	1.560171e+06	1.621019e+01	1.367468e+07	
2.000000e+00	1.098953e+10	1.223830e+10	1.094964e+01	8.482300e+01	7.624253e+01	6.963020e+00	3.774614e-01	0.000000e+00	0.000000e+00	0.000000e+00	1.450559e-04	1.493040e-09	1.260663e-03	1.594095e+06	1.640780e+01	1.385409e+07	
2.050000e+00	1.107772e+10	1.195811e+10	1.095839e+01	8.482300e+01	7.630347e+01	6.963020e+00	3.759265e-01	0.000000e+00	0.000000e+00	0.000000e+00	1.466262e-04	1.494753e-09	1.266328e-03	1.624284e+06	1.655846e+01	1.402803e+07	
2.100000e+00	1.116175e+10	1.194817e+10	1.096348e+01	8.482300e+01	7.633896e+01	6.963020e+00	3.752323e-01	0.000000e+00	0.000000e+00	0.000000e+00	1.473986e-04	1.494065e-09	1.271774e-03	1.645228e+06	1.667639e+01	1.419523e+07	
2.150000e+00	1.124348e+10	1.193836e+10	1.096679e+01	8.482300e+01	7.636199e+01	6.963020e+00	3.745920e-01	0.000000e+00	0.000000e+00	0.000000e+00	1.482476e-04	1.492490e-09	1.277040e-03	1.666819e+06	1.678077e+01	1.435837e+07	
2.200000e+00	1.132359e+10	1.153008e+10	1.096902e+01	8.482300e+01	7.637753e+01	6.963020e+00	3.514132e-01	0.000000e+00	0.000000e+00	0.000000e+00	1.491329e-04	1.490507e-09	1.282113e-03	1.688720e+06	1.687789e+01	1.451813e+07	
2.250000e+00	1.139015e+10	1.061542e+10	1.095869e+01	8.482300e+01	7.630558e+01	6.963020e+00	3.284734e-01	0.000000e+00	0.000000e+00	0.000000e+00	1.499944e-04	1.479810e-09	1.286623e-03	1.708458e+06	1.685525e+01	1.465482e+07	
2.300000e+00	1.144806e+10	1.055912e+10	1.094074e+01	8.482300e+01	7.618059e+01	6.963020e+00	3.220513e-01	0.000000e+00	0.000000e+00	0.000000e+00	1.498718e-04	1.463714e-09	1.290569e-03	1.715742e+06	1.675669e+01	1.477451e+07	
2.350000e+00	1.150932e+10	1.063054e+10	1.092668e+01	8.482300e+01	7.608269e+01	6.963020e+00	3.345465e-01	0.000000e+00	0.000000e+00	0.000000e+00	1.503153e-04	1.450715e-09	1.294067e-03	1.730027e+06	1.669675e+01	1.489384e+07	
2.400000e+00	1.158278e+10	1.043582e+10	1.092478e+01	8.482300e+01	7.606945e+01	6.963020e+00	3.359948e-01	0.000000e+00	0.000000e+00	0.000000e+00	1.507100e-04	1.443924e-09	1.297724e-03	1.745640e+06	1.672465e+01	1.503125e+07	
2.450000e+00	1.165775e+10	1.050795e+10	1.092478e+01	8.482300e+01	7.606946e+01	6.963020e+00	3.397887e-01	0.000000e+00	0.000000e+00	0.000000e+00	1.508777e-04	1.441281e-09	1.301697e-03	1.758895e+06	1.680209e+01	1.517485e+07	
2.500000e+00	1.173479e+10	1.091381e+10	1.092716e+01	8.482300e+01	7.608601e+01	6.963020e+00	3.471083e-01	0.000000e+00	0.000000e+00	0.000000e+00	1.513753e-04	1.443979e-09	1.305869e-03	1.776358e+06	1.694479e+01	1.532410e+07	
2.550000e+00	1.181493e+10	1.104799e+10	1.093280e+01	8.482300e+01	7.612531e+01	6.963020e+00	3.523739e-01	0.000000e+00	0.000000e+00	0.000000e+00	1.523796e-04	1.456489e-09	1.310264e-03	1.800355e+06	1.720831e+01	1.548068e+07	
2.600000e+00	1.189580e+10	1.076593e+10	1.093947e+01	8.482300e+01	7.617175e+01	6.963020e+00	3.539369e-01	0.000000e+00	0.000000e+00	0.000000e+00	1.531323e-04	1.475470e-09	1.314755e-03	1.821631e+06	1.755189e+01	1.564005e+07	
2.650000e+00	1.197498e+10	1.077665e+10	1.094493e+01	8.482300e+01	7.620979e+01	6.963020e+00	3.578333e-01	0.000000e+00	0.000000e+00	0.000000e+00	1.530673e-04	1.501430e-09	1.319271e-03	1.832977e+06	1.797959e+01	1.579825e+07	
2.700000e+00	1.205422e+10	1.150357e+10	1.095078e+01	8.482300e+01	7.625053e+01	6.963020e+00	3.630752e-01	0.000000e+00	0.000000e+00	0.000000e+00	1.527159e-04	1.536198e-09	1.323770e-03	1.840871e+06	1.851767e+01	1.595701e+07	
2.750000e+00	1.213410e+10	1.178276e+10	1.095754e+01	8.482300e+01	7.629759e+01	6.963020e+00	3.666587e-01	0.000000e+00	0.000000e+00	0.000000e+00	1.537021e-04	1.584657e-09	1.328588e-03	1.865036e+06	1.922839e+01	1.612122e+07	
2.800000e+00	1.221338e+10	1.259565e+10	1.096406e+01	8.482300e+01	7.634300e+01	6.963020e+00	3.710952e-01	0.000000e+00	0.000000e+00	0.000000e+00	1.546338e-04	1.634956e-09	1.333354e-03	1.888600e+06	1.996833e+01	1.628476e+07	
2.850000e+00	1.229261e+10	1.340745e+10	1.097085e+01	8.482300e+01	7.639022e+01	6.963020e+00	3.752053e-01	0.000000e+00	0.000000e+00	0.000000e+00	1.567468e-04	1.685877e-09	1.338247e-03	1.926827e+06	2.072382e+01	1.645054e+07	
2.900000e+00	1.237152e+10	1.450175e+10	1.097764e+01	8.482300e+01	7.643749e+01	6.963020e+00	3.807401e-01	0.000000e+00	0.000000e+00	0.000000e+00	1.596540e-04	1.736235e-09	1.343208e-03	1.975163e+06	2.147987e+01	1.661753e+07	
2.950000e+00	1.245090e+10	1.559453e+10	1.098511e+01	8.482300e+01	7.648957e+01	6.963020e+00	3.859322e-01	0.000000e+00	0.000000e+00	0.000000e+00	1.634474e-04	1.787872e-09	1.348250e-03	2.035066e+06	2.226061e+01	1.678692e+07	
3.000000e+00	1.253029e+10	1.686215e+10	1.099288e+01	8.482300e+01	7.654362e+01	6.963020e+00	3.905924e-01	0.000000e+00	0.000000e+00	0.000000e+00	1.678550e-04	1.839589e-09	1.353347e-03	2.103271e+06	2.305059e+01	1.695783e+07	
3.050000e+00	1.260930e+10	1.767141e+10	1.100057e+01	8.482300e+01	7.659716e+01	6.963020e+00	3.937193e-01	0.000000e+00	0.000000e+00	0.000000e+00	1.732178e-04	1.896528e-09	1.358670e-03	2.184156e+06	2.391390e+01	1.713187e+07	
3.100000e+00	1.268712e+10	1.819596e+10	1.100747e+01	8.482300e+01	7.664526e+01	6.963020e+00	3.950068e-01	0.000000e+00	0.000000e+00	0.000000e+00	1.783686e-04	1.948434e-09	1.363872e-03	2.262984e+06	2.472002e+01	1.730361e+07	
3.150000e+00	1.276304e+10	1.900249e+10	1.101299e+01	8.482300e+01	7.668369e+01	6.963020e+00	3.978676e-01	0.000000e+00	0.000000e+00	0.000000e+00	1.830588e-04	1.994121e-09	1.368904e-03	2.336386e+06	2.545103e+01	1.747138e+07	
3.200000e+00	1.283844e+10	1.934883e+10	1.101834e+01	8.482300e+01	7.672089e+01	6.963020e+00	3.992399e-01	0.000000e+00	0.000000e+00	0.000000e+00	1.877869e-04	2.037726e-09	1.373822e-03	2.410891e+06	2.616122e+01	1.763772e+07	
3.250000e+00	1.291257e+10	1.969451e+10	1.102286e+01	8.482300e+01	7.675238e+01	6.963020e+00	4.005469e-01	0.000000e+00	0.000000e+00	0.000000e+00	1.917047e-04	2.071488e-09	1.378394e-03	2.475402e+06	2.674824e+01	1.779862e+07	
3.300000e+00	1.298572e+10	1.999933e+10	1.102680e+01	8.482300e+01	7.677984e+01	6.963020e+00	4.004035e-01	0.000000e+00	0.000000e+00	0.000000e+00	1.950779e-04	2.098805e-09	1.382698e-03	2.533227e+06	2.725450e+01	1.795534e+07	
3.350000e+00	1.305730e+10	2.060993e+10	1.102968e+01	8.482300e+01	7.679989e+01	6.963020e+00	4.083075e-01	0.000000e+00	0.000000e+00	0.000000e+00	1.980441e-04	2.117312e-09	1.386612e-03	2.585921e+06	2.764638e+01	1.810541e+07	
3.400000e+00	1.313214e+10	2.121103e+10	1.103558e+01	8.482300e+01	7.684095e+01	6.963020e+00	4.119147e-01	0.000000e+00	0.000000e+00	0.000000e+00	2.009041e-04	2.135600e-09	1.390243e-03	2.638301e+06	2.804500e+01	1.825687e+07	
3.450000e+00	1.320675e+10	2.121250e+10	1.104151e+01	8.482300e+01	7.688223e+01	6.963020e+00	4.062644e-01	0.000000e+00	0.000000e+00	0.000000e+00	2.037412e-04	2.154027e-09	1.393826e-03	2.690761e+06	2.844770e+01	1.840792e+07	
3.500000e+00	1.327601e+10	2.125735e+10	1.104320e+01	8.482300e+01	7.689405e+01	6.963020e+00	4.032139e-01	0.000000e+00	0.000000e+00	0.000000e+00	2.061346e-04	2.163021e-09	1.397359e-03	2.736644e+06	2.871628e+01	1.855135e+07	
3.550000e+00	1.334293e+10	2.104088e+10	1.104324e+01	8.482300e+01	7.689431e+01	6.963020e+00	3.992039e-01	0.000000e+00	0.000000e+00	0.000000e+00	2.082474e-04	2.168293e-09	1.400907e-03	2.778631e+06	2.893138e+01	1.869220e+07	
3.600000e+00	1.340763e+10	2.050002e+10	1.104172e+01	8.482300e+01	7.688369e+01	6.963020e+00	3.924714e-01	0.000000e+00	0.000000e+00	0.000000e+00	2.096257e-04	2.164991e-09	1.404152e-03	2.810583e+06	2.902740e+01	1.882636e+07	
3.650000e+00	1.346919e+10	2.050931e+10	1.103790e+01	8.482300e+01	7.685714e+01	6.963020e+00	3.901536e-01	0.000000e+00	0.000000e+00	0.000000e+00	2.101787e-04	2.151591e-09	1.407099e-03	2.830937e+06	2.898018e+01	1.895248e+07	
3.700000e+00	1.353091e+10	2.023477e+10	1.103453e+01	8.482300e+01	7.683362e+01	6.963020e+00	3.862974e-01	0.000000e+00	0.000000e+00	0.000000e+00	2.109352e-04	2.134770e-09	1.409875e-03	2.854146e+06	2.888538e+01	1.907689e+07	
3.750000e+00	1.359178e+10	2.024591e+10	1.103075e+01	8.482300e+01	7.680733e+01	6.963020e+00	3.844702e-01	0.000000e+00	0.000000e+00	0.000000e+00	2.115156e-04	2.113752e-09	1.412485e-03	2.874874e+06	2.872966e+01	1.919819e+07	
3.800000e+00	1.365308e+10	2.025803e+10	1.102761e+01	8.482300e+01	7.678543e+01	6.963020e+00	3.828233e-01	0.000000e+00	0.000000e+00	0.000000e+00	2.122655e-04	2.093082e-09	1.415005e-03	2.898078e+06	2.857701e+01	1.931917e+07	
3.850000e+00	1.371466e+10	1.994304e+10	1.102497e+01	8.482300e+01	7.676707e+01	6.963020e+00	3.779502e-01	0.000000e+00	0.000000e+00	0.000000e+00	2.131222e-04	2.073205e-09	1.417468e-03	2.922898e+06	2.843329e+01	1.944008e+07	
3.900000e+00	1.377455e+10	2.024303e+10	1.102125e+01	8.482300e+01	7.674118e+01	6.963020e+00	3.785471e-01	0.000000e+00	0.000000e+00	0.000000e+00	2.137091e-04	2.046369e-09	1.419674e-03	2.943747e+06	2.818782e+01	1.955537e+07	
3.950000e+00	1.383618e+10	2.021909e+10	1.101919e+01	8.482300e+01	7.672684e+01	6.963020e+00	3.770742e-01	0.000000e+00	0.000000e+00	0.000000e+00	2.147170e-04	2.025748e-09	1.421924e-03	2.970864e+06	2.802863e+01	1.967400e+07	
4.000000e+00	1.389778e+10	2.048085e+10	1.101736e+01	8.482300e+01	7.671410e+01	6.963020e+00	3.775184e-01	0.000000e+00	0.000000e+00	0.000000e+00	2.156754e-04	2.005081e-09	1.424165e-03	2.997410e+06	2.786618e+01	1.979274e+07	
4.050000e+00	1.396032e+10	2.076375e+10	1.101652e+01	8.482300e+01	7.670824e+01	6.963020e+00	3.779742e-01	0.000000e+00	0.000000e+00	0.000000e+00	2.168833e-04	1.987453e-09	1.426442e-03	3.027762e+06	2.774548e+01	1.991359e+07	
4.100000e+00	1.402343e+10	2.164073e+10	1.101636e+01	8.482300e+01	7.670714e+01	6.963020e+00	3.853859e-01	0.000000e+00	0.000000e+00	0.000000e+00	2.183079e-04	1.972488e-09	1.428781e-03	3.061426e+06	2.766105e+01	2.003642e+07	
4.150000e+00	1.409069e+10	2.221832e+10	1.101967e+01	8.482300e+01	7.673015e+01	6.963020e+00	3.866271e-01	0.000000e+00	0.000000e+00	0.000000e+00	2.203365e-04	1.967082e-09	1.431223e-03	3.104693e+06	2.771754e+01	2.016691e+07	
4.200000e+00	1.415737e+10	2.286319e+10	1.102272e+01	8.482300e+01	7.675140e+01	6.963020e+00	3.899400e-01	0.000000e+00	0.000000e+00	0.000000e+00	2.225602e-04	1.963124e-09	1.433572e-03	3.150867e+06	2.779268e+01	2.029561e+07	
4.250000e+00	1.422472e+10	2.347964e+10	1.102648e+01	8.482300e+01	7.677757e+01	6.963020e+00	3.929335e-01	0.000000e+00	0.000000e+00	0.000000e+00	2.250466e-04	1.964032e-09	1.436133e-03	3.201226e+06	2.793782e+01	2.042860e+07	
4.300000e+00	1.429231e+10	2.412164e+10	1.103059e+01	8.482300e+01	7.680620e+01	6.963020e+00	3.957456e-01	0.000000e+00	0.000000e+00	0.000000e+00	2.276665e-04	1.968134e-09	1.438833e-03	3.253880e+06	2.812918e+01	2.056423e+07	
4.350000e+00	1.435988e+10	2.469627e+10	1.103487e+01	8.482300e+01	7.683601e+01	6.963020e+00	3.981390e-01	0.000000e+00	0.000000e+00	0.000000e+00	2.304420e-04	1.974643e-09	1.441660e-03	3.309120e+06	2.835563e+01	2.070206e+07	
4.400000e+00	1.442716e+10	2.493162e+10	1.103909e+01	8.482300e+01	7.686538e+01	6.963020e+00	3.955925e-01	0.000000e+00	0.000000e+00	0.000000e+00	2.332251e-04	1.981033e-09	1.444525e-03	3.364775e+06	2.858068e+01	2.084039e+07	
4.450000e+00	1.449143e+10	2.564127e+10	1.104118e+01	8.482300e+01	7.687998e+01	6.963020e+00	4.188500e-01	0.000000e+00	0.000000e+00	0.000000e+00	2.357762e-04	1.980428e-09	1.447348e-03	3.416735e+06	2.869925e+01	2.097415e+07	
4.500000e+00	1.456776e+10	2.631836e+10	1.105260e+01	8.482300e+01	7.695947e+01	6.963020e+00	4.322309e-01	0.000000e+00	0.000000e+00	0.000000e+00	2.382589e-04	1.990476e-09	1.450720e-03	3.470897e+06	2.899677e+01	2.113374e+07	
4.550000e+00	1.464717e+10	2.608940e+10	1.106645e+01	8.482300e+01	7.705590e+01	6.963020e+00	4.402030e-01	0.000000e+00	0.000000e+00	0.000000e+00	2.406237e-04	2.014383e-09	1.454497e-03	3.524455e+06	2.950500e+01	2.130425e+07	
4.600000e+00	1.472577e+10	2.655565e+10	1.107977e+01	8.482300e+01	7.714865e+01	6.963020e+00	4.423911e-01	0.000000e+00	0.000000e+00	0.000000e+00	2.413366e-04	2.043606e-09	1.458150e-03	3.553868e+06	3.009368e+01	2.147238e+07	
4.650000e+00	1.480058e+10	2.611719e+10	1.109032e+01	8.482300e+01	7.722213e+01	6.963020e+00	4.443659e-01	0.000000e+00	0.000000e+00	0.000000e+00	2.426920e-04	2.071305e-09	1.461970e-03	3.591983e+06	3.065652e+01	2.163800e+07	
4.700000e+00	1.487252e+10	2.527291e+10	1.109883e+01	8.482300e+01	7.728137e+01	6.963020e+00	4.451995e-01	0.000000e+00	0.000000e+00	0.000000e+00	2.428583e-04	2.097691e-09	1.465512e-03	3.611915e+06	3.119795e+01	2.179585e+07	
4.750000e+00	1.494172e+10	2.482236e+10	1.110542e+01	8.482300e+01	7.732725e+01	6.963020e+00	4.233705e-01	0.000000e+00	0.000000e+00	0.000000e+00	2.413056e-04	2.129518e-09	1.468601e-03	3.605520e+06	3.181865e+01	2.194342e+07	
4.800000e+00	1.499632e+10	2.485550e+10	1.110133e+01	8.482300e+01	7.729877e+01	6.963020e+00	4.120088e-01	0.000000e+00	0.000000e+00	0.000000e+00	2.397830e-04	2.170952e-09	1.471071e-03	3.595863e+06	3.255629e+01	2.206065e+07	
4.850000e+00	1.504616e+10	2.447879e+10	1.109393e+01	8.482300e+01	7.724728e+01	6.963020e+00	4.004019e-01	0.000000e+00	0.000000e+00	0.000000e+00	2.392250e-04	2.215519e-09	1.473197e-03	3.599416e+06	3.333504e+01	2.216595e+07	
4.900000e+00	1.509235e+10	2.382543e+10	1.108409e+01	8.482300e+01	7.717877e+01	6.963020e+00	3.898070e-01	0.000000e+00	0.000000e+00	0.000000e+00	2.387423e-04	2.236164e-09	1.474839e-03	3.603182e+06	3.374897e+01	2.225879e+07	
4.950000e+00	1.513639e+10	2.330793e+10	1.107293e+01	8.482300e+01	7.710102e+01	6.963020e+00	3.824997e-01	0.000000e+00	0.000000e+00	0.000000e+00	2.379860e-04	2.238607e-09	1.476065e-03	3.602248e+06	3.388443e+01	2.234229e+07	
5.000000e+00	1.518061e+10	2.400069e+10	1.106215e+01	8.482300e+01	7.702598e+01	6.963020e+00	3.843985e-01	0.000000e+00	0.000000e+00	0.000000e+00	2.371071e-04	2.204870e-09	1.476816e-03	3.599430e+06	3.347127e+01	2.241897e+07	
5.050000e+00	1.522997e+10	2.396102e+10	1.105535e+01	8.482300e+01	7.697863e+01	6.963020e+00	3.803100e-01	0.000000e+00	0.000000e+00	0.000000e+00	2.373289e-04	2.189068e-09	1.477731e-03	3.614511e+06	3.333943e+01	2.250579e+07	
5.100000e+00	1.527964e+10	2.434032e+10	1.104899e+01	8.482300e+01	7.693437e+01	6.963020e+00	3.813825e-01	0.000000e+00	0.000000e+00	0.000000e+00	2.376894e-04	2.160762e-09	1.478671e-03	3.631808e+06	3.301567e+01	2.259356e+07	
5.150000e+00	1.533232e+10	2.472891e+10	1.104501e+01	8.482300e+01	7.690662e+01	6.963020e+00	3.847907e-01	0.000000e+00	0.000000e+00	0.000000e+00	2.384652e-04	2.148682e-09	1.479835e-03	3.656224e+06	3.294428e+01	2.268929e+07	
5.200000e+00	1.538839e+10	2.515027e+10	1.104365e+01	8.482300e+01	7.689714e+01	6.963020e+00	3.872180e-01	0.000000e+00	0.000000e+00	0.000000e+00	2.395378e-04	2.151354e-09	1.481439e-03	3.686101e+06	3.310587e+01	2.279696e+07	
5.250000e+00	1.544631e+10	2.557046e+10	1.104378e+01	8.482300e+01	7.689805e+01	6.963020e+00	3.891802e-01	0.000000e+00	0.000000e+00	0.000000e+00	2.408714e-04	2.166362e-09	1.483353e-03	3.720575e+06	3.346231e+01	2.291233e+07	
5.300000e+00	1.550527e+10	2.595494e+10	1.104480e+01	8.482300e+01	7.690515e+01	6.963020e+00	3.907919e-01	0.000000e+00	0.000000e+00	0.000000e+00	2.424140e-04	2.188806e-09	1.485483e-03	3.758694e+06	3.393804e+01	2.303281e+07	
5.350000e+00	1.556474e+10	2.589532e+10	1.104632e+01	8.482300e+01	7.691574e+01	6.963020e+00	3.908719e-01	0.000000e+00	0.000000e+00	0.000000e+00	2.440433e-04	2.215180e-09	1.487742e-03	3.798470e+06	3.447870e+01	2.315631e+07	
5.400000e+00	1.562367e+10	2.556102e+10	1.104760e+01	8.482300e+01	7.692467e+01	6.963020e+00	3.896642e-01	0.000000e+00	0.000000e+00	0.000000e+00	2.451517e-04	2.244402e-09	1.490057e-03	3.830168e+06	3.506579e+01	2.328015e+07	
5.450000e+00	1.568145e+10	2.576728e+10	1.104821e+01	8.482300e+01	7.692890e+01	6.963020e+00	3.897701e-01	0.000000e+00	0.000000e+00	0.000000e+00	2.454537e-04	2.277615e-09	1.492317e-03	3.849069e+06	3.571630e+01	2.340169e+07	
5.500000e+00	1.573906e+10	2.597351e+10	1.104884e+01	8.482300e+01	7.693326e+01	6.963020e+00	3.898449e-01	0.000000e+00	0.000000e+00	0.000000e+00	2.460543e-04	2.316346e-09	1.494646e-03	3.872662e+06	3.645710e+01	2.352431e+07	
5.550000e+00	1.579647e+10	2.574126e+10	1.104946e+01	8.482300e+01	7.693764e+01	6.963020e+00	3.874307e-01	0.000000e+00	0.000000e+00	0.000000e+00	2.468642e-04	2.359835e-09	1.497007e-03	3.899582e+06	3.727705e+01	2.364743e+07	
5.600000e+00	1.585231e+10	2.550547e+10	1.104913e+01	8.482300e+01	7.693533e+01	6.963020e+00	3.845977e-01	0.000000e+00	0.000000e+00	0.000000e+00	2.473703e-04	2.388660e-09	1.499190e-03	3.921390e+06	3.786578e+01	2.376561e+07	
5.650000e+00	1.590671e+10	2.555736e+10	1.104794e+01	8.482300e+01	7.692704e+01	6.963020e+00	3.838757e-01	0.000000e+00	0.000000e+00	0.000000e+00	2.476742e-04	2.406015e-09	1.501216e-03	3.939681e+06	3.827178e+01	2.387940e+07	
5.700000e+00	1.596116e+10	2.560958e+10	1.104693e+01	8.482300e+01	7.692001e+01	6.963020e+00	3.831851e-01	0.000000e+00	0.000000e+00	0.000000e+00	2.480594e-04	2.417483e-09	1.503132e-03	3.959316e+06	3.858583e+01	2.399172e+07	
5.750000e+00	1.601561e+10	2.594948e+10	1.104607e+01	8.482300e+01	7.691397e+01	6.963020e+00	3.845925e-01	0.000000e+00	0.000000e+00	0.000000e+00	2.484940e-04	2.424623e-09	1.504964e-03	3.979784e+06	3.883182e+01	2.410293e+07	
5.800000e+00	1.607117e+10	2.628866e+10	1.104610e+01	8.482300e+01	7.691420e+01	6.963020e+00	3.858811e-01	0.000000e+00	0.000000e+00	0.000000e+00	2.491948e-04	2.431446e-09	1.506767e-03	4.004853e+06	3.907619e+01	2.421552e+07	
5.850000e+00	1.612743e+10	2.662720e+10	1.104674e+01	8.482300e+01	7.691866e+01	6.963020e+00	3.870721e-01	0.000000e+00	0.000000e+00	0.000000e+00	2.500909e-04	2.438093e-09	1.508568e-03	4.033325e+06	3.932018e+01	2.432932e+07	
5.900000e+00	1.618411e+10	2.696517e+10	1.104779e+01	8.482300e+01	7.692597e+01	6.963020e+00	3.881812e-01	0.000000e+00	0.000000e+00	0.000000e+00	2.511299e-04	2.444672e-09	1.510378e-03	4.064314e+06	3.956484e+01	2.444412e+07	
5.950000e+00	1.624100e+10	2.730260e+10	1.104911e+01	8.482300e+01	7.693514e+01	6.963020e+00	3.892206e-01	0.000000e+00	0.000000e+00	0.000000e+00	2.522730e-04	2.451267e-09	1.512203e-03	4.097164e+06	3.981101e+01	2.455969e+07	
6.000000e+00	1.629796e+10	2.737267e+10	1.105059e+01	8.482300e+01	7.694547e+01	6.963020e+00	3.896737e-01	0.000000e+00	0.000000e+00	0.000000e+00	2.534913e-04	2.457936e-09	1.514042e-03	4.131391e+06	4.005935e+01	2.467580e+07	
6.050000e+00	1.635461e+10	2.744248e+10	1.105198e+01	8.482300e+01	7.695513e+01	6.963020e+00	3.900870e-01	0.000000e+00	0.000000e+00	0.000000e+00	2.542862e-04	2.464399e-09	1.515814e-03	4.158754e+06	4.030429e+01	2.479056e+07	
6.100000e+00	1.641097e+10	2.724460e+10	1.105328e+01	8.482300e+01	7.696419e+01	6.963020e+00	3.899281e-01	0.000000e+00	0.000000e+00	0.000000e+00	2.547638e-04	2.470771e-09	1.517530e-03	4.180922e+06	4.054775e+01	2.490414e+07	
6.150000e+00	1.646675e+10	2.731374e+10	1.105430e+01	8.482300e+01	7.697132e+01	6.963020e+00	3.902776e-01	0.000000e+00	0.000000e+00	0.000000e+00	2.545301e-04	2.476690e-09	1.519121e-03	4.191282e+06	4.078303e+01	2.501498e+07	
6.200000e+00	1.652233e+10	2.738267e+10	1.105531e+01	8.482300e+01	7.697832e+01	6.963020e+00	3.905987e-01	0.000000e+00	0.000000e+00	0.000000e+00	2.542348e-04	2.482494e-09	1.520684e-03	4.200551e+06	4.101657e+01	2.512524e+07	
6.250000e+00	1.657771e+10	2.771909e+10	1.105629e+01	8.482300e+01	7.698515e+01	6.963020e+00	3.914324e-01	0.000000e+00	0.000000e+00	0.000000e+00	2.538895e-04	2.488113e-09	1.522223e-03	4.208906e+06	4.124720e+01	2.523496e+07	
6.300000e+00	1.663317e+10	2.760229e+10	1.105744e+01	8.482300e+01	7.699317e+01	6.963020e+00	3.907952e-01	0.000000e+00	0.000000e+00	0.000000e+00	2.539711e-04	2.493854e-09	1.523814e-03	4.224346e+06	4.148070e+01	2.534587e+07	
6.350000e+00	1.668785e+10	2.748565e+10	1.105817e+01	8.482300e+01	7.699829e+01	6.963020e+00	3.902263e-01	0.000000e+00	0.000000e+00	0.000000e+00	2.536116e-04	2.490791e-09	1.525229e-03	4.232234e+06	4.156596e+01	2.545279e+07	
6.400000e+00	1.674194e+10	2.652331e+10	1.105863e+01	8.482300e+01	7.700144e+01	6.963020e+00	3.966176e-01	0.000000e+00	0.000000e+00	0.000000e+00	2.529191e-04	2.480087e-09	1.526503e-03	4.234357e+06	4.152147e+01	2.555662e+07	
6.450000e+00	1.679939e+10	2.595463e+10	1.106140e+01	8.482300e+01	7.702077e+01	6.963020e+00	4.023628e-01	0.000000e+00	0.000000e+00	0.000000e+00	2.509796e-04	2.478460e-09	1.527622e-03	4.216304e+06	4.163660e+01	2.566312e+07	
6.500000e+00	1.685896e+10	2.537499e+10	1.106567e+01	8.482300e+01	7.705046e+01	6.963020e+00	4.070551e-01	0.000000e+00	0.000000e+00	0.000000e+00	2.488069e-04	2.487018e-09	1.528804e-03	4.194627e+06	4.192855e+01	2.577406e+07	
6.550000e+00	1.691953e+10	2.539672e+10	1.107066e+01	8.482300e+01	7.708522e+01	6.963020e+00	4.111656e-01	0.000000e+00	0.000000e+00	0.000000e+00	2.464580e-04	2.509954e-09	1.530049e-03	4.169953e+06	4.246723e+01	2.588771e+07	
6.600000e+00	1.698048e+10	2.631605e+10	1.107598e+01	8.482300e+01	7.712227e+01	6.963020e+00	4.165717e-01	0.000000e+00	0.000000e+00	0.000000e+00	2.444979e-04	2.544665e-09	1.531524e-03	4.151690e+06	4.320963e+01	2.600600e+07	
6.650000e+00	1.704241e+10	2.533261e+10	1.108202e+01	8.482300e+01	7.716430e+01	6.963020e+00	4.114024e-01	0.000000e+00	0.000000e+00	0.000000e+00	2.439058e-04	2.599102e-09	1.533463e-03	4.156743e+06	4.429496e+01	2.613391e+07	
6.700000e+00	1.709920e+10	2.436377e+10	1.108479e+01	8.482300e+01	7.718359e+01	6.963020e+00	4.149755e-01	0.000000e+00	0.000000e+00	0.000000e+00	2.424647e-04	2.653678e-09	1.535086e-03	4.145953e+06	4.537578e+01	2.624875e+07	
6.750000e+00	1.715693e+10	2.427455e+10	1.108825e+01	8.482300e+01	7.720769e+01	6.963020e+00	4.109474e-01	0.000000e+00	0.000000e+00	0.000000e+00	2.399783e-04	2.719167e-09	1.536493e-03	4.117292e+06	4.665255e+01	2.636150e+07	
6.800000e+00	1.721112e+10	2.507114e+10	1.108951e+01	8.482300e+01	7.721648e+01	6.963020e+00	4.214251e-01	0.000000e+00	0.000000e+00	0.000000e+00	2.378237e-04	2.771665e-09	1.537818e-03	4.093211e+06	4.770345e+01	2.646756e+07	
6.850000e+00	1.727064e+10	2.499175e+10	1.109429e+01	8.482300e+01	7.724978e+01	6.963020e+00	4.244876e-01	0.000000e+00	0.000000e+00	0.000000e+00	2.365198e-04	2.869976e-09	1.539528e-03	4.084847e+06	4.956632e+01	2.658864e+07	
6.900000e+00	1.733005e+10	2.485626e+10	1.109908e+01	8.482300e+01	7.728311e+01	6.963020e+00	4.187821e-01	0.000000e+00	0.000000e+00	0.000000e+00	2.348756e-04	2.954812e-09	1.541179e-03	4.070406e+06	5.120705e+01	2.670872e+07	
6.950000e+00	1.738450e+10	2.555516e+10	1.110076e+01	8.482300e+01	7.729483e+01	6.963020e+00	4.200210e-01	0.000000e+00	0.000000e+00	0.000000e+00	2.333310e-04	3.007513e-09	1.542622e-03	4.056342e+06	5.228410e+01	2.681772e+07	
7.000000e+00	1.743900e+10	2.579842e+10	1.110257e+01	8.482300e+01	7.730740e+01	6.963020e+00	4.165578e-01	0.000000e+00	0.000000e+00	0.000000e+00	2.328118e-04	3.075293e-09	1.544223e-03	4.060005e+06	5.363002e+01	2.692971e+07	
7.050000e+00	1.749089e+10	2.604332e+10	1.110281e+01	8.482300e+01	7.730906e+01	6.963020e+00	4.138028e-01	0.000000e+00	0.000000e+00	0.000000e+00	2.327577e-04	3.108545e-09	1.545704e-03	4.071139e+06	5.437123e+01	2.703573e+07	
7.100000e+00	1.754117e+10	2.723481e+10	1.110211e+01	8.482300e+01	7.730425e+01	6.963020e+00	4.174966e-01	0.000000e+00	0.000000e+00	0.000000e+00	2.330602e-04	3.109800e-09	1.547070e-03	4.088147e+06	5.454953e+01	2.713741e+07	
7.150000e+00	1.759375e+10	2.831436e+10	1.110298e+01	8.482300e+01	7.731027e+01	6.963020e+00	4.228498e-01	0.000000e+00	0.000000e+00	0.000000e+00	2.348014e-04	3.127644e-09	1.548796e-03	4.131038e+06	5.502700e+01	2.724913e+07	
7.200000e+00	1.764899e+10	2.855895e+10	1.110560e+01	8.482300e+01	7.732851e+01	6.963020e+00	4.207979e-01	0.000000e+00	0.000000e+00	0.000000e+00	2.375168e-04	3.123959e-09	1.550621e-03	4.191930e+06	5.513470e+01	2.736689e+07	
7.250000e+00	1.770209e+10	2.880443e+10	1.110696e+01	8.482300e+01	7.733799e+01	6.963020e+00	4.190857e-01	0.000000e+00	0.000000e+00	0.000000e+00	2.399598e-04	3.094786e-09	1.552326e-03	4.247790e+06	5.478418e+01	2.747942e+07	
7.300000e+00	1.775373e+10	3.007311e+10	1.110749e+01	8.482300e+01	7.734167e+01	6.963020e+00	4.198317e-01	0.000000e+00	0.000000e+00	0.000000e+00	2.421999e-04	3.050249e-09	1.553917e-03	4.299953e+06	5.415330e+01	2.758783e+07	
7.350000e+00	1.780559e+10	3.081310e+10	1.110824e+01	8.482300e+01	7.734690e+01	6.963020e+00	4.238178e-01	0.000000e+00	0.000000e+00	0.000000e+00	2.459752e-04	3.006894e-09	1.555863e-03	4.379734e+06	5.353952e+01	2.770305e+07	
7.400000e+00	1.785938e+10	3.159592e+10	1.111028e+01	8.482300e+01	7.736108e+01	6.963020e+00	4.248583e-01	0.000000e+00	0.000000e+00	0.000000e+00	2.496002e-04	3.000867e-09	1.557902e-03	4.457704e+06	5.359361e+01	2.782316e+07	
7.450000e+00	1.791297e+10	3.221545e+10	1.111227e+01	8.482300e+01	7.737498e+01	6.963020e+00	4.238390e-01	0.000000e+00	0.000000e+00	0.000000e+00	2.536111e-04	2.997564e-09	1.560181e-03	4.542928e+06	5.369528e+01	2.794747e+07	
7.500000e+00	1.796525e+10	3.209476e+10	1.111353e+01	8.482300e+01	7.738373e+01	6.963020e+00	4.145295e-01	0.000000e+00	0.000000e+00	0.000000e+00	2.576955e-04	2.979059e-09	1.562317e-03	4.629564e+06	5.351953e+01	2.806742e+07	
7.550000e+00	1.801188e+10	3.199623e+10	1.111138e+01	8.482300e+01	7.736878e+01	6.963020e+00	4.065761e-01	0.000000e+00	0.000000e+00	0.000000e+00	2.612539e-04	2.935653e-09	1.564182e-03	4.705674e+06	5.287663e+01	2.817386e+07	
7.600000e+00	1.805490e+10	3.196645e+10	1.110711e+01	8.482300e+01	7.733905e+01	6.963020e+00	3.769489e-01	0.000000e+00	0.000000e+00	0.000000e+00	2.641599e-04	2.887151e-09	1.565766e-03	4.769381e+06	5.212723e+01	2.826975e+07	
7.650000e+00	1.808309e+10	3.266107e+10	1.109385e+01	8.482300e+01	7.724668e+01	6.963020e+00	3.885761e-01	0.000000e+00	0.000000e+00	0.000000e+00	2.671315e-04	2.840329e-09	1.567144e-03	4.830562e+06	5.136192e+01	2.833880e+07	
7.700000e+00	1.812275e+10	3.377070e+10	1.108776e+01	8.482300e+01	7.720430e+01	6.963020e+00	4.059246e-01	0.000000e+00	0.000000e+00	0.000000e+00	2.707050e-04	2.790233e-09	1.568376e-03	4.905919e+06	5.056670e+01	2.842329e+07	
7.750000e+00	1.817434e+10	3.367935e+10	1.108907e+01	8.482300e+01	7.721339e+01	6.963020e+00	4.103159e-01	0.000000e+00	0.000000e+00	0.000000e+00	2.745016e-04	2.770618e-09	1.569881e-03	4.988885e+06	5.035414e+01	2.853155e+07	
7.800000e+00	1.822787e+10	3.440271e+10	1.109163e+01	8.482300e+01	7.723122e+01	6.963020e+00	3.971284e-01	0.000000e+00	0.000000e+00	0.000000e+00	2.772110e-04	2.749856e-09	1.571386e-03	5.052966e+06	5.012401e+01	2.864301e+07	
7.850000e+00	1.827311e+10	3.434887e+10	1.108923e+01	8.482300e+01	7.721453e+01	6.963020e+00	3.931042e-01	0.000000e+00	0.000000e+00	0.000000e+00	2.812131e-04	2.723239e-09	1.573048e-03	5.138639e+06	4.976206e+01	2.874449e+07	
7.900000e+00	1.831704e+10	3.470294e+10	1.108612e+01	8.482300e+01	7.719290e+01	6.963020e+00	3.839888e-01	0.000000e+00	0.000000e+00	0.000000e+00	2.843034e-04	2.694770e-09	1.574430e-03	5.207596e+06	4.936021e+01	2.883890e+07	
7.950000e+00	1.835708e+10	3.591903e+10	1.108077e+01	8.482300e+01	7.715564e+01	6.963020e+00	3.974262e-01	0.000000e+00	0.000000e+00	0.000000e+00	2.877472e-04	2.664388e-09	1.575762e-03	5.282199e+06	4.891040e+01	2.892639e+07	
8.000000e+00	1.840660e+10	3.628740e+10	1.108123e+01	8.482300e+01	7.715883e+01	6.963020e+00	4.034740e-01	0.000000e+00	0.000000e+00	0.000000e+00	2.915891e-04	2.670769e-09	1.577366e-03	5.367165e+06	4.915978e+01	2.903396e+07	
8.050000e+00	1.845930e+10	3.606450e+10	1.108367e+01	8.482300e+01	7.717583e+01	6.963020e+00	3.878118e-01	0.000000e+00	0.000000e+00	0.000000e+00	2.946149e-04	2.703404e-09	1.578959e-03	5.438384e+06	4.990294e+01	2.914648e+07	
8.100000e+00	1.850239e+10	3.595342e+10	1.108043e+01	8.482300e+01	7.715323e+01	6.963020e+00	3.910270e-01	0.000000e+00	0.000000e+00	0.000000e+00	2.968392e-04	2.716391e-09	1.580227e-03	5.492235e+06	5.025973e+01	2.923797e+07	
8.150000e+00	1.854850e+10	3.657114e+10	1.107907e+01	8.482300e+01	7.714380e+01	6.963020e+00	4.034595e-01	0.000000e+00	0.000000e+00	0.000000e+00	2.984901e-04	2.715366e-09	1.581277e-03	5.536543e+06	5.036597e+01	2.933032e+07	
8.200000e+00	1.860200e+10	3.722022e+10	1.108221e+01	8.482300e+01	7.716564e+01	6.963020e+00	4.010356e-01	0.000000e+00	0.000000e+00	0.000000e+00	2.998805e-04	2.716190e-09	1.582321e-03	5.578378e+06	5.052656e+01	2.943434e+07	
8.250000e+00	1.865298e+10	3.743564e+10	1.108390e+01	8.482300e+01	7.717741e+01	6.963020e+00	3.925593e-01	0.000000e+00	0.000000e+00	0.000000e+00	3.016966e-04	2.719987e-09	1.583525e-03	5.627540e+06	5.073585e+01	2.953746e+07	
8.300000e+00	1.869862e+10	3.692742e+10	1.108249e+01	8.482300e+01	7.716762e+01	6.963020e+00	3.856023e-01	0.000000e+00	0.000000e+00	0.000000e+00	3.035380e-04	2.705031e-09	1.584694e-03	5.675741e+06	5.058034e+01	2.963159e+07	
8.350000e+00	1.874093e+10	3.796878e+10	1.107920e+01	8.482300e+01	7.714470e+01	6.963020e+00	3.962719e-01	0.000000e+00	0.000000e+00	0.000000e+00	3.044096e-04	2.677842e-09	1.585587e-03	5.704920e+06	5.018526e+01	2.971537e+07	
8.400000e+00	1.879041e+10	3.838426e+10	1.108022e+01	8.482300e+01	7.715179e+01	6.963020e+00	3.729694e-01	0.000000e+00	0.000000e+00	0.000000e+00	3.059049e-04	2.672418e-09	1.586690e-03	5.748077e+06	5.021581e+01	2.981454e+07	
8.450000e+00	1.882659e+10	3.638632e+10	1.107348e+01	8.482300e+01	7.710488e+01	6.963020e+00	3.636277e-01	0.000000e+00	0.000000e+00	0.000000e+00	3.081802e-04	2.662481e-09	1.587908e-03	5.801981e+06	5.012544e+01	2.989488e+07	
8.500000e+00	1.886015e+10	3.531769e+10	1.106532e+01	8.482300e+01	7.704802e+01	6.963020e+00	3.751962e-01	0.000000e+00	0.000000e+00	0.000000e+00	3.089121e-04	2.615775e-09	1.588401e-03	5.826127e+06	4.933391e+01	2.995748e+07	
8.550000e+00	1.890322e+10	3.522421e+10	1.106282e+01	8.482300e+01	7.703066e+01	6.963020e+00	3.816189e-01	0.000000e+00	0.000000e+00	0.000000e+00	3.090622e-04	2.566730e-09	1.588689e-03	5.842268e+06	4.851945e+01	3.003133e+07	
8.600000e+00	1.895078e+10	3.542985e+10	1.106304e+01	8.482300e+01	7.703214e+01	6.963020e+00	4.033035e-01	0.000000e+00	0.000000e+00	0.000000e+00	3.089309e-04	2.522259e-09	1.589037e-03	5.854481e+06	4.779878e+01	3.011349e+07	
8.650000e+00	1.901026e+10	3.536328e+10	1.107026e+01	8.482300e+01	7.708241e+01	6.963020e+00	3.927180e-01	0.000000e+00	0.000000e+00	0.000000e+00	3.085753e-04	2.493437e-09	1.589757e-03	5.866097e+06	4.740088e+01	3.022169e+07	
8.700000e+00	1.906115e+10	3.582738e+10	1.107252e+01	8.482300e+01	7.709816e+01	6.963020e+00	3.898111e-01	0.000000e+00	0.000000e+00	0.000000e+00	3.082875e-04	2.469308e-09	1.590779e-03	5.876315e+06	4.706786e+01	3.032209e+07	
8.750000e+00	1.910958e+10	3.631570e+10	1.107341e+01	8.482300e+01	7.710435e+01	6.963020e+00	3.915212e-01	0.000000e+00	0.000000e+00	0.000000e+00	3.082967e-04	2.456837e-09	1.591618e-03	5.891419e+06	4.694912e+01	3.041515e+07	
8.800000e+00	1.915861e+10	3.646924e+10	1.107471e+01	8.482300e+01	7.711343e+01	6.963020e+00	4.068646e-01	0.000000e+00	0.000000e+00	0.000000e+00	3.087641e-04	2.446899e-09	1.592387e-03	5.915491e+06	4.687919e+01	3.050793e+07	
8.850000e+00	1.921565e+10	3.621302e+10	1.108069e+01	8.482300e+01	7.715506e+01	6.963020e+00	4.045566e-01	0.000000e+00	0.000000e+00	0.000000e+00	3.089025e-04	2.435777e-09	1.592996e-03	5.935763e+06	4.680503e+01	3.061045e+07	
8.900000e+00	1.926915e+10	3.575504e+10	1.108467e+01	8.482300e+01	7.718277e+01	6.963020e+00	3.783731e-01	0.000000e+00	0.000000e+00	0.000000e+00	3.085900e-04	2.432574e-09	1.593642e-03	5.946268e+06	4.687364e+01	3.070812e+07	
8.950000e+00	1.930664e+10	3.526996e+10	1.107950e+01	8.482300e+01	7.714679e+01	6.963020e+00	3.610992e-01	0.000000e+00	0.000000e+00	0.000000e+00	3.083625e-04	2.426621e-09	1.594469e-03	5.953443e+06	4.684989e+01	3.078383e+07	
9.000000e+00	1.933651e+10	3.471369e+10	1.107007e+01	8.482300e+01	7.708110e+01	6.963020e+00	3.565376e-01	0.000000e+00	0.000000e+00	0.000000e+00	3.081971e-04	2.390573e-09	1.595064e-03	5.959456e+06	4.622535e+01	3.084297e+07	
9.050000e+00	1.936745e+10	3.549841e+10	1.106135e+01	8.482300e+01	7.702038e+01	6.963020e+00	3.835634e-01	0.000000e+00	0.000000e+00	0.000000e+00	3.072098e-04	2.393759e-09	1.595423e-03	5.949870e+06	4.636101e+01	3.089928e+07	
9.100000e+00	1.941665e+10	3.625230e+10	1.106314e+01	8.482300e+01	7.703285e+01	6.963020e+00	4.042545e-01	0.000000e+00	0.000000e+00	0.000000e+00	3.067874e-04	2.411258e-09	1.596051e-03	5.956783e+06	4.681854e+01	3.098995e+07	
9.150000e+00	1.947662e+10	3.702572e+10	1.107110e+01	8.482300e+01	7.708830e+01	6.963020e+00	4.202768e-01	0.000000e+00	0.000000e+00	0.000000e+00	3.064810e-04	2.481913e-09	1.597138e-03	5.969214e+06	4.833926e+01	3.110684e+07	
9.200000e+00	1.954244e+10	3.691417e+10	1.108241e+01	8.482300e+01	7.716706e+01	6.963020e+00	4.026711e-01	0.000000e+00	0.000000e+00	0.000000e+00	3.065993e-04	2.551147e-09	1.598679e-03	5.991699e+06	4.985564e+01	3.124209e+07	
9.250000e+00	1.959425e+10	3.811617e+10	1.108580e+01	8.482300e+01	7.719063e+01	6.963020e+00	4.075145e-01	0.000000e+00	0.000000e+00	0.000000e+00	3.071600e-04	2.587225e-09	1.600216e-03	6.018569e+06	5.069472e+01	3.135504e+07	
9.300000e+00	1.964746e+10	3.924581e+10	1.109002e+01	8.482300e+01	7.722004e+01	6.963020e+00	4.316084e-01	0.000000e+00	0.000000e+00	0.000000e+00	3.086765e-04	2.652460e-09	1.601901e-03	6.064708e+06	5.211410e+01	3.147328e+07	
9.350000e+00	1.971243e+10	3.956188e+10	1.110091e+01	8.482300e+01	7.729586e+01	6.963020e+00	4.217224e-01	0.000000e+00	0.000000e+00	0.000000e+00	3.105563e-04	2.719902e-09	1.603684e-03	6.121820e+06	5.361588e+01	3.161251e+07	
9.400000e+00	1.976782e+10	4.027247e+10	1.110642e+01	8.482300e+01	7.733423e+01	6.963020e+00	4.227677e-01	0.000000e+00	0.000000e+00	0.000000e+00	3.123892e-04	2.773328e-09	1.605463e-03	6.175254e+06	5.482263e+01	3.173651e+07	
9.450000e+00	1.982171e+10	4.087868e+10	1.111113e+01	8.482300e+01	7.736699e+01	6.963020e+00	4.255669e-01	0.000000e+00	0.000000e+00	0.000000e+00	3.144281e-04	2.849319e-09	1.607315e-03	6.232501e+06	5.647836e+01	3.185972e+07	
9.500000e+00	1.987538e+10	4.150268e+10	1.111575e+01	8.482300e+01	7.739916e+01	6.963020e+00	4.300814e-01	0.000000e+00	0.000000e+00	0.000000e+00	3.163775e-04	2.911554e-09	1.609055e-03	6.288123e+06	5.786823e+01	3.198058e+07	
9.550000e+00	1.992982e+10	4.164901e+10	1.112083e+01	8.482300e+01	7.743456e+01	6.963020e+00	4.319398e-01	0.000000e+00	0.000000e+00	0.000000e+00	3.183908e-04	2.954003e-09	1.610866e-03	6.345471e+06	5.887273e+01	3.210425e+07	
9.600000e+00	1.998337e+10	4.282406e+10	1.112546e+01	8.482300e+01	7.746679e+01	6.963020e+00	4.311458e-01	0.000000e+00	0.000000e+00	0.000000e+00	3.199284e-04	2.974112e-09	1.612520e-03	6.393248e+06	5.943278e+01	3.222360e+07	
9.650000e+00	2.003475e+10	4.280537e+10	1.112891e+01	8.482300e+01	7.749082e+01	6.963020e+00	4.277780e-01	0.000000e+00	0.000000e+00	0.000000e+00	3.223383e-04	3.030063e-09	1.614496e-03	6.457967e+06	6.070653e+01	3.234602e+07	
9.700000e+00	2.008294e+10	4.378974e+10	1.113064e+01	8.482300e+01	7.750288e+01	6.963020e+00	4.255969e-01	0.000000e+00	0.000000e+00	0.000000e+00	3.242167e-04	3.059606e-09	1.616339e-03	6.511226e+06	6.144589e+01	3.246085e+07	
9.750000e+00	2.012928e+10	4.412040e+10	1.113139e+01	8.482300e+01	7.750809e+01	6.963020e+00	4.215666e-01	0.000000e+00	0.000000e+00	0.000000e+00	3.273268e-04	3.068217e-09	1.618427e-03	6.588852e+06	6.176098e+01	3.257777e+07	
9.800000e+00	2.017308e+10	4.398775e+10	1.113080e+01	8.482300e+01	7.750397e+01	6.963020e+00	4.187827e-01	0.000000e+00	0.000000e+00	0.000000e+00	3.303621e-04	3.069716e-09	1.620432e-03	6.664423e+06	6.192564e+01	3.268910e+07	
9.850000e+00	2.021556e+10	4.419906e+10	1.112953e+01	8.482300e+01	7.749516e+01	6.963020e+00	4.134714e-01	0.000000e+00	0.000000e+00	0.000000e+00	3.328015e-04	3.049537e-09	1.622124e-03	6.727771e+06	6.164811e+01	3.279216e+07	
9.900000e+00	2.025557e+10	4.487235e+10	1.112697e+01	8.482300e+01	7.747728e+01	6.963020e+00	3.965851e-01	0.000000e+00	0.000000e+00	0.000000e+00	3.352502e-04	3.021755e-09	1.623545e-03	6.790683e+06	6.120736e+01	3.288583e+07	
9.950000e+00	2.028714e+10	4.479204e+10	1.111985e+01	8.482300e+01	7.742771e+01	6.963020e+00	4.053232e-01	0.000000e+00	0.000000e+00	0.000000e+00	3.383292e-04	3.002811e-09	1.625021e-03	6.863734e+06	6.091847e+01	3.296703e+07	
1.000000e+01	2.032627e+10	4.381176e+10	1.111694e+01	8.482300e+01	7.740748e+01	6.963020e+00	3.732672e-01	0.000000e+00	0.000000e+00	0.000000e+00	3.407866e-04	2.985016e-09	1.626227e-03	6.926922e+06	6.067424e+01	3.305513e+07	
1.005000e+01	2.034868e+10	4.364170e+10	1.110498e+01	8.482300e+01	7.732417e+01	6.963020e+00	3.618240e-01	0.000000e+00	0.000000e+00	0.000000e+00	3.422097e-04	2.973350e-09	1.627116e-03	6.963517e+06	6.050375e+01	3.310967e+07	
1.010000e+01	2.036928e+10	4.403886e+10	1.109213e+01	8.482300e+01	7.723471e+01	6.963020e+00	3.784188e-01	0.000000e+00	0.000000e+00	0.000000e+00	3.434762e-04	2.937855e-09	1.627615e-03	6.996362e+06	5.984197e+01	3.315335e+07	
1.015000e+01	2.040396e+10	4.417380e+10	1.108704e+01	8.482300e+01	7.719930e+01	6.963020e+00	3.762080e-01	0.000000e+00	0.000000e+00	0.000000e+00	3.444743e-04	2.888903e-09	1.627656e-03	7.028640e+06	5.894507e+01	3.321063e+07	
1.020000e+01	2.043934e+10	4.539871e+10	1.108241e+01	8.482300e+01	7.716705e+01	6.963020e+00	4.026075e-01	0.000000e+00	0.000000e+00	0.000000e+00	3.449006e-04	2.844341e-09	1.627635e-03	7.049542e+06	5.813647e+01	3.326779e+07	
1.025000e+01	2.049111e+10	4.596414e+10	1.108672e+01	8.482300e+01	7.719702e+01	6.963020e+00	4.104724e-01	0.000000e+00	0.000000e+00	0.000000e+00	3.461809e-04	2.821113e-09	1.628252e-03	7.093632e+06	5.780775e+01	3.336471e+07	
1.030000e+01	2.054562e+10	4.615986e+10	1.109253e+01	8.482300e+01	7.723749e+01	6.963020e+00	4.110937e-01	0.000000e+00	0.000000e+00	0.000000e+00	3.478512e-04	2.779743e-09	1.629027e-03	7.146817e+06	5.711153e+01	3.346937e+07	
1.035000e+01	2.059827e+10	4.599110e+10	1.109737e+01	8.482300e+01	7.727120e+01	6.963020e+00	4.118142e-01	0.000000e+00	0.000000e+00	0.000000e+00	3.490339e-04	2.746692e-09	1.629899e-03	7.189495e+06	5.657710e+01	3.357311e+07	
1.040000e+01	2.064949e+10	4.744498e+10	1.110147e+01	8.482300e+01	7.729976e+01	6.963020e+00	3.964521e-01	0.000000e+00	0.000000e+00	0.000000e+00	3.494862e-04	2.722907e-09	1.630849e-03	7.216712e+06	5.622665e+01	3.367620e+07	
1.045000e+01	2.069064e+10	4.760669e+10	1.110020e+01	8.482300e+01	7.729091e+01	6.963020e+00	4.160440e-01	0.000000e+00	0.000000e+00	0.000000e+00	3.513691e-04	2.720299e-09	1.632161e-03	7.270051e+06	5.628472e+01	3.377045e+07	
1.050000e+01	2.074315e+10	4.721339e+10	1.110506e+01	8.482300e+01	7.732476e+01	6.963020e+00	3.952377e-01	0.000000e+00	0.000000e+00	0.000000e+00	3.525293e-04	2.731873e-09	1.633512e-03	7.312567e+06	5.666764e+01	3.388418e+07	
1.055000e+01	2.078226e+10	4.785123e+10	1.110280e+01	8.482300e+01	7.730901e+01	6.963020e+00	4.104165e-01	0.000000e+00	0.000000e+00	0.000000e+00	3.528446e-04	2.763058e-09	1.634650e-03	7.332908e+06	5.742260e+01	3.397172e+07	
1.060000e+01	2.083066e+10	4.837108e+10	1.110554e+01	8.482300e+01	7.732811e+01	6.963020e+00	4.140037e-01	0.000000e+00	0.000000e+00	0.000000e+00	3.533170e-04	2.792697e-09	1.635627e-03	7.359826e+06	5.817372e+01	3.407118e+07	
1.065000e+01	2.088001e+10	4.892942e+10	1.110883e+01	8.482300e+01	7.735101e+01	6.963020e+00	4.033983e-01	0.000000e+00	0.000000e+00	0.000000e+00	3.538344e-04	2.829469e-09	1.636740e-03	7.388067e+06	5.907936e+01	3.417516e+07	
1.070000e+01	2.092224e+10	5.110193e+10	1.110837e+01	8.482300e+01	7.734778e+01	6.963020e+00	4.469507e-01	0.000000e+00	0.000000e+00	0.000000e+00	3.546754e-04	2.862177e-09	1.637807e-03	7.420602e+06	5.988314e+01	3.426659e+07	
1.075000e+01	2.098882e+10	5.257328e+10	1.112086e+01	8.482300e+01	7.743478e+01	6.963020e+00	4.432365e-01	0.000000e+00	0.000000e+00	0.000000e+00	3.570675e-04	2.906536e-09	1.639573e-03	7.494427e+06	6.100478e+01	3.441270e+07	
1.080000e+01	2.104865e+10	5.273374e+10	1.112978e+01	8.482300e+01	7.749686e+01	6.963020e+00	4.391348e-01	0.000000e+00	0.000000e+00	0.000000e+00	3.600384e-04	3.009205e-09	1.641992e-03	7.578322e+06	6.333970e+01	3.456171e+07	
1.085000e+01	2.110284e+10	5.040905e+10	1.113573e+01	8.482300e+01	7.753830e+01	6.963020e+00	3.933814e-01	0.000000e+00	0.000000e+00	0.000000e+00	3.624976e-04	3.092659e-09	1.644298e-03	7.649730e+06	6.526389e+01	3.469936e+07	
1.090000e+01	2.112932e+10	5.107812e+10	1.112711e+01	8.482300e+01	7.747827e+01	6.963020e+00	4.299220e-01	0.000000e+00	0.000000e+00	0.000000e+00	3.627031e-04	3.092341e-09	1.645668e-03	7.663670e+06	6.533907e+01	3.477184e+07	
1.095000e+01	2.117939e+10	5.043858e+10	1.113097e+01	8.482300e+01	7.750514e+01	6.963020e+00	4.003508e-01	0.000000e+00	0.000000e+00	0.000000e+00	3.628284e-04	3.079901e-09	1.646952e-03	7.684484e+06	6.523042e+01	3.488143e+07	
1.100000e+01	2.121155e+10	5.090519e+10	1.112546e+01	8.482300e+01	7.746680e+01	6.963020e+00	4.293837e-01	0.000000e+00	0.000000e+00	0.000000e+00	3.619778e-04	3.079674e-09	1.647970e-03	7.678109e+06	6.532466e+01	3.495599e+07	
1.105000e+01	2.126194e+10	5.234439e+10	1.112956e+01	8.482300e+01	7.749538e+01	6.963020e+00	4.336216e-01	0.000000e+00	0.000000e+00	0.000000e+00	3.606715e-04	3.076855e-09	1.648559e-03	7.668576e+06	6.541991e+01	3.505156e+07	
1.110000e+01	2.131314e+10	5.242720e+10	1.113412e+01	8.482300e+01	7.752711e+01	6.963020e+00	4.318974e-01	0.000000e+00	0.000000e+00	0.000000e+00	3.607655e-04	3.094909e-09	1.649700e-03	7.689046e+06	6.596224e+01	3.516029e+07	
1.115000e+01	2.136167e+10	5.128852e+10	1.113731e+01	8.482300e+01	7.754930e+01	6.963020e+00	3.970134e-01	0.000000e+00	0.000000e+00	0.000000e+00	3.606495e-04	3.090255e-09	1.650586e-03	7.704078e+06	6.601301e+01	3.525927e+07	
1.120000e+01	2.138958e+10	5.021012e+10	1.112980e+01	8.482300e+01	7.749699e+01	6.963020e+00	3.909891e-01	0.000000e+00	0.000000e+00	0.000000e+00	3.598750e-04	3.054490e-09	1.651024e-03	7.697573e+06	6.533424e+01	3.531470e+07	
1.125000e+01	2.141697e+10	5.147389e+10	1.112209e+01	8.482300e+01	7.744333e+01	6.963020e+00	3.983914e-01	0.000000e+00	0.000000e+00	0.000000e+00	3.581091e-04	2.985770e-09	1.650926e-03	7.669611e+06	6.394615e+01	3.535782e+07	
1.130000e+01	2.145139e+10	5.099218e+10	1.111810e+01	8.482300e+01	7.741557e+01	6.963020e+00	4.049691e-01	0.000000e+00	0.000000e+00	0.000000e+00	3.573842e-04	2.972399e-09	1.651229e-03	7.666390e+06	6.376211e+01	3.542116e+07	
1.135000e+01	2.149098e+10	5.144034e+10	1.111685e+01	8.482300e+01	7.740682e+01	6.963020e+00	4.231194e-01	0.000000e+00	0.000000e+00	0.000000e+00	3.560778e-04	2.945180e-09	1.651310e-03	7.652463e+06	6.329481e+01	3.548828e+07	
1.140000e+01	2.154114e+10	5.190677e+10	1.112109e+01	8.482300e+01	7.743637e+01	6.963020e+00	4.205252e-01	0.000000e+00	0.000000e+00	0.000000e+00	3.546909e-04	2.920236e-09	1.651492e-03	7.640445e+06	6.290520e+01	3.557503e+07	
1.145000e+01	2.158825e+10	5.192033e+10	1.112379e+01	8.482300e+01	7.745519e+01	6.963020e+00	4.177057e-01	0.000000e+00	0.000000e+00	0.000000e+00	3.540396e-04	2.908302e-09	1.652033e-03	7.643096e+06	6.278515e+01	3.566450e+07	
1.150000e+01	2.163278e+10	5.262020e+10	1.112520e+01	8.482300e+01	7.746495e+01	6.963020e+00	4.277272e-01	0.000000e+00	0.000000e+00	0.000000e+00	3.533424e-04	2.899937e-09	1.652607e-03	7.643776e+06	6.273368e+01	3.575047e+07	
1.155000e+01	2.168235e+10	5.198603e+10	1.112922e+01	8.482300e+01	7.749300e+01	6.963020e+00	4.091255e-01	0.000000e+00	0.000000e+00	0.000000e+00	3.531319e-04	2.904485e-09	1.653377e-03	7.656728e+06	6.297604e+01	3.584908e+07	
1.160000e+01	2.172005e+10	5.170168e+10	1.112720e+01	8.482300e+01	7.747889e+01	6.963020e+00	4.118601e-01	0.000000e+00	0.000000e+00	0.000000e+00	3.521201e-04	2.899299e-09	1.653828e-03	7.648065e+06	6.297290e+01	3.592122e+07	
1.165000e+01	2.176003e+10	5.221119e+10	1.112639e+01	8.482300e+01	7.747326e+01	6.963020e+00	4.199451e-01	0.000000e+00	0.000000e+00	0.000000e+00	3.508735e-04	2.890670e-09	1.654197e-03	7.635019e+06	6.290109e+01	3.599539e+07	
1.170000e+01	2.180483e+10	5.181915e+10	1.112807e+01	8.482300e+01	7.748500e+01	6.963020e+00	4.051793e-01	0.000000e+00	0.000000e+00	0.000000e+00	3.497714e-04	2.914900e-09	1.654816e-03	7.626704e+06	6.355889e+01	3.608296e+07	
1.175000e+01	2.184077e+10	5.105333e+10	1.112529e+01	8.482300e+01	7.746558e+01	6.963020e+00	4.006464e-01	0.000000e+00	0.000000e+00	0.000000e+00	3.485798e-04	2.935861e-09	1.655318e-03	7.613249e+06	6.412145e+01	3.615341e+07	
1.180000e+01	2.187524e+10	5.118198e+10	1.112180e+01	8.482300e+01	7.744132e+01	6.963020e+00	4.049830e-01	0.000000e+00	0.000000e+00	0.000000e+00	3.465805e-04	2.932690e-09	1.655554e-03	7.581530e+06	6.415329e+01	3.621565e+07	
1.185000e+01	2.191344e+10	5.195816e+10	1.112026e+01	8.482300e+01	7.743060e+01	6.963020e+00	4.028892e-01	0.000000e+00	0.000000e+00	0.000000e+00	3.446554e-04	2.953302e-09	1.655936e-03	7.552585e+06	6.471699e+01	3.628726e+07	
1.190000e+01	2.195106e+10	5.249071e+10	1.111847e+01	8.482300e+01	7.741814e+01	6.963020e+00	3.955649e-01	0.000000e+00	0.000000e+00	0.000000e+00	3.433733e-04	3.017353e-09	1.656489e-03	7.537407e+06	6.623408e+01	3.636169e+07	
1.195000e+01	2.198528e+10	5.236893e+10	1.111501e+01	8.482300e+01	7.739404e+01	6.963020e+00	4.045805e-01	0.000000e+00	0.000000e+00	0.000000e+00	3.423658e-04	3.057134e-09	1.656824e-03	7.527007e+06	6.721195e+01	3.642575e+07	
1.200000e+01	2.202582e+10	5.233061e+10	1.111479e+01	8.482300e+01	7.739251e+01	6.963020e+00	4.061890e-01	0.000000e+00	0.000000e+00	0.000000e+00	3.409003e-04	3.081502e-09	1.656997e-03	7.508610e+06	6.787262e+01	3.649673e+07	
1.205000e+01	2.206734e+10	5.097886e+10	1.111510e+01	8.482300e+01	7.739468e+01	6.963020e+00	3.971443e-01	0.000000e+00	0.000000e+00	0.000000e+00	3.392849e-04	3.085193e-09	1.657154e-03	7.487118e+06	6.808201e+01	3.656899e+07	
1.210000e+01	2.210372e+10	5.074868e+10	1.111286e+01	8.482300e+01	7.737909e+01	6.963020e+00	3.742614e-01	0.000000e+00	0.000000e+00	0.000000e+00	3.367217e-04	3.009389e-09	1.656908e-03	7.442802e+06	6.651869e+01	3.662384e+07	
1.215000e+01	2.212823e+10	5.107469e+10	1.110472e+01	8.482300e+01	7.732236e+01	6.963020e+00	4.064390e-01	0.000000e+00	0.000000e+00	0.000000e+00	3.346362e-04	2.943808e-09	1.656829e-03	7.404905e+06	6.514126e+01	3.666268e+07	
1.220000e+01	2.217369e+10	5.136268e+10	1.110713e+01	8.482300e+01	7.733919e+01	6.963020e+00	4.355024e-01	0.000000e+00	0.000000e+00	0.000000e+00	3.326460e-04	2.885359e-09	1.656798e-03	7.375990e+06	6.397907e+01	3.673733e+07	
1.225000e+01	2.223439e+10	5.093845e+10	1.111719e+01	8.482300e+01	7.740924e+01	6.963020e+00	4.052379e-01	0.000000e+00	0.000000e+00	0.000000e+00	3.300620e-04	2.879378e-09	1.657230e-03	7.338725e+06	6.402121e+01	3.684748e+07	
1.230000e+01	2.227447e+10	5.289423e+10	1.111697e+01	8.482300e+01	7.740766e+01	6.963020e+00	4.281447e-01	0.000000e+00	0.000000e+00	0.000000e+00	3.280764e-04	2.901244e-09	1.657943e-03	7.307729e+06	6.462368e+01	3.692979e+07	
1.235000e+01	2.232737e+10	5.184218e+10	1.112316e+01	8.482300e+01	7.745082e+01	6.963020e+00	4.249918e-01	0.000000e+00	0.000000e+00	0.000000e+00	3.281685e-04	2.976769e-09	1.659281e-03	7.327140e+06	6.646342e+01	3.704740e+07	
1.240000e+01	2.237619e+10	4.925745e+10	1.112734e+01	8.482300e+01	7.747991e+01	6.963020e+00	4.152161e-01	0.000000e+00	0.000000e+00	0.000000e+00	3.276403e-04	3.032897e-09	1.660227e-03	7.331340e+06	6.786468e+01	3.714955e+07	
1.245000e+01	2.241799e+10	4.976430e+10	1.112806e+01	8.482300e+01	7.748491e+01	6.963020e+00	4.355762e-01	0.000000e+00	0.000000e+00	0.000000e+00	3.269411e-04	3.073019e-09	1.661130e-03	7.329361e+06	6.889090e+01	3.723919e+07	
