# COLUMN NUMBERS: 
#	0: time [Gyr]
#	1: mgas [Msun]			ISM gas mass
#	2: mstar [Msun]			Stellar mass
#	3: sfr [Msun/yr]		Star formation rate
#	4: ifr [Msun/yr]		Infall rate
#	5: ofr [Msun/yr]		Outfow rate
#	6: eta_0			Mass-loading factor
#	7: r_eff			Effective recycilng rate
#	8: z_in(fe)			Inflow fe metallicity
#	9: z_in(sr)			Inflow sr metallicity
#	10: z_in(o)			Inflow o metallicity
#	11: z_out(fe)			Outflow fe metallicity
#	12: z_out(sr)			Outflow sr metallicity
#	13: z_out(o)			Outflow o metallicity
#	14: mass(fe) [Msun]		mass of element fe in ISM
#	15: mass(sr) [Msun]		mass of element sr in ISM
#	16: mass(o) [Msun]		mass of element o in ISM
0.000000e+00	1.000000e-12	9.347889e-30	2.493931e-37	4.084070e+01	3.698571e-37	1.483029e+00	2.503490e-01	0.000000e+00	0.000000e+00	0.000000e+00	8.549303e-294	8.816468e-294	8.816468e-294	0.000000e+00	0.000000e+00	0.000000e+00	
5.000000e-02	2.042035e+09	1.156584e+08	3.085659e+00	4.084070e+01	4.576120e+00	1.483029e+00	2.503490e-01	0.000000e+00	0.000000e+00	0.000000e+00	7.442300e-05	8.310568e-10	9.302875e-04	1.519744e+05	1.697047e+00	1.899680e+06	
1.000000e-01	3.739606e+09	3.205357e+08	5.558918e+00	4.084070e+01	8.244035e+00	1.483029e+00	2.628877e-01	0.000000e+00	0.000000e+00	0.000000e+00	1.077013e-04	1.202664e-09	1.346266e-03	4.027604e+05	4.497491e+00	5.034505e+06	
1.500000e-01	5.164562e+09	5.953884e+08	7.556206e+00	4.084070e+01	1.120607e+01	1.483029e+00	2.725114e-01	0.000000e+00	0.000000e+00	0.000000e+00	1.384760e-04	1.550180e-09	1.730918e-03	7.151680e+05	8.005999e+00	8.939436e+06	
2.000000e-01	6.371441e+09	9.423512e+08	9.179647e+00	4.084070e+01	1.361368e+01	1.483029e+00	2.809579e-01	0.000000e+00	0.000000e+00	0.000000e+00	1.668658e-04	1.877044e-09	2.085706e-03	1.063175e+06	1.195947e+01	1.328896e+07	
2.500000e-01	7.402765e+09	1.643626e+09	1.050751e+01	4.084070e+01	1.558294e+01	1.483029e+00	2.992055e-01	0.000000e+00	0.000000e+00	0.000000e+00	1.943410e-04	2.191162e-09	2.412442e-03	1.438660e+06	1.622066e+01	1.785874e+07	
3.000000e-01	8.297473e+09	2.143722e+09	1.160799e+01	4.084070e+01	1.721498e+01	1.483029e+00	3.065456e-01	0.000000e+00	0.000000e+00	0.000000e+00	2.212967e-04	2.517652e-09	2.712684e-03	1.836204e+06	2.089015e+01	2.250842e+07	
3.500000e-01	9.076278e+09	2.984380e+09	1.251993e+01	4.084070e+01	1.856741e+01	1.483029e+00	3.199858e-01	0.000000e+00	0.000000e+00	0.000000e+00	2.478906e-04	2.850875e-09	2.988679e-03	2.249924e+06	2.587534e+01	2.712608e+07	
4.000000e-01	9.764257e+09	3.562068e+09	1.328567e+01	4.084070e+01	1.970303e+01	1.483029e+00	3.259886e-01	0.000000e+00	0.000000e+00	0.000000e+00	2.767458e-04	3.217494e-09	3.242309e-03	2.702217e+06	3.141644e+01	3.165874e+07	
4.500000e-01	1.037341e+10	4.141367e+09	1.392755e+01	4.084070e+01	2.065496e+01	1.483029e+00	3.312246e-01	0.000000e+00	0.000000e+00	0.000000e+00	3.049463e-04	3.596371e-09	3.475120e-03	3.163331e+06	3.730662e+01	3.604883e+07	
5.000000e-01	1.091697e+10	4.721080e+09	1.446822e+01	4.084070e+01	2.145679e+01	1.483029e+00	3.358572e-01	0.000000e+00	0.000000e+00	0.000000e+00	3.325027e-04	3.983131e-09	3.688603e-03	3.629923e+06	4.348373e+01	4.026837e+07	
5.500000e-01	1.140572e+10	4.833100e+09	1.492581e+01	4.084070e+01	2.213541e+01	1.483029e+00	3.313011e-01	0.000000e+00	0.000000e+00	0.000000e+00	3.594134e-04	4.377431e-09	3.884209e-03	4.099368e+06	4.992775e+01	4.430220e+07	
6.000000e-01	1.184194e+10	4.872651e+09	1.530651e+01	4.084070e+01	2.270000e+01	1.483029e+00	3.220750e-01	0.000000e+00	0.000000e+00	0.000000e+00	3.825633e-04	4.729538e-09	4.062889e-03	4.530292e+06	5.600691e+01	4.811249e+07	
6.500000e-01	1.223014e+10	4.867351e+09	1.561896e+01	4.084070e+01	2.316337e+01	1.483029e+00	3.119905e-01	0.000000e+00	0.000000e+00	0.000000e+00	4.055137e-04	5.066151e-09	4.226118e-03	4.959491e+06	6.195975e+01	5.168603e+07	
7.000000e-01	1.257671e+10	5.408131e+09	1.587370e+01	4.084070e+01	2.354115e+01	1.483029e+00	3.186463e-01	0.000000e+00	0.000000e+00	0.000000e+00	4.281717e-04	5.399491e-09	4.375015e-03	5.384992e+06	6.790783e+01	5.502330e+07	
7.500000e-01	1.290091e+10	5.928413e+09	1.609679e+01	4.084070e+01	2.387200e+01	1.483029e+00	3.175751e-01	0.000000e+00	0.000000e+00	0.000000e+00	4.471340e-04	5.768607e-09	4.509984e-03	5.768435e+06	7.442027e+01	5.818289e+07	
8.000000e-01	1.320010e+10	7.022301e+09	1.628607e+01	4.084070e+01	2.415271e+01	1.483029e+00	3.312948e-01	0.000000e+00	0.000000e+00	0.000000e+00	4.694080e-04	6.220421e-09	4.633349e-03	6.196233e+06	8.211019e+01	6.116067e+07	
8.500000e-01	1.348997e+10	7.563612e+09	1.646180e+01	4.084070e+01	2.441332e+01	1.483029e+00	3.323918e-01	0.000000e+00	0.000000e+00	0.000000e+00	4.909807e-04	6.776236e-09	4.745661e-03	6.623316e+06	9.141124e+01	6.401883e+07	
9.000000e-01	1.376184e+10	7.551605e+09	1.661395e+01	4.084070e+01	2.463896e+01	1.483029e+00	3.205784e-01	0.000000e+00	0.000000e+00	0.000000e+00	5.119277e-04	7.352148e-09	4.848370e-03	7.045067e+06	1.011791e+02	6.672249e+07	
9.500000e-01	1.400753e+10	8.679115e+09	1.673348e+01	4.084070e+01	2.481623e+01	1.483029e+00	3.354732e-01	0.000000e+00	0.000000e+00	0.000000e+00	5.323749e-04	7.873820e-09	4.942206e-03	7.457259e+06	1.102928e+02	6.922811e+07	
1.000000e+00	1.425276e+10	9.213715e+09	1.685180e+01	4.084070e+01	2.499170e+01	1.483029e+00	3.331791e-01	0.000000e+00	0.000000e+00	0.000000e+00	5.521944e-04	8.482073e-09	5.027783e-03	7.870296e+06	1.208930e+02	7.165980e+07	
1.050000e+00	1.448336e+10	9.752219e+09	1.695233e+01	4.084070e+01	2.514080e+01	1.483029e+00	3.326230e-01	0.000000e+00	0.000000e+00	0.000000e+00	5.746145e-04	9.134856e-09	5.106765e-03	8.322346e+06	1.323034e+02	7.396311e+07	
1.100000e+00	1.470267e+10	1.042593e+10	1.703949e+01	4.084070e+01	2.527004e+01	1.483029e+00	3.433877e-01	0.000000e+00	0.000000e+00	0.000000e+00	5.958876e-04	9.778919e-09	5.179062e-03	8.761141e+06	1.437762e+02	7.614605e+07	
1.150000e+00	1.492179e+10	1.099135e+10	1.712634e+01	4.084070e+01	2.539885e+01	1.483029e+00	3.442569e-01	0.000000e+00	0.000000e+00	0.000000e+00	6.140409e-04	1.038288e-08	5.245112e-03	9.162589e+06	1.549311e+02	7.826645e+07	
1.200000e+00	1.513236e+10	1.215025e+10	1.720339e+01	4.084070e+01	2.551311e+01	1.483029e+00	3.549315e-01	0.000000e+00	0.000000e+00	0.000000e+00	6.317286e-04	1.097601e-08	5.306055e-03	9.559544e+06	1.660929e+02	8.029313e+07	
1.250000e+00	1.534387e+10	1.269391e+10	1.728157e+01	4.084070e+01	2.562907e+01	1.483029e+00	3.500741e-01	0.000000e+00	0.000000e+00	0.000000e+00	6.520172e-04	1.168215e-08	5.362949e-03	1.000447e+07	1.792494e+02	8.228838e+07	
1.300000e+00	1.554286e+10	1.384912e+10	1.734583e+01	4.084070e+01	2.572436e+01	1.483029e+00	3.573684e-01	0.000000e+00	0.000000e+00	0.000000e+00	6.743525e-04	1.241111e-08	5.416172e-03	1.048137e+07	1.929042e+02	8.418282e+07	
1.350000e+00	1.574133e+10	1.447827e+10	1.740976e+01	4.084070e+01	2.581917e+01	1.483029e+00	3.665279e-01	0.000000e+00	0.000000e+00	0.000000e+00	6.982328e-04	1.321590e-08	5.465581e-03	1.099111e+07	2.080359e+02	8.603553e+07	
1.400000e+00	1.594098e+10	1.501544e+10	1.747523e+01	4.084070e+01	2.591626e+01	1.483029e+00	3.624360e-01	0.000000e+00	0.000000e+00	0.000000e+00	7.181994e-04	1.393445e-08	5.511295e-03	1.144880e+07	2.221288e+02	8.785543e+07	
1.450000e+00	1.613012e+10	1.555556e+10	1.752948e+01	4.084070e+01	2.599672e+01	1.483029e+00	3.604404e-01	0.000000e+00	0.000000e+00	0.000000e+00	7.400554e-04	1.466562e-08	5.554577e-03	1.193718e+07	2.365582e+02	8.959600e+07	
1.500000e+00	1.631176e+10	1.612446e+10	1.757601e+01	4.084070e+01	2.606572e+01	1.483029e+00	3.667419e-01	0.000000e+00	0.000000e+00	0.000000e+00	7.604038e-04	1.535508e-08	5.594873e-03	1.240353e+07	2.504684e+02	9.126224e+07	
1.550000e+00	1.649401e+10	1.667353e+10	1.762365e+01	4.084070e+01	2.613637e+01	1.483029e+00	3.672115e-01	0.000000e+00	0.000000e+00	0.000000e+00	7.766989e-04	1.592875e-08	5.631987e-03	1.281088e+07	2.627288e+02	9.289403e+07	
1.600000e+00	1.667162e+10	1.727510e+10	1.766681e+01	4.084070e+01	2.620039e+01	1.483029e+00	3.745415e-01	0.000000e+00	0.000000e+00	0.000000e+00	7.922769e-04	1.644985e-08	5.666777e-03	1.320854e+07	2.742456e+02	9.447436e+07	
1.650000e+00	1.685114e+10	1.787103e+10	1.771246e+01	4.084070e+01	2.626808e+01	1.483029e+00	3.800072e-01	0.000000e+00	0.000000e+00	0.000000e+00	8.079620e-04	1.696633e-08	5.699636e-03	1.361508e+07	2.859020e+02	9.604539e+07	
1.700000e+00	1.703070e+10	1.903207e+10	1.775855e+01	4.084070e+01	2.633643e+01	1.483029e+00	3.872950e-01	0.000000e+00	0.000000e+00	0.000000e+00	8.236718e-04	1.750614e-08	5.730857e-03	1.402770e+07	2.981417e+02	9.760048e+07	
1.750000e+00	1.721187e+10	2.066321e+10	1.780670e+01	4.084070e+01	2.640784e+01	1.483029e+00	3.947759e-01	0.000000e+00	0.000000e+00	0.000000e+00	8.414406e-04	1.816626e-08	5.761017e-03	1.448277e+07	3.126754e+02	9.915789e+07	
1.800000e+00	1.739466e+10	2.167130e+10	1.785684e+01	4.084070e+01	2.648220e+01	1.483029e+00	3.917514e-01	0.000000e+00	0.000000e+00	0.000000e+00	8.620084e-04	1.893809e-08	5.790351e-03	1.499434e+07	3.294218e+02	1.007212e+08	
1.850000e+00	1.756952e+10	2.269943e+10	1.789918e+01	4.084070e+01	2.654500e+01	1.483029e+00	3.937679e-01	0.000000e+00	0.000000e+00	0.000000e+00	8.820354e-04	1.966034e-08	5.818403e-03	1.549694e+07	3.454228e+02	1.022265e+08	
1.900000e+00	1.774175e+10	2.422558e+10	1.793925e+01	4.084070e+01	2.660442e+01	1.483029e+00	3.983919e-01	0.000000e+00	0.000000e+00	0.000000e+00	9.017314e-04	2.031096e-08	5.845177e-03	1.599829e+07	3.603519e+02	1.037037e+08	
1.950000e+00	1.791394e+10	2.586644e+10	1.797968e+01	4.084070e+01	2.666438e+01	1.483029e+00	4.057632e-01	0.000000e+00	0.000000e+00	0.000000e+00	9.224337e-04	2.092790e-08	5.870850e-03	1.652443e+07	3.749012e+02	1.051701e+08	
2.000000e+00	1.808855e+10	2.812190e+10	1.802289e+01	4.084070e+01	2.672847e+01	1.483029e+00	4.252747e-01	0.000000e+00	0.000000e+00	0.000000e+00	9.451397e-04	2.163050e-08	5.895941e-03	1.709621e+07	3.912643e+02	1.066490e+08	
2.050000e+00	1.827625e+10	2.975653e+10	1.807937e+01	4.084070e+01	2.681223e+01	1.483029e+00	4.309019e-01	0.000000e+00	0.000000e+00	0.000000e+00	9.693126e-04	2.245355e-08	5.920137e-03	1.771540e+07	4.103668e+02	1.081979e+08	
2.100000e+00	1.846323e+10	3.138874e+10	1.813526e+01	4.084070e+01	2.689511e+01	1.483029e+00	4.360189e-01	0.000000e+00	0.000000e+00	0.000000e+00	9.947462e-04	2.332254e-08	5.944367e-03	1.836623e+07	4.306094e+02	1.097522e+08	
2.150000e+00	1.864911e+10	3.301833e+10	1.819019e+01	4.084070e+01	2.697657e+01	1.483029e+00	4.407127e-01	0.000000e+00	0.000000e+00	0.000000e+00	1.021137e-03	2.422918e-08	5.968571e-03	1.904329e+07	4.518527e+02	1.113085e+08	
2.200000e+00	1.883364e+10	3.466374e+10	1.824392e+01	4.084070e+01	2.705625e+01	1.483029e+00	4.450855e-01	0.000000e+00	0.000000e+00	0.000000e+00	1.048229e-03	2.516377e-08	5.992689e-03	1.974196e+07	4.739254e+02	1.128642e+08	
2.250000e+00	1.901667e+10	3.443497e+10	1.829633e+01	4.084070e+01	2.713398e+01	1.483029e+00	4.230231e-01	0.000000e+00	0.000000e+00	0.000000e+00	1.075828e-03	2.610608e-08	6.016660e-03	2.045867e+07	4.964508e+02	1.144169e+08	
2.300000e+00	1.917418e+10	3.496602e+10	1.832447e+01	4.084070e+01	2.717572e+01	1.483029e+00	4.190791e-01	0.000000e+00	0.000000e+00	0.000000e+00	1.099247e-03	2.672930e-08	6.039976e-03	2.107716e+07	5.125124e+02	1.158116e+08	
2.350000e+00	1.932518e+10	3.673387e+10	1.834687e+01	4.084070e+01	2.720893e+01	1.483029e+00	4.351396e-01	0.000000e+00	0.000000e+00	0.000000e+00	1.120072e-03	2.727226e-08	6.062307e-03	2.164559e+07	5.270412e+02	1.171552e+08	
2.400000e+00	1.948859e+10	3.546773e+10	1.838148e+01	4.084070e+01	2.726026e+01	1.483029e+00	4.139963e-01	0.000000e+00	0.000000e+00	0.000000e+00	1.140760e-03	2.796213e-08	6.083767e-03	2.223181e+07	5.449427e+02	1.185641e+08	
2.450000e+00	1.962904e+10	3.540716e+10	1.839488e+01	4.084070e+01	2.728013e+01	1.483029e+00	4.069996e-01	0.000000e+00	0.000000e+00	0.000000e+00	1.155922e-03	2.832224e-08	6.103968e-03	2.268964e+07	5.559384e+02	1.198150e+08	
2.500000e+00	1.976166e+10	3.596566e+10	1.840158e+01	4.084070e+01	2.729007e+01	1.483029e+00	4.099045e-01	0.000000e+00	0.000000e+00	0.000000e+00	1.167952e-03	2.855919e-08	6.122490e-03	2.308067e+07	5.643768e+02	1.209905e+08	
2.550000e+00	1.989625e+10	3.589085e+10	1.841076e+01	4.084070e+01	2.730368e+01	1.483029e+00	4.000948e-01	0.000000e+00	0.000000e+00	0.000000e+00	1.179674e-03	2.881902e-08	6.139859e-03	2.347110e+07	5.733906e+02	1.221602e+08	
2.600000e+00	2.002087e+10	3.585745e+10	1.841135e+01	4.084070e+01	2.730456e+01	1.483029e+00	4.006005e-01	0.000000e+00	0.000000e+00	0.000000e+00	1.191203e-03	2.902012e-08	6.156111e-03	2.384893e+07	5.810080e+02	1.232507e+08	
2.650000e+00	2.014589e+10	3.521475e+10	1.841301e+01	4.084070e+01	2.730702e+01	1.483029e+00	3.905681e-01	0.000000e+00	0.000000e+00	0.000000e+00	1.197568e-03	2.903901e-08	6.170261e-03	2.412608e+07	5.850166e+02	1.243054e+08	
2.700000e+00	2.026150e+10	3.390145e+10	1.840678e+01	4.084070e+01	2.729778e+01	1.483029e+00	3.685925e-01	0.000000e+00	0.000000e+00	0.000000e+00	1.199806e-03	2.885021e-08	6.182901e-03	2.430988e+07	5.845486e+02	1.252749e+08	
2.750000e+00	2.035754e+10	3.456844e+10	1.838361e+01	4.084070e+01	2.726342e+01	1.483029e+00	3.849886e-01	0.000000e+00	0.000000e+00	0.000000e+00	1.198415e-03	2.839945e-08	6.193974e-03	2.439677e+07	5.781428e+02	1.260940e+08	
2.800000e+00	2.047109e+10	3.458108e+10	1.837710e+01	4.084070e+01	2.725376e+01	1.483029e+00	3.892937e-01	0.000000e+00	0.000000e+00	0.000000e+00	1.196965e-03	2.812091e-08	6.203720e-03	2.450318e+07	5.756658e+02	1.269969e+08	
2.850000e+00	2.058929e+10	3.460429e+10	1.837543e+01	4.084070e+01	2.725128e+01	1.483029e+00	3.950471e-01	0.000000e+00	0.000000e+00	0.000000e+00	1.195473e-03	2.790806e-08	6.212654e-03	2.461394e+07	5.746071e+02	1.279141e+08	
2.900000e+00	2.071295e+10	3.422318e+10	1.837924e+01	4.084070e+01	2.725694e+01	1.483029e+00	4.062384e-01	0.000000e+00	0.000000e+00	0.000000e+00	1.194121e-03	2.776616e-08	6.220914e-03	2.473376e+07	5.751190e+02	1.288535e+08	
2.950000e+00	2.084649e+10	3.199807e+10	1.839234e+01	4.084070e+01	2.727636e+01	1.483029e+00	3.948371e-01	0.000000e+00	0.000000e+00	0.000000e+00	1.193333e-03	2.776631e-08	6.228530e-03	2.487681e+07	5.788301e+02	1.298430e+08	
3.000000e+00	2.096819e+10	3.168032e+10	1.839549e+01	4.084070e+01	2.728103e+01	1.483029e+00	4.003080e-01	0.000000e+00	0.000000e+00	0.000000e+00	1.186803e-03	2.761241e-08	6.235093e-03	2.488510e+07	5.789822e+02	1.307386e+08	
3.050000e+00	2.109459e+10	3.121071e+10	1.840328e+01	4.084070e+01	2.729259e+01	1.483029e+00	3.957237e-01	0.000000e+00	0.000000e+00	0.000000e+00	1.181693e-03	2.758915e-08	6.241642e-03	2.492733e+07	5.819819e+02	1.316649e+08	
3.100000e+00	2.121597e+10	3.154111e+10	1.840719e+01	4.084070e+01	2.729838e+01	1.483029e+00	3.975090e-01	0.000000e+00	0.000000e+00	0.000000e+00	1.176156e-03	2.760091e-08	6.248293e-03	2.495329e+07	5.855800e+02	1.325636e+08	
3.150000e+00	2.133857e+10	3.224130e+10	1.841267e+01	4.084070e+01	2.730652e+01	1.483029e+00	4.039357e-01	0.000000e+00	0.000000e+00	0.000000e+00	1.170784e-03	2.758467e-08	6.254380e-03	2.498287e+07	5.886174e+02	1.334596e+08	
3.200000e+00	2.146653e+10	3.334473e+10	1.842322e+01	4.084070e+01	2.732217e+01	1.483029e+00	4.098589e-01	0.000000e+00	0.000000e+00	0.000000e+00	1.168254e-03	2.770675e-08	6.260665e-03	2.507835e+07	5.947676e+02	1.343947e+08	
3.250000e+00	2.159884e+10	3.396991e+10	1.843791e+01	4.084070e+01	2.734395e+01	1.483029e+00	4.143651e-01	0.000000e+00	0.000000e+00	0.000000e+00	1.168607e-03	2.793793e-08	6.267259e-03	2.524055e+07	6.034268e+02	1.353655e+08	
3.300000e+00	2.173378e+10	3.445661e+10	1.845520e+01	4.084070e+01	2.736959e+01	1.483029e+00	4.161435e-01	0.000000e+00	0.000000e+00	0.000000e+00	1.170986e-03	2.826476e-08	6.274227e-03	2.544995e+07	6.143001e+02	1.363627e+08	
3.350000e+00	2.186858e+10	3.545732e+10	1.847269e+01	4.084070e+01	2.739553e+01	1.483029e+00	4.274118e-01	0.000000e+00	0.000000e+00	0.000000e+00	1.173836e-03	2.860168e-08	6.281272e-03	2.567012e+07	6.254781e+02	1.373625e+08	
3.400000e+00	2.201197e+10	3.702899e+10	1.849773e+01	4.084070e+01	2.743266e+01	1.483029e+00	4.289522e-01	0.000000e+00	0.000000e+00	0.000000e+00	1.175677e-03	2.892042e-08	6.288737e-03	2.587897e+07	6.365955e+02	1.384275e+08	
3.450000e+00	2.215422e+10	3.757934e+10	1.852204e+01	4.084070e+01	2.746871e+01	1.483029e+00	4.270170e-01	0.000000e+00	0.000000e+00	0.000000e+00	1.182679e-03	2.939538e-08	6.297019e-03	2.620134e+07	6.512318e+02	1.395055e+08	
3.500000e+00	2.229218e+10	3.931692e+10	1.854301e+01	4.084070e+01	2.749982e+01	1.483029e+00	4.318364e-01	0.000000e+00	0.000000e+00	0.000000e+00	1.189375e-03	2.983230e-08	6.305295e-03	2.651375e+07	6.650270e+02	1.405588e+08	
3.550000e+00	2.243245e+10	3.985030e+10	1.856616e+01	4.084070e+01	2.753414e+01	1.483029e+00	4.254338e-01	0.000000e+00	0.000000e+00	0.000000e+00	1.199054e-03	3.037316e-08	6.314304e-03	2.689771e+07	6.813445e+02	1.416453e+08	
3.600000e+00	2.256441e+10	4.100530e+10	1.858269e+01	4.084070e+01	2.755866e+01	1.483029e+00	4.283785e-01	0.000000e+00	0.000000e+00	0.000000e+00	1.207898e-03	3.086067e-08	6.323614e-03	2.725550e+07	6.963527e+02	1.426886e+08	
3.650000e+00	2.269740e+10	4.152685e+10	1.860035e+01	4.084070e+01	2.758486e+01	1.483029e+00	4.258869e-01	0.000000e+00	0.000000e+00	0.000000e+00	1.218006e-03	3.138178e-08	6.333020e-03	2.764556e+07	7.122846e+02	1.437431e+08	
3.700000e+00	2.282625e+10	4.271567e+10	1.861493e+01	4.084070e+01	2.760647e+01	1.483029e+00	4.298162e-01	0.000000e+00	0.000000e+00	0.000000e+00	1.227143e-03	3.178990e-08	6.342144e-03	2.801107e+07	7.256443e+02	1.447674e+08	
3.750000e+00	2.295727e+10	4.269333e+10	1.863154e+01	4.084070e+01	2.763111e+01	1.483029e+00	4.268828e-01	0.000000e+00	0.000000e+00	0.000000e+00	1.237892e-03	3.224043e-08	6.351473e-03	2.841862e+07	7.401521e+02	1.458125e+08	
3.800000e+00	2.308384e+10	4.330402e+10	1.864485e+01	4.084070e+01	2.765084e+01	1.483029e+00	4.293874e-01	0.000000e+00	0.000000e+00	0.000000e+00	1.247040e-03	3.256267e-08	6.360415e-03	2.878647e+07	7.516716e+02	1.468228e+08	
3.850000e+00	2.321139e+10	4.419051e+10	1.865922e+01	4.084070e+01	2.767216e+01	1.483029e+00	4.277613e-01	0.000000e+00	0.000000e+00	0.000000e+00	1.256421e-03	3.290090e-08	6.369279e-03	2.916328e+07	7.636755e+02	1.478398e+08	
3.900000e+00	2.333594e+10	4.575846e+10	1.867148e+01	4.084070e+01	2.769034e+01	1.483029e+00	4.368701e-01	0.000000e+00	0.000000e+00	0.000000e+00	1.265044e-03	3.314034e-08	6.377802e-03	2.952100e+07	7.733611e+02	1.488320e+08	
3.950000e+00	2.346774e+10	4.652739e+10	1.868980e+01	4.084070e+01	2.771750e+01	1.483029e+00	4.394130e-01	0.000000e+00	0.000000e+00	0.000000e+00	1.275788e-03	3.340355e-08	6.385991e-03	2.993986e+07	7.839056e+02	1.498647e+08	
4.000000e+00	2.360003e+10	4.954343e+10	1.870874e+01	4.084070e+01	2.774560e+01	1.483029e+00	4.646953e-01	0.000000e+00	0.000000e+00	0.000000e+00	1.286526e-03	3.369420e-08	6.393989e-03	3.036206e+07	7.951841e+02	1.508983e+08	
4.050000e+00	2.375404e+10	5.198384e+10	1.874505e+01	4.084070e+01	2.779944e+01	1.483029e+00	4.821995e-01	0.000000e+00	0.000000e+00	0.000000e+00	1.299179e-03	3.412691e-08	6.401936e-03	3.086075e+07	8.106521e+02	1.520719e+08	
4.100000e+00	2.392080e+10	5.233588e+10	1.879141e+01	4.084070e+01	2.786820e+01	1.483029e+00	4.629862e-01	0.000000e+00	0.000000e+00	0.000000e+00	1.312634e-03	3.463297e-08	6.409779e-03	3.139926e+07	8.284482e+02	1.533270e+08	
4.150000e+00	2.406486e+10	5.127777e+10	1.882000e+01	4.084070e+01	2.791060e+01	1.483029e+00	4.466748e-01	0.000000e+00	0.000000e+00	0.000000e+00	1.326254e-03	3.513934e-08	6.419312e-03	3.191611e+07	8.456233e+02	1.544798e+08	
4.200000e+00	2.419069e+10	5.258279e+10	1.883451e+01	4.084070e+01	2.793211e+01	1.483029e+00	4.418246e-01	0.000000e+00	0.000000e+00	0.000000e+00	1.337909e-03	3.547601e-08	6.429185e-03	3.236494e+07	8.581891e+02	1.555264e+08	
4.250000e+00	2.431047e+10	5.364137e+10	1.884457e+01	4.084070e+01	2.794703e+01	1.483029e+00	4.386280e-01	0.000000e+00	0.000000e+00	0.000000e+00	1.348774e-03	3.575171e-08	6.438890e-03	3.278934e+07	8.691409e+02	1.565324e+08	
4.300000e+00	2.442621e+10	5.633276e+10	1.885178e+01	4.084070e+01	2.795774e+01	1.483029e+00	4.593288e-01	0.000000e+00	0.000000e+00	0.000000e+00	1.359021e-03	3.596111e-08	6.448386e-03	3.319573e+07	8.783938e+02	1.575096e+08	
4.350000e+00	2.456073e+10	5.657849e+10	1.887372e+01	4.084070e+01	2.799027e+01	1.483029e+00	4.679454e-01	0.000000e+00	0.000000e+00	0.000000e+00	1.374330e-03	3.653667e-08	6.458355e-03	3.375454e+07	8.973671e+02	1.586219e+08	
4.400000e+00	2.470116e+10	5.919393e+10	1.890034e+01	4.084070e+01	2.802975e+01	1.483029e+00	4.590590e-01	0.000000e+00	0.000000e+00	0.000000e+00	1.387619e-03	3.718354e-08	6.468766e-03	3.427580e+07	9.184765e+02	1.597860e+08	
4.450000e+00	2.483051e+10	5.953042e+10	1.891864e+01	4.084070e+01	2.805688e+01	1.483029e+00	4.370612e-01	0.000000e+00	0.000000e+00	0.000000e+00	1.402214e-03	3.768561e-08	6.479320e-03	3.481768e+07	9.357528e+02	1.608848e+08	
4.500000e+00	2.493720e+10	6.276556e+10	1.891993e+01	4.084070e+01	2.805879e+01	1.483029e+00	4.442891e-01	0.000000e+00	0.000000e+00	0.000000e+00	1.413939e-03	3.790641e-08	6.489246e-03	3.525968e+07	9.452795e+02	1.618236e+08	
4.550000e+00	2.505059e+10	6.613781e+10	1.892660e+01	4.084070e+01	2.806869e+01	1.483029e+00	4.443855e-01	0.000000e+00	0.000000e+00	0.000000e+00	1.425107e-03	3.809729e-08	6.498151e-03	3.569977e+07	9.543597e+02	1.627825e+08	
4.600000e+00	2.516340e+10	6.845362e+10	1.893311e+01	4.084070e+01	2.807834e+01	1.483029e+00	4.468827e-01	0.000000e+00	0.000000e+00	0.000000e+00	1.435639e-03	3.815482e-08	6.506259e-03	3.612554e+07	9.601050e+02	1.637196e+08	
4.650000e+00	2.527790e+10	7.225501e+10	1.894115e+01	4.084070e+01	2.809027e+01	1.483029e+00	4.582013e-01	0.000000e+00	0.000000e+00	0.000000e+00	1.446512e-03	3.813788e-08	6.513808e-03	3.656479e+07	9.640458e+02	1.646554e+08	
4.700000e+00	2.540231e+10	7.563452e+10	1.895684e+01	4.084070e+01	2.811354e+01	1.483029e+00	4.553097e-01	0.000000e+00	0.000000e+00	0.000000e+00	1.460182e-03	3.824436e-08	6.521919e-03	3.709200e+07	9.714951e+02	1.656718e+08	
4.750000e+00	2.552239e+10	8.002118e+10	1.896950e+01	4.084070e+01	2.813230e+01	1.483029e+00	4.580505e-01	0.000000e+00	0.000000e+00	0.000000e+00	1.472910e-03	3.821949e-08	6.529475e-03	3.759218e+07	9.754528e+02	1.666478e+08	
4.800000e+00	2.564378e+10	8.105645e+10	1.898333e+01	4.084070e+01	2.815282e+01	1.483029e+00	4.491102e-01	0.000000e+00	0.000000e+00	0.000000e+00	1.487210e-03	3.818845e-08	6.536974e-03	3.813769e+07	9.792964e+02	1.676327e+08	
4.850000e+00	2.575529e+10	8.345482e+10	1.899007e+01	4.084070e+01	2.816281e+01	1.483029e+00	4.501989e-01	0.000000e+00	0.000000e+00	0.000000e+00	1.498108e-03	3.797162e-08	6.543861e-03	3.858420e+07	9.779703e+02	1.685390e+08	
4.900000e+00	2.586715e+10	8.438938e+10	1.899730e+01	4.084070e+01	2.817355e+01	1.483029e+00	4.478152e-01	0.000000e+00	0.000000e+00	0.000000e+00	1.508165e-03	3.773541e-08	6.550335e-03	3.901194e+07	9.761076e+02	1.694385e+08	
4.950000e+00	2.597601e+10	8.614182e+10	1.900258e+01	4.084070e+01	2.818138e+01	1.483029e+00	4.464355e-01	0.000000e+00	0.000000e+00	0.000000e+00	1.515703e-03	3.742724e-08	6.556096e-03	3.937192e+07	9.722102e+02	1.703012e+08	
5.000000e+00	2.608301e+10	8.833428e+10	1.900677e+01	4.084070e+01	2.818758e+01	1.483029e+00	4.536582e-01	0.000000e+00	0.000000e+00	0.000000e+00	1.522167e-03	3.704798e-08	6.561540e-03	3.970270e+07	9.663230e+02	1.711447e+08	
5.050000e+00	2.619646e+10	8.713415e+10	1.901587e+01	4.084070e+01	2.820108e+01	1.483029e+00	4.451919e-01	0.000000e+00	0.000000e+00	0.000000e+00	1.530190e-03	3.685573e-08	6.567220e-03	4.008556e+07	9.654897e+02	1.720379e+08	
5.100000e+00	2.630093e+10	8.830980e+10	1.901870e+01	4.084070e+01	2.820527e+01	1.483029e+00	4.566247e-01	0.000000e+00	0.000000e+00	0.000000e+00	1.533281e-03	3.649360e-08	6.571932e-03	4.032672e+07	9.598158e+02	1.728479e+08	
5.150000e+00	2.641599e+10	8.986389e+10	1.902941e+01	4.084070e+01	2.822115e+01	1.483029e+00	4.601800e-01	0.000000e+00	0.000000e+00	0.000000e+00	1.534567e-03	3.619035e-08	6.575662e-03	4.053711e+07	9.560039e+02	1.737026e+08	
5.200000e+00	2.653335e+10	8.780170e+10	1.904195e+01	4.084070e+01	2.823976e+01	1.483029e+00	4.482956e-01	0.000000e+00	0.000000e+00	0.000000e+00	1.539792e-03	3.610489e-08	6.580264e-03	4.085584e+07	9.579837e+02	1.745964e+08	
5.250000e+00	2.663812e+10	8.610642e+10	1.904568e+01	4.084070e+01	2.824528e+01	1.483029e+00	4.434079e-01	0.000000e+00	0.000000e+00	0.000000e+00	1.539848e-03	3.585894e-08	6.584380e-03	4.101865e+07	9.552146e+02	1.753955e+08	
5.300000e+00	2.673785e+10	8.729004e+10	1.904605e+01	4.084070e+01	2.824584e+01	1.483029e+00	4.489024e-01	0.000000e+00	0.000000e+00	0.000000e+00	1.537506e-03	3.562043e-08	6.588142e-03	4.110961e+07	9.524139e+02	1.761528e+08	
5.350000e+00	2.684279e+10	8.483272e+10	1.905037e+01	4.084070e+01	2.825224e+01	1.483029e+00	4.338443e-01	0.000000e+00	0.000000e+00	0.000000e+00	1.537246e-03	3.554069e-08	6.592025e-03	4.126397e+07	9.540111e+02	1.769483e+08	
5.400000e+00	2.693294e+10	8.378962e+10	1.904446e+01	4.084070e+01	2.824348e+01	1.483029e+00	4.297200e-01	0.000000e+00	0.000000e+00	0.000000e+00	1.532561e-03	3.530179e-08	6.595441e-03	4.127636e+07	9.507809e+02	1.776346e+08	
5.450000e+00	2.701976e+10	8.234604e+10	1.903651e+01	4.084070e+01	2.823168e+01	1.483029e+00	4.313135e-01	0.000000e+00	0.000000e+00	0.000000e+00	1.526711e-03	3.497036e-08	6.598328e-03	4.125136e+07	9.448907e+02	1.782853e+08	
5.500000e+00	2.710892e+10	8.235654e+10	1.903050e+01	4.084070e+01	2.822277e+01	1.483029e+00	4.377845e-01	0.000000e+00	0.000000e+00	0.000000e+00	1.521529e-03	3.472873e-08	6.601414e-03	4.124700e+07	9.414586e+02	1.789572e+08	
5.550000e+00	2.720486e+10	8.139101e+10	1.902952e+01	4.084070e+01	2.822132e+01	1.483029e+00	4.278873e-01	0.000000e+00	0.000000e+00	0.000000e+00	1.517456e-03	3.457775e-08	6.604156e-03	4.128217e+07	9.406829e+02	1.796651e+08	
5.600000e+00	2.729148e+10	8.243508e+10	1.902229e+01	4.084070e+01	2.821060e+01	1.483029e+00	4.272577e-01	0.000000e+00	0.000000e+00	0.000000e+00	1.510777e-03	3.421413e-08	6.606347e-03	4.123134e+07	9.337542e+02	1.802969e+08	
5.650000e+00	2.737824e+10	8.089031e+10	1.901545e+01	4.084070e+01	2.820046e+01	1.483029e+00	4.371866e-01	0.000000e+00	0.000000e+00	0.000000e+00	1.503952e-03	3.383228e-08	6.608167e-03	4.117556e+07	9.262683e+02	1.809200e+08	
5.700000e+00	2.747514e+10	8.125857e+10	1.901591e+01	4.084070e+01	2.820115e+01	1.483029e+00	4.340132e-01	0.000000e+00	0.000000e+00	0.000000e+00	1.495106e-03	3.357036e-08	6.610008e-03	4.107825e+07	9.223504e+02	1.816109e+08	
5.750000e+00	2.756898e+10	8.107305e+10	1.901449e+01	4.084070e+01	2.819904e+01	1.483029e+00	4.349009e-01	0.000000e+00	0.000000e+00	0.000000e+00	1.488979e-03	3.340330e-08	6.612097e-03	4.104965e+07	9.208950e+02	1.822888e+08	
5.800000e+00	2.766381e+10	7.989351e+10	1.901399e+01	4.084070e+01	2.819829e+01	1.483029e+00	4.306176e-01	0.000000e+00	0.000000e+00	0.000000e+00	1.484660e-03	3.336188e-08	6.614519e-03	4.107135e+07	9.229167e+02	1.829828e+08	
5.850000e+00	2.775462e+10	7.893289e+10	1.901097e+01	4.084070e+01	2.819380e+01	1.483029e+00	4.243320e-01	0.000000e+00	0.000000e+00	0.000000e+00	1.478905e-03	3.329001e-08	6.616702e-03	4.104644e+07	9.239516e+02	1.836440e+08	
5.900000e+00	2.783977e+10	8.006722e+10	1.900431e+01	4.084070e+01	2.818394e+01	1.483029e+00	4.258640e-01	0.000000e+00	0.000000e+00	0.000000e+00	1.471278e-03	3.310143e-08	6.618395e-03	4.096002e+07	9.215361e+02	1.842546e+08	
5.950000e+00	2.792705e+10	7.982547e+10	1.899938e+01	4.084070e+01	2.817663e+01	1.483029e+00	4.255734e-01	0.000000e+00	0.000000e+00	0.000000e+00	1.465168e-03	3.293691e-08	6.620030e-03	4.091781e+07	9.198307e+02	1.848779e+08	
6.000000e+00	2.801457e+10	8.054967e+10	1.899486e+01	4.084070e+01	2.816992e+01	1.483029e+00	4.293350e-01	0.000000e+00	0.000000e+00	0.000000e+00	1.459391e-03	3.278785e-08	6.621481e-03	4.088420e+07	9.185373e+02	1.854979e+08	
6.050000e+00	2.810612e+10	8.046749e+10	1.899331e+01	4.084070e+01	2.816762e+01	1.483029e+00	4.318275e-01	0.000000e+00	0.000000e+00	0.000000e+00	1.456009e-03	3.274423e-08	6.623180e-03	4.092277e+07	9.203132e+02	1.861519e+08	
6.100000e+00	2.820020e+10	8.175471e+10	1.899368e+01	4.084070e+01	2.816817e+01	1.483029e+00	4.415722e-01	0.000000e+00	0.000000e+00	0.000000e+00	1.453050e-03	3.269987e-08	6.624495e-03	4.097631e+07	9.221430e+02	1.868121e+08	
6.150000e+00	2.830350e+10	8.388939e+10	1.900044e+01	4.084070e+01	2.817819e+01	1.483029e+00	4.497936e-01	0.000000e+00	0.000000e+00	0.000000e+00	1.452660e-03	3.281301e-08	6.626547e-03	4.111537e+07	9.287230e+02	1.875545e+08	
6.200000e+00	2.841392e+10	8.508155e+10	1.901213e+01	4.084070e+01	2.819553e+01	1.483029e+00	4.471033e-01	0.000000e+00	0.000000e+00	0.000000e+00	1.454604e-03	3.307319e-08	6.629288e-03	4.133099e+07	9.397390e+02	1.883640e+08	
6.250000e+00	2.852059e+10	8.506980e+10	1.902144e+01	4.084070e+01	2.820934e+01	1.483029e+00	4.401327e-01	0.000000e+00	0.000000e+00	0.000000e+00	1.456977e-03	3.331608e-08	6.632210e-03	4.155385e+07	9.501943e+02	1.891545e+08	
6.300000e+00	2.861968e+10	8.516481e+10	1.902586e+01	4.084070e+01	2.821589e+01	1.483029e+00	4.392978e-01	0.000000e+00	0.000000e+00	0.000000e+00	1.458620e-03	3.346163e-08	6.635010e-03	4.174525e+07	9.576613e+02	1.898919e+08	
6.350000e+00	2.871753e+10	8.256119e+10	1.902962e+01	4.084070e+01	2.822147e+01	1.483029e+00	4.287036e-01	0.000000e+00	0.000000e+00	0.000000e+00	1.460045e-03	3.355689e-08	6.637759e-03	4.192890e+07	9.636709e+02	1.906201e+08	
6.400000e+00	2.880492e+10	8.451249e+10	1.902664e+01	4.084070e+01	2.821705e+01	1.483029e+00	4.388736e-01	0.000000e+00	0.000000e+00	0.000000e+00	1.458457e-03	3.348501e-08	6.640214e-03	4.201074e+07	9.645329e+02	1.912708e+08	
6.450000e+00	2.890228e+10	8.563473e+10	1.903044e+01	4.084070e+01	2.822269e+01	1.483029e+00	4.384167e-01	0.000000e+00	0.000000e+00	0.000000e+00	1.459607e-03	3.358568e-08	6.643605e-03	4.218597e+07	9.707028e+02	1.920153e+08	
6.500000e+00	2.899882e+10	8.684689e+10	1.903387e+01	4.084070e+01	2.822777e+01	1.483029e+00	4.388556e-01	0.000000e+00	0.000000e+00	0.000000e+00	1.460692e-03	3.364725e-08	6.646904e-03	4.235836e+07	9.757308e+02	1.927524e+08	
6.550000e+00	2.909543e+10	8.765341e+10	1.903751e+01	4.084070e+01	2.823317e+01	1.483029e+00	4.257403e-01	0.000000e+00	0.000000e+00	0.000000e+00	1.462220e-03	3.367352e-08	6.650145e-03	4.254391e+07	9.797455e+02	1.934888e+08	
6.600000e+00	2.917918e+10	8.946331e+10	1.903292e+01	4.084070e+01	2.822637e+01	1.483029e+00	4.249524e-01	0.000000e+00	0.000000e+00	0.000000e+00	1.463935e-03	3.360126e-08	6.653273e-03	4.271643e+07	9.804573e+02	1.941371e+08	
6.650000e+00	2.926266e+10	9.174099e+10	1.902837e+01	4.084070e+01	2.821962e+01	1.483029e+00	4.310737e-01	0.000000e+00	0.000000e+00	0.000000e+00	1.462845e-03	3.335579e-08	6.655516e-03	4.280674e+07	9.760790e+02	1.947581e+08	
6.700000e+00	2.935243e+10	9.288846e+10	1.902810e+01	4.084070e+01	2.821922e+01	1.483029e+00	4.219551e-01	0.000000e+00	0.000000e+00	0.000000e+00	1.463512e-03	3.317324e-08	6.658020e-03	4.295764e+07	9.737150e+02	1.954291e+08	
6.750000e+00	2.943355e+10	9.361165e+10	1.902243e+01	4.084070e+01	2.821081e+01	1.483029e+00	4.262426e-01	0.000000e+00	0.000000e+00	0.000000e+00	1.461807e-03	3.280939e-08	6.659731e-03	4.302615e+07	9.656967e+02	1.960195e+08	
6.800000e+00	2.951933e+10	9.273427e+10	1.901997e+01	4.084070e+01	2.820716e+01	1.483029e+00	4.279900e-01	0.000000e+00	0.000000e+00	0.000000e+00	1.460785e-03	3.248224e-08	6.661500e-03	4.312139e+07	9.588538e+02	1.966430e+08	
6.850000e+00	2.960703e+10	9.241994e+10	1.901893e+01	4.084070e+01	2.820561e+01	1.483029e+00	4.156474e-01	0.000000e+00	0.000000e+00	0.000000e+00	1.459847e-03	3.218991e-08	6.663274e-03	4.322171e+07	9.530474e+02	1.972797e+08	
6.900000e+00	2.968309e+10	9.178327e+10	1.901062e+01	4.084070e+01	2.819329e+01	1.483029e+00	4.192668e-01	0.000000e+00	0.000000e+00	0.000000e+00	1.457331e-03	3.182599e-08	6.664339e-03	4.325808e+07	9.446939e+02	1.978182e+08	
6.950000e+00	2.976346e+10	9.079676e+10	1.900527e+01	4.084070e+01	2.818536e+01	1.483029e+00	4.086378e-01	0.000000e+00	0.000000e+00	0.000000e+00	1.455018e-03	3.145290e-08	6.665177e-03	4.330636e+07	9.361471e+02	1.983787e+08	
7.000000e+00	2.983428e+10	8.974483e+10	1.899404e+01	4.084070e+01	2.816871e+01	1.483029e+00	4.220278e-01	0.000000e+00	0.000000e+00	0.000000e+00	1.451017e-03	3.104439e-08	6.665667e-03	4.329005e+07	9.261868e+02	1.988654e+08	
7.050000e+00	2.991897e+10	8.592144e+10	1.899186e+01	4.084070e+01	2.816547e+01	1.483029e+00	4.048673e-01	0.000000e+00	0.000000e+00	0.000000e+00	1.447457e-03	3.083395e-08	6.666447e-03	4.330642e+07	9.225203e+02	1.994533e+08	
7.100000e+00	2.998760e+10	8.518333e+10	1.897968e+01	4.084070e+01	2.814741e+01	1.483029e+00	4.064610e-01	0.000000e+00	0.000000e+00	0.000000e+00	1.441143e-03	3.052815e-08	6.666825e-03	4.321643e+07	9.154661e+02	1.999221e+08	
7.150000e+00	3.005901e+10	8.385347e+10	1.896949e+01	4.084070e+01	2.813230e+01	1.483029e+00	4.074099e-01	0.000000e+00	0.000000e+00	0.000000e+00	1.432148e-03	3.013649e-08	6.666499e-03	4.304895e+07	9.058730e+02	2.003883e+08	
7.200000e+00	3.013237e+10	8.226520e+10	1.896075e+01	4.084070e+01	2.811934e+01	1.483029e+00	3.866971e-01	0.000000e+00	0.000000e+00	0.000000e+00	1.422394e-03	2.978035e-08	6.665853e-03	4.286011e+07	8.973526e+02	2.008580e+08	
7.250000e+00	3.018700e+10	8.186104e+10	1.894047e+01	4.084070e+01	2.808925e+01	1.483029e+00	4.004862e-01	0.000000e+00	0.000000e+00	0.000000e+00	1.413263e-03	2.945700e-08	6.665423e-03	4.266218e+07	8.892186e+02	2.012092e+08	
7.300000e+00	3.025682e+10	7.959989e+10	1.892996e+01	4.084070e+01	2.807367e+01	1.483029e+00	3.907314e-01	0.000000e+00	0.000000e+00	0.000000e+00	1.405722e-03	2.922027e-08	6.664707e-03	4.253268e+07	8.841126e+02	2.016529e+08	
7.350000e+00	3.031850e+10	7.846747e+10	1.891458e+01	4.084070e+01	2.805086e+01	1.483029e+00	4.059506e-01	0.000000e+00	0.000000e+00	0.000000e+00	1.396778e-03	2.890722e-08	6.663759e-03	4.234823e+07	8.764236e+02	2.020352e+08	
7.400000e+00	3.039619e+10	7.908945e+10	1.890940e+01	4.084070e+01	2.804318e+01	1.483029e+00	4.111795e-01	0.000000e+00	0.000000e+00	0.000000e+00	1.384741e-03	2.858649e-08	6.662586e-03	4.209084e+07	8.689202e+02	2.025172e+08	
7.450000e+00	3.047935e+10	8.089989e+10	1.890780e+01	4.084070e+01	2.804081e+01	1.483029e+00	4.257182e-01	0.000000e+00	0.000000e+00	0.000000e+00	1.376977e-03	2.844282e-08	6.661800e-03	4.196937e+07	8.669187e+02	2.030473e+08	
7.500000e+00	3.057643e+10	8.218968e+10	1.891496e+01	4.084070e+01	2.805143e+01	1.483029e+00	4.241440e-01	0.000000e+00	0.000000e+00	0.000000e+00	1.370443e-03	2.845760e-08	6.661758e-03	4.190326e+07	8.701316e+02	2.036927e+08	
7.550000e+00	3.067127e+10	8.384361e+10	1.892086e+01	4.084070e+01	2.806018e+01	1.483029e+00	4.326095e-01	0.000000e+00	0.000000e+00	0.000000e+00	1.367015e-03	2.854651e-08	6.662316e-03	4.192809e+07	8.755578e+02	2.043417e+08	
7.600000e+00	3.077352e+10	8.346203e+10	1.893142e+01	4.084070e+01	2.807584e+01	1.483029e+00	4.235641e-01	0.000000e+00	0.000000e+00	0.000000e+00	1.365511e-03	2.872474e-08	6.662931e-03	4.202159e+07	8.839614e+02	2.050419e+08	
7.650000e+00	3.086613e+10	8.661486e+10	1.893615e+01	4.084070e+01	2.808286e+01	1.483029e+00	4.293888e-01	0.000000e+00	0.000000e+00	0.000000e+00	1.361863e-03	2.878289e-08	6.663325e-03	4.203545e+07	8.884163e+02	2.056711e+08	
7.700000e+00	3.096376e+10	9.000324e+10	1.894408e+01	4.084070e+01	2.809461e+01	1.483029e+00	4.388393e-01	0.000000e+00	0.000000e+00	0.000000e+00	1.361038e-03	2.893488e-08	6.663807e-03	4.214287e+07	8.959328e+02	2.063366e+08	
7.750000e+00	3.106953e+10	9.200540e+10	1.895707e+01	4.084070e+01	2.811387e+01	1.483029e+00	4.330968e-01	0.000000e+00	0.000000e+00	0.000000e+00	1.364883e-03	2.928941e-08	6.665295e-03	4.240630e+07	9.100083e+02	2.070876e+08	
7.800000e+00	3.116854e+10	9.438917e+10	1.896600e+01	4.084070e+01	2.812712e+01	1.483029e+00	4.372960e-01	0.000000e+00	0.000000e+00	0.000000e+00	1.367475e-03	2.948751e-08	6.666732e-03	4.262219e+07	9.190825e+02	2.077923e+08	
7.850000e+00	3.127060e+10	9.690831e+10	1.897689e+01	4.084070e+01	2.814327e+01	1.483029e+00	4.272009e-01	0.000000e+00	0.000000e+00	0.000000e+00	1.370253e-03	2.972429e-08	6.668413e-03	4.284863e+07	9.294966e+02	2.085253e+08	
7.900000e+00	3.136198e+10	9.984058e+10	1.898139e+01	4.084070e+01	2.814994e+01	1.483029e+00	4.439420e-01	0.000000e+00	0.000000e+00	0.000000e+00	1.371302e-03	2.972777e-08	6.669973e-03	4.300674e+07	9.323216e+02	2.091835e+08	
7.950000e+00	3.146878e+10	9.923224e+10	1.899530e+01	4.084070e+01	2.817058e+01	1.483029e+00	4.402221e-01	0.000000e+00	0.000000e+00	0.000000e+00	1.373175e-03	2.977323e-08	6.671062e-03	4.321213e+07	9.369271e+02	2.099302e+08	
8.000000e+00	3.157063e+10	9.846080e+10	1.900630e+01	4.084070e+01	2.818689e+01	1.483029e+00	4.370261e-01	0.000000e+00	0.000000e+00	0.000000e+00	1.376232e-03	2.984287e-08	6.672776e-03	4.344851e+07	9.421581e+02	2.106637e+08	
8.050000e+00	3.166831e+10	1.004730e+11	1.901487e+01	4.084070e+01	2.819960e+01	1.483029e+00	4.375842e-01	0.000000e+00	0.000000e+00	0.000000e+00	1.378022e-03	2.990869e-08	6.674420e-03	4.363963e+07	9.471578e+02	2.113676e+08	
8.100000e+00	3.176566e+10	1.004195e+11	1.902333e+01	4.084070e+01	2.821214e+01	1.483029e+00	4.337908e-01	0.000000e+00	0.000000e+00	0.000000e+00	1.380178e-03	2.997872e-08	6.676344e-03	4.384225e+07	9.522937e+02	2.120785e+08	
8.150000e+00	3.185853e+10	1.013194e+11	1.902919e+01	4.084070e+01	2.822084e+01	1.483029e+00	4.341490e-01	0.000000e+00	0.000000e+00	0.000000e+00	1.379643e-03	2.987285e-08	6.677512e-03	4.395341e+07	9.517050e+02	2.127357e+08	
8.200000e+00	3.195113e+10	1.015121e+11	1.903500e+01	4.084070e+01	2.822945e+01	1.483029e+00	4.364634e-01	0.000000e+00	0.000000e+00	0.000000e+00	1.379597e-03	2.983596e-08	6.679099e-03	4.407969e+07	9.532927e+02	2.134048e+08	
8.250000e+00	3.204535e+10	1.017256e+11	1.904186e+01	4.084070e+01	2.823963e+01	1.483029e+00	4.356759e-01	0.000000e+00	0.000000e+00	0.000000e+00	1.380485e-03	2.989263e-08	6.680874e-03	4.423814e+07	9.579198e+02	2.140910e+08	
8.300000e+00	3.213812e+10	1.013368e+11	1.904796e+01	4.084070e+01	2.824866e+01	1.483029e+00	4.328563e-01	0.000000e+00	0.000000e+00	0.000000e+00	1.381151e-03	2.995249e-08	6.682825e-03	4.438759e+07	9.626167e+02	2.147734e+08	
8.350000e+00	3.222757e+10	1.006281e+11	1.905219e+01	4.084070e+01	2.825494e+01	1.483029e+00	4.188286e-01	0.000000e+00	0.000000e+00	0.000000e+00	1.380614e-03	2.996483e-08	6.684733e-03	4.449385e+07	9.656938e+02	2.154327e+08	
8.400000e+00	3.230323e+10	1.000300e+11	1.904838e+01	4.084070e+01	2.824930e+01	1.483029e+00	4.161318e-01	0.000000e+00	0.000000e+00	0.000000e+00	1.379966e-03	2.991858e-08	6.686765e-03	4.457736e+07	9.664667e+02	2.160041e+08	
8.450000e+00	3.237671e+10	1.015481e+11	1.904344e+01	4.084070e+01	2.824197e+01	1.483029e+00	4.223342e-01	0.000000e+00	0.000000e+00	0.000000e+00	1.379077e-03	2.993202e-08	6.689146e-03	4.464999e+07	9.691006e+02	2.165726e+08	
8.500000e+00	3.245661e+10	1.011576e+11	1.904241e+01	4.084070e+01	2.824044e+01	1.483029e+00	4.214117e-01	0.000000e+00	0.000000e+00	0.000000e+00	1.377577e-03	2.991845e-08	6.691160e-03	4.471148e+07	9.710515e+02	2.171724e+08	
8.550000e+00	3.253574e+10	1.008747e+11	1.904105e+01	4.084070e+01	2.823843e+01	1.483029e+00	4.234860e-01	0.000000e+00	0.000000e+00	0.000000e+00	1.375432e-03	2.986272e-08	6.692836e-03	4.475069e+07	9.716057e+02	2.177564e+08	
8.600000e+00	3.261698e+10	1.005024e+11	1.904106e+01	4.084070e+01	2.823843e+01	1.483029e+00	4.250163e-01	0.000000e+00	0.000000e+00	0.000000e+00	1.373445e-03	2.980036e-08	6.694661e-03	4.479763e+07	9.719978e+02	2.183596e+08	
8.650000e+00	3.269968e+10	9.849269e+10	1.904202e+01	4.084070e+01	2.823987e+01	1.483029e+00	4.166286e-01	0.000000e+00	0.000000e+00	0.000000e+00	1.371817e-03	2.975017e-08	6.696522e-03	4.485796e+07	9.728210e+02	2.189741e+08	
8.700000e+00	3.277429e+10	9.663159e+10	1.903841e+01	4.084070e+01	2.823450e+01	1.483029e+00	4.155347e-01	0.000000e+00	0.000000e+00	0.000000e+00	1.368059e-03	2.957966e-08	6.698085e-03	4.483716e+07	9.694524e+02	2.195250e+08	
8.750000e+00	3.284824e+10	9.574492e+10	1.903454e+01	4.084070e+01	2.822876e+01	1.483029e+00	4.133456e-01	0.000000e+00	0.000000e+00	0.000000e+00	1.363166e-03	2.939917e-08	6.699493e-03	4.477759e+07	9.657109e+02	2.200666e+08	
8.800000e+00	3.292050e+10	9.702330e+10	1.902983e+01	4.084070e+01	2.822178e+01	1.483029e+00	4.123900e-01	0.000000e+00	0.000000e+00	0.000000e+00	1.356915e-03	2.918995e-08	6.700505e-03	4.467033e+07	9.609478e+02	2.205840e+08	
8.850000e+00	3.299234e+10	9.703229e+10	1.902501e+01	4.084070e+01	2.821463e+01	1.483029e+00	4.144354e-01	0.000000e+00	0.000000e+00	0.000000e+00	1.352444e-03	2.898617e-08	6.701948e-03	4.462028e+07	9.563217e+02	2.211130e+08	
8.900000e+00	3.306663e+10	9.761518e+10	1.902173e+01	4.084070e+01	2.820977e+01	1.483029e+00	4.239429e-01	0.000000e+00	0.000000e+00	0.000000e+00	1.348261e-03	2.881735e-08	6.703290e-03	4.458245e+07	9.528927e+02	2.216552e+08	
8.950000e+00	3.315030e+10	9.816013e+10	1.902396e+01	4.084070e+01	2.821308e+01	1.483029e+00	4.116792e-01	0.000000e+00	0.000000e+00	0.000000e+00	1.345793e-03	2.885592e-08	6.704873e-03	4.461344e+07	9.565824e+02	2.222685e+08	
9.000000e+00	3.322207e+10	9.864675e+10	1.901949e+01	4.084070e+01	2.820644e+01	1.483029e+00	4.156924e-01	0.000000e+00	0.000000e+00	0.000000e+00	1.344192e-03	2.884920e-08	6.706769e-03	4.465683e+07	9.584302e+02	2.228127e+08	
9.050000e+00	3.329812e+10	9.931657e+10	1.901758e+01	4.084070e+01	2.820362e+01	1.483029e+00	4.186708e-01	0.000000e+00	0.000000e+00	0.000000e+00	1.341123e-03	2.881684e-08	6.708233e-03	4.465687e+07	9.595464e+02	2.233715e+08	
9.100000e+00	3.337720e+10	1.007067e+11	1.901752e+01	4.084070e+01	2.820353e+01	1.483029e+00	4.472926e-01	0.000000e+00	0.000000e+00	0.000000e+00	1.338772e-03	2.879388e-08	6.709834e-03	4.468447e+07	9.610590e+02	2.239555e+08	
9.150000e+00	3.348350e+10	1.010415e+11	1.903304e+01	4.084070e+01	2.822655e+01	1.483029e+00	4.338718e-01	0.000000e+00	0.000000e+00	0.000000e+00	1.337007e-03	2.891825e-08	6.711616e-03	4.476768e+07	9.682844e+02	2.247284e+08	
9.200000e+00	3.357545e+10	1.026146e+11	1.904046e+01	4.084070e+01	2.823754e+01	1.483029e+00	4.403161e-01	0.000000e+00	0.000000e+00	0.000000e+00	1.337423e-03	2.900583e-08	6.713945e-03	4.490459e+07	9.738839e+02	2.254238e+08	
9.250000e+00	3.367278e+10	1.036955e+11	1.905098e+01	4.084070e+01	2.825315e+01	1.483029e+00	4.392465e-01	0.000000e+00	0.000000e+00	0.000000e+00	1.340423e-03	2.923449e-08	6.716639e-03	4.513576e+07	9.844065e+02	2.261679e+08	
9.300000e+00	3.376801e+10	1.044305e+11	1.906038e+01	4.084070e+01	2.826709e+01	1.483029e+00	4.380899e-01	0.000000e+00	0.000000e+00	0.000000e+00	1.343735e-03	2.945478e-08	6.719502e-03	4.537526e+07	9.946293e+02	2.269042e+08	
9.350000e+00	3.386118e+10	1.044244e+11	1.906867e+01	4.084070e+01	2.827939e+01	1.483029e+00	4.376140e-01	0.000000e+00	0.000000e+00	0.000000e+00	1.346866e-03	2.965241e-08	6.722509e-03	4.560648e+07	1.004066e+03	2.276321e+08	
9.400000e+00	3.395305e+10	1.053128e+11	1.907630e+01	4.084070e+01	2.829070e+01	1.483029e+00	4.548617e-01	0.000000e+00	0.000000e+00	0.000000e+00	1.349671e-03	2.985916e-08	6.725414e-03	4.582545e+07	1.013809e+03	2.283483e+08	
9.450000e+00	3.406059e+10	1.072482e+11	1.909278e+01	4.084070e+01	2.831514e+01	1.483029e+00	4.629393e-01	0.000000e+00	0.000000e+00	0.000000e+00	1.351327e-03	2.998958e-08	6.728861e-03	4.602698e+07	1.021463e+03	2.291890e+08	
9.500000e+00	3.417417e+10	1.069320e+11	1.911266e+01	4.084070e+01	2.834462e+01	1.483029e+00	4.554684e-01	0.000000e+00	0.000000e+00	0.000000e+00	1.355836e-03	3.036636e-08	6.732765e-03	4.633458e+07	1.037745e+03	2.300866e+08	
9.550000e+00	3.427860e+10	1.047460e+11	1.912745e+01	4.084070e+01	2.836655e+01	1.483029e+00	4.361061e-01	0.000000e+00	0.000000e+00	0.000000e+00	1.361446e-03	3.075457e-08	6.737013e-03	4.666847e+07	1.054224e+03	2.309354e+08	
9.600000e+00	3.436301e+10	1.052991e+11	1.913112e+01	4.084070e+01	2.837200e+01	1.483029e+00	4.358898e-01	0.000000e+00	0.000000e+00	0.000000e+00	1.363319e-03	3.090943e-08	6.740707e-03	4.684774e+07	1.062141e+03	2.316310e+08	
9.650000e+00	3.444685e+10	1.064415e+11	1.913455e+01	4.084070e+01	2.837709e+01	1.483029e+00	4.581435e-01	0.000000e+00	0.000000e+00	0.000000e+00	1.365092e-03	3.103482e-08	6.744252e-03	4.702312e+07	1.069052e+03	2.323182e+08	
9.700000e+00	3.455162e+10	1.052904e+11	1.914967e+01	4.084070e+01	2.839950e+01	1.483029e+00	4.410000e-01	0.000000e+00	0.000000e+00	0.000000e+00	1.366777e-03	3.118095e-08	6.748254e-03	4.722435e+07	1.077352e+03	2.331631e+08	
9.750000e+00	3.463844e+10	1.043665e+11	1.915489e+01	4.084070e+01	2.840725e+01	1.483029e+00	4.296673e-01	0.000000e+00	0.000000e+00	0.000000e+00	1.366161e-03	3.124765e-08	6.751774e-03	4.732168e+07	1.082370e+03	2.338709e+08	
9.800000e+00	3.471388e+10	1.028137e+11	1.915390e+01	4.084070e+01	2.840578e+01	1.483029e+00	4.273283e-01	0.000000e+00	0.000000e+00	0.000000e+00	1.364300e-03	3.116045e-08	6.754730e-03	4.736014e+07	1.081700e+03	2.344829e+08	
9.850000e+00	3.478719e+10	1.039224e+11	1.915183e+01	4.084070e+01	2.840272e+01	1.483029e+00	4.269131e-01	0.000000e+00	0.000000e+00	0.000000e+00	1.360960e-03	3.105018e-08	6.756972e-03	4.734395e+07	1.080148e+03	2.350560e+08	
9.900000e+00	3.486030e+10	1.022904e+11	1.914977e+01	4.084070e+01	2.839965e+01	1.483029e+00	4.162150e-01	0.000000e+00	0.000000e+00	0.000000e+00	1.357941e-03	3.096497e-08	6.759118e-03	4.733825e+07	1.079448e+03	2.356249e+08	
9.950000e+00	3.492339e+10	1.020209e+11	1.914230e+01	4.084070e+01	2.838858e+01	1.483029e+00	4.076054e-01	0.000000e+00	0.000000e+00	0.000000e+00	1.352434e-03	3.076991e-08	6.760637e-03	4.723157e+07	1.074589e+03	2.361043e+08	
1.000000e+01	3.497900e+10	1.022945e+11	1.913088e+01	4.084070e+01	2.837164e+01	1.483029e+00	4.114279e-01	0.000000e+00	0.000000e+00	0.000000e+00	1.344577e-03	3.040900e-08	6.761298e-03	4.703196e+07	1.063677e+03	2.365035e+08	
1.005000e+01	3.503946e+10	1.030510e+11	1.912224e+01	4.084070e+01	2.835883e+01	1.483029e+00	4.130826e-01	0.000000e+00	0.000000e+00	0.000000e+00	1.338209e-03	3.012876e-08	6.761878e-03	4.689011e+07	1.055695e+03	2.369326e+08	
1.010000e+01	3.510240e+10	1.035496e+11	1.911508e+01	4.084070e+01	2.834821e+01	1.483029e+00	4.190789e-01	0.000000e+00	0.000000e+00	0.000000e+00	1.332319e-03	2.988579e-08	6.762423e-03	4.676758e+07	1.049063e+03	2.373773e+08	
1.015000e+01	3.517180e+10	1.051189e+11	1.911155e+01	4.084070e+01	2.834298e+01	1.483029e+00	4.222362e-01	0.000000e+00	0.000000e+00	0.000000e+00	1.327978e-03	2.978459e-08	6.763225e-03	4.670739e+07	1.047578e+03	2.378748e+08	
1.020000e+01	3.524459e+10	1.061841e+11	1.910996e+01	4.084070e+01	2.834062e+01	1.483029e+00	4.299935e-01	0.000000e+00	0.000000e+00	0.000000e+00	1.325181e-03	2.973246e-08	6.764073e-03	4.670548e+07	1.047908e+03	2.383970e+08	
1.025000e+01	3.532496e+10	1.084955e+11	1.911257e+01	4.084070e+01	2.834448e+01	1.483029e+00	4.272508e-01	0.000000e+00	0.000000e+00	0.000000e+00	1.324055e-03	2.978210e-08	6.764934e-03	4.677220e+07	1.052051e+03	2.389710e+08	
1.030000e+01	3.540243e+10	1.117614e+11	1.911369e+01	4.084070e+01	2.834614e+01	1.483029e+00	4.293826e-01	0.000000e+00	0.000000e+00	0.000000e+00	1.322936e-03	2.982170e-08	6.765632e-03	4.683515e+07	1.055761e+03	2.395198e+08	
1.035000e+01	3.548183e+10	1.155025e+11	1.911592e+01	4.084070e+01	2.834946e+01	1.483029e+00	4.377456e-01	0.000000e+00	0.000000e+00	0.000000e+00	1.322519e-03	2.985802e-08	6.766411e-03	4.692539e+07	1.059417e+03	2.400846e+08	
1.040000e+01	3.556899e+10	1.189549e+11	1.912241e+01	4.084070e+01	2.835908e+01	1.483029e+00	4.374842e-01	0.000000e+00	0.000000e+00	0.000000e+00	1.323566e-03	2.997076e-08	6.767245e-03	4.707791e+07	1.066030e+03	2.407041e+08	
1.045000e+01	3.565524e+10	1.233309e+11	1.912847e+01	4.084070e+01	2.836806e+01	1.483029e+00	4.416373e-01	0.000000e+00	0.000000e+00	0.000000e+00	1.324575e-03	3.007591e-08	6.768222e-03	4.722804e+07	1.072364e+03	2.413226e+08	
1.050000e+01	3.574484e+10	1.240987e+11	1.913638e+01	4.084070e+01	2.837979e+01	1.483029e+00	4.301431e-01	0.000000e+00	0.000000e+00	0.000000e+00	1.327147e-03	3.025968e-08	6.769780e-03	4.743866e+07	1.081627e+03	2.419847e+08	
1.055000e+01	3.582264e+10	1.268586e+11	1.913803e+01	4.084070e+01	2.838224e+01	1.483029e+00	4.432987e-01	0.000000e+00	0.000000e+00	0.000000e+00	1.330984e-03	3.039335e-08	6.771762e-03	4.767936e+07	1.088770e+03	2.425824e+08	
1.060000e+01	3.591285e+10	1.271470e+11	1.914638e+01	4.084070e+01	2.839463e+01	1.483029e+00	4.429569e-01	0.000000e+00	0.000000e+00	0.000000e+00	1.334495e-03	3.052970e-08	6.773380e-03	4.792552e+07	1.096408e+03	2.432514e+08	
1.065000e+01	3.600189e+10	1.285432e+11	1.915415e+01	4.084070e+01	2.840615e+01	1.483029e+00	4.429335e-01	0.000000e+00	0.000000e+00	0.000000e+00	1.337850e-03	3.066084e-08	6.775237e-03	4.816514e+07	1.103848e+03	2.439213e+08	
1.070000e+01	3.609011e+10	1.285006e+11	1.916154e+01	4.084070e+01	2.841711e+01	1.483029e+00	4.417981e-01	0.000000e+00	0.000000e+00	0.000000e+00	1.341530e-03	3.068730e-08	6.776963e-03	4.841597e+07	1.107508e+03	2.445813e+08	
1.075000e+01	3.617649e+10	1.277250e+11	1.916800e+01	4.084070e+01	2.842669e+01	1.483029e+00	4.275039e-01	0.000000e+00	0.000000e+00	0.000000e+00	1.344761e-03	3.070774e-08	6.778795e-03	4.864874e+07	1.110898e+03	2.452330e+08	
1.080000e+01	3.624851e+10	1.293912e+11	1.916692e+01	4.084070e+01	2.842509e+01	1.483029e+00	4.451287e-01	0.000000e+00	0.000000e+00	0.000000e+00	1.347893e-03	3.065422e-08	6.780729e-03	4.885911e+07	1.111170e+03	2.457913e+08	
1.085000e+01	3.633753e+10	1.295261e+11	1.917490e+01	4.084070e+01	2.843693e+01	1.483029e+00	4.297603e-01	0.000000e+00	0.000000e+00	0.000000e+00	1.349410e-03	3.065096e-08	6.782756e-03	4.903423e+07	1.113780e+03	2.464686e+08	
1.090000e+01	3.641100e+10	1.322775e+11	1.917474e+01	4.084070e+01	2.843669e+01	1.483029e+00	4.484377e-01	0.000000e+00	0.000000e+00	0.000000e+00	1.352319e-03	3.061680e-08	6.785117e-03	4.923928e+07	1.114788e+03	2.470529e+08	
1.095000e+01	3.650240e+10	1.307018e+11	1.918408e+01	4.084070e+01	2.845053e+01	1.483029e+00	4.446502e-01	0.000000e+00	0.000000e+00	0.000000e+00	1.354390e-03	3.065643e-08	6.787562e-03	4.943848e+07	1.119033e+03	2.477623e+08	
1.100000e+01	3.658922e+10	1.318771e+11	1.919105e+01	4.084070e+01	2.846087e+01	1.483029e+00	4.449904e-01	0.000000e+00	0.000000e+00	0.000000e+00	1.357279e-03	3.072639e-08	6.790052e-03	4.966177e+07	1.124255e+03	2.484427e+08	
1.105000e+01	3.667565e+10	1.328844e+11	1.919787e+01	4.084070e+01	2.847099e+01	1.483029e+00	4.404310e-01	0.000000e+00	0.000000e+00	0.000000e+00	1.360675e-03	3.081276e-08	6.792726e-03	4.990365e+07	1.130078e+03	2.491276e+08	
1.110000e+01	3.675701e+10	1.342393e+11	1.920209e+01	4.084070e+01	2.847725e+01	1.483029e+00	4.339261e-01	0.000000e+00	0.000000e+00	0.000000e+00	1.363741e-03	3.085449e-08	6.795374e-03	5.012705e+07	1.134119e+03	2.497776e+08	
1.115000e+01	3.683169e+10	1.333067e+11	1.920289e+01	4.084070e+01	2.847844e+01	1.483029e+00	4.383012e-01	0.000000e+00	0.000000e+00	0.000000e+00	1.368246e-03	3.090067e-08	6.797972e-03	5.039480e+07	1.138124e+03	2.503808e+08	
1.120000e+01	3.691049e+10	1.337908e+11	1.920591e+01	4.084070e+01	2.848291e+01	1.483029e+00	4.397364e-01	0.000000e+00	0.000000e+00	0.000000e+00	1.371446e-03	3.093030e-08	6.800220e-03	5.062074e+07	1.141653e+03	2.509994e+08	
1.125000e+01	3.699036e+10	1.335905e+11	1.920954e+01	4.084070e+01	2.848830e+01	1.483029e+00	4.362096e-01	0.000000e+00	0.000000e+00	0.000000e+00	1.374235e-03	3.093606e-08	6.802387e-03	5.083344e+07	1.144336e+03	2.516227e+08	
1.130000e+01	3.706647e+10	1.339481e+11	1.921129e+01	4.084070e+01	2.849089e+01	1.483029e+00	4.374583e-01	0.000000e+00	0.000000e+00	0.000000e+00	1.374913e-03	3.085336e-08	6.804050e-03	5.096318e+07	1.143625e+03	2.522021e+08	
1.135000e+01	3.714361e+10	1.357415e+11	1.921363e+01	4.084070e+01	2.849436e+01	1.483029e+00	4.394238e-01	0.000000e+00	0.000000e+00	0.000000e+00	1.375782e-03	3.077764e-08	6.805753e-03	5.110150e+07	1.143192e+03	2.527902e+08	
1.140000e+01	3.722239e+10	1.369013e+11	1.921688e+01	4.084070e+01	2.849919e+01	1.483029e+00	4.437994e-01	0.000000e+00	0.000000e+00	0.000000e+00	1.377082e-03	3.071646e-08	6.807466e-03	5.125829e+07	1.143340e+03	2.533901e+08	
1.145000e+01	3.730504e+10	1.328106e+11	1.922219e+01	4.084070e+01	2.850706e+01	1.483029e+00	4.334763e-01	0.000000e+00	0.000000e+00	0.000000e+00	1.379372e-03	3.073044e-08	6.809270e-03	5.145754e+07	1.146401e+03	2.540201e+08	
1.150000e+01	3.737723e+10	1.337817e+11	1.922218e+01	4.084070e+01	2.850704e+01	1.483029e+00	4.334547e-01	0.000000e+00	0.000000e+00	0.000000e+00	1.377455e-03	3.062649e-08	6.810553e-03	5.148546e+07	1.144733e+03	2.545596e+08	
1.155000e+01	3.744941e+10	1.331669e+11	1.922222e+01	4.084070e+01	2.850710e+01	1.483029e+00	4.318980e-01	0.000000e+00	0.000000e+00	0.000000e+00	1.375252e-03	3.053230e-08	6.811893e-03	5.150237e+07	1.143417e+03	2.551014e+08	
1.160000e+01	3.752008e+10	1.324686e+11	1.922156e+01	4.084070e+01	2.850613e+01	1.483029e+00	4.379994e-01	0.000000e+00	0.000000e+00	0.000000e+00	1.372468e-03	3.043118e-08	6.812987e-03	5.149509e+07	1.141780e+03	2.556238e+08	
1.165000e+01	3.759668e+10	1.314935e+11	1.922402e+01	4.084070e+01	2.850977e+01	1.483029e+00	4.353856e-01	0.000000e+00	0.000000e+00	0.000000e+00	1.368570e-03	3.032710e-08	6.814318e-03	5.145368e+07	1.140198e+03	2.561957e+08	
1.170000e+01	3.767052e+10	1.293474e+11	1.922512e+01	4.084070e+01	2.851140e+01	1.483029e+00	4.267466e-01	0.000000e+00	0.000000e+00	0.000000e+00	1.366410e-03	3.027821e-08	6.815898e-03	5.147338e+07	1.140596e+03	2.567584e+08	
1.175000e+01	3.773594e+10	1.293679e+11	1.922200e+01	4.084070e+01	2.850677e+01	1.483029e+00	4.245829e-01	0.000000e+00	0.000000e+00	0.000000e+00	1.362018e-03	3.010709e-08	6.817026e-03	5.139701e+07	1.136119e+03	2.572469e+08	
1.180000e+01	3.779960e+10	1.321175e+11	1.921806e+01	4.084070e+01	2.850094e+01	1.483029e+00	4.316107e-01	0.000000e+00	0.000000e+00	0.000000e+00	1.360228e-03	3.000428e-08	6.818148e-03	5.141608e+07	1.134150e+03	2.577233e+08	
1.185000e+01	3.787042e+10	1.337576e+11	1.921784e+01	4.084070e+01	2.850061e+01	1.483029e+00	4.243766e-01	0.000000e+00	0.000000e+00	0.000000e+00	1.358987e-03	2.994371e-08	6.819102e-03	5.146542e+07	1.133981e+03	2.582423e+08	
1.190000e+01	3.793432e+10	1.338257e+11	1.921418e+01	4.084070e+01	2.849518e+01	1.483029e+00	4.335010e-01	0.000000e+00	0.000000e+00	0.000000e+00	1.356934e-03	2.979985e-08	6.819841e-03	5.147438e+07	1.130437e+03	2.587060e+08	
1.195000e+01	3.800735e+10	1.313450e+11	1.921523e+01	4.084070e+01	2.849673e+01	1.483029e+00	4.043512e-01	0.000000e+00	0.000000e+00	0.000000e+00	1.356522e-03	2.978885e-08	6.821007e-03	5.155780e+07	1.132195e+03	2.592484e+08	
1.200000e+01	3.805227e+10	1.290710e+11	1.920215e+01	4.084070e+01	2.847733e+01	1.483029e+00	4.011758e-01	0.000000e+00	0.000000e+00	0.000000e+00	1.355175e-03	2.966417e-08	6.822173e-03	5.156749e+07	1.128789e+03	2.595992e+08	
1.205000e+01	3.809551e+10	1.289097e+11	1.918833e+01	4.084070e+01	2.845684e+01	1.483029e+00	3.945227e-01	0.000000e+00	0.000000e+00	0.000000e+00	1.351015e-03	2.934608e-08	6.822424e-03	5.146762e+07	1.117954e+03	2.599037e+08	
1.210000e+01	3.813380e+10	1.278082e+11	1.917214e+01	4.084070e+01	2.843284e+01	1.483029e+00	4.060781e-01	0.000000e+00	0.000000e+00	0.000000e+00	1.345942e-03	2.894171e-08	6.822403e-03	5.132586e+07	1.103657e+03	2.601641e+08	
1.215000e+01	3.818485e+10	1.296019e+11	1.916249e+01	4.084070e+01	2.841852e+01	1.483029e+00	4.216242e-01	0.000000e+00	0.000000e+00	0.000000e+00	1.339878e-03	2.861941e-08	6.822004e-03	5.116304e+07	1.092828e+03	2.604972e+08	
1.220000e+01	3.825180e+10	1.307072e+11	1.916090e+01	4.084070e+01	2.841616e+01	1.483029e+00	4.239330e-01	0.000000e+00	0.000000e+00	0.000000e+00	1.336098e-03	2.845023e-08	6.822036e-03	5.110816e+07	1.088273e+03	2.609552e+08	
1.225000e+01	3.832113e+10	1.324365e+11	1.916057e+01	4.084070e+01	2.841567e+01	1.483029e+00	4.355638e-01	0.000000e+00	0.000000e+00	0.000000e+00	1.333173e-03	2.832734e-08	6.822049e-03	5.108870e+07	1.085536e+03	2.614287e+08	
1.230000e+01	3.840164e+10	1.335290e+11	1.916588e+01	4.084070e+01	2.842354e+01	1.483029e+00	4.416223e-01	0.000000e+00	0.000000e+00	0.000000e+00	1.332186e-03	2.838377e-08	6.823032e-03	5.115812e+07	1.089983e+03	2.620156e+08	
1.235000e+01	3.848741e+10	1.323388e+11	1.917385e+01	4.084070e+01	2.843537e+01	1.483029e+00	4.185042e-01	0.000000e+00	0.000000e+00	0.000000e+00	1.330068e-03	2.840183e-08	6.823286e-03	5.119087e+07	1.093113e+03	2.626106e+08	
1.240000e+01	3.855020e+10	1.296502e+11	1.917044e+01	4.084070e+01	2.843031e+01	1.483029e+00	4.206165e-01	0.000000e+00	0.000000e+00	0.000000e+00	1.328273e-03	2.831211e-08	6.823724e-03	5.120519e+07	1.091438e+03	2.630559e+08	
1.245000e+01	3.861537e+10	1.289422e+11	1.916828e+01	4.084070e+01	2.842710e+01	1.483029e+00	4.170888e-01	0.000000e+00	0.000000e+00	0.000000e+00	1.325216e-03	2.821995e-08	6.823926e-03	5.117370e+07	1.089724e+03	2.635084e+08	
