# bin_edge_left	bin_edge_right	dN/d[fe/H]	dN/d[o/H]	dN/d[mg/H]	dN/d[o/fe]	dN/d[mg/fe]	dN/d[mg/o]	
-3.000000e+00	-2.950000e+00	0.000000e+00	0.000000e+00	0.000000e+00	0.000000e+00	0.000000e+00	0.000000e+00	
-2.950000e+00	-2.900000e+00	0.000000e+00	0.000000e+00	0.000000e+00	0.000000e+00	0.000000e+00	0.000000e+00	
-2.900000e+00	-2.850000e+00	0.000000e+00	0.000000e+00	0.000000e+00	0.000000e+00	0.000000e+00	0.000000e+00	
-2.850000e+00	-2.800000e+00	0.000000e+00	0.000000e+00	0.000000e+00	0.000000e+00	0.000000e+00	0.000000e+00	
-2.800000e+00	-2.750000e+00	0.000000e+00	0.000000e+00	9.407048e-03	0.000000e+00	0.000000e+00	0.000000e+00	
-2.750000e+00	-2.700000e+00	0.000000e+00	0.000000e+00	0.000000e+00	0.000000e+00	0.000000e+00	0.000000e+00	
-2.700000e+00	-2.650000e+00	0.000000e+00	0.000000e+00	0.000000e+00	0.000000e+00	0.000000e+00	0.000000e+00	
-2.650000e+00	-2.600000e+00	0.000000e+00	0.000000e+00	0.000000e+00	0.000000e+00	0.000000e+00	0.000000e+00	
-2.600000e+00	-2.550000e+00	9.407048e-03	0.000000e+00	0.000000e+00	0.000000e+00	0.000000e+00	0.000000e+00	
-2.550000e+00	-2.500000e+00	0.000000e+00	0.000000e+00	0.000000e+00	0.000000e+00	0.000000e+00	0.000000e+00	
-2.500000e+00	-2.450000e+00	0.000000e+00	0.000000e+00	9.386523e-03	0.000000e+00	0.000000e+00	0.000000e+00	
-2.450000e+00	-2.400000e+00	0.000000e+00	0.000000e+00	0.000000e+00	0.000000e+00	0.000000e+00	0.000000e+00	
-2.400000e+00	-2.350000e+00	0.000000e+00	0.000000e+00	0.000000e+00	0.000000e+00	0.000000e+00	0.000000e+00	
-2.350000e+00	-2.300000e+00	0.000000e+00	0.000000e+00	0.000000e+00	0.000000e+00	0.000000e+00	0.000000e+00	
-2.300000e+00	-2.250000e+00	9.386523e-03	0.000000e+00	9.366857e-03	0.000000e+00	0.000000e+00	0.000000e+00	
-2.250000e+00	-2.200000e+00	0.000000e+00	0.000000e+00	0.000000e+00	0.000000e+00	0.000000e+00	0.000000e+00	
-2.200000e+00	-2.150000e+00	0.000000e+00	9.407048e-03	9.347784e-03	0.000000e+00	0.000000e+00	0.000000e+00	
-2.150000e+00	-2.100000e+00	0.000000e+00	0.000000e+00	0.000000e+00	0.000000e+00	0.000000e+00	0.000000e+00	
-2.100000e+00	-2.050000e+00	9.366857e-03	0.000000e+00	9.329176e-03	0.000000e+00	0.000000e+00	0.000000e+00	
-2.050000e+00	-2.000000e+00	0.000000e+00	0.000000e+00	0.000000e+00	0.000000e+00	0.000000e+00	0.000000e+00	
-2.000000e+00	-1.950000e+00	9.347784e-03	0.000000e+00	9.310959e-03	0.000000e+00	0.000000e+00	0.000000e+00	
-1.950000e+00	-1.900000e+00	0.000000e+00	0.000000e+00	9.293083e-03	0.000000e+00	0.000000e+00	0.000000e+00	
-1.900000e+00	-1.850000e+00	9.329176e-03	9.386523e-03	9.275514e-03	0.000000e+00	0.000000e+00	0.000000e+00	
-1.850000e+00	-1.800000e+00	0.000000e+00	0.000000e+00	9.258224e-03	0.000000e+00	0.000000e+00	0.000000e+00	
-1.800000e+00	-1.750000e+00	9.310959e-03	0.000000e+00	9.241195e-03	0.000000e+00	0.000000e+00	0.000000e+00	
-1.750000e+00	-1.700000e+00	9.293083e-03	9.366857e-03	9.224412e-03	0.000000e+00	0.000000e+00	0.000000e+00	
-1.700000e+00	-1.650000e+00	9.275514e-03	0.000000e+00	1.839939e-02	0.000000e+00	0.000000e+00	0.000000e+00	
-1.650000e+00	-1.600000e+00	9.258224e-03	0.000000e+00	9.175414e-03	0.000000e+00	0.000000e+00	0.000000e+00	
-1.600000e+00	-1.550000e+00	9.241195e-03	9.347784e-03	1.830328e-02	0.000000e+00	0.000000e+00	0.000000e+00	
-1.550000e+00	-1.500000e+00	9.224412e-03	0.000000e+00	2.733888e-02	0.000000e+00	0.000000e+00	0.000000e+00	
-1.500000e+00	-1.450000e+00	1.839939e-02	9.329176e-03	1.815062e-02	0.000000e+00	0.000000e+00	0.000000e+00	
-1.450000e+00	-1.400000e+00	9.175414e-03	9.310959e-03	2.711631e-02	0.000000e+00	0.000000e+00	0.000000e+00	
-1.400000e+00	-1.350000e+00	1.830328e-02	0.000000e+00	2.698847e-02	0.000000e+00	0.000000e+00	0.000000e+00	
-1.350000e+00	-1.300000e+00	9.128248e-03	9.293083e-03	3.579257e-02	0.000000e+00	0.000000e+00	0.000000e+00	
-1.300000e+00	-1.250000e+00	1.821063e-02	9.275514e-03	3.558105e-02	0.000000e+00	0.000000e+00	0.000000e+00	
-1.250000e+00	-1.200000e+00	2.720385e-02	9.258224e-03	4.419128e-02	0.000000e+00	0.000000e+00	0.000000e+00	
-1.200000e+00	-1.150000e+00	1.806308e-02	1.846561e-02	4.388844e-02	0.000000e+00	0.000000e+00	0.000000e+00	
-1.150000e+00	-1.100000e+00	2.698847e-02	9.207861e-03	6.096134e-02	0.000000e+00	0.000000e+00	0.000000e+00	
-1.100000e+00	-1.050000e+00	2.686459e-02	1.836695e-02	6.902168e-02	0.000000e+00	0.000000e+00	0.000000e+00	
-1.050000e+00	-1.000000e+00	2.674442e-02	1.830328e-02	7.688003e-02	0.000000e+00	0.000000e+00	0.000000e+00	
-1.000000e+00	-9.500000e-01	3.547839e-02	1.824115e-02	9.294564e-02	0.000000e+00	0.000000e+00	0.000000e+00	
-9.500000e-01	-9.000000e-01	4.406841e-02	1.818046e-02	1.085315e-01	0.000000e+00	0.000000e+00	0.000000e+00	
-9.000000e-01	-8.500000e-01	3.504011e-02	2.715984e-02	1.400156e-01	0.000000e+00	0.000000e+00	0.000000e+00	
-8.500000e-01	-8.000000e-01	5.221875e-02	2.703064e-02	1.703708e-01	0.000000e+00	0.000000e+00	0.000000e+00	
-8.000000e-01	-7.500000e-01	5.182859e-02	2.690546e-02	2.313674e-01	0.000000e+00	0.000000e+00	0.000000e+00	
-7.500000e-01	-7.000000e-01	6.853325e-02	3.568575e-02	3.365990e-01	0.000000e+00	0.000000e+00	0.000000e+00	
-7.000000e-01	-6.500000e-01	6.792120e-02	4.431653e-02	5.595006e-01	0.000000e+00	0.000000e+00	0.000000e+00	
-6.500000e-01	-6.000000e-01	8.410367e-02	4.400785e-02	1.952845e+00	0.000000e+00	0.000000e+00	0.000000e+00	
-6.000000e-01	-5.500000e-01	9.157215e-02	5.242202e-02	1.579359e+01	0.000000e+00	0.000000e+00	2.000000e+01	
-5.500000e-01	-5.000000e-01	1.070669e-01	6.927596e-02	0.000000e+00	0.000000e+00	9.004579e+00	0.000000e+00	
-5.000000e-01	-4.500000e-01	1.383287e-01	6.861285e-02	0.000000e+00	0.000000e+00	7.347077e+00	0.000000e+00	
-4.500000e-01	-4.000000e-01	1.606173e-01	9.334310e-02	0.000000e+00	0.000000e+00	1.923289e+00	0.000000e+00	
-4.000000e-01	-3.500000e-01	1.980549e-01	1.006227e-01	0.000000e+00	0.000000e+00	8.349688e-01	0.000000e+00	
-3.500000e-01	-3.000000e-01	2.654582e-01	1.324126e-01	0.000000e+00	0.000000e+00	4.217579e-01	0.000000e+00	
-3.000000e-01	-2.500000e-01	3.690663e-01	1.549640e-01	0.000000e+00	0.000000e+00	2.293969e-01	0.000000e+00	
-2.500000e-01	-2.000000e-01	5.830457e-01	2.166357e-01	0.000000e+00	0.000000e+00	1.364902e-01	0.000000e+00	
-2.000000e-01	-1.500000e-01	1.202865e+00	2.914459e-01	0.000000e+00	0.000000e+00	1.024408e-01	0.000000e+00	
-1.500000e-01	-1.000000e-01	4.291194e+00	4.707456e-01	0.000000e+00	0.000000e+00	0.000000e+00	0.000000e+00	
-1.000000e-01	-5.000000e-02	1.185202e+01	1.153109e+00	0.000000e+00	0.000000e+00	0.000000e+00	0.000000e+00	
-5.000000e-02	0.000000e+00	0.000000e+00	1.680656e+01	0.000000e+00	0.000000e+00	0.000000e+00	0.000000e+00	
0.000000e+00	5.000000e-02	0.000000e+00	0.000000e+00	0.000000e+00	4.759816e+00	0.000000e+00	0.000000e+00	
5.000000e-02	1.000000e-01	0.000000e+00	0.000000e+00	0.000000e+00	1.063972e+01	0.000000e+00	0.000000e+00	
1.000000e-01	1.500000e-01	0.000000e+00	0.000000e+00	0.000000e+00	2.468576e+00	0.000000e+00	0.000000e+00	
1.500000e-01	2.000000e-01	0.000000e+00	0.000000e+00	0.000000e+00	1.021910e+00	0.000000e+00	0.000000e+00	
2.000000e-01	2.500000e-01	0.000000e+00	0.000000e+00	0.000000e+00	5.212889e-01	0.000000e+00	0.000000e+00	
2.500000e-01	3.000000e-01	0.000000e+00	0.000000e+00	0.000000e+00	2.782788e-01	0.000000e+00	0.000000e+00	
3.000000e-01	3.500000e-01	0.000000e+00	0.000000e+00	0.000000e+00	1.529638e-01	0.000000e+00	0.000000e+00	
3.500000e-01	4.000000e-01	0.000000e+00	0.000000e+00	0.000000e+00	1.574471e-01	0.000000e+00	0.000000e+00	
4.000000e-01	4.500000e-01	0.000000e+00	0.000000e+00	0.000000e+00	0.000000e+00	0.000000e+00	0.000000e+00	
4.500000e-01	5.000000e-01	0.000000e+00	0.000000e+00	0.000000e+00	0.000000e+00	0.000000e+00	0.000000e+00	
5.000000e-01	5.500000e-01	0.000000e+00	0.000000e+00	0.000000e+00	0.000000e+00	0.000000e+00	0.000000e+00	
5.500000e-01	6.000000e-01	0.000000e+00	0.000000e+00	0.000000e+00	0.000000e+00	0.000000e+00	0.000000e+00	
6.000000e-01	6.500000e-01	0.000000e+00	0.000000e+00	0.000000e+00	0.000000e+00	0.000000e+00	0.000000e+00	
6.500000e-01	7.000000e-01	0.000000e+00	0.000000e+00	0.000000e+00	0.000000e+00	0.000000e+00	0.000000e+00	
7.000000e-01	7.500000e-01	0.000000e+00	0.000000e+00	0.000000e+00	0.000000e+00	0.000000e+00	0.000000e+00	
7.500000e-01	8.000000e-01	0.000000e+00	0.000000e+00	0.000000e+00	0.000000e+00	0.000000e+00	0.000000e+00	
8.000000e-01	8.500000e-01	0.000000e+00	0.000000e+00	0.000000e+00	0.000000e+00	0.000000e+00	0.000000e+00	
8.500000e-01	9.000000e-01	0.000000e+00	0.000000e+00	0.000000e+00	0.000000e+00	0.000000e+00	0.000000e+00	
9.000000e-01	9.500000e-01	0.000000e+00	0.000000e+00	0.000000e+00	0.000000e+00	0.000000e+00	0.000000e+00	
9.500000e-01	1.000000e+00	0.000000e+00	0.000000e+00	0.000000e+00	0.000000e+00	0.000000e+00	0.000000e+00	
