# COLUMN NUMBERS: 
#	0: time [Gyr]
#	1: mgas [Msun]			ISM gas mass
#	2: mstar [Msun]			Stellar mass
#	3: sfr [Msun/yr]		Star formation rate
#	4: ifr [Msun/yr]		Infall rate
#	5: ofr [Msun/yr]		Outfow rate
#	6: eta_0			Mass-loading factor
#	7: r_eff			Effective recycilng rate
#	8: z_in(fe)			Inflow fe metallicity
#	9: z_in(sr)			Inflow sr metallicity
#	10: z_in(o)			Inflow o metallicity
#	11: z_out(fe)			Outflow fe metallicity
#	12: z_out(sr)			Outflow sr metallicity
#	13: z_out(o)			Outflow o metallicity
#	14: mass(fe) [Msun]		mass of element fe in ISM
#	15: mass(sr) [Msun]		mass of element sr in ISM
#	16: mass(o) [Msun]		mass of element o in ISM
0.000000e+00	1.000000e-12	3.748255e-20	1.000000e-27	1.099557e+02	2.000000e-08	1.520139e+01	2.503490e-01	0.000000e+00	0.000000e+00	0.000000e+00	3.952525e-323	1.000000e+00	3.952525e-323	0.000000e+00	0.000000e+00	0.000000e+00	
5.000000e-02	5.497787e+09	2.060711e+02	5.497787e-06	1.099557e+02	8.366306e-05	1.520139e+01	2.503490e-01	0.000000e+00	0.000000e+00	0.000000e+00	7.885612e-05	8.805601e-10	9.857016e-04	0.000000e+00	0.000000e+00	0.000000e+00	
1.000000e-01	1.099557e+10	6.120036e+02	1.099557e-05	1.099557e+02	1.673260e-04	1.520139e+01	2.616435e-01	0.000000e+00	0.000000e+00	0.000000e+00	7.885612e-05	8.805601e-10	9.857016e-04	0.000000e+00	0.000000e+00	0.000000e+00	
1.500000e-01	1.649335e+10	1.214065e+03	1.649335e-05	1.099557e+02	2.509890e-04	1.520139e+01	2.699339e-01	0.000000e+00	0.000000e+00	0.000000e+00	7.885608e-05	8.839790e-10	9.857709e-04	0.000000e+00	0.000000e+00	0.000000e+00	
2.000000e-01	2.199112e+10	2.020621e+03	2.199112e-05	1.099557e+02	3.346519e-04	1.520139e+01	2.766638e-01	0.000000e+00	0.000000e+00	0.000000e+00	7.885603e-05	8.871834e-10	9.858400e-04	0.000000e+00	0.000000e+00	0.000000e+00	
2.500000e-01	2.748889e+10	3.063067e+03	2.748889e-05	1.099557e+02	4.183148e-04	1.520139e+01	2.827872e-01	0.000000e+00	0.000000e+00	0.000000e+00	7.894855e-05	8.897804e-10	9.859187e-04	0.000000e+00	0.000000e+00	0.000000e+00	
3.000000e-01	3.298666e+10	4.283533e+03	3.298666e-05	1.099557e+02	5.019776e-04	1.520139e+01	2.877219e-01	0.000000e+00	0.000000e+00	0.000000e+00	7.909014e-05	8.920220e-10	9.860029e-04	0.000000e+00	0.000000e+00	0.000000e+00	
3.500000e-01	3.848442e+10	5.702877e+03	3.848442e-05	1.099557e+02	5.856405e-04	1.520139e+01	2.920562e-01	0.000000e+00	0.000000e+00	0.000000e+00	7.926218e-05	8.937256e-10	9.860835e-04	0.000000e+00	0.000000e+00	0.000000e+00	
4.000000e-01	4.398217e+10	7.319742e+03	4.398217e-05	1.099557e+02	6.693033e-04	1.520139e+01	2.959231e-01	0.000000e+00	0.000000e+00	0.000000e+00	7.945541e-05	8.951490e-10	9.861635e-04	0.000000e+00	0.000000e+00	0.000000e+00	
4.500000e-01	4.947993e+10	9.132929e+03	4.947993e-05	1.099557e+02	7.529661e-04	1.520139e+01	2.994154e-01	0.000000e+00	0.000000e+00	0.000000e+00	7.966470e-05	8.963669e-10	9.862432e-04	0.000000e+00	0.000000e+00	0.000000e+00	
5.000000e-01	5.497767e+10	1.114136e+04	5.497767e-05	1.099557e+02	8.366290e-04	1.520139e+01	3.026006e-01	0.000000e+00	0.000000e+00	0.000000e+00	7.988701e-05	8.974285e-10	9.863225e-04	0.000000e+00	0.000000e+00	0.000000e+00	
5.500000e-01	6.047542e+10	1.334407e+04	6.047542e-05	1.099557e+02	9.202918e-04	1.520139e+01	3.055291e-01	0.000000e+00	0.000000e+00	0.000000e+00	8.012042e-05	8.983665e-10	9.864015e-04	0.000000e+00	0.000000e+00	0.000000e+00	
6.000000e-01	6.597316e+10	1.574015e+04	6.597316e-05	1.099557e+02	1.003955e-03	1.520139e+01	3.082399e-01	0.000000e+00	0.000000e+00	0.000000e+00	8.036367e-05	8.991995e-10	9.864802e-04	0.000000e+00	0.000000e+00	0.000000e+00	
6.500000e-01	7.147089e+10	1.832879e+04	7.147089e-05	1.099557e+02	1.087617e-03	1.520139e+01	3.107636e-01	0.000000e+00	0.000000e+00	0.000000e+00	8.061590e-05	8.999428e-10	9.865587e-04	0.000000e+00	0.000000e+00	0.000000e+00	
7.000000e-01	7.696862e+10	2.110923e+04	7.696862e-05	1.099557e+02	1.171280e-03	1.520139e+01	3.131247e-01	0.000000e+00	0.000000e+00	0.000000e+00	8.087652e-05	9.006090e-10	9.866371e-04	0.000000e+00	0.000000e+00	0.000000e+00	
7.500000e-01	8.246635e+10	2.408076e+04	8.246635e-05	1.099557e+02	1.254943e-03	1.520139e+01	3.153431e-01	0.000000e+00	0.000000e+00	0.000000e+00	8.114509e-05	9.012086e-10	9.867155e-04	0.000000e+00	0.000000e+00	0.000000e+00	
8.000000e-01	8.796407e+10	2.724270e+04	8.796407e-05	1.099557e+02	1.338606e-03	1.520139e+01	3.174353e-01	0.000000e+00	0.000000e+00	0.000000e+00	8.142131e-05	9.017504e-10	9.867939e-04	0.000000e+00	0.000000e+00	0.000000e+00	
8.500000e-01	9.346179e+10	3.077716e+04	9.346179e-05	1.099557e+02	1.422269e-03	1.520139e+01	3.206299e-01	0.000000e+00	0.000000e+00	0.000000e+00	8.170495e-05	9.022417e-10	9.868724e-04	0.000000e+00	0.000000e+00	0.000000e+00	
9.000000e-01	9.895950e+10	3.440173e+04	9.895950e-05	1.099557e+02	1.505932e-03	1.520139e+01	3.225657e-01	0.000000e+00	0.000000e+00	0.000000e+00	8.199582e-05	9.032094e-10	9.869617e-04	0.000000e+00	0.000000e+00	0.000000e+00	
9.500000e-01	1.044572e+11	3.814250e+04	1.044572e-04	1.099557e+02	1.589594e-03	1.520139e+01	3.243513e-01	0.000000e+00	0.000000e+00	0.000000e+00	8.230710e-05	9.036254e-10	9.870438e-04	0.000000e+00	0.000000e+00	0.000000e+00	
1.000000e+00	1.099549e+11	4.207140e+04	1.099549e-04	1.099557e+02	1.673257e-03	1.520139e+01	3.260550e-01	0.000000e+00	0.000000e+00	0.000000e+00	8.261180e-05	9.040000e-10	9.871229e-04	0.000000e+00	0.000000e+00	0.000000e+00	
1.050000e+00	1.154526e+11	4.636128e+04	1.154526e-04	1.099557e+02	1.756920e-03	1.520139e+01	3.279584e-01	0.000000e+00	0.000000e+00	0.000000e+00	8.292346e-05	9.043434e-10	9.872024e-04	0.000000e+00	0.000000e+00	0.000000e+00	
1.100000e+00	1.209503e+11	5.089893e+04	1.209503e-04	1.099557e+02	1.840583e-03	1.520139e+01	3.297718e-01	0.000000e+00	0.000000e+00	0.000000e+00	8.326152e-05	9.047139e-10	9.872885e-04	0.000000e+00	0.000000e+00	0.000000e+00	
1.150000e+00	1.264480e+11	5.564292e+04	1.264480e-04	1.099557e+02	1.924246e-03	1.520139e+01	3.314895e-01	0.000000e+00	0.000000e+00	0.000000e+00	8.361495e-05	9.050505e-10	9.873767e-04	0.000000e+00	0.000000e+00	0.000000e+00	
1.200000e+00	1.319457e+11	6.059285e+04	1.319457e-04	1.099557e+02	2.007909e-03	1.520139e+01	3.331248e-01	0.000000e+00	0.000000e+00	0.000000e+00	8.397646e-05	9.053570e-10	9.874654e-04	0.000000e+00	0.000000e+00	0.000000e+00	
1.250000e+00	1.374434e+11	6.574832e+04	1.374434e-04	1.099557e+02	2.091572e-03	1.520139e+01	3.346878e-01	0.000000e+00	0.000000e+00	0.000000e+00	8.434592e-05	9.056373e-10	9.875545e-04	0.000000e+00	0.000000e+00	0.000000e+00	
1.300000e+00	1.429410e+11	7.122215e+04	1.429410e-04	1.099557e+02	2.175235e-03	1.520139e+01	3.362414e-01	0.000000e+00	0.000000e+00	0.000000e+00	8.472324e-05	9.058943e-10	9.876442e-04	0.000000e+00	0.000000e+00	0.000000e+00	
1.350000e+00	1.484387e+11	7.694070e+04	1.484387e-04	1.099557e+02	2.258898e-03	1.520139e+01	3.377429e-01	0.000000e+00	0.000000e+00	0.000000e+00	8.512328e-05	9.061334e-10	9.877380e-04	0.000000e+00	0.000000e+00	0.000000e+00	
1.400000e+00	1.539364e+11	8.262635e+04	1.539364e-04	1.099557e+02	2.342561e-03	1.520139e+01	3.389082e-01	0.000000e+00	0.000000e+00	0.000000e+00	8.553676e-05	9.063516e-10	9.878336e-04	0.000000e+00	0.000000e+00	0.000000e+00	
1.450000e+00	1.594341e+11	8.862005e+04	1.594341e-04	1.099557e+02	2.426224e-03	1.520139e+01	3.402507e-01	0.000000e+00	0.000000e+00	0.000000e+00	8.593457e-05	9.064955e-10	9.879228e-04	0.000000e+00	0.000000e+00	0.000000e+00	
1.500000e+00	1.649317e+11	9.142948e+04	1.649317e-04	1.099557e+02	2.509887e-03	1.520139e+01	3.400219e-01	0.000000e+00	0.000000e+00	0.000000e+00	8.634435e-05	9.066760e-10	9.880154e-04	0.000000e+00	0.000000e+00	0.000000e+00	
1.550000e+00	1.704294e+11	9.424223e+04	1.704294e-04	1.099557e+02	2.593549e-03	1.520139e+01	3.398516e-01	0.000000e+00	0.000000e+00	0.000000e+00	8.638432e-05	9.066856e-10	9.880187e-04	0.000000e+00	0.000000e+00	0.000000e+00	
1.600000e+00	1.759270e+11	9.705797e+04	1.759270e-04	1.099557e+02	2.677211e-03	1.520139e+01	3.397279e-01	0.000000e+00	0.000000e+00	0.000000e+00	8.642182e-05	9.067100e-10	9.880222e-04	0.000000e+00	0.000000e+00	0.000000e+00	
1.650000e+00	1.814247e+11	9.987643e+04	1.814247e-04	1.099557e+02	2.760873e-03	1.520139e+01	3.396419e-01	0.000000e+00	0.000000e+00	0.000000e+00	8.645696e-05	9.067450e-10	9.880257e-04	0.000000e+00	0.000000e+00	0.000000e+00	
1.700000e+00	1.869223e+11	1.026974e+05	1.869223e-04	1.099557e+02	2.844535e-03	1.520139e+01	3.395862e-01	0.000000e+00	0.000000e+00	0.000000e+00	8.648988e-05	9.067875e-10	9.880293e-04	0.000000e+00	0.000000e+00	0.000000e+00	
1.750000e+00	1.924200e+11	1.055206e+05	1.924200e-04	1.099557e+02	2.928197e-03	1.520139e+01	3.395551e-01	0.000000e+00	0.000000e+00	0.000000e+00	8.652066e-05	9.068353e-10	9.880328e-04	0.000000e+00	0.000000e+00	0.000000e+00	
1.800000e+00	1.979176e+11	1.083459e+05	1.979176e-04	1.099557e+02	3.011859e-03	1.520139e+01	3.395441e-01	0.000000e+00	0.000000e+00	0.000000e+00	8.654939e-05	9.068867e-10	9.880362e-04	0.000000e+00	0.000000e+00	0.000000e+00	
1.850000e+00	2.034152e+11	1.158058e+05	2.034152e-04	1.099557e+02	3.095520e-03	1.520139e+01	3.412413e-01	0.000000e+00	0.000000e+00	0.000000e+00	8.657616e-05	9.069410e-10	9.880396e-04	0.000000e+00	0.000000e+00	0.000000e+00	
1.900000e+00	2.089128e+11	1.234527e+05	2.089128e-04	1.099557e+02	3.179183e-03	1.520139e+01	3.428293e-01	0.000000e+00	0.000000e+00	0.000000e+00	8.702176e-05	9.071721e-10	9.881434e-04	0.000000e+00	0.000000e+00	0.000000e+00	
1.950000e+00	2.144105e+11	1.312868e+05	2.144105e-04	1.099557e+02	3.262847e-03	1.520139e+01	3.443228e-01	0.000000e+00	0.000000e+00	0.000000e+00	8.747360e-05	9.073720e-10	9.882470e-04	0.000000e+00	0.000000e+00	0.000000e+00	
2.000000e+00	2.199081e+11	1.347213e+05	2.199081e-04	1.099557e+02	3.346510e-03	1.520139e+01	3.444348e-01	0.000000e+00	0.000000e+00	0.000000e+00	8.793170e-05	9.075463e-10	9.883507e-04	0.000000e+00	0.000000e+00	0.000000e+00	
2.050000e+00	2.254057e+11	1.373919e+05	2.254057e-04	1.099557e+02	3.430171e-03	1.520139e+01	3.444479e-01	0.000000e+00	0.000000e+00	0.000000e+00	8.797216e-05	9.076119e-10	9.883587e-04	0.000000e+00	0.000000e+00	0.000000e+00	
2.100000e+00	2.309033e+11	1.408303e+05	2.309033e-04	1.099557e+02	3.513832e-03	1.520139e+01	3.445711e-01	0.000000e+00	0.000000e+00	0.000000e+00	8.790122e-05	9.076858e-10	9.883459e-04	0.000000e+00	0.000000e+00	0.000000e+00	
2.150000e+00	2.364009e+11	1.442700e+05	2.364009e-04	1.099557e+02	3.597494e-03	1.520139e+01	3.446956e-01	0.000000e+00	0.000000e+00	0.000000e+00	8.793743e-05	9.077501e-10	9.883535e-04	0.000000e+00	0.000000e+00	0.000000e+00	
2.200000e+00	2.418985e+11	1.477108e+05	2.418985e-04	1.099557e+02	3.681155e-03	1.520139e+01	3.448206e-01	0.000000e+00	0.000000e+00	0.000000e+00	8.797115e-05	9.078133e-10	9.883608e-04	0.000000e+00	0.000000e+00	0.000000e+00	
2.250000e+00	2.473961e+11	1.358659e+05	2.473961e-04	1.099557e+02	3.764816e-03	1.520139e+01	3.296257e-01	0.000000e+00	0.000000e+00	0.000000e+00	8.800248e-05	9.078754e-10	9.883677e-04	0.000000e+00	0.000000e+00	0.000000e+00	
2.300000e+00	2.528937e+11	1.301091e+05	2.528937e-04	1.099557e+02	3.848475e-03	1.520139e+01	3.200562e-01	0.000000e+00	0.000000e+00	0.000000e+00	8.748865e-05	9.019124e-10	9.881172e-04	0.000000e+00	0.000000e+00	0.000000e+00	
2.350000e+00	2.583913e+11	1.242445e+05	2.583913e-04	1.099557e+02	3.932133e-03	1.520139e+01	3.127265e-01	0.000000e+00	0.000000e+00	0.000000e+00	8.708711e-05	8.988769e-10	9.879518e-04	0.000000e+00	0.000000e+00	0.000000e+00	
2.400000e+00	2.638889e+11	1.078759e+05	2.638889e-04	1.099557e+02	4.015792e-03	1.520139e+01	2.831719e-01	0.000000e+00	0.000000e+00	0.000000e+00	8.667673e-05	8.970942e-10	9.878063e-04	0.000000e+00	0.000000e+00	0.000000e+00	
2.450000e+00	2.693864e+11	1.310133e+05	2.693864e-04	1.099557e+02	4.099449e-03	1.520139e+01	3.375289e-01	0.000000e+00	0.000000e+00	0.000000e+00	8.623376e-05	8.854485e-10	9.874524e-04	0.000000e+00	0.000000e+00	0.000000e+00	
2.500000e+00	2.748840e+11	1.339233e+05	2.748840e-04	1.099557e+02	4.183110e-03	1.520139e+01	3.337366e-01	0.000000e+00	0.000000e+00	0.000000e+00	8.580494e-05	9.106671e-10	9.878675e-04	0.000000e+00	0.000000e+00	0.000000e+00	
2.550000e+00	2.803816e+11	1.147599e+05	2.803816e-04	1.099557e+02	4.266770e-03	1.520139e+01	3.098157e-01	0.000000e+00	0.000000e+00	0.000000e+00	8.576968e-05	9.087053e-10	9.878320e-04	0.000000e+00	0.000000e+00	0.000000e+00	
2.600000e+00	2.858791e+11	1.018259e+05	2.858791e-04	1.099557e+02	4.350428e-03	1.520139e+01	3.023051e-01	0.000000e+00	0.000000e+00	0.000000e+00	8.545807e-05	8.980921e-10	9.875267e-04	0.000000e+00	0.000000e+00	0.000000e+00	
2.650000e+00	2.913767e+11	9.992660e+04	2.913767e-04	1.099557e+02	4.434082e-03	1.520139e+01	3.102883e-01	0.000000e+00	0.000000e+00	0.000000e+00	8.431485e-05	8.957183e-10	9.872388e-04	0.000000e+00	0.000000e+00	0.000000e+00	
2.700000e+00	2.968743e+11	1.074721e+05	2.968743e-04	1.099557e+02	4.517736e-03	1.520139e+01	3.180222e-01	0.000000e+00	0.000000e+00	0.000000e+00	8.323361e-05	9.004482e-10	9.871207e-04	0.000000e+00	0.000000e+00	0.000000e+00	
2.750000e+00	3.023718e+11	1.161506e+05	3.023718e-04	1.099557e+02	4.601396e-03	1.520139e+01	3.222011e-01	0.000000e+00	0.000000e+00	0.000000e+00	8.318001e-05	9.032627e-10	9.871947e-04	0.000000e+00	0.000000e+00	0.000000e+00	
2.800000e+00	3.078694e+11	1.394128e+05	3.078694e-04	1.099557e+02	4.685057e-03	1.520139e+01	3.360568e-01	0.000000e+00	0.000000e+00	0.000000e+00	8.324411e-05	9.037309e-10	9.872528e-04	0.000000e+00	0.000000e+00	0.000000e+00	
2.850000e+00	3.133669e+11	1.430629e+05	3.133669e-04	1.099557e+02	4.768723e-03	1.520139e+01	3.368020e-01	0.000000e+00	0.000000e+00	0.000000e+00	8.417798e-05	9.073923e-10	9.875634e-04	0.000000e+00	0.000000e+00	0.000000e+00	
2.900000e+00	3.188644e+11	1.543699e+05	3.188644e-04	1.099557e+02	4.852383e-03	1.520139e+01	3.378082e-01	0.000000e+00	0.000000e+00	0.000000e+00	8.421632e-05	9.075499e-10	9.875797e-04	0.000000e+00	0.000000e+00	0.000000e+00	
2.950000e+00	3.243620e+11	1.754476e+05	3.243620e-04	1.099557e+02	4.936046e-03	1.520139e+01	3.369268e-01	0.000000e+00	0.000000e+00	0.000000e+00	8.479470e-05	9.074773e-10	9.877061e-04	0.000000e+00	0.000000e+00	0.000000e+00	
3.000000e+00	3.298595e+11	1.952079e+05	3.298595e-04	1.099557e+02	5.019715e-03	1.520139e+01	3.332796e-01	0.000000e+00	0.000000e+00	0.000000e+00	8.628167e-05	9.041669e-10	9.879836e-04	0.000000e+00	0.000000e+00	0.000000e+00	
3.050000e+00	3.353570e+11	1.998736e+05	3.353570e-04	1.099557e+02	5.103381e-03	1.520139e+01	3.410873e-01	0.000000e+00	0.000000e+00	0.000000e+00	8.740370e-05	9.015580e-10	9.881853e-04	0.000000e+00	0.000000e+00	0.000000e+00	
3.100000e+00	3.408546e+11	1.777932e+05	3.408546e-04	1.099557e+02	5.187039e-03	1.520139e+01	3.225676e-01	0.000000e+00	0.000000e+00	0.000000e+00	8.699263e-05	9.063161e-10	9.881878e-04	0.000000e+00	0.000000e+00	0.000000e+00	
3.150000e+00	3.463521e+11	1.549445e+05	3.463521e-04	1.099557e+02	5.270695e-03	1.520139e+01	3.057945e-01	0.000000e+00	0.000000e+00	0.000000e+00	8.656868e-05	9.000797e-10	9.879152e-04	0.000000e+00	0.000000e+00	0.000000e+00	
3.200000e+00	3.518496e+11	1.307409e+05	3.518496e-04	1.099557e+02	5.354349e-03	1.520139e+01	2.763757e-01	0.000000e+00	0.000000e+00	0.000000e+00	8.571531e-05	8.954504e-10	9.875873e-04	0.000000e+00	0.000000e+00	0.000000e+00	
3.250000e+00	3.573471e+11	1.217758e+05	3.573471e-04	1.099557e+02	5.438004e-03	1.520139e+01	2.915794e-01	0.000000e+00	0.000000e+00	0.000000e+00	8.528446e-05	8.837207e-10	9.872243e-04	0.000000e+00	0.000000e+00	0.000000e+00	
3.300000e+00	3.628446e+11	1.458905e+05	3.628446e-04	1.099557e+02	5.521658e-03	1.520139e+01	3.060311e-01	0.000000e+00	0.000000e+00	0.000000e+00	8.432842e-05	8.926612e-10	9.871553e-04	0.000000e+00	0.000000e+00	0.000000e+00	
3.350000e+00	3.683421e+11	1.475875e+05	3.683421e-04	1.099557e+02	5.605322e-03	1.520139e+01	3.112333e-01	0.000000e+00	0.000000e+00	0.000000e+00	8.490388e-05	8.983832e-10	9.874120e-04	0.000000e+00	0.000000e+00	0.000000e+00	
3.400000e+00	3.738396e+11	1.869770e+05	3.738396e-04	1.099557e+02	5.688981e-03	1.520139e+01	3.279941e-01	0.000000e+00	0.000000e+00	0.000000e+00	8.488983e-05	9.006112e-10	9.874422e-04	0.000000e+00	0.000000e+00	0.000000e+00	
3.450000e+00	3.793371e+11	2.124957e+05	3.793371e-04	1.099557e+02	5.772652e-03	1.520139e+01	3.350673e-01	0.000000e+00	0.000000e+00	0.000000e+00	8.641180e-05	9.042849e-10	9.878906e-04	0.000000e+00	0.000000e+00	0.000000e+00	
3.500000e+00	3.848346e+11	2.375327e+05	3.848346e-04	1.099557e+02	5.856319e-03	1.520139e+01	3.405288e-01	0.000000e+00	0.000000e+00	0.000000e+00	8.745998e-05	9.055563e-10	9.881634e-04	0.000000e+00	0.000000e+00	0.000000e+00	
3.550000e+00	3.903320e+11	2.634262e+05	3.903320e-04	1.099557e+02	5.939986e-03	1.520139e+01	3.460605e-01	0.000000e+00	0.000000e+00	0.000000e+00	8.852609e-05	9.063071e-10	9.884260e-04	0.000000e+00	0.000000e+00	0.000000e+00	
3.600000e+00	3.958295e+11	2.810962e+05	3.958295e-04	1.099557e+02	6.023653e-03	1.520139e+01	3.502395e-01	0.000000e+00	0.000000e+00	0.000000e+00	8.959195e-05	9.072271e-10	9.886905e-04	0.000000e+00	0.000000e+00	0.000000e+00	
3.650000e+00	4.013270e+11	2.863611e+05	4.013270e-04	1.099557e+02	6.107316e-03	1.520139e+01	3.507873e-01	0.000000e+00	0.000000e+00	0.000000e+00	9.007090e-05	9.080469e-10	9.888343e-04	0.000000e+00	0.000000e+00	0.000000e+00	
3.700000e+00	4.068245e+11	2.916110e+05	4.068245e-04	1.099557e+02	6.190976e-03	1.520139e+01	3.512946e-01	0.000000e+00	0.000000e+00	0.000000e+00	9.007045e-05	9.081553e-10	9.888431e-04	0.000000e+00	0.000000e+00	0.000000e+00	
3.750000e+00	4.123219e+11	2.690123e+05	4.123219e-04	1.099557e+02	6.274635e-03	1.520139e+01	3.265596e-01	0.000000e+00	0.000000e+00	0.000000e+00	9.006864e-05	9.082506e-10	9.888513e-04	0.000000e+00	0.000000e+00	0.000000e+00	
3.800000e+00	4.178194e+11	2.375164e+05	4.178194e-04	1.099557e+02	6.358289e-03	1.520139e+01	3.107425e-01	0.000000e+00	0.000000e+00	0.000000e+00	8.953024e-05	8.979079e-10	9.885187e-04	0.000000e+00	0.000000e+00	0.000000e+00	
3.850000e+00	4.233168e+11	2.271005e+05	4.233168e-04	1.099557e+02	6.441938e-03	1.520139e+01	3.016207e-01	0.000000e+00	0.000000e+00	0.000000e+00	8.835481e-05	8.920622e-10	9.881391e-04	0.000000e+00	0.000000e+00	0.000000e+00	
3.900000e+00	4.288143e+11	2.166250e+05	4.288143e-04	1.099557e+02	6.525593e-03	1.520139e+01	2.946625e-01	0.000000e+00	0.000000e+00	0.000000e+00	8.788760e-05	8.890534e-10	9.879698e-04	0.000000e+00	0.000000e+00	0.000000e+00	
3.950000e+00	4.343117e+11	2.159708e+05	4.343117e-04	1.099557e+02	6.609248e-03	1.520139e+01	2.899657e-01	0.000000e+00	0.000000e+00	0.000000e+00	8.740949e-05	8.873034e-10	9.878194e-04	0.000000e+00	0.000000e+00	0.000000e+00	
4.000000e+00	4.398092e+11	2.160580e+05	4.398092e-04	1.099557e+02	6.692907e-03	1.520139e+01	2.862783e-01	0.000000e+00	0.000000e+00	0.000000e+00	8.754391e-05	8.861129e-10	9.878016e-04	0.000000e+00	0.000000e+00	0.000000e+00	
4.050000e+00	4.453066e+11	2.162135e+05	4.453066e-04	1.099557e+02	6.776567e-03	1.520139e+01	2.832337e-01	0.000000e+00	0.000000e+00	0.000000e+00	8.770587e-05	8.851363e-10	9.877935e-04	0.000000e+00	0.000000e+00	0.000000e+00	
4.100000e+00	4.508041e+11	2.330144e+05	4.508041e-04	1.099557e+02	6.860226e-03	1.520139e+01	2.946728e-01	0.000000e+00	0.000000e+00	0.000000e+00	8.786633e-05	8.843013e-10	9.877881e-04	0.000000e+00	0.000000e+00	0.000000e+00	
4.150000e+00	4.563015e+11	2.214546e+05	4.563015e-04	1.099557e+02	6.943887e-03	1.520139e+01	2.873659e-01	0.000000e+00	0.000000e+00	0.000000e+00	8.802496e-05	8.896636e-10	9.879253e-04	0.000000e+00	0.000000e+00	0.000000e+00	
4.200000e+00	4.617989e+11	2.209030e+05	4.617989e-04	1.099557e+02	7.027544e-03	1.520139e+01	2.831631e-01	0.000000e+00	0.000000e+00	0.000000e+00	8.795418e-05	8.861519e-10	9.878270e-04	0.000000e+00	0.000000e+00	0.000000e+00	
4.250000e+00	4.672963e+11	2.091277e+05	4.672963e-04	1.099557e+02	7.111203e-03	1.520139e+01	2.790300e-01	0.000000e+00	0.000000e+00	0.000000e+00	8.808376e-05	8.843388e-10	9.878019e-04	0.000000e+00	0.000000e+00	0.000000e+00	
4.300000e+00	4.727937e+11	1.972311e+05	4.727937e-04	1.099557e+02	7.194857e-03	1.520139e+01	2.755731e-01	0.000000e+00	0.000000e+00	0.000000e+00	8.756457e-05	8.833234e-10	9.876592e-04	0.000000e+00	0.000000e+00	0.000000e+00	
4.350000e+00	4.782911e+11	2.035184e+05	4.782911e-04	1.099557e+02	7.278510e-03	1.520139e+01	2.866863e-01	0.000000e+00	0.000000e+00	0.000000e+00	8.703340e-05	8.827717e-10	9.875242e-04	0.000000e+00	0.000000e+00	0.000000e+00	
4.400000e+00	4.837886e+11	1.918125e+05	4.837886e-04	1.099557e+02	7.362165e-03	1.520139e+01	2.800809e-01	0.000000e+00	0.000000e+00	0.000000e+00	8.652173e-05	8.884576e-10	9.875368e-04	0.000000e+00	0.000000e+00	0.000000e+00	
4.450000e+00	4.892860e+11	1.718302e+05	4.892860e-04	1.099557e+02	7.445822e-03	1.520139e+01	2.750678e-01	0.000000e+00	0.000000e+00	0.000000e+00	8.644095e-05	8.852419e-10	9.874467e-04	0.000000e+00	0.000000e+00	0.000000e+00	
4.500000e+00	4.947834e+11	1.904556e+05	4.947834e-04	1.099557e+02	7.529469e-03	1.520139e+01	2.865922e-01	0.000000e+00	0.000000e+00	0.000000e+00	8.534187e-05	8.837259e-10	9.871923e-04	0.000000e+00	0.000000e+00	0.000000e+00	
4.550000e+00	5.002807e+11	1.906386e+05	5.002807e-04	1.099557e+02	7.613129e-03	1.520139e+01	2.806176e-01	0.000000e+00	0.000000e+00	0.000000e+00	8.547042e-05	8.889278e-10	9.873285e-04	0.000000e+00	0.000000e+00	0.000000e+00	
4.600000e+00	5.057781e+11	1.909200e+05	5.057781e-04	1.099557e+02	7.696791e-03	1.520139e+01	2.768018e-01	0.000000e+00	0.000000e+00	0.000000e+00	8.604055e-05	8.855677e-10	9.873698e-04	0.000000e+00	0.000000e+00	0.000000e+00	
4.650000e+00	5.112755e+11	1.905221e+05	5.112755e-04	1.099557e+02	7.780450e-03	1.520139e+01	2.739748e-01	0.000000e+00	0.000000e+00	0.000000e+00	8.617749e-05	8.839043e-10	9.873546e-04	0.000000e+00	0.000000e+00	0.000000e+00	
4.700000e+00	5.167729e+11	1.901743e+05	5.167729e-04	1.099557e+02	7.864108e-03	1.520139e+01	2.717842e-01	0.000000e+00	0.000000e+00	0.000000e+00	8.628073e-05	8.829905e-10	9.873434e-04	0.000000e+00	0.000000e+00	0.000000e+00	
4.750000e+00	5.222703e+11	2.097266e+05	5.222703e-04	1.099557e+02	7.947767e-03	1.520139e+01	2.936391e-01	0.000000e+00	0.000000e+00	0.000000e+00	8.638169e-05	8.825106e-10	9.873403e-04	0.000000e+00	0.000000e+00	0.000000e+00	
4.800000e+00	5.277676e+11	2.291529e+05	5.277676e-04	1.099557e+02	8.031427e-03	1.520139e+01	3.062163e-01	0.000000e+00	0.000000e+00	0.000000e+00	8.648010e-05	8.926995e-10	9.875534e-04	0.000000e+00	0.000000e+00	0.000000e+00	
4.850000e+00	5.332650e+11	2.334118e+05	5.332650e-04	1.099557e+02	8.115086e-03	1.520139e+01	3.132117e-01	0.000000e+00	0.000000e+00	0.000000e+00	8.657597e-05	8.984920e-10	9.876932e-04	0.000000e+00	0.000000e+00	0.000000e+00	
4.900000e+00	5.387624e+11	2.528715e+05	5.387624e-04	1.099557e+02	8.198743e-03	1.520139e+01	3.200080e-01	0.000000e+00	0.000000e+00	0.000000e+00	8.652792e-05	9.013330e-10	9.877397e-04	0.000000e+00	0.000000e+00	0.000000e+00	
4.950000e+00	5.442597e+11	2.733990e+05	5.442597e-04	1.099557e+02	8.282407e-03	1.520139e+01	3.258306e-01	0.000000e+00	0.000000e+00	0.000000e+00	8.706407e-05	9.030148e-10	9.878990e-04	0.000000e+00	0.000000e+00	0.000000e+00	
5.000000e+00	5.497571e+11	2.940007e+05	5.497571e-04	1.099557e+02	8.366070e-03	1.520139e+01	3.306972e-01	0.000000e+00	0.000000e+00	0.000000e+00	8.763419e-05	9.042026e-10	9.880574e-04	0.000000e+00	0.000000e+00	0.000000e+00	
5.050000e+00	5.552544e+11	2.985609e+05	5.552544e-04	1.099557e+02	8.449734e-03	1.520139e+01	3.329565e-01	0.000000e+00	0.000000e+00	0.000000e+00	8.821366e-05	9.051871e-10	9.882137e-04	0.000000e+00	0.000000e+00	0.000000e+00	
5.100000e+00	5.607518e+11	3.194069e+05	5.607518e-04	1.099557e+02	8.533391e-03	1.520139e+01	3.367265e-01	0.000000e+00	0.000000e+00	0.000000e+00	8.822107e-05	9.058757e-10	9.882346e-04	0.000000e+00	0.000000e+00	0.000000e+00	
5.150000e+00	5.662491e+11	3.391986e+05	5.662491e-04	1.099557e+02	8.617055e-03	1.520139e+01	3.387910e-01	0.000000e+00	0.000000e+00	0.000000e+00	8.880886e-05	9.066399e-10	9.883870e-04	0.000000e+00	0.000000e+00	0.000000e+00	
5.200000e+00	5.717465e+11	3.424174e+05	5.717465e-04	1.099557e+02	8.700719e-03	1.520139e+01	3.391060e-01	0.000000e+00	0.000000e+00	0.000000e+00	8.940598e-05	9.067342e-10	9.885260e-04	0.000000e+00	0.000000e+00	0.000000e+00	
5.250000e+00	5.772438e+11	3.625190e+05	5.772438e-04	1.099557e+02	8.784376e-03	1.520139e+01	3.414047e-01	0.000000e+00	0.000000e+00	0.000000e+00	8.942766e-05	9.067820e-10	9.885333e-04	0.000000e+00	0.000000e+00	0.000000e+00	
5.300000e+00	5.827411e+11	3.827493e+05	5.827411e-04	1.099557e+02	8.868040e-03	1.520139e+01	3.435747e-01	0.000000e+00	0.000000e+00	0.000000e+00	9.000870e-05	9.070654e-10	9.886714e-04	0.000000e+00	0.000000e+00	0.000000e+00	
5.350000e+00	5.882385e+11	3.896577e+05	5.882385e-04	1.099557e+02	8.951703e-03	1.520139e+01	3.447052e-01	0.000000e+00	0.000000e+00	0.000000e+00	9.059834e-05	9.073328e-10	9.888094e-04	0.000000e+00	0.000000e+00	0.000000e+00	
5.400000e+00	5.937358e+11	3.648466e+05	5.937358e-04	1.099557e+02	9.035359e-03	1.520139e+01	3.428205e-01	0.000000e+00	0.000000e+00	0.000000e+00	9.043873e-05	9.075563e-10	9.888028e-04	0.000000e+00	0.000000e+00	0.000000e+00	
5.450000e+00	5.992331e+11	3.653503e+05	5.992331e-04	1.099557e+02	9.119000e-03	1.520139e+01	3.422155e-01	0.000000e+00	0.000000e+00	0.000000e+00	8.894227e-05	9.075643e-10	9.885142e-04	0.000000e+00	0.000000e+00	0.000000e+00	
5.500000e+00	6.047304e+11	3.658488e+05	6.047304e-04	1.099557e+02	9.202657e-03	1.520139e+01	3.416787e-01	0.000000e+00	0.000000e+00	0.000000e+00	8.891454e-05	9.074669e-10	9.885008e-04	0.000000e+00	0.000000e+00	0.000000e+00	
5.550000e+00	6.102277e+11	3.663408e+05	6.102277e-04	1.099557e+02	9.286313e-03	1.520139e+01	3.411968e-01	0.000000e+00	0.000000e+00	0.000000e+00	8.888306e-05	9.073839e-10	9.884873e-04	0.000000e+00	0.000000e+00	0.000000e+00	
5.600000e+00	6.157250e+11	3.468120e+05	6.157250e-04	1.099557e+02	9.369969e-03	1.520139e+01	3.381786e-01	0.000000e+00	0.000000e+00	0.000000e+00	8.884780e-05	9.073130e-10	9.884737e-04	0.000000e+00	0.000000e+00	0.000000e+00	
5.650000e+00	6.212223e+11	3.470857e+05	6.212223e-04	1.099557e+02	9.453618e-03	1.520139e+01	3.377769e-01	0.000000e+00	0.000000e+00	0.000000e+00	8.821718e-05	9.069498e-10	9.883156e-04	0.000000e+00	0.000000e+00	0.000000e+00	
5.700000e+00	6.267196e+11	3.473501e+05	6.267196e-04	1.099557e+02	9.537275e-03	1.520139e+01	3.374077e-01	0.000000e+00	0.000000e+00	0.000000e+00	8.817353e-05	9.069070e-10	9.883015e-04	0.000000e+00	0.000000e+00	0.000000e+00	
5.750000e+00	6.322169e+11	3.682241e+05	6.322169e-04	1.099557e+02	9.620930e-03	1.520139e+01	3.396568e-01	0.000000e+00	0.000000e+00	0.000000e+00	8.812602e-05	9.068739e-10	9.882870e-04	0.000000e+00	0.000000e+00	0.000000e+00	
5.800000e+00	6.377142e+11	3.892133e+05	6.377142e-04	1.099557e+02	9.704593e-03	1.520139e+01	3.417360e-01	0.000000e+00	0.000000e+00	0.000000e+00	8.866834e-05	9.071581e-10	9.884171e-04	0.000000e+00	0.000000e+00	0.000000e+00	
5.850000e+00	6.432115e+11	4.103213e+05	6.432115e-04	1.099557e+02	9.788256e-03	1.520139e+01	3.436676e-01	0.000000e+00	0.000000e+00	0.000000e+00	8.921977e-05	9.073911e-10	9.885467e-04	0.000000e+00	0.000000e+00	0.000000e+00	
5.900000e+00	6.487087e+11	4.315513e+05	6.487087e-04	1.099557e+02	9.871920e-03	1.520139e+01	3.454700e-01	0.000000e+00	0.000000e+00	0.000000e+00	8.978025e-05	9.075822e-10	9.886761e-04	0.000000e+00	0.000000e+00	0.000000e+00	
5.950000e+00	6.542060e+11	4.529060e+05	6.542060e-04	1.099557e+02	9.955583e-03	1.520139e+01	3.471583e-01	0.000000e+00	0.000000e+00	0.000000e+00	9.034973e-05	9.077386e-10	9.888053e-04	0.000000e+00	0.000000e+00	0.000000e+00	
6.000000e+00	6.597033e+11	4.616224e+05	6.597033e-04	1.099557e+02	1.003925e-02	1.520139e+01	3.483237e-01	0.000000e+00	0.000000e+00	0.000000e+00	9.092813e-05	9.078661e-10	9.889347e-04	0.000000e+00	0.000000e+00	0.000000e+00	
6.050000e+00	6.652006e+11	4.702939e+05	6.652006e-04	1.099557e+02	1.012290e-02	1.520139e+01	3.494073e-01	0.000000e+00	0.000000e+00	0.000000e+00	9.077358e-05	9.080342e-10	9.889289e-04	0.000000e+00	0.000000e+00	0.000000e+00	
6.100000e+00	6.706978e+11	4.655795e+05	6.706978e-04	1.099557e+02	1.020656e-02	1.520139e+01	3.499763e-01	0.000000e+00	0.000000e+00	0.000000e+00	9.062567e-05	9.081818e-10	9.889232e-04	0.000000e+00	0.000000e+00	0.000000e+00	
6.150000e+00	6.761951e+11	4.739788e+05	6.761951e-04	1.099557e+02	1.029020e-02	1.520139e+01	3.509188e-01	0.000000e+00	0.000000e+00	0.000000e+00	8.972685e-05	9.083773e-10	9.887792e-04	0.000000e+00	0.000000e+00	0.000000e+00	
6.200000e+00	6.816923e+11	4.823383e+05	6.816923e-04	1.099557e+02	1.037386e-02	1.520139e+01	3.518024e-01	0.000000e+00	0.000000e+00	0.000000e+00	8.958880e-05	9.084905e-10	9.887728e-04	0.000000e+00	0.000000e+00	0.000000e+00	
6.250000e+00	6.871896e+11	5.045661e+05	6.871896e-04	1.099557e+02	1.045751e-02	1.520139e+01	3.530818e-01	0.000000e+00	0.000000e+00	0.000000e+00	8.945847e-05	9.085895e-10	9.887668e-04	0.000000e+00	0.000000e+00	0.000000e+00	
6.300000e+00	6.926868e+11	5.282191e+05	6.926868e-04	1.099557e+02	1.054117e-02	1.520139e+01	3.545945e-01	0.000000e+00	0.000000e+00	0.000000e+00	9.010730e-05	9.086089e-10	9.889019e-04	0.000000e+00	0.000000e+00	0.000000e+00	
6.350000e+00	6.981840e+11	5.520108e+05	6.981840e-04	1.099557e+02	1.062484e-02	1.520139e+01	3.560137e-01	0.000000e+00	0.000000e+00	0.000000e+00	9.079294e-05	9.086770e-10	9.890459e-04	0.000000e+00	0.000000e+00	0.000000e+00	
6.400000e+00	7.036813e+11	6.986532e+08	7.036813e-04	1.099557e+02	1.070850e-02	1.520139e+01	9.982623e+00	0.000000e+00	0.000000e+00	0.000000e+00	9.148967e-05	9.087267e-10	9.891906e-04	0.000000e+00	0.000000e+00	0.000000e+00	
6.450000e+00	7.091789e+11	1.399079e+09	7.091789e-04	1.099557e+02	1.097516e-02	1.520139e+01	1.949347e+01	0.000000e+00	0.000000e+00	0.000000e+00	1.431963e-02	-2.629597e-10	3.416701e-03	3.941694e+01	4.694782e-04	4.730980e+02	
6.500000e+00	7.146768e+11	2.102476e+09	7.146768e-04	1.099557e+02	1.124257e-02	1.520139e+01	2.890187e+01	0.000000e+00	0.000000e+00	0.000000e+00	2.792806e-02	-1.578971e-09	5.738221e-03	1.200053e+02	1.439493e-03	1.431964e+03	
6.550000e+00	7.201750e+11	2.101490e+09	7.201750e-04	1.099557e+02	1.151107e-02	1.520139e+01	2.842744e+01	0.000000e+00	0.000000e+00	0.000000e+00	4.098019e-02	-3.000735e-09	7.964623e-03	2.438287e+02	2.965201e-03	2.888675e+03	
6.600000e+00	7.256732e+11	2.100512e+09	7.256732e-04	1.099557e+02	1.157513e-02	1.520139e+01	2.796416e+01	0.000000e+00	0.000000e+00	0.000000e+00	3.930979e-02	-3.555689e-09	7.678218e-03	3.665249e+02	4.477016e-03	4.332130e+03	
6.650000e+00	7.311714e+11	2.099542e+09	7.311714e-04	1.099557e+02	1.163958e-02	1.520139e+01	2.751201e+01	0.000000e+00	0.000000e+00	0.000000e+00	3.768416e-02	-4.089233e-09	7.399501e-03	4.881129e+02	5.975169e-03	5.762551e+03	
6.700000e+00	7.366696e+11	2.098582e+09	7.366696e-04	1.099557e+02	1.170440e-02	1.520139e+01	2.707063e+01	0.000000e+00	0.000000e+00	0.000000e+00	3.610343e-02	-4.602074e-09	7.128496e-03	6.086112e+02	7.459890e-03	7.180155e+03	
6.750000e+00	7.421678e+11	2.097631e+09	7.421678e-04	1.099557e+02	1.176963e-02	1.520139e+01	2.663969e+01	0.000000e+00	0.000000e+00	0.000000e+00	3.456763e-02	-5.094955e-09	6.865207e-03	7.280377e+02	8.931399e-03	8.585152e+03	
6.800000e+00	7.476660e+11	2.096688e+09	7.476660e-04	1.099557e+02	1.183526e-02	1.520139e+01	2.621884e+01	0.000000e+00	0.000000e+00	0.000000e+00	3.307671e-02	-5.568588e-09	6.609623e-03	8.464101e+02	1.038991e-02	9.977751e+03	
6.850000e+00	7.531642e+11	2.095754e+09	7.531642e-04	1.099557e+02	1.190130e-02	1.520139e+01	2.580779e+01	0.000000e+00	0.000000e+00	0.000000e+00	3.163056e-02	-6.023652e-09	6.361722e-03	9.637454e+02	1.183565e-02	1.135815e+04	
6.900000e+00	7.586623e+11	2.094829e+09	7.586623e-04	1.099557e+02	1.196775e-02	1.520139e+01	2.540658e+01	0.000000e+00	0.000000e+00	0.000000e+00	3.022897e-02	-6.460806e-09	6.121468e-03	1.080060e+03	1.326880e-02	1.272655e+04	
6.950000e+00	7.641604e+11	2.093915e+09	7.641604e-04	1.099557e+02	1.203463e-02	1.520139e+01	2.501466e+01	0.000000e+00	0.000000e+00	0.000000e+00	2.887171e-02	-6.880608e-09	5.888822e-03	1.195371e+03	1.468958e-02	1.408314e+04	
7.000000e+00	7.696586e+11	2.093008e+09	7.696586e-04	1.099557e+02	1.210193e-02	1.520139e+01	2.463162e+01	0.000000e+00	0.000000e+00	0.000000e+00	2.755844e-02	-7.283731e-09	5.663726e-03	1.309694e+03	1.609818e-02	1.542811e+04	
7.050000e+00	7.751567e+11	2.092109e+09	7.751567e-04	1.099557e+02	1.216966e-02	1.520139e+01	2.425719e+01	0.000000e+00	0.000000e+00	0.000000e+00	2.628875e-02	-7.670774e-09	5.446102e-03	1.423045e+03	1.749479e-02	1.676164e+04	
7.100000e+00	7.806548e+11	2.091219e+09	7.806548e-04	1.099557e+02	1.223782e-02	1.520139e+01	2.389114e+01	0.000000e+00	0.000000e+00	0.000000e+00	2.506218e-02	-8.042295e-09	5.235872e-03	1.535438e+03	1.887960e-02	1.808391e+04	
7.150000e+00	7.861529e+11	2.090337e+09	7.861529e-04	1.099557e+02	1.230641e-02	1.520139e+01	2.353365e+01	0.000000e+00	0.000000e+00	0.000000e+00	2.387822e-02	-8.398832e-09	5.032947e-03	1.646889e+03	2.025280e-02	1.939510e+04	
7.200000e+00	7.916509e+11	2.089462e+09	7.916509e-04	1.099557e+02	1.237543e-02	1.520139e+01	2.318362e+01	0.000000e+00	0.000000e+00	0.000000e+00	2.273632e-02	-8.740803e-09	4.837238e-03	1.757411e+03	2.161456e-02	2.069537e+04	
7.250000e+00	7.971490e+11	2.088595e+09	7.971490e-04	1.099557e+02	1.244488e-02	1.520139e+01	2.284127e+01	0.000000e+00	0.000000e+00	0.000000e+00	2.163582e-02	-9.068916e-09	4.648621e-03	1.867020e+03	2.296505e-02	2.198489e+04	
7.300000e+00	8.026471e+11	2.087733e+09	8.026471e-04	1.099557e+02	1.251476e-02	1.520139e+01	2.250623e+01	0.000000e+00	0.000000e+00	0.000000e+00	2.057609e-02	-9.383548e-09	4.466991e-03	1.975729e+03	2.430446e-02	2.326383e+04	
7.350000e+00	8.081451e+11	2.086879e+09	8.081451e-04	1.099557e+02	1.258506e-02	1.520139e+01	2.217844e+01	0.000000e+00	0.000000e+00	0.000000e+00	1.955638e-02	-9.685182e-09	4.292219e-03	2.083552e+03	2.563294e-02	2.453235e+04	
7.400000e+00	8.136431e+11	2.086033e+09	8.136431e-04	1.099557e+02	1.265579e-02	1.520139e+01	2.185772e+01	0.000000e+00	0.000000e+00	0.000000e+00	1.857600e-02	-9.974246e-09	4.124185e-03	2.190502e+03	2.695066e-02	2.579059e+04	
7.450000e+00	8.191411e+11	2.085195e+09	8.191411e-04	1.099557e+02	1.272694e-02	1.520139e+01	2.154388e+01	0.000000e+00	0.000000e+00	0.000000e+00	1.763419e-02	-1.025118e-08	3.962762e-03	2.296592e+03	2.825777e-02	2.703872e+04	
7.500000e+00	8.246392e+11	2.084362e+09	8.246392e-04	1.099557e+02	1.279851e-02	1.520139e+01	2.123623e+01	0.000000e+00	0.000000e+00	0.000000e+00	1.673016e-02	-1.051640e-08	3.807813e-03	2.401834e+03	2.955445e-02	2.827687e+04	
7.550000e+00	8.301371e+11	2.083535e+09	8.301371e-04	1.099557e+02	1.287050e-02	1.520139e+01	2.093513e+01	0.000000e+00	0.000000e+00	0.000000e+00	1.586296e-02	-1.077041e-08	3.659167e-03	2.506241e+03	3.084082e-02	2.950521e+04	
7.600000e+00	8.356351e+11	2.082717e+09	8.356351e-04	1.099557e+02	1.294288e-02	1.520139e+01	2.064041e+01	0.000000e+00	0.000000e+00	0.000000e+00	1.503178e-02	-1.101346e-08	3.516695e-03	2.609825e+03	3.211706e-02	3.072387e+04	
7.650000e+00	8.411331e+11	2.081904e+09	8.411331e-04	1.099557e+02	1.301567e-02	1.520139e+01	2.035181e+01	0.000000e+00	0.000000e+00	0.000000e+00	1.423579e-02	-1.124597e-08	3.380253e-03	2.712598e+03	3.338330e-02	3.193299e+04	
7.700000e+00	8.466311e+11	2.081099e+09	8.466311e-04	1.099557e+02	1.308886e-02	1.520139e+01	2.006923e+01	0.000000e+00	0.000000e+00	0.000000e+00	1.347400e-02	-1.146828e-08	3.249668e-03	2.814572e+03	3.463969e-02	3.313270e+04	
7.750000e+00	8.521290e+11	2.080299e+09	8.521290e-04	1.099557e+02	1.316244e-02	1.520139e+01	1.979242e+01	0.000000e+00	0.000000e+00	0.000000e+00	1.274558e-02	-1.168077e-08	3.124800e-03	2.915758e+03	3.588636e-02	3.432315e+04	
7.800000e+00	8.576270e+11	2.079508e+09	8.576270e-04	1.099557e+02	1.323639e-02	1.520139e+01	1.952162e+01	0.000000e+00	0.000000e+00	0.000000e+00	1.204951e-02	-1.188376e-08	3.005474e-03	3.016167e+03	3.712346e-02	3.550445e+04	
7.850000e+00	8.631249e+11	2.078722e+09	8.631249e-04	1.099557e+02	1.331073e-02	1.520139e+01	1.925624e+01	0.000000e+00	0.000000e+00	0.000000e+00	1.138493e-02	-1.207752e-08	2.891545e-03	3.115810e+03	3.835112e-02	3.667675e+04	
7.900000e+00	8.686228e+11	2.077942e+09	8.686228e-04	1.099557e+02	1.338542e-02	1.520139e+01	1.899616e+01	0.000000e+00	0.000000e+00	0.000000e+00	1.075081e-02	-1.226243e-08	2.782834e-03	3.214697e+03	3.956947e-02	3.784016e+04	
7.950000e+00	8.741207e+11	2.077170e+09	8.741207e-04	1.099557e+02	1.346048e-02	1.520139e+01	1.874141e+01	0.000000e+00	0.000000e+00	0.000000e+00	1.014626e-02	-1.243882e-08	2.679187e-03	3.312840e+03	4.077864e-02	3.899481e+04	
8.000000e+00	8.796186e+11	2.076403e+09	8.796186e-04	1.099557e+02	1.353589e-02	1.520139e+01	1.849169e+01	0.000000e+00	0.000000e+00	0.000000e+00	9.570362e-03	-1.260696e-08	2.580449e-03	3.410248e+03	4.197875e-02	4.014082e+04	
8.050000e+00	8.851165e+11	2.075643e+09	8.851165e-04	1.099557e+02	1.361165e-02	1.520139e+01	1.824688e+01	0.000000e+00	0.000000e+00	0.000000e+00	9.022133e-03	-1.276716e-08	2.486451e-03	3.506931e+03	4.316994e-02	4.127830e+04	
8.100000e+00	8.906144e+11	2.816623e+09	8.906144e-04	1.099557e+02	1.368774e-02	1.520139e+01	3.094593e+01	0.000000e+00	0.000000e+00	0.000000e+00	8.500631e-03	-1.291970e-08	2.397030e-03	3.602900e+03	4.435231e-02	4.240738e+04	
8.150000e+00	8.961128e+11	3.557673e+09	8.961128e-04	1.099557e+02	1.426709e-02	1.520139e+01	4.349675e+01	0.000000e+00	0.000000e+00	0.000000e+00	3.777830e-02	7.998632e-09	7.425962e-03	3.849285e+03	4.753098e-02	4.459242e+04	
8.200000e+00	9.016118e+11	4.298675e+09	9.016118e-04	1.099557e+02	1.484653e-02	1.520139e+01	5.590459e+01	0.000000e+00	0.000000e+00	0.000000e+00	6.477500e-02	2.731553e-08	1.206319e-02	4.241983e+03	5.283723e-02	4.783755e+04	
8.250000e+00	9.071114e+11	4.296232e+09	9.071114e-04	1.099557e+02	1.542569e-02	1.520139e+01	5.491046e+01	0.000000e+00	0.000000e+00	0.000000e+00	8.972890e-02	4.523303e-08	1.634970e-02	4.776981e+03	6.038001e-02	5.214642e+04	
8.300000e+00	9.126109e+11	4.293818e+09	9.126109e-04	1.099557e+02	1.548988e-02	1.520139e+01	5.394391e+01	0.000000e+00	0.000000e+00	0.000000e+00	8.828776e-02	4.196723e-08	1.609844e-02	5.305115e+03	6.782475e-02	5.640235e+04	
8.350000e+00	9.181105e+11	4.291432e+09	9.181105e-04	1.099557e+02	1.555356e-02	1.520139e+01	5.300388e+01	0.000000e+00	0.000000e+00	0.000000e+00	8.683292e-02	3.884155e-08	1.584508e-02	5.826557e+03	7.517392e-02	6.060664e+04	
8.400000e+00	9.236099e+11	4.289075e+09	9.236099e-04	1.099557e+02	1.561674e-02	1.520139e+01	5.208935e+01	0.000000e+00	0.000000e+00	0.000000e+00	8.536519e-02	3.584876e-08	1.558974e-02	6.341472e+03	8.242989e-02	6.476053e+04	
8.450000e+00	9.291094e+11	4.286747e+09	9.291094e-04	1.099557e+02	1.567943e-02	1.520139e+01	5.119947e+01	0.000000e+00	0.000000e+00	0.000000e+00	8.388541e-02	3.298209e-08	1.533257e-02	6.850020e+03	8.959496e-02	6.886520e+04	
8.500000e+00	9.346088e+11	4.284445e+09	9.346088e-04	1.099557e+02	1.574166e-02	1.520139e+01	5.033315e+01	0.000000e+00	0.000000e+00	0.000000e+00	8.239455e-02	3.023517e-08	1.507371e-02	7.352352e+03	9.667133e-02	7.292182e+04	
8.550000e+00	9.401082e+11	4.282169e+09	9.401082e-04	1.099557e+02	1.580344e-02	1.520139e+01	4.948958e+01	0.000000e+00	0.000000e+00	0.000000e+00	8.089345e-02	2.760204e-08	1.481329e-02	7.848617e+03	1.036611e-01	7.693150e+04	
8.600000e+00	9.456075e+11	4.279919e+09	9.456075e-04	1.099557e+02	1.586480e-02	1.520139e+01	4.866793e+01	0.000000e+00	0.000000e+00	0.000000e+00	7.938314e-02	2.507709e-08	1.455149e-02	8.338957e+03	1.105664e-01	8.089529e+04	
8.650000e+00	9.511068e+11	4.277693e+09	9.511068e-04	1.099557e+02	1.592575e-02	1.520139e+01	4.786741e+01	0.000000e+00	0.000000e+00	0.000000e+00	7.786462e-02	2.265506e-08	1.428846e-02	8.823509e+03	1.173891e-01	8.481424e+04	
8.700000e+00	9.566061e+11	4.275499e+09	9.566061e-04	1.099557e+02	1.598632e-02	1.520139e+01	4.708814e+01	0.000000e+00	0.000000e+00	0.000000e+00	7.633896e-02	2.033098e-08	1.402438e-02	9.302405e+03	1.241312e-01	8.868934e+04	
8.750000e+00	9.621054e+11	4.273325e+09	9.621054e-04	1.099557e+02	1.604653e-02	1.520139e+01	4.632821e+01	0.000000e+00	0.000000e+00	0.000000e+00	7.480741e-02	1.810048e-08	1.375946e-02	9.775774e+03	1.307944e-01	9.252156e+04	
8.800000e+00	9.676046e+11	4.271177e+09	9.676046e-04	1.099557e+02	1.610640e-02	1.520139e+01	4.558813e+01	0.000000e+00	0.000000e+00	0.000000e+00	7.327083e-02	1.595875e-08	1.349383e-02	1.024374e+04	1.373806e-01	9.631183e+04	
8.850000e+00	9.731039e+11	4.269047e+09	9.731039e-04	1.099557e+02	1.616596e-02	1.520139e+01	4.486499e+01	0.000000e+00	0.000000e+00	0.000000e+00	7.173052e-02	1.390217e-08	1.322772e-02	1.070642e+04	1.438915e-01	1.000610e+05	
8.900000e+00	9.786030e+11	4.266935e+09	9.786030e-04	1.099557e+02	1.622523e-02	1.520139e+01	4.415819e+01	0.000000e+00	0.000000e+00	0.000000e+00	7.018751e-02	1.192592e-08	1.296127e-02	1.116393e+04	1.503288e-01	1.037701e+05	
8.950000e+00	9.841022e+11	4.264846e+09	9.841022e-04	1.099557e+02	1.628424e-02	1.520139e+01	4.346899e+01	0.000000e+00	0.000000e+00	0.000000e+00	6.864298e-02	1.002632e-08	1.269468e-02	1.161638e+04	1.566940e-01	1.074398e+05	
9.000000e+00	9.896013e+11	4.262777e+09	9.896013e-04	1.099557e+02	1.634301e-02	1.520139e+01	4.279653e+01	0.000000e+00	0.000000e+00	0.000000e+00	6.709820e-02	8.200656e-09	1.242818e-02	1.206388e+04	1.629886e-01	1.110710e+05	
9.050000e+00	9.951004e+11	4.260731e+09	9.951004e-04	1.099557e+02	1.640158e-02	1.520139e+01	4.214017e+01	0.000000e+00	0.000000e+00	0.000000e+00	6.555436e-02	6.445583e-09	1.216195e-02	1.250654e+04	1.692143e-01	1.146644e+05	
9.100000e+00	1.000599e+12	4.258704e+09	1.000599e-03	1.099557e+02	1.645996e-02	1.520139e+01	4.149934e+01	0.000000e+00	0.000000e+00	0.000000e+00	6.401270e-02	4.757928e-09	1.189622e-02	1.294445e+04	1.753724e-01	1.182209e+05	
9.150000e+00	1.006099e+12	4.256698e+09	1.006099e-03	1.099557e+02	1.651818e-02	1.520139e+01	4.087351e+01	0.000000e+00	0.000000e+00	0.000000e+00	6.247443e-02	3.134730e-09	1.163117e-02	1.337771e+04	1.814644e-01	1.217411e+05	
9.200000e+00	1.011598e+12	4.254714e+09	1.011598e-03	1.099557e+02	1.657628e-02	1.520139e+01	4.026240e+01	0.000000e+00	0.000000e+00	0.000000e+00	6.094076e-02	1.573210e-09	1.136701e-02	1.380642e+04	1.874915e-01	1.252259e+05	
9.250000e+00	1.017097e+12	4.252752e+09	1.017097e-03	1.099557e+02	1.663427e-02	1.520139e+01	3.966545e+01	0.000000e+00	0.000000e+00	0.000000e+00	5.941294e-02	7.078734e-11	1.110395e-02	1.423067e+04	1.934552e-01	1.286758e+05	
9.300000e+00	1.022596e+12	4.377154e+09	1.022596e-03	1.099557e+02	1.669220e-02	1.520139e+01	3.988076e+01	0.000000e+00	0.000000e+00	0.000000e+00	5.789217e-02	-1.375039e-09	1.084220e-02	1.465055e+04	1.993567e-01	1.320916e+05	
9.350000e+00	1.028095e+12	4.439260e+09	1.028095e-03	1.099557e+02	1.675159e-02	1.520139e+01	3.970662e+01	0.000000e+00	0.000000e+00	0.000000e+00	5.645590e-02	-1.164985e-08	1.059009e-02	1.508733e+04	2.054675e-01	1.357340e+05	
9.400000e+00	1.033594e+12	4.437322e+09	1.033594e-03	1.099557e+02	1.681021e-02	1.520139e+01	3.914210e+01	0.000000e+00	0.000000e+00	0.000000e+00	5.499136e-02	-1.763921e-08	1.033556e-02	1.553108e+04	2.116772e-01	1.394805e+05	
9.450000e+00	1.039093e+12	4.435403e+09	1.039093e-03	1.099557e+02	1.686792e-02	1.520139e+01	3.858848e+01	0.000000e+00	0.000000e+00	0.000000e+00	5.349094e-02	-1.893699e-08	1.007763e-02	1.597051e+04	2.178256e-01	1.431921e+05	
9.500000e+00	1.044591e+12	4.433502e+09	1.044591e-03	1.099557e+02	1.692566e-02	1.520139e+01	3.804625e+01	0.000000e+00	0.000000e+00	0.000000e+00	5.200279e-02	-2.018594e-08	9.821868e-03	1.640569e+04	2.239138e-01	1.468697e+05	
9.550000e+00	1.050090e+12	4.431619e+09	1.050090e-03	1.099557e+02	1.698347e-02	1.520139e+01	3.751526e+01	0.000000e+00	0.000000e+00	0.000000e+00	5.052793e-02	-2.138748e-08	9.568444e-03	1.683671e+04	2.299431e-01	1.505138e+05	
9.600000e+00	1.055589e+12	4.429753e+09	1.055589e-03	1.099557e+02	1.704138e-02	1.520139e+01	3.699529e+01	0.000000e+00	0.000000e+00	0.000000e+00	4.906743e-02	-2.254341e-08	9.317539e-03	1.726364e+04	2.359144e-01	1.541250e+05	
9.650000e+00	1.061088e+12	4.427905e+09	1.061088e-03	1.099557e+02	1.709940e-02	1.520139e+01	3.648612e+01	0.000000e+00	0.000000e+00	0.000000e+00	4.762231e-02	-2.365543e-08	9.069326e-03	1.768656e+04	2.418289e-01	1.577038e+05	
9.700000e+00	1.066587e+12	4.426074e+09	1.066587e-03	1.099557e+02	1.715757e-02	1.520139e+01	3.598747e+01	0.000000e+00	0.000000e+00	0.000000e+00	4.619356e-02	-2.472517e-08	8.823972e-03	1.810554e+04	2.476876e-01	1.612509e+05	
9.750000e+00	1.072086e+12	4.424263e+09	1.072086e-03	1.099557e+02	1.721590e-02	1.520139e+01	3.549931e+01	0.000000e+00	0.000000e+00	0.000000e+00	4.478216e-02	-2.575425e-08	8.581640e-03	1.852064e+04	2.534915e-01	1.647668e+05	
9.800000e+00	1.077585e+12	4.422468e+09	1.077585e-03	1.099557e+02	1.727441e-02	1.520139e+01	3.502114e+01	0.000000e+00	0.000000e+00	0.000000e+00	4.338910e-02	-2.674408e-08	8.342498e-03	1.893195e+04	2.592416e-01	1.682519e+05	
9.850000e+00	1.083084e+12	4.420691e+09	1.083084e-03	1.099557e+02	1.733314e-02	1.520139e+01	3.455273e+01	0.000000e+00	0.000000e+00	0.000000e+00	4.201518e-02	-2.769612e-08	8.106682e-03	1.933952e+04	2.649388e-01	1.717069e+05	
9.900000e+00	1.088582e+12	3.330905e+09	1.088582e-03	1.099557e+02	1.739209e-02	1.520139e+01	2.362633e+01	0.000000e+00	0.000000e+00	0.000000e+00	4.066131e-02	-2.861170e-08	7.874340e-03	1.974343e+04	2.705842e-01	1.751323e+05	
9.950000e+00	1.094080e+12	2.240611e+09	1.094080e-03	1.099557e+02	1.707444e-02	1.520139e+01	1.270680e+01	0.000000e+00	0.000000e+00	0.000000e+00	2.136047e-02	-2.867814e-08	4.579259e-03	1.999526e+04	2.741626e-01	1.774751e+05	
1.000000e+01	1.099578e+12	2.239913e+09	1.099578e-03	1.099557e+02	1.674525e-02	1.520139e+01	1.256495e+01	0.000000e+00	0.000000e+00	0.000000e+00	7.414735e-04	-2.920337e-08	1.058527e-03	2.009983e+04	2.754788e-01	1.787205e+05	
1.005000e+01	1.105076e+12	2.239286e+09	1.105076e-03	1.099557e+02	1.682802e-02	1.520139e+01	1.243475e+01	0.000000e+00	0.000000e+00	0.000000e+00	6.934777e-04	-2.917247e-08	1.050236e-03	2.020376e+04	2.767872e-01	1.799585e+05	
1.010000e+01	1.110573e+12	2.238699e+09	1.110573e-03	1.099557e+02	1.691088e-02	1.520139e+01	1.230549e+01	0.000000e+00	0.000000e+00	0.000000e+00	6.500958e-04	-2.913660e-08	1.042845e-03	2.030708e+04	2.780878e-01	1.811891e+05	
1.015000e+01	1.116071e+12	2.238040e+09	1.116071e-03	1.099557e+02	1.699381e-02	1.520139e+01	1.215117e+01	0.000000e+00	0.000000e+00	0.000000e+00	6.108422e-04	-2.909932e-08	1.036170e-03	2.040979e+04	2.793807e-01	1.824124e+05	
1.020000e+01	1.121568e+12	2.553812e+09	1.121568e-03	1.099557e+02	1.707678e-02	1.520139e+01	2.346790e+01	0.000000e+00	0.000000e+00	0.000000e+00	5.742081e-04	-2.907048e-08	1.029687e-03	2.051189e+04	2.806659e-01	1.836285e+05	
1.025000e+01	1.127067e+12	3.185854e+09	1.127067e-03	1.099557e+02	1.731437e-02	1.520139e+01	4.612548e+01	0.000000e+00	0.000000e+00	0.000000e+00	8.063292e-03	2.120631e-08	2.413158e-03	2.077890e+04	2.831973e-01	1.856513e+05	
1.030000e+01	1.132566e+12	3.500248e+09	1.132566e-03	1.099557e+02	1.770644e-02	1.520139e+01	5.640610e+01	0.000000e+00	0.000000e+00	0.000000e+00	2.257209e-02	1.179545e-07	5.094087e-03	2.136875e+04	2.882115e-01	1.892960e+05	
1.035000e+01	1.138066e+12	3.813914e+09	1.138066e-03	1.099557e+02	1.795008e-02	1.520139e+01	6.623229e+01	0.000000e+00	0.000000e+00	0.000000e+00	2.979265e-02	1.579073e-07	6.413145e-03	2.210587e+04	2.944073e-01	1.936917e+05	
1.040000e+01	1.143567e+12	4.443750e+09	1.143567e-03	1.099557e+02	1.819667e-02	1.520139e+01	8.772661e+01	0.000000e+00	0.000000e+00	0.000000e+00	3.695619e-02	1.941231e-07	7.715244e-03	2.298450e+04	3.017559e-01	1.988134e+05	
1.045000e+01	1.149069e+12	4.438910e+09	1.149069e-03	1.099557e+02	1.859421e-02	1.520139e+01	8.462855e+01	0.000000e+00	0.000000e+00	0.000000e+00	5.040775e-02	2.777810e-07	1.019033e-02	2.416739e+04	3.115779e-01	2.055145e+05	
1.050000e+01	1.154570e+12	4.434179e+09	1.154570e-03	1.099557e+02	1.869842e-02	1.520139e+01	8.172561e+01	0.000000e+00	0.000000e+00	0.000000e+00	5.109305e-02	2.565491e-07	1.026768e-02	2.531236e+04	3.210968e-01	2.120183e+05	
1.055000e+01	1.160072e+12	4.429613e+09	1.160072e-03	1.099557e+02	1.880243e-02	1.520139e+01	7.899877e+01	0.000000e+00	0.000000e+00	0.000000e+00	5.175982e-02	2.371996e-07	1.034512e-02	2.642187e+04	3.303321e-01	2.183375e+05	
1.060000e+01	1.165573e+12	4.425216e+09	1.165573e-03	1.099557e+02	1.890623e-02	1.520139e+01	7.645389e+01	0.000000e+00	0.000000e+00	0.000000e+00	5.240846e-02	2.195153e-07	1.042238e-02	2.749815e+04	3.393015e-01	2.244835e+05	
1.065000e+01	1.171075e+12	4.420938e+09	1.171075e-03	1.099557e+02	1.900975e-02	1.520139e+01	7.405740e+01	0.000000e+00	0.000000e+00	0.000000e+00	5.303632e-02	2.033249e-07	1.049889e-02	2.854320e+04	3.480209e-01	2.304665e+05	
1.070000e+01	1.176576e+12	4.754632e+09	1.176576e-03	1.099557e+02	1.911297e-02	1.520139e+01	7.743613e+01	0.000000e+00	0.000000e+00	0.000000e+00	5.364310e-02	1.884597e-07	1.057414e-02	2.955886e+04	3.565050e-01	2.362960e+05	
1.075000e+01	1.182077e+12	5.044021e+09	1.182077e-03	1.099557e+02	1.945507e-02	1.520139e+01	9.809741e+01	0.000000e+00	0.000000e+00	0.000000e+00	6.403356e-02	1.846051e-07	1.234018e-02	3.063855e+04	3.656771e-01	2.425006e+05	
1.080000e+01	1.187580e+12	5.332239e+09	1.187580e-03	1.099557e+02	1.965108e-02	1.520139e+01	1.168683e+02	0.000000e+00	0.000000e+00	0.000000e+00	6.814055e-02	2.430274e-07	1.318941e-02	3.189495e+04	3.765025e-01	2.499063e+05	
1.085000e+01	1.193084e+12	5.325658e+09	1.193084e-03	1.099557e+02	1.984930e-02	1.520139e+01	1.113192e+02	0.000000e+00	0.000000e+00	0.000000e+00	7.225095e-02	2.971642e-07	1.403797e-02	3.331247e+04	3.888464e-01	2.584155e+05	
1.090000e+01	1.198587e+12	5.319343e+09	1.198587e-03	1.099557e+02	1.995640e-02	1.520139e+01	1.063698e+02	0.000000e+00	0.000000e+00	0.000000e+00	7.287943e-02	2.779559e-07	1.412106e-02	3.467523e+04	4.007126e-01	2.665960e+05	
1.095000e+01	1.204090e+12	5.669899e+09	1.204090e-03	1.099557e+02	2.006287e-02	1.520139e+01	1.158817e+02	0.000000e+00	0.000000e+00	0.000000e+00	7.347739e-02	2.604403e-07	1.419847e-02	3.598866e+04	4.121496e-01	2.744822e+05	
1.100000e+01	1.209594e+12	5.663125e+09	1.209594e-03	1.099557e+02	2.032745e-02	1.520139e+01	1.112037e+02	0.000000e+00	0.000000e+00	0.000000e+00	8.002952e-02	3.366495e-07	1.540497e-02	3.753509e+04	4.257793e-01	2.834648e+05	
1.105000e+01	1.215098e+12	5.656592e+09	1.215098e-03	1.099557e+02	2.043598e-02	1.520139e+01	1.069190e+02	0.000000e+00	0.000000e+00	0.000000e+00	8.066331e-02	3.146802e-07	1.548111e-02	3.902915e+04	4.389483e-01	2.921490e+05	
1.110000e+01	1.220601e+12	5.650266e+09	1.220601e-03	1.099557e+02	2.054380e-02	1.520139e+01	1.029781e+02	0.000000e+00	0.000000e+00	0.000000e+00	8.126341e-02	2.946028e-07	1.555292e-02	4.047497e+04	4.516935e-01	3.005591e+05	
1.115000e+01	1.226104e+12	6.317214e+09	1.226104e-03	1.099557e+02	2.065087e-02	1.520139e+01	1.251002e+02	0.000000e+00	0.000000e+00	0.000000e+00	8.182803e-02	2.761957e-07	1.562017e-02	4.187612e+04	4.640470e-01	3.087162e+05	
1.120000e+01	1.231608e+12	6.309703e+09	1.231608e-03	1.099557e+02	2.105948e-02	1.520139e+01	1.205344e+02	0.000000e+00	0.000000e+00	0.000000e+00	9.323566e-02	4.071045e-07	1.775103e-02	4.371286e+04	4.798558e-01	3.189789e+05	
1.125000e+01	1.237113e+12	6.302464e+09	1.237113e-03	1.099557e+02	2.117133e-02	1.520139e+01	1.163202e+02	0.000000e+00	0.000000e+00	0.000000e+00	9.391045e-02	3.785349e-07	1.782080e-02	4.549095e+04	4.951648e-01	3.289257e+05	
1.130000e+01	1.242617e+12	6.295398e+09	1.242617e-03	1.099557e+02	2.128215e-02	1.520139e+01	1.123705e+02	0.000000e+00	0.000000e+00	0.000000e+00	9.454499e-02	3.506609e-07	1.788036e-02	4.721445e+04	5.100089e-01	3.385789e+05	
1.135000e+01	1.248120e+12	6.288634e+09	1.248120e-03	1.099557e+02	2.139200e-02	1.520139e+01	1.086926e+02	0.000000e+00	0.000000e+00	0.000000e+00	9.513826e-02	3.245352e-07	1.793388e-02	4.888698e+04	5.244193e-01	3.479578e+05	
1.140000e+01	1.253624e+12	6.282067e+09	1.253624e-03	1.099557e+02	2.150096e-02	1.520139e+01	1.052627e+02	0.000000e+00	0.000000e+00	0.000000e+00	9.569083e-02	3.007878e-07	1.798471e-02	5.051178e+04	5.384236e-01	3.570801e+05	
1.145000e+01	1.259127e+12	6.680379e+09	1.259127e-03	1.099557e+02	2.160891e-02	1.520139e+01	1.068471e+02	0.000000e+00	0.000000e+00	0.000000e+00	9.620015e-02	2.791329e-07	1.803191e-02	5.209177e+04	5.520468e-01	3.659615e+05	
1.150000e+01	1.264631e+12	5.758548e+09	1.264631e-03	1.099557e+02	2.198443e-02	1.520139e+01	8.796029e+01	0.000000e+00	0.000000e+00	0.000000e+00	1.059050e-01	2.649198e-07	1.965154e-02	5.373417e+04	5.666128e-01	3.753501e+05	
1.155000e+01	1.270133e+12	5.808223e+09	1.270133e-03	1.099557e+02	2.145485e-02	1.520139e+01	9.522036e+01	0.000000e+00	0.000000e+00	0.000000e+00	8.422089e-02	2.250225e-07	1.585266e-02	5.508254e+04	5.788874e-01	3.832520e+05	
1.160000e+01	1.275636e+12	6.189306e+09	1.275636e-03	1.099557e+02	2.148060e-02	1.520139e+01	1.044154e+02	0.000000e+00	0.000000e+00	0.000000e+00	8.174953e-02	3.058902e-07	1.550869e-02	5.664167e+04	5.926743e-01	3.920812e+05	
1.165000e+01	1.281139e+12	7.276059e+09	1.281139e-03	1.099557e+02	2.177567e-02	1.520139e+01	1.183539e+02	0.000000e+00	0.000000e+00	0.000000e+00	8.886733e-02	3.401502e-07	1.678138e-02	5.839169e+04	6.079632e-01	4.019349e+05	
1.170000e+01	1.286644e+12	8.399954e+09	1.286644e-03	1.099557e+02	2.264111e-02	1.520139e+01	1.265290e+02	0.000000e+00	0.000000e+00	0.000000e+00	1.149051e-01	3.507939e-07	2.123392e-02	6.046540e+04	6.266940e-01	4.135683e+05	
1.175000e+01	1.292149e+12	8.232077e+09	1.292149e-03	1.099557e+02	2.330445e-02	1.520139e+01	1.108774e+02	0.000000e+00	0.000000e+00	0.000000e+00	1.328725e-01	3.251451e-07	2.426494e-02	6.272205e+04	6.475171e-01	4.264566e+05	
1.180000e+01	1.297652e+12	8.225148e+09	1.297652e-03	1.099557e+02	2.327797e-02	1.520139e+01	1.080618e+02	0.000000e+00	0.000000e+00	0.000000e+00	1.291311e-01	2.663256e-07	2.345315e-02	6.485154e+04	6.674936e-01	4.385913e+05	
1.185000e+01	1.303156e+12	7.870922e+09	1.303156e-03	1.099557e+02	2.336210e-02	1.520139e+01	9.690235e+01	0.000000e+00	0.000000e+00	0.000000e+00	1.286999e-01	2.480866e-07	2.335476e-02	6.693466e+04	6.870643e-01	4.504809e+05	
1.190000e+01	1.308659e+12	8.167045e+09	1.308659e-03	1.099557e+02	2.324693e-02	1.520139e+01	1.307979e+02	0.000000e+00	0.000000e+00	0.000000e+00	1.220993e-01	1.956907e-07	2.215617e-02	6.878375e+04	7.046237e-01	4.612369e+05	
1.195000e+01	1.314165e+12	8.453142e+09	1.314165e-03	1.099557e+02	2.340472e-02	1.520139e+01	1.444170e+02	0.000000e+00	0.000000e+00	0.000000e+00	1.238814e-01	2.567886e-07	2.256767e-02	7.100808e+04	7.250938e-01	4.742133e+05	
1.200000e+01	1.319671e+12	8.444184e+09	1.319671e-03	1.099557e+02	2.357776e-02	1.520139e+01	1.369083e+02	0.000000e+00	0.000000e+00	0.000000e+00	1.260891e-01	3.087060e-07	2.307408e-02	7.336871e+04	7.466773e-01	4.880637e+05	
1.205000e+01	1.325177e+12	8.761961e+09	1.325177e-03	1.099557e+02	2.365877e-02	1.520139e+01	1.476850e+02	0.000000e+00	0.000000e+00	0.000000e+00	1.255693e-01	2.927297e-07	2.296955e-02	7.563673e+04	7.674932e-01	5.013816e+05	
1.210000e+01	1.330683e+12	9.149746e+09	1.330683e-03	1.099557e+02	2.385558e-02	1.520139e+01	1.443379e+02	0.000000e+00	0.000000e+00	0.000000e+00	1.284765e-01	3.594043e-07	2.357802e-02	7.809140e+04	7.901467e-01	5.157254e+05	
1.215000e+01	1.336189e+12	1.004999e+10	1.336189e-03	1.099557e+02	2.410003e-02	1.520139e+01	1.661684e+02	0.000000e+00	0.000000e+00	0.000000e+00	1.328737e-01	3.335016e-07	2.430844e-02	8.053767e+04	8.130522e-01	5.301030e+05	
1.220000e+01	1.341697e+12	1.003932e+10	1.341697e-03	1.099557e+02	2.464624e-02	1.520139e+01	1.596445e+02	0.000000e+00	0.000000e+00	0.000000e+00	1.457475e-01	4.005799e-07	2.671631e-02	8.328455e+04	8.383937e-01	5.462145e+05	
1.225000e+01	1.347205e+12	9.978297e+09	1.347205e-03	1.099557e+02	2.472760e-02	1.520139e+01	1.700022e+02	0.000000e+00	0.000000e+00	0.000000e+00	1.452099e-01	3.743955e-07	2.659095e-02	8.594633e+04	8.630023e-01	5.618392e+05	
1.230000e+01	1.352713e+12	1.035600e+10	1.352713e-03	1.099557e+02	2.469411e-02	1.520139e+01	1.721421e+02	0.000000e+00	0.000000e+00	0.000000e+00	1.413088e-01	3.908580e-07	2.597811e-02	8.863287e+04	8.877342e-01	5.778146e+05	
1.235000e+01	1.358221e+12	1.063273e+10	1.358221e-03	1.099557e+02	2.498607e-02	1.520139e+01	1.783136e+02	0.000000e+00	0.000000e+00	0.000000e+00	1.467431e-01	4.207797e-07	2.692270e-02	9.148966e+04	9.148576e-01	5.945837e+05	
1.240000e+01	1.363730e+12	1.031674e+10	1.363730e-03	1.099557e+02	2.517665e-02	1.520139e+01	1.662988e+02	0.000000e+00	0.000000e+00	0.000000e+00	1.491702e-01	4.352248e-07	2.742443e-02	9.440640e+04	9.423944e-01	6.117418e+05	
1.245000e+01	1.369238e+12	1.001822e+10	1.369238e-03	1.099557e+02	2.504927e-02	1.520139e+01	1.468753e+02	0.000000e+00	0.000000e+00	0.000000e+00	1.427867e-01	4.015886e-07	2.627841e-02	9.714897e+04	9.685557e-01	6.279424e+05	
