# COLUMN NUMBERS: 
#	0: time [Gyr]
#	1: mgas [Msun]			ISM gas mass
#	2: mstar [Msun]			Stellar mass
#	3: sfr [Msun/yr]		Star formation rate
#	4: ifr [Msun/yr]		Infall rate
#	5: ofr [Msun/yr]		Outfow rate
#	6: eta_0			Mass-loading factor
#	7: r_eff			Effective recycilng rate
#	8: z_in(fe)			Inflow fe metallicity
#	9: z_in(sr)			Inflow sr metallicity
#	10: z_in(o)			Inflow o metallicity
#	11: z_out(fe)			Outflow fe metallicity
#	12: z_out(sr)			Outflow sr metallicity
#	13: z_out(o)			Outflow o metallicity
#	14: mass(fe) [Msun]		mass of element fe in ISM
#	15: mass(sr) [Msun]		mass of element sr in ISM
#	16: mass(o) [Msun]		mass of element o in ISM
0.000000e+00	1.000000e-12	2.609090e-29	6.960812e-37	9.424778e+00	1.202257e-06	2.292686e-01	2.503490e-01	0.000000e+00	0.000000e+00	0.000000e+00	0.000000e+00	1.000000e+00	0.000000e+00	0.000000e+00	0.000000e+00	0.000000e+00	
5.000000e-02	4.712389e+08	2.669039e+07	7.120751e-01	9.424778e+00	1.632565e-01	2.292686e-01	2.503490e-01	0.000000e+00	0.000000e+00	0.000000e+00	8.236238e-05	9.197133e-10	1.029530e-03	3.881236e+04	4.334047e-01	4.851545e+05	
1.000000e-01	9.076246e+08	7.645694e+07	1.349182e+00	9.424778e+00	3.093252e-01	2.292686e-01	2.622710e-01	0.000000e+00	0.000000e+00	0.000000e+00	1.208726e-04	1.349744e-09	1.510907e-03	1.097069e+05	1.225060e+00	1.371336e+06	
1.500000e-01	1.313631e+09	1.464896e+08	1.921957e+00	9.424778e+00	4.406443e-01	2.292686e-01	2.712362e-01	0.000000e+00	0.000000e+00	0.000000e+00	1.577095e-04	1.764873e-09	1.971333e-03	2.071721e+05	2.318392e+00	2.589603e+06	
2.000000e-01	1.692805e+09	2.344712e+08	2.438907e+00	9.424778e+00	5.591648e-01	2.292686e-01	2.785159e-01	0.000000e+00	0.000000e+00	0.000000e+00	1.929581e-04	2.169219e-09	2.411848e-03	3.266404e+05	3.672064e+00	4.082788e+06	
2.500000e-01	2.048104e+09	3.384443e+08	2.907085e+00	9.424778e+00	6.665034e-01	2.292686e-01	2.846917e-01	0.000000e+00	0.000000e+00	0.000000e+00	2.268144e-04	2.570908e-09	2.833475e-03	4.645393e+05	5.265486e+00	5.803251e+06	
3.000000e-01	2.382044e+09	4.567320e+08	3.332431e+00	9.424778e+00	7.640218e-01	2.292686e-01	2.900812e-01	0.000000e+00	0.000000e+00	0.000000e+00	2.593911e-04	2.977843e-09	3.237162e-03	6.178812e+05	7.093355e+00	7.711064e+06	
3.500000e-01	2.696794e+09	5.878844e+08	3.719991e+00	9.424778e+00	8.528772e-01	2.292686e-01	2.948781e-01	0.000000e+00	0.000000e+00	0.000000e+00	2.907750e-04	3.395237e-09	3.623802e-03	7.841604e+05	9.156256e+00	9.772649e+06	
4.000000e-01	2.994237e+09	7.306385e+08	4.074090e+00	9.424778e+00	9.340610e-01	2.292686e-01	2.992100e-01	0.000000e+00	0.000000e+00	0.000000e+00	3.210405e-04	3.819150e-09	3.994237e-03	9.612713e+05	1.143544e+01	1.195969e+07	
4.500000e-01	3.276019e+09	8.838881e+08	4.398452e+00	9.424778e+00	1.008427e+00	2.292686e-01	3.031656e-01	0.000000e+00	0.000000e+00	0.000000e+00	3.502549e-04	4.247821e-09	4.349258e-03	1.147442e+06	1.391594e+01	1.424825e+07	
5.000000e-01	3.543587e+09	1.046660e+09	4.696302e+00	9.424778e+00	1.076715e+00	2.292686e-01	3.068092e-01	0.000000e+00	0.000000e+00	0.000000e+00	3.784803e-04	4.699618e-09	4.689624e-03	1.341178e+06	1.665350e+01	1.661809e+07	
5.500000e-01	3.798218e+09	1.218093e+09	4.970444e+00	9.424778e+00	1.139567e+00	2.292686e-01	3.101892e-01	0.000000e+00	0.000000e+00	0.000000e+00	4.057748e-04	5.200700e-09	5.016055e-03	1.541221e+06	1.975339e+01	1.905207e+07	
6.000000e-01	4.041046e+09	1.397425e+09	5.223326e+00	9.424778e+00	1.197545e+00	2.292686e-01	3.133430e-01	0.000000e+00	0.000000e+00	0.000000e+00	4.321930e-04	5.768350e-09	5.329238e-03	1.746512e+06	2.331017e+01	2.153569e+07	
6.500000e-01	4.273076e+09	1.583975e+09	5.457091e+00	9.424778e+00	1.251140e+00	2.292686e-01	3.163000e-01	0.000000e+00	0.000000e+00	0.000000e+00	4.577865e-04	6.409180e-09	5.629818e-03	1.956156e+06	2.738691e+01	2.405664e+07	
7.000000e-01	4.495207e+09	1.777139e+09	5.673626e+00	9.424778e+00	1.300784e+00	2.292686e-01	3.190840e-01	0.000000e+00	0.000000e+00	0.000000e+00	4.826039e-04	7.123088e-09	5.918412e-03	2.169404e+06	3.201976e+01	2.660448e+07	
7.500000e-01	4.708243e+09	1.976371e+09	5.874594e+00	9.424778e+00	1.346860e+00	2.292686e-01	3.217146e-01	0.000000e+00	0.000000e+00	0.000000e+00	5.066916e-04	7.906860e-09	6.195599e-03	2.385627e+06	3.722742e+01	2.917039e+07	
8.000000e-01	4.912907e+09	2.181186e+09	6.061464e+00	9.424778e+00	1.389703e+00	2.292686e-01	3.242077e-01	0.000000e+00	0.000000e+00	0.000000e+00	5.300934e-04	8.755826e-09	6.461928e-03	2.604299e+06	4.301655e+01	3.174685e+07	
8.500000e-01	5.109846e+09	2.391144e+09	6.235541e+00	9.424778e+00	1.429614e+00	2.292686e-01	3.265771e-01	0.000000e+00	0.000000e+00	0.000000e+00	5.528507e-04	9.664536e-09	6.717916e-03	2.824982e+06	4.938429e+01	3.432752e+07	
9.000000e-01	5.299646e+09	2.605849e+09	6.397985e+00	9.424778e+00	1.466857e+00	2.292686e-01	3.288343e-01	0.000000e+00	0.000000e+00	0.000000e+00	5.750030e-04	1.062689e-08	6.964054e-03	3.047312e+06	5.631875e+01	3.690702e+07	
9.500000e-01	5.482837e+09	2.897668e+09	6.549829e+00	9.424778e+00	1.501670e+00	2.292686e-01	3.316807e-01	0.000000e+00	0.000000e+00	0.000000e+00	5.965876e-04	1.163957e-08	7.200811e-03	3.270992e+06	6.381784e+01	3.948087e+07	
1.000000e+00	5.660123e+09	2.953646e+09	6.692265e+00	9.424778e+00	1.534326e+00	2.292686e-01	3.309385e-01	0.000000e+00	0.000000e+00	0.000000e+00	6.178264e-04	1.270374e-08	7.428464e-03	3.496973e+06	7.190474e+01	4.204602e+07	
1.050000e+00	5.830769e+09	3.181188e+09	6.824740e+00	9.424778e+00	1.564699e+00	2.292686e-01	3.331856e-01	0.000000e+00	0.000000e+00	0.000000e+00	6.382317e-04	1.371262e-08	7.647880e-03	3.721381e+06	7.995515e+01	4.459302e+07	
1.100000e+00	5.996231e+09	3.412147e+09	6.949260e+00	9.424778e+00	1.593247e+00	2.292686e-01	3.352973e-01	0.000000e+00	0.000000e+00	0.000000e+00	6.581767e-04	1.478300e-08	7.859092e-03	3.946580e+06	8.864228e+01	4.712493e+07	
1.150000e+00	6.156848e+09	3.463885e+09	7.066463e+00	9.424778e+00	1.620118e+00	2.292686e-01	3.347031e-01	0.000000e+00	0.000000e+00	0.000000e+00	6.776913e-04	1.590283e-08	8.062497e-03	4.172442e+06	9.791129e+01	4.963957e+07	
1.200000e+00	6.312016e+09	3.701812e+09	7.175885e+00	9.424778e+00	1.645205e+00	2.292686e-01	3.368717e-01	0.000000e+00	0.000000e+00	0.000000e+00	6.964658e-04	1.697219e-08	8.258688e-03	4.396103e+06	1.071288e+02	5.212897e+07	
1.250000e+00	6.463068e+09	3.942426e+09	7.279259e+00	9.424778e+00	1.668906e+00	2.292686e-01	3.389045e-01	0.000000e+00	0.000000e+00	0.000000e+00	7.148822e-04	1.809461e-08	8.447690e-03	4.620332e+06	1.169467e+02	5.459800e+07	
1.300000e+00	6.610248e+09	4.359604e+09	7.377032e+00	9.424778e+00	1.691322e+00	2.292686e-01	3.420884e-01	0.000000e+00	0.000000e+00	0.000000e+00	7.329643e-04	1.925832e-08	8.629859e-03	4.845076e+06	1.273022e+02	5.704551e+07	
1.350000e+00	6.754249e+09	4.604689e+09	7.470133e+00	9.424778e+00	1.712667e+00	2.292686e-01	3.438273e-01	0.000000e+00	0.000000e+00	0.000000e+00	7.511502e-04	2.046975e-08	8.805273e-03	5.073455e+06	1.382578e+02	5.947301e+07	
1.400000e+00	6.894770e+09	4.852040e+09	7.558361e+00	9.424778e+00	1.732895e+00	2.292686e-01	3.454890e-01	0.000000e+00	0.000000e+00	0.000000e+00	7.690222e-04	2.170270e-08	8.974563e-03	5.302231e+06	1.496351e+02	6.187754e+07	
1.450000e+00	7.032012e+09	5.101523e+09	7.642068e+00	9.424778e+00	1.752086e+00	2.292686e-01	3.470812e-01	0.000000e+00	0.000000e+00	0.000000e+00	7.866041e-04	2.295162e-08	9.138009e-03	5.531410e+06	1.613960e+02	6.425859e+07	
1.500000e+00	7.166164e+09	5.353011e+09	7.721578e+00	9.424778e+00	1.770315e+00	2.292686e-01	3.486103e-01	0.000000e+00	0.000000e+00	0.000000e+00	8.039183e-04	2.421187e-08	9.295874e-03	5.761011e+06	1.735062e+02	6.661576e+07	
1.550000e+00	7.297400e+09	5.606387e+09	7.797184e+00	9.424778e+00	1.787650e+00	2.292686e-01	3.500819e-01	0.000000e+00	0.000000e+00	0.000000e+00	8.209857e-04	2.547958e-08	9.448409e-03	5.991060e+06	1.859347e+02	6.894882e+07	
1.600000e+00	7.425879e+09	6.205333e+09	7.869158e+00	9.424778e+00	1.804151e+00	2.292686e-01	3.542667e-01	0.000000e+00	0.000000e+00	0.000000e+00	8.378260e-04	2.675149e-08	9.595852e-03	6.221595e+06	1.986534e+02	7.125764e+07	
1.650000e+00	7.552842e+09	6.726068e+09	7.938891e+00	9.424778e+00	1.820139e+00	2.292686e-01	3.569418e-01	0.000000e+00	0.000000e+00	0.000000e+00	8.551369e-04	2.808897e-08	9.738115e-03	6.458714e+06	2.121515e+02	7.355045e+07	
1.700000e+00	7.677815e+09	7.221432e+09	8.005946e+00	9.424778e+00	1.835512e+00	2.292686e-01	3.593717e-01	0.000000e+00	0.000000e+00	0.000000e+00	8.728562e-04	2.943246e-08	9.875574e-03	6.701629e+06	2.259770e+02	7.582283e+07	
1.750000e+00	7.800837e+09	7.453911e+09	8.070427e+00	9.424778e+00	1.850296e+00	2.292686e-01	3.522421e-01	0.000000e+00	0.000000e+00	0.000000e+00	8.908949e-04	3.077953e-08	1.000852e-02	6.949726e+06	2.401061e+02	7.807487e+07	
1.800000e+00	7.918177e+09	7.978915e+09	8.128564e+00	9.424778e+00	1.863625e+00	2.292686e-01	3.567939e-01	0.000000e+00	0.000000e+00	0.000000e+00	9.089448e-04	3.188678e-08	1.013731e-02	7.197186e+06	2.524851e+02	8.026899e+07	
1.850000e+00	8.034818e+09	8.870557e+09	8.185578e+00	9.424778e+00	1.876696e+00	2.292686e-01	3.637537e-01	0.000000e+00	0.000000e+00	0.000000e+00	9.273429e-04	3.300612e-08	1.026175e-02	7.451031e+06	2.651981e+02	8.245132e+07	
1.900000e+00	8.151819e+09	9.415772e+09	8.242566e+00	9.424778e+00	1.889762e+00	2.292686e-01	3.667831e-01	0.000000e+00	0.000000e+00	0.000000e+00	9.466943e-04	3.424903e-08	1.038192e-02	7.717281e+06	2.791919e+02	8.463153e+07	
1.950000e+00	8.267604e+09	9.970700e+09	8.297944e+00	9.424778e+00	1.902458e+00	2.292686e-01	3.695544e-01	0.000000e+00	0.000000e+00	0.000000e+00	9.663959e-04	3.550960e-08	1.049841e-02	7.989778e+06	2.935793e+02	8.679672e+07	
2.000000e+00	8.382150e+09	1.023356e+10	8.351724e+00	9.424778e+00	1.914788e+00	2.292686e-01	3.705153e-01	0.000000e+00	0.000000e+00	0.000000e+00	9.864570e-04	3.678247e-08	1.061144e-02	8.268630e+06	3.083162e+02	8.894672e+07	
2.050000e+00	8.494785e+09	1.096699e+10	8.403276e+00	9.424778e+00	1.926608e+00	2.292686e-01	3.741535e-01	0.000000e+00	0.000000e+00	0.000000e+00	1.006241e-03	3.803805e-08	1.072139e-02	8.547798e+06	3.231251e+02	9.107590e+07	
2.100000e+00	8.606735e+09	1.123124e+10	8.453850e+00	9.424778e+00	1.938203e+00	2.292686e-01	3.748272e-01	0.000000e+00	0.000000e+00	0.000000e+00	1.026753e-03	3.932862e-08	1.082805e-02	8.836993e+06	3.384910e+02	9.319418e+07	
2.150000e+00	8.716808e+09	1.167802e+10	8.502302e+00	9.424778e+00	1.949311e+00	2.292686e-01	3.771863e-01	0.000000e+00	0.000000e+00	0.000000e+00	1.046995e-03	4.060605e-08	1.093193e-02	9.126455e+06	3.539551e+02	9.529150e+07	
2.200000e+00	8.825814e+09	1.194403e+10	8.549459e+00	9.424778e+00	1.960123e+00	2.292686e-01	3.777040e-01	0.000000e+00	0.000000e+00	0.000000e+00	1.067204e-03	4.191622e-08	1.103300e-02	9.418945e+06	3.699448e+02	9.737523e+07	
2.250000e+00	8.933032e+09	1.256446e+10	8.594653e+00	9.424778e+00	1.970484e+00	2.292686e-01	3.803345e-01	0.000000e+00	0.000000e+00	0.000000e+00	1.087188e-03	4.320051e-08	1.113150e-02	9.711882e+06	3.859116e+02	9.943804e+07	
2.300000e+00	9.039456e+09	1.283194e+10	8.638871e+00	9.424778e+00	1.980622e+00	2.292686e-01	3.807441e-01	0.000000e+00	0.000000e+00	0.000000e+00	1.107622e-03	4.450049e-08	1.122732e-02	1.001230e+07	4.022603e+02	1.014889e+08	
2.350000e+00	9.144181e+09	1.310055e+10	8.681270e+00	9.424778e+00	1.990343e+00	2.292686e-01	3.811701e-01	0.000000e+00	0.000000e+00	0.000000e+00	1.127846e-03	4.576944e-08	1.132078e-02	1.031323e+07	4.185240e+02	1.035192e+08	
2.400000e+00	9.247291e+09	1.377212e+10	8.721967e+00	9.424778e+00	1.999673e+00	2.292686e-01	3.852690e-01	0.000000e+00	0.000000e+00	0.000000e+00	1.147877e-03	4.700909e-08	1.141191e-02	1.061476e+07	4.347067e+02	1.055293e+08	
2.450000e+00	9.350463e+09	1.404138e+10	8.762562e+00	9.424778e+00	2.008980e+00	2.292686e-01	3.854318e-01	0.000000e+00	0.000000e+00	0.000000e+00	1.168295e-03	4.834019e-08	1.150060e-02	1.092410e+07	4.520032e+02	1.075359e+08	
2.500000e+00	9.451993e+09	1.404161e+10	8.801469e+00	9.424778e+00	2.017901e+00	2.292686e-01	3.832070e-01	0.000000e+00	0.000000e+00	0.000000e+00	1.188539e-03	4.962316e-08	1.158721e-02	1.123406e+07	4.690378e+02	1.095222e+08	
2.550000e+00	9.550903e+09	1.431397e+10	8.837811e+00	9.424778e+00	2.026233e+00	2.292686e-01	3.836499e-01	0.000000e+00	0.000000e+00	0.000000e+00	1.208254e-03	5.078066e-08	1.167182e-02	1.153992e+07	4.850012e+02	1.114764e+08	
2.600000e+00	9.648471e+09	1.458721e+10	8.872812e+00	9.424778e+00	2.034257e+00	2.292686e-01	3.840978e-01	0.000000e+00	0.000000e+00	0.000000e+00	1.227832e-03	5.191494e-08	1.175437e-02	1.184671e+07	5.008998e+02	1.134117e+08	
2.650000e+00	9.744758e+09	1.528215e+10	8.906548e+00	9.424778e+00	2.041992e+00	2.292686e-01	3.889091e-01	0.000000e+00	0.000000e+00	0.000000e+00	1.247285e-03	5.302686e-08	1.183492e-02	1.215449e+07	5.167339e+02	1.153284e+08	
2.700000e+00	9.841761e+09	1.582727e+10	8.940855e+00	9.424778e+00	2.049858e+00	2.292686e-01	3.908909e-01	0.000000e+00	0.000000e+00	0.000000e+00	1.267137e-03	5.427985e-08	1.191330e-02	1.247086e+07	5.342093e+02	1.172479e+08	
2.750000e+00	9.938210e+09	1.605679e+10	8.974573e+00	9.424778e+00	2.057588e+00	2.292686e-01	3.909049e-01	0.000000e+00	0.000000e+00	0.000000e+00	1.287212e-03	5.552506e-08	1.198987e-02	1.279258e+07	5.518197e+02	1.191579e+08	
2.800000e+00	1.003325e+10	1.633105e+10	9.006945e+00	9.424778e+00	2.065010e+00	2.292686e-01	3.909886e-01	0.000000e+00	0.000000e+00	0.000000e+00	1.307011e-03	5.672138e-08	1.206481e-02	1.311357e+07	5.690999e+02	1.210493e+08	
2.850000e+00	1.012697e+10	1.701100e+10	9.038070e+00	9.424778e+00	2.072146e+00	2.292686e-01	3.937689e-01	0.000000e+00	0.000000e+00	0.000000e+00	1.326716e-03	5.787193e-08	1.213810e-02	1.343562e+07	5.860674e+02	1.229222e+08	
2.900000e+00	1.022065e+10	1.768298e+10	9.069096e+00	9.424778e+00	2.079259e+00	2.292686e-01	3.960279e-01	0.000000e+00	0.000000e+00	0.000000e+00	1.346942e-03	5.904645e-08	1.220966e-02	1.376661e+07	6.034928e+02	1.247906e+08	
2.950000e+00	1.031405e+10	1.801689e+10	9.099826e+00	9.424778e+00	2.086305e+00	2.292686e-01	3.961305e-01	0.000000e+00	0.000000e+00	0.000000e+00	1.367714e-03	6.022074e-08	1.227961e-02	1.410667e+07	6.211196e+02	1.266525e+08	
3.000000e+00	1.040622e+10	1.829254e+10	9.129419e+00	9.424778e+00	2.093089e+00	2.292686e-01	3.961242e-01	0.000000e+00	0.000000e+00	0.000000e+00	1.388529e-03	6.134753e-08	1.234812e-02	1.444933e+07	6.383957e+02	1.284972e+08	
3.050000e+00	1.049715e+10	1.856903e+10	9.157889e+00	9.424778e+00	2.099617e+00	2.292686e-01	3.961641e-01	0.000000e+00	0.000000e+00	0.000000e+00	1.409233e-03	6.243134e-08	1.241523e-02	1.479293e+07	6.553510e+02	1.303245e+08	
3.100000e+00	1.058691e+10	1.910289e+10	9.185313e+00	9.424778e+00	2.105904e+00	2.292686e-01	3.979917e-01	0.000000e+00	0.000000e+00	0.000000e+00	1.429832e-03	6.347659e-08	1.248096e-02	1.513751e+07	6.720212e+02	1.321348e+08	
3.150000e+00	1.067638e+10	1.917759e+10	9.212452e+00	9.424778e+00	2.112126e+00	2.292686e-01	3.974389e-01	0.000000e+00	0.000000e+00	0.000000e+00	1.450643e-03	6.452922e-08	1.254525e-02	1.548761e+07	6.889382e+02	1.339378e+08	
3.200000e+00	1.076446e+10	1.945589e+10	9.238381e+00	9.424778e+00	2.118071e+00	2.292686e-01	3.975062e-01	0.000000e+00	0.000000e+00	0.000000e+00	1.470858e-03	6.554129e-08	1.260828e-02	1.583298e+07	7.055163e+02	1.357213e+08	
3.250000e+00	1.085149e+10	1.973490e+10	9.263404e+00	9.424778e+00	2.123808e+00	2.292686e-01	3.976053e-01	0.000000e+00	0.000000e+00	0.000000e+00	1.490999e-03	6.651962e-08	1.267002e-02	1.617955e+07	7.218368e+02	1.374886e+08	
3.300000e+00	1.093752e+10	2.001458e+10	9.287579e+00	9.424778e+00	2.129350e+00	2.292686e-01	3.977321e-01	0.000000e+00	0.000000e+00	0.000000e+00	1.511067e-03	6.746725e-08	1.273050e-02	1.652734e+07	7.379247e+02	1.392402e+08	
3.350000e+00	1.102262e+10	2.029490e+10	9.310957e+00	9.424778e+00	2.134710e+00	2.292686e-01	3.978826e-01	0.000000e+00	0.000000e+00	0.000000e+00	1.531066e-03	6.838683e-08	1.278974e-02	1.687635e+07	7.538017e+02	1.409764e+08	
3.400000e+00	1.110680e+10	2.057581e+10	9.333586e+00	9.424778e+00	2.139898e+00	2.292686e-01	3.980537e-01	0.000000e+00	0.000000e+00	0.000000e+00	1.550994e-03	6.928064e-08	1.284777e-02	1.722658e+07	7.694865e+02	1.426976e+08	
3.450000e+00	1.119013e+10	2.085730e+10	9.355510e+00	9.424778e+00	2.144925e+00	2.292686e-01	3.982426e-01	0.000000e+00	0.000000e+00	0.000000e+00	1.570852e-03	7.015066e-08	1.290460e-02	1.757804e+07	7.849951e+02	1.444042e+08	
3.500000e+00	1.127264e+10	2.156015e+10	9.376769e+00	9.424778e+00	2.149799e+00	2.292686e-01	4.008551e-01	0.000000e+00	0.000000e+00	0.000000e+00	1.590640e-03	7.099861e-08	1.296028e-02	1.793070e+07	8.003416e+02	1.460965e+08	
3.550000e+00	1.135548e+10	2.184166e+10	9.398336e+00	9.424778e+00	2.154743e+00	2.292686e-01	4.009412e-01	0.000000e+00	0.000000e+00	0.000000e+00	1.610955e-03	7.187886e-08	1.301474e-02	1.829317e+07	8.162193e+02	1.477887e+08	
3.600000e+00	1.143748e+10	2.221842e+10	9.419219e+00	9.424778e+00	2.159531e+00	2.292686e-01	4.013730e-01	0.000000e+00	0.000000e+00	0.000000e+00	1.631185e-03	7.273218e-08	1.306815e-02	1.865664e+07	8.318727e+02	1.494667e+08	
3.650000e+00	1.151881e+10	2.324070e+10	9.439584e+00	9.424778e+00	2.164200e+00	2.292686e-01	4.036470e-01	0.000000e+00	0.000000e+00	0.000000e+00	1.651519e-03	7.356396e-08	1.312055e-02	1.902353e+07	8.473693e+02	1.511331e+08	
3.700000e+00	1.160037e+10	2.352275e+10	9.460164e+00	9.424778e+00	2.168919e+00	2.292686e-01	4.037189e-01	0.000000e+00	0.000000e+00	0.000000e+00	1.673376e-03	7.438611e-08	1.317192e-02	1.941179e+07	8.629067e+02	1.527991e+08	
3.750000e+00	1.168112e+10	2.355439e+10	9.480104e+00	9.424778e+00	2.173490e+00	2.292686e-01	4.030714e-01	0.000000e+00	0.000000e+00	0.000000e+00	1.695075e-03	7.518489e-08	1.322235e-02	1.980038e+07	8.782437e+02	1.544519e+08	
3.800000e+00	1.176074e+10	2.365357e+10	9.499160e+00	9.424778e+00	2.177859e+00	2.292686e-01	4.028416e-01	0.000000e+00	0.000000e+00	0.000000e+00	1.716086e-03	7.595708e-08	1.327186e-02	2.018243e+07	8.933113e+02	1.560868e+08	
3.850000e+00	1.183946e+10	2.426956e+10	9.517529e+00	9.424778e+00	2.182071e+00	2.292686e-01	4.049557e-01	0.000000e+00	0.000000e+00	0.000000e+00	1.736509e-03	7.670981e-08	1.332045e-02	2.055933e+07	9.082026e+02	1.577070e+08	
3.900000e+00	1.191843e+10	2.435984e+10	9.536133e+00	9.424778e+00	2.186336e+00	2.292686e-01	4.042953e-01	0.000000e+00	0.000000e+00	0.000000e+00	1.757185e-03	7.748279e-08	1.336813e-02	2.094288e+07	9.234730e+02	1.593270e+08	
3.950000e+00	1.199631e+10	2.503465e+10	9.553911e+00	9.424778e+00	2.190412e+00	2.292686e-01	4.055948e-01	0.000000e+00	0.000000e+00	0.000000e+00	1.777415e-03	7.822574e-08	1.341493e-02	2.132243e+07	9.384204e+02	1.609297e+08	
4.000000e+00	1.207409e+10	2.652075e+10	9.571639e+00	9.424778e+00	2.194476e+00	2.292686e-01	4.091150e-01	0.000000e+00	0.000000e+00	0.000000e+00	1.798336e-03	7.895848e-08	1.346089e-02	2.171326e+07	9.533514e+02	1.625279e+08	
4.050000e+00	1.215281e+10	2.723484e+10	9.590159e+00	9.424778e+00	2.198722e+00	2.292686e-01	4.100446e-01	0.000000e+00	0.000000e+00	0.000000e+00	1.821652e-03	7.969813e-08	1.350599e-02	2.213820e+07	9.685565e+02	1.641358e+08	
4.100000e+00	1.223123e+10	2.788105e+10	9.608462e+00	9.424778e+00	2.202919e+00	2.292686e-01	4.108849e-01	0.000000e+00	0.000000e+00	0.000000e+00	1.845738e-03	8.041816e-08	1.355036e-02	2.257564e+07	9.836129e+02	1.657375e+08	
4.150000e+00	1.230930e+10	2.816461e+10	9.626525e+00	9.424778e+00	2.207060e+00	2.292686e-01	4.108858e-01	0.000000e+00	0.000000e+00	0.000000e+00	1.870369e-03	8.112063e-08	1.359405e-02	2.302292e+07	9.985379e+02	1.673332e+08	
4.200000e+00	1.238663e+10	2.815044e+10	9.644043e+00	9.424778e+00	2.211076e+00	2.292686e-01	4.092483e-01	0.000000e+00	0.000000e+00	0.000000e+00	1.894686e-03	8.180468e-08	1.363707e-02	2.346877e+07	1.013284e+03	1.689172e+08	
4.250000e+00	1.246245e+10	2.885386e+10	9.660426e+00	9.424778e+00	2.214833e+00	2.292686e-01	4.109709e-01	0.000000e+00	0.000000e+00	0.000000e+00	1.918307e-03	8.243298e-08	1.367939e-02	2.390681e+07	1.027317e+03	1.704787e+08	
4.300000e+00	1.253843e+10	2.913882e+10	9.676976e+00	9.424778e+00	2.218627e+00	2.292686e-01	4.110437e-01	0.000000e+00	0.000000e+00	0.000000e+00	1.942326e-03	8.307150e-08	1.372100e-02	2.435372e+07	1.041586e+03	1.720398e+08	
4.350000e+00	1.261378e+10	2.942422e+10	9.693071e+00	9.424778e+00	2.222317e+00	2.292686e-01	4.111285e-01	0.000000e+00	0.000000e+00	0.000000e+00	1.966032e-03	8.369764e-08	1.376195e-02	2.479908e+07	1.055743e+03	1.735902e+08	
4.400000e+00	1.268850e+10	3.006351e+10	9.708735e+00	9.424778e+00	2.225908e+00	2.292686e-01	4.119256e-01	0.000000e+00	0.000000e+00	0.000000e+00	1.989430e-03	8.431212e-08	1.380226e-02	2.524288e+07	1.069794e+03	1.751300e+08	
4.450000e+00	1.276297e+10	3.048893e+10	9.724249e+00	9.424778e+00	2.229465e+00	2.292686e-01	4.112219e-01	0.000000e+00	0.000000e+00	0.000000e+00	2.013327e-03	8.491614e-08	1.384195e-02	2.569603e+07	1.083782e+03	1.766644e+08	
4.500000e+00	1.283646e+10	3.034862e+10	9.739065e+00	9.424778e+00	2.232862e+00	2.292686e-01	4.104097e-01	0.000000e+00	0.000000e+00	0.000000e+00	2.037500e-03	8.547122e-08	1.388098e-02	2.615429e+07	1.097148e+03	1.781828e+08	
4.550000e+00	1.290896e+10	3.107758e+10	9.753171e+00	9.424778e+00	2.236096e+00	2.292686e-01	4.131512e-01	0.000000e+00	0.000000e+00	0.000000e+00	2.060435e-03	8.601768e-08	1.391937e-02	2.659807e+07	1.110399e+03	1.796845e+08	
4.600000e+00	1.298221e+10	3.107819e+10	9.767901e+00	9.424778e+00	2.239473e+00	2.292686e-01	4.122182e-01	0.000000e+00	0.000000e+00	0.000000e+00	2.083561e-03	8.661753e-08	1.395703e-02	2.704922e+07	1.124487e+03	1.811931e+08	
4.650000e+00	1.305441e+10	3.149944e+10	9.781883e+00	9.424778e+00	2.242679e+00	2.292686e-01	4.129058e-01	0.000000e+00	0.000000e+00	0.000000e+00	2.105859e-03	8.719366e-08	1.399409e-02	2.749074e+07	1.138261e+03	1.826846e+08	
4.700000e+00	1.312637e+10	3.219148e+10	9.795740e+00	9.424778e+00	2.245856e+00	2.292686e-01	4.139773e-01	0.000000e+00	0.000000e+00	0.000000e+00	2.128015e-03	8.776606e-08	1.403049e-02	2.793310e+07	1.152049e+03	1.841693e+08	
4.750000e+00	1.319829e+10	3.241051e+10	9.809615e+00	9.424778e+00	2.249037e+00	2.292686e-01	4.139489e-01	0.000000e+00	0.000000e+00	0.000000e+00	2.150668e-03	8.833180e-08	1.406635e-02	2.838513e+07	1.165828e+03	1.856518e+08	
4.800000e+00	1.326963e+10	3.231159e+10	9.823109e+00	9.424778e+00	2.252131e+00	2.292686e-01	4.073712e-01	0.000000e+00	0.000000e+00	0.000000e+00	2.172822e-03	8.888763e-08	1.410169e-02	2.883253e+07	1.179506e+03	1.871241e+08	
4.850000e+00	1.333719e+10	3.276435e+10	9.833864e+00	9.424778e+00	2.254596e+00	2.292686e-01	4.086656e-01	0.000000e+00	0.000000e+00	0.000000e+00	2.194182e-03	8.916162e-08	1.413645e-02	2.926421e+07	1.189165e+03	1.885404e+08	
4.900000e+00	1.340494e+10	3.355000e+10	9.844832e+00	9.424778e+00	2.257111e+00	2.292686e-01	4.101697e-01	0.000000e+00	0.000000e+00	0.000000e+00	2.215440e-03	8.947602e-08	1.417050e-02	2.969784e+07	1.199421e+03	1.899547e+08	
4.950000e+00	1.347298e+10	3.424179e+10	9.856077e+00	9.424778e+00	2.259689e+00	2.292686e-01	4.113293e-01	0.000000e+00	0.000000e+00	0.000000e+00	2.237154e-03	8.981818e-08	1.420387e-02	3.014115e+07	1.210119e+03	1.913685e+08	
5.000000e+00	1.354114e+10	3.519746e+10	9.867466e+00	9.424778e+00	2.262300e+00	2.292686e-01	4.154484e-01	0.000000e+00	0.000000e+00	0.000000e+00	2.259060e-03	9.018030e-08	1.423657e-02	3.059025e+07	1.221144e+03	1.927794e+08	
5.050000e+00	1.361086e+10	3.577627e+10	9.880052e+00	9.424778e+00	2.265186e+00	2.292686e-01	4.138957e-01	0.000000e+00	0.000000e+00	0.000000e+00	2.281437e-03	9.068062e-08	1.426878e-02	3.105232e+07	1.234241e+03	1.942104e+08	
5.100000e+00	1.367930e+10	3.645257e+10	9.891761e+00	9.424778e+00	2.267870e+00	2.292686e-01	4.144561e-01	0.000000e+00	0.000000e+00	0.000000e+00	2.303939e-03	9.111712e-08	1.430037e-02	3.151628e+07	1.246419e+03	1.956191e+08	
5.150000e+00	1.374755e+10	3.799376e+10	9.903381e+00	9.424778e+00	2.270535e+00	2.292686e-01	4.222148e-01	0.000000e+00	0.000000e+00	0.000000e+00	2.326390e-03	9.155647e-08	1.433135e-02	3.198215e+07	1.258677e+03	1.970208e+08	
5.200000e+00	1.381916e+10	3.881596e+10	9.917473e+00	9.424778e+00	2.273765e+00	2.292686e-01	4.227637e-01	0.000000e+00	0.000000e+00	0.000000e+00	2.349635e-03	9.221242e-08	1.436148e-02	3.246997e+07	1.274298e+03	1.984635e+08	
5.250000e+00	1.389047e+10	3.956835e+10	9.931386e+00	9.424778e+00	2.276955e+00	2.292686e-01	4.233344e-01	0.000000e+00	0.000000e+00	0.000000e+00	2.372990e-03	9.284873e-08	1.439125e-02	3.296195e+07	1.289713e+03	1.999013e+08	
5.300000e+00	1.396151e+10	3.985521e+10	9.945136e+00	9.424778e+00	2.280108e+00	2.292686e-01	4.231134e-01	0.000000e+00	0.000000e+00	0.000000e+00	2.396666e-03	9.345736e-08	1.442076e-02	3.346108e+07	1.304806e+03	2.013356e+08	
5.350000e+00	1.403188e+10	4.014254e+10	9.958449e+00	9.424778e+00	2.283160e+00	2.292686e-01	4.229426e-01	0.000000e+00	0.000000e+00	0.000000e+00	2.419671e-03	9.403881e-08	1.444998e-02	3.395253e+07	1.319541e+03	2.027603e+08	
5.400000e+00	1.410163e+10	4.023123e+10	9.971359e+00	9.424778e+00	2.286120e+00	2.292686e-01	4.225530e-01	0.000000e+00	0.000000e+00	0.000000e+00	2.442021e-03	9.459740e-08	1.447888e-02	3.443648e+07	1.333978e+03	2.041759e+08	
5.450000e+00	1.417067e+10	4.023078e+10	9.983805e+00	9.424778e+00	2.288973e+00	2.292686e-01	4.216872e-01	0.000000e+00	0.000000e+00	0.000000e+00	2.463410e-03	9.513713e-08	1.450748e-02	3.490816e+07	1.348157e+03	2.055806e+08	
5.500000e+00	1.423877e+10	4.087098e+10	9.995635e+00	9.424778e+00	2.291685e+00	2.292686e-01	4.220250e-01	0.000000e+00	0.000000e+00	0.000000e+00	2.483677e-03	9.565516e-08	1.453568e-02	3.536451e+07	1.362012e+03	2.069702e+08	
5.550000e+00	1.430656e+10	4.082789e+10	1.000729e+01	9.424778e+00	2.294358e+00	2.292686e-01	4.183404e-01	0.000000e+00	0.000000e+00	0.000000e+00	2.503737e-03	9.615753e-08	1.456345e-02	3.581987e+07	1.375684e+03	2.083529e+08	
5.600000e+00	1.437204e+10	4.166416e+10	1.001738e+01	9.424778e+00	2.296671e+00	2.292686e-01	4.194233e-01	0.000000e+00	0.000000e+00	0.000000e+00	2.522951e-03	9.648914e-08	1.459087e-02	3.625996e+07	1.386746e+03	2.097007e+08	
5.650000e+00	1.443766e+10	4.254888e+10	1.002762e+01	9.424778e+00	2.299018e+00	2.292686e-01	4.203054e-01	0.000000e+00	0.000000e+00	0.000000e+00	2.542481e-03	9.683774e-08	1.461787e-02	3.670747e+07	1.398110e+03	2.110477e+08	
5.700000e+00	1.450330e+10	4.258706e+10	1.003793e+01	9.424778e+00	2.301381e+00	2.292686e-01	4.201725e-01	0.000000e+00	0.000000e+00	0.000000e+00	2.562321e-03	9.719128e-08	1.464440e-02	3.716210e+07	1.409594e+03	2.123921e+08	
5.750000e+00	1.456845e+10	4.287824e+10	1.004795e+01	9.424778e+00	2.303679e+00	2.292686e-01	4.204169e-01	0.000000e+00	0.000000e+00	0.000000e+00	2.581024e-03	9.755536e-08	1.467053e-02	3.760152e+07	1.421231e+03	2.137269e+08	
5.800000e+00	1.463333e+10	4.336168e+10	1.005783e+01	9.424778e+00	2.305945e+00	2.292686e-01	4.243957e-01	0.000000e+00	0.000000e+00	0.000000e+00	2.599114e-03	9.792669e-08	1.469628e-02	3.803368e+07	1.432993e+03	2.150555e+08	
5.850000e+00	1.469980e+10	4.406218e+10	1.006886e+01	9.424778e+00	2.308474e+00	2.292686e-01	4.250922e-01	0.000000e+00	0.000000e+00	0.000000e+00	2.616421e-03	9.844914e-08	1.472138e-02	3.846086e+07	1.447183e+03	2.164013e+08	
5.900000e+00	1.476618e+10	4.421391e+10	1.007987e+01	9.424778e+00	2.310997e+00	2.292686e-01	4.248254e-01	0.000000e+00	0.000000e+00	0.000000e+00	2.633965e-03	9.895063e-08	1.474627e-02	3.889361e+07	1.461123e+03	2.177461e+08	
5.950000e+00	1.483199e+10	4.517294e+10	1.009053e+01	9.424778e+00	2.313441e+00	2.292686e-01	4.254947e-01	0.000000e+00	0.000000e+00	0.000000e+00	2.650804e-03	9.943395e-08	1.477093e-02	3.931670e+07	1.474803e+03	2.190822e+08	
6.000000e+00	1.489770e+10	4.559383e+10	1.010116e+01	9.424778e+00	2.315880e+00	2.292686e-01	4.255227e-01	0.000000e+00	0.000000e+00	0.000000e+00	2.667874e-03	9.989822e-08	1.479525e-02	3.974520e+07	1.488254e+03	2.204153e+08	
6.050000e+00	1.496300e+10	4.588429e+10	1.011157e+01	9.424778e+00	2.318265e+00	2.292686e-01	4.254786e-01	0.000000e+00	0.000000e+00	0.000000e+00	2.684386e-03	1.003477e-07	1.481926e-02	4.016647e+07	1.501502e+03	2.217406e+08	
6.100000e+00	1.502786e+10	4.663195e+10	1.012171e+01	9.424778e+00	2.320591e+00	2.292686e-01	4.278772e-01	0.000000e+00	0.000000e+00	0.000000e+00	2.700319e-03	1.007848e-07	1.484299e-02	4.058002e+07	1.514580e+03	2.230585e+08	
6.150000e+00	1.509353e+10	4.719463e+10	1.013245e+01	9.424778e+00	2.323052e+00	2.292686e-01	4.279943e-01	0.000000e+00	0.000000e+00	0.000000e+00	2.716168e-03	1.012609e-07	1.486638e-02	4.099656e+07	1.528384e+03	2.243862e+08	
6.200000e+00	1.515882e+10	4.693051e+10	1.014297e+01	9.424778e+00	2.325464e+00	2.292686e-01	4.254296e-01	0.000000e+00	0.000000e+00	0.000000e+00	2.731826e-03	1.017189e-07	1.488952e-02	4.141127e+07	1.541940e+03	2.257077e+08	
6.250000e+00	1.522240e+10	4.657809e+10	1.015238e+01	9.424778e+00	2.327623e+00	2.292686e-01	4.113755e-01	0.000000e+00	0.000000e+00	0.000000e+00	2.746106e-03	1.021156e-07	1.491230e-02	4.180231e+07	1.554445e+03	2.270009e+08	
6.300000e+00	1.527846e+10	4.707472e+10	1.015685e+01	9.424778e+00	2.328646e+00	2.292686e-01	4.154810e-01	0.000000e+00	0.000000e+00	0.000000e+00	2.759322e-03	1.022642e-07	1.493495e-02	4.215819e+07	1.562440e+03	2.281830e+08	
6.350000e+00	1.533642e+10	4.737060e+10	1.016265e+01	9.424778e+00	2.329977e+00	2.292686e-01	4.177029e-01	0.000000e+00	0.000000e+00	0.000000e+00	2.772244e-03	1.023609e-07	1.495698e-02	4.251630e+07	1.569849e+03	2.293865e+08	
6.400000e+00	1.539528e+10	4.793891e+10	1.016911e+01	9.424778e+00	2.331458e+00	2.292686e-01	4.194024e-01	0.000000e+00	0.000000e+00	0.000000e+00	2.784660e-03	1.024641e-07	1.497857e-02	4.287060e+07	1.577463e+03	2.305992e+08	
6.450000e+00	1.545473e+10	4.939205e+10	1.017603e+01	9.424778e+00	2.333044e+00	2.292686e-01	4.214798e-01	0.000000e+00	0.000000e+00	0.000000e+00	2.796726e-03	1.025946e-07	1.499970e-02	4.322265e+07	1.585572e+03	2.318165e+08	
6.500000e+00	1.551497e+10	4.962575e+10	1.018351e+01	9.424778e+00	2.334760e+00	2.292686e-01	4.222067e-01	0.000000e+00	0.000000e+00	0.000000e+00	2.809550e-03	1.027584e-07	1.502036e-02	4.359008e+07	1.594293e+03	2.330405e+08	
6.550000e+00	1.557527e+10	4.991986e+10	1.019110e+01	9.424778e+00	2.336499e+00	2.292686e-01	4.228209e-01	0.000000e+00	0.000000e+00	0.000000e+00	2.821727e-03	1.029536e-07	1.504072e-02	4.394916e+07	1.603530e+03	2.342633e+08	
6.600000e+00	1.563558e+10	4.990668e+10	1.019874e+01	9.424778e+00	2.338250e+00	2.292686e-01	4.223928e-01	0.000000e+00	0.000000e+00	0.000000e+00	2.833375e-03	1.031718e-07	1.506079e-02	4.430146e+07	1.613151e+03	2.354842e+08	
6.650000e+00	1.569536e+10	5.038339e+10	1.020609e+01	9.424778e+00	2.339935e+00	2.292686e-01	4.241487e-01	0.000000e+00	0.000000e+00	0.000000e+00	2.844050e-03	1.033997e-07	1.508052e-02	4.463841e+07	1.622896e+03	2.366943e+08	
6.700000e+00	1.575575e+10	5.144125e+10	1.021387e+01	9.424778e+00	2.341721e+00	2.292686e-01	4.254851e-01	0.000000e+00	0.000000e+00	0.000000e+00	2.854381e-03	1.036724e-07	1.509992e-02	4.497290e+07	1.633436e+03	2.379105e+08	
6.750000e+00	1.581650e+10	5.216793e+10	1.022195e+01	9.424778e+00	2.343572e+00	2.292686e-01	4.268765e-01	0.000000e+00	0.000000e+00	0.000000e+00	2.865313e-03	1.039577e-07	1.511903e-02	4.531922e+07	1.644247e+03	2.391301e+08	
6.800000e+00	1.587764e+10	5.309222e+10	1.023032e+01	9.424778e+00	2.345491e+00	2.292686e-01	4.311877e-01	0.000000e+00	0.000000e+00	0.000000e+00	2.876461e-03	1.042592e-07	1.513796e-02	4.567141e+07	1.655390e+03	2.403550e+08	
6.850000e+00	1.594065e+10	5.347434e+10	1.023993e+01	9.424778e+00	2.347695e+00	2.292686e-01	4.334621e-01	0.000000e+00	0.000000e+00	0.000000e+00	2.887513e-03	1.046885e-07	1.515643e-02	4.602882e+07	1.668802e+03	2.416033e+08	
6.900000e+00	1.600443e+10	5.418422e+10	1.025008e+01	9.424778e+00	2.350022e+00	2.292686e-01	4.340004e-01	0.000000e+00	0.000000e+00	0.000000e+00	2.898043e-03	1.051696e-07	1.517468e-02	4.638153e+07	1.683179e+03	2.428621e+08	
6.950000e+00	1.606809e+10	5.447470e+10	1.026018e+01	9.424778e+00	2.352338e+00	2.292686e-01	4.337732e-01	0.000000e+00	0.000000e+00	0.000000e+00	2.908905e-03	1.056288e-07	1.519292e-02	4.674055e+07	1.697254e+03	2.441212e+08	
7.000000e+00	1.613124e+10	5.545487e+10	1.026998e+01	9.424778e+00	2.354584e+00	2.292686e-01	4.341690e-01	0.000000e+00	0.000000e+00	0.000000e+00	2.919327e-03	1.060684e-07	1.521109e-02	4.709236e+07	1.711014e+03	2.453737e+08	
7.050000e+00	1.619419e+10	5.587661e+10	1.027969e+01	9.424778e+00	2.356811e+00	2.292686e-01	4.352766e-01	0.000000e+00	0.000000e+00	0.000000e+00	2.929571e-03	1.064873e-07	1.522902e-02	4.744204e+07	1.724476e+03	2.466217e+08	
7.100000e+00	1.625733e+10	5.752241e+10	1.028955e+01	9.424778e+00	2.359072e+00	2.292686e-01	4.382374e-01	0.000000e+00	0.000000e+00	0.000000e+00	2.939484e-03	1.069447e-07	1.524694e-02	4.778816e+07	1.738635e+03	2.478747e+08	
7.150000e+00	1.632160e+10	5.781190e+10	1.030016e+01	9.424778e+00	2.361503e+00	2.292686e-01	4.378959e-01	0.000000e+00	0.000000e+00	0.000000e+00	2.950428e-03	1.074116e-07	1.526470e-02	4.815571e+07	1.753129e+03	2.491444e+08	
7.200000e+00	1.638528e+10	5.841919e+10	1.031041e+01	9.424778e+00	2.363854e+00	2.292686e-01	4.381554e-01	0.000000e+00	0.000000e+00	0.000000e+00	2.960925e-03	1.078539e-07	1.528242e-02	4.851558e+07	1.767216e+03	2.504067e+08	
7.250000e+00	1.644868e+10	5.884153e+10	1.032052e+01	9.424778e+00	2.366172e+00	2.292686e-01	4.392977e-01	0.000000e+00	0.000000e+00	0.000000e+00	2.971720e-03	1.082747e-07	1.530009e-02	4.888088e+07	1.780977e+03	2.516663e+08	
7.300000e+00	1.651228e+10	5.847731e+10	1.033078e+01	9.424778e+00	2.368524e+00	2.292686e-01	4.358416e-01	0.000000e+00	0.000000e+00	0.000000e+00	2.982167e-03	1.087404e-07	1.531778e-02	4.924236e+07	1.795551e+03	2.529314e+08	
7.350000e+00	1.657368e+10	5.922282e+10	1.033970e+01	9.424778e+00	2.370568e+00	2.292686e-01	4.361168e-01	0.000000e+00	0.000000e+00	0.000000e+00	2.991768e-03	1.090838e-07	1.533541e-02	4.958460e+07	1.807919e+03	2.541641e+08	
7.400000e+00	1.663487e+10	5.951463e+10	1.034852e+01	9.424778e+00	2.372590e+00	2.292686e-01	4.360264e-01	0.000000e+00	0.000000e+00	0.000000e+00	3.001097e-03	1.094162e-07	1.535281e-02	4.992287e+07	1.820125e+03	2.553920e+08	
7.450000e+00	1.669567e+10	6.023990e+10	1.035712e+01	9.424778e+00	2.374563e+00	2.292686e-01	4.363589e-01	0.000000e+00	0.000000e+00	0.000000e+00	3.010034e-03	1.097406e-07	1.537009e-02	5.025452e+07	1.832193e+03	2.566138e+08	
7.500000e+00	1.675629e+10	6.095025e+10	1.036565e+01	9.424778e+00	2.376519e+00	2.292686e-01	4.366615e-01	0.000000e+00	0.000000e+00	0.000000e+00	3.018869e-03	1.100558e-07	1.538720e-02	5.058504e+07	1.844126e+03	2.578324e+08	
7.550000e+00	1.681674e+10	6.140542e+10	1.037411e+01	9.424778e+00	2.378457e+00	2.292686e-01	4.367238e-01	0.000000e+00	0.000000e+00	0.000000e+00	3.027530e-03	1.103621e-07	1.540415e-02	5.091316e+07	1.855930e+03	2.590475e+08	
7.600000e+00	1.687688e+10	6.134142e+10	1.038241e+01	9.424778e+00	2.380360e+00	2.292686e-01	4.363284e-01	0.000000e+00	0.000000e+00	0.000000e+00	3.035838e-03	1.106607e-07	1.542092e-02	5.123547e+07	1.867607e+03	2.602570e+08	
7.650000e+00	1.693648e+10	6.306572e+10	1.039041e+01	9.424778e+00	2.382196e+00	2.292686e-01	4.383565e-01	0.000000e+00	0.000000e+00	0.000000e+00	3.043557e-03	1.109545e-07	1.543758e-02	5.154716e+07	1.879179e+03	2.614584e+08	
7.700000e+00	1.699683e+10	6.355603e+10	1.039891e+01	9.424778e+00	2.384143e+00	2.292686e-01	4.378948e-01	0.000000e+00	0.000000e+00	0.000000e+00	3.051864e-03	1.112465e-07	1.545395e-02	5.187201e+07	1.890838e+03	2.626681e+08	
7.750000e+00	1.705660e+10	6.384855e+10	1.040708e+01	9.424778e+00	2.386016e+00	2.292686e-01	4.378370e-01	0.000000e+00	0.000000e+00	0.000000e+00	3.059836e-03	1.115226e-07	1.547012e-02	5.219038e+07	1.902196e+03	2.638675e+08	
7.800000e+00	1.711601e+10	6.504756e+10	1.041506e+01	9.424778e+00	2.387847e+00	2.292686e-01	4.389713e-01	0.000000e+00	0.000000e+00	0.000000e+00	3.067436e-03	1.117939e-07	1.548617e-02	5.250227e+07	1.913466e+03	2.650615e+08	
7.850000e+00	1.717570e+10	6.533998e+10	1.042325e+01	9.424778e+00	2.389725e+00	2.292686e-01	4.389064e-01	0.000000e+00	0.000000e+00	0.000000e+00	3.075615e-03	1.120588e-07	1.550212e-02	5.282584e+07	1.924689e+03	2.662598e+08	
7.900000e+00	1.723503e+10	6.536003e+10	1.043125e+01	9.424778e+00	2.391559e+00	2.292686e-01	4.386418e-01	0.000000e+00	0.000000e+00	0.000000e+00	3.083412e-03	1.123194e-07	1.551796e-02	5.314270e+07	1.935828e+03	2.674526e+08	
7.950000e+00	1.729391e+10	6.588932e+10	1.043901e+01	9.424778e+00	2.393339e+00	2.292686e-01	4.333235e-01	0.000000e+00	0.000000e+00	0.000000e+00	3.090799e-03	1.125772e-07	1.553374e-02	5.345199e+07	1.946900e+03	2.686391e+08	
8.000000e+00	1.734970e+10	6.618479e+10	1.044495e+01	9.424778e+00	2.394700e+00	2.292686e-01	4.342269e-01	0.000000e+00	0.000000e+00	0.000000e+00	3.097821e-03	1.125902e-07	1.554942e-02	5.374627e+07	1.953406e+03	2.697779e+08	
8.050000e+00	1.740573e+10	6.648010e+10	1.045107e+01	9.424778e+00	2.396103e+00	2.292686e-01	4.348822e-01	0.000000e+00	0.000000e+00	0.000000e+00	3.104501e-03	1.126448e-07	1.556490e-02	5.403612e+07	1.960665e+03	2.709185e+08	
8.100000e+00	1.746186e+10	6.707896e+10	1.045729e+01	9.424778e+00	2.397529e+00	2.292686e-01	4.359189e-01	0.000000e+00	0.000000e+00	0.000000e+00	3.110855e-03	1.127294e-07	1.558018e-02	5.432132e+07	1.968465e+03	2.720590e+08	
8.150000e+00	1.751829e+10	6.697008e+10	1.046373e+01	9.424778e+00	2.399004e+00	2.292686e-01	4.359641e-01	0.000000e+00	0.000000e+00	0.000000e+00	3.117559e-03	1.128363e-07	1.559538e-02	5.461430e+07	1.976699e+03	2.732044e+08	
8.200000e+00	1.757448e+10	6.880161e+10	1.047006e+01	9.424778e+00	2.400456e+00	2.292686e-01	4.375642e-01	0.000000e+00	0.000000e+00	0.000000e+00	3.123795e-03	1.129626e-07	1.561046e-02	5.489907e+07	1.985259e+03	2.743457e+08	
8.250000e+00	1.763126e+10	6.949264e+10	1.047678e+01	9.424778e+00	2.401997e+00	2.292686e-01	4.381027e-01	0.000000e+00	0.000000e+00	0.000000e+00	3.130270e-03	1.131044e-07	1.562522e-02	5.519060e+07	1.994174e+03	2.754923e+08	
8.300000e+00	1.768806e+10	6.978707e+10	1.048354e+01	9.424778e+00	2.403547e+00	2.292686e-01	4.382960e-01	0.000000e+00	0.000000e+00	0.000000e+00	3.136478e-03	1.132610e-07	1.563978e-02	5.547820e+07	2.003367e+03	2.766374e+08	
8.350000e+00	1.774468e+10	7.052915e+10	1.049024e+01	9.424778e+00	2.405083e+00	2.292686e-01	4.396852e-01	0.000000e+00	0.000000e+00	0.000000e+00	3.142363e-03	1.134302e-07	1.565422e-02	5.576023e+07	2.012783e+03	2.777792e+08	
8.400000e+00	1.780178e+10	7.167051e+10	1.049725e+01	9.424778e+00	2.406690e+00	2.292686e-01	4.405392e-01	0.000000e+00	0.000000e+00	0.000000e+00	3.148563e-03	1.136168e-07	1.566855e-02	5.605002e+07	2.022580e+03	2.789281e+08	
8.450000e+00	1.785904e+10	7.294237e+10	1.050439e+01	9.424778e+00	2.408327e+00	2.292686e-01	4.423506e-01	0.000000e+00	0.000000e+00	0.000000e+00	3.154893e-03	1.138066e-07	1.568265e-02	5.634337e+07	2.032476e+03	2.800772e+08	
8.500000e+00	1.791698e+10	7.319537e+10	1.051195e+01	9.424778e+00	2.410061e+00	2.292686e-01	4.416178e-01	0.000000e+00	0.000000e+00	0.000000e+00	3.162238e-03	1.140045e-07	1.569670e-02	5.665774e+07	2.042616e+03	2.812373e+08	
8.550000e+00	1.797423e+10	7.487313e+10	1.051915e+01	9.424778e+00	2.411710e+00	2.292686e-01	4.426687e-01	0.000000e+00	0.000000e+00	0.000000e+00	3.168007e-03	1.142020e-07	1.571032e-02	5.694248e+07	2.052692e+03	2.823809e+08	
8.600000e+00	1.803175e+10	7.588322e+10	1.052653e+01	9.424778e+00	2.413402e+00	2.292686e-01	4.429129e-01	0.000000e+00	0.000000e+00	0.000000e+00	3.173634e-03	1.143958e-07	1.572362e-02	5.722618e+07	2.062755e+03	2.835243e+08	
8.650000e+00	1.808911e+10	7.688421e+10	1.053384e+01	9.424778e+00	2.415079e+00	2.292686e-01	4.434801e-01	0.000000e+00	0.000000e+00	0.000000e+00	3.178617e-03	1.145865e-07	1.573660e-02	5.749834e+07	2.072768e+03	2.846610e+08	
8.700000e+00	1.814648e+10	7.717752e+10	1.054119e+01	9.424778e+00	2.416764e+00	2.292686e-01	4.434905e-01	0.000000e+00	0.000000e+00	0.000000e+00	3.183446e-03	1.147758e-07	1.574940e-02	5.776833e+07	2.082777e+03	2.857962e+08	
8.750000e+00	1.820356e+10	7.737668e+10	1.054840e+01	9.424778e+00	2.418417e+00	2.292686e-01	4.435453e-01	0.000000e+00	0.000000e+00	0.000000e+00	3.187991e-03	1.149667e-07	1.576216e-02	5.803280e+07	2.092804e+03	2.869275e+08	
8.800000e+00	1.826040e+10	7.809158e+10	1.055549e+01	9.424778e+00	2.420044e+00	2.292686e-01	4.441302e-01	0.000000e+00	0.000000e+00	0.000000e+00	3.192536e-03	1.151598e-07	1.577493e-02	5.829698e+07	2.102864e+03	2.880565e+08	
8.850000e+00	1.831726e+10	7.886598e+10	1.056263e+01	9.424778e+00	2.421680e+00	2.292686e-01	4.473038e-01	0.000000e+00	0.000000e+00	0.000000e+00	3.197423e-03	1.153533e-07	1.578770e-02	5.856802e+07	2.112957e+03	2.891875e+08	
8.900000e+00	1.837552e+10	7.875157e+10	1.057060e+01	9.424778e+00	2.423507e+00	2.292686e-01	4.468048e-01	0.000000e+00	0.000000e+00	0.000000e+00	3.202368e-03	1.156229e-07	1.580028e-02	5.884518e+07	2.124631e+03	2.903382e+08	
8.950000e+00	1.843320e+10	7.942757e+10	1.057826e+01	9.424778e+00	2.425264e+00	2.292686e-01	4.458035e-01	0.000000e+00	0.000000e+00	0.000000e+00	3.207016e-03	1.158837e-07	1.581291e-02	5.911557e+07	2.136107e+03	2.914825e+08	
9.000000e+00	1.849006e+10	8.025559e+10	1.058548e+01	9.424778e+00	2.426917e+00	2.292686e-01	4.454481e-01	0.000000e+00	0.000000e+00	0.000000e+00	3.211779e-03	1.160979e-07	1.582547e-02	5.938597e+07	2.146657e+03	2.926139e+08	
9.050000e+00	1.854644e+10	8.022919e+10	1.059244e+01	9.424778e+00	2.428515e+00	2.292686e-01	4.451691e-01	0.000000e+00	0.000000e+00	0.000000e+00	3.215817e-03	1.163013e-07	1.583777e-02	5.964195e+07	2.156975e+03	2.937343e+08	
9.100000e+00	1.860240e+10	8.109111e+10	1.059920e+01	9.424778e+00	2.430064e+00	2.292686e-01	4.452475e-01	0.000000e+00	0.000000e+00	0.000000e+00	3.219595e-03	1.165039e-07	1.585008e-02	5.989219e+07	2.167253e+03	2.948495e+08	
9.150000e+00	1.865814e+10	8.154637e+10	1.060586e+01	9.424778e+00	2.431590e+00	2.292686e-01	4.461939e-01	0.000000e+00	0.000000e+00	0.000000e+00	3.222866e-03	1.167011e-07	1.586218e-02	6.013269e+07	2.177425e+03	2.959589e+08	
9.200000e+00	1.871412e+10	8.229045e+10	1.061268e+01	9.424778e+00	2.433154e+00	2.292686e-01	4.472843e-01	0.000000e+00	0.000000e+00	0.000000e+00	3.226079e-03	1.169077e-07	1.587420e-02	6.037323e+07	2.187824e+03	2.970717e+08	
9.250000e+00	1.877041e+10	8.323239e+10	1.061970e+01	9.424778e+00	2.434764e+00	2.292686e-01	4.484700e-01	0.000000e+00	0.000000e+00	0.000000e+00	3.229703e-03	1.171173e-07	1.588621e-02	6.062286e+07	2.198341e+03	2.981908e+08	
9.300000e+00	1.882706e+10	8.316225e+10	1.062695e+01	9.424778e+00	2.436426e+00	2.292686e-01	4.481212e-01	0.000000e+00	0.000000e+00	0.000000e+00	3.234052e-03	1.173264e-07	1.589818e-02	6.088770e+07	2.208911e+03	2.993159e+08	
9.350000e+00	1.888324e+10	8.454081e+10	1.063396e+01	9.424778e+00	2.438032e+00	2.292686e-01	4.499186e-01	0.000000e+00	0.000000e+00	0.000000e+00	3.238177e-03	1.175333e-07	1.591019e-02	6.114727e+07	2.219409e+03	3.004358e+08	
9.400000e+00	1.894010e+10	8.493083e+10	1.064137e+01	9.424778e+00	2.439733e+00	2.292686e-01	4.496346e-01	0.000000e+00	0.000000e+00	0.000000e+00	3.243753e-03	1.177369e-07	1.592219e-02	6.143699e+07	2.229949e+03	3.015677e+08	
9.450000e+00	1.899652e+10	8.545437e+10	1.064856e+01	9.424778e+00	2.441381e+00	2.292686e-01	4.491993e-01	0.000000e+00	0.000000e+00	0.000000e+00	3.248904e-03	1.179360e-07	1.593412e-02	6.171785e+07	2.240373e+03	3.026929e+08	
9.500000e+00	1.905243e+10	8.582229e+10	1.065549e+01	9.424778e+00	2.442970e+00	2.292686e-01	4.491471e-01	0.000000e+00	0.000000e+00	0.000000e+00	3.253527e-03	1.181171e-07	1.594575e-02	6.198759e+07	2.250418e+03	3.038051e+08	
9.550000e+00	1.910804e+10	8.668661e+10	1.066228e+01	9.424778e+00	2.444526e+00	2.292686e-01	4.537144e-01	0.000000e+00	0.000000e+00	0.000000e+00	3.257917e-03	1.182968e-07	1.595734e-02	6.225240e+07	2.260419e+03	3.049134e+08	
9.600000e+00	1.916582e+10	8.623283e+10	1.067030e+01	9.424778e+00	2.446364e+00	2.292686e-01	4.527882e-01	0.000000e+00	0.000000e+00	0.000000e+00	3.263002e-03	1.185616e-07	1.596873e-02	6.253809e+07	2.272329e+03	3.060538e+08	
9.650000e+00	1.922279e+10	8.615485e+10	1.067788e+01	9.424778e+00	2.448104e+00	2.292686e-01	4.522390e-01	0.000000e+00	0.000000e+00	0.000000e+00	3.267652e-03	1.188161e-07	1.598024e-02	6.281339e+07	2.283976e+03	3.071848e+08	
9.700000e+00	1.927918e+10	8.644764e+10	1.068517e+01	9.424778e+00	2.449774e+00	2.292686e-01	4.519655e-01	0.000000e+00	0.000000e+00	0.000000e+00	3.272100e-03	1.190609e-07	1.599183e-02	6.308341e+07	2.295396e+03	3.083093e+08	
9.750000e+00	1.933514e+10	8.698419e+10	1.069224e+01	9.424778e+00	2.451394e+00	2.292686e-01	4.511083e-01	0.000000e+00	0.000000e+00	0.000000e+00	3.276363e-03	1.192959e-07	1.600345e-02	6.334892e+07	2.306602e+03	3.094288e+08	
9.800000e+00	1.939036e+10	8.727793e+10	1.069892e+01	9.424778e+00	2.452927e+00	2.292686e-01	4.509107e-01	0.000000e+00	0.000000e+00	0.000000e+00	3.280045e-03	1.195109e-07	1.601491e-02	6.360125e+07	2.317359e+03	3.105350e+08	
9.850000e+00	1.944522e+10	8.822189e+10	1.070543e+01	9.424778e+00	2.454418e+00	2.292686e-01	4.511278e-01	0.000000e+00	0.000000e+00	0.000000e+00	3.283558e-03	1.197193e-07	1.602638e-02	6.384950e+07	2.327967e+03	3.116365e+08	
9.900000e+00	1.949994e+10	8.816982e+10	1.071188e+01	9.424778e+00	2.455898e+00	2.292686e-01	4.488327e-01	0.000000e+00	0.000000e+00	0.000000e+00	3.286775e-03	1.199183e-07	1.603763e-02	6.409192e+07	2.338400e+03	3.127329e+08	
9.950000e+00	1.955319e+10	8.953360e+10	1.071755e+01	9.424778e+00	2.457197e+00	2.292686e-01	4.496855e-01	0.000000e+00	0.000000e+00	0.000000e+00	3.289562e-03	1.200583e-07	1.604885e-02	6.432142e+07	2.347522e+03	3.138061e+08	
1.000000e+01	1.960666e+10	9.135873e+10	1.072337e+01	9.424778e+00	2.458532e+00	2.292686e-01	4.530623e-01	0.000000e+00	0.000000e+00	0.000000e+00	3.292591e-03	1.201971e-07	1.605990e-02	6.455673e+07	2.356663e+03	3.148810e+08	
1.005000e+01	1.966172e+10	9.222308e+10	1.073008e+01	9.424778e+00	2.460071e+00	2.292686e-01	4.525931e-01	0.000000e+00	0.000000e+00	0.000000e+00	3.296815e-03	1.203704e-07	1.607082e-02	6.482106e+07	2.366689e+03	3.159800e+08	
1.010000e+01	1.971627e+10	9.467653e+10	1.073653e+01	9.424778e+00	2.461551e+00	2.292686e-01	4.536630e-01	0.000000e+00	0.000000e+00	0.000000e+00	3.300025e-03	1.205353e-07	1.608145e-02	6.506420e+07	2.376507e+03	3.170664e+08	
1.015000e+01	1.977115e+10	9.752132e+10	1.074319e+01	9.424778e+00	2.463076e+00	2.292686e-01	4.593197e-01	0.000000e+00	0.000000e+00	0.000000e+00	3.303038e-03	1.206915e-07	1.609173e-02	6.530484e+07	2.386210e+03	3.181520e+08	
1.020000e+01	1.982880e+10	1.002181e+11	1.075137e+01	9.424778e+00	2.464952e+00	2.292686e-01	4.601161e-01	0.000000e+00	0.000000e+00	0.000000e+00	3.306051e-03	1.209809e-07	1.610138e-02	6.555503e+07	2.398906e+03	3.192711e+08	
1.025000e+01	1.988657e+10	1.028096e+11	1.075963e+01	9.424778e+00	2.466845e+00	2.292686e-01	4.609502e-01	0.000000e+00	0.000000e+00	0.000000e+00	3.308841e-03	1.212356e-07	1.611076e-02	6.580149e+07	2.410960e+03	3.203877e+08	
1.030000e+01	1.994447e+10	1.045420e+11	1.076797e+01	9.424778e+00	2.468757e+00	2.292686e-01	4.596350e-01	0.000000e+00	0.000000e+00	0.000000e+00	3.311428e-03	1.214615e-07	1.611986e-02	6.604466e+07	2.422485e+03	3.215021e+08	
1.035000e+01	2.000133e+10	1.054111e+11	1.077577e+01	9.424778e+00	2.470546e+00	2.292686e-01	4.592959e-01	0.000000e+00	0.000000e+00	0.000000e+00	3.313550e-03	1.216212e-07	1.612875e-02	6.627543e+07	2.432587e+03	3.225966e+08	
1.040000e+01	2.005772e+10	1.048105e+11	1.078333e+01	9.424778e+00	2.472278e+00	2.292686e-01	4.585001e-01	0.000000e+00	0.000000e+00	0.000000e+00	3.315124e-03	1.217696e-07	1.613755e-02	6.649383e+07	2.442422e+03	3.236824e+08	
1.045000e+01	2.011339e+10	1.062313e+11	1.079051e+01	9.424778e+00	2.473926e+00	2.292686e-01	4.589156e-01	0.000000e+00	0.000000e+00	0.000000e+00	3.316558e-03	1.219155e-07	1.614656e-02	6.670722e+07	2.452133e+03	3.247620e+08	
1.050000e+01	2.016900e+10	1.088322e+11	1.079769e+01	9.424778e+00	2.475571e+00	2.292686e-01	4.603260e-01	0.000000e+00	0.000000e+00	0.000000e+00	3.317846e-03	1.220533e-07	1.615542e-02	6.691764e+07	2.461693e+03	3.258386e+08	
1.055000e+01	2.022510e+10	1.118958e+11	1.080514e+01	9.424778e+00	2.477279e+00	2.292686e-01	4.622153e-01	0.000000e+00	0.000000e+00	0.000000e+00	3.319338e-03	1.221777e-07	1.616394e-02	6.713395e+07	2.471057e+03	3.269173e+08	
1.060000e+01	2.028193e+10	1.141730e+11	1.081300e+01	9.424778e+00	2.479081e+00	2.292686e-01	4.636235e-01	0.000000e+00	0.000000e+00	0.000000e+00	3.321466e-03	1.222894e-07	1.617219e-02	6.736576e+07	2.480266e+03	3.280032e+08	
1.065000e+01	2.033923e+10	1.159838e+11	1.082112e+01	9.424778e+00	2.480942e+00	2.292686e-01	4.646800e-01	0.000000e+00	0.000000e+00	0.000000e+00	3.324070e-03	1.223907e-07	1.618020e-02	6.760900e+07	2.489333e+03	3.290928e+08	
1.070000e+01	2.039678e+10	1.180734e+11	1.082938e+01	9.424778e+00	2.482838e+00	2.292686e-01	4.656086e-01	0.000000e+00	0.000000e+00	0.000000e+00	3.326940e-03	1.224835e-07	1.618801e-02	6.785887e+07	2.498269e+03	3.301832e+08	
1.075000e+01	2.045452e+10	1.211093e+11	1.083776e+01	9.424778e+00	2.484759e+00	2.292686e-01	4.699802e-01	0.000000e+00	0.000000e+00	0.000000e+00	3.329839e-03	1.225692e-07	1.619574e-02	6.811025e+07	2.507094e+03	3.312761e+08	
1.080000e+01	2.051431e+10	1.223427e+11	1.084724e+01	9.424778e+00	2.486931e+00	2.292686e-01	4.743739e-01	0.000000e+00	0.000000e+00	0.000000e+00	3.332689e-03	1.227235e-07	1.620295e-02	6.836781e+07	2.517587e+03	3.323923e+08	
1.085000e+01	2.057612e+10	1.221413e+11	1.085779e+01	9.424778e+00	2.489350e+00	2.292686e-01	4.732463e-01	0.000000e+00	0.000000e+00	0.000000e+00	3.335517e-03	1.230011e-07	1.621005e-02	6.863201e+07	2.530887e+03	3.335399e+08	
1.090000e+01	2.063693e+10	1.218945e+11	1.086780e+01	9.424778e+00	2.491646e+00	2.292686e-01	4.729794e-01	0.000000e+00	0.000000e+00	0.000000e+00	3.338152e-03	1.232478e-07	1.621752e-02	6.888920e+07	2.543456e+03	3.346798e+08	
1.095000e+01	2.069720e+10	1.222137e+11	1.087755e+01	9.424778e+00	2.493881e+00	2.292686e-01	4.721243e-01	0.000000e+00	0.000000e+00	0.000000e+00	3.340625e-03	1.234817e-07	1.622523e-02	6.914160e+07	2.555727e+03	3.358169e+08	
1.100000e+01	2.075665e+10	1.226550e+11	1.088687e+01	9.424778e+00	2.496017e+00	2.292686e-01	4.692557e-01	0.000000e+00	0.000000e+00	0.000000e+00	3.342854e-03	1.236931e-07	1.623310e-02	6.938645e+07	2.567454e+03	3.369447e+08	
1.105000e+01	2.081418e+10	1.246729e+11	1.089518e+01	9.424778e+00	2.497924e+00	2.292686e-01	4.703111e-01	0.000000e+00	0.000000e+00	0.000000e+00	3.344235e-03	1.238417e-07	1.624093e-02	6.960750e+07	2.577663e+03	3.380416e+08	
1.110000e+01	2.087197e+10	1.247145e+11	1.090365e+01	9.424778e+00	2.499865e+00	2.292686e-01	4.686660e-01	0.000000e+00	0.000000e+00	0.000000e+00	3.346175e-03	1.239745e-07	1.624881e-02	6.984126e+07	2.587591e+03	3.391447e+08	
1.115000e+01	2.092854e+10	1.243581e+11	1.091149e+01	9.424778e+00	2.501662e+00	2.292686e-01	4.681193e-01	0.000000e+00	0.000000e+00	0.000000e+00	3.347620e-03	1.240795e-07	1.625680e-02	7.006079e+07	2.596803e+03	3.402312e+08	
1.120000e+01	2.098452e+10	1.270424e+11	1.091903e+01	9.424778e+00	2.503391e+00	2.292686e-01	4.686822e-01	0.000000e+00	0.000000e+00	0.000000e+00	3.348946e-03	1.241807e-07	1.626499e-02	7.027602e+07	2.605872e+03	3.413130e+08	
1.125000e+01	2.104051e+10	1.272285e+11	1.092659e+01	9.424778e+00	2.505125e+00	2.292686e-01	4.680969e-01	0.000000e+00	0.000000e+00	0.000000e+00	3.349947e-03	1.242576e-07	1.627283e-02	7.048460e+07	2.614443e+03	3.423887e+08	
1.130000e+01	2.109590e+10	1.276641e+11	1.093385e+01	9.424778e+00	2.506790e+00	2.292686e-01	4.669980e-01	0.000000e+00	0.000000e+00	0.000000e+00	3.350199e-03	1.243321e-07	1.628045e-02	7.067548e+07	2.622898e+03	3.434508e+08	
1.135000e+01	2.115041e+10	1.292356e+11	1.094068e+01	9.424778e+00	2.508354e+00	2.292686e-01	4.682348e-01	0.000000e+00	0.000000e+00	0.000000e+00	3.349949e-03	1.243906e-07	1.628811e-02	7.085281e+07	2.630913e+03	3.445002e+08	
1.140000e+01	2.120534e+10	1.314384e+11	1.094773e+01	9.424778e+00	2.509970e+00	2.292686e-01	4.678269e-01	0.000000e+00	0.000000e+00	0.000000e+00	3.350652e-03	1.244463e-07	1.629593e-02	7.105171e+07	2.638927e+03	3.455608e+08	
1.145000e+01	2.125978e+10	1.327860e+11	1.095454e+01	9.424778e+00	2.511532e+00	2.292686e-01	4.685067e-01	0.000000e+00	0.000000e+00	0.000000e+00	3.350799e-03	1.244785e-07	1.630346e-02	7.123723e+07	2.646385e+03	3.466079e+08	
1.150000e+01	2.131432e+10	1.353145e+11	1.096142e+01	9.424778e+00	2.513111e+00	2.292686e-01	4.693507e-01	0.000000e+00	0.000000e+00	0.000000e+00	3.351277e-03	1.245121e-07	1.631092e-02	7.143020e+07	2.653892e+03	3.476563e+08	
1.155000e+01	2.136907e+10	1.351364e+11	1.096843e+01	9.424778e+00	2.514716e+00	2.292686e-01	4.688676e-01	0.000000e+00	0.000000e+00	0.000000e+00	3.351536e-03	1.245425e-07	1.631816e-02	7.161923e+07	2.661359e+03	3.487040e+08	
1.160000e+01	2.142329e+10	1.354280e+11	1.097517e+01	9.424778e+00	2.516262e+00	2.292686e-01	4.686916e-01	0.000000e+00	0.000000e+00	0.000000e+00	3.351662e-03	1.245768e-07	1.632557e-02	7.180365e+07	2.668845e+03	3.497474e+08	
1.165000e+01	2.147716e+10	1.362407e+11	1.098175e+01	9.424778e+00	2.517770e+00	2.292686e-01	4.688027e-01	0.000000e+00	0.000000e+00	0.000000e+00	3.351671e-03	1.246136e-07	1.633310e-02	7.198437e+07	2.676346e+03	3.507885e+08	
1.170000e+01	2.153084e+10	1.363876e+11	1.098824e+01	9.424778e+00	2.519260e+00	2.292686e-01	4.685733e-01	0.000000e+00	0.000000e+00	0.000000e+00	3.351555e-03	1.246512e-07	1.634067e-02	7.216179e+07	2.683845e+03	3.518283e+08	
1.175000e+01	2.158414e+10	1.367301e+11	1.099457e+01	9.424778e+00	2.520709e+00	2.292686e-01	4.685297e-01	0.000000e+00	0.000000e+00	0.000000e+00	3.351340e-03	1.246926e-07	1.634835e-02	7.233580e+07	2.691383e+03	3.528651e+08	
1.180000e+01	2.163718e+10	1.378106e+11	1.100077e+01	9.424778e+00	2.522131e+00	2.292686e-01	4.678124e-01	0.000000e+00	0.000000e+00	0.000000e+00	3.351161e-03	1.247367e-07	1.635616e-02	7.250967e+07	2.698951e+03	3.539011e+08	
1.185000e+01	2.168959e+10	1.373442e+11	1.100667e+01	9.424778e+00	2.523483e+00	2.292686e-01	4.637847e-01	0.000000e+00	0.000000e+00	0.000000e+00	3.350504e-03	1.247670e-07	1.636383e-02	7.267105e+07	2.706144e+03	3.549247e+08	
1.190000e+01	2.173956e+10	1.373976e+11	1.101134e+01	9.424778e+00	2.524555e+00	2.292686e-01	4.766355e-01	0.000000e+00	0.000000e+00	0.000000e+00	3.349547e-03	1.246708e-07	1.637161e-02	7.281766e+07	2.710289e+03	3.559115e+08	
1.195000e+01	2.179642e+10	1.384888e+11	1.101953e+01	9.424778e+00	2.526432e+00	2.292686e-01	4.758429e-01	0.000000e+00	0.000000e+00	0.000000e+00	3.348055e-03	1.248734e-07	1.637840e-02	7.297561e+07	2.721794e+03	3.569905e+08	
1.200000e+01	2.185254e+10	1.384695e+11	1.102735e+01	9.424778e+00	2.528225e+00	2.292686e-01	4.738935e-01	0.000000e+00	0.000000e+00	0.000000e+00	3.346997e-03	1.251114e-07	1.638554e-02	7.314038e+07	2.734002e+03	3.580657e+08	
1.205000e+01	2.190729e+10	1.374606e+11	1.103448e+01	9.424778e+00	2.529861e+00	2.292686e-01	4.715970e-01	0.000000e+00	0.000000e+00	0.000000e+00	3.345941e-03	1.253382e-07	1.639304e-02	7.330048e+07	2.745820e+03	3.591269e+08	
1.210000e+01	2.196050e+10	1.344735e+11	1.104086e+01	9.424778e+00	2.531323e+00	2.292686e-01	4.696014e-01	0.000000e+00	0.000000e+00	0.000000e+00	3.344260e-03	1.255391e-07	1.640083e-02	7.344162e+07	2.756902e+03	3.601705e+08	
1.215000e+01	2.201237e+10	1.349428e+11	1.104658e+01	9.424778e+00	2.532633e+00	2.292686e-01	4.746350e-01	0.000000e+00	0.000000e+00	0.000000e+00	3.343443e-03	1.257311e-07	1.640942e-02	7.359712e+07	2.767639e+03	3.612103e+08	
1.220000e+01	2.206680e+10	1.348910e+11	1.105359e+01	9.424778e+00	2.534242e+00	2.292686e-01	4.719853e-01	0.000000e+00	0.000000e+00	0.000000e+00	3.342422e-03	1.260941e-07	1.641757e-02	7.375657e+07	2.782494e+03	3.622834e+08	
1.225000e+01	2.211951e+10	1.354945e+11	1.105975e+01	9.424778e+00	2.535654e+00	2.292686e-01	4.713482e-01	0.000000e+00	0.000000e+00	0.000000e+00	3.341066e-03	1.264003e-07	1.642588e-02	7.390273e+07	2.795913e+03	3.633325e+08	
1.230000e+01	2.217163e+10	1.364694e+11	1.106564e+01	9.424778e+00	2.537004e+00	2.292686e-01	4.759069e-01	0.000000e+00	0.000000e+00	0.000000e+00	3.339825e-03	1.266644e-07	1.643428e-02	7.404936e+07	2.808356e+03	3.643747e+08	
1.235000e+01	2.222604e+10	1.369901e+11	1.107268e+01	9.424778e+00	2.538619e+00	2.292686e-01	4.745346e-01	0.000000e+00	0.000000e+00	0.000000e+00	3.338432e-03	1.270576e-07	1.644221e-02	7.420013e+07	2.823988e+03	3.654452e+08	
1.240000e+01	2.227944e+10	1.366156e+11	1.107923e+01	9.424778e+00	2.540120e+00	2.292686e-01	4.689386e-01	0.000000e+00	0.000000e+00	0.000000e+00	3.337154e-03	1.273907e-07	1.645036e-02	7.434990e+07	2.838194e+03	3.665047e+08	
1.245000e+01	2.232948e+10	1.369302e+11	1.108413e+01	9.424778e+00	2.541243e+00	2.292686e-01	4.683824e-01	0.000000e+00	0.000000e+00	0.000000e+00	3.335597e-03	1.275339e-07	1.645870e-02	7.448215e+07	2.847765e+03	3.675143e+08	
