# bin_edge_left	bin_edge_right	dN/d[fe/H]	dN/d[sr/H]	dN/d[o/H]	dN/d[sr/fe]	dN/d[o/fe]	dN/d[o/sr]	
-3.000000e+00	-2.950000e+00	0.000000e+00	0.000000e+00	0.000000e+00	2.313017e-06	2.313017e-06	2.313017e-06	
-2.950000e+00	-2.900000e+00	0.000000e+00	0.000000e+00	0.000000e+00	0.000000e+00	0.000000e+00	0.000000e+00	
-2.900000e+00	-2.850000e+00	0.000000e+00	0.000000e+00	0.000000e+00	0.000000e+00	0.000000e+00	0.000000e+00	
-2.850000e+00	-2.800000e+00	0.000000e+00	0.000000e+00	0.000000e+00	0.000000e+00	0.000000e+00	0.000000e+00	
-2.800000e+00	-2.750000e+00	0.000000e+00	0.000000e+00	0.000000e+00	0.000000e+00	0.000000e+00	0.000000e+00	
-2.750000e+00	-2.700000e+00	0.000000e+00	0.000000e+00	0.000000e+00	0.000000e+00	0.000000e+00	0.000000e+00	
-2.700000e+00	-2.650000e+00	0.000000e+00	0.000000e+00	0.000000e+00	0.000000e+00	0.000000e+00	0.000000e+00	
-2.650000e+00	-2.600000e+00	0.000000e+00	0.000000e+00	0.000000e+00	0.000000e+00	0.000000e+00	0.000000e+00	
-2.600000e+00	-2.550000e+00	0.000000e+00	0.000000e+00	0.000000e+00	0.000000e+00	0.000000e+00	0.000000e+00	
-2.550000e+00	-2.500000e+00	0.000000e+00	0.000000e+00	0.000000e+00	0.000000e+00	0.000000e+00	0.000000e+00	
-2.500000e+00	-2.450000e+00	0.000000e+00	0.000000e+00	0.000000e+00	0.000000e+00	0.000000e+00	0.000000e+00	
-2.450000e+00	-2.400000e+00	0.000000e+00	0.000000e+00	0.000000e+00	0.000000e+00	0.000000e+00	0.000000e+00	
-2.400000e+00	-2.350000e+00	0.000000e+00	0.000000e+00	0.000000e+00	0.000000e+00	0.000000e+00	0.000000e+00	
-2.350000e+00	-2.300000e+00	0.000000e+00	0.000000e+00	0.000000e+00	0.000000e+00	0.000000e+00	0.000000e+00	
-2.300000e+00	-2.250000e+00	0.000000e+00	0.000000e+00	0.000000e+00	0.000000e+00	0.000000e+00	0.000000e+00	
-2.250000e+00	-2.200000e+00	0.000000e+00	0.000000e+00	0.000000e+00	0.000000e+00	0.000000e+00	0.000000e+00	
-2.200000e+00	-2.150000e+00	0.000000e+00	0.000000e+00	0.000000e+00	0.000000e+00	0.000000e+00	0.000000e+00	
-2.150000e+00	-2.100000e+00	0.000000e+00	0.000000e+00	0.000000e+00	0.000000e+00	0.000000e+00	0.000000e+00	
-2.100000e+00	-2.050000e+00	0.000000e+00	0.000000e+00	0.000000e+00	0.000000e+00	0.000000e+00	0.000000e+00	
-2.050000e+00	-2.000000e+00	0.000000e+00	0.000000e+00	0.000000e+00	0.000000e+00	0.000000e+00	0.000000e+00	
-2.000000e+00	-1.950000e+00	0.000000e+00	0.000000e+00	0.000000e+00	0.000000e+00	0.000000e+00	0.000000e+00	
-1.950000e+00	-1.900000e+00	0.000000e+00	0.000000e+00	0.000000e+00	0.000000e+00	0.000000e+00	0.000000e+00	
-1.900000e+00	-1.850000e+00	0.000000e+00	0.000000e+00	0.000000e+00	0.000000e+00	0.000000e+00	0.000000e+00	
-1.850000e+00	-1.800000e+00	0.000000e+00	0.000000e+00	0.000000e+00	0.000000e+00	0.000000e+00	0.000000e+00	
-1.800000e+00	-1.750000e+00	0.000000e+00	1.310574e-02	0.000000e+00	0.000000e+00	0.000000e+00	0.000000e+00	
-1.750000e+00	-1.700000e+00	0.000000e+00	8.065073e-03	0.000000e+00	0.000000e+00	0.000000e+00	0.000000e+00	
-1.700000e+00	-1.650000e+00	0.000000e+00	0.000000e+00	0.000000e+00	0.000000e+00	0.000000e+00	0.000000e+00	
-1.650000e+00	-1.600000e+00	0.000000e+00	0.000000e+00	0.000000e+00	0.000000e+00	0.000000e+00	0.000000e+00	
-1.600000e+00	-1.550000e+00	0.000000e+00	5.705452e-02	0.000000e+00	0.000000e+00	0.000000e+00	0.000000e+00	
-1.550000e+00	-1.500000e+00	0.000000e+00	8.431712e-02	0.000000e+00	0.000000e+00	0.000000e+00	0.000000e+00	
-1.500000e+00	-1.450000e+00	0.000000e+00	2.452053e-01	0.000000e+00	0.000000e+00	0.000000e+00	0.000000e+00	
-1.450000e+00	-1.400000e+00	0.000000e+00	1.734125e-01	0.000000e+00	0.000000e+00	0.000000e+00	0.000000e+00	
-1.400000e+00	-1.350000e+00	0.000000e+00	2.087297e-01	0.000000e+00	0.000000e+00	0.000000e+00	0.000000e+00	
-1.350000e+00	-1.300000e+00	0.000000e+00	2.172583e-01	0.000000e+00	0.000000e+00	0.000000e+00	0.000000e+00	
-1.300000e+00	-1.250000e+00	0.000000e+00	1.372716e-01	0.000000e+00	0.000000e+00	0.000000e+00	0.000000e+00	
-1.250000e+00	-1.200000e+00	2.016268e-02	1.950555e-01	0.000000e+00	0.000000e+00	0.000000e+00	0.000000e+00	
-1.200000e+00	-1.150000e+00	1.008134e-03	2.422082e-01	0.000000e+00	0.000000e+00	0.000000e+00	0.000000e+00	
-1.150000e+00	-1.100000e+00	0.000000e+00	2.200434e-01	0.000000e+00	0.000000e+00	0.000000e+00	0.000000e+00	
-1.100000e+00	-1.050000e+00	4.387734e-02	6.289223e-01	0.000000e+00	0.000000e+00	0.000000e+00	0.000000e+00	
-1.050000e+00	-1.000000e+00	6.150582e-02	4.722988e-01	0.000000e+00	0.000000e+00	0.000000e+00	0.000000e+00	
-1.000000e+00	-9.500000e-01	4.452973e-01	2.907083e-01	0.000000e+00	0.000000e+00	0.000000e+00	0.000000e+00	
-9.500000e-01	-9.000000e-01	1.758243e-01	5.423551e-01	0.000000e+00	0.000000e+00	0.000000e+00	0.000000e+00	
-9.000000e-01	-8.500000e-01	1.217909e-01	2.536006e-01	0.000000e+00	0.000000e+00	0.000000e+00	0.000000e+00	
-8.500000e-01	-8.000000e-01	1.893085e-01	1.920616e-01	0.000000e+00	0.000000e+00	0.000000e+00	0.000000e+00	
-8.000000e-01	-7.500000e-01	1.901981e-01	1.945035e-01	2.016268e-02	0.000000e+00	0.000000e+00	0.000000e+00	
-7.500000e-01	-7.000000e-01	4.252715e-01	3.417177e-01	1.008134e-03	0.000000e+00	0.000000e+00	0.000000e+00	
-7.000000e-01	-6.500000e-01	3.225249e-01	4.275515e-01	1.858606e-01	0.000000e+00	0.000000e+00	0.000000e+00	
-6.500000e-01	-6.000000e-01	4.659297e-01	9.713501e-02	4.387734e-02	0.000000e+00	0.000000e+00	0.000000e+00	
-6.000000e-01	-5.500000e-01	1.130082e+00	2.998102e-01	3.230796e-01	4.657934e-02	0.000000e+00	0.000000e+00	
-5.500000e-01	-5.000000e-01	7.730704e-01	1.239276e+00	1.474502e-01	6.714908e-01	0.000000e+00	0.000000e+00	
-5.000000e-01	-4.500000e-01	6.070036e-01	1.084828e-01	7.786372e-02	1.324484e+00	0.000000e+00	0.000000e+00	
-4.500000e-01	-4.000000e-01	4.492629e-01	1.684421e-01	4.083283e-01	1.035958e+00	0.000000e+00	0.000000e+00	
-4.000000e-01	-3.500000e-01	1.028666e-01	5.455809e-01	1.376817e-01	4.618869e-01	0.000000e+00	0.000000e+00	
-3.500000e-01	-3.000000e-01	6.296061e-01	3.967910e-01	1.330714e-01	4.686861e-01	0.000000e+00	0.000000e+00	
-3.000000e-01	-2.500000e-01	1.710575e+00	4.821289e-01	2.574854e-01	5.214364e-01	0.000000e+00	0.000000e+00	
-2.500000e-01	-2.000000e-01	8.714684e-01	2.260558e-01	2.609005e-01	1.487401e+00	0.000000e+00	0.000000e+00	
-2.000000e-01	-1.500000e-01	7.974642e-01	4.476925e-01	9.487066e-01	7.856881e-01	0.000000e+00	0.000000e+00	
-1.500000e-01	-1.000000e-01	2.572896e-01	4.603468e-01	2.164476e+00	6.458079e-01	0.000000e+00	0.000000e+00	
-1.000000e-01	-5.000000e-02	4.644761e-01	2.412058e-01	8.530681e-01	2.040779e+00	0.000000e+00	0.000000e+00	
-5.000000e-02	0.000000e+00	4.733898e-01	3.032820e-01	7.489171e-01	4.789504e+00	0.000000e+00	0.000000e+00	
0.000000e+00	5.000000e-02	3.323494e-01	4.418932e-01	6.436167e-01	3.589622e+00	3.436211e+00	2.238014e+00	
5.000000e-02	1.000000e-01	2.798037e-01	2.589110e-01	4.321062e-01	2.070074e+00	3.373900e+00	2.478585e+00	
1.000000e-01	1.500000e-01	5.165439e-01	9.772829e-01	7.216993e-01	6.060000e-02	1.202753e+00	3.198713e+00	
1.500000e-01	2.000000e-01	7.199687e-01	7.207999e-01	1.034524e+00	0.000000e+00	1.425928e+00	1.225386e+00	
2.000000e-01	2.500000e-01	5.467882e-01	1.154539e+00	4.947573e-01	0.000000e+00	9.850951e-01	7.248935e-01	
2.500000e-01	3.000000e-01	1.217839e+00	1.483492e+00	1.373504e+00	0.000000e+00	1.391222e+00	9.405060e-01	
3.000000e-01	3.500000e-01	1.715743e+00	9.468937e-01	1.275758e+00	0.000000e+00	1.353689e+00	1.037541e+00	
3.500000e-01	4.000000e-01	1.765760e+00	1.780782e+00	2.395039e+00	0.000000e+00	1.676415e+00	8.417429e-01	
4.000000e-01	4.500000e-01	2.175949e+00	2.073730e+00	3.116634e+00	0.000000e+00	4.787511e+00	1.012736e+00	
4.500000e-01	5.000000e-01	0.000000e+00	0.000000e+00	1.800425e+00	0.000000e+00	3.672747e-01	2.427842e-01	
5.000000e-01	5.500000e-01	0.000000e+00	0.000000e+00	0.000000e+00	0.000000e+00	0.000000e+00	5.716841e-01	
5.500000e-01	6.000000e-01	0.000000e+00	0.000000e+00	0.000000e+00	0.000000e+00	0.000000e+00	6.284979e-01	
6.000000e-01	6.500000e-01	0.000000e+00	0.000000e+00	0.000000e+00	0.000000e+00	0.000000e+00	5.165414e-01	
6.500000e-01	7.000000e-01	0.000000e+00	0.000000e+00	0.000000e+00	0.000000e+00	0.000000e+00	3.788735e-01	
7.000000e-01	7.500000e-01	0.000000e+00	0.000000e+00	0.000000e+00	0.000000e+00	0.000000e+00	3.254951e-01	
7.500000e-01	8.000000e-01	0.000000e+00	0.000000e+00	0.000000e+00	0.000000e+00	0.000000e+00	4.194017e-01	
8.000000e-01	8.500000e-01	0.000000e+00	0.000000e+00	0.000000e+00	0.000000e+00	0.000000e+00	6.669707e-01	
8.500000e-01	9.000000e-01	0.000000e+00	0.000000e+00	0.000000e+00	0.000000e+00	0.000000e+00	1.173770e+00	
9.000000e-01	9.500000e-01	0.000000e+00	0.000000e+00	0.000000e+00	0.000000e+00	0.000000e+00	7.528121e-01	
9.500000e-01	1.000000e+00	0.000000e+00	0.000000e+00	0.000000e+00	0.000000e+00	0.000000e+00	6.250488e-01	
