# COLUMN NUMBERS: 
#	0: time [Gyr]
#	1: mgas [Msun]			ISM gas mass
#	2: mstar [Msun]			Stellar mass
#	3: sfr [Msun/yr]		Star formation rate
#	4: ifr [Msun/yr]		Infall rate
#	5: ofr [Msun/yr]		Outfow rate
#	6: eta_0			Mass-loading factor
#	7: r_eff			Effective recycilng rate
#	8: z_in(fe)			Inflow fe metallicity
#	9: z_in(sr)			Inflow sr metallicity
#	10: z_in(o)			Inflow o metallicity
#	11: z_out(fe)			Outflow fe metallicity
#	12: z_out(sr)			Outflow sr metallicity
#	13: z_out(o)			Outflow o metallicity
#	14: mass(fe) [Msun]		mass of element fe in ISM
#	15: mass(sr) [Msun]		mass of element sr in ISM
#	16: mass(o) [Msun]		mass of element o in ISM
0.000000e+00	1.000000e-12	3.748255e-20	1.000000e-27	1.036726e+02	1.254302e-26	1.254302e+01	2.503490e-01	0.000000e+00	0.000000e+00	0.000000e+00	6.302349e-305	6.302349e-305	6.302349e-305	0.000000e+00	0.000000e+00	0.000000e+00	
5.000000e-02	5.183628e+09	1.942956e+02	5.183628e-06	1.036726e+02	6.510233e-05	1.254302e+01	2.503490e-01	0.000000e+00	0.000000e+00	0.000000e+00	9.554732e-05	1.066945e-09	1.194342e-03	0.000000e+00	0.000000e+00	0.000000e+00	
1.000000e-01	1.036725e+10	5.770320e+02	1.036725e-05	1.036726e+02	1.302046e-04	1.254302e+01	2.616435e-01	0.000000e+00	0.000000e+00	0.000000e+00	9.554732e-05	1.066945e-09	1.194342e-03	0.000000e+00	0.000000e+00	0.000000e+00	
1.500000e-01	1.555087e+10	1.144690e+03	1.555087e-05	1.036726e+02	1.953069e-04	1.254302e+01	2.699339e-01	0.000000e+00	0.000000e+00	0.000000e+00	9.554726e-05	1.071088e-09	1.194426e-03	0.000000e+00	0.000000e+00	0.000000e+00	
2.000000e-01	2.073449e+10	1.905789e+03	2.073449e-05	1.036726e+02	2.604091e-04	1.254302e+01	2.766723e-01	0.000000e+00	0.000000e+00	0.000000e+00	9.554720e-05	1.074970e-09	1.194509e-03	0.000000e+00	0.000000e+00	0.000000e+00	
2.500000e-01	2.591810e+10	2.891845e+03	2.591810e-05	1.036726e+02	3.255114e-04	1.254302e+01	2.828343e-01	0.000000e+00	0.000000e+00	0.000000e+00	9.565967e-05	1.078120e-09	1.194605e-03	0.000000e+00	0.000000e+00	0.000000e+00	
3.000000e-01	3.110172e+10	4.045086e+03	3.110172e-05	1.036726e+02	3.906136e-04	1.254302e+01	2.877827e-01	0.000000e+00	0.000000e+00	0.000000e+00	9.583179e-05	1.080851e-09	1.194707e-03	0.000000e+00	0.000000e+00	0.000000e+00	
3.500000e-01	3.628532e+10	5.386455e+03	3.628532e-05	1.036726e+02	4.557159e-04	1.254302e+01	2.921294e-01	0.000000e+00	0.000000e+00	0.000000e+00	9.604092e-05	1.082920e-09	1.194805e-03	0.000000e+00	0.000000e+00	0.000000e+00	
4.000000e-01	4.146893e+10	6.914669e+03	4.146893e-05	1.036726e+02	5.208181e-04	1.254302e+01	2.960076e-01	0.000000e+00	0.000000e+00	0.000000e+00	9.627581e-05	1.084649e-09	1.194902e-03	0.000000e+00	0.000000e+00	0.000000e+00	
4.500000e-01	4.665253e+10	8.628593e+03	4.665253e-05	1.036726e+02	5.859204e-04	1.254302e+01	2.995103e-01	0.000000e+00	0.000000e+00	0.000000e+00	9.653023e-05	1.086129e-09	1.194999e-03	0.000000e+00	0.000000e+00	0.000000e+00	
5.000000e-01	5.183612e+10	1.052721e+04	5.183612e-05	1.036726e+02	6.510227e-04	1.254302e+01	3.027051e-01	0.000000e+00	0.000000e+00	0.000000e+00	9.680047e-05	1.087418e-09	1.195095e-03	0.000000e+00	0.000000e+00	0.000000e+00	
5.500000e-01	5.701972e+10	1.260960e+04	5.701972e-05	1.036726e+02	7.161250e-04	1.254302e+01	3.056426e-01	0.000000e+00	0.000000e+00	0.000000e+00	9.708420e-05	1.088557e-09	1.195191e-03	0.000000e+00	0.000000e+00	0.000000e+00	
6.000000e-01	6.220331e+10	1.487491e+04	6.220331e-05	1.036726e+02	7.812273e-04	1.254302e+01	3.083617e-01	0.000000e+00	0.000000e+00	0.000000e+00	9.737990e-05	1.089569e-09	1.195287e-03	0.000000e+00	0.000000e+00	0.000000e+00	
6.500000e-01	6.738689e+10	1.732238e+04	6.738689e-05	1.036726e+02	8.463297e-04	1.254302e+01	3.108932e-01	0.000000e+00	0.000000e+00	0.000000e+00	9.768651e-05	1.090472e-09	1.195382e-03	0.000000e+00	0.000000e+00	0.000000e+00	
7.000000e-01	7.257048e+10	1.995127e+04	7.257048e-05	1.036726e+02	9.114320e-04	1.254302e+01	3.132617e-01	0.000000e+00	0.000000e+00	0.000000e+00	9.800332e-05	1.091282e-09	1.195477e-03	0.000000e+00	0.000000e+00	0.000000e+00	
7.500000e-01	7.775406e+10	2.276092e+04	7.775406e-05	1.036726e+02	9.765344e-04	1.254302e+01	3.154870e-01	0.000000e+00	0.000000e+00	0.000000e+00	9.832980e-05	1.092010e-09	1.195573e-03	0.000000e+00	0.000000e+00	0.000000e+00	
8.000000e-01	8.293763e+10	2.575070e+04	8.293763e-05	1.036726e+02	1.041637e-03	1.254302e+01	3.175857e-01	0.000000e+00	0.000000e+00	0.000000e+00	9.866557e-05	1.092668e-09	1.195668e-03	0.000000e+00	0.000000e+00	0.000000e+00	
8.500000e-01	8.812121e+10	2.910274e+04	8.812121e-05	1.036726e+02	1.106739e-03	1.254302e+01	3.208601e-01	0.000000e+00	0.000000e+00	0.000000e+00	9.901036e-05	1.093265e-09	1.195763e-03	0.000000e+00	0.000000e+00	0.000000e+00	
9.000000e-01	9.330478e+10	3.253465e+04	9.330478e-05	1.036726e+02	1.171842e-03	1.254302e+01	3.228053e-01	0.000000e+00	0.000000e+00	0.000000e+00	9.936395e-05	1.094477e-09	1.195872e-03	0.000000e+00	0.000000e+00	0.000000e+00	
9.500000e-01	9.848834e+10	3.607257e+04	9.848834e-05	1.036726e+02	1.236944e-03	1.254302e+01	3.245964e-01	0.000000e+00	0.000000e+00	0.000000e+00	9.974327e-05	1.094983e-09	1.195972e-03	0.000000e+00	0.000000e+00	0.000000e+00	
1.000000e+00	1.036719e+11	3.978846e+04	1.036719e-04	1.036726e+02	1.302047e-03	1.254302e+01	3.263054e-01	0.000000e+00	0.000000e+00	0.000000e+00	1.001136e-04	1.095439e-09	1.196068e-03	0.000000e+00	0.000000e+00	0.000000e+00	
1.050000e+00	1.088555e+11	4.385518e+04	1.088555e-04	1.036726e+02	1.367149e-03	1.254302e+01	3.282306e-01	0.000000e+00	0.000000e+00	0.000000e+00	1.004925e-04	1.095856e-09	1.196165e-03	0.000000e+00	0.000000e+00	0.000000e+00	
1.100000e+00	1.140390e+11	4.815956e+04	1.140390e-04	1.036726e+02	1.432252e-03	1.254302e+01	3.300642e-01	0.000000e+00	0.000000e+00	0.000000e+00	1.009048e-04	1.096310e-09	1.196270e-03	0.000000e+00	0.000000e+00	0.000000e+00	
1.150000e+00	1.192226e+11	5.266019e+04	1.192226e-04	1.036726e+02	1.497354e-03	1.254302e+01	3.318000e-01	0.000000e+00	0.000000e+00	0.000000e+00	1.013363e-04	1.096722e-09	1.196377e-03	0.000000e+00	0.000000e+00	0.000000e+00	
1.200000e+00	1.244061e+11	5.735669e+04	1.244061e-04	1.036726e+02	1.562457e-03	1.254302e+01	3.334517e-01	0.000000e+00	0.000000e+00	0.000000e+00	1.017778e-04	1.097097e-09	1.196486e-03	0.000000e+00	0.000000e+00	0.000000e+00	
1.250000e+00	1.295897e+11	6.224869e+04	1.295897e-04	1.036726e+02	1.627560e-03	1.254302e+01	3.350298e-01	0.000000e+00	0.000000e+00	0.000000e+00	1.022290e-04	1.097440e-09	1.196594e-03	0.000000e+00	0.000000e+00	0.000000e+00	
1.300000e+00	1.347732e+11	6.744904e+04	1.347732e-04	1.036726e+02	1.692663e-03	1.254302e+01	3.366009e-01	0.000000e+00	0.000000e+00	0.000000e+00	1.026899e-04	1.097755e-09	1.196704e-03	0.000000e+00	0.000000e+00	0.000000e+00	
1.350000e+00	1.399567e+11	7.288410e+04	1.399567e-04	1.036726e+02	1.757766e-03	1.254302e+01	3.381194e-01	0.000000e+00	0.000000e+00	0.000000e+00	1.031795e-04	1.098047e-09	1.196819e-03	0.000000e+00	0.000000e+00	0.000000e+00	
1.400000e+00	1.451403e+11	7.827626e+04	1.451403e-04	1.036726e+02	1.822869e-03	1.254302e+01	3.392837e-01	0.000000e+00	0.000000e+00	0.000000e+00	1.036859e-04	1.098314e-09	1.196936e-03	0.000000e+00	0.000000e+00	0.000000e+00	
1.450000e+00	1.503238e+11	8.396654e+04	1.503238e-04	1.036726e+02	1.887972e-03	1.254302e+01	3.406384e-01	0.000000e+00	0.000000e+00	0.000000e+00	1.041717e-04	1.098486e-09	1.197044e-03	0.000000e+00	0.000000e+00	0.000000e+00	
1.500000e+00	1.555073e+11	8.985050e+04	1.555073e-04	1.036726e+02	1.953075e-03	1.254302e+01	3.419473e-01	0.000000e+00	0.000000e+00	0.000000e+00	1.046725e-04	1.098707e-09	1.197157e-03	0.000000e+00	0.000000e+00	0.000000e+00	
1.550000e+00	1.606909e+11	9.592782e+04	1.606909e-04	1.036726e+02	2.018178e-03	1.254302e+01	3.432136e-01	0.000000e+00	0.000000e+00	0.000000e+00	1.051822e-04	1.098909e-09	1.197271e-03	0.000000e+00	0.000000e+00	0.000000e+00	
1.600000e+00	1.658744e+11	1.021982e+05	1.658744e-04	1.036726e+02	2.083281e-03	1.254302e+01	3.444404e-01	0.000000e+00	0.000000e+00	0.000000e+00	1.057009e-04	1.099096e-09	1.197386e-03	0.000000e+00	0.000000e+00	0.000000e+00	
1.650000e+00	1.710579e+11	1.086612e+05	1.710579e-04	1.036726e+02	2.148384e-03	1.254302e+01	3.456302e-01	0.000000e+00	0.000000e+00	0.000000e+00	1.062285e-04	1.099268e-09	1.197501e-03	0.000000e+00	0.000000e+00	0.000000e+00	
1.700000e+00	1.762414e+11	1.153166e+05	1.762414e-04	1.036726e+02	2.213487e-03	1.254302e+01	3.467854e-01	0.000000e+00	0.000000e+00	0.000000e+00	1.067650e-04	1.099426e-09	1.197618e-03	0.000000e+00	0.000000e+00	0.000000e+00	
1.750000e+00	1.814249e+11	1.221642e+05	1.814249e-04	1.036726e+02	2.278591e-03	1.254302e+01	3.479081e-01	0.000000e+00	0.000000e+00	0.000000e+00	1.073101e-04	1.099572e-09	1.197735e-03	0.000000e+00	0.000000e+00	0.000000e+00	
1.800000e+00	1.866084e+11	1.292035e+05	1.866084e-04	1.036726e+02	2.343694e-03	1.254302e+01	3.490002e-01	0.000000e+00	0.000000e+00	0.000000e+00	1.078639e-04	1.099707e-09	1.197854e-03	0.000000e+00	0.000000e+00	0.000000e+00	
1.850000e+00	1.917920e+11	1.361967e+05	1.917920e-04	1.036726e+02	2.408797e-03	1.254302e+01	3.499713e-01	0.000000e+00	0.000000e+00	0.000000e+00	1.084263e-04	1.099831e-09	1.197973e-03	0.000000e+00	0.000000e+00	0.000000e+00	
1.900000e+00	1.969755e+11	1.433717e+05	1.969755e-04	1.036726e+02	2.473901e-03	1.254302e+01	3.509216e-01	0.000000e+00	0.000000e+00	0.000000e+00	1.089694e-04	1.099934e-09	1.198086e-03	0.000000e+00	0.000000e+00	0.000000e+00	
1.950000e+00	2.021590e+11	1.507281e+05	2.021590e-04	1.036726e+02	2.539004e-03	1.254302e+01	3.518518e-01	0.000000e+00	0.000000e+00	0.000000e+00	1.095204e-04	1.100029e-09	1.198201e-03	0.000000e+00	0.000000e+00	0.000000e+00	
2.000000e+00	2.073424e+11	1.585009e+05	2.073424e-04	1.036726e+02	2.604108e-03	1.254302e+01	3.528329e-01	0.000000e+00	0.000000e+00	0.000000e+00	1.100791e-04	1.100118e-09	1.198316e-03	0.000000e+00	0.000000e+00	0.000000e+00	
2.050000e+00	2.125259e+11	1.665033e+05	2.125259e-04	1.036726e+02	2.669212e-03	1.254302e+01	3.537964e-01	0.000000e+00	0.000000e+00	0.000000e+00	1.106733e-04	1.100206e-09	1.198439e-03	0.000000e+00	0.000000e+00	0.000000e+00	
2.100000e+00	2.177094e+11	1.746566e+05	2.177094e-04	1.036726e+02	2.734316e-03	1.254302e+01	3.547319e-01	0.000000e+00	0.000000e+00	0.000000e+00	1.112829e-04	1.100286e-09	1.198564e-03	0.000000e+00	0.000000e+00	0.000000e+00	
2.150000e+00	2.228929e+11	1.798857e+05	2.228929e-04	1.036726e+02	2.799419e-03	1.254302e+01	3.550788e-01	0.000000e+00	0.000000e+00	0.000000e+00	1.118932e-04	1.100360e-09	1.198688e-03	0.000000e+00	0.000000e+00	0.000000e+00	
2.200000e+00	2.280764e+11	1.851159e+05	2.280764e-04	1.036726e+02	2.864522e-03	1.254302e+01	3.554164e-01	0.000000e+00	0.000000e+00	0.000000e+00	1.120636e-04	1.100443e-09	1.198724e-03	0.000000e+00	0.000000e+00	0.000000e+00	
2.250000e+00	2.332599e+11	1.995893e+05	2.332599e-04	1.036726e+02	2.929624e-03	1.254302e+01	3.703778e-01	0.000000e+00	0.000000e+00	0.000000e+00	1.122253e-04	1.100525e-09	1.198759e-03	0.000000e+00	0.000000e+00	0.000000e+00	
2.300000e+00	2.384433e+11	2.138323e+05	2.384433e-04	1.036726e+02	2.994727e-03	1.254302e+01	3.809624e-01	0.000000e+00	0.000000e+00	0.000000e+00	1.124143e-04	1.108207e-09	1.198974e-03	0.000000e+00	0.000000e+00	0.000000e+00	
2.350000e+00	2.436268e+11	2.281849e+05	2.436268e-04	1.036726e+02	3.059832e-03	1.254302e+01	3.891623e-01	0.000000e+00	0.000000e+00	0.000000e+00	1.131043e-04	1.112260e-09	1.199224e-03	0.000000e+00	0.000000e+00	0.000000e+00	
2.400000e+00	2.488103e+11	2.300187e+05	2.488103e-04	1.036726e+02	3.124937e-03	1.254302e+01	3.898567e-01	0.000000e+00	0.000000e+00	0.000000e+00	1.137958e-04	1.114699e-09	1.199447e-03	0.000000e+00	0.000000e+00	0.000000e+00	
2.450000e+00	2.539937e+11	2.208323e+05	2.539937e-04	1.036726e+02	3.190037e-03	1.254302e+01	3.528467e-01	0.000000e+00	0.000000e+00	0.000000e+00	1.133822e-04	1.115105e-09	1.199373e-03	0.000000e+00	0.000000e+00	0.000000e+00	
2.500000e+00	2.591772e+11	2.130380e+05	2.591772e-04	1.036726e+02	3.255140e-03	1.254302e+01	3.487020e-01	0.000000e+00	0.000000e+00	0.000000e+00	1.140506e-04	1.094896e-09	1.199078e-03	0.000000e+00	0.000000e+00	0.000000e+00	
2.550000e+00	2.643607e+11	2.252167e+05	2.643607e-04	1.036726e+02	3.320239e-03	1.254302e+01	3.668576e-01	0.000000e+00	0.000000e+00	0.000000e+00	1.136027e-04	1.095305e-09	1.198917e-03	0.000000e+00	0.000000e+00	0.000000e+00	
2.600000e+00	2.695441e+11	2.181401e+05	2.695441e-04	1.036726e+02	3.385340e-03	1.254302e+01	3.584064e-01	0.000000e+00	0.000000e+00	0.000000e+00	1.131886e-04	1.107160e-09	1.199052e-03	0.000000e+00	0.000000e+00	0.000000e+00	
2.650000e+00	2.747276e+11	2.185603e+05	2.747276e-04	1.036726e+02	3.450440e-03	1.254302e+01	3.469785e-01	0.000000e+00	0.000000e+00	0.000000e+00	1.127907e-04	1.104930e-09	1.198866e-03	0.000000e+00	0.000000e+00	0.000000e+00	
2.700000e+00	2.799110e+11	1.908956e+05	2.799110e-04	1.036726e+02	3.515544e-03	1.254302e+01	3.232600e-01	0.000000e+00	0.000000e+00	0.000000e+00	1.134935e-04	1.097970e-09	1.198851e-03	0.000000e+00	0.000000e+00	0.000000e+00	
2.750000e+00	2.850945e+11	1.922237e+05	2.850945e-04	1.036726e+02	3.580637e-03	1.254302e+01	3.239540e-01	0.000000e+00	0.000000e+00	0.000000e+00	1.119488e-04	1.090621e-09	1.198269e-03	0.000000e+00	0.000000e+00	0.000000e+00	
2.800000e+00	2.902779e+11	1.939533e+05	2.902779e-04	1.036726e+02	3.645739e-03	1.254302e+01	3.287726e-01	0.000000e+00	0.000000e+00	0.000000e+00	1.120475e-04	1.091849e-09	1.198283e-03	0.000000e+00	0.000000e+00	0.000000e+00	
2.850000e+00	2.954613e+11	1.993245e+05	2.954613e-04	1.036726e+02	3.710838e-03	1.254302e+01	3.266232e-01	0.000000e+00	0.000000e+00	0.000000e+00	1.115288e-04	1.093763e-09	1.198234e-03	0.000000e+00	0.000000e+00	0.000000e+00	
2.900000e+00	3.006448e+11	2.156730e+05	3.006448e-04	1.036726e+02	3.775940e-03	1.254302e+01	3.389229e-01	0.000000e+00	0.000000e+00	0.000000e+00	1.116754e-04	1.091972e-09	1.198242e-03	0.000000e+00	0.000000e+00	0.000000e+00	
2.950000e+00	3.058282e+11	2.116739e+05	3.058282e-04	1.036726e+02	3.841044e-03	1.254302e+01	3.386389e-01	0.000000e+00	0.000000e+00	0.000000e+00	1.122368e-04	1.096581e-09	1.198490e-03	0.000000e+00	0.000000e+00	0.000000e+00	
3.000000e+00	3.110116e+11	2.213237e+05	3.110116e-04	1.036726e+02	3.906140e-03	1.254302e+01	3.532885e-01	0.000000e+00	0.000000e+00	0.000000e+00	1.111700e-04	1.098997e-09	1.198298e-03	0.000000e+00	0.000000e+00	0.000000e+00	
3.050000e+00	3.161950e+11	2.238313e+05	3.161950e-04	1.036726e+02	3.971242e-03	1.254302e+01	3.403222e-01	0.000000e+00	0.000000e+00	0.000000e+00	1.110409e-04	1.105947e-09	1.198438e-03	0.000000e+00	0.000000e+00	0.000000e+00	
3.100000e+00	3.213785e+11	2.401467e+05	3.213785e-04	1.036726e+02	4.036345e-03	1.254302e+01	3.477844e-01	0.000000e+00	0.000000e+00	0.000000e+00	1.117789e-04	1.097550e-09	1.198428e-03	0.000000e+00	0.000000e+00	0.000000e+00	
3.150000e+00	3.265619e+11	2.631950e+05	3.265619e-04	1.036726e+02	4.101448e-03	1.254302e+01	3.677429e-01	0.000000e+00	0.000000e+00	0.000000e+00	1.118997e-04	1.101590e-09	1.198566e-03	0.000000e+00	0.000000e+00	0.000000e+00	
3.200000e+00	3.317453e+11	2.815204e+05	3.317453e-04	1.036726e+02	4.166552e-03	1.254302e+01	3.781788e-01	0.000000e+00	0.000000e+00	0.000000e+00	1.123964e-04	1.109912e-09	1.198898e-03	0.000000e+00	0.000000e+00	0.000000e+00	
3.250000e+00	3.369287e+11	2.740862e+05	3.369287e-04	1.036726e+02	4.231656e-03	1.254302e+01	3.588115e-01	0.000000e+00	0.000000e+00	0.000000e+00	1.129552e-04	1.112954e-09	1.199118e-03	0.000000e+00	0.000000e+00	0.000000e+00	
3.300000e+00	3.421121e+11	2.426134e+05	3.421121e-04	1.036726e+02	4.296757e-03	1.254302e+01	3.352925e-01	0.000000e+00	0.000000e+00	0.000000e+00	1.130739e-04	1.102549e-09	1.198923e-03	0.000000e+00	0.000000e+00	0.000000e+00	
3.350000e+00	3.472955e+11	2.232543e+05	3.472955e-04	1.036726e+02	4.361848e-03	1.254302e+01	3.208772e-01	0.000000e+00	0.000000e+00	0.000000e+00	1.113753e-04	1.094427e-09	1.198332e-03	0.000000e+00	0.000000e+00	0.000000e+00	
3.400000e+00	3.524789e+11	2.319975e+05	3.524789e-04	1.036726e+02	4.426942e-03	1.254302e+01	3.337352e-01	0.000000e+00	0.000000e+00	0.000000e+00	1.103015e-04	1.090355e-09	1.197971e-03	0.000000e+00	0.000000e+00	0.000000e+00	
3.450000e+00	3.576623e+11	2.297188e+05	3.576623e-04	1.036726e+02	4.492042e-03	1.254302e+01	3.361683e-01	0.000000e+00	0.000000e+00	0.000000e+00	1.100990e-04	1.095733e-09	1.198065e-03	0.000000e+00	0.000000e+00	0.000000e+00	
3.500000e+00	3.628457e+11	2.225664e+05	3.628457e-04	1.036726e+02	4.557139e-03	1.254302e+01	3.350053e-01	0.000000e+00	0.000000e+00	0.000000e+00	1.092781e-04	1.096652e-09	1.197937e-03	0.000000e+00	0.000000e+00	0.000000e+00	
3.550000e+00	3.680291e+11	2.070584e+05	3.680291e-04	1.036726e+02	4.622235e-03	1.254302e+01	3.340066e-01	0.000000e+00	0.000000e+00	0.000000e+00	1.085294e-04	1.096469e-09	1.197772e-03	0.000000e+00	0.000000e+00	0.000000e+00	
3.600000e+00	3.732125e+11	2.076479e+05	3.732125e-04	1.036726e+02	4.687326e-03	1.254302e+01	3.344819e-01	0.000000e+00	0.000000e+00	0.000000e+00	1.069846e-04	1.097014e-09	1.197465e-03	0.000000e+00	0.000000e+00	0.000000e+00	
3.650000e+00	3.783958e+11	2.190201e+05	3.783958e-04	1.036726e+02	4.752426e-03	1.254302e+01	3.366704e-01	0.000000e+00	0.000000e+00	0.000000e+00	1.069207e-04	1.097447e-09	1.197449e-03	0.000000e+00	0.000000e+00	0.000000e+00	
3.700000e+00	3.835792e+11	2.305341e+05	3.835792e-04	1.036726e+02	4.817530e-03	1.254302e+01	3.386167e-01	0.000000e+00	0.000000e+00	0.000000e+00	1.075412e-04	1.098026e-09	1.197591e-03	0.000000e+00	0.000000e+00	0.000000e+00	
3.750000e+00	3.887626e+11	2.343072e+05	3.887626e-04	1.036726e+02	4.882634e-03	1.254302e+01	3.409723e-01	0.000000e+00	0.000000e+00	0.000000e+00	1.081701e-04	1.098473e-09	1.197732e-03	0.000000e+00	0.000000e+00	0.000000e+00	
3.800000e+00	3.939460e+11	2.801014e+05	3.939460e-04	1.036726e+02	4.947733e-03	1.254302e+01	3.483982e-01	0.000000e+00	0.000000e+00	0.000000e+00	1.080176e-04	1.099623e-09	1.197734e-03	0.000000e+00	0.000000e+00	0.000000e+00	
3.850000e+00	3.991293e+11	2.922105e+05	3.991293e-04	1.036726e+02	5.012851e-03	1.254302e+01	3.495969e-01	0.000000e+00	0.000000e+00	0.000000e+00	1.109170e-04	1.100729e-09	1.198376e-03	0.000000e+00	0.000000e+00	0.000000e+00	
3.900000e+00	4.043127e+11	3.078960e+05	4.043127e-04	1.036726e+02	5.077956e-03	1.254302e+01	3.516231e-01	0.000000e+00	0.000000e+00	0.000000e+00	1.115946e-04	1.100863e-09	1.198515e-03	0.000000e+00	0.000000e+00	0.000000e+00	
3.950000e+00	4.094961e+11	3.220576e+05	4.094961e-04	1.036726e+02	5.143060e-03	1.254302e+01	3.531906e-01	0.000000e+00	0.000000e+00	0.000000e+00	1.122818e-04	1.101098e-09	1.198675e-03	0.000000e+00	0.000000e+00	0.000000e+00	
4.000000e+00	4.146794e+11	3.370372e+05	4.146794e-04	1.036726e+02	5.208165e-03	1.254302e+01	3.547732e-01	0.000000e+00	0.000000e+00	0.000000e+00	1.129548e-04	1.101268e-09	1.198823e-03	0.000000e+00	0.000000e+00	0.000000e+00	
4.050000e+00	4.198628e+11	3.591945e+08	4.198628e-04	1.036726e+02	5.273270e-03	1.254302e+01	1.409489e+01	0.000000e+00	0.000000e+00	0.000000e+00	1.136742e-04	1.101420e-09	1.198980e-03	0.000000e+00	0.000000e+00	0.000000e+00	
4.100000e+00	4.250464e+11	7.183899e+08	4.250464e-04	1.036726e+02	5.585998e-03	1.254302e+01	2.731952e+01	0.000000e+00	0.000000e+00	0.000000e+00	3.789318e-02	1.939156e-08	7.690649e-03	3.320986e+01	3.943383e-04	4.002767e+02	
4.150000e+00	4.302303e+11	1.077826e+09	4.302303e-04	1.036726e+02	5.897383e-03	1.254302e+01	4.006054e+01	0.000000e+00	0.000000e+00	0.000000e+00	7.149060e-02	3.534347e-08	1.346138e-02	9.992570e+01	1.188968e-03	1.201018e+03	
4.200000e+00	4.354145e+11	1.799520e+09	4.354145e-04	1.036726e+02	6.207196e-03	1.254302e+01	6.588776e+01	0.000000e+00	0.000000e+00	0.000000e+00	1.015290e-01	4.928380e-08	1.861892e-02	2.003886e+02	2.388909e-03	2.401595e+03	
4.250000e+00	4.405993e+11	2.160662e+09	4.405993e-04	1.036726e+02	6.766567e-03	1.254302e+01	7.760153e+01	0.000000e+00	0.000000e+00	0.000000e+00	1.554000e-01	7.630283e-08	2.787161e-02	3.717147e+02	4.473965e-03	4.429225e+03	
4.300000e+00	4.457843e+11	2.158996e+09	4.457843e-04	1.036726e+02	7.073682e-03	1.254302e+01	7.561728e+01	0.000000e+00	0.000000e+00	0.000000e+00	1.778196e-01	8.632440e-08	3.171753e-02	5.784108e+02	7.021549e-03	6.860507e+03	
4.350000e+00	4.509694e+11	2.157355e+09	4.509694e-04	1.036726e+02	7.126839e-03	1.254302e+01	7.370745e+01	0.000000e+00	0.000000e+00	0.000000e+00	1.750708e-01	8.180761e-08	3.123663e-02	7.821672e+02	9.532874e-03	9.257223e+03	
4.400000e+00	4.561543e+11	2.155735e+09	4.561543e-04	1.036726e+02	7.179191e-03	1.254302e+01	7.186823e+01	0.000000e+00	0.000000e+00	0.000000e+00	1.722861e-01	7.751018e-08	3.075025e-02	9.830623e+02	1.200891e-02	1.162030e+04	
4.450000e+00	4.613393e+11	2.154133e+09	4.613393e-04	1.036726e+02	7.230759e-03	1.254302e+01	7.009560e+01	0.000000e+00	0.000000e+00	0.000000e+00	1.694673e-01	7.341889e-08	3.025864e-02	1.181171e+03	1.445058e-02	1.395061e+04	
4.500000e+00	4.665242e+11	2.152545e+09	4.665242e-04	1.036726e+02	7.281568e-03	1.254302e+01	6.838658e+01	0.000000e+00	0.000000e+00	0.000000e+00	1.666165e-01	6.952141e-08	2.976213e-02	1.376567e+03	1.685879e-02	1.624902e+04	
4.550000e+00	4.717091e+11	2.150975e+09	4.717091e-04	1.036726e+02	7.331638e-03	1.254302e+01	6.673846e+01	0.000000e+00	0.000000e+00	0.000000e+00	1.637355e-01	6.580648e-08	2.926098e-02	1.569319e+03	1.923438e-02	1.851633e+04	
4.600000e+00	4.768940e+11	2.149432e+09	4.768940e-04	1.036726e+02	7.380999e-03	1.254302e+01	6.514866e+01	0.000000e+00	0.000000e+00	0.000000e+00	1.608267e-01	6.226340e-08	2.875561e-02	1.759493e+03	2.157820e-02	2.075335e+04	
4.650000e+00	4.820789e+11	2.147907e+09	4.820789e-04	1.036726e+02	7.429684e-03	1.254302e+01	6.361422e+01	0.000000e+00	0.000000e+00	0.000000e+00	1.578931e-01	5.888227e-08	2.824645e-02	1.947156e+03	2.389103e-02	2.296083e+04	
4.700000e+00	4.872637e+11	2.146403e+09	4.872637e-04	1.036726e+02	7.477716e-03	1.254302e+01	6.213268e+01	0.000000e+00	0.000000e+00	0.000000e+00	1.549364e-01	5.565393e-08	2.773383e-02	2.132368e+03	2.617365e-02	2.513949e+04	
4.750000e+00	4.924485e+11	2.144917e+09	4.924485e-04	1.036726e+02	7.525125e-03	1.254302e+01	6.070167e+01	0.000000e+00	0.000000e+00	0.000000e+00	1.519593e-01	5.256983e-08	2.721813e-02	2.315189e+03	2.842679e-02	2.729004e+04	
4.800000e+00	4.976333e+11	2.143450e+09	4.976333e-04	1.036726e+02	7.571942e-03	1.254302e+01	5.931888e+01	0.000000e+00	0.000000e+00	0.000000e+00	1.489641e-01	4.962200e-08	2.669975e-02	2.495678e+03	3.065115e-02	2.941316e+04	
4.850000e+00	5.028181e+11	2.142015e+09	5.028181e-04	1.036726e+02	7.618196e-03	1.254302e+01	5.798407e+01	0.000000e+00	0.000000e+00	0.000000e+00	1.459533e-01	4.680301e-08	2.617907e-02	2.673890e+03	3.284744e-02	3.150951e+04	
4.900000e+00	5.080028e+11	2.140582e+09	5.080028e-04	1.036726e+02	7.663925e-03	1.254302e+01	5.669133e+01	0.000000e+00	0.000000e+00	0.000000e+00	1.429299e-01	4.410602e-08	2.565663e-02	2.849879e+03	3.501631e-02	3.357971e+04	
4.950000e+00	5.131875e+11	2.139166e+09	5.131875e-04	1.036726e+02	7.709148e-03	1.254302e+01	5.544113e+01	0.000000e+00	0.000000e+00	0.000000e+00	1.398954e-01	4.152433e-08	2.513261e-02	3.023696e+03	3.715840e-02	3.562437e+04	
5.000000e+00	5.183722e+11	2.137755e+09	5.183722e-04	1.036726e+02	7.753904e-03	1.254302e+01	5.423072e+01	0.000000e+00	0.000000e+00	0.000000e+00	1.368530e-01	3.905208e-08	2.460755e-02	3.195391e+03	3.927433e-02	3.764409e+04	
5.050000e+00	5.235569e+11	2.136402e+09	5.235569e-04	1.036726e+02	7.798216e-03	1.254302e+01	5.306589e+01	0.000000e+00	0.000000e+00	0.000000e+00	1.338044e-01	3.668366e-08	2.408172e-02	3.365013e+03	4.136470e-02	3.963943e+04	
5.100000e+00	5.287416e+11	2.135049e+09	5.287416e-04	1.036726e+02	7.842144e-03	1.254302e+01	5.193536e+01	0.000000e+00	0.000000e+00	0.000000e+00	1.307546e-01	3.441463e-08	2.355607e-02	3.532609e+03	4.343008e-02	4.161093e+04	
5.150000e+00	5.339262e+11	2.133702e+09	5.339262e-04	1.036726e+02	7.885697e-03	1.254302e+01	5.083818e+01	0.000000e+00	0.000000e+00	0.000000e+00	1.277042e-01	3.223875e-08	2.303055e-02	3.698223e+03	4.547102e-02	4.355914e+04	
5.200000e+00	5.391109e+11	2.132396e+09	5.391109e-04	1.036726e+02	7.928908e-03	1.254302e+01	4.977761e+01	0.000000e+00	0.000000e+00	0.000000e+00	1.246558e-01	3.015101e-08	2.250559e-02	3.861900e+03	4.748807e-02	4.548456e+04	
5.250000e+00	5.442955e+11	2.131088e+09	5.442955e-04	1.036726e+02	7.971831e-03	1.254302e+01	4.874747e+01	0.000000e+00	0.000000e+00	0.000000e+00	1.216138e-01	2.814792e-08	2.198201e-02	4.023682e+03	4.948176e-02	4.738769e+04	
5.300000e+00	5.494801e+11	2.129805e+09	5.494801e-04	1.036726e+02	8.014478e-03	1.254302e+01	4.774893e+01	0.000000e+00	0.000000e+00	0.000000e+00	1.185789e-01	2.622506e-08	2.145984e-02	4.183608e+03	5.145257e-02	4.926901e+04	
5.350000e+00	5.546646e+11	2.128536e+09	5.546646e-04	1.036726e+02	8.056895e-03	1.254302e+01	4.678002e+01	0.000000e+00	0.000000e+00	0.000000e+00	1.155552e-01	2.437866e-08	2.093978e-02	4.341720e+03	5.340101e-02	5.112898e+04	
5.400000e+00	5.598492e+11	2.127283e+09	5.598492e-04	1.036726e+02	8.099110e-03	1.254302e+01	4.584012e+01	0.000000e+00	0.000000e+00	0.000000e+00	1.125444e-01	2.260509e-08	2.042214e-02	4.498056e+03	5.532754e-02	5.296807e+04	
5.450000e+00	5.650337e+11	2.126032e+09	5.650337e-04	1.036726e+02	8.141156e-03	1.254302e+01	4.492746e+01	0.000000e+00	0.000000e+00	0.000000e+00	1.095492e-01	2.090106e-08	1.990736e-02	4.652652e+03	5.723263e-02	5.478669e+04	
5.500000e+00	5.702182e+11	2.124806e+09	5.702182e-04	1.036726e+02	8.183055e-03	1.254302e+01	4.404182e+01	0.000000e+00	0.000000e+00	0.000000e+00	1.065714e-01	1.926347e-08	1.939571e-02	4.805544e+03	5.911671e-02	5.658529e+04	
5.550000e+00	5.754027e+11	2.123583e+09	5.754027e-04	1.036726e+02	8.224854e-03	1.254302e+01	4.318139e+01	0.000000e+00	0.000000e+00	0.000000e+00	1.036147e-01	1.768917e-08	1.888784e-02	4.956768e+03	6.098022e-02	5.836426e+04	
5.600000e+00	5.805872e+11	2.122362e+09	5.805872e-04	1.036726e+02	8.266570e-03	1.254302e+01	4.234531e+01	0.000000e+00	0.000000e+00	0.000000e+00	1.006803e-01	1.617552e-08	1.838393e-02	5.106358e+03	6.282358e-02	6.012401e+04	
5.650000e+00	5.857717e+11	2.121165e+09	5.857717e-04	1.036726e+02	8.308234e-03	1.254302e+01	4.153322e+01	0.000000e+00	0.000000e+00	0.000000e+00	9.777053e-02	1.471988e-08	1.788437e-02	5.254345e+03	6.464718e-02	6.186492e+04	
5.700000e+00	5.909561e+11	2.119980e+09	5.909561e-04	1.036726e+02	8.349890e-03	1.254302e+01	4.074396e+01	0.000000e+00	0.000000e+00	0.000000e+00	9.488896e-02	1.331957e-08	1.738977e-02	5.400762e+03	6.645143e-02	6.358736e+04	
5.750000e+00	5.961405e+11	2.118818e+09	5.961405e-04	1.036726e+02	8.391559e-03	1.254302e+01	3.997698e+01	0.000000e+00	0.000000e+00	0.000000e+00	9.203719e-02	1.197231e-08	1.690040e-02	5.545641e+03	6.823671e-02	6.529171e+04	
5.800000e+00	6.013250e+11	2.117668e+09	6.013250e-04	1.036726e+02	8.433279e-03	1.254302e+01	3.923118e+01	0.000000e+00	0.000000e+00	0.000000e+00	8.921809e-02	1.067580e-08	1.641674e-02	5.689010e+03	7.000338e-02	6.697830e+04	
5.850000e+00	6.065094e+11	2.116531e+09	6.065094e-04	1.036726e+02	8.475070e-03	1.254302e+01	3.850581e+01	0.000000e+00	0.000000e+00	0.000000e+00	8.643304e-02	9.428032e-09	1.593902e-02	5.830900e+03	7.175181e-02	6.864750e+04	
5.900000e+00	6.116937e+11	2.115406e+09	6.116937e-04	1.036726e+02	8.516957e-03	1.254302e+01	3.780012e+01	0.000000e+00	0.000000e+00	0.000000e+00	8.368404e-02	8.227021e-09	1.546756e-02	5.971338e+03	7.348234e-02	7.029962e+04	
5.950000e+00	6.168781e+11	2.114292e+09	6.168781e-04	1.036726e+02	8.558967e-03	1.254302e+01	3.711342e+01	0.000000e+00	0.000000e+00	0.000000e+00	8.097299e-02	7.070889e-09	1.500269e-02	6.110352e+03	7.519531e-02	7.193499e+04	
6.000000e+00	6.220625e+11	2.113190e+09	6.220625e-04	1.036726e+02	8.601126e-03	1.254302e+01	3.644505e+01	0.000000e+00	0.000000e+00	0.000000e+00	7.830170e-02	5.957862e-09	1.454471e-02	6.247968e+03	7.689106e-02	7.355393e+04	
6.050000e+00	6.272468e+11	2.112063e+09	6.272468e-04	1.036726e+02	8.643457e-03	1.254302e+01	3.579193e+01	0.000000e+00	0.000000e+00	0.000000e+00	7.567193e-02	4.886248e-09	1.409392e-02	6.384214e+03	7.856990e-02	7.515674e+04	
6.100000e+00	6.324311e+11	2.110965e+09	6.324311e-04	1.036726e+02	8.685964e-03	1.254302e+01	3.515718e+01	0.000000e+00	0.000000e+00	0.000000e+00	7.308370e-02	3.854514e-09	1.365025e-02	6.519113e+03	8.023215e-02	7.674372e+04	
6.150000e+00	6.376154e+11	2.109877e+09	6.376154e-04	1.036726e+02	8.728698e-03	1.254302e+01	3.453893e+01	0.000000e+00	0.000000e+00	0.000000e+00	7.054088e-02	2.861056e-09	1.321445e-02	6.652691e+03	8.187811e-02	7.831517e+04	
6.200000e+00	6.427997e+11	2.108800e+09	6.427997e-04	1.036726e+02	8.771670e-03	1.254302e+01	3.393663e+01	0.000000e+00	0.000000e+00	0.000000e+00	6.804404e-02	1.904466e-09	1.278659e-02	6.784972e+03	8.350808e-02	7.987135e+04	
6.250000e+00	6.479840e+11	2.107733e+09	6.479840e-04	1.036726e+02	8.814898e-03	1.254302e+01	3.334972e+01	0.000000e+00	0.000000e+00	0.000000e+00	6.559451e-02	9.833650e-10	1.236687e-02	6.915979e+03	8.512234e-02	8.141255e+04	
6.300000e+00	6.531683e+11	2.106663e+09	6.531683e-04	1.036726e+02	8.858403e-03	1.254302e+01	3.277748e+01	0.000000e+00	0.000000e+00	0.000000e+00	6.319346e-02	9.645141e-11	1.195551e-02	7.045734e+03	8.672117e-02	8.293903e+04	
6.350000e+00	6.583525e+11	2.105616e+09	6.583525e-04	1.036726e+02	8.902192e-03	1.254302e+01	3.222014e+01	0.000000e+00	0.000000e+00	0.000000e+00	6.084119e-02	-7.573772e-10	1.155253e-02	7.174260e+03	8.830485e-02	8.445105e+04	
6.400000e+00	6.635368e+11	2.168167e+09	6.635368e-04	1.036726e+02	8.946301e-03	1.254302e+01	3.260751e+01	0.000000e+00	0.000000e+00	0.000000e+00	5.854034e-02	-1.579543e-09	1.115841e-02	7.301578e+03	8.987364e-02	8.594887e+04	
6.450000e+00	6.687210e+11	2.232756e+09	6.687210e-04	1.036726e+02	9.007373e-03	1.254302e+01	3.302364e+01	0.000000e+00	0.000000e+00	0.000000e+00	5.776694e-02	-5.937748e-09	1.102018e-02	7.443533e+03	9.162479e-02	8.762799e+04	
6.500000e+00	6.739053e+11	2.297224e+09	6.739053e-04	1.036726e+02	9.069341e-03	1.254302e+01	3.343620e+01	0.000000e+00	0.000000e+00	0.000000e+00	5.708290e-02	-1.041227e-08	1.089704e-02	7.601160e+03	9.358126e-02	8.949917e+04	
6.550000e+00	6.790896e+11	2.296143e+09	6.790896e-04	1.036726e+02	9.131641e-03	1.254302e+01	3.288620e+01	0.000000e+00	0.000000e+00	0.000000e+00	5.643715e-02	-1.490453e-08	1.078040e-02	7.774878e+03	9.576852e-02	9.156800e+04	
6.600000e+00	6.842739e+11	2.295054e+09	6.842739e-04	1.036726e+02	9.175332e-03	1.254302e+01	3.234858e+01	0.000000e+00	0.000000e+00	0.000000e+00	5.417830e-02	-1.602206e-08	1.039382e-02	7.947014e+03	9.793586e-02	9.361801e+04	
6.650000e+00	6.894582e+11	3.056965e+09	6.894582e-04	1.036726e+02	9.219424e-03	1.254302e+01	5.983740e+01	0.000000e+00	0.000000e+00	0.000000e+00	5.197572e-02	-1.709610e-08	1.001687e-02	8.117595e+03	1.000836e-01	9.564950e+04	
6.700000e+00	6.946434e+11	3.436749e+09	6.946434e-04	1.036726e+02	9.759137e-03	1.254302e+01	7.255859e+01	0.000000e+00	0.000000e+00	0.000000e+00	9.045198e-02	1.107734e-07	1.675116e-02	8.539921e+03	1.055727e-01	9.944650e+04	
6.750000e+00	6.998291e+11	3.816033e+09	6.998291e-04	1.036726e+02	1.005514e-02	1.254302e+01	8.480514e+01	0.000000e+00	0.000000e+00	0.000000e+00	1.073161e-01	1.637346e-07	1.970022e-02	9.080694e+03	1.127520e-01	1.040903e+05	
6.800000e+00	7.050152e+11	4.577078e+09	7.050152e-04	1.036726e+02	1.035364e-02	1.254302e+01	1.107806e+02	0.000000e+00	0.000000e+00	0.000000e+00	1.233943e-01	2.106475e-07	2.250796e-02	9.735353e+03	1.216327e-01	1.095635e+05	
6.850000e+00	7.102023e+11	4.573279e+09	7.102023e-04	1.036726e+02	1.089847e-02	1.254302e+01	1.079663e+02	0.000000e+00	0.000000e+00	0.000000e+00	1.546568e-01	3.085504e-07	2.797331e-02	1.062311e+04	1.341845e-01	1.167788e+05	
6.900000e+00	7.153892e+11	4.569551e+09	7.153892e-04	1.036726e+02	1.095771e-02	1.254302e+01	1.052695e+02	0.000000e+00	0.000000e+00	0.000000e+00	1.533778e-01	2.888940e-07	2.773387e-02	1.149360e+04	1.464883e-01	1.238619e+05	
6.950000e+00	7.205761e+11	4.565890e+09	7.205761e-04	1.036726e+02	1.101659e-02	1.254302e+01	1.026828e+02	0.000000e+00	0.000000e+00	0.000000e+00	1.520886e-01	2.704332e-07	2.749391e-02	1.234750e+04	1.585539e-01	1.308179e+05	
7.000000e+00	7.257630e+11	4.562293e+09	7.257630e-04	1.036726e+02	1.107508e-02	1.254302e+01	1.001996e+02	0.000000e+00	0.000000e+00	0.000000e+00	1.507881e-01	2.530780e-07	2.725315e-02	1.318546e+04	1.703906e-01	1.376515e+05	
7.050000e+00	7.309498e+11	4.558757e+09	7.309498e-04	1.036726e+02	1.113318e-02	1.254302e+01	9.781401e+01	0.000000e+00	0.000000e+00	0.000000e+00	1.494754e-01	2.367465e-07	2.701134e-02	1.400807e+04	1.820070e-01	1.443671e+05	
7.100000e+00	7.361365e+11	4.555281e+09	7.361365e-04	1.036726e+02	1.119085e-02	1.254302e+01	9.552053e+01	0.000000e+00	0.000000e+00	0.000000e+00	1.481494e-01	2.213644e-07	2.676822e-02	1.481591e+04	1.934115e-01	1.509691e+05	
7.150000e+00	7.413231e+11	4.551864e+09	7.413231e-04	1.036726e+02	1.124809e-02	1.254302e+01	9.331453e+01	0.000000e+00	0.000000e+00	0.000000e+00	1.468092e-01	2.070409e-07	2.652308e-02	1.560951e+04	2.046117e-01	1.574614e+05	
7.200000e+00	7.465097e+11	4.548500e+09	7.465097e-04	1.036726e+02	1.130487e-02	1.254302e+01	9.119040e+01	0.000000e+00	0.000000e+00	0.000000e+00	1.454539e-01	1.937511e-07	2.627562e-02	1.638936e+04	2.156150e-01	1.638477e+05	
7.250000e+00	7.516962e+11	4.545190e+09	7.516962e-04	1.036726e+02	1.136117e-02	1.254302e+01	8.914420e+01	0.000000e+00	0.000000e+00	0.000000e+00	1.440826e-01	1.814229e-07	2.602564e-02	1.715597e+04	2.264283e-01	1.701317e+05	
7.300000e+00	7.568827e+11	4.541919e+09	7.568827e-04	1.036726e+02	1.141699e-02	1.254302e+01	8.717149e+01	0.000000e+00	0.000000e+00	0.000000e+00	1.426945e-01	1.699900e-07	2.577302e-02	1.790976e+04	2.370582e-01	1.763168e+05	
7.350000e+00	7.620691e+11	4.538698e+09	7.620691e-04	1.036726e+02	1.147230e-02	1.254302e+01	8.526886e+01	0.000000e+00	0.000000e+00	0.000000e+00	1.412884e-01	1.593917e-07	2.551752e-02	1.865118e+04	2.475108e-01	1.824061e+05	
7.400000e+00	7.672555e+11	4.535526e+09	7.672555e-04	1.036726e+02	1.152709e-02	1.254302e+01	8.343280e+01	0.000000e+00	0.000000e+00	0.000000e+00	1.398640e-01	1.495720e-07	2.525912e-02	1.938064e+04	2.577921e-01	1.884027e+05	
7.450000e+00	7.724418e+11	4.532414e+09	7.724418e-04	1.036726e+02	1.158137e-02	1.254302e+01	8.166023e+01	0.000000e+00	0.000000e+00	0.000000e+00	1.384208e-01	1.403073e-07	2.499817e-02	2.009851e+04	2.679077e-01	1.943095e+05	
7.500000e+00	7.776280e+11	4.529345e+09	7.776280e-04	1.036726e+02	1.163513e-02	1.254302e+01	7.994731e+01	0.000000e+00	0.000000e+00	0.000000e+00	1.369587e-01	1.315141e-07	2.473478e-02	2.080518e+04	2.778628e-01	2.001293e+05	
7.550000e+00	7.828142e+11	4.526321e+09	7.828142e-04	1.036726e+02	1.168835e-02	1.254302e+01	7.829171e+01	0.000000e+00	0.000000e+00	0.000000e+00	1.354766e-01	1.231629e-07	2.446870e-02	2.150098e+04	2.876626e-01	2.058647e+05	
7.600000e+00	7.880004e+11	4.523341e+09	7.880004e-04	1.036726e+02	1.174103e-02	1.254302e+01	7.669075e+01	0.000000e+00	0.000000e+00	0.000000e+00	1.339742e-01	1.152265e-07	2.419984e-02	2.218625e+04	2.973118e-01	2.115182e+05	
7.650000e+00	7.931865e+11	4.520402e+09	7.931865e-04	1.036726e+02	1.179316e-02	1.254302e+01	7.514178e+01	0.000000e+00	0.000000e+00	0.000000e+00	1.324512e-01	1.076794e-07	2.392811e-02	2.286132e+04	3.068151e-01	2.170922e+05	
7.700000e+00	7.983726e+11	4.517504e+09	7.983726e-04	1.036726e+02	1.184474e-02	1.254302e+01	7.364249e+01	0.000000e+00	0.000000e+00	0.000000e+00	1.309074e-01	1.004982e-07	2.365343e-02	2.352647e+04	3.161768e-01	2.225890e+05	
7.750000e+00	8.035586e+11	4.514645e+09	8.035586e-04	1.036726e+02	1.189575e-02	1.254302e+01	7.219055e+01	0.000000e+00	0.000000e+00	0.000000e+00	1.293427e-01	9.366113e-08	2.337574e-02	2.418202e+04	3.254012e-01	2.280108e+05	
7.800000e+00	8.087446e+11	4.511826e+09	8.087446e-04	1.036726e+02	1.194621e-02	1.254302e+01	7.078426e+01	0.000000e+00	0.000000e+00	0.000000e+00	1.277568e-01	8.714790e-08	2.309500e-02	2.482822e+04	3.344921e-01	2.333596e+05	
7.850000e+00	8.139305e+11	4.509043e+09	8.139305e-04	1.036726e+02	1.199610e-02	1.254302e+01	6.942116e+01	0.000000e+00	0.000000e+00	0.000000e+00	1.261500e-01	8.093979e-08	2.281118e-02	2.546535e+04	3.434535e-01	2.386375e+05	
7.900000e+00	8.191165e+11	4.506296e+09	8.191165e-04	1.036726e+02	1.204543e-02	1.254302e+01	6.809942e+01	0.000000e+00	0.000000e+00	0.000000e+00	1.245222e-01	7.501921e-08	2.252426e-02	2.609366e+04	3.522889e-01	2.438463e+05	
7.950000e+00	8.243023e+11	4.503587e+09	8.243023e-04	1.036726e+02	1.209420e-02	1.254302e+01	6.681743e+01	0.000000e+00	0.000000e+00	0.000000e+00	1.228736e-01	6.936984e-08	2.223425e-02	2.671338e+04	3.610019e-01	2.489879e+05	
8.000000e+00	8.294881e+11	4.500912e+09	8.294881e-04	1.036726e+02	1.214242e-02	1.254302e+01	6.557338e+01	0.000000e+00	0.000000e+00	0.000000e+00	1.212046e-01	6.397650e-08	2.194117e-02	2.732477e+04	3.695958e-01	2.540641e+05	
8.050000e+00	8.346739e+11	4.498271e+09	8.346739e-04	1.036726e+02	1.219009e-02	1.254302e+01	6.436568e+01	0.000000e+00	0.000000e+00	0.000000e+00	1.195154e-01	5.882497e-08	2.164506e-02	2.792802e+04	3.780739e-01	2.590765e+05	
8.100000e+00	8.398597e+11	3.753929e+09	8.398597e-04	1.036726e+02	1.223721e-02	1.254302e+01	4.947185e+01	0.000000e+00	0.000000e+00	0.000000e+00	1.178064e-01	5.390203e-08	2.134597e-02	2.852337e+04	3.864391e-01	2.640267e+05	
8.150000e+00	8.450448e+11	3.009554e+09	8.450448e-04	1.036726e+02	1.178086e-02	1.254302e+01	3.477365e+01	0.000000e+00	0.000000e+00	0.000000e+00	8.463528e-02	2.634452e-08	1.565045e-02	2.895989e+04	3.926895e-01	2.678521e+05	
8.200000e+00	8.502293e+11	2.265261e+09	8.502293e-04	1.036726e+02	1.132422e-02	1.254302e+01	2.026371e+01	0.000000e+00	0.000000e+00	0.000000e+00	4.877019e-02	-3.286717e-09	9.492614e-03	2.924190e+04	3.966968e-01	2.705501e+05	
8.250000e+00	8.554132e+11	2.264450e+09	8.554132e-04	1.036726e+02	1.086766e-02	1.254302e+01	2.000120e+01	0.000000e+00	0.000000e+00	0.000000e+00	9.897644e-03	-3.529307e-08	2.818488e-03	2.937360e+04	3.983548e-01	2.721187e+05	
8.300000e+00	8.605972e+11	2.263645e+09	8.605972e-04	1.036726e+02	1.092585e-02	1.254302e+01	1.974371e+01	0.000000e+00	0.000000e+00	0.000000e+00	9.306051e-03	-3.551709e-08	2.717267e-03	2.950435e+04	4.000008e-01	2.736759e+05	
8.350000e+00	8.657810e+11	2.262847e+09	8.657810e-04	1.036726e+02	1.098436e-02	1.254302e+01	1.949111e+01	0.000000e+00	0.000000e+00	0.000000e+00	8.745118e-03	-3.572759e-08	2.621290e-03	2.963416e+04	4.016350e-01	2.752220e+05	
8.400000e+00	8.709649e+11	2.262054e+09	8.709649e-04	1.036726e+02	1.104318e-02	1.254302e+01	1.924329e+01	0.000000e+00	0.000000e+00	0.000000e+00	8.213652e-03	-3.592507e-08	2.530351e-03	2.976304e+04	4.032575e-01	2.767570e+05	
8.450000e+00	8.761488e+11	2.261270e+09	8.761488e-04	1.036726e+02	1.110229e-02	1.254302e+01	1.900025e+01	0.000000e+00	0.000000e+00	0.000000e+00	7.710474e-03	-3.610999e-08	2.444250e-03	2.989102e+04	4.048686e-01	2.782812e+05	
8.500000e+00	8.813327e+11	2.260466e+09	8.813327e-04	1.036726e+02	1.116169e-02	1.254302e+01	1.876137e+01	0.000000e+00	0.000000e+00	0.000000e+00	7.234537e-03	-3.628282e-08	2.362811e-03	3.001809e+04	4.064682e-01	2.797947e+05	
8.550000e+00	8.865165e+11	2.259667e+09	8.865165e-04	1.036726e+02	1.122136e-02	1.254302e+01	1.852690e+01	0.000000e+00	0.000000e+00	0.000000e+00	6.783751e-03	-3.644410e-08	2.285670e-03	3.014427e+04	4.080567e-01	2.812975e+05	
8.600000e+00	8.917004e+11	2.258872e+09	8.917004e-04	1.036726e+02	1.128130e-02	1.254302e+01	1.829675e+01	0.000000e+00	0.000000e+00	0.000000e+00	6.357841e-03	-3.659415e-08	2.212783e-03	3.026957e+04	4.096341e-01	2.827899e+05	
8.650000e+00	8.968842e+11	2.258110e+09	8.968842e-04	1.036726e+02	1.134150e-02	1.254302e+01	1.807116e+01	0.000000e+00	0.000000e+00	0.000000e+00	5.955719e-03	-3.673339e-08	2.143965e-03	3.039400e+04	4.112006e-01	2.842719e+05	
8.700000e+00	9.020681e+11	2.257360e+09	9.020681e-04	1.036726e+02	1.140195e-02	1.254302e+01	1.785061e+01	0.000000e+00	0.000000e+00	0.000000e+00	5.577247e-03	-3.686213e-08	2.079196e-03	3.051758e+04	4.127563e-01	2.857437e+05	
8.750000e+00	9.072519e+11	2.256612e+09	9.072519e-04	1.036726e+02	1.146265e-02	1.254302e+01	1.763373e+01	0.000000e+00	0.000000e+00	0.000000e+00	5.220731e-03	-3.698042e-08	2.018195e-03	3.064031e+04	4.143013e-01	2.872055e+05	
8.800000e+00	9.124357e+11	2.255872e+09	9.124357e-04	1.036726e+02	1.152358e-02	1.254302e+01	1.742170e+01	0.000000e+00	0.000000e+00	0.000000e+00	4.884779e-03	-3.708927e-08	1.960706e-03	3.076221e+04	4.158358e-01	2.886573e+05	
8.850000e+00	9.176195e+11	2.255133e+09	9.176195e-04	1.036726e+02	1.158473e-02	1.254302e+01	1.721205e+01	0.000000e+00	0.000000e+00	0.000000e+00	4.568649e-03	-3.718828e-08	1.906619e-03	3.088328e+04	4.173599e-01	2.900993e+05	
8.900000e+00	9.228033e+11	2.254394e+09	9.228033e-04	1.036726e+02	1.164609e-02	1.254302e+01	1.700468e+01	0.000000e+00	0.000000e+00	0.000000e+00	4.271185e-03	-3.727912e-08	1.855709e-03	3.100353e+04	4.188738e-01	2.915315e+05	
8.950000e+00	9.279871e+11	2.253661e+09	9.279871e-04	1.036726e+02	1.170765e-02	1.254302e+01	1.680151e+01	0.000000e+00	0.000000e+00	0.000000e+00	3.991472e-03	-3.736212e-08	1.807818e-03	3.112298e+04	4.203775e-01	2.929542e+05	
9.000000e+00	9.331709e+11	2.252933e+09	9.331709e-04	1.036726e+02	1.176941e-02	1.254302e+01	1.660213e+01	0.000000e+00	0.000000e+00	0.000000e+00	3.728740e-03	-3.743653e-08	1.762839e-03	3.124163e+04	4.218712e-01	2.943674e+05	
9.050000e+00	9.383546e+11	2.252210e+09	9.383546e-04	1.036726e+02	1.183135e-02	1.254302e+01	1.640635e+01	0.000000e+00	0.000000e+00	0.000000e+00	3.482101e-03	-3.750279e-08	1.720617e-03	3.135950e+04	4.233550e-01	2.957713e+05	
9.100000e+00	9.435384e+11	2.251493e+09	9.435384e-04	1.036726e+02	1.189347e-02	1.254302e+01	1.621406e+01	0.000000e+00	0.000000e+00	0.000000e+00	3.250760e-03	-3.756131e-08	1.681014e-03	3.147660e+04	4.248290e-01	2.971659e+05	
9.150000e+00	9.487221e+11	2.250780e+09	9.487221e-04	1.036726e+02	1.195576e-02	1.254302e+01	1.602515e+01	0.000000e+00	0.000000e+00	0.000000e+00	3.033919e-03	-3.761244e-08	1.643895e-03	3.159292e+04	4.262933e-01	2.985513e+05	
9.200000e+00	9.539059e+11	2.250074e+09	9.539059e-04	1.036726e+02	1.201822e-02	1.254302e+01	1.583974e+01	0.000000e+00	0.000000e+00	0.000000e+00	2.830811e-03	-3.765649e-08	1.609126e-03	3.170849e+04	4.277482e-01	2.999278e+05	
9.250000e+00	9.590896e+11	2.249375e+09	9.590896e-04	1.036726e+02	1.208083e-02	1.254302e+01	1.565767e+01	0.000000e+00	0.000000e+00	0.000000e+00	2.640736e-03	-3.769368e-08	1.576593e-03	3.182331e+04	4.291935e-01	3.012953e+05	
9.300000e+00	9.642734e+11	2.978462e+09	9.642734e-04	1.036726e+02	1.214358e-02	1.254302e+01	3.396110e+01	0.000000e+00	0.000000e+00	0.000000e+00	2.462991e-03	-3.772433e-08	1.546175e-03	3.193738e+04	4.306296e-01	3.026540e+05	
9.350000e+00	9.694580e+11	4.309942e+09	9.694580e-04	1.036726e+02	1.257110e-02	1.254302e+01	7.956664e+01	0.000000e+00	0.000000e+00	0.000000e+00	2.685112e-02	3.983260e-08	5.856368e-03	3.227203e+04	4.343572e-01	3.055002e+05	
9.400000e+00	9.746448e+11	6.401401e+09	9.746448e-04	1.036726e+02	1.310842e-02	1.254302e+01	1.269449e+02	0.000000e+00	0.000000e+00	0.000000e+00	5.626055e-02	2.437111e-07	1.113386e-02	3.311012e+04	4.423285e-01	3.112814e+05	
9.450000e+00	9.798339e+11	7.969876e+09	9.798339e-04	1.036726e+02	1.366200e-02	1.254302e+01	1.626326e+02	0.000000e+00	0.000000e+00	0.000000e+00	8.427494e-02	3.984305e-07	1.614377e-02	3.445462e+04	4.550467e-01	3.203273e+05	
9.500000e+00	9.850249e+11	9.546216e+09	9.850249e-04	1.036726e+02	1.385105e-02	1.254302e+01	1.959992e+02	0.000000e+00	0.000000e+00	0.000000e+00	9.059525e-02	5.291705e-07	1.740102e-02	3.623549e+04	4.722338e-01	3.321396e+05	
9.550000e+00	9.902175e+11	1.154899e+10	9.902175e-04	1.036726e+02	1.404503e-02	1.254302e+01	2.302977e+02	0.000000e+00	0.000000e+00	0.000000e+00	9.700786e-02	6.427232e-07	1.867068e-02	3.843042e+04	4.941691e-01	3.466230e+05	
9.600000e+00	9.954119e+11	1.220428e+10	9.954119e-04	1.036726e+02	1.425629e-02	1.254302e+01	2.879271e+02	0.000000e+00	0.000000e+00	0.000000e+00	1.041619e-01	7.309531e-07	2.005078e-02	4.105949e+04	5.218920e-01	3.640776e+05	
9.650000e+00	1.000609e+12	1.219078e+10	1.000609e-03	1.036726e+02	1.452170e-02	1.254302e+01	2.700935e+02	0.000000e+00	0.000000e+00	0.000000e+00	1.136736e-01	1.057440e-06	2.205625e-02	4.440251e+04	5.553877e-01	3.852254e+05	
9.700000e+00	1.005806e+12	1.217799e+10	1.005806e-03	1.036726e+02	1.459461e-02	1.254302e+01	2.546841e+02	0.000000e+00	0.000000e+00	0.000000e+00	1.135418e-01	9.598360e-07	2.203955e-02	4.754512e+04	5.872353e-01	4.053173e+05	
9.750000e+00	1.011001e+12	1.216584e+10	1.011001e-03	1.036726e+02	1.466744e-02	1.254302e+01	2.412103e+02	0.000000e+00	0.000000e+00	0.000000e+00	1.134206e-01	8.761221e-07	2.201034e-02	5.051512e+04	6.176578e-01	4.244965e+05	
9.800000e+00	1.016196e+12	1.215425e+10	1.016196e-03	1.036726e+02	1.474026e-02	1.254302e+01	2.293039e+02	0.000000e+00	0.000000e+00	0.000000e+00	1.133081e-01	8.034515e-07	2.197328e-02	5.333465e+04	6.468326e-01	4.428769e+05	
9.850000e+00	1.021391e+12	1.214313e+10	1.021391e-03	1.036726e+02	1.481306e-02	1.254302e+01	2.186890e+02	0.000000e+00	0.000000e+00	0.000000e+00	1.132016e-01	7.397237e-07	2.193107e-02	5.602166e+04	6.749037e-01	4.605509e+05	
9.900000e+00	1.026585e+12	1.213249e+10	1.026585e-03	1.036726e+02	1.488574e-02	1.254302e+01	2.091665e+02	0.000000e+00	0.000000e+00	0.000000e+00	1.130998e-01	6.812633e-07	2.187901e-02	5.859091e+04	7.019897e-01	4.775945e+05	
9.950000e+00	1.031779e+12	1.252795e+10	1.031779e-03	1.036726e+02	1.495823e-02	1.254302e+01	2.068578e+02	0.000000e+00	0.000000e+00	0.000000e+00	1.130013e-01	6.256344e-07	2.181459e-02	6.105470e+04	7.281893e-01	4.940711e+05	
1.000000e+01	1.036972e+12	1.292388e+10	1.036972e-03	1.036726e+02	1.531043e-02	1.254302e+01	2.053699e+02	0.000000e+00	0.000000e+00	0.000000e+00	1.264281e-01	5.781233e-07	2.403536e-02	6.353235e+04	7.549316e-01	5.108097e+05	
1.005000e+01	1.042166e+12	1.291362e+10	1.042166e-03	1.036726e+02	1.566377e-02	1.254302e+01	1.979310e+02	0.000000e+00	0.000000e+00	0.000000e+00	1.393099e-01	5.351625e-07	2.615866e-02	6.603634e+04	7.823809e-01	5.278693e+05	
1.010000e+01	1.047359e+12	1.330997e+10	1.047359e-03	1.036726e+02	1.573184e-02	1.254302e+01	1.975909e+02	0.000000e+00	0.000000e+00	0.000000e+00	1.389186e-01	4.858545e-07	2.601995e-02	6.845844e+04	8.091188e-01	5.444775e+05	
1.015000e+01	1.052553e+12	1.359933e+10	1.052553e-03	1.036726e+02	1.608402e-02	1.254302e+01	2.301811e+02	0.000000e+00	0.000000e+00	0.000000e+00	1.511491e-01	4.485432e-07	2.802468e-02	7.092364e+04	8.367419e-01	5.614824e+05	
1.020000e+01	1.057748e+12	1.368527e+10	1.057748e-03	1.036726e+02	1.623178e-02	1.254302e+01	2.160609e+02	0.000000e+00	0.000000e+00	0.000000e+00	1.539987e-01	5.001320e-07	2.863231e-02	7.361125e+04	8.662400e-01	5.801070e+05	
1.025000e+01	1.062942e+12	1.304110e+10	1.062942e-03	1.036726e+02	1.642889e-02	1.254302e+01	1.824167e+02	0.000000e+00	0.000000e+00	0.000000e+00	1.591249e-01	4.403901e-07	2.934736e-02	7.619158e+04	8.955709e-01	5.984226e+05	
1.030000e+01	1.068135e+12	1.365566e+10	1.068135e-03	1.036726e+02	1.618836e-02	1.254302e+01	3.349884e+02	0.000000e+00	0.000000e+00	0.000000e+00	1.456247e-01	2.975562e-07	2.676655e-02	7.835716e+04	9.215912e-01	6.145558e+05	
1.035000e+01	1.073335e+12	1.397002e+10	1.073335e-03	1.036726e+02	1.629342e-02	1.254302e+01	4.217999e+02	0.000000e+00	0.000000e+00	0.000000e+00	1.466486e-01	5.201713e-07	2.707517e-02	8.178630e+04	9.588209e-01	6.388767e+05	
1.040000e+01	1.078541e+12	1.483073e+10	1.078541e-03	1.036726e+02	1.637421e-02	1.254302e+01	3.949227e+02	0.000000e+00	0.000000e+00	0.000000e+00	1.466278e-01	7.038738e-07	2.718505e-02	8.600082e+04	1.002589e+00	6.681170e+05	
1.045000e+01	1.083745e+12	1.555171e+10	1.083745e-03	1.036726e+02	1.700927e-02	1.254302e+01	3.780806e+02	0.000000e+00	0.000000e+00	0.000000e+00	1.694191e-01	9.686388e-07	3.140257e-02	9.044344e+04	1.049458e+00	6.980119e+05	
1.050000e+01	1.088948e+12	1.588747e+10	1.088948e-03	1.036726e+02	1.747019e-02	1.254302e+01	3.614684e+02	0.000000e+00	0.000000e+00	0.000000e+00	1.840462e-01	1.028151e-06	3.412425e-02	9.495487e+04	1.097218e+00	7.279394e+05	
1.055000e+01	1.094151e+12	1.654605e+10	1.094151e-03	1.036726e+02	1.770547e-02	1.254302e+01	3.675427e+02	0.000000e+00	0.000000e+00	0.000000e+00	1.896678e-01	1.048732e-06	3.520618e-02	9.941968e+04	1.144418e+00	7.573282e+05	
1.060000e+01	1.099354e+12	1.688218e+10	1.099354e-03	1.036726e+02	1.807276e-02	1.254302e+01	3.600376e+02	0.000000e+00	0.000000e+00	0.000000e+00	1.998377e-01	1.148424e-06	3.717818e-02	1.041120e+05	1.193216e+00	7.876601e+05	
1.065000e+01	1.104557e+12	1.723249e+10	1.104557e-03	1.036726e+02	1.831560e-02	1.254302e+01	3.714651e+02	0.000000e+00	0.000000e+00	0.000000e+00	2.054000e-01	1.154724e-06	3.816890e-02	1.088300e+05	1.242201e+00	8.179288e+05	
1.070000e+01	1.109760e+12	1.687511e+10	1.109760e-03	1.036726e+02	1.851471e-02	1.254302e+01	3.460764e+02	0.000000e+00	0.000000e+00	0.000000e+00	2.092780e-01	1.344170e-06	3.890031e-02	1.139281e+05	1.294332e+00	8.497526e+05	
1.075000e+01	1.114962e+12	1.710963e+10	1.114962e-03	1.036726e+02	1.836144e-02	1.254302e+01	3.195169e+02	0.000000e+00	0.000000e+00	0.000000e+00	2.009358e-01	1.241288e-06	3.741330e-02	1.187080e+05	1.343519e+00	8.797710e+05	
1.080000e+01	1.120163e+12	1.713236e+10	1.120163e-03	1.036726e+02	1.867775e-02	1.254302e+01	3.147284e+02	0.000000e+00	0.000000e+00	0.000000e+00	2.090850e-01	1.083549e-06	3.867051e-02	1.231722e+05	1.389786e+00	9.080913e+05	
1.085000e+01	1.125363e+12	1.748779e+10	1.125363e-03	1.036726e+02	1.876745e-02	1.254302e+01	3.067176e+02	0.000000e+00	0.000000e+00	0.000000e+00	2.092823e-01	1.089736e-06	3.859304e-02	1.277076e+05	1.436185e+00	9.365040e+05	
1.090000e+01	1.130563e+12	1.747111e+10	1.130563e-03	1.036726e+02	1.910873e-02	1.254302e+01	2.945863e+02	0.000000e+00	0.000000e+00	0.000000e+00	2.179176e-01	9.931758e-07	3.997718e-02	1.321741e+05	1.482370e+00	9.645517e+05	
1.095000e+01	1.135763e+12	1.709838e+10	1.135763e-03	1.036726e+02	1.919009e-02	1.254302e+01	2.687911e+02	0.000000e+00	0.000000e+00	0.000000e+00	2.177699e-01	9.102945e-07	3.987301e-02	1.364831e+05	1.527163e+00	9.917306e+05	
1.100000e+01	1.140961e+12	1.745294e+10	1.140961e-03	1.036726e+02	1.911133e-02	1.254302e+01	2.892573e+02	0.000000e+00	0.000000e+00	0.000000e+00	2.124056e-01	7.419006e-07	3.876637e-02	1.403713e+05	1.568104e+00	1.016755e+06	
1.105000e+01	1.146160e+12	1.787988e+10	1.146160e-03	1.036726e+02	1.930247e-02	1.254302e+01	2.838001e+02	0.000000e+00	0.000000e+00	0.000000e+00	2.157892e-01	9.462391e-07	3.941932e-02	1.447386e+05	1.612616e+00	1.043890e+06	
1.110000e+01	1.151360e+12	1.786423e+10	1.151360e-03	1.036726e+02	1.966803e-02	1.254302e+01	2.735864e+02	0.000000e+00	0.000000e+00	0.000000e+00	2.248505e-01	8.598586e-07	4.088523e-02	1.490983e+05	1.658005e+00	1.071150e+06	
1.115000e+01	1.156558e+12	1.749248e+10	1.156558e-03	1.036726e+02	1.974080e-02	1.254302e+01	2.488390e+02	0.000000e+00	0.000000e+00	0.000000e+00	2.243959e-01	7.857580e-07	4.074356e-02	1.533142e+05	1.702140e+00	1.097636e+06	
1.120000e+01	1.161755e+12	1.747857e+10	1.161755e-03	1.036726e+02	1.965756e-02	1.254302e+01	2.409619e+02	0.000000e+00	0.000000e+00	0.000000e+00	2.190648e-01	6.121831e-07	3.964706e-02	1.570899e+05	1.742484e+00	1.121955e+06	
1.125000e+01	1.166952e+12	1.794194e+10	1.166952e-03	1.036726e+02	1.972381e-02	1.254302e+01	2.381449e+02	0.000000e+00	0.000000e+00	0.000000e+00	2.184132e-01	5.605891e-07	3.948375e-02	1.607589e+05	1.781881e+00	1.145683e+06	
1.130000e+01	1.172149e+12	1.823854e+10	1.172149e-03	1.036726e+02	1.998413e-02	1.254302e+01	3.047903e+02	0.000000e+00	0.000000e+00	0.000000e+00	2.239426e-01	5.035414e-07	4.035965e-02	1.645017e+05	1.823616e+00	1.169829e+06	
1.135000e+01	1.177350e+12	1.822199e+10	1.177350e-03	1.036726e+02	2.011226e-02	1.254302e+01	2.821568e+02	0.000000e+00	0.000000e+00	0.000000e+00	2.251629e-01	5.425982e-07	4.058281e-02	1.687857e+05	1.869789e+00	1.197787e+06	
1.140000e+01	1.182549e+12	1.855781e+10	1.182549e-03	1.036726e+02	2.017222e-02	1.254302e+01	2.766446e+02	0.000000e+00	0.000000e+00	0.000000e+00	2.242630e-01	5.001084e-07	4.043200e-02	1.728452e+05	1.914012e+00	1.224318e+06	
1.145000e+01	1.187748e+12	1.847270e+10	1.187748e-03	1.036726e+02	2.041263e-02	1.254302e+01	2.893098e+02	0.000000e+00	0.000000e+00	0.000000e+00	2.288979e-01	5.152738e-07	4.126261e-02	1.769519e+05	1.958697e+00	1.250837e+06	
1.150000e+01	1.192948e+12	1.906912e+10	1.192948e-03	1.036726e+02	2.030159e-02	1.254302e+01	4.063313e+02	0.000000e+00	0.000000e+00	0.000000e+00	2.226583e-01	6.362311e-07	4.029724e-02	1.812572e+05	2.004603e+00	1.278134e+06	
1.155000e+01	1.198155e+12	1.866526e+10	1.198155e-03	1.036726e+02	2.044802e-02	1.254302e+01	3.529300e+02	0.000000e+00	0.000000e+00	0.000000e+00	2.244255e-01	7.372717e-07	4.061406e-02	1.866552e+05	2.059429e+00	1.312387e+06	
1.160000e+01	1.203359e+12	1.875716e+10	1.203359e-03	1.036726e+02	2.036078e-02	1.254302e+01	4.500850e+02	0.000000e+00	0.000000e+00	0.000000e+00	2.189267e-01	6.177310e-07	3.975822e-02	1.912964e+05	2.108230e+00	1.342655e+06	
1.165000e+01	1.208569e+12	1.836041e+10	1.208569e-03	1.036726e+02	2.021762e-02	1.254302e+01	5.597580e+02	0.000000e+00	0.000000e+00	0.000000e+00	2.118076e-01	7.197310e-07	3.839556e-02	1.970927e+05	2.168937e+00	1.379723e+06	
1.170000e+01	1.213786e+12	1.685436e+10	1.213786e-03	1.036726e+02	1.973658e-02	1.254302e+01	4.354862e+02	0.000000e+00	0.000000e+00	0.000000e+00	1.937404e-01	9.237418e-07	3.487270e-02	2.041064e+05	2.239703e+00	1.423651e+06	
1.175000e+01	1.218995e+12	1.756597e+10	1.218995e-03	1.036726e+02	1.904514e-02	1.254302e+01	3.977935e+02	0.000000e+00	0.000000e+00	0.000000e+00	1.663324e-01	8.857911e-07	3.084456e-02	2.096176e+05	2.297345e+00	1.458726e+06	
1.180000e+01	1.224202e+12	2.058944e+10	1.224202e-03	1.036726e+02	1.918607e-02	1.254302e+01	3.910917e+02	0.000000e+00	0.000000e+00	0.000000e+00	1.681973e-01	9.785424e-07	3.147267e-02	2.149103e+05	2.353092e+00	1.492057e+06	
1.185000e+01	1.229409e+12	2.360723e+10	1.229409e-03	1.036726e+02	1.975549e-02	1.254302e+01	5.409219e+02	0.000000e+00	0.000000e+00	0.000000e+00	1.850132e-01	9.553898e-07	3.441889e-02	2.204239e+05	2.411837e+00	1.526683e+06	
1.190000e+01	1.234625e+12	2.405567e+10	1.234625e-03	1.036726e+02	1.997962e-02	1.254302e+01	4.189261e+02	0.000000e+00	0.000000e+00	0.000000e+00	1.903771e-01	9.110446e-07	3.453693e-02	2.277224e+05	2.485435e+00	1.571963e+06	
1.195000e+01	1.239834e+12	2.479024e+10	1.239834e-03	1.036726e+02	2.002945e-02	1.254302e+01	3.723998e+02	0.000000e+00	0.000000e+00	0.000000e+00	1.888704e-01	7.679039e-07	3.471021e-02	2.337313e+05	2.549111e+00	1.609874e+06	
1.200000e+01	1.245039e+12	2.542164e+10	1.245039e-03	1.036726e+02	2.054916e-02	1.254302e+01	3.815680e+02	0.000000e+00	0.000000e+00	0.000000e+00	2.029924e-01	7.662576e-07	3.704706e-02	2.399648e+05	2.625639e+00	1.648537e+06	
1.205000e+01	1.250246e+12	2.572994e+10	1.250246e-03	1.036726e+02	2.084156e-02	1.254302e+01	4.186580e+02	0.000000e+00	0.000000e+00	0.000000e+00	2.091660e-01	8.969660e-07	3.840209e-02	2.464490e+05	2.704036e+00	1.688280e+06	
1.210000e+01	1.255455e+12	2.530867e+10	1.255455e-03	1.036726e+02	2.105299e-02	1.254302e+01	3.827682e+02	0.000000e+00	0.000000e+00	0.000000e+00	2.130494e-01	8.447229e-07	3.897180e-02	2.533403e+05	2.784627e+00	1.730232e+06	
1.215000e+01	1.260662e+12	2.437671e+10	1.260662e-03	1.036726e+02	2.095125e-02	1.254302e+01	3.291399e+02	0.000000e+00	0.000000e+00	0.000000e+00	2.072672e-01	7.914463e-07	3.800473e-02	2.597628e+05	2.860782e+00	1.769432e+06	
1.220000e+01	1.265865e+12	2.435713e+10	1.265865e-03	1.036726e+02	2.054530e-02	1.254302e+01	3.110668e+02	0.000000e+00	0.000000e+00	0.000000e+00	1.920636e-01	6.364622e-07	3.511914e-02	2.655076e+05	2.931108e+00	1.804755e+06	
1.225000e+01	1.271068e+12	2.443262e+10	1.271068e-03	1.036726e+02	2.060252e-02	1.254302e+01	2.824788e+02	0.000000e+00	0.000000e+00	0.000000e+00	1.912198e-01	5.944049e-07	3.494212e-02	2.710227e+05	2.999275e+00	1.838776e+06	
1.230000e+01	1.276268e+12	2.441002e+10	1.276268e-03	1.036726e+02	2.076652e-02	1.254302e+01	3.164325e+02	0.000000e+00	0.000000e+00	0.000000e+00	1.938574e-01	5.595773e-07	3.527452e-02	2.763624e+05	3.066915e+00	1.871593e+06	
1.235000e+01	1.281471e+12	2.476687e+10	1.281471e-03	1.036726e+02	2.070260e-02	1.254302e+01	3.507863e+02	0.000000e+00	0.000000e+00	0.000000e+00	1.892743e-01	6.528298e-07	3.432512e-02	2.824753e+05	3.140612e+00	1.908032e+06	
1.240000e+01	1.286677e+12	2.591074e+10	1.286677e-03	1.036726e+02	2.088361e-02	1.254302e+01	4.318651e+02	0.000000e+00	0.000000e+00	0.000000e+00	1.922797e-01	7.899901e-07	3.492294e-02	2.890337e+05	3.217135e+00	1.946824e+06	
1.245000e+01	1.291887e+12	2.702347e+10	1.291887e-03	1.036726e+02	2.143687e-02	1.254302e+01	5.591389e+02	0.000000e+00	0.000000e+00	0.000000e+00	2.066652e-01	9.976018e-07	3.743334e-02	2.970018e+05	3.309322e+00	1.993410e+06	
