# COLUMN NUMBERS: 
#	0: time [Gyr]
#	1: mgas [Msun]			ISM gas mass
#	2: mstar [Msun]			Stellar mass
#	3: sfr [Msun/yr]		Star formation rate
#	4: ifr [Msun/yr]		Infall rate
#	5: ofr [Msun/yr]		Outfow rate
#	6: eta_0			Mass-loading factor
#	7: r_eff			Effective recycilng rate
#	8: z_in(fe)			Inflow fe metallicity
#	9: z_in(sr)			Inflow sr metallicity
#	10: z_in(o)			Inflow o metallicity
#	11: z_out(fe)			Outflow fe metallicity
#	12: z_out(sr)			Outflow sr metallicity
#	13: z_out(o)			Outflow o metallicity
#	14: mass(fe) [Msun]		mass of element fe in ISM
#	15: mass(sr) [Msun]		mass of element sr in ISM
#	16: mass(o) [Msun]		mass of element o in ISM
0.000000e+00	1.000000e-12	3.748255e-20	1.000000e-27	1.036726e+02	-nan	1.254302e+01	2.503490e-01	0.000000e+00	0.000000e+00	0.000000e+00	-nan	-nan	-nan	0.000000e+00	0.000000e+00	0.000000e+00	
5.000000e-02	5.183628e+09	1.942956e+02	5.183628e-06	1.036726e+02	6.510233e-05	1.254302e+01	2.503490e-01	0.000000e+00	0.000000e+00	0.000000e+00	9.554732e-05	1.066945e-09	1.194342e-03	0.000000e+00	0.000000e+00	0.000000e+00	
1.000000e-01	1.036725e+10	5.770320e+02	1.036725e-05	1.036726e+02	1.302046e-04	1.254302e+01	2.616435e-01	0.000000e+00	0.000000e+00	0.000000e+00	9.554732e-05	1.066945e-09	1.194342e-03	0.000000e+00	0.000000e+00	0.000000e+00	
1.500000e-01	1.555087e+10	1.144690e+03	1.555087e-05	1.036726e+02	1.953069e-04	1.254302e+01	2.699339e-01	0.000000e+00	0.000000e+00	0.000000e+00	9.554726e-05	1.071088e-09	1.194426e-03	0.000000e+00	0.000000e+00	0.000000e+00	
2.000000e-01	2.073449e+10	1.905789e+03	2.073449e-05	1.036726e+02	2.604091e-04	1.254302e+01	2.766723e-01	0.000000e+00	0.000000e+00	0.000000e+00	9.554720e-05	1.074970e-09	1.194509e-03	0.000000e+00	0.000000e+00	0.000000e+00	
2.500000e-01	2.591810e+10	2.891845e+03	2.591810e-05	1.036726e+02	3.255117e-04	1.254302e+01	2.828343e-01	0.000000e+00	0.000000e+00	0.000000e+00	9.649135e-05	1.078119e-09	1.194746e-03	0.000000e+00	0.000000e+00	0.000000e+00	
3.000000e-01	3.110172e+10	4.045086e+03	3.110172e-05	1.036726e+02	3.906145e-04	1.254302e+01	2.877827e-01	0.000000e+00	0.000000e+00	0.000000e+00	9.788181e-05	1.080849e-09	1.195056e-03	0.000000e+00	0.000000e+00	0.000000e+00	
3.500000e-01	3.628532e+10	5.386455e+03	3.628532e-05	1.036726e+02	4.557177e-04	1.254302e+01	2.921294e-01	0.000000e+00	0.000000e+00	0.000000e+00	9.950592e-05	1.082916e-09	1.195395e-03	0.000000e+00	0.000000e+00	0.000000e+00	
4.000000e-01	4.146893e+10	6.914669e+03	4.146893e-05	1.036726e+02	5.208212e-04	1.254302e+01	2.960076e-01	0.000000e+00	0.000000e+00	0.000000e+00	1.012579e-04	1.084643e-09	1.195750e-03	0.000000e+00	0.000000e+00	0.000000e+00	
4.500000e-01	4.665253e+10	8.628593e+03	4.665253e-05	1.036726e+02	5.859249e-04	1.254302e+01	2.995103e-01	0.000000e+00	0.000000e+00	0.000000e+00	1.030797e-04	1.086120e-09	1.196114e-03	0.000000e+00	0.000000e+00	0.000000e+00	
5.000000e-01	5.183612e+10	1.052721e+04	5.183612e-05	1.036726e+02	6.510289e-04	1.254302e+01	3.027051e-01	0.000000e+00	0.000000e+00	0.000000e+00	1.049367e-04	1.087408e-09	1.196480e-03	0.000000e+00	0.000000e+00	0.000000e+00	
5.500000e-01	5.701972e+10	1.260960e+04	5.701972e-05	1.036726e+02	7.161332e-04	1.254302e+01	3.056426e-01	0.000000e+00	0.000000e+00	0.000000e+00	1.068075e-04	1.088545e-09	1.196846e-03	0.000000e+00	0.000000e+00	0.000000e+00	
6.000000e-01	6.220331e+10	1.500054e+04	6.220331e-05	1.036726e+02	7.812377e-04	1.254302e+01	3.096167e-01	0.000000e+00	0.000000e+00	0.000000e+00	1.086779e-04	1.089555e-09	1.197210e-03	0.000000e+00	0.000000e+00	0.000000e+00	
6.500000e-01	6.738689e+10	1.732238e+04	6.738689e-05	1.036726e+02	8.463424e-04	1.254302e+01	3.108932e-01	0.000000e+00	0.000000e+00	0.000000e+00	1.105388e-04	1.091093e-09	1.197582e-03	0.000000e+00	0.000000e+00	0.000000e+00	
7.000000e-01	7.257048e+10	1.995127e+04	7.257048e-05	1.036726e+02	9.114474e-04	1.254302e+01	3.132617e-01	0.000000e+00	0.000000e+00	0.000000e+00	1.123836e-04	1.091263e-09	1.197925e-03	0.000000e+00	0.000000e+00	0.000000e+00	
7.500000e-01	7.775406e+10	2.276092e+04	7.775406e-05	1.036726e+02	9.765526e-04	1.254302e+01	3.154870e-01	0.000000e+00	0.000000e+00	0.000000e+00	1.142079e-04	1.091990e-09	1.198275e-03	0.000000e+00	0.000000e+00	0.000000e+00	
8.000000e-01	8.293763e+10	2.575070e+04	8.293763e-05	1.036726e+02	1.041658e-03	1.254302e+01	3.175857e-01	0.000000e+00	0.000000e+00	0.000000e+00	1.160087e-04	1.092646e-09	1.198619e-03	0.000000e+00	0.000000e+00	0.000000e+00	
8.500000e-01	8.812121e+10	2.910274e+04	8.812121e-05	1.036726e+02	1.106764e-03	1.254302e+01	3.208601e-01	0.000000e+00	0.000000e+00	0.000000e+00	1.177837e-04	1.093241e-09	1.198958e-03	0.000000e+00	0.000000e+00	0.000000e+00	
9.000000e-01	9.330478e+10	3.249333e+04	9.330478e-05	1.036726e+02	1.171869e-03	1.254302e+01	3.227724e-01	0.000000e+00	0.000000e+00	0.000000e+00	1.195316e-04	1.094452e-09	1.199305e-03	0.000000e+00	0.000000e+00	0.000000e+00	
9.500000e-01	9.848834e+10	3.603140e+04	9.848834e-05	1.036726e+02	1.236975e-03	1.254302e+01	3.245673e-01	0.000000e+00	0.000000e+00	0.000000e+00	1.212798e-04	1.094952e-09	1.199637e-03	0.000000e+00	0.000000e+00	0.000000e+00	
1.000000e+00	1.036719e+11	4.003844e+04	1.036719e-04	1.036726e+02	1.302082e-03	1.254302e+01	3.267742e-01	0.000000e+00	0.000000e+00	0.000000e+00	1.229683e-04	1.095406e-09	1.199957e-03	0.000000e+00	0.000000e+00	0.000000e+00	
1.050000e+00	1.088555e+11	4.411564e+04	1.088555e-04	1.036726e+02	1.367188e-03	1.254302e+01	3.286896e-01	0.000000e+00	0.000000e+00	0.000000e+00	1.249424e-04	1.095958e-09	1.200332e-03	0.000000e+00	0.000000e+00	0.000000e+00	
1.100000e+00	1.140390e+11	4.847134e+04	1.140390e-04	1.036726e+02	1.432295e-03	1.254302e+01	3.305371e-01	0.000000e+00	0.000000e+00	0.000000e+00	1.267504e-04	1.096406e-09	1.200675e-03	0.000000e+00	0.000000e+00	0.000000e+00	
1.150000e+00	1.192226e+11	5.298241e+04	1.192226e-04	1.036726e+02	1.497402e-03	1.254302e+01	3.322655e-01	0.000000e+00	0.000000e+00	0.000000e+00	1.285844e-04	1.096815e-09	1.201021e-03	0.000000e+00	0.000000e+00	0.000000e+00	
1.200000e+00	1.244061e+11	5.768939e+04	1.244061e-04	1.036726e+02	1.562510e-03	1.254302e+01	3.339115e-01	0.000000e+00	0.000000e+00	0.000000e+00	1.303527e-04	1.097186e-09	1.201355e-03	0.000000e+00	0.000000e+00	0.000000e+00	
1.250000e+00	1.295897e+11	6.269483e+04	1.295897e-04	1.036726e+02	1.627617e-03	1.254302e+01	3.355405e-01	0.000000e+00	0.000000e+00	0.000000e+00	1.320865e-04	1.097525e-09	1.201682e-03	0.000000e+00	0.000000e+00	0.000000e+00	
1.300000e+00	1.347732e+11	6.810553e+04	1.347732e-04	1.036726e+02	1.692725e-03	1.254302e+01	3.372622e-01	0.000000e+00	0.000000e+00	0.000000e+00	1.338561e-04	1.097843e-09	1.202016e-03	0.000000e+00	0.000000e+00	0.000000e+00	
1.350000e+00	1.399567e+11	7.355409e+04	1.399567e-04	1.036726e+02	1.757833e-03	1.254302e+01	3.385785e-01	0.000000e+00	0.000000e+00	0.000000e+00	1.357451e-04	1.098167e-09	1.202371e-03	0.000000e+00	0.000000e+00	0.000000e+00	
1.400000e+00	1.451403e+11	7.901002e+04	1.451403e-04	1.036726e+02	1.822941e-03	1.254302e+01	3.397776e-01	0.000000e+00	0.000000e+00	0.000000e+00	1.374410e-04	1.098359e-09	1.202689e-03	0.000000e+00	0.000000e+00	0.000000e+00	
1.450000e+00	1.503238e+11	8.490809e+04	1.503238e-04	1.036726e+02	1.888049e-03	1.254302e+01	3.412299e-01	0.000000e+00	0.000000e+00	0.000000e+00	1.389748e-04	1.098539e-09	1.202977e-03	0.000000e+00	0.000000e+00	0.000000e+00	
1.500000e+00	1.555073e+11	9.084433e+04	1.555073e-04	1.036726e+02	1.953157e-03	1.254302e+01	3.425505e-01	0.000000e+00	0.000000e+00	0.000000e+00	1.406700e-04	1.098772e-09	1.203295e-03	0.000000e+00	0.000000e+00	0.000000e+00	
1.550000e+00	1.606909e+11	9.697392e+04	1.606909e-04	1.036726e+02	2.018265e-03	1.254302e+01	3.438278e-01	0.000000e+00	0.000000e+00	0.000000e+00	1.422330e-04	1.098976e-09	1.203588e-03	0.000000e+00	0.000000e+00	0.000000e+00	
1.600000e+00	1.658744e+11	1.030538e+05	1.658744e-04	1.036726e+02	2.083374e-03	1.254302e+01	3.449037e-01	0.000000e+00	0.000000e+00	0.000000e+00	1.437644e-04	1.099163e-09	1.203876e-03	0.000000e+00	0.000000e+00	0.000000e+00	
1.650000e+00	1.710579e+11	1.093171e+05	1.710579e-04	1.036726e+02	2.148482e-03	1.254302e+01	3.459595e-01	0.000000e+00	0.000000e+00	0.000000e+00	1.451112e-04	1.099299e-09	1.204128e-03	0.000000e+00	0.000000e+00	0.000000e+00	
1.700000e+00	1.762414e+11	1.157633e+05	1.762414e-04	1.036726e+02	2.213590e-03	1.254302e+01	3.469944e-01	0.000000e+00	0.000000e+00	0.000000e+00	1.464354e-04	1.099429e-09	1.204376e-03	0.000000e+00	0.000000e+00	0.000000e+00	
1.750000e+00	1.814249e+11	1.191223e+05	1.814249e-04	1.036726e+02	2.278699e-03	1.254302e+01	3.469343e-01	0.000000e+00	0.000000e+00	0.000000e+00	1.477371e-04	1.099552e-09	1.204620e-03	0.000000e+00	0.000000e+00	0.000000e+00	
1.800000e+00	1.866084e+11	1.223635e+05	1.866084e-04	1.036726e+02	2.343803e-03	1.254302e+01	3.468762e-01	0.000000e+00	0.000000e+00	0.000000e+00	1.475511e-04	1.099594e-09	1.204586e-03	0.000000e+00	0.000000e+00	0.000000e+00	
1.850000e+00	1.917920e+11	1.224414e+05	1.917920e-04	1.036726e+02	2.408907e-03	1.254302e+01	3.459997e-01	0.000000e+00	0.000000e+00	0.000000e+00	1.473429e-04	1.099645e-09	1.204549e-03	0.000000e+00	0.000000e+00	0.000000e+00	
1.900000e+00	1.969755e+11	1.259124e+05	1.969755e-04	1.036726e+02	2.474008e-03	1.254302e+01	3.461307e-01	0.000000e+00	0.000000e+00	0.000000e+00	1.459387e-04	1.099676e-09	1.204289e-03	0.000000e+00	0.000000e+00	0.000000e+00	
1.950000e+00	2.021590e+11	1.293850e+05	2.021590e-04	1.036726e+02	2.539113e-03	1.254302e+01	3.462670e-01	0.000000e+00	0.000000e+00	0.000000e+00	1.459442e-04	1.099758e-09	1.204292e-03	0.000000e+00	0.000000e+00	0.000000e+00	
2.000000e+00	2.073424e+11	1.328591e+05	2.073424e-04	1.036726e+02	2.604217e-03	1.254302e+01	3.464069e-01	0.000000e+00	0.000000e+00	0.000000e+00	1.459568e-04	1.099841e-09	1.204296e-03	0.000000e+00	0.000000e+00	0.000000e+00	
2.050000e+00	2.125259e+11	1.409081e+05	2.125259e-04	1.036726e+02	2.669322e-03	1.254302e+01	3.478212e-01	0.000000e+00	0.000000e+00	0.000000e+00	1.459758e-04	1.099923e-09	1.204301e-03	0.000000e+00	0.000000e+00	0.000000e+00	
2.100000e+00	2.177094e+11	1.491443e+05	2.177094e-04	1.036726e+02	2.734432e-03	1.254302e+01	3.491668e-01	0.000000e+00	0.000000e+00	0.000000e+00	1.477476e-04	1.100090e-09	1.204633e-03	0.000000e+00	0.000000e+00	0.000000e+00	
2.150000e+00	2.228929e+11	1.575679e+05	2.228929e-04	1.036726e+02	2.799542e-03	1.254302e+01	3.504511e-01	0.000000e+00	0.000000e+00	0.000000e+00	1.494614e-04	1.100237e-09	1.204954e-03	0.000000e+00	0.000000e+00	0.000000e+00	
2.200000e+00	2.280764e+11	1.753385e+05	2.280764e-04	1.036726e+02	2.864653e-03	1.254302e+01	3.665531e-01	0.000000e+00	0.000000e+00	0.000000e+00	1.511205e-04	1.100366e-09	1.205265e-03	0.000000e+00	0.000000e+00	0.000000e+00	
2.250000e+00	2.332599e+11	1.759036e+05	2.332599e-04	1.036726e+02	2.929764e-03	1.254302e+01	3.537557e-01	0.000000e+00	0.000000e+00	0.000000e+00	1.529513e-04	1.108145e-09	1.205782e-03	0.000000e+00	0.000000e+00	0.000000e+00	
2.300000e+00	2.384433e+11	1.936876e+05	2.384433e-04	1.036726e+02	2.994875e-03	1.254302e+01	3.650112e-01	0.000000e+00	0.000000e+00	0.000000e+00	1.547562e-04	1.100876e-09	1.205948e-03	0.000000e+00	0.000000e+00	0.000000e+00	
2.350000e+00	2.436268e+11	1.773310e+05	2.436268e-04	1.036726e+02	3.060002e-03	1.254302e+01	3.363053e-01	0.000000e+00	0.000000e+00	0.000000e+00	1.608201e-04	1.104833e-09	1.207130e-03	0.000000e+00	0.000000e+00	0.000000e+00	
2.400000e+00	2.488103e+11	1.865923e+05	2.488103e-04	1.036726e+02	3.125081e-03	1.254302e+01	3.384084e-01	0.000000e+00	0.000000e+00	0.000000e+00	1.538854e-04	1.092392e-09	1.205606e-03	0.000000e+00	0.000000e+00	0.000000e+00	
2.450000e+00	2.539937e+11	2.052498e+05	2.539937e-04	1.036726e+02	3.190192e-03	1.254302e+01	3.540073e-01	0.000000e+00	0.000000e+00	0.000000e+00	1.555260e-04	1.092739e-09	1.205915e-03	0.000000e+00	0.000000e+00	0.000000e+00	
2.500000e+00	2.591772e+11	2.056700e+05	2.591772e-04	1.036726e+02	3.255304e-03	1.254302e+01	3.453078e-01	0.000000e+00	0.000000e+00	0.000000e+00	1.571133e-04	1.100217e-09	1.206380e-03	0.000000e+00	0.000000e+00	0.000000e+00	
2.550000e+00	2.643607e+11	2.161094e+05	2.643607e-04	1.036726e+02	3.320397e-03	1.254302e+01	3.468591e-01	0.000000e+00	0.000000e+00	0.000000e+00	1.540869e-04	1.096432e-09	1.205766e-03	0.000000e+00	0.000000e+00	0.000000e+00	
2.600000e+00	2.695441e+11	2.282512e+05	2.695441e-04	1.036726e+02	3.385508e-03	1.254302e+01	3.593800e-01	0.000000e+00	0.000000e+00	0.000000e+00	1.557440e-04	1.096606e-09	1.206077e-03	0.000000e+00	0.000000e+00	0.000000e+00	
2.650000e+00	2.747276e+11	2.204910e+05	2.747276e-04	1.036726e+02	3.450606e-03	1.254302e+01	3.538363e-01	0.000000e+00	0.000000e+00	0.000000e+00	1.538916e-04	1.103671e-09	1.205903e-03	0.000000e+00	0.000000e+00	0.000000e+00	
2.700000e+00	2.799110e+11	2.175631e+05	2.799110e-04	1.036726e+02	3.515714e-03	1.254302e+01	3.508860e-01	0.000000e+00	0.000000e+00	0.000000e+00	1.548503e-04	1.101017e-09	1.205977e-03	0.000000e+00	0.000000e+00	0.000000e+00	
2.750000e+00	2.850945e+11	1.834405e+05	2.850945e-04	1.036726e+02	3.580808e-03	1.254302e+01	3.178178e-01	0.000000e+00	0.000000e+00	0.000000e+00	1.522867e-04	1.099901e-09	1.205487e-03	0.000000e+00	0.000000e+00	0.000000e+00	
2.800000e+00	2.902779e+11	1.905016e+05	2.902779e-04	1.036726e+02	3.645863e-03	1.254302e+01	3.356764e-01	0.000000e+00	0.000000e+00	0.000000e+00	1.410421e-04	1.086300e-09	1.203144e-03	0.000000e+00	0.000000e+00	0.000000e+00	
2.850000e+00	2.954613e+11	1.749286e+05	2.954613e-04	1.036726e+02	3.710936e-03	1.254302e+01	3.306580e-01	0.000000e+00	0.000000e+00	0.000000e+00	1.339941e-04	1.098448e-09	1.202142e-03	0.000000e+00	0.000000e+00	0.000000e+00	
2.900000e+00	3.006448e+11	1.812667e+05	3.006448e-04	1.036726e+02	3.776035e-03	1.254302e+01	3.404679e-01	0.000000e+00	0.000000e+00	0.000000e+00	1.332449e-04	1.096386e-09	1.201908e-03	0.000000e+00	0.000000e+00	0.000000e+00	
2.950000e+00	3.058282e+11	1.747333e+05	3.058282e-04	1.036726e+02	3.841126e-03	1.254302e+01	3.254568e-01	0.000000e+00	0.000000e+00	0.000000e+00	1.305258e-04	1.102103e-09	1.201552e-03	0.000000e+00	0.000000e+00	0.000000e+00	
3.000000e+00	3.110116e+11	1.858915e+05	3.110116e-04	1.036726e+02	3.906231e-03	1.254302e+01	3.440323e-01	0.000000e+00	0.000000e+00	0.000000e+00	1.311965e-04	1.094331e-09	1.201502e-03	0.000000e+00	0.000000e+00	0.000000e+00	
3.050000e+00	3.161950e+11	1.684761e+05	3.161950e-04	1.036726e+02	3.971338e-03	1.254302e+01	3.258395e-01	0.000000e+00	0.000000e+00	0.000000e+00	1.319876e-04	1.103648e-09	1.201843e-03	0.000000e+00	0.000000e+00	0.000000e+00	
3.100000e+00	3.213785e+11	1.387137e+05	3.213785e-04	1.036726e+02	4.036427e-03	1.254302e+01	3.022103e-01	0.000000e+00	0.000000e+00	0.000000e+00	1.292388e-04	1.095119e-09	1.201147e-03	0.000000e+00	0.000000e+00	0.000000e+00	
3.150000e+00	3.265619e+11	1.441777e+05	3.265619e-04	1.036726e+02	4.101496e-03	1.254302e+01	3.081029e-01	0.000000e+00	0.000000e+00	0.000000e+00	1.225996e-04	1.085346e-09	1.199710e-03	0.000000e+00	0.000000e+00	0.000000e+00	
3.200000e+00	3.317453e+11	1.377441e+05	3.317453e-04	1.036726e+02	4.166609e-03	1.254302e+01	3.061687e-01	0.000000e+00	0.000000e+00	0.000000e+00	1.247322e-04	1.087366e-09	1.200133e-03	0.000000e+00	0.000000e+00	0.000000e+00	
3.250000e+00	3.369287e+11	1.431683e+05	3.369287e-04	1.036726e+02	4.231699e-03	1.254302e+01	3.109321e-01	0.000000e+00	0.000000e+00	0.000000e+00	1.225207e-04	1.087079e-09	1.199719e-03	0.000000e+00	0.000000e+00	0.000000e+00	
3.300000e+00	3.421121e+11	1.481738e+05	3.421121e-04	1.036726e+02	4.296812e-03	1.254302e+01	3.177305e-01	0.000000e+00	0.000000e+00	0.000000e+00	1.246475e-04	1.088497e-09	1.200131e-03	0.000000e+00	0.000000e+00	0.000000e+00	
3.350000e+00	3.472955e+11	1.445761e+05	3.472955e-04	1.036726e+02	4.361900e-03	1.254302e+01	3.208181e-01	0.000000e+00	0.000000e+00	0.000000e+00	1.219767e-04	1.092641e-09	1.199758e-03	0.000000e+00	0.000000e+00	0.000000e+00	
3.400000e+00	3.524789e+11	1.350277e+05	3.524789e-04	1.036726e+02	4.427006e-03	1.254302e+01	3.188805e-01	0.000000e+00	0.000000e+00	0.000000e+00	1.227297e-04	1.094503e-09	1.199916e-03	0.000000e+00	0.000000e+00	0.000000e+00	
3.450000e+00	3.576623e+11	1.651663e+05	3.576623e-04	1.036726e+02	4.492091e-03	1.254302e+01	3.266235e-01	0.000000e+00	0.000000e+00	0.000000e+00	1.195777e-04	1.094552e-09	1.199333e-03	0.000000e+00	0.000000e+00	0.000000e+00	
3.500000e+00	3.628457e+11	1.829799e+05	3.628457e-04	1.036726e+02	4.557228e-03	1.254302e+01	3.277035e-01	0.000000e+00	0.000000e+00	0.000000e+00	1.262747e-04	1.095947e-09	1.200594e-03	0.000000e+00	0.000000e+00	0.000000e+00	
3.550000e+00	3.680291e+11	2.045005e+05	3.680291e-04	1.036726e+02	4.622343e-03	1.254302e+01	3.318860e-01	0.000000e+00	0.000000e+00	0.000000e+00	1.286546e-04	1.095705e-09	1.201033e-03	0.000000e+00	0.000000e+00	0.000000e+00	
3.600000e+00	3.732125e+11	2.263197e+05	3.732125e-04	1.036726e+02	4.687469e-03	1.254302e+01	3.356805e-01	0.000000e+00	0.000000e+00	0.000000e+00	1.330332e-04	1.096476e-09	1.201856e-03	0.000000e+00	0.000000e+00	0.000000e+00	
3.650000e+00	3.783958e+11	2.255397e+05	3.783958e-04	1.036726e+02	4.752595e-03	1.254302e+01	3.339996e-01	0.000000e+00	0.000000e+00	0.000000e+00	1.372322e-04	1.097142e-09	1.202643e-03	0.000000e+00	0.000000e+00	0.000000e+00	
3.700000e+00	3.835792e+11	2.480575e+05	3.835792e-04	1.036726e+02	4.817688e-03	1.254302e+01	3.376839e-01	0.000000e+00	0.000000e+00	0.000000e+00	1.356116e-04	1.096719e-09	1.202337e-03	0.000000e+00	0.000000e+00	0.000000e+00	
3.750000e+00	3.887626e+11	2.618114e+05	3.887626e-04	1.036726e+02	4.882815e-03	1.254302e+01	3.400799e-01	0.000000e+00	0.000000e+00	0.000000e+00	1.397363e-04	1.097308e-09	1.203111e-03	0.000000e+00	0.000000e+00	0.000000e+00	
3.800000e+00	3.939460e+11	2.849554e+05	3.939460e-04	1.036726e+02	4.947932e-03	1.254302e+01	3.432475e-01	0.000000e+00	0.000000e+00	0.000000e+00	1.422000e-04	1.097790e-09	1.203575e-03	0.000000e+00	0.000000e+00	0.000000e+00	
3.850000e+00	3.991293e+11	3.186744e+05	3.991293e-04	1.036726e+02	5.013057e-03	1.254302e+01	3.474555e-01	0.000000e+00	0.000000e+00	0.000000e+00	1.460681e-04	1.098159e-09	1.204299e-03	0.000000e+00	0.000000e+00	0.000000e+00	
3.900000e+00	4.043127e+11	3.532089e+05	4.043127e-04	1.036726e+02	5.078194e-03	1.254302e+01	3.513965e-01	0.000000e+00	0.000000e+00	0.000000e+00	1.516505e-04	1.098473e-09	1.205340e-03	0.000000e+00	0.000000e+00	0.000000e+00	
3.950000e+00	4.094961e+11	3.654991e+05	4.094961e-04	1.036726e+02	5.143330e-03	1.254302e+01	3.520008e-01	0.000000e+00	0.000000e+00	0.000000e+00	1.570153e-04	1.098694e-09	1.206340e-03	0.000000e+00	0.000000e+00	0.000000e+00	
4.000000e+00	4.146794e+11	3.900982e+05	4.146794e-04	1.036726e+02	5.208439e-03	1.254302e+01	3.545153e-01	0.000000e+00	0.000000e+00	0.000000e+00	1.578278e-04	1.098671e-09	1.206492e-03	0.000000e+00	0.000000e+00	0.000000e+00	
4.050000e+00	4.198628e+11	4.150116e+05	4.198628e-04	1.036726e+02	5.273564e-03	1.254302e+01	3.568883e-01	0.000000e+00	0.000000e+00	0.000000e+00	1.611736e-04	1.098826e-09	1.207116e-03	0.000000e+00	0.000000e+00	0.000000e+00	
4.100000e+00	4.250461e+11	4.402406e+05	4.250461e-04	1.036726e+02	5.338688e-03	1.254302e+01	3.591353e-01	0.000000e+00	0.000000e+00	0.000000e+00	1.643918e-04	1.098941e-09	1.207717e-03	0.000000e+00	0.000000e+00	0.000000e+00	
4.150000e+00	4.302295e+11	4.667229e+05	4.302295e-04	1.036726e+02	5.403812e-03	1.254302e+01	3.626222e-01	0.000000e+00	0.000000e+00	0.000000e+00	1.674883e-04	1.099021e-09	1.208295e-03	0.000000e+00	0.000000e+00	0.000000e+00	
4.200000e+00	4.354128e+11	4.929680e+05	4.354128e-04	1.036726e+02	5.468936e-03	1.254302e+01	3.654408e-01	0.000000e+00	0.000000e+00	0.000000e+00	1.704691e-04	1.099808e-09	1.208866e-03	0.000000e+00	0.000000e+00	0.000000e+00	
4.250000e+00	4.405962e+11	5.200803e+05	4.405962e-04	1.036726e+02	5.534059e-03	1.254302e+01	3.679548e-01	0.000000e+00	0.000000e+00	0.000000e+00	1.733258e-04	1.100259e-09	1.209409e-03	0.000000e+00	0.000000e+00	0.000000e+00	
4.300000e+00	4.457795e+11	5.314404e+05	4.457795e-04	1.036726e+02	5.599184e-03	1.254302e+01	3.692307e-01	0.000000e+00	0.000000e+00	0.000000e+00	1.763488e-04	1.100489e-09	1.209976e-03	0.000000e+00	0.000000e+00	0.000000e+00	
4.350000e+00	4.509628e+11	5.449860e+05	4.509628e-04	1.036726e+02	5.664296e-03	1.254302e+01	3.704034e-01	0.000000e+00	0.000000e+00	0.000000e+00	1.774065e-04	1.100731e-09	1.210177e-03	0.000000e+00	0.000000e+00	0.000000e+00	
4.400000e+00	4.561462e+11	5.585096e+05	4.561462e-04	1.036726e+02	5.729409e-03	1.254302e+01	3.714457e-01	0.000000e+00	0.000000e+00	0.000000e+00	1.784939e-04	1.100883e-09	1.210383e-03	0.000000e+00	0.000000e+00	0.000000e+00	
4.450000e+00	4.613295e+11	5.731261e+05	4.613295e-04	1.036726e+02	5.794521e-03	1.254302e+01	3.724313e-01	0.000000e+00	0.000000e+00	0.000000e+00	1.795417e-04	1.101001e-09	1.210582e-03	0.000000e+00	0.000000e+00	0.000000e+00	
4.500000e+00	4.665128e+11	5.897403e+05	4.665128e-04	1.036726e+02	5.859633e-03	1.254302e+01	3.733999e-01	0.000000e+00	0.000000e+00	0.000000e+00	1.805959e-04	1.101090e-09	1.210781e-03	0.000000e+00	0.000000e+00	0.000000e+00	
4.550000e+00	4.716961e+11	5.984098e+05	4.716961e-04	1.036726e+02	5.924746e-03	1.254302e+01	3.739022e-01	0.000000e+00	0.000000e+00	0.000000e+00	1.816632e-04	1.101162e-09	1.210983e-03	0.000000e+00	0.000000e+00	0.000000e+00	
4.600000e+00	4.768794e+11	6.070646e+05	4.768794e-04	1.036726e+02	5.989855e-03	1.254302e+01	3.743609e-01	0.000000e+00	0.000000e+00	0.000000e+00	1.821479e-04	1.101286e-09	1.211075e-03	0.000000e+00	0.000000e+00	0.000000e+00	
4.650000e+00	4.820628e+11	6.078779e+05	4.820628e-04	1.036726e+02	6.054963e-03	1.254302e+01	3.745146e-01	0.000000e+00	0.000000e+00	0.000000e+00	1.826171e-04	1.101390e-09	1.211163e-03	0.000000e+00	0.000000e+00	0.000000e+00	
4.700000e+00	4.872461e+11	6.171803e+05	4.872461e-04	1.036726e+02	6.120068e-03	1.254302e+01	3.750513e-01	0.000000e+00	0.000000e+00	0.000000e+00	1.826579e-04	1.101578e-09	1.211171e-03	0.000000e+00	0.000000e+00	0.000000e+00	
4.750000e+00	4.924294e+11	6.186004e+05	4.924294e-04	1.036726e+02	6.185178e-03	1.254302e+01	3.752075e-01	0.000000e+00	0.000000e+00	0.000000e+00	1.832641e-04	1.101679e-09	1.211285e-03	0.000000e+00	0.000000e+00	0.000000e+00	
4.800000e+00	4.976127e+11	6.278996e+05	4.976127e-04	1.036726e+02	6.250284e-03	1.254302e+01	3.756827e-01	0.000000e+00	0.000000e+00	0.000000e+00	1.834151e-04	1.101831e-09	1.211312e-03	0.000000e+00	0.000000e+00	0.000000e+00	
4.850000e+00	5.027960e+11	6.268271e+05	5.027960e-04	1.036726e+02	6.315394e-03	1.254302e+01	3.756407e-01	0.000000e+00	0.000000e+00	0.000000e+00	1.839995e-04	1.101906e-09	1.211421e-03	0.000000e+00	0.000000e+00	0.000000e+00	
4.900000e+00	5.079793e+11	6.359435e+05	5.079793e-04	1.036726e+02	6.380498e-03	1.254302e+01	3.762172e-01	0.000000e+00	0.000000e+00	0.000000e+00	1.839007e-04	1.102043e-09	1.211402e-03	0.000000e+00	0.000000e+00	0.000000e+00	
4.950000e+00	5.131626e+11	6.426888e+05	5.131626e-04	1.036726e+02	6.445608e-03	1.254302e+01	3.765539e-01	0.000000e+00	0.000000e+00	0.000000e+00	1.846175e-04	1.102136e-09	1.211536e-03	0.000000e+00	0.000000e+00	0.000000e+00	
5.000000e+00	5.183459e+11	6.487027e+05	5.183459e-04	1.036726e+02	6.510717e-03	1.254302e+01	3.768537e-01	0.000000e+00	0.000000e+00	0.000000e+00	1.851058e-04	1.102179e-09	1.211627e-03	0.000000e+00	0.000000e+00	0.000000e+00	
5.050000e+00	5.235291e+11	6.472079e+05	5.235291e-04	1.036726e+02	6.575826e-03	1.254302e+01	3.767040e-01	0.000000e+00	0.000000e+00	0.000000e+00	1.855667e-04	1.102215e-09	1.211713e-03	0.000000e+00	0.000000e+00	0.000000e+00	
5.100000e+00	5.287124e+11	6.561184e+05	5.287124e-04	1.036726e+02	6.640929e-03	1.254302e+01	3.770405e-01	0.000000e+00	0.000000e+00	0.000000e+00	1.853473e-04	1.102333e-09	1.211671e-03	0.000000e+00	0.000000e+00	0.000000e+00	
5.150000e+00	5.338957e+11	6.476868e+05	5.338957e-04	1.036726e+02	6.706038e-03	1.254302e+01	3.744521e-01	0.000000e+00	0.000000e+00	0.000000e+00	1.858183e-04	1.102370e-09	1.211759e-03	0.000000e+00	0.000000e+00	0.000000e+00	
5.200000e+00	5.390790e+11	6.277356e+05	5.390790e-04	1.036726e+02	6.771128e-03	1.254302e+01	3.719381e-01	0.000000e+00	0.000000e+00	0.000000e+00	1.839983e-04	1.101615e-09	1.211405e-03	0.000000e+00	0.000000e+00	0.000000e+00	
5.250000e+00	5.442623e+11	6.019981e+05	5.442623e-04	1.036726e+02	6.836212e-03	1.254302e+01	3.685935e-01	0.000000e+00	0.000000e+00	0.000000e+00	1.814873e-04	1.101268e-09	1.210927e-03	0.000000e+00	0.000000e+00	0.000000e+00	
5.300000e+00	5.494455e+11	5.915954e+05	5.494455e-04	1.036726e+02	6.901281e-03	1.254302e+01	3.666387e-01	0.000000e+00	0.000000e+00	0.000000e+00	1.771562e-04	1.100984e-09	1.210118e-03	0.000000e+00	0.000000e+00	0.000000e+00	
5.350000e+00	5.546288e+11	5.929654e+05	5.546288e-04	1.036726e+02	6.966368e-03	1.254302e+01	3.654492e-01	0.000000e+00	0.000000e+00	0.000000e+00	1.750434e-04	1.100741e-09	1.209722e-03	0.000000e+00	0.000000e+00	0.000000e+00	
5.400000e+00	5.598121e+11	5.954376e+05	5.598121e-04	1.036726e+02	7.031461e-03	1.254302e+01	3.647131e-01	0.000000e+00	0.000000e+00	0.000000e+00	1.737990e-04	1.100514e-09	1.209491e-03	0.000000e+00	0.000000e+00	0.000000e+00	
5.450000e+00	5.649953e+11	5.991153e+05	5.649953e-04	1.036726e+02	7.096557e-03	1.254302e+01	3.648558e-01	0.000000e+00	0.000000e+00	0.000000e+00	1.728376e-04	1.100402e-09	1.209313e-03	0.000000e+00	0.000000e+00	0.000000e+00	
5.500000e+00	5.701786e+11	6.027930e+05	5.701786e-04	1.036726e+02	7.161653e-03	1.254302e+01	3.648263e-01	0.000000e+00	0.000000e+00	0.000000e+00	1.719191e-04	1.100741e-09	1.209153e-03	0.000000e+00	0.000000e+00	0.000000e+00	
5.550000e+00	5.753618e+11	6.064730e+05	5.753618e-04	1.036726e+02	7.226751e-03	1.254302e+01	3.647178e-01	0.000000e+00	0.000000e+00	0.000000e+00	1.713015e-04	1.100893e-09	1.209042e-03	0.000000e+00	0.000000e+00	0.000000e+00	
5.600000e+00	5.805451e+11	6.090856e+05	5.805451e-04	1.036726e+02	7.291850e-03	1.254302e+01	3.643847e-01	0.000000e+00	0.000000e+00	0.000000e+00	1.707122e-04	1.100967e-09	1.208936e-03	0.000000e+00	0.000000e+00	0.000000e+00	
5.650000e+00	5.857283e+11	6.037609e+05	5.857283e-04	1.036726e+02	7.356947e-03	1.254302e+01	3.624093e-01	0.000000e+00	0.000000e+00	0.000000e+00	1.699571e-04	1.100974e-09	1.208798e-03	0.000000e+00	0.000000e+00	0.000000e+00	
5.700000e+00	5.909116e+11	5.952799e+05	5.909116e-04	1.036726e+02	7.422024e-03	1.254302e+01	3.614799e-01	0.000000e+00	0.000000e+00	0.000000e+00	1.670691e-04	1.100726e-09	1.208263e-03	0.000000e+00	0.000000e+00	0.000000e+00	
5.750000e+00	5.960948e+11	5.965294e+05	5.960948e-04	1.036726e+02	7.487116e-03	1.254302e+01	3.609183e-01	0.000000e+00	0.000000e+00	0.000000e+00	1.657611e-04	1.100716e-09	1.208020e-03	0.000000e+00	0.000000e+00	0.000000e+00	
5.800000e+00	6.012780e+11	5.977728e+05	6.012780e-04	1.036726e+02	7.552211e-03	1.254302e+01	3.603940e-01	0.000000e+00	0.000000e+00	0.000000e+00	1.648779e-04	1.100673e-09	1.207857e-03	0.000000e+00	0.000000e+00	0.000000e+00	
5.850000e+00	6.064613e+11	3.224200e+08	6.064613e-04	1.036726e+02	7.617306e-03	1.254302e+01	3.739396e+01	0.000000e+00	0.000000e+00	0.000000e+00	1.640328e-04	1.100640e-09	1.207702e-03	0.000000e+00	0.000000e+00	0.000000e+00	
5.900000e+00	6.116456e+11	6.431615e+08	6.116456e-04	1.036726e+02	8.117201e-03	1.254302e+01	7.159209e+01	0.000000e+00	0.000000e+00	0.000000e+00	4.550350e-02	1.899117e-07	9.357209e-03	1.840011e+02	1.379107e-03	1.268448e+03	
5.950000e+00	6.168310e+11	9.629133e+08	6.168310e-04	1.036726e+02	8.602896e-03	1.254302e+01	1.032754e+02	0.000000e+00	0.000000e+00	0.000000e+00	8.431773e-02	3.482424e-07	1.634232e-02	5.385895e+02	4.043720e-03	3.730603e+03	
6.000000e+00	6.220174e+11	1.281757e+09	6.220174e-04	1.036726e+02	9.074888e-03	1.254302e+01	1.327144e+02	0.000000e+00	0.000000e+00	0.000000e+00	1.178778e-01	4.826704e-07	2.238909e-02	1.051878e+03	7.913150e-03	7.320558e+03	
6.050000e+00	6.272047e+11	1.599771e+09	6.272047e-04	1.036726e+02	9.533661e-03	1.254302e+01	1.601394e+02	0.000000e+00	0.000000e+00	0.000000e+00	1.471449e-01	5.980958e-07	2.766861e-02	1.713299e+03	1.292487e-02	1.197992e+04	
6.100000e+00	6.323930e+11	1.595057e+09	6.323930e-04	1.036726e+02	9.979678e-03	1.254302e+01	1.502184e+02	0.000000e+00	0.000000e+00	0.000000e+00	1.728594e-01	6.982739e-07	3.231280e-02	2.513882e+03	1.902751e-02	1.765654e+04	
6.150000e+00	6.375809e+11	1.590586e+09	6.375809e-04	1.036726e+02	9.978299e-03	1.254302e+01	1.413340e+02	0.000000e+00	0.000000e+00	0.000000e+00	1.672226e-01	6.636878e-07	3.131841e-02	3.271004e+03	2.479851e-02	2.302458e+04	
6.200000e+00	6.427686e+11	1.586335e+09	6.427686e-04	1.036726e+02	9.978919e-03	1.254302e+01	1.333341e+02	0.000000e+00	0.000000e+00	0.000000e+00	1.617374e-01	6.274692e-07	3.033274e-02	3.989117e+03	3.027190e-02	2.811569e+04	
6.250000e+00	6.479561e+11	1.582285e+09	6.479561e-04	1.036726e+02	9.981496e-03	1.254302e+01	1.260944e+02	0.000000e+00	0.000000e+00	0.000000e+00	1.564018e-01	5.898584e-07	2.935825e-02	4.672021e+03	3.547666e-02	3.295687e+04	
6.300000e+00	6.531434e+11	1.578417e+09	6.531434e-04	1.036726e+02	9.985984e-03	1.254302e+01	1.195126e+02	0.000000e+00	0.000000e+00	0.000000e+00	1.512136e-01	5.510679e-07	2.839686e-02	5.322979e+03	4.043774e-02	3.757132e+04	
6.350000e+00	6.583305e+11	1.574717e+09	6.583305e-04	1.036726e+02	9.992334e-03	1.254302e+01	1.135044e+02	0.000000e+00	0.000000e+00	0.000000e+00	1.461706e-01	5.112853e-07	2.745010e-02	5.944820e+03	4.517672e-02	4.197915e+04	
6.400000e+00	6.635174e+11	1.571170e+09	6.635174e-04	1.036726e+02	1.000059e-02	1.254302e+01	1.079990e+02	0.000000e+00	0.000000e+00	0.000000e+00	1.412692e-01	4.734758e-07	2.652860e-02	6.540010e+03	4.971244e-02	4.619786e+04	
6.450000e+00	6.687041e+11	1.567764e+09	6.687041e-04	1.036726e+02	1.001077e-02	1.254302e+01	1.029370e+02	0.000000e+00	0.000000e+00	0.000000e+00	1.365063e-01	4.394604e-07	2.563896e-02	7.110714e+03	5.406141e-02	5.024283e+04	
6.500000e+00	6.738908e+11	1.564492e+09	6.738908e-04	1.036726e+02	1.002280e-02	1.254302e+01	9.826832e+01	0.000000e+00	0.000000e+00	0.000000e+00	1.318800e-01	4.087329e-07	2.477978e-02	7.658841e+03	5.823821e-02	5.412764e+04	
6.550000e+00	6.790772e+11	1.561339e+09	6.790772e-04	1.036726e+02	1.003661e-02	1.254302e+01	9.394910e+01	0.000000e+00	0.000000e+00	0.000000e+00	1.273887e-01	3.808710e-07	2.394988e-02	8.186086e+03	6.225577e-02	5.786429e+04	
6.600000e+00	6.842636e+11	1.558299e+09	6.842636e-04	1.036726e+02	1.005213e-02	1.254302e+01	8.994271e+01	0.000000e+00	0.000000e+00	0.000000e+00	1.230296e-01	3.555207e-07	2.314802e-02	8.693956e+03	6.612559e-02	6.146352e+04	
6.650000e+00	6.894498e+11	1.555364e+09	6.894498e-04	1.036726e+02	1.006931e-02	1.254302e+01	8.621717e+01	0.000000e+00	0.000000e+00	0.000000e+00	1.188007e-01	3.323822e-07	2.237321e-02	9.183802e+03	6.985800e-02	6.493490e+04	
6.700000e+00	6.946360e+11	1.552529e+09	6.946360e-04	1.036726e+02	1.008809e-02	1.254302e+01	8.274496e+01	0.000000e+00	0.000000e+00	0.000000e+00	1.146997e-01	3.112008e-07	2.162451e-02	9.656839e+03	7.346224e-02	6.828706e+04	
6.750000e+00	6.998220e+11	1.549785e+09	6.998220e-04	1.036726e+02	1.010841e-02	1.254302e+01	7.950137e+01	0.000000e+00	0.000000e+00	0.000000e+00	1.107241e-01	2.917584e-07	2.090106e-02	1.011416e+04	7.694666e-02	7.152776e+04	
6.800000e+00	7.050079e+11	1.547127e+09	7.050079e-04	1.036726e+02	1.013021e-02	1.254302e+01	7.646538e+01	0.000000e+00	0.000000e+00	0.000000e+00	1.068712e-01	2.738675e-07	2.020195e-02	1.055676e+04	8.031884e-02	7.466404e+04	
6.850000e+00	7.101938e+11	1.544552e+09	7.101938e-04	1.036726e+02	1.015345e-02	1.254302e+01	7.361828e+01	0.000000e+00	0.000000e+00	0.000000e+00	1.031386e-01	2.573657e-07	1.952643e-02	1.098553e+04	8.358562e-02	7.770229e+04	
6.900000e+00	7.153796e+11	1.542055e+09	7.153796e-04	1.036726e+02	1.017808e-02	1.254302e+01	7.094361e+01	0.000000e+00	0.000000e+00	0.000000e+00	9.952352e-02	2.421122e-07	1.887375e-02	1.140130e+04	8.675327e-02	8.064831e+04	
6.950000e+00	7.205652e+11	1.539632e+09	7.205652e-04	1.036726e+02	1.020405e-02	1.254302e+01	6.842667e+01	0.000000e+00	0.000000e+00	0.000000e+00	9.602352e-02	2.279838e-07	1.824320e-02	1.180481e+04	8.982749e-02	8.350743e+04	
7.000000e+00	7.257508e+11	1.537275e+09	7.257508e-04	1.036726e+02	1.023132e-02	1.254302e+01	6.605294e+01	0.000000e+00	0.000000e+00	0.000000e+00	9.263584e-02	2.148727e-07	1.763407e-02	1.219676e+04	9.281350e-02	8.628451e+04	
7.050000e+00	7.309364e+11	1.534983e+09	7.309364e-04	1.036726e+02	1.025983e-02	1.254302e+01	6.381270e+01	0.000000e+00	0.000000e+00	0.000000e+00	8.935766e-02	2.026833e-07	1.704567e-02	1.257776e+04	9.571613e-02	8.898401e+04	
7.100000e+00	7.361218e+11	1.532754e+09	7.361218e-04	1.036726e+02	1.028956e-02	1.254302e+01	6.169577e+01	0.000000e+00	0.000000e+00	0.000000e+00	8.618632e-02	1.913329e-07	1.647738e-02	1.294839e+04	9.853977e-02	9.161005e+04	
7.150000e+00	7.413072e+11	1.530585e+09	7.413072e-04	1.036726e+02	1.032045e-02	1.254302e+01	5.969200e+01	0.000000e+00	0.000000e+00	0.000000e+00	8.311914e-02	1.807471e-07	1.592858e-02	1.330921e+04	1.012885e-01	9.416642e+04	
7.200000e+00	7.464926e+11	1.601075e+09	7.464926e-04	1.036726e+02	1.035247e-02	1.254302e+01	6.042499e+01	0.000000e+00	0.000000e+00	0.000000e+00	8.015346e-02	1.708596e-07	1.539866e-02	1.366069e+04	1.039661e-01	9.665662e+04	
7.250000e+00	7.516780e+11	1.635220e+09	7.516780e-04	1.036726e+02	1.042787e-02	1.254302e+01	5.986450e+01	0.000000e+00	0.000000e+00	0.000000e+00	8.044967e-02	1.942680e-07	1.540438e-02	1.409337e+04	1.072139e-01	9.950796e+04	
7.300000e+00	7.568633e+11	1.669362e+09	7.568633e-04	1.036726e+02	1.048212e-02	1.254302e+01	5.934793e+01	0.000000e+00	0.000000e+00	0.000000e+00	7.917438e-02	2.001930e-07	1.515485e-02	1.456032e+04	1.106977e-01	1.025038e+05	
7.350000e+00	7.620487e+11	1.703503e+09	7.620487e-04	1.036726e+02	1.053674e-02	1.254302e+01	5.887120e+01	0.000000e+00	0.000000e+00	0.000000e+00	7.793727e-02	2.056163e-07	1.491333e-02	1.506051e+04	1.144132e-01	1.056423e+05	
7.400000e+00	7.672340e+11	1.701354e+09	7.672340e-04	1.036726e+02	1.059169e-02	1.254302e+01	5.713603e+01	0.000000e+00	0.000000e+00	0.000000e+00	7.673718e-02	2.105831e-07	1.467954e-02	1.559299e+04	1.183591e-01	1.089216e+05	
7.450000e+00	7.724193e+11	1.699254e+09	7.724193e-04	1.036726e+02	1.062551e-02	1.254302e+01	5.548238e+01	0.000000e+00	0.000000e+00	0.000000e+00	7.399305e-02	1.988532e-07	1.419427e-02	1.611319e+04	1.222140e-01	1.121253e+05	
7.500000e+00	7.776046e+11	1.697200e+09	7.776046e-04	1.036726e+02	1.066036e-02	1.254302e+01	5.390482e+01	0.000000e+00	0.000000e+00	0.000000e+00	7.134122e-02	1.878236e-07	1.372571e-02	1.662165e+04	1.259818e-01	1.152565e+05	
7.550000e+00	7.827898e+11	1.695191e+09	7.827898e-04	1.036726e+02	1.069620e-02	1.254302e+01	5.239854e+01	0.000000e+00	0.000000e+00	0.000000e+00	6.877896e-02	1.774426e-07	1.327330e-02	1.711887e+04	1.296663e-01	1.183185e+05	
7.600000e+00	7.879749e+11	1.693226e+09	7.879749e-04	1.036726e+02	1.073300e-02	1.254302e+01	5.095904e+01	0.000000e+00	0.000000e+00	0.000000e+00	6.630382e-02	1.676630e-07	1.283658e-02	1.760531e+04	1.332710e-01	1.213142e+05	
7.650000e+00	7.931600e+11	1.691302e+09	7.931600e-04	1.036726e+02	1.077074e-02	1.254302e+01	4.958221e+01	0.000000e+00	0.000000e+00	0.000000e+00	6.391328e-02	1.584416e-07	1.241506e-02	1.808142e+04	1.367991e-01	1.242462e+05	
7.700000e+00	7.983451e+11	1.689420e+09	7.983451e-04	1.036726e+02	1.080937e-02	1.254302e+01	4.826434e+01	0.000000e+00	0.000000e+00	0.000000e+00	6.160486e-02	1.497396e-07	1.200826e-02	1.854762e+04	1.402536e-01	1.271171e+05	
7.750000e+00	8.035301e+11	1.687576e+09	8.035301e-04	1.036726e+02	1.084888e-02	1.254302e+01	4.700178e+01	0.000000e+00	0.000000e+00	0.000000e+00	5.937622e-02	1.415209e-07	1.161574e-02	1.900429e+04	1.436376e-01	1.299293e+05	
7.800000e+00	8.087151e+11	1.685770e+09	8.087151e-04	1.036726e+02	1.088923e-02	1.254302e+01	4.579139e+01	0.000000e+00	0.000000e+00	0.000000e+00	5.722477e-02	1.337530e-07	1.123701e-02	1.945181e+04	1.469538e-01	1.326851e+05	
7.850000e+00	8.139000e+11	1.683998e+09	8.139000e-04	1.036726e+02	1.093038e-02	1.254302e+01	4.463012e+01	0.000000e+00	0.000000e+00	0.000000e+00	5.514829e-02	1.265355e-07	1.087123e-02	1.989052e+04	1.502046e-01	1.353867e+05	
7.900000e+00	8.190849e+11	1.682261e+09	8.190849e-04	1.036726e+02	1.097232e-02	1.254302e+01	4.351524e+01	0.000000e+00	0.000000e+00	0.000000e+00	5.314440e-02	1.198683e-07	1.051789e-02	2.032075e+04	1.533925e-01	1.380360e+05	
7.950000e+00	8.242698e+11	1.680556e+09	8.242698e-04	1.036726e+02	1.101502e-02	1.254302e+01	4.244414e+01	0.000000e+00	0.000000e+00	0.000000e+00	5.121087e-02	1.137151e-07	1.017659e-02	2.074280e+04	1.565199e-01	1.406349e+05	
8.000000e+00	8.294546e+11	1.678871e+09	8.294546e-04	1.036726e+02	1.105844e-02	1.254302e+01	4.141423e+01	0.000000e+00	0.000000e+00	0.000000e+00	4.934544e-02	1.080426e-07	9.846959e-03	2.115698e+04	1.595889e-01	1.431853e+05	
8.050000e+00	8.346394e+11	1.677227e+09	8.346394e-04	1.036726e+02	1.110257e-02	1.254302e+01	4.042370e+01	0.000000e+00	0.000000e+00	0.000000e+00	4.754578e-02	1.028200e-07	9.528590e-03	2.156355e+04	1.626016e-01	1.456889e+05	
8.100000e+00	8.398241e+11	1.675612e+09	8.398241e-04	1.036726e+02	1.114739e-02	1.254302e+01	3.946974e+01	0.000000e+00	0.000000e+00	0.000000e+00	4.581002e-02	9.789183e-08	9.221573e-03	2.196279e+04	1.655599e-01	1.481473e+05	
8.150000e+00	8.450088e+11	1.674025e+09	8.450088e-04	1.036726e+02	1.119287e-02	1.254302e+01	3.855114e+01	0.000000e+00	0.000000e+00	0.000000e+00	4.413579e-02	9.320454e-08	8.925577e-03	2.235494e+04	1.684656e-01	1.505620e+05	
8.200000e+00	8.501935e+11	1.672466e+09	8.501935e-04	1.036726e+02	1.123900e-02	1.254302e+01	3.766605e+01	0.000000e+00	0.000000e+00	0.000000e+00	4.252129e-02	8.874420e-08	8.640275e-03	2.274024e+04	1.713206e-01	1.529346e+05	
8.250000e+00	8.553782e+11	1.670936e+09	8.553782e-04	1.036726e+02	1.128575e-02	1.254302e+01	3.681283e+01	0.000000e+00	0.000000e+00	0.000000e+00	4.096457e-02	8.449751e-08	8.365302e-03	2.311891e+04	1.741265e-01	1.552663e+05	
8.300000e+00	8.605628e+11	1.669409e+09	8.605628e-04	1.036726e+02	1.133311e-02	1.254302e+01	3.598916e+01	0.000000e+00	0.000000e+00	0.000000e+00	3.946381e-02	8.045217e-08	8.100321e-03	2.349118e+04	1.768848e-01	1.575585e+05	
8.350000e+00	8.657474e+11	1.667869e+09	8.657474e-04	1.036726e+02	1.138103e-02	1.254302e+01	3.519343e+01	0.000000e+00	0.000000e+00	0.000000e+00	3.801618e-02	7.659693e-08	7.844808e-03	2.385723e+04	1.795972e-01	1.598125e+05	
8.400000e+00	8.709319e+11	1.666347e+09	8.709319e-04	1.036726e+02	1.142951e-02	1.254302e+01	3.442476e+01	0.000000e+00	0.000000e+00	0.000000e+00	3.661992e-02	7.292114e-08	7.598437e-03	2.421728e+04	1.822650e-01	1.620295e+05	
8.450000e+00	8.761165e+11	1.664852e+09	8.761165e-04	1.036726e+02	1.147853e-02	1.254302e+01	3.368238e+01	0.000000e+00	0.000000e+00	0.000000e+00	3.527359e-02	6.941475e-08	7.360947e-03	2.457150e+04	1.848897e-01	1.642106e+05	
8.500000e+00	8.813010e+11	1.663355e+09	8.813010e-04	1.036726e+02	1.152808e-02	1.254302e+01	3.296413e+01	0.000000e+00	0.000000e+00	0.000000e+00	3.397638e-02	6.606837e-08	7.132198e-03	2.492008e+04	1.874725e-01	1.663569e+05	
8.550000e+00	8.864855e+11	1.661926e+09	8.864855e-04	1.036726e+02	1.157813e-02	1.254302e+01	3.227085e+01	0.000000e+00	0.000000e+00	0.000000e+00	3.272526e-02	6.287360e-08	6.911627e-03	2.526317e+04	1.900147e-01	1.684695e+05	
8.600000e+00	8.916699e+11	1.660498e+09	8.916699e-04	1.036726e+02	1.162869e-02	1.254302e+01	3.159977e+01	0.000000e+00	0.000000e+00	0.000000e+00	3.152117e-02	5.982186e-08	6.699424e-03	2.560095e+04	1.925175e-01	1.705493e+05	
8.650000e+00	8.968544e+11	1.659086e+09	8.968544e-04	1.036726e+02	1.167972e-02	1.254302e+01	3.095005e+01	0.000000e+00	0.000000e+00	0.000000e+00	3.036045e-02	5.690603e-08	6.494910e-03	2.593357e+04	1.949820e-01	1.725973e+05	
8.700000e+00	9.020388e+11	1.657697e+09	9.020388e-04	1.036726e+02	1.173121e-02	1.254302e+01	3.032120e+01	0.000000e+00	0.000000e+00	0.000000e+00	2.924164e-02	5.411892e-08	6.297820e-03	2.626118e+04	1.974094e-01	1.746145e+05	
8.750000e+00	9.072232e+11	1.656328e+09	9.072232e-04	1.036726e+02	1.178315e-02	1.254302e+01	2.971208e+01	0.000000e+00	0.000000e+00	0.000000e+00	2.816411e-02	5.145379e-08	6.108046e-03	2.658391e+04	1.998007e-01	1.766016e+05	
8.800000e+00	9.124075e+11	1.655024e+09	9.124075e-04	1.036726e+02	1.183552e-02	1.254302e+01	2.912308e+01	0.000000e+00	0.000000e+00	0.000000e+00	2.712583e-02	4.890449e-08	5.925222e-03	2.690191e+04	2.021569e-01	1.785596e+05	
8.850000e+00	9.175919e+11	1.653712e+09	9.175919e-04	1.036726e+02	1.188833e-02	1.254302e+01	2.855119e+01	0.000000e+00	0.000000e+00	0.000000e+00	2.612715e-02	4.646485e-08	5.749425e-03	2.721531e+04	2.044789e-01	1.804893e+05	
8.900000e+00	9.227762e+11	1.652447e+09	9.227762e-04	1.036726e+02	1.194153e-02	1.254302e+01	2.799820e+01	0.000000e+00	0.000000e+00	0.000000e+00	2.516388e-02	4.412978e-08	5.579873e-03	2.752422e+04	2.067678e-01	1.823913e+05	
8.950000e+00	9.279605e+11	1.651226e+09	9.279605e-04	1.036726e+02	1.199513e-02	1.254302e+01	2.746235e+01	0.000000e+00	0.000000e+00	0.000000e+00	2.423754e-02	4.189405e-08	5.416869e-03	2.782877e+04	2.090244e-01	1.842665e+05	
9.000000e+00	9.331447e+11	1.650017e+09	9.331447e-04	1.036726e+02	1.204914e-02	1.254302e+01	2.694144e+01	0.000000e+00	0.000000e+00	0.000000e+00	2.334636e-02	3.975243e-08	5.260086e-03	2.812908e+04	2.112495e-01	1.861155e+05	
9.050000e+00	9.383290e+11	1.648824e+09	9.383290e-04	1.036726e+02	1.210349e-02	1.254302e+01	2.643578e+01	0.000000e+00	0.000000e+00	0.000000e+00	2.248748e-02	3.770031e-08	5.108996e-03	2.842526e+04	2.134440e-01	1.879391e+05	
9.100000e+00	9.435132e+11	1.647647e+09	9.435132e-04	1.036726e+02	1.215820e-02	1.254302e+01	2.594483e+01	0.000000e+00	0.000000e+00	0.000000e+00	2.166018e-02	3.573375e-08	4.963480e-03	2.871741e+04	2.156086e-01	1.897379e+05	
9.150000e+00	9.486974e+11	1.684571e+09	9.486974e-04	1.036726e+02	1.221325e-02	1.254302e+01	2.603441e+01	0.000000e+00	0.000000e+00	0.000000e+00	2.086346e-02	3.384861e-08	4.823357e-03	2.900564e+04	2.177442e-01	1.915125e+05	
9.200000e+00	9.538817e+11	1.759818e+09	9.538817e-04	1.036726e+02	1.227482e-02	1.254302e+01	2.669823e+01	0.000000e+00	0.000000e+00	0.000000e+00	2.051715e-02	3.462476e-08	4.759273e-03	2.931347e+04	2.201424e-01	1.934069e+05	
9.250000e+00	9.590659e+11	1.834016e+09	9.590659e-04	1.036726e+02	1.234294e-02	1.254302e+01	2.737067e+01	0.000000e+00	0.000000e+00	0.000000e+00	2.061731e-02	3.815811e-08	4.770411e-03	2.967021e+04	2.231372e-01	1.955674e+05	
9.300000e+00	9.642502e+11	2.564712e+09	9.642502e-04	1.036726e+02	1.241120e-02	1.254302e+01	3.793262e+01	0.000000e+00	0.000000e+00	0.000000e+00	2.072564e-02	4.183766e-08	4.783195e-03	3.008130e+04	2.267710e-01	1.979947e+05	
9.350000e+00	9.694350e+11	3.294161e+09	9.694350e-04	1.036726e+02	1.259621e-02	1.254302e+01	4.837453e+01	0.000000e+00	0.000000e+00	0.000000e+00	2.852044e-02	5.742188e-08	6.138329e-03	3.065699e+04	2.318941e-01	2.013946e+05	
9.400000e+00	9.746203e+11	4.024225e+09	9.746203e-04	1.036726e+02	1.278147e-02	1.254302e+01	5.872933e+01	0.000000e+00	0.000000e+00	0.000000e+00	3.610495e-02	7.254067e-08	7.457080e-03	3.139186e+04	2.384948e-01	2.057665e+05	
9.450000e+00	9.798062e+11	4.388192e+09	9.798062e-04	1.036726e+02	1.296744e-02	1.254302e+01	6.330226e+01	0.000000e+00	0.000000e+00	0.000000e+00	4.351698e-02	8.735682e-08	8.745959e-03	3.228347e+04	2.466028e-01	2.111138e+05	
9.500000e+00	9.849922e+11	4.385185e+09	9.849922e-04	1.036726e+02	1.308143e-02	1.254302e+01	6.217257e+01	0.000000e+00	0.000000e+00	0.000000e+00	4.631679e-02	9.177638e-08	9.231439e-03	3.324766e+04	2.554212e-01	2.169131e+05	
9.550000e+00	9.901782e+11	4.382218e+09	9.901782e-04	1.036726e+02	1.312330e-02	1.254302e+01	6.107395e+01	0.000000e+00	0.000000e+00	0.000000e+00	4.466350e-02	8.608392e-08	8.941251e-03	3.419953e+04	2.641268e-01	2.226383e+05	
9.600000e+00	9.953642e+11	4.379289e+09	9.953642e-04	1.036726e+02	1.316593e-02	1.254302e+01	6.000494e+01	0.000000e+00	0.000000e+00	0.000000e+00	4.306767e-02	8.060962e-08	8.661176e-03	3.513938e+04	2.727223e-01	2.282912e+05	
9.650000e+00	1.000550e+12	4.376397e+09	1.000550e-03	1.036726e+02	1.320930e-02	1.254302e+01	5.896449e+01	0.000000e+00	0.000000e+00	0.000000e+00	4.152729e-02	7.534434e-08	8.390853e-03	3.606749e+04	2.812103e-01	2.338734e+05	
9.700000e+00	1.005736e+12	4.373543e+09	1.005736e-03	1.036726e+02	1.325339e-02	1.254302e+01	5.795165e+01	0.000000e+00	0.000000e+00	0.000000e+00	4.004059e-02	7.027945e-08	8.129968e-03	3.698413e+04	2.895934e-01	2.393866e+05	
9.750000e+00	1.010922e+12	4.370723e+09	1.010922e-03	1.036726e+02	1.329817e-02	1.254302e+01	5.696534e+01	0.000000e+00	0.000000e+00	0.000000e+00	3.860598e-02	6.540670e-08	7.878240e-03	3.788958e+04	2.978739e-01	2.448324e+05	
9.800000e+00	1.016108e+12	4.367900e+09	1.016108e-03	1.036726e+02	1.334361e-02	1.254302e+01	5.598203e+01	0.000000e+00	0.000000e+00	0.000000e+00	3.722165e-02	6.071824e-08	7.635346e-03	3.878408e+04	3.060542e-01	2.502124e+05	
9.850000e+00	1.021294e+12	4.365144e+09	1.021294e-03	1.036726e+02	1.338970e-02	1.254302e+01	5.504453e+01	0.000000e+00	0.000000e+00	0.000000e+00	3.588584e-02	5.619483e-08	7.400737e-03	3.966789e+04	3.141365e-01	2.555280e+05	
9.900000e+00	1.026479e+12	4.362387e+09	1.026479e-03	1.036726e+02	1.343641e-02	1.254302e+01	5.413008e+01	0.000000e+00	0.000000e+00	0.000000e+00	3.459708e-02	5.185210e-08	7.174614e-03	4.054124e+04	3.221232e-01	2.607806e+05	
9.950000e+00	1.031665e+12	4.359737e+09	1.031665e-03	1.036726e+02	1.348367e-02	1.254302e+01	5.327118e+01	0.000000e+00	0.000000e+00	0.000000e+00	3.335071e-02	4.767310e-08	6.955919e-03	4.140437e+04	3.300161e-01	2.659717e+05	
1.000000e+01	1.036851e+12	4.689908e+09	1.036851e-03	1.036726e+02	1.353160e-02	1.254302e+01	8.461023e+01	0.000000e+00	0.000000e+00	0.000000e+00	3.215246e-02	4.366583e-08	6.746012e-03	4.225749e+04	3.378175e-01	2.711026e+05	
1.005000e+01	1.042038e+12	5.169155e+09	1.042038e-03	1.036726e+02	1.409958e-02	1.254302e+01	8.785288e+01	0.000000e+00	0.000000e+00	0.000000e+00	6.112274e-02	2.627890e-07	1.187748e-02	4.360192e+04	3.488790e-01	2.783158e+05	
1.010000e+01	1.047225e+12	5.628597e+09	1.047225e-03	1.036726e+02	1.422437e-02	1.254302e+01	9.629081e+01	0.000000e+00	0.000000e+00	0.000000e+00	6.416055e-02	2.509699e-07	1.239836e-02	4.515032e+04	3.638463e-01	2.866132e+05	
1.015000e+01	1.052413e+12	5.623721e+09	1.052413e-03	1.036726e+02	1.452220e-02	1.254302e+01	9.293030e+01	0.000000e+00	0.000000e+00	0.000000e+00	7.648219e-02	3.251900e-07	1.453376e-02	4.708224e+04	3.845415e-01	2.965885e+05	
1.020000e+01	1.057601e+12	5.618982e+09	1.057601e-03	1.036726e+02	1.454475e-02	1.254302e+01	8.989453e+01	0.000000e+00	0.000000e+00	0.000000e+00	7.386848e-02	3.005995e-07	1.408287e-02	4.896057e+04	4.047460e-01	3.063145e+05	
1.025000e+01	1.062789e+12	5.945843e+09	1.062789e-03	1.036726e+02	1.456860e-02	1.254302e+01	9.164102e+01	0.000000e+00	0.000000e+00	0.000000e+00	7.133394e-02	2.785097e-07	1.364413e-02	5.079022e+04	4.244974e-01	3.158124e+05	
1.030000e+01	1.067977e+12	6.604280e+09	1.067977e-03	1.036726e+02	1.465164e-02	1.254302e+01	9.804917e+01	0.000000e+00	0.000000e+00	0.000000e+00	7.196679e-02	2.631023e-07	1.375673e-02	5.264573e+04	4.444386e-01	3.254667e+05	
1.035000e+01	1.073165e+12	7.971228e+09	1.073165e-03	1.036726e+02	1.479371e-02	1.254302e+01	1.159999e+02	0.000000e+00	0.000000e+00	0.000000e+00	7.569603e-02	2.541742e-07	1.440841e-02	5.460160e+04	4.652008e-01	3.356602e+05	
1.040000e+01	1.078354e+12	8.631731e+09	1.078354e-03	1.036726e+02	1.512673e-02	1.254302e+01	1.225201e+02	0.000000e+00	0.000000e+00	0.000000e+00	8.908556e-02	2.729494e-07	1.674784e-02	5.688019e+04	4.887184e-01	3.475006e+05	
1.045000e+01	1.083543e+12	9.292819e+09	1.083543e-03	1.036726e+02	1.527030e-02	1.254302e+01	1.291338e+02	0.000000e+00	0.000000e+00	0.000000e+00	9.261461e-02	2.664162e-07	1.736306e-02	5.927127e+04	5.131131e-01	3.599067e+05	
1.050000e+01	1.088733e+12	1.028850e+10	1.088733e-03	1.036726e+02	1.541603e-02	1.254302e+01	1.406874e+02	0.000000e+00	0.000000e+00	0.000000e+00	9.618362e-02	2.612151e-07	1.798511e-02	6.177886e+04	5.383850e-01	3.728920e+05	
1.055000e+01	1.093924e+12	1.156352e+10	1.093924e-03	1.036726e+02	1.563688e-02	1.254302e+01	2.769875e+02	0.000000e+00	0.000000e+00	0.000000e+00	1.032961e-01	2.617902e-07	1.921996e-02	6.448803e+04	5.651610e-01	3.868800e+05	
1.060000e+01	1.099122e+12	1.185367e+10	1.099122e-03	1.036726e+02	1.690943e-02	1.254302e+01	2.993122e+02	0.000000e+00	0.000000e+00	0.000000e+00	1.562543e-01	4.324195e-07	2.844263e-02	6.855025e+04	6.018951e-01	4.085364e+05	
1.065000e+01	1.104321e+12	1.219955e+10	1.104321e-03	1.036726e+02	1.741686e-02	1.254302e+01	2.945599e+02	0.000000e+00	0.000000e+00	0.000000e+00	1.731852e-01	4.973064e-07	3.152059e-02	7.281511e+04	6.399940e-01	4.313896e+05	
1.070000e+01	1.109520e+12	1.218442e+10	1.109520e-03	1.036726e+02	1.785371e-02	1.254302e+01	2.723481e+02	0.000000e+00	0.000000e+00	0.000000e+00	1.865267e-01	6.508066e-07	3.398560e-02	7.711076e+04	6.793487e-01	4.547185e+05	
1.075000e+01	1.114718e+12	1.263021e+10	1.114718e-03	1.036726e+02	1.779133e-02	1.254302e+01	2.644237e+02	0.000000e+00	0.000000e+00	0.000000e+00	1.810518e-01	6.332414e-07	3.306304e-02	8.117896e+04	7.168696e-01	4.767630e+05	
1.080000e+01	1.119916e+12	1.261625e+10	1.119916e-03	1.036726e+02	1.795169e-02	1.254302e+01	2.496724e+02	0.000000e+00	0.000000e+00	0.000000e+00	1.839419e-01	6.581681e-07	3.356162e-02	8.544228e+04	7.582218e-01	4.994392e+05	
1.085000e+01	1.125113e+12	1.323212e+10	1.125113e-03	1.036726e+02	1.788995e-02	1.254302e+01	2.946733e+02	0.000000e+00	0.000000e+00	0.000000e+00	1.785299e-01	6.261125e-07	3.262970e-02	8.954402e+04	7.981917e-01	5.212179e+05	
1.090000e+01	1.130312e+12	1.277829e+10	1.130312e-03	1.036726e+02	1.881296e-02	1.254302e+01	2.892236e+02	0.000000e+00	0.000000e+00	0.000000e+00	2.084079e-01	8.087533e-07	3.798713e-02	9.431743e+04	8.428513e-01	5.458955e+05	
1.095000e+01	1.135512e+12	1.276276e+10	1.135512e-03	1.036726e+02	1.880526e-02	1.254302e+01	2.732221e+02	0.000000e+00	0.000000e+00	0.000000e+00	2.051534e-01	8.618859e-07	3.746518e-02	9.893736e+04	8.841212e-01	5.695947e+05	
1.100000e+01	1.140710e+12	1.306824e+10	1.140710e-03	1.036726e+02	1.872224e-02	1.254302e+01	4.338341e+02	0.000000e+00	0.000000e+00	0.000000e+00	1.993085e-01	8.008297e-07	3.646911e-02	1.033562e+05	9.237903e-01	5.922894e+05	
1.105000e+01	1.145917e+12	1.379575e+10	1.145917e-03	1.036726e+02	1.862944e-02	1.254302e+01	5.365339e+02	0.000000e+00	0.000000e+00	0.000000e+00	1.937315e-01	8.177909e-07	3.473291e-02	1.095094e+05	9.765822e-01	6.241658e+05	
1.110000e+01	1.151131e+12	1.409160e+10	1.151131e-03	1.036726e+02	1.884330e-02	1.254302e+01	5.989728e+02	0.000000e+00	0.000000e+00	0.000000e+00	1.983234e-01	9.314581e-07	3.542705e-02	1.170026e+05	1.040987e+00	6.629434e+05	
1.115000e+01	1.156348e+12	1.499297e+10	1.156348e-03	1.036726e+02	1.934294e-02	1.254302e+01	5.775433e+02	0.000000e+00	0.000000e+00	0.000000e+00	2.123380e-01	9.467624e-07	3.782215e-02	1.251599e+05	1.110387e+00	7.053461e+05	
1.120000e+01	1.161565e+12	1.573271e+10	1.161565e-03	1.036726e+02	2.128702e-02	1.254302e+01	5.471429e+02	0.000000e+00	0.000000e+00	0.000000e+00	2.672918e-01	1.075114e-06	4.827513e-02	1.332190e+05	1.178613e+00	7.467565e+05	
1.125000e+01	1.166779e+12	1.570412e+10	1.166779e-03	1.036726e+02	2.276645e-02	1.254302e+01	4.910323e+02	0.000000e+00	0.000000e+00	0.000000e+00	3.025253e-01	1.372122e-06	5.464459e-02	1.413381e+05	1.249389e+00	7.886158e+05	
1.130000e+01	1.171991e+12	1.585760e+10	1.171991e-03	1.036726e+02	2.256889e-02	1.254302e+01	5.830144e+02	0.000000e+00	0.000000e+00	0.000000e+00	2.951745e-01	1.319337e-06	5.347205e-02	1.487981e+05	1.314919e+00	8.270307e+05	
1.135000e+01	1.177208e+12	1.518085e+10	1.177208e-03	1.036726e+02	2.354521e-02	1.254302e+01	4.800438e+02	0.000000e+00	0.000000e+00	0.000000e+00	3.159172e-01	1.376505e-06	5.695910e-02	1.573656e+05	1.386537e+00	8.711603e+05	
1.140000e+01	1.182419e+12	1.604133e+10	1.182419e-03	1.036726e+02	2.253003e-02	1.254302e+01	4.597832e+02	0.000000e+00	0.000000e+00	0.000000e+00	2.893380e-01	1.251521e-06	5.237976e-02	1.646751e+05	1.447927e+00	9.085067e+05	
1.145000e+01	1.187629e+12	1.572001e+10	1.187629e-03	1.036726e+02	2.290769e-02	1.254302e+01	3.987708e+02	0.000000e+00	0.000000e+00	0.000000e+00	2.961351e-01	1.365391e-06	5.358232e-02	1.722679e+05	1.515105e+00	9.467833e+05	
1.150000e+01	1.192835e+12	1.540170e+10	1.192835e-03	1.036726e+02	2.223631e-02	1.254302e+01	3.465652e+02	0.000000e+00	0.000000e+00	0.000000e+00	2.769386e-01	1.270495e-06	5.020804e-02	1.791111e+05	1.576352e+00	9.811617e+05	
1.155000e+01	1.198039e+12	1.538210e+10	1.198039e-03	1.036726e+02	2.158848e-02	1.254302e+01	3.282999e+02	0.000000e+00	0.000000e+00	0.000000e+00	2.572192e-01	1.163452e-06	4.671341e-02	1.853089e+05	1.632474e+00	1.012182e+06	
1.160000e+01	1.203241e+12	1.503128e+10	1.203241e-03	1.036726e+02	2.143943e-02	1.254302e+01	2.847320e+02	0.000000e+00	0.000000e+00	0.000000e+00	2.505190e-01	1.108462e-06	4.553068e-02	1.912488e+05	1.686443e+00	1.041900e+06	
1.165000e+01	1.208441e+12	1.535153e+10	1.208441e-03	1.036726e+02	2.077895e-02	1.254302e+01	3.114666e+02	0.000000e+00	0.000000e+00	0.000000e+00	2.288428e-01	9.183547e-07	4.169271e-02	1.965291e+05	1.735359e+00	1.068312e+06	
1.170000e+01	1.213643e+12	1.456485e+10	1.213643e-03	1.036726e+02	2.123079e-02	1.254302e+01	2.792274e+02	0.000000e+00	0.000000e+00	0.000000e+00	2.394713e-01	9.862519e-07	4.351559e-02	2.022307e+05	1.787093e+00	1.096901e+06	
1.175000e+01	1.218843e+12	1.533259e+10	1.218843e-03	1.036726e+02	2.067860e-02	1.254302e+01	2.620894e+02	0.000000e+00	0.000000e+00	0.000000e+00	2.205055e-01	8.957064e-07	4.018097e-02	2.072326e+05	1.831703e+00	1.122336e+06	
1.180000e+01	1.224041e+12	1.430464e+10	1.224041e-03	1.036726e+02	2.024434e-02	1.254302e+01	2.646762e+02	0.000000e+00	0.000000e+00	0.000000e+00	2.043001e-01	7.521736e-07	3.730639e-02	2.119811e+05	1.873881e+00	1.146427e+06	
1.185000e+01	1.229240e+12	1.438852e+10	1.229240e-03	1.036726e+02	2.035503e-02	1.254302e+01	2.940755e+02	0.000000e+00	0.000000e+00	0.000000e+00	2.051077e-01	9.447776e-07	3.741911e-02	2.169455e+05	1.918044e+00	1.171087e+06	
1.190000e+01	1.234441e+12	1.557756e+10	1.234441e-03	1.036726e+02	2.071943e-02	1.254302e+01	2.900620e+02	0.000000e+00	0.000000e+00	0.000000e+00	2.137568e-01	9.034653e-07	3.894335e-02	2.222234e+05	1.964559e+00	1.197613e+06	
1.195000e+01	1.239642e+12	1.545433e+10	1.239642e-03	1.036726e+02	2.083537e-02	1.254302e+01	2.754590e+02	0.000000e+00	0.000000e+00	0.000000e+00	2.146278e-01	8.434468e-07	3.910013e-02	2.276377e+05	2.012258e+00	1.224651e+06	
1.200000e+01	1.244842e+12	1.581477e+10	1.244842e-03	1.036726e+02	2.076791e-02	1.254302e+01	2.686831e+02	0.000000e+00	0.000000e+00	0.000000e+00	2.098796e-01	7.780494e-07	3.828356e-02	2.327578e+05	2.056586e+00	1.250109e+06	
1.205000e+01	1.250041e+12	1.689299e+10	1.250041e-03	1.036726e+02	2.079939e-02	1.254302e+01	3.346780e+02	0.000000e+00	0.000000e+00	0.000000e+00	2.081872e-01	7.407204e-07	3.797850e-02	2.378512e+05	2.101018e+00	1.275397e+06	
1.210000e+01	1.255245e+12	1.648747e+10	1.255245e-03	1.036726e+02	2.201301e-02	1.254302e+01	3.069371e+02	0.000000e+00	0.000000e+00	0.000000e+00	2.410312e-01	1.205290e-06	4.372944e-02	2.443033e+05	2.159066e+00	1.307357e+06	
1.215000e+01	1.260447e+12	1.650566e+10	1.260447e-03	1.036726e+02	2.160415e-02	1.254302e+01	4.376284e+02	0.000000e+00	0.000000e+00	0.000000e+00	2.269224e-01	1.069947e-06	4.128218e-02	2.502407e+05	2.212117e+00	1.336666e+06	
1.220000e+01	1.265657e+12	1.556914e+10	1.265657e-03	1.036726e+02	2.113618e-02	1.254302e+01	3.451361e+02	0.000000e+00	0.000000e+00	0.000000e+00	2.111342e-01	1.020689e-06	3.777609e-02	2.575466e+05	2.275496e+00	1.374196e+06	
1.225000e+01	1.270862e+12	1.560528e+10	1.270862e-03	1.036726e+02	2.063804e-02	1.254302e+01	2.973892e+02	0.000000e+00	0.000000e+00	0.000000e+00	1.925485e-01	9.482969e-07	3.506970e-02	2.637274e+05	2.329923e+00	1.405407e+06	
1.230000e+01	1.276064e+12	1.478465e+10	1.276064e-03	1.036726e+02	2.083454e-02	1.254302e+01	2.083541e+02	0.000000e+00	0.000000e+00	0.000000e+00	1.961029e-01	7.646074e-07	3.566849e-02	2.693011e+05	2.380006e+00	1.433324e+06	
1.235000e+01	1.281260e+12	1.477198e+10	1.281260e-03	1.036726e+02	1.989994e-02	1.254302e+01	2.010230e+02	0.000000e+00	0.000000e+00	0.000000e+00	1.625643e-01	5.826286e-07	2.985220e-02	2.735522e+05	2.417928e+00	1.454215e+06	
1.240000e+01	1.286455e+12	1.435559e+10	1.286455e-03	1.036726e+02	1.984070e-02	1.254302e+01	1.747843e+02	0.000000e+00	0.000000e+00	0.000000e+00	1.577182e-01	5.381972e-07	2.900248e-02	2.776870e+05	2.454811e+00	1.474526e+06	
1.245000e+01	1.291649e+12	1.545031e+10	1.291649e-03	1.036726e+02	1.927247e-02	1.254302e+01	1.927736e+02	0.000000e+00	0.000000e+00	0.000000e+00	1.344763e-01	2.553133e-07	2.488577e-02	2.811376e+05	2.484458e+00	1.491705e+06	
