# bin_edge_left	bin_edge_right	dN/d[fe/H]	dN/d[mg/H]	dN/d[mg/fe]	
-3.000000e+00	-2.950000e+00	9.872149e-05	1.206532e-05	0.000000e+00	
-2.950000e+00	-2.900000e+00	1.083227e-04	0.000000e+00	0.000000e+00	
-2.900000e+00	-2.850000e+00	1.179186e-04	1.447631e-05	0.000000e+00	
-2.850000e+00	-2.800000e+00	1.948586e-04	1.688661e-05	0.000000e+00	
-2.800000e+00	-2.750000e+00	2.164196e-04	1.929624e-05	0.000000e+00	
-2.750000e+00	-2.700000e+00	2.379629e-04	2.170518e-05	0.000000e+00	
-2.700000e+00	-2.650000e+00	2.594885e-04	5.063450e-05	0.000000e+00	
-2.650000e+00	-2.600000e+00	3.794383e-04	2.892797e-05	0.000000e+00	
-2.600000e+00	-2.550000e+00	4.176328e-04	6.507401e-05	0.000000e+00	
-2.550000e+00	-2.500000e+00	4.557857e-04	7.469364e-05	0.000000e+00	
-2.500000e+00	-2.450000e+00	6.233213e-04	8.430792e-05	0.000000e+00	
-2.450000e+00	-2.400000e+00	6.827893e-04	9.391687e-05	0.000000e+00	
-2.400000e+00	-2.350000e+00	8.977314e-04	1.588805e-04	0.000000e+00	
-2.350000e+00	-2.300000e+00	9.831103e-04	1.804707e-04	0.000000e+00	
-2.300000e+00	-2.250000e+00	1.254687e-03	2.020432e-04	0.000000e+00	
-2.250000e+00	-2.200000e+00	1.575714e-03	3.029173e-04	0.000000e+00	
-2.200000e+00	-2.150000e+00	1.726640e-03	3.411946e-04	0.000000e+00	
-2.150000e+00	-2.100000e+00	2.370045e-03	4.802570e-04	0.000000e+00	
-2.100000e+00	-2.050000e+00	2.604729e-03	5.399183e-04	0.000000e+00	
-2.050000e+00	-2.000000e+00	3.135510e-03	7.265406e-04	0.000000e+00	
-2.000000e+00	-1.950000e+00	3.742572e-03	9.558798e-04	0.000000e+00	
-1.950000e+00	-1.900000e+00	4.432424e-03	1.072245e-03	0.000000e+00	
-1.900000e+00	-1.850000e+00	5.601053e-03	1.367628e-03	0.000000e+00	
-1.850000e+00	-1.800000e+00	6.975760e-03	1.922363e-03	0.000000e+00	
-1.800000e+00	-1.750000e+00	8.110044e-03	2.158244e-03	0.000000e+00	
-1.750000e+00	-1.700000e+00	9.880246e-03	2.900362e-03	0.000000e+00	
-1.700000e+00	-1.650000e+00	1.191931e-02	3.810450e-03	0.000000e+00	
-1.650000e+00	-1.600000e+00	1.487333e-02	4.590683e-03	0.000000e+00	
-1.600000e+00	-1.550000e+00	1.764049e-02	5.473712e-03	0.000000e+00	
-1.550000e+00	-1.500000e+00	2.150779e-02	7.270174e-03	0.000000e+00	
-1.500000e+00	-1.450000e+00	2.595913e-02	9.457434e-03	0.000000e+00	
-1.450000e+00	-1.400000e+00	3.104401e-02	1.158199e-02	0.000000e+00	
-1.400000e+00	-1.350000e+00	3.878575e-02	1.402703e-02	0.000000e+00	
-1.350000e+00	-1.300000e+00	4.672987e-02	1.872170e-02	0.000000e+00	
-1.300000e+00	-1.250000e+00	5.845656e-02	2.301140e-02	0.000000e+00	
-1.250000e+00	-1.200000e+00	6.646490e-02	2.875866e-02	0.000000e+00	
-1.200000e+00	-1.150000e+00	7.432307e-02	3.637389e-02	0.000000e+00	
-1.150000e+00	-1.100000e+00	7.494436e-02	4.635186e-02	0.000000e+00	
-1.100000e+00	-1.050000e+00	9.169903e-02	5.816884e-02	0.000000e+00	
-1.050000e+00	-1.000000e+00	9.302959e-02	5.418799e-02	0.000000e+00	
-1.000000e+00	-9.500000e-01	1.071821e-01	5.184573e-02	0.000000e+00	
-9.500000e-01	-9.000000e-01	1.112367e-01	5.478312e-02	0.000000e+00	
-9.000000e-01	-8.500000e-01	1.240521e-01	6.386826e-02	0.000000e+00	
-8.500000e-01	-8.000000e-01	1.371202e-01	7.123891e-02	0.000000e+00	
-8.000000e-01	-7.500000e-01	1.646205e-01	7.650875e-02	0.000000e+00	
-7.500000e-01	-7.000000e-01	1.646408e-01	8.791799e-02	0.000000e+00	
-7.000000e-01	-6.500000e-01	1.775778e-01	9.991029e-02	0.000000e+00	
-6.500000e-01	-6.000000e-01	2.080479e-01	1.123855e-01	0.000000e+00	
-6.000000e-01	-5.500000e-01	2.223283e-01	1.252290e-01	0.000000e+00	
-5.500000e-01	-5.000000e-01	2.357059e-01	1.383131e-01	0.000000e+00	
-5.000000e-01	-4.500000e-01	2.691515e-01	1.514986e-01	0.000000e+00	
-4.500000e-01	-4.000000e-01	2.584936e-01	1.646373e-01	0.000000e+00	
-4.000000e-01	-3.500000e-01	2.936734e-01	1.943473e-01	0.000000e+00	
-3.500000e-01	-3.000000e-01	3.200345e-01	2.092626e-01	0.000000e+00	
-3.000000e-01	-2.500000e-01	3.234892e-01	2.427129e-01	0.000000e+00	
-2.500000e-01	-2.000000e-01	3.609616e-01	2.582083e-01	0.000000e+00	
-2.000000e-01	-1.500000e-01	3.918445e-01	2.722400e-01	0.000000e+00	
-1.500000e-01	-1.000000e-01	4.632853e-01	3.219998e-01	0.000000e+00	
-1.000000e-01	-5.000000e-02	5.348776e-01	3.481370e-01	0.000000e+00	
-5.000000e-02	0.000000e+00	6.574089e-01	4.056239e-01	0.000000e+00	
0.000000e+00	5.000000e-02	9.681765e-01	4.867220e-01	2.778612e+00	
5.000000e-02	1.000000e-01	2.122082e+00	5.655850e-01	6.837265e+00	
1.000000e-01	1.500000e-01	1.032138e+01	7.545441e-01	2.886467e+00	
1.500000e-01	2.000000e-01	3.381707e-01	9.744009e+00	1.904542e+00	
2.000000e-01	2.500000e-01	0.000000e+00	4.662894e+00	1.755300e+00	
2.500000e-01	3.000000e-01	0.000000e+00	0.000000e+00	3.771714e+00	
3.000000e-01	3.500000e-01	0.000000e+00	0.000000e+00	4.156134e-02	
3.500000e-01	4.000000e-01	0.000000e+00	0.000000e+00	1.473165e-02	
4.000000e-01	4.500000e-01	0.000000e+00	0.000000e+00	5.555590e-03	
4.500000e-01	5.000000e-01	0.000000e+00	0.000000e+00	2.467634e-03	
5.000000e-01	5.500000e-01	0.000000e+00	0.000000e+00	1.060140e-03	
5.500000e-01	6.000000e-01	0.000000e+00	0.000000e+00	7.227607e-04	
6.000000e-01	6.500000e-01	0.000000e+00	0.000000e+00	0.000000e+00	
6.500000e-01	7.000000e-01	0.000000e+00	0.000000e+00	0.000000e+00	
7.000000e-01	7.500000e-01	0.000000e+00	0.000000e+00	0.000000e+00	
7.500000e-01	8.000000e-01	0.000000e+00	0.000000e+00	0.000000e+00	
8.000000e-01	8.500000e-01	0.000000e+00	0.000000e+00	0.000000e+00	
8.500000e-01	9.000000e-01	0.000000e+00	0.000000e+00	0.000000e+00	
9.000000e-01	9.500000e-01	0.000000e+00	0.000000e+00	0.000000e+00	
9.500000e-01	1.000000e+00	0.000000e+00	0.000000e+00	0.000000e+00	
