# COLUMN NUMBERS: 
#	0: time [Gyr]
#	1: mgas [Msun]			ISM gas mass
#	2: mstar [Msun]			Stellar mass
#	3: sfr [Msun/yr]		Star formation rate
#	4: ifr [Msun/yr]		Infall rate
#	5: ofr [Msun/yr]		Outfow rate
#	6: eta_0			Mass-loading factor
#	7: r_eff			Effective recycilng rate
#	8: z_in(fe)			Inflow fe metallicity
#	9: z_in(sr)			Inflow sr metallicity
#	10: z_in(o)			Inflow o metallicity
#	11: z_out(fe)			Outflow fe metallicity
#	12: z_out(sr)			Outflow sr metallicity
#	13: z_out(o)			Outflow o metallicity
#	14: mass(fe) [Msun]		mass of element fe in ISM
#	15: mass(sr) [Msun]		mass of element sr in ISM
#	16: mass(o) [Msun]		mass of element o in ISM
0.000000e+00	1.000000e-12	7.167148e-30	1.912129e-37	5.969026e+01	5.774418e-37	3.019889e+00	2.503490e-01	0.000000e+00	0.000000e+00	0.000000e+00	2.395825e-281	2.395803e-281	2.395803e-281	0.000000e+00	0.000000e+00	0.000000e+00	
5.000000e-02	2.984513e+09	1.690391e+08	4.509809e+00	5.969026e+01	1.361912e+01	3.019889e+00	2.503490e-01	0.000000e+00	0.000000e+00	0.000000e+00	6.469090e-05	7.223817e-10	8.086362e-04	1.930708e+05	2.155957e+00	2.413385e+06	
1.000000e-01	5.119031e+09	4.491664e+08	7.609431e+00	5.969026e+01	2.297964e+01	3.019889e+00	2.637365e-01	0.000000e+00	0.000000e+00	0.000000e+00	9.181992e-05	1.025322e-09	1.147749e-03	4.700290e+05	5.248657e+00	5.875363e+06	
1.500000e-01	6.674435e+09	8.035382e+08	9.765282e+00	5.969026e+01	2.949007e+01	3.019889e+00	2.742211e-01	0.000000e+00	0.000000e+00	0.000000e+00	1.155993e-04	1.295131e-09	1.444964e-03	7.715602e+05	8.644268e+00	9.644320e+06	
2.000000e-01	7.830073e+09	1.224688e+09	1.128117e+01	5.969026e+01	3.406788e+01	3.019889e+00	2.833817e-01	0.000000e+00	0.000000e+00	0.000000e+00	1.362443e-04	1.535391e-09	1.702959e-03	1.066803e+06	1.202223e+01	1.333430e+07	
2.500000e-01	8.706977e+09	1.695824e+09	1.235871e+01	5.969026e+01	3.732194e+01	3.019889e+00	2.916665e-01	0.000000e+00	0.000000e+00	0.000000e+00	1.582298e-04	1.752302e-09	1.925791e-03	1.377704e+06	1.525725e+01	1.676782e+07	
3.000000e-01	9.387689e+09	2.164052e+09	1.313318e+01	5.969026e+01	3.966075e+01	3.019889e+00	2.981892e-01	0.000000e+00	0.000000e+00	0.000000e+00	1.813707e-04	1.951319e-09	2.117013e-03	1.702652e+06	1.831837e+01	1.987386e+07	
3.500000e-01	9.928314e+09	2.640617e+09	1.369524e+01	5.969026e+01	4.135809e+01	3.019889e+00	3.038454e-01	0.000000e+00	0.000000e+00	0.000000e+00	2.048499e-04	2.136633e-09	2.280329e-03	2.033815e+06	2.121316e+01	2.263982e+07	
4.000000e-01	1.036822e+10	3.121075e+09	1.410746e+01	5.969026e+01	4.260295e+01	3.019889e+00	3.088154e-01	0.000000e+00	0.000000e+00	0.000000e+00	2.279359e-04	2.312266e-09	2.419254e-03	2.363290e+06	2.397409e+01	2.508337e+07	
4.500000e-01	1.073505e+10	3.602873e+09	1.441310e+01	5.969026e+01	4.352596e+01	3.019889e+00	3.132317e-01	0.000000e+00	0.000000e+00	0.000000e+00	2.501147e-04	2.481969e-09	2.537121e-03	2.684993e+06	2.664405e+01	2.723611e+07	
5.000000e-01	1.104834e+10	4.084572e+09	1.464232e+01	5.969026e+01	4.421818e+01	3.019889e+00	3.171936e-01	0.000000e+00	0.000000e+00	0.000000e+00	2.710720e-04	2.649749e-09	2.636995e-03	2.994895e+06	2.927532e+01	2.913441e+07	
5.500000e-01	1.132205e+10	4.565390e+09	1.481632e+01	5.969026e+01	4.474363e+01	3.019889e+00	3.207778e-01	0.000000e+00	0.000000e+00	0.000000e+00	2.906463e-04	2.819301e-09	2.721627e-03	3.290712e+06	3.192027e+01	3.081440e+07	
6.000000e-01	1.156620e+10	5.016455e+09	1.495010e+01	5.969026e+01	4.514764e+01	3.019889e+00	3.228603e-01	0.000000e+00	0.000000e+00	0.000000e+00	3.087846e-04	2.993628e-09	2.793440e-03	3.571465e+06	3.462490e+01	3.230949e+07	
6.500000e-01	1.178717e+10	4.979481e+09	1.505324e+01	5.969026e+01	4.545912e+01	3.019889e+00	3.046105e-01	0.000000e+00	0.000000e+00	0.000000e+00	3.254540e-04	3.164635e-09	2.853956e-03	3.836180e+06	3.730208e+01	3.364006e+07	
7.000000e-01	1.197533e+10	5.451473e+09	1.511467e+01	5.969026e+01	4.564461e+01	3.019889e+00	3.074188e-01	0.000000e+00	0.000000e+00	0.000000e+00	3.407971e-04	3.317770e-09	2.905684e-03	4.081158e+06	3.973139e+01	3.479652e+07	
7.500000e-01	1.215421e+10	5.922918e+09	1.516511e+01	5.969026e+01	4.579694e+01	3.019889e+00	3.100187e-01	0.000000e+00	0.000000e+00	0.000000e+00	3.548291e-04	3.483440e-09	2.949332e-03	4.312666e+06	4.233845e+01	3.584679e+07	
8.000000e-01	1.232569e+10	6.393683e+09	1.520724e+01	5.969026e+01	4.592416e+01	3.019889e+00	3.124377e-01	0.000000e+00	0.000000e+00	0.000000e+00	3.676750e-04	3.658480e-09	2.986512e-03	4.531848e+06	4.509329e+01	3.681082e+07	
8.500000e-01	1.249120e+10	6.863652e+09	1.524300e+01	5.969026e+01	4.603217e+01	3.019889e+00	3.146973e-01	0.000000e+00	0.000000e+00	0.000000e+00	3.794540e-04	3.839782e-09	3.018490e-03	4.739836e+06	4.796348e+01	3.770456e+07	
9.000000e-01	1.265180e+10	7.338764e+09	1.527386e+01	5.969026e+01	4.612534e+01	3.019889e+00	3.168430e-01	0.000000e+00	0.000000e+00	0.000000e+00	3.902793e-04	4.024483e-09	3.046268e-03	4.937735e+06	5.091696e+01	3.854077e+07	
9.500000e-01	1.280832e+10	7.806975e+09	1.530090e+01	5.969026e+01	4.620701e+01	3.019889e+00	3.188337e-01	0.000000e+00	0.000000e+00	0.000000e+00	4.002704e-04	4.209064e-09	3.070624e-03	5.126792e+06	5.391105e+01	3.932955e+07	
1.000000e+00	1.296136e+10	8.240889e+09	1.532491e+01	5.969026e+01	4.627952e+01	3.019889e+00	3.204719e-01	0.000000e+00	0.000000e+00	0.000000e+00	4.094992e-04	4.392835e-09	3.092206e-03	5.307667e+06	5.693713e+01	4.007920e+07	
1.050000e+00	1.311121e+10	8.708137e+09	1.534628e+01	5.969026e+01	4.634407e+01	3.019889e+00	3.222890e-01	0.000000e+00	0.000000e+00	0.000000e+00	4.178783e-04	4.556035e-09	3.111405e-03	5.478892e+06	5.973516e+01	4.079430e+07	
1.100000e+00	1.325851e+10	9.616066e+09	1.536579e+01	5.969026e+01	4.640297e+01	3.019889e+00	3.293693e-01	0.000000e+00	0.000000e+00	0.000000e+00	4.257117e-04	4.722084e-09	3.128755e-03	5.644302e+06	6.260778e+01	4.148262e+07	
1.150000e+00	1.340763e+10	1.051739e+10	1.538848e+01	5.969026e+01	4.647150e+01	3.019889e+00	3.355169e-01	0.000000e+00	0.000000e+00	0.000000e+00	4.371056e-04	4.905659e-09	3.145063e-03	5.860552e+06	6.577328e+01	4.216785e+07	
1.200000e+00	1.355730e+10	1.196990e+10	1.541277e+01	5.969026e+01	4.654484e+01	3.019889e+00	3.635013e-01	0.000000e+00	0.000000e+00	0.000000e+00	4.504336e-04	5.109394e-09	3.160544e-03	6.106665e+06	6.926960e+01	4.284845e+07	
1.250000e+00	1.372406e+10	1.337567e+10	1.545721e+01	5.969026e+01	4.667905e+01	3.019889e+00	3.815937e-01	0.000000e+00	0.000000e+00	0.000000e+00	4.647010e-04	5.357334e-09	3.175778e-03	6.377586e+06	7.352439e+01	4.358458e+07	
1.300000e+00	1.389668e+10	1.478241e+10	1.550869e+01	5.969026e+01	4.683451e+01	3.019889e+00	3.953903e-01	0.000000e+00	0.000000e+00	0.000000e+00	4.791862e-04	5.652211e-09	3.191236e-03	6.659098e+06	7.854697e+01	4.434758e+07	
1.350000e+00	1.407063e+10	1.620820e+10	1.556198e+01	5.969026e+01	4.699546e+01	3.019889e+00	4.067842e-01	0.000000e+00	0.000000e+00	0.000000e+00	5.015592e-04	5.996180e-09	3.208305e-03	7.057255e+06	8.437005e+01	4.514288e+07	
1.400000e+00	1.424379e+10	1.662746e+10	1.561470e+01	5.969026e+01	4.715464e+01	3.019889e+00	4.049108e-01	0.000000e+00	0.000000e+00	0.000000e+00	5.276485e-04	6.380890e-09	3.226236e-03	7.515716e+06	9.088808e+01	4.595384e+07	
1.450000e+00	1.440597e+10	1.744369e+10	1.565574e+01	5.969026e+01	4.727860e+01	3.019889e+00	4.057312e-01	0.000000e+00	0.000000e+00	0.000000e+00	5.468866e-04	6.710633e-09	3.243130e-03	7.878431e+06	9.667316e+01	4.672043e+07	
1.500000e+00	1.456136e+10	1.831213e+10	1.568994e+01	5.969026e+01	4.738188e+01	3.019889e+00	4.087642e-01	0.000000e+00	0.000000e+00	0.000000e+00	5.624903e-04	6.997816e-09	3.258976e-03	8.190626e+06	1.018977e+02	4.745514e+07	
1.550000e+00	1.471296e+10	1.779475e+10	1.572062e+01	5.969026e+01	4.747453e+01	3.019889e+00	3.950221e-01	0.000000e+00	0.000000e+00	0.000000e+00	5.768779e-04	7.265889e-09	3.274012e-03	8.487582e+06	1.069027e+02	4.817040e+07	
1.600000e+00	1.484822e+10	1.728242e+10	1.573456e+01	5.969026e+01	4.751662e+01	3.019889e+00	3.850467e-01	0.000000e+00	0.000000e+00	0.000000e+00	5.879635e-04	7.439616e-09	3.288093e-03	8.730209e+06	1.104650e+02	4.882232e+07	
1.650000e+00	1.497310e+10	1.613897e+10	1.573842e+01	5.969026e+01	4.752827e+01	3.019889e+00	3.666598e-01	0.000000e+00	0.000000e+00	0.000000e+00	5.893395e-04	7.543303e-09	3.299614e-03	8.824236e+06	1.129466e+02	4.940544e+07	
1.700000e+00	1.508281e+10	1.508327e+10	1.572741e+01	5.969026e+01	4.749503e+01	3.019889e+00	3.524151e-01	0.000000e+00	0.000000e+00	0.000000e+00	5.768307e-04	7.505399e-09	3.307407e-03	8.700226e+06	1.132025e+02	4.988497e+07	
1.750000e+00	1.518333e+10	1.499450e+10	1.570805e+01	5.969026e+01	4.743656e+01	3.019889e+00	3.511834e-01	0.000000e+00	0.000000e+00	0.000000e+00	5.568270e-04	7.368591e-09	3.312452e-03	8.454487e+06	1.118797e+02	5.029405e+07	
1.800000e+00	1.528643e+10	1.443249e+10	1.569259e+01	5.969026e+01	4.738988e+01	3.019889e+00	3.436532e-01	0.000000e+00	0.000000e+00	0.000000e+00	5.399465e-04	7.235692e-09	3.316552e-03	8.253855e+06	1.106079e+02	5.069824e+07	
1.850000e+00	1.538646e+10	1.465944e+10	1.567516e+01	5.969026e+01	4.733724e+01	3.019889e+00	3.403290e-01	0.000000e+00	0.000000e+00	0.000000e+00	5.214162e-04	7.055682e-09	3.319484e-03	8.022749e+06	1.085620e+02	5.107511e+07	
1.900000e+00	1.548709e+10	1.593751e+10	1.565949e+01	5.969026e+01	4.728992e+01	3.019889e+00	3.523013e-01	0.000000e+00	0.000000e+00	0.000000e+00	5.040432e-04	6.852156e-09	3.321658e-03	7.806161e+06	1.061199e+02	5.144280e+07	
1.950000e+00	1.559997e+10	1.714496e+10	1.565722e+01	5.969026e+01	4.728307e+01	3.019889e+00	3.591457e-01	0.000000e+00	0.000000e+00	0.000000e+00	4.986320e-04	6.725826e-09	3.325195e-03	7.778646e+06	1.049227e+02	5.187295e+07	
2.000000e+00	1.571863e+10	1.817223e+10	1.566158e+01	5.969026e+01	4.729622e+01	3.019889e+00	3.588033e-01	0.000000e+00	0.000000e+00	0.000000e+00	4.987923e-04	6.654483e-09	3.329578e-03	7.840332e+06	1.045994e+02	5.233642e+07	
2.050000e+00	1.583623e+10	1.837245e+10	1.566563e+01	5.969026e+01	4.730847e+01	3.019889e+00	3.575341e-01	0.000000e+00	0.000000e+00	0.000000e+00	4.974416e-04	6.560864e-09	3.333181e-03	7.877598e+06	1.038993e+02	5.278501e+07	
2.100000e+00	1.595208e+10	1.923678e+10	1.566872e+01	5.969026e+01	4.731780e+01	3.019889e+00	3.634965e-01	0.000000e+00	0.000000e+00	0.000000e+00	4.959560e-04	6.445723e-09	3.336909e-03	7.911532e+06	1.028227e+02	5.323065e+07	
2.150000e+00	1.607205e+10	1.833205e+10	1.567654e+01	5.969026e+01	4.734141e+01	3.019889e+00	3.566152e-01	0.000000e+00	0.000000e+00	0.000000e+00	4.988004e-04	6.413846e-09	3.341660e-03	8.016744e+06	1.030836e+02	5.370732e+07	
2.200000e+00	1.618519e+10	1.950623e+10	1.567840e+01	5.969026e+01	4.734701e+01	3.019889e+00	3.622142e-01	0.000000e+00	0.000000e+00	0.000000e+00	4.973102e-04	6.336097e-09	3.346063e-03	8.049059e+06	1.025509e+02	5.415666e+07	
2.250000e+00	1.630238e+10	2.028798e+10	1.568485e+01	5.969026e+01	4.736650e+01	3.019889e+00	3.660451e-01	0.000000e+00	0.000000e+00	0.000000e+00	4.992913e-04	6.303895e-09	3.350729e-03	8.139635e+06	1.027685e+02	5.462484e+07	
2.300000e+00	1.642139e+10	2.218828e+10	1.569367e+01	5.969026e+01	4.739315e+01	3.019889e+00	3.724122e-01	0.000000e+00	0.000000e+00	0.000000e+00	5.031268e-04	6.293784e-09	3.355619e-03	8.262042e+06	1.033527e+02	5.510394e+07	
2.350000e+00	1.654379e+10	2.199708e+10	1.570628e+01	5.969026e+01	4.743123e+01	3.019889e+00	3.695194e-01	0.000000e+00	0.000000e+00	0.000000e+00	5.095507e-04	6.322685e-09	3.360831e-03	8.429899e+06	1.046012e+02	5.560088e+07	
2.400000e+00	1.666161e+10	2.285696e+10	1.571510e+01	5.969026e+01	4.745784e+01	3.019889e+00	3.778045e-01	0.000000e+00	0.000000e+00	0.000000e+00	5.133638e-04	6.320233e-09	3.365940e-03	8.553469e+06	1.053053e+02	5.608199e+07	
2.450000e+00	1.678434e+10	2.439940e+10	1.572904e+01	5.969026e+01	4.749996e+01	3.019889e+00	3.824719e-01	0.000000e+00	0.000000e+00	0.000000e+00	5.216492e-04	6.404110e-09	3.371918e-03	8.755538e+06	1.074888e+02	5.659542e+07	
2.500000e+00	1.690820e+10	2.423511e+10	1.574451e+01	5.969026e+01	4.754667e+01	3.019889e+00	3.809089e-01	0.000000e+00	0.000000e+00	0.000000e+00	5.308982e-04	6.544705e-09	3.378349e-03	8.976534e+06	1.106592e+02	5.712180e+07	
2.550000e+00	1.702802e+10	2.570488e+10	1.575667e+01	5.969026e+01	4.758338e+01	3.019889e+00	3.853997e-01	0.000000e+00	0.000000e+00	0.000000e+00	5.378917e-04	6.691565e-09	3.384852e-03	9.159230e+06	1.139441e+02	5.763731e+07	
2.600000e+00	1.714916e+10	2.660346e+10	1.577050e+01	5.969026e+01	4.762517e+01	3.019889e+00	3.912951e-01	0.000000e+00	0.000000e+00	0.000000e+00	5.459621e-04	6.881118e-09	3.391533e-03	9.362790e+06	1.180054e+02	5.816194e+07	
2.650000e+00	1.727243e+10	2.632263e+10	1.578672e+01	5.969026e+01	4.767414e+01	3.019889e+00	3.934916e-01	0.000000e+00	0.000000e+00	0.000000e+00	5.562072e-04	7.107891e-09	3.398667e-03	9.607052e+06	1.227706e+02	5.870325e+07	
2.700000e+00	1.739450e+10	2.763621e+10	1.580222e+01	5.969026e+01	4.772096e+01	3.019889e+00	4.000925e-01	0.000000e+00	0.000000e+00	0.000000e+00	5.663611e-04	7.354728e-09	3.406058e-03	9.851568e+06	1.279318e+02	5.924667e+07	
2.750000e+00	1.751897e+10	2.779247e+10	1.582028e+01	5.969026e+01	4.777550e+01	3.019889e+00	4.029726e-01	0.000000e+00	0.000000e+00	0.000000e+00	5.783501e-04	7.641126e-09	3.413739e-03	1.013210e+07	1.338647e+02	5.980520e+07	
2.800000e+00	1.764245e+10	2.786222e+10	1.583780e+01	5.969026e+01	4.782839e+01	3.019889e+00	4.047459e-01	0.000000e+00	0.000000e+00	0.000000e+00	5.900699e-04	7.938488e-09	3.421549e-03	1.041028e+07	1.400544e+02	6.036452e+07	
2.850000e+00	1.776417e+10	2.830556e+10	1.585408e+01	5.969026e+01	4.787755e+01	3.019889e+00	4.091519e-01	0.000000e+00	0.000000e+00	0.000000e+00	6.009507e-04	8.232233e-09	3.429326e-03	1.067539e+07	1.462388e+02	6.091913e+07	
2.900000e+00	1.788644e+10	2.845216e+10	1.587119e+01	5.969026e+01	4.792923e+01	3.019889e+00	4.109193e-01	0.000000e+00	0.000000e+00	0.000000e+00	6.124084e-04	8.538263e-09	3.437122e-03	1.095380e+07	1.527191e+02	6.147788e+07	
2.950000e+00	1.800702e+10	2.890142e+10	1.588714e+01	5.969026e+01	4.797740e+01	3.019889e+00	4.130254e-01	0.000000e+00	0.000000e+00	0.000000e+00	6.230041e-04	8.841372e-09	3.444899e-03	1.121845e+07	1.592068e+02	6.203237e+07	
3.000000e+00	1.812639e+10	3.014151e+10	1.590237e+01	5.969026e+01	4.802337e+01	3.019889e+00	4.178398e-01	0.000000e+00	0.000000e+00	0.000000e+00	6.329706e-04	9.126799e-09	3.452494e-03	1.147347e+07	1.654360e+02	6.258127e+07	
3.050000e+00	1.824685e+10	3.024483e+10	1.591886e+01	5.969026e+01	4.807319e+01	3.019889e+00	4.186895e-01	0.000000e+00	0.000000e+00	0.000000e+00	6.436448e-04	9.417926e-09	3.460039e-03	1.174449e+07	1.718475e+02	6.313483e+07	
3.100000e+00	1.836502e+10	3.187708e+10	1.593367e+01	5.969026e+01	4.811792e+01	3.019889e+00	4.230196e-01	0.000000e+00	0.000000e+00	0.000000e+00	6.531218e-04	9.686118e-09	3.467426e-03	1.199459e+07	1.778857e+02	6.367934e+07	
3.150000e+00	1.848396e+10	3.348726e+10	1.594948e+01	5.969026e+01	4.816565e+01	3.019889e+00	4.262213e-01	0.000000e+00	0.000000e+00	0.000000e+00	6.630502e-04	9.946372e-09	3.474710e-03	1.225580e+07	1.838484e+02	6.422641e+07	
3.200000e+00	1.860262e+10	3.512204e+10	1.596533e+01	5.969026e+01	4.821352e+01	3.019889e+00	4.305139e-01	0.000000e+00	0.000000e+00	0.000000e+00	6.728189e-04	1.019381e-08	3.481896e-03	1.251619e+07	1.896315e+02	6.477239e+07	
3.250000e+00	1.872185e+10	3.708281e+10	1.598197e+01	5.969026e+01	4.826376e+01	3.019889e+00	4.345830e-01	0.000000e+00	0.000000e+00	0.000000e+00	6.829651e-04	1.043477e-08	3.489018e-03	1.278637e+07	1.953582e+02	6.532089e+07	
3.300000e+00	1.884136e+10	3.811535e+10	1.599910e+01	5.969026e+01	4.831551e+01	3.019889e+00	4.316371e-01	0.000000e+00	0.000000e+00	0.000000e+00	6.932763e-04	1.066595e-08	3.496075e-03	1.306227e+07	2.009610e+02	6.587080e+07	
3.350000e+00	1.895543e+10	3.857078e+10	1.601191e+01	5.969026e+01	4.835420e+01	3.019889e+00	4.276955e-01	0.000000e+00	0.000000e+00	0.000000e+00	6.999159e-04	1.081621e-08	3.502366e-03	1.326721e+07	2.050259e+02	6.638886e+07	
3.400000e+00	1.906405e+10	3.848644e+10	1.602044e+01	5.969026e+01	4.837996e+01	3.019889e+00	4.190550e-01	0.000000e+00	0.000000e+00	0.000000e+00	7.033123e-04	1.089056e-08	3.508044e-03	1.340798e+07	2.076181e+02	6.687751e+07	
3.450000e+00	1.916421e+10	3.803663e+10	1.602224e+01	5.969026e+01	4.838538e+01	3.019889e+00	4.107087e-01	0.000000e+00	0.000000e+00	0.000000e+00	7.015067e-04	1.087447e-08	3.512787e-03	1.344382e+07	2.084007e+02	6.731980e+07	
3.500000e+00	1.925737e+10	3.767616e+10	1.601860e+01	5.969026e+01	4.837440e+01	3.019889e+00	4.042061e-01	0.000000e+00	0.000000e+00	0.000000e+00	6.957362e-04	1.076987e-08	3.516644e-03	1.339805e+07	2.073994e+02	6.772131e+07	
3.550000e+00	1.934597e+10	3.711038e+10	1.601164e+01	5.969026e+01	4.835337e+01	3.019889e+00	3.971965e-01	0.000000e+00	0.000000e+00	0.000000e+00	6.875909e-04	1.059466e-08	3.519734e-03	1.330211e+07	2.049641e+02	6.809267e+07	
3.600000e+00	1.943022e+10	3.660733e+10	1.600156e+01	5.969026e+01	4.832294e+01	3.019889e+00	3.837861e-01	0.000000e+00	0.000000e+00	0.000000e+00	6.772631e-04	1.033776e-08	3.521926e-03	1.315937e+07	2.008651e+02	6.843181e+07	
3.650000e+00	1.950557e+10	3.775304e+10	1.598468e+01	5.969026e+01	4.827194e+01	3.019889e+00	3.814077e-01	0.000000e+00	0.000000e+00	0.000000e+00	6.612396e-04	9.956926e-09	3.522514e-03	1.289786e+07	1.942155e+02	6.870864e+07	
3.700000e+00	1.958209e+10	3.770133e+10	1.596929e+01	5.969026e+01	4.822548e+01	3.019889e+00	3.765664e-01	0.000000e+00	0.000000e+00	0.000000e+00	6.462236e-04	9.559155e-09	3.522504e-03	1.265441e+07	1.871882e+02	6.897798e+07	
3.750000e+00	1.965753e+10	3.764724e+10	1.595356e+01	5.969026e+01	4.817798e+01	3.019889e+00	3.723438e-01	0.000000e+00	0.000000e+00	0.000000e+00	6.311396e-04	9.143837e-09	3.521973e-03	1.240665e+07	1.797453e+02	6.923330e+07	
3.800000e+00	1.973248e+10	3.870412e+10	1.593795e+01	5.969026e+01	4.813082e+01	3.019889e+00	3.846920e-01	0.000000e+00	0.000000e+00	0.000000e+00	6.162876e-04	8.719849e-09	3.520995e-03	1.216088e+07	1.720643e+02	6.947797e+07	
3.850000e+00	1.982012e+10	3.981251e+10	1.593304e+01	5.969026e+01	4.811600e+01	3.019889e+00	4.021092e-01	0.000000e+00	0.000000e+00	0.000000e+00	6.034607e-04	8.376596e-09	3.519830e-03	1.196066e+07	1.660251e+02	6.976344e+07	
3.900000e+00	1.992252e+10	4.156185e+10	1.594034e+01	5.969026e+01	4.813806e+01	3.019889e+00	4.157945e-01	0.000000e+00	0.000000e+00	0.000000e+00	6.027064e-04	8.187317e-09	3.520708e-03	1.200743e+07	1.631120e+02	7.014138e+07	
3.950000e+00	2.003451e+10	4.286915e+10	1.595556e+01	5.969026e+01	4.818402e+01	3.019889e+00	4.250430e-01	0.000000e+00	0.000000e+00	0.000000e+00	6.094679e-04	8.123580e-09	3.523193e-03	1.221039e+07	1.627519e+02	7.058542e+07	
4.000000e+00	2.015113e+10	4.290415e+10	1.597465e+01	5.969026e+01	4.824168e+01	3.019889e+00	4.299895e-01	0.000000e+00	0.000000e+00	0.000000e+00	6.201610e-04	8.162297e-09	3.526933e-03	1.249694e+07	1.644795e+02	7.107170e+07	
4.050000e+00	2.026827e+10	4.320223e+10	1.599432e+01	5.969026e+01	4.830106e+01	3.019889e+00	4.344221e-01	0.000000e+00	0.000000e+00	0.000000e+00	6.321824e-04	8.292983e-09	3.531686e-03	1.281325e+07	1.680844e+02	7.158117e+07	
4.100000e+00	2.038543e+10	4.326119e+10	1.601414e+01	5.969026e+01	4.836093e+01	3.019889e+00	4.349018e-01	0.000000e+00	0.000000e+00	0.000000e+00	6.448917e-04	8.506571e-09	3.537188e-03	1.314640e+07	1.734101e+02	7.210710e+07	
4.150000e+00	2.049942e+10	4.365133e+10	1.603164e+01	5.969026e+01	4.841376e+01	3.019889e+00	4.355812e-01	0.000000e+00	0.000000e+00	0.000000e+00	6.562010e-04	8.719055e-09	3.542883e-03	1.345174e+07	1.787356e+02	7.262705e+07	
4.200000e+00	2.061082e+10	4.248601e+10	1.604727e+01	5.969026e+01	4.846098e+01	3.019889e+00	4.313621e-01	0.000000e+00	0.000000e+00	0.000000e+00	6.663296e-04	8.932084e-09	3.548651e-03	1.373360e+07	1.840975e+02	7.314059e+07	
4.250000e+00	2.071603e+10	4.152177e+10	1.605829e+01	5.969026e+01	4.849425e+01	3.019889e+00	4.272732e-01	0.000000e+00	0.000000e+00	0.000000e+00	6.733755e-04	9.091360e-09	3.554168e-03	1.394967e+07	1.883369e+02	7.362824e+07	
4.300000e+00	2.081598e+10	4.126894e+10	1.606546e+01	5.969026e+01	4.851590e+01	3.019889e+00	4.254792e-01	0.000000e+00	0.000000e+00	0.000000e+00	6.778269e-04	9.203580e-09	3.559318e-03	1.410963e+07	1.915815e+02	7.409068e+07	
4.350000e+00	2.091320e+10	4.147608e+10	1.607077e+01	5.969026e+01	4.853194e+01	3.019889e+00	4.297628e-01	0.000000e+00	0.000000e+00	0.000000e+00	6.809733e-04	9.293702e-09	3.564302e-03	1.424133e+07	1.943610e+02	7.454096e+07	
4.400000e+00	2.101291e+10	4.156915e+10	1.607824e+01	5.969026e+01	4.855449e+01	3.019889e+00	4.356256e-01	0.000000e+00	0.000000e+00	0.000000e+00	6.861975e-04	9.373673e-09	3.569262e-03	1.441900e+07	1.969681e+02	7.500057e+07	
4.450000e+00	2.111599e+10	4.174296e+10	1.608850e+01	5.969026e+01	4.858549e+01	3.019889e+00	4.407192e-01	0.000000e+00	0.000000e+00	0.000000e+00	6.937919e-04	9.514937e-09	3.574508e-03	1.465010e+07	2.009173e+02	7.547926e+07	
4.500000e+00	2.122133e+10	4.087529e+10	1.610068e+01	5.969026e+01	4.862227e+01	3.019889e+00	4.382094e-01	0.000000e+00	0.000000e+00	0.000000e+00	7.029083e-04	9.708099e-09	3.580010e-03	1.491665e+07	2.060187e+02	7.597256e+07	
4.550000e+00	2.132246e+10	3.969383e+10	1.610987e+01	5.969026e+01	4.865002e+01	3.019889e+00	4.260716e-01	0.000000e+00	0.000000e+00	0.000000e+00	7.099060e-04	9.823428e-09	3.585108e-03	1.513694e+07	2.094597e+02	7.644334e+07	
4.600000e+00	2.141218e+10	3.915849e+10	1.611067e+01	5.969026e+01	4.865242e+01	3.019889e+00	4.183002e-01	0.000000e+00	0.000000e+00	0.000000e+00	7.168154e-04	9.923357e-09	3.590039e-03	1.534858e+07	2.124807e+02	7.687056e+07	
4.650000e+00	2.149549e+10	3.901381e+10	1.610693e+01	5.969026e+01	4.864114e+01	3.019889e+00	4.125952e-01	0.000000e+00	0.000000e+00	0.000000e+00	7.181854e-04	9.978071e-09	3.593629e-03	1.543775e+07	2.144836e+02	7.724682e+07	
4.700000e+00	2.157489e+10	3.922601e+10	1.610057e+01	5.969026e+01	4.862193e+01	3.019889e+00	4.338960e-01	0.000000e+00	0.000000e+00	0.000000e+00	7.162297e-04	9.985886e-09	3.596214e-03	1.545257e+07	2.154443e+02	7.758791e+07	
4.750000e+00	2.167257e+10	3.710730e+10	1.610812e+01	5.969026e+01	4.864474e+01	3.019889e+00	4.042978e-01	0.000000e+00	0.000000e+00	0.000000e+00	7.150764e-04	1.003175e-08	3.598553e-03	1.549755e+07	2.174137e+02	7.798989e+07	
4.800000e+00	2.174507e+10	3.568199e+10	1.609723e+01	5.969026e+01	4.861183e+01	3.019889e+00	3.854393e-01	0.000000e+00	0.000000e+00	0.000000e+00	7.101262e-04	9.984305e-09	3.600675e-03	1.544174e+07	2.171094e+02	7.829692e+07	
4.850000e+00	2.180435e+10	3.421567e+10	1.607693e+01	5.969026e+01	4.855055e+01	3.019889e+00	3.708388e-01	0.000000e+00	0.000000e+00	0.000000e+00	7.029232e-04	9.844964e-09	3.602079e-03	1.532678e+07	2.146631e+02	7.854100e+07	
4.900000e+00	2.185559e+10	3.261184e+10	1.605114e+01	5.969026e+01	4.847266e+01	3.019889e+00	3.527066e-01	0.000000e+00	0.000000e+00	0.000000e+00	6.892388e-04	9.619737e-09	3.601800e-03	1.506372e+07	2.102450e+02	7.871945e+07	
4.950000e+00	2.189698e+10	3.207757e+10	1.601860e+01	5.969026e+01	4.837438e+01	3.019889e+00	3.413101e-01	0.000000e+00	0.000000e+00	0.000000e+00	6.684874e-04	9.303941e-09	3.599830e-03	1.463785e+07	2.037282e+02	7.882540e+07	
5.000000e+00	2.193521e+10	3.075238e+10	1.598425e+01	5.969026e+01	4.827065e+01	3.019889e+00	3.306385e-01	0.000000e+00	0.000000e+00	0.000000e+00	6.449467e-04	8.972772e-09	3.596747e-03	1.414704e+07	1.968196e+02	7.889539e+07	
5.050000e+00	2.197123e+10	3.033553e+10	1.594880e+01	5.969026e+01	4.816359e+01	3.019889e+00	3.352844e-01	0.000000e+00	0.000000e+00	0.000000e+00	6.196679e-04	8.604194e-09	3.592802e-03	1.361486e+07	1.890447e+02	7.893827e+07	
5.100000e+00	2.201749e+10	2.885436e+10	1.592126e+01	5.969026e+01	4.808043e+01	3.019889e+00	3.407131e-01	0.000000e+00	0.000000e+00	0.000000e+00	5.937750e-04	8.232620e-09	3.588288e-03	1.307343e+07	1.812616e+02	7.900508e+07	
5.150000e+00	2.207315e+10	2.865591e+10	1.590093e+01	5.969026e+01	4.801905e+01	3.019889e+00	3.434507e-01	0.000000e+00	0.000000e+00	0.000000e+00	5.762776e-04	7.896261e-09	3.585473e-03	1.272026e+07	1.742953e+02	7.914267e+07	
5.200000e+00	2.213472e+10	2.949084e+10	1.588523e+01	5.969026e+01	4.797163e+01	3.019889e+00	3.484932e-01	0.000000e+00	0.000000e+00	0.000000e+00	5.625139e-04	7.668465e-09	3.583329e-03	1.245109e+07	1.697393e+02	7.931599e+07	
5.250000e+00	2.220318e+10	3.068144e+10	1.587480e+01	5.969026e+01	4.794012e+01	3.019889e+00	3.543689e-01	0.000000e+00	0.000000e+00	0.000000e+00	5.526294e-04	7.530953e-09	3.581550e-03	1.227013e+07	1.672111e+02	7.952182e+07	
5.300000e+00	2.227823e+10	3.207854e+10	1.586935e+01	5.969026e+01	4.792366e+01	3.019889e+00	3.617659e-01	0.000000e+00	0.000000e+00	0.000000e+00	5.464006e-04	7.477991e-09	3.580240e-03	1.217284e+07	1.665964e+02	7.976141e+07	
5.350000e+00	2.236014e+10	3.209694e+10	1.586903e+01	5.969026e+01	4.792270e+01	3.019889e+00	3.608657e-01	0.000000e+00	0.000000e+00	0.000000e+00	5.440409e-04	7.558036e-09	3.579898e-03	1.216483e+07	1.689988e+02	8.004702e+07	
5.400000e+00	2.244140e+10	3.292316e+10	1.586846e+01	5.969026e+01	4.792100e+01	3.019889e+00	3.646826e-01	0.000000e+00	0.000000e+00	0.000000e+00	5.415059e-04	7.607331e-09	3.579646e-03	1.215215e+07	1.707191e+02	8.033226e+07	
5.450000e+00	2.252578e+10	3.407175e+10	1.587032e+01	5.969026e+01	4.792660e+01	3.019889e+00	3.699716e-01	0.000000e+00	0.000000e+00	0.000000e+00	5.408458e-04	7.700316e-09	3.579850e-03	1.218297e+07	1.734556e+02	8.063892e+07	
5.500000e+00	2.261403e+10	3.432682e+10	1.587508e+01	5.969026e+01	4.794097e+01	3.019889e+00	3.674522e-01	0.000000e+00	0.000000e+00	0.000000e+00	5.423811e-04	7.852435e-09	3.580785e-03	1.226542e+07	1.775752e+02	8.097598e+07	
5.550000e+00	2.269941e+10	3.544770e+10	1.587800e+01	5.969026e+01	4.794979e+01	3.019889e+00	3.648747e-01	0.000000e+00	0.000000e+00	0.000000e+00	5.416752e-04	8.072944e-09	3.581809e-03	1.229570e+07	1.832510e+02	8.130494e+07	
5.600000e+00	2.278220e+10	3.656541e+10	1.587930e+01	5.969026e+01	4.795373e+01	3.019889e+00	3.708751e-01	0.000000e+00	0.000000e+00	0.000000e+00	5.392062e-04	8.266573e-09	3.582597e-03	1.228431e+07	1.883308e+02	8.161945e+07	
5.650000e+00	2.286953e+10	3.884724e+10	1.588394e+01	5.969026e+01	4.796774e+01	3.019889e+00	3.753579e-01	0.000000e+00	0.000000e+00	0.000000e+00	5.401452e-04	8.433546e-09	3.583979e-03	1.235287e+07	1.928712e+02	8.196392e+07	
5.700000e+00	2.295956e+10	4.124733e+10	1.589062e+01	5.969026e+01	4.798791e+01	3.019889e+00	4.027413e-01	0.000000e+00	0.000000e+00	0.000000e+00	5.427355e-04	8.548678e-09	3.585709e-03	1.246097e+07	1.962739e+02	8.232631e+07	
5.750000e+00	2.307014e+10	4.314557e+10	1.591162e+01	5.969026e+01	4.805131e+01	3.019889e+00	4.106265e-01	0.000000e+00	0.000000e+00	0.000000e+00	5.476452e-04	8.677440e-09	3.587723e-03	1.263425e+07	2.001898e+02	8.276927e+07	
5.800000e+00	2.318319e+10	4.339863e+10	1.593436e+01	5.969026e+01	4.811999e+01	3.019889e+00	3.981595e-01	0.000000e+00	0.000000e+00	0.000000e+00	5.489732e-04	8.780331e-09	3.589485e-03	1.272695e+07	2.035561e+02	8.321574e+07	
5.850000e+00	2.328221e+10	4.473572e+10	1.594752e+01	5.969026e+01	4.815973e+01	3.019889e+00	4.141317e-01	0.000000e+00	0.000000e+00	0.000000e+00	5.550747e-04	8.840278e-09	3.592752e-03	1.292337e+07	2.058212e+02	8.364721e+07	
5.900000e+00	2.339158e+10	4.603025e+10	1.596784e+01	5.969026e+01	4.822110e+01	3.019889e+00	4.078448e-01	0.000000e+00	0.000000e+00	0.000000e+00	5.641328e-04	8.883085e-09	3.596443e-03	1.319596e+07	2.077894e+02	8.412648e+07	
5.950000e+00	2.349227e+10	4.805025e+10	1.598230e+01	5.969026e+01	4.826478e+01	3.019889e+00	4.509466e-01	0.000000e+00	0.000000e+00	0.000000e+00	5.723902e-04	8.961852e-09	3.600625e-03	1.344674e+07	2.105342e+02	8.458684e+07	
6.000000e+00	2.362478e+10	5.020661e+10	1.601843e+01	5.969026e+01	4.837388e+01	3.019889e+00	4.415898e-01	0.000000e+00	0.000000e+00	0.000000e+00	5.899311e-04	9.209648e-09	3.607074e-03	1.393700e+07	2.175759e+02	8.521635e+07	
6.050000e+00	2.374336e+10	4.956788e+10	1.604508e+01	5.969026e+01	4.845435e+01	3.019889e+00	4.248625e-01	0.000000e+00	0.000000e+00	0.000000e+00	6.108212e-04	9.570089e-09	3.614826e-03	1.450295e+07	2.272261e+02	8.582811e+07	
6.100000e+00	2.384375e+10	5.092625e+10	1.605948e+01	5.969026e+01	4.849783e+01	3.019889e+00	4.178487e-01	0.000000e+00	0.000000e+00	0.000000e+00	6.271083e-04	9.831560e-09	3.622055e-03	1.495261e+07	2.344212e+02	8.636338e+07	
6.150000e+00	2.393592e+10	5.198853e+10	1.606844e+01	5.969026e+01	4.852489e+01	3.019889e+00	4.347983e-01	0.000000e+00	0.000000e+00	0.000000e+00	6.371990e-04	1.006443e-08	3.628205e-03	1.525194e+07	2.409014e+02	8.684443e+07	
6.200000e+00	2.404009e+10	5.011569e+10	1.608554e+01	5.969026e+01	4.857655e+01	3.019889e+00	3.994104e-01	0.000000e+00	0.000000e+00	0.000000e+00	6.439355e-04	1.029485e-08	3.633260e-03	1.548027e+07	2.474891e+02	8.734390e+07	
6.250000e+00	2.411274e+10	5.026897e+10	1.608168e+01	5.969026e+01	4.856489e+01	3.019889e+00	3.974456e-01	0.000000e+00	0.000000e+00	0.000000e+00	6.440831e-04	1.041718e-08	3.637484e-03	1.553061e+07	2.511867e+02	8.770970e+07	
6.300000e+00	2.418450e+10	5.140237e+10	1.607743e+01	5.969026e+01	4.855204e+01	3.019889e+00	4.011302e-01	0.000000e+00	0.000000e+00	0.000000e+00	6.428816e-04	1.046223e-08	3.640988e-03	1.554777e+07	2.530237e+02	8.805549e+07	
6.350000e+00	2.426000e+10	5.059529e+10	1.607584e+01	5.969026e+01	4.854726e+01	3.019889e+00	3.874224e-01	0.000000e+00	0.000000e+00	0.000000e+00	6.432338e-04	1.053054e-08	3.644445e-03	1.560485e+07	2.554709e+02	8.841422e+07	
6.400000e+00	2.432476e+10	5.142166e+10	1.606734e+01	5.969026e+01	4.852159e+01	3.019889e+00	4.083117e-01	0.000000e+00	0.000000e+00	0.000000e+00	6.435679e-04	1.054487e-08	3.647513e-03	1.565464e+07	2.565015e+02	8.872489e+07	
6.450000e+00	2.440785e+10	5.090366e+10	1.607113e+01	5.969026e+01	4.853302e+01	3.019889e+00	3.949708e-01	0.000000e+00	0.000000e+00	0.000000e+00	6.402753e-04	1.062015e-08	3.650183e-03	1.562774e+07	2.592151e+02	8.909314e+07	
6.500000e+00	2.447954e+10	5.175670e+10	1.606756e+01	5.969026e+01	4.852225e+01	3.019889e+00	4.120145e-01	0.000000e+00	0.000000e+00	0.000000e+00	6.383476e-04	1.063187e-08	3.652674e-03	1.562646e+07	2.602632e+02	8.941578e+07	
6.550000e+00	2.456557e+10	5.152757e+10	1.607356e+01	5.969026e+01	4.854036e+01	3.019889e+00	3.887304e-01	0.000000e+00	0.000000e+00	0.000000e+00	6.449093e-04	1.071549e-08	3.656074e-03	1.584256e+07	2.632321e+02	8.981353e+07	
6.600000e+00	2.463180e+10	5.169555e+10	1.606677e+01	5.969026e+01	4.851984e+01	3.019889e+00	3.881789e-01	0.000000e+00	0.000000e+00	0.000000e+00	6.498138e-04	1.080532e-08	3.659283e-03	1.600608e+07	2.661545e+02	9.013472e+07	
6.650000e+00	2.469882e+10	5.227397e+10	1.606068e+01	5.969026e+01	4.850147e+01	3.019889e+00	3.929881e-01	0.000000e+00	0.000000e+00	0.000000e+00	6.490006e-04	1.083818e-08	3.661121e-03	1.602955e+07	2.676902e+02	9.042535e+07	
6.700000e+00	2.477081e+10	5.230219e+10	1.605801e+01	5.969026e+01	4.849340e+01	3.019889e+00	4.032482e-01	0.000000e+00	0.000000e+00	0.000000e+00	6.441500e-04	1.083409e-08	3.662138e-03	1.595612e+07	2.683690e+02	9.071411e+07	
6.750000e+00	2.485152e+10	5.250359e+10	1.606114e+01	5.969026e+01	4.850285e+01	3.019889e+00	3.970951e-01	0.000000e+00	0.000000e+00	0.000000e+00	6.451366e-04	1.090821e-08	3.664292e-03	1.603262e+07	2.710857e+02	9.106322e+07	
6.800000e+00	2.492672e+10	5.301666e+10	1.606085e+01	5.969026e+01	4.850198e+01	3.019889e+00	3.949211e-01	0.000000e+00	0.000000e+00	0.000000e+00	6.431215e-04	1.092779e-08	3.665806e-03	1.603091e+07	2.723940e+02	9.137653e+07	
6.850000e+00	2.500023e+10	5.389055e+10	1.605962e+01	5.969026e+01	4.849827e+01	3.019889e+00	3.989380e-01	0.000000e+00	0.000000e+00	0.000000e+00	6.404290e-04	1.085770e-08	3.666706e-03	1.601087e+07	2.714451e+02	9.166849e+07	
6.900000e+00	2.507719e+10	5.483118e+10	1.606075e+01	5.969026e+01	4.850169e+01	3.019889e+00	4.094925e-01	0.000000e+00	0.000000e+00	0.000000e+00	6.394995e-04	1.081276e-08	3.668211e-03	1.603685e+07	2.711537e+02	9.198842e+07	
6.950000e+00	2.516242e+10	5.412521e+10	1.606730e+01	5.969026e+01	4.852147e+01	3.019889e+00	3.888428e-01	0.000000e+00	0.000000e+00	0.000000e+00	6.441782e-04	1.081623e-08	3.670470e-03	1.620908e+07	2.721625e+02	9.235790e+07	
7.000000e+00	2.522988e+10	5.399817e+10	1.606264e+01	5.969026e+01	4.850740e+01	3.019889e+00	3.938051e-01	0.000000e+00	0.000000e+00	0.000000e+00	6.443025e-04	1.079847e-08	3.671931e-03	1.625567e+07	2.724441e+02	9.264235e+07	
7.050000e+00	2.530216e+10	5.407786e+10	1.606122e+01	5.969026e+01	4.850309e+01	3.019889e+00	3.981570e-01	0.000000e+00	0.000000e+00	0.000000e+00	6.404555e-04	1.076748e-08	3.672639e-03	1.620491e+07	2.724406e+02	9.292572e+07	
7.100000e+00	2.537821e+10	5.554796e+10	1.606232e+01	5.969026e+01	4.850641e+01	3.019889e+00	4.120524e-01	0.000000e+00	0.000000e+00	0.000000e+00	6.392748e-04	1.075515e-08	3.673701e-03	1.622365e+07	2.729465e+02	9.323195e+07	
7.150000e+00	2.546521e+10	5.551263e+10	1.607046e+01	5.969026e+01	4.853100e+01	3.019889e+00	4.292512e-01	0.000000e+00	0.000000e+00	0.000000e+00	6.445960e-04	1.081450e-08	3.675791e-03	1.641477e+07	2.753935e+02	9.360480e+07	
7.200000e+00	2.556456e+10	5.533319e+10	1.608646e+01	5.969026e+01	4.857933e+01	3.019889e+00	4.202838e-01	0.000000e+00	0.000000e+00	0.000000e+00	6.511877e-04	1.089029e-08	3.678525e-03	1.664733e+07	2.784055e+02	9.403988e+07	
7.250000e+00	2.565383e+10	5.647762e+10	1.609618e+01	5.969026e+01	4.860868e+01	3.019889e+00	4.269466e-01	0.000000e+00	0.000000e+00	0.000000e+00	6.596179e-04	1.094731e-08	3.681742e-03	1.692173e+07	2.808403e+02	9.445078e+07	
7.300000e+00	2.574671e+10	5.913034e+10	1.610824e+01	5.969026e+01	4.864508e+01	3.019889e+00	4.567523e-01	0.000000e+00	0.000000e+00	0.000000e+00	6.696061e-04	1.104627e-08	3.685138e-03	1.724015e+07	2.844052e+02	9.488019e+07	
7.350000e+00	2.586143e+10	6.025541e+10	1.613398e+01	5.969026e+01	4.872282e+01	3.019889e+00	4.597984e-01	0.000000e+00	0.000000e+00	0.000000e+00	6.788140e-04	1.129472e-08	3.689100e-03	1.755510e+07	2.920977e+02	9.540540e+07	
7.400000e+00	2.597402e+10	6.003860e+10	1.615838e+01	5.969026e+01	4.879652e+01	3.019889e+00	4.457393e-01	0.000000e+00	0.000000e+00	0.000000e+00	6.948817e-04	1.161307e-08	3.694438e-03	1.804887e+07	3.016382e+02	9.595941e+07	
7.450000e+00	2.607091e+10	6.118225e+10	1.617303e+01	5.969026e+01	4.884076e+01	3.019889e+00	4.373874e-01	0.000000e+00	0.000000e+00	0.000000e+00	7.085568e-04	1.188013e-08	3.699528e-03	1.847272e+07	3.097258e+02	9.645006e+07	
7.500000e+00	2.615843e+10	6.279608e+10	1.618193e+01	5.969026e+01	4.886764e+01	3.019889e+00	4.295740e-01	0.000000e+00	0.000000e+00	0.000000e+00	7.158761e-04	1.207414e-08	3.703700e-03	1.872619e+07	3.158404e+02	9.688297e+07	
7.550000e+00	2.623803e+10	6.367174e+10	1.618603e+01	5.969026e+01	4.888000e+01	3.019889e+00	4.388490e-01	0.000000e+00	0.000000e+00	0.000000e+00	7.186524e-04	1.219596e-08	3.707080e-03	1.885602e+07	3.199979e+02	9.726646e+07	
7.600000e+00	2.632440e+10	6.554383e+10	1.619439e+01	5.969026e+01	4.890525e+01	3.019889e+00	4.414308e-01	0.000000e+00	0.000000e+00	0.000000e+00	7.205840e-04	1.228480e-08	3.710718e-03	1.896894e+07	3.233900e+02	9.768243e+07	
7.650000e+00	2.641137e+10	6.741641e+10	1.620319e+01	5.969026e+01	4.893183e+01	3.019889e+00	4.401651e-01	0.000000e+00	0.000000e+00	0.000000e+00	7.215140e-04	1.237258e-08	3.713747e-03	1.905617e+07	3.267768e+02	9.808513e+07	
7.700000e+00	2.649573e+10	6.917020e+10	1.621047e+01	5.969026e+01	4.895383e+01	3.019889e+00	4.390622e-01	0.000000e+00	0.000000e+00	0.000000e+00	7.279983e-04	1.249632e-08	3.717607e-03	1.928885e+07	3.310993e+02	9.850073e+07	
7.750000e+00	2.657790e+10	6.874945e+10	1.621650e+01	5.969026e+01	4.897202e+01	3.019889e+00	4.196141e-01	0.000000e+00	0.000000e+00	0.000000e+00	7.327430e-04	1.260505e-08	3.721221e-03	1.947477e+07	3.350159e+02	9.890226e+07	
7.800000e+00	2.664322e+10	7.016732e+10	1.621236e+01	5.969026e+01	4.895952e+01	3.019889e+00	4.229413e-01	0.000000e+00	0.000000e+00	0.000000e+00	7.284378e-04	1.256055e-08	3.723138e-03	1.940793e+07	3.346536e+02	9.919641e+07	
7.850000e+00	2.671199e+10	7.025699e+10	1.621045e+01	5.969026e+01	4.895375e+01	3.019889e+00	3.998022e-01	0.000000e+00	0.000000e+00	0.000000e+00	7.261216e-04	1.250491e-08	3.725046e-03	1.939615e+07	3.340309e+02	9.950338e+07	
7.900000e+00	2.676234e+10	7.054508e+10	1.619752e+01	5.969026e+01	4.891471e+01	3.019889e+00	4.123548e-01	0.000000e+00	0.000000e+00	0.000000e+00	7.240659e-04	1.240878e-08	3.726751e-03	1.937770e+07	3.320881e+02	9.973656e+07	
7.950000e+00	2.682520e+10	7.066375e+10	1.619233e+01	5.969026e+01	4.889903e+01	3.019889e+00	4.148545e-01	0.000000e+00	0.000000e+00	0.000000e+00	7.246318e-04	1.226325e-08	3.728721e-03	1.943839e+07	3.289641e+02	1.000237e+08	
8.000000e+00	2.689101e+10	7.016732e+10	1.618906e+01	5.969026e+01	4.888915e+01	3.019889e+00	4.072820e-01	0.000000e+00	0.000000e+00	0.000000e+00	7.198744e-04	1.212794e-08	3.729580e-03	1.935815e+07	3.261327e+02	1.002922e+08	
8.050000e+00	2.695129e+10	6.825913e+10	1.618259e+01	5.969026e+01	4.886963e+01	3.019889e+00	3.930840e-01	0.000000e+00	0.000000e+00	0.000000e+00	7.121263e-04	1.203051e-08	3.729846e-03	1.919273e+07	3.242378e+02	1.005242e+08	
8.100000e+00	2.700125e+10	6.647014e+10	1.617009e+01	5.969026e+01	4.883188e+01	3.019889e+00	3.947280e-01	0.000000e+00	0.000000e+00	0.000000e+00	6.999429e-04	1.178562e-08	3.728993e-03	1.889933e+07	3.182265e+02	1.006875e+08	
8.150000e+00	2.705480e+10	6.781293e+10	1.615991e+01	5.969026e+01	4.880115e+01	3.019889e+00	4.222670e-01	0.000000e+00	0.000000e+00	0.000000e+00	6.907161e-04	1.154820e-08	3.728410e-03	1.868719e+07	3.124343e+02	1.008714e+08	
8.200000e+00	2.713245e+10	6.722151e+10	1.616426e+01	5.969026e+01	4.881425e+01	3.019889e+00	4.219345e-01	0.000000e+00	0.000000e+00	0.000000e+00	6.880313e-04	1.143908e-08	3.729152e-03	1.866798e+07	3.103702e+02	1.011810e+08	
8.250000e+00	2.720905e+10	6.712966e+10	1.616806e+01	5.969026e+01	4.882574e+01	3.019889e+00	4.191675e-01	0.000000e+00	0.000000e+00	0.000000e+00	6.923402e-04	1.136179e-08	3.730971e-03	1.883792e+07	3.091434e+02	1.015162e+08	
8.300000e+00	2.728273e+10	6.594515e+10	1.617022e+01	5.969026e+01	4.883226e+01	3.019889e+00	4.209596e-01	0.000000e+00	0.000000e+00	0.000000e+00	6.892343e-04	1.122769e-08	3.731329e-03	1.880420e+07	3.063221e+02	1.018008e+08	
8.350000e+00	2.735747e+10	6.673148e+10	1.617310e+01	5.969026e+01	4.884096e+01	3.019889e+00	4.209411e-01	0.000000e+00	0.000000e+00	0.000000e+00	6.931797e-04	1.118813e-08	3.733237e-03	1.896364e+07	3.060790e+02	1.021319e+08	
8.400000e+00	2.743168e+10	6.805765e+10	1.617576e+01	5.969026e+01	4.884898e+01	3.019889e+00	4.547442e-01	0.000000e+00	0.000000e+00	0.000000e+00	6.959883e-04	1.119702e-08	3.734916e-03	1.909213e+07	3.071530e+02	1.024550e+08	
8.450000e+00	2.753275e+10	6.978565e+10	1.619430e+01	5.969026e+01	4.890499e+01	3.019889e+00	4.530171e-01	0.000000e+00	0.000000e+00	0.000000e+00	7.014810e-04	1.133217e-08	3.737235e-03	1.931370e+07	3.120059e+02	1.028963e+08	
8.500000e+00	2.762911e+10	7.080205e+10	1.621010e+01	5.969026e+01	4.895269e+01	3.019889e+00	4.496062e-01	0.000000e+00	0.000000e+00	0.000000e+00	7.163287e-04	1.163244e-08	3.742088e-03	1.979152e+07	3.213940e+02	1.033906e+08	
8.550000e+00	2.771989e+10	7.127800e+10	1.622265e+01	5.969026e+01	4.899060e+01	3.019889e+00	4.449980e-01	0.000000e+00	0.000000e+00	0.000000e+00	7.275396e-04	1.201332e-08	3.746720e-03	2.016732e+07	3.330080e+02	1.038587e+08	
8.600000e+00	2.780469e+10	7.284713e+10	1.623175e+01	5.969026e+01	4.901809e+01	3.019889e+00	4.455186e-01	0.000000e+00	0.000000e+00	0.000000e+00	7.352246e-04	1.237585e-08	3.750933e-03	2.044269e+07	3.441067e+02	1.042936e+08	
8.650000e+00	2.788829e+10	7.178587e+10	1.624021e+01	5.969026e+01	4.904362e+01	3.019889e+00	4.362019e-01	0.000000e+00	0.000000e+00	0.000000e+00	7.365312e-04	1.265990e-08	3.753779e-03	2.054060e+07	3.530631e+02	1.046865e+08	
8.700000e+00	2.796282e+10	7.265358e+10	1.624345e+01	5.969026e+01	4.905340e+01	3.019889e+00	4.353329e-01	0.000000e+00	0.000000e+00	0.000000e+00	7.400067e-04	1.283159e-08	3.756936e-03	2.069267e+07	3.588073e+02	1.050545e+08	
8.750000e+00	2.803605e+10	7.237987e+10	1.624602e+01	5.969026e+01	4.906118e+01	3.019889e+00	4.378863e-01	0.000000e+00	0.000000e+00	0.000000e+00	7.424439e-04	1.298404e-08	3.759834e-03	2.081519e+07	3.640212e+02	1.054109e+08	
8.800000e+00	2.811090e+10	7.384569e+10	1.624962e+01	5.969026e+01	4.907203e+01	3.019889e+00	4.347300e-01	0.000000e+00	0.000000e+00	0.000000e+00	7.462162e-04	1.307782e-08	3.762656e-03	2.097681e+07	3.676292e+02	1.057717e+08	
8.850000e+00	2.818254e+10	7.577570e+10	1.625144e+01	5.969026e+01	4.907754e+01	3.019889e+00	4.455062e-01	0.000000e+00	0.000000e+00	0.000000e+00	7.479929e-04	1.312764e-08	3.765169e-03	2.108034e+07	3.699703e+02	1.061120e+08	
8.900000e+00	2.826261e+10	7.763455e+10	1.625820e+01	5.969026e+01	4.909795e+01	3.019889e+00	4.394713e-01	0.000000e+00	0.000000e+00	0.000000e+00	7.539122e-04	1.325162e-08	3.768621e-03	2.130753e+07	3.745254e+02	1.065111e+08	
8.950000e+00	2.833657e+10	7.813913e+10	1.626151e+01	5.969026e+01	4.910795e+01	3.019889e+00	4.372224e-01	0.000000e+00	0.000000e+00	0.000000e+00	7.617997e-04	1.337257e-08	3.772282e-03	2.158679e+07	3.789327e+02	1.068935e+08	
9.000000e+00	2.840810e+10	7.807097e+10	1.626351e+01	5.969026e+01	4.911400e+01	3.019889e+00	4.353634e-01	0.000000e+00	0.000000e+00	0.000000e+00	7.619101e-04	1.343943e-08	3.774564e-03	2.164442e+07	3.817886e+02	1.072282e+08	
9.050000e+00	2.847777e+10	7.467689e+10	1.626453e+01	5.969026e+01	4.911708e+01	3.019889e+00	4.058211e-01	0.000000e+00	0.000000e+00	0.000000e+00	7.616401e-04	1.345519e-08	3.776566e-03	2.168981e+07	3.831738e+02	1.075482e+08	
9.100000e+00	2.852322e+10	7.617899e+10	1.625184e+01	5.969026e+01	4.907876e+01	3.019889e+00	4.145271e-01	0.000000e+00	0.000000e+00	0.000000e+00	7.561752e-04	1.324787e-08	3.777229e-03	2.156855e+07	3.778719e+02	1.077388e+08	
9.150000e+00	2.857805e+10	7.741999e+10	1.624463e+01	5.969026e+01	4.905699e+01	3.019889e+00	4.200186e-01	0.000000e+00	0.000000e+00	0.000000e+00	7.487482e-04	1.311941e-08	3.777382e-03	2.139776e+07	3.749270e+02	1.079502e+08	
9.200000e+00	2.863863e+10	7.683875e+10	1.624081e+01	5.969026e+01	4.904545e+01	3.019889e+00	4.179055e-01	0.000000e+00	0.000000e+00	0.000000e+00	7.499446e-04	1.304609e-08	3.778488e-03	2.147739e+07	3.736223e+02	1.082107e+08	
9.250000e+00	2.869819e+10	7.740896e+10	1.623652e+01	5.969026e+01	4.903248e+01	3.019889e+00	4.050381e-01	0.000000e+00	0.000000e+00	0.000000e+00	7.445680e-04	1.292096e-08	3.778386e-03	2.136775e+07	3.708082e+02	1.084328e+08	
9.300000e+00	2.874807e+10	7.745362e+10	1.622687e+01	5.969026e+01	4.900335e+01	3.019889e+00	4.086760e-01	0.000000e+00	0.000000e+00	0.000000e+00	7.399901e-04	1.273590e-08	3.778183e-03	2.127329e+07	3.661325e+02	1.086155e+08	
9.350000e+00	2.880265e+10	7.790992e+10	1.622000e+01	5.969026e+01	4.898260e+01	3.019889e+00	4.209143e-01	0.000000e+00	0.000000e+00	0.000000e+00	7.318074e-04	1.254631e-08	3.777293e-03	2.107799e+07	3.613670e+02	1.087960e+08	
9.400000e+00	2.886840e+10	7.732201e+10	1.621952e+01	5.969026e+01	4.898115e+01	3.019889e+00	4.174661e-01	0.000000e+00	0.000000e+00	0.000000e+00	7.297907e-04	1.241294e-08	3.777239e-03	2.106789e+07	3.583416e+02	1.090428e+08	
9.450000e+00	2.893143e+10	7.488431e+10	1.621761e+01	5.969026e+01	4.897539e+01	3.019889e+00	4.170518e-01	0.000000e+00	0.000000e+00	0.000000e+00	7.263026e-04	1.233034e-08	3.777138e-03	2.101297e+07	3.567342e+02	1.092780e+08	
9.500000e+00	2.899447e+10	7.504516e+10	1.621580e+01	5.969026e+01	4.896992e+01	3.019889e+00	4.184467e-01	0.000000e+00	0.000000e+00	0.000000e+00	7.185591e-04	1.215807e-08	3.776023e-03	2.083424e+07	3.525169e+02	1.094838e+08	
9.550000e+00	2.905897e+10	7.557253e+10	1.621490e+01	5.969026e+01	4.896718e+01	3.019889e+00	4.210278e-01	0.000000e+00	0.000000e+00	0.000000e+00	7.173098e-04	1.203287e-08	3.776195e-03	2.084428e+07	3.496628e+02	1.097323e+08	
9.600000e+00	2.912573e+10	7.389268e+10	1.621533e+01	5.969026e+01	4.896851e+01	3.019889e+00	4.052192e-01	0.000000e+00	0.000000e+00	0.000000e+00	7.165320e-04	1.194915e-08	3.776793e-03	2.086951e+07	3.480278e+02	1.100018e+08	
9.650000e+00	2.917959e+10	7.481673e+10	1.620869e+01	5.969026e+01	4.894844e+01	3.019889e+00	4.158342e-01	0.000000e+00	0.000000e+00	0.000000e+00	7.155253e-04	1.185802e-08	3.777238e-03	2.087873e+07	3.460120e+02	1.102182e+08	
9.700000e+00	2.924325e+10	7.576330e+10	1.620759e+01	5.969026e+01	4.894512e+01	3.019889e+00	4.173585e-01	0.000000e+00	0.000000e+00	0.000000e+00	7.130955e-04	1.180310e-08	3.777228e-03	2.085323e+07	3.451609e+02	1.104584e+08	
9.750000e+00	2.930834e+10	7.627196e+10	1.620737e+01	5.969026e+01	4.894446e+01	3.019889e+00	4.226078e-01	0.000000e+00	0.000000e+00	0.000000e+00	7.115812e-04	1.176765e-08	3.777425e-03	2.085527e+07	3.448904e+02	1.107101e+08	
9.800000e+00	2.937773e+10	7.760520e+10	1.620960e+01	5.969026e+01	4.895119e+01	3.019889e+00	4.168801e-01	0.000000e+00	0.000000e+00	0.000000e+00	7.122923e-04	1.177952e-08	3.777994e-03	2.092553e+07	3.460556e+02	1.109889e+08	
9.850000e+00	2.944208e+10	7.871206e+10	1.620912e+01	5.969026e+01	4.894975e+01	3.019889e+00	4.397507e-01	0.000000e+00	0.000000e+00	0.000000e+00	7.100215e-04	1.179435e-08	3.778039e-03	2.090451e+07	3.472501e+02	1.112333e+08	
9.900000e+00	2.952505e+10	8.015184e+10	1.621896e+01	5.969026e+01	4.897945e+01	3.019889e+00	3.985054e-01	0.000000e+00	0.000000e+00	0.000000e+00	7.080085e-04	1.178611e-08	3.778656e-03	2.090399e+07	3.479855e+02	1.115650e+08	
9.950000e+00	2.957281e+10	8.137811e+10	1.620953e+01	5.969026e+01	4.895098e+01	3.019889e+00	4.143986e-01	0.000000e+00	0.000000e+00	0.000000e+00	7.040882e-04	1.171760e-08	3.778751e-03	2.082186e+07	3.465223e+02	1.117483e+08	
