# COLUMN NUMBERS: 
#	0: time [Gyr]
#	1: mgas [Msun]			ISM gas mass
#	2: mstar [Msun]			Stellar mass
#	3: sfr [Msun/yr]		Star formation rate
#	4: ifr [Msun/yr]		Infall rate
#	5: ofr [Msun/yr]		Outfow rate
#	6: eta_0			Mass-loading factor
#	7: r_eff			Effective recycilng rate
#	8: z_in(fe)			Inflow fe metallicity
#	9: z_in(sr)			Inflow sr metallicity
#	10: z_in(o)			Inflow o metallicity
#	11: z_out(fe)			Outflow fe metallicity
#	12: z_out(sr)			Outflow sr metallicity
#	13: z_out(o)			Outflow o metallicity
#	14: mass(fe) [Msun]		mass of element fe in ISM
#	15: mass(sr) [Msun]		mass of element sr in ISM
#	16: mass(o) [Msun]		mass of element o in ISM
0.000000e+00	1.000000e-12	3.748255e-20	1.000000e-27	1.162389e+02	1.839745e-26	1.839745e+01	2.503490e-01	0.000000e+00	0.000000e+00	0.000000e+00	4.152307e-295	7.505219e-292	1.153419e-295	0.000000e+00	0.000000e+00	0.000000e+00	
5.000000e-02	5.811946e+09	2.178466e+02	5.811946e-06	1.162389e+02	1.070191e-04	1.839745e+01	2.503490e-01	0.000000e+00	0.000000e+00	0.000000e+00	6.516906e-05	7.277211e-10	8.146132e-04	0.000000e+00	0.000000e+00	0.000000e+00	
1.000000e-01	1.162389e+10	6.469752e+02	1.162389e-05	1.162389e+02	2.140382e-04	1.839745e+01	2.616435e-01	0.000000e+00	0.000000e+00	0.000000e+00	6.516906e-05	7.277211e-10	8.146132e-04	0.000000e+00	0.000000e+00	0.000000e+00	
1.500000e-01	1.743582e+10	1.283440e+03	1.743582e-05	1.162389e+02	3.210571e-04	1.839745e+01	2.699339e-01	0.000000e+00	0.000000e+00	0.000000e+00	6.516902e-05	7.305467e-10	8.146706e-04	0.000000e+00	0.000000e+00	0.000000e+00	
2.000000e-01	2.324775e+10	2.135454e+03	2.324775e-05	1.162389e+02	4.280759e-04	1.839745e+01	2.766563e-01	0.000000e+00	0.000000e+00	0.000000e+00	6.516898e-05	7.331949e-10	8.147277e-04	0.000000e+00	0.000000e+00	0.000000e+00	
2.500000e-01	2.905968e+10	3.234290e+03	2.905968e-05	1.162389e+02	5.350951e-04	1.839745e+01	2.827452e-01	0.000000e+00	0.000000e+00	0.000000e+00	6.580899e-05	7.353390e-10	8.148888e-04	0.000000e+00	0.000000e+00	0.000000e+00	
3.000000e-01	3.487160e+10	4.521980e+03	3.487160e-05	1.162389e+02	6.421146e-04	1.839745e+01	2.876677e-01	0.000000e+00	0.000000e+00	0.000000e+00	6.675155e-05	7.371814e-10	8.150991e-04	0.000000e+00	0.000000e+00	0.000000e+00	
3.500000e-01	4.068351e+10	6.019298e+03	4.068351e-05	1.162389e+02	7.491343e-04	1.839745e+01	2.919909e-01	0.000000e+00	0.000000e+00	0.000000e+00	6.785249e-05	7.385855e-10	8.153292e-04	0.000000e+00	0.000000e+00	0.000000e+00	
4.000000e-01	4.649542e+10	7.724814e+03	4.649542e-05	1.162389e+02	8.561543e-04	1.839745e+01	2.958477e-01	0.000000e+00	0.000000e+00	0.000000e+00	6.904015e-05	7.397584e-10	8.155707e-04	0.000000e+00	0.000000e+00	0.000000e+00	
4.500000e-01	5.230732e+10	9.637264e+03	5.230732e-05	1.162389e+02	9.631745e-04	1.839745e+01	2.993307e-01	0.000000e+00	0.000000e+00	0.000000e+00	7.027507e-05	7.407618e-10	8.158177e-04	0.000000e+00	0.000000e+00	0.000000e+00	
5.000000e-01	5.811921e+10	1.175551e+04	5.811921e-05	1.162389e+02	1.070195e-03	1.839745e+01	3.025073e-01	0.000000e+00	0.000000e+00	0.000000e+00	7.153390e-05	7.416362e-10	8.160666e-04	0.000000e+00	0.000000e+00	0.000000e+00	
5.500000e-01	6.393111e+10	1.407854e+04	6.393111e-05	1.162389e+02	1.177216e-03	1.839745e+01	3.054279e-01	0.000000e+00	0.000000e+00	0.000000e+00	7.280203e-05	7.424087e-10	8.163153e-04	0.000000e+00	0.000000e+00	0.000000e+00	
6.000000e-01	6.974299e+10	1.673101e+04	6.974299e-05	1.162389e+02	1.284237e-03	1.839745e+01	3.092505e-01	0.000000e+00	0.000000e+00	0.000000e+00	7.406999e-05	7.430946e-10	8.165624e-04	0.000000e+00	0.000000e+00	0.000000e+00	
6.500000e-01	7.555487e+10	1.933521e+04	7.555487e-05	1.162389e+02	1.391258e-03	1.839745e+01	3.106481e-01	0.000000e+00	0.000000e+00	0.000000e+00	7.533141e-05	7.440942e-10	8.168148e-04	0.000000e+00	0.000000e+00	0.000000e+00	
7.000000e-01	8.136674e+10	2.226719e+04	8.136674e-05	1.162389e+02	1.498279e-03	1.839745e+01	3.130026e-01	0.000000e+00	0.000000e+00	0.000000e+00	7.658198e-05	7.442549e-10	8.170484e-04	0.000000e+00	0.000000e+00	0.000000e+00	
7.500000e-01	8.717861e+10	2.540059e+04	8.717861e-05	1.162389e+02	1.605301e-03	1.839745e+01	3.152148e-01	0.000000e+00	0.000000e+00	0.000000e+00	7.781866e-05	7.447484e-10	8.172863e-04	0.000000e+00	0.000000e+00	0.000000e+00	
8.000000e-01	9.299048e+10	2.873470e+04	9.299048e-05	1.162389e+02	1.712323e-03	1.839745e+01	3.173012e-01	0.000000e+00	0.000000e+00	0.000000e+00	7.903937e-05	7.451942e-10	8.175204e-04	0.000000e+00	0.000000e+00	0.000000e+00	
8.500000e-01	9.880233e+10	3.245158e+04	9.880233e-05	1.162389e+02	1.819344e-03	1.839745e+01	3.204245e-01	0.000000e+00	0.000000e+00	0.000000e+00	8.024264e-05	7.455984e-10	8.177506e-04	0.000000e+00	0.000000e+00	0.000000e+00	
9.000000e-01	1.046142e+11	3.559445e+04	1.046142e-04	1.162389e+02	1.926366e-03	1.839745e+01	3.219003e-01	0.000000e+00	0.000000e+00	0.000000e+00	8.142748e-05	7.463732e-10	8.179850e-04	0.000000e+00	0.000000e+00	0.000000e+00	
9.500000e-01	1.104260e+11	3.954029e+04	1.104260e-04	1.162389e+02	2.033388e-03	1.839745e+01	3.237306e-01	0.000000e+00	0.000000e+00	0.000000e+00	8.225452e-05	7.466821e-10	8.181438e-04	0.000000e+00	0.000000e+00	0.000000e+00	
1.000000e+00	1.162379e+11	3.800929e+04	1.162379e-04	1.162389e+02	2.140410e-03	1.839745e+01	3.168645e-01	0.000000e+00	0.000000e+00	0.000000e+00	8.342821e-05	7.469975e-10	8.183670e-04	0.000000e+00	0.000000e+00	0.000000e+00	
1.050000e+00	1.220497e+11	3.876877e+04	1.220497e-04	1.162389e+02	2.247423e-03	1.839745e+01	3.136766e-01	0.000000e+00	0.000000e+00	0.000000e+00	8.084858e-05	7.456794e-10	8.178701e-04	0.000000e+00	0.000000e+00	0.000000e+00	
1.100000e+00	1.278615e+11	3.774687e+04	1.278615e-04	1.162389e+02	2.354439e-03	1.839745e+01	3.103942e-01	0.000000e+00	0.000000e+00	0.000000e+00	7.987175e-05	7.451644e-10	8.176824e-04	0.000000e+00	0.000000e+00	0.000000e+00	
1.150000e+00	1.336734e+11	3.733520e+04	1.336734e-04	1.162389e+02	2.461453e-03	1.839745e+01	3.080129e-01	0.000000e+00	0.000000e+00	0.000000e+00	7.821888e-05	7.447233e-10	8.173694e-04	0.000000e+00	0.000000e+00	0.000000e+00	
1.200000e+00	1.394852e+11	3.673493e+04	1.394852e-04	1.162389e+02	2.568468e-03	1.839745e+01	3.059859e-01	0.000000e+00	0.000000e+00	0.000000e+00	7.697985e-05	7.443824e-10	8.171347e-04	0.000000e+00	0.000000e+00	0.000000e+00	
1.250000e+00	1.452970e+11	3.393816e+04	1.452970e-04	1.162389e+02	2.675482e-03	1.839745e+01	3.032577e-01	0.000000e+00	0.000000e+00	0.000000e+00	7.578574e-05	7.440963e-10	8.169093e-04	0.000000e+00	0.000000e+00	0.000000e+00	
1.300000e+00	1.511088e+11	3.035288e+04	1.511088e-04	1.162389e+02	2.782494e-03	1.839745e+01	3.005420e-01	0.000000e+00	0.000000e+00	0.000000e+00	7.380802e-05	7.437837e-10	8.165379e-04	0.000000e+00	0.000000e+00	0.000000e+00	
1.350000e+00	1.569206e+11	3.308698e+04	1.569206e-04	1.162389e+02	2.889504e-03	1.839745e+01	3.056588e-01	0.000000e+00	0.000000e+00	0.000000e+00	7.170775e-05	7.435218e-10	8.161442e-04	0.000000e+00	0.000000e+00	0.000000e+00	
1.400000e+00	1.627324e+11	3.619161e+04	1.627324e-04	1.162389e+02	2.996525e-03	1.839745e+01	3.096632e-01	0.000000e+00	0.000000e+00	0.000000e+00	7.287098e-05	7.447408e-10	8.163777e-04	0.000000e+00	0.000000e+00	0.000000e+00	
1.450000e+00	1.685442e+11	3.445823e+04	1.685442e-04	1.162389e+02	3.103547e-03	1.839745e+01	3.083665e-01	0.000000e+00	0.000000e+00	0.000000e+00	7.404966e-05	7.455447e-10	8.166077e-04	0.000000e+00	0.000000e+00	0.000000e+00	
1.500000e+00	1.743560e+11	3.575731e+04	1.743560e-04	1.162389e+02	3.210560e-03	1.839745e+01	3.085377e-01	0.000000e+00	0.000000e+00	0.000000e+00	7.291675e-05	7.454720e-10	8.163963e-04	0.000000e+00	0.000000e+00	0.000000e+00	
1.550000e+00	1.801678e+11	3.705639e+04	1.801678e-04	1.162389e+02	3.317577e-03	1.839745e+01	3.086978e-01	0.000000e+00	0.000000e+00	0.000000e+00	7.296647e-05	7.455364e-10	8.164068e-04	0.000000e+00	0.000000e+00	0.000000e+00	
1.600000e+00	1.859795e+11	3.835546e+04	1.859795e-04	1.162389e+02	3.424594e-03	1.839745e+01	3.088479e-01	0.000000e+00	0.000000e+00	0.000000e+00	7.301308e-05	7.455968e-10	8.164165e-04	0.000000e+00	0.000000e+00	0.000000e+00	
1.650000e+00	1.917913e+11	3.965453e+04	1.917913e-04	1.162389e+02	3.531612e-03	1.839745e+01	3.089889e-01	0.000000e+00	0.000000e+00	0.000000e+00	7.305687e-05	7.456535e-10	8.164257e-04	0.000000e+00	0.000000e+00	0.000000e+00	
1.700000e+00	1.976031e+11	4.095360e+04	1.976031e-04	1.162389e+02	3.638629e-03	1.839745e+01	3.091216e-01	0.000000e+00	0.000000e+00	0.000000e+00	7.309808e-05	7.457068e-10	8.164343e-04	0.000000e+00	0.000000e+00	0.000000e+00	
1.750000e+00	2.034148e+11	4.225267e+04	2.034148e-04	1.162389e+02	3.745645e-03	1.839745e+01	3.092467e-01	0.000000e+00	0.000000e+00	0.000000e+00	7.313693e-05	7.457572e-10	8.164424e-04	0.000000e+00	0.000000e+00	0.000000e+00	
1.800000e+00	2.092266e+11	4.355174e+04	2.092266e-04	1.162389e+02	3.852662e-03	1.839745e+01	3.093648e-01	0.000000e+00	0.000000e+00	0.000000e+00	7.317363e-05	7.458047e-10	8.164501e-04	0.000000e+00	0.000000e+00	0.000000e+00	
1.850000e+00	2.150383e+11	4.485080e+04	2.150383e-04	1.162389e+02	3.959679e-03	1.839745e+01	3.094766e-01	0.000000e+00	0.000000e+00	0.000000e+00	7.320834e-05	7.458497e-10	8.164574e-04	0.000000e+00	0.000000e+00	0.000000e+00	
1.900000e+00	2.208501e+11	4.614987e+04	2.208501e-04	1.162389e+02	4.066695e-03	1.839745e+01	3.095825e-01	0.000000e+00	0.000000e+00	0.000000e+00	7.324123e-05	7.458922e-10	8.164643e-04	0.000000e+00	0.000000e+00	0.000000e+00	
1.950000e+00	2.266618e+11	4.744893e+04	2.266618e-04	1.162389e+02	4.173712e-03	1.839745e+01	3.096830e-01	0.000000e+00	0.000000e+00	0.000000e+00	7.327243e-05	7.459327e-10	8.164708e-04	0.000000e+00	0.000000e+00	0.000000e+00	
2.000000e+00	2.324735e+11	4.874799e+04	2.324735e-04	1.162389e+02	4.280728e-03	1.839745e+01	3.097784e-01	0.000000e+00	0.000000e+00	0.000000e+00	7.330207e-05	7.459710e-10	8.164770e-04	0.000000e+00	0.000000e+00	0.000000e+00	
2.050000e+00	2.382853e+11	5.004705e+04	2.382853e-04	1.162389e+02	4.387744e-03	1.839745e+01	3.098692e-01	0.000000e+00	0.000000e+00	0.000000e+00	7.333026e-05	7.460076e-10	8.164829e-04	0.000000e+00	0.000000e+00	0.000000e+00	
2.100000e+00	2.440970e+11	5.134611e+04	2.440970e-04	1.162389e+02	4.494761e-03	1.839745e+01	3.099557e-01	0.000000e+00	0.000000e+00	0.000000e+00	7.335711e-05	7.460423e-10	8.164886e-04	0.000000e+00	0.000000e+00	0.000000e+00	
2.150000e+00	2.499087e+11	4.329186e+04	2.499087e-04	1.162389e+02	4.601777e-03	1.839745e+01	2.867821e-01	0.000000e+00	0.000000e+00	0.000000e+00	7.338271e-05	7.460755e-10	8.164939e-04	0.000000e+00	0.000000e+00	0.000000e+00	
2.200000e+00	2.557204e+11	4.570486e+04	2.557204e-04	1.162389e+02	4.708792e-03	1.839745e+01	3.042256e-01	0.000000e+00	0.000000e+00	0.000000e+00	7.340726e-05	7.375787e-10	8.163259e-04	0.000000e+00	0.000000e+00	0.000000e+00	
2.250000e+00	2.615321e+11	4.679266e+04	2.615321e-04	1.162389e+02	4.815794e-03	1.839745e+01	3.042840e-01	0.000000e+00	0.000000e+00	0.000000e+00	7.083591e-05	7.451395e-10	8.160084e-04	0.000000e+00	0.000000e+00	0.000000e+00	
2.300000e+00	2.673438e+11	4.788045e+04	2.673438e-04	1.162389e+02	4.922809e-03	1.839745e+01	3.043399e-01	0.000000e+00	0.000000e+00	0.000000e+00	7.084957e-05	7.451651e-10	8.160115e-04	0.000000e+00	0.000000e+00	0.000000e+00	
2.350000e+00	2.731555e+11	5.784138e+04	2.731555e-04	1.162389e+02	5.029824e-03	1.839745e+01	3.103328e-01	0.000000e+00	0.000000e+00	0.000000e+00	7.086264e-05	7.451896e-10	8.160143e-04	0.000000e+00	0.000000e+00	0.000000e+00	
2.400000e+00	2.789672e+11	6.794462e+04	2.789672e-04	1.162389e+02	5.136855e-03	1.839745e+01	3.153426e-01	0.000000e+00	0.000000e+00	0.000000e+00	7.349472e-05	7.462206e-10	8.165174e-04	0.000000e+00	0.000000e+00	0.000000e+00	
2.450000e+00	2.847789e+11	7.819748e+04	2.847789e-04	1.162389e+02	5.243886e-03	1.839745e+01	3.196332e-01	0.000000e+00	0.000000e+00	0.000000e+00	7.599632e-05	7.470678e-10	8.169943e-04	0.000000e+00	0.000000e+00	0.000000e+00	
2.500000e+00	2.905905e+11	9.895804e+04	2.905905e-04	1.162389e+02	5.350917e-03	1.839745e+01	3.455128e-01	0.000000e+00	0.000000e+00	0.000000e+00	7.837602e-05	7.477840e-10	8.174468e-04	0.000000e+00	0.000000e+00	0.000000e+00	
2.550000e+00	2.964022e+11	9.917272e+04	2.964022e-04	1.162389e+02	5.457948e-03	1.839745e+01	3.266876e-01	0.000000e+00	0.000000e+00	0.000000e+00	8.064158e-05	7.565464e-10	8.180419e-04	0.000000e+00	0.000000e+00	0.000000e+00	
2.600000e+00	3.022139e+11	9.245300e+04	3.022139e-04	1.162389e+02	5.564978e-03	1.839745e+01	3.235696e-01	0.000000e+00	0.000000e+00	0.000000e+00	8.280057e-05	7.489402e-10	8.182851e-04	0.000000e+00	0.000000e+00	0.000000e+00	
2.650000e+00	3.080255e+11	9.437678e+04	3.080255e-04	1.162389e+02	5.671980e-03	1.839745e+01	3.236610e-01	0.000000e+00	0.000000e+00	0.000000e+00	8.072551e-05	7.484614e-10	8.178932e-04	0.000000e+00	0.000000e+00	0.000000e+00	
2.700000e+00	3.138372e+11	9.630055e+04	3.138372e-04	1.162389e+02	5.778996e-03	1.839745e+01	3.237490e-01	0.000000e+00	0.000000e+00	0.000000e+00	8.076510e-05	7.484892e-10	8.179010e-04	0.000000e+00	0.000000e+00	0.000000e+00	
2.750000e+00	3.196488e+11	9.822432e+04	3.196488e-04	1.162389e+02	5.886012e-03	1.839745e+01	3.238339e-01	0.000000e+00	0.000000e+00	0.000000e+00	8.080324e-05	7.485160e-10	8.179085e-04	0.000000e+00	0.000000e+00	0.000000e+00	
2.800000e+00	3.254605e+11	1.117683e+05	3.254605e-04	1.162389e+02	5.993028e-03	1.839745e+01	3.461011e-01	0.000000e+00	0.000000e+00	0.000000e+00	8.084002e-05	7.485419e-10	8.179158e-04	0.000000e+00	0.000000e+00	0.000000e+00	
2.850000e+00	3.312721e+11	1.134751e+05	3.312721e-04	1.162389e+02	6.100044e-03	1.839745e+01	3.370952e-01	0.000000e+00	0.000000e+00	0.000000e+00	8.087540e-05	7.567457e-10	8.180889e-04	0.000000e+00	0.000000e+00	0.000000e+00	
2.900000e+00	3.370837e+11	1.039956e+05	3.370837e-04	1.162389e+02	6.207060e-03	1.839745e+01	3.240708e-01	0.000000e+00	0.000000e+00	0.000000e+00	8.090969e-05	7.532772e-10	8.180374e-04	0.000000e+00	0.000000e+00	0.000000e+00	
2.950000e+00	3.428954e+11	1.059194e+05	3.428954e-04	1.162389e+02	6.314074e-03	1.839745e+01	3.241445e-01	0.000000e+00	0.000000e+00	0.000000e+00	8.094288e-05	7.486141e-10	8.179362e-04	0.000000e+00	0.000000e+00	0.000000e+00	
3.000000e+00	3.487070e+11	1.078431e+05	3.487070e-04	1.162389e+02	6.421090e-03	1.839745e+01	3.242156e-01	0.000000e+00	0.000000e+00	0.000000e+00	8.097488e-05	7.486366e-10	8.179425e-04	0.000000e+00	0.000000e+00	0.000000e+00	
3.050000e+00	3.545186e+11	1.097669e+05	3.545186e-04	1.162389e+02	6.528105e-03	1.839745e+01	3.242845e-01	0.000000e+00	0.000000e+00	0.000000e+00	8.100584e-05	7.486584e-10	8.179486e-04	0.000000e+00	0.000000e+00	0.000000e+00	
3.100000e+00	3.603302e+11	1.116907e+05	3.603302e-04	1.162389e+02	6.635120e-03	1.839745e+01	3.243511e-01	0.000000e+00	0.000000e+00	0.000000e+00	8.103579e-05	7.486794e-10	8.179546e-04	0.000000e+00	0.000000e+00	0.000000e+00	
3.150000e+00	3.661418e+11	1.136144e+05	3.661418e-04	1.162389e+02	6.742135e-03	1.839745e+01	3.244156e-01	0.000000e+00	0.000000e+00	0.000000e+00	8.106479e-05	7.486998e-10	8.179603e-04	0.000000e+00	0.000000e+00	0.000000e+00	
3.200000e+00	3.719534e+11	1.015084e+05	3.719534e-04	1.162389e+02	6.849150e-03	1.839745e+01	3.010404e-01	0.000000e+00	0.000000e+00	0.000000e+00	8.109289e-05	7.487195e-10	8.179659e-04	0.000000e+00	0.000000e+00	0.000000e+00	
3.250000e+00	3.777650e+11	1.174619e+05	3.777650e-04	1.162389e+02	6.956164e-03	1.839745e+01	3.245387e-01	0.000000e+00	0.000000e+00	0.000000e+00	8.112024e-05	7.400791e-10	8.177955e-04	0.000000e+00	0.000000e+00	0.000000e+00	
3.300000e+00	3.835766e+11	1.046571e+05	3.835766e-04	1.162389e+02	7.063180e-03	1.839745e+01	3.095179e-01	0.000000e+00	0.000000e+00	0.000000e+00	8.114653e-05	7.487572e-10	8.179765e-04	0.000000e+00	0.000000e+00	0.000000e+00	
3.350000e+00	3.893881e+11	1.060328e+05	3.893881e-04	1.162389e+02	7.170194e-03	1.839745e+01	3.128931e-01	0.000000e+00	0.000000e+00	0.000000e+00	8.117225e-05	7.433550e-10	8.178581e-04	0.000000e+00	0.000000e+00	0.000000e+00	
3.400000e+00	3.951997e+11	1.073657e+05	3.951997e-04	1.162389e+02	7.277183e-03	1.839745e+01	3.146881e-01	0.000000e+00	0.000000e+00	0.000000e+00	7.818519e-05	7.454803e-10	8.173745e-04	0.000000e+00	0.000000e+00	0.000000e+00	
3.450000e+00	4.010113e+11	1.086688e+05	4.010113e-04	1.162389e+02	7.384197e-03	1.839745e+01	3.157872e-01	0.000000e+00	0.000000e+00	0.000000e+00	7.819571e-05	7.464206e-10	8.173905e-04	0.000000e+00	0.000000e+00	0.000000e+00	
3.500000e+00	4.068229e+11	9.711932e+04	4.068229e-04	1.162389e+02	7.491211e-03	1.839745e+01	3.126679e-01	0.000000e+00	0.000000e+00	0.000000e+00	7.820544e-05	7.468588e-10	8.173991e-04	0.000000e+00	0.000000e+00	0.000000e+00	
3.550000e+00	4.126344e+11	1.112100e+05	4.126344e-04	1.162389e+02	7.598203e-03	1.839745e+01	3.170400e-01	0.000000e+00	0.000000e+00	0.000000e+00	7.584896e-05	7.463833e-10	8.169539e-04	0.000000e+00	0.000000e+00	0.000000e+00	
3.600000e+00	4.184460e+11	1.254196e+05	4.184460e-04	1.162389e+02	7.705238e-03	1.839745e+01	3.208377e-01	0.000000e+00	0.000000e+00	0.000000e+00	7.822271e-05	7.471143e-10	8.174052e-04	0.000000e+00	0.000000e+00	0.000000e+00	
3.650000e+00	4.242575e+11	1.397555e+05	4.242575e-04	1.162389e+02	7.812273e-03	1.839745e+01	3.241902e-01	0.000000e+00	0.000000e+00	0.000000e+00	8.049146e-05	7.477350e-10	8.178355e-04	0.000000e+00	0.000000e+00	0.000000e+00	
3.700000e+00	4.300691e+11	1.542233e+05	4.300691e-04	1.162389e+02	7.919307e-03	1.839745e+01	3.271873e-01	0.000000e+00	0.000000e+00	0.000000e+00	8.266075e-05	7.482326e-10	8.182457e-04	0.000000e+00	0.000000e+00	0.000000e+00	
3.750000e+00	4.358806e+11	1.688276e+05	4.358806e-04	1.162389e+02	8.026341e-03	1.839745e+01	3.298941e-01	0.000000e+00	0.000000e+00	0.000000e+00	8.473580e-05	7.486771e-10	8.186374e-04	0.000000e+00	0.000000e+00	0.000000e+00	
3.800000e+00	4.416921e+11	1.835721e+05	4.416921e-04	1.162389e+02	8.133374e-03	1.839745e+01	3.323593e-01	0.000000e+00	0.000000e+00	0.000000e+00	8.672151e-05	7.490343e-10	8.190115e-04	0.000000e+00	0.000000e+00	0.000000e+00	
3.850000e+00	4.475037e+11	1.984601e+05	4.475037e-04	1.162389e+02	8.240407e-03	1.839745e+01	3.346205e-01	0.000000e+00	0.000000e+00	0.000000e+00	8.862248e-05	7.493242e-10	8.193689e-04	0.000000e+00	0.000000e+00	0.000000e+00	
3.900000e+00	4.533152e+11	2.134942e+05	4.533152e-04	1.162389e+02	8.347439e-03	1.839745e+01	3.367072e-01	0.000000e+00	0.000000e+00	0.000000e+00	9.044304e-05	7.495609e-10	8.197106e-04	0.000000e+00	0.000000e+00	0.000000e+00	
3.950000e+00	4.591267e+11	2.286765e+05	4.591267e-04	1.162389e+02	8.454471e-03	1.839745e+01	3.386429e-01	0.000000e+00	0.000000e+00	0.000000e+00	9.218728e-05	7.497552e-10	8.200377e-04	0.000000e+00	0.000000e+00	0.000000e+00	
4.000000e+00	4.649382e+11	2.440091e+05	4.649382e-04	1.162389e+02	8.561503e-03	1.839745e+01	3.404470e-01	0.000000e+00	0.000000e+00	0.000000e+00	9.385903e-05	7.499149e-10	8.203508e-04	0.000000e+00	0.000000e+00	0.000000e+00	
4.050000e+00	4.707497e+11	2.469665e+05	4.707497e-04	1.162389e+02	8.668534e-03	1.839745e+01	3.405623e-01	0.000000e+00	0.000000e+00	0.000000e+00	9.546191e-05	7.500464e-10	8.206508e-04	0.000000e+00	0.000000e+00	0.000000e+00	
4.100000e+00	4.765612e+11	2.626395e+05	4.765612e-04	1.162389e+02	8.775549e-03	1.839745e+01	3.422463e-01	0.000000e+00	0.000000e+00	0.000000e+00	9.550815e-05	7.500807e-10	8.206598e-04	0.000000e+00	0.000000e+00	0.000000e+00	
4.150000e+00	4.823727e+11	2.794017e+05	4.823727e-04	1.162389e+02	8.882580e-03	1.839745e+01	3.450350e-01	0.000000e+00	0.000000e+00	0.000000e+00	9.704962e-05	7.501859e-10	8.209481e-04	0.000000e+00	0.000000e+00	0.000000e+00	
4.200000e+00	4.881842e+11	2.963122e+05	4.881842e-04	1.162389e+02	8.989611e-03	1.839745e+01	3.472434e-01	0.000000e+00	0.000000e+00	0.000000e+00	9.852874e-05	7.507192e-10	8.212336e-04	0.000000e+00	0.000000e+00	0.000000e+00	
4.250000e+00	4.939957e+11	3.133766e+05	4.939957e-04	1.162389e+02	9.096641e-03	1.839745e+01	3.491642e-01	0.000000e+00	0.000000e+00	0.000000e+00	9.994855e-05	7.510470e-10	8.215049e-04	0.000000e+00	0.000000e+00	0.000000e+00	
4.300000e+00	4.998071e+11	3.131169e+05	4.998071e-04	1.162389e+02	9.203672e-03	1.839745e+01	3.431962e-01	0.000000e+00	0.000000e+00	0.000000e+00	1.014684e-04	7.512385e-10	8.217905e-04	0.000000e+00	0.000000e+00	0.000000e+00	
4.350000e+00	5.056186e+11	3.129626e+05	5.056186e-04	1.162389e+02	9.310671e-03	1.839745e+01	3.385199e-01	0.000000e+00	0.000000e+00	0.000000e+00	1.000105e-04	7.497826e-10	8.214997e-04	0.000000e+00	0.000000e+00	0.000000e+00	
4.400000e+00	5.114301e+11	3.128936e+05	5.114301e-04	1.162389e+02	9.417670e-03	1.839745e+01	3.347275e-01	0.000000e+00	0.000000e+00	0.000000e+00	9.862075e-05	7.487957e-10	8.212287e-04	0.000000e+00	0.000000e+00	0.000000e+00	
4.450000e+00	5.172415e+11	3.128958e+05	5.172415e-04	1.162389e+02	9.524669e-03	1.839745e+01	3.315743e-01	0.000000e+00	0.000000e+00	0.000000e+00	9.729558e-05	7.479782e-10	8.209712e-04	0.000000e+00	0.000000e+00	0.000000e+00	
4.500000e+00	5.230530e+11	3.129582e+05	5.230530e-04	1.162389e+02	9.631669e-03	1.839745e+01	3.289029e-01	0.000000e+00	0.000000e+00	0.000000e+00	9.603180e-05	7.472807e-10	8.207269e-04	0.000000e+00	0.000000e+00	0.000000e+00	
4.550000e+00	5.288644e+11	3.130727e+05	5.288644e-04	1.162389e+02	9.738669e-03	1.839745e+01	3.266056e-01	0.000000e+00	0.000000e+00	0.000000e+00	9.482634e-05	7.466720e-10	8.204948e-04	0.000000e+00	0.000000e+00	0.000000e+00	
4.600000e+00	5.346759e+11	3.132326e+05	5.346759e-04	1.162389e+02	9.845669e-03	1.839745e+01	3.246061e-01	0.000000e+00	0.000000e+00	0.000000e+00	9.367632e-05	7.461373e-10	8.202743e-04	0.000000e+00	0.000000e+00	0.000000e+00	
4.650000e+00	5.404873e+11	3.134324e+05	5.404873e-04	1.162389e+02	9.952670e-03	1.839745e+01	3.228483e-01	0.000000e+00	0.000000e+00	0.000000e+00	9.257900e-05	7.457053e-10	8.200650e-04	0.000000e+00	0.000000e+00	0.000000e+00	
4.700000e+00	5.462987e+11	3.136678e+05	5.462987e-04	1.162389e+02	1.005967e-02	1.839745e+01	3.212899e-01	0.000000e+00	0.000000e+00	0.000000e+00	9.153178e-05	7.453514e-10	8.198660e-04	0.000000e+00	0.000000e+00	0.000000e+00	
4.750000e+00	5.521102e+11	3.139351e+05	5.521102e-04	1.162389e+02	1.016667e-02	1.839745e+01	3.198982e-01	0.000000e+00	0.000000e+00	0.000000e+00	9.053222e-05	7.450584e-10	8.196767e-04	0.000000e+00	0.000000e+00	0.000000e+00	
4.800000e+00	5.579216e+11	3.142311e+05	5.579216e-04	1.162389e+02	1.027367e-02	1.839745e+01	3.186475e-01	0.000000e+00	0.000000e+00	0.000000e+00	8.957800e-05	7.448135e-10	8.194966e-04	0.000000e+00	0.000000e+00	0.000000e+00	
4.850000e+00	5.637330e+11	3.145533e+05	5.637330e-04	1.162389e+02	1.038067e-02	1.839745e+01	3.175173e-01	0.000000e+00	0.000000e+00	0.000000e+00	8.866691e-05	7.446070e-10	8.193250e-04	0.000000e+00	0.000000e+00	0.000000e+00	
4.900000e+00	5.695444e+11	3.148992e+05	5.695444e-04	1.162389e+02	1.048767e-02	1.839745e+01	3.164910e-01	0.000000e+00	0.000000e+00	0.000000e+00	8.779689e-05	7.444319e-10	8.191616e-04	0.000000e+00	0.000000e+00	0.000000e+00	
4.950000e+00	5.753558e+11	3.152669e+05	5.753558e-04	1.162389e+02	1.059468e-02	1.839745e+01	3.155549e-01	0.000000e+00	0.000000e+00	0.000000e+00	8.696596e-05	7.442823e-10	8.190058e-04	0.000000e+00	0.000000e+00	0.000000e+00	
5.000000e+00	5.811672e+11	3.156546e+05	5.811672e-04	1.162389e+02	1.070168e-02	1.839745e+01	3.146977e-01	0.000000e+00	0.000000e+00	0.000000e+00	8.617224e-05	7.441540e-10	8.188573e-04	0.000000e+00	0.000000e+00	0.000000e+00	
5.050000e+00	5.869786e+11	3.160608e+05	5.869786e-04	1.162389e+02	1.080868e-02	1.839745e+01	3.139100e-01	0.000000e+00	0.000000e+00	0.000000e+00	8.541396e-05	7.440434e-10	8.187155e-04	0.000000e+00	0.000000e+00	0.000000e+00	
5.100000e+00	5.927900e+11	3.164841e+05	5.927900e-04	1.162389e+02	1.091568e-02	1.839745e+01	3.131839e-01	0.000000e+00	0.000000e+00	0.000000e+00	8.468944e-05	7.439476e-10	8.185803e-04	0.000000e+00	0.000000e+00	0.000000e+00	
5.150000e+00	5.986014e+11	3.157587e+05	5.986014e-04	1.162389e+02	1.102268e-02	1.839745e+01	3.113035e-01	0.000000e+00	0.000000e+00	0.000000e+00	8.399709e-05	7.438652e-10	8.184513e-04	0.000000e+00	0.000000e+00	0.000000e+00	
5.200000e+00	6.044127e+11	3.150585e+05	6.044127e-04	1.162389e+02	1.112969e-02	1.839745e+01	3.099612e-01	0.000000e+00	0.000000e+00	0.000000e+00	8.333539e-05	7.433455e-10	8.183192e-04	0.000000e+00	0.000000e+00	0.000000e+00	
5.250000e+00	6.102241e+11	3.143766e+05	6.102241e-04	1.162389e+02	1.123669e-02	1.839745e+01	3.088688e-01	0.000000e+00	0.000000e+00	0.000000e+00	8.270289e-05	7.430258e-10	8.181959e-04	0.000000e+00	0.000000e+00	0.000000e+00	
5.300000e+00	6.160355e+11	3.354542e+05	6.160355e-04	1.162389e+02	1.134369e-02	1.839745e+01	3.157023e-01	0.000000e+00	0.000000e+00	0.000000e+00	8.194036e-05	7.428373e-10	8.180527e-04	0.000000e+00	0.000000e+00	0.000000e+00	
5.350000e+00	6.218468e+11	3.565593e+05	6.218468e-04	1.162389e+02	1.145073e-02	1.839745e+01	3.212123e-01	0.000000e+00	0.000000e+00	0.000000e+00	8.416142e-05	7.443091e-10	8.184872e-04	0.000000e+00	0.000000e+00	0.000000e+00	
5.400000e+00	6.276582e+11	3.788136e+05	6.276582e-04	1.162389e+02	1.155777e-02	1.839745e+01	3.260825e-01	0.000000e+00	0.000000e+00	0.000000e+00	8.629222e-05	7.453039e-10	8.188978e-04	0.000000e+00	0.000000e+00	0.000000e+00	
5.450000e+00	6.334695e+11	4.023415e+05	6.334695e-04	1.162389e+02	1.166481e-02	1.839745e+01	3.309685e-01	0.000000e+00	0.000000e+00	0.000000e+00	8.847576e-05	7.461704e-10	8.193171e-04	0.000000e+00	0.000000e+00	0.000000e+00	
5.500000e+00	6.392809e+11	4.259536e+05	6.392809e-04	1.162389e+02	1.177185e-02	1.839745e+01	3.351123e-01	0.000000e+00	0.000000e+00	0.000000e+00	9.057132e-05	7.471656e-10	8.197243e-04	0.000000e+00	0.000000e+00	0.000000e+00	
5.550000e+00	6.450922e+11	4.496648e+05	6.450922e-04	1.162389e+02	1.187889e-02	1.839745e+01	3.387204e-01	0.000000e+00	0.000000e+00	0.000000e+00	9.274098e-05	7.479406e-10	8.201396e-04	0.000000e+00	0.000000e+00	0.000000e+00	
5.600000e+00	6.509035e+11	4.734864e+05	6.509035e-04	1.162389e+02	1.198593e-02	1.839745e+01	3.419163e-01	0.000000e+00	0.000000e+00	0.000000e+00	9.482387e-05	7.485791e-10	8.205366e-04	0.000000e+00	0.000000e+00	0.000000e+00	
5.650000e+00	6.567149e+11	4.962773e+05	6.567149e-04	1.162389e+02	1.209297e-02	1.839745e+01	3.445088e-01	0.000000e+00	0.000000e+00	0.000000e+00	9.682383e-05	7.490790e-10	8.209165e-04	0.000000e+00	0.000000e+00	0.000000e+00	
5.700000e+00	6.625262e+11	5.191919e+05	6.625262e-04	1.162389e+02	1.220001e-02	1.839745e+01	3.468693e-01	0.000000e+00	0.000000e+00	0.000000e+00	9.860522e-05	7.494369e-10	8.212538e-04	0.000000e+00	0.000000e+00	0.000000e+00	
5.750000e+00	6.683375e+11	5.422353e+05	6.683375e-04	1.162389e+02	1.230705e-02	1.839745e+01	3.490338e-01	0.000000e+00	0.000000e+00	0.000000e+00	1.003165e-04	7.497274e-10	8.215772e-04	0.000000e+00	0.000000e+00	0.000000e+00	
5.800000e+00	6.741488e+11	5.654120e+05	6.741488e-04	1.162389e+02	1.241409e-02	1.839745e+01	3.510303e-01	0.000000e+00	0.000000e+00	0.000000e+00	1.019609e-04	7.499645e-10	8.218874e-04	0.000000e+00	0.000000e+00	0.000000e+00	
5.850000e+00	6.799601e+11	5.887258e+05	6.799601e-04	1.162389e+02	1.252112e-02	1.839745e+01	3.528816e-01	0.000000e+00	0.000000e+00	0.000000e+00	1.035411e-04	7.501586e-10	8.221850e-04	0.000000e+00	0.000000e+00	0.000000e+00	
5.900000e+00	6.857714e+11	5.903709e+05	6.857714e-04	1.162389e+02	1.262816e-02	1.839745e+01	3.516729e-01	0.000000e+00	0.000000e+00	0.000000e+00	1.050601e-04	7.503175e-10	8.224709e-04	0.000000e+00	0.000000e+00	0.000000e+00	
5.950000e+00	6.915827e+11	5.920481e+05	6.915827e-04	1.162389e+02	1.273516e-02	1.839745e+01	3.506039e-01	0.000000e+00	0.000000e+00	0.000000e+00	1.043168e-04	7.500789e-10	8.223307e-04	0.000000e+00	0.000000e+00	0.000000e+00	
6.000000e+00	6.973940e+11	5.937538e+05	6.973940e-04	1.162389e+02	1.284216e-02	1.839745e+01	3.496503e-01	0.000000e+00	0.000000e+00	0.000000e+00	1.036053e-04	7.498891e-10	8.221971e-04	0.000000e+00	0.000000e+00	0.000000e+00	
6.050000e+00	7.032053e+11	5.954853e+05	7.032053e-04	1.162389e+02	1.294916e-02	1.839745e+01	3.487932e-01	0.000000e+00	0.000000e+00	0.000000e+00	1.029244e-04	7.497386e-10	8.220694e-04	0.000000e+00	0.000000e+00	0.000000e+00	
6.100000e+00	7.090166e+11	5.986217e+05	7.090166e-04	1.162389e+02	1.305616e-02	1.839745e+01	3.492285e-01	0.000000e+00	0.000000e+00	0.000000e+00	1.022725e-04	7.496195e-10	8.219475e-04	0.000000e+00	0.000000e+00	0.000000e+00	
6.150000e+00	7.148278e+11	6.004093e+05	7.148278e-04	1.162389e+02	1.316316e-02	1.839745e+01	3.485231e-01	0.000000e+00	0.000000e+00	0.000000e+00	1.016485e-04	7.499758e-10	8.218400e-04	0.000000e+00	0.000000e+00	0.000000e+00	
6.200000e+00	7.206391e+11	6.022165e+05	7.206391e-04	1.162389e+02	1.327016e-02	1.839745e+01	3.478781e-01	0.000000e+00	0.000000e+00	0.000000e+00	1.010510e-04	7.499012e-10	8.217282e-04	0.000000e+00	0.000000e+00	0.000000e+00	
6.250000e+00	7.264504e+11	6.040417e+05	7.264504e-04	1.162389e+02	1.337717e-02	1.839745e+01	3.472857e-01	0.000000e+00	0.000000e+00	0.000000e+00	1.004790e-04	7.498430e-10	8.216210e-04	0.000000e+00	0.000000e+00	0.000000e+00	
6.300000e+00	7.322616e+11	6.058836e+05	7.322616e-04	1.162389e+02	1.348417e-02	1.839745e+01	3.467395e-01	0.000000e+00	0.000000e+00	0.000000e+00	9.993124e-05	7.497986e-10	8.215184e-04	0.000000e+00	0.000000e+00	0.000000e+00	
6.350000e+00	7.380729e+11	6.077410e+05	7.380729e-04	1.162389e+02	1.359117e-02	1.839745e+01	3.462340e-01	0.000000e+00	0.000000e+00	0.000000e+00	9.940671e-05	7.497660e-10	8.214199e-04	0.000000e+00	0.000000e+00	0.000000e+00	
6.400000e+00	7.438841e+11	6.096128e+05	7.438841e-04	1.162389e+02	1.369817e-02	1.839745e+01	3.457647e-01	0.000000e+00	0.000000e+00	0.000000e+00	9.890440e-05	7.497444e-10	8.213256e-04	0.000000e+00	0.000000e+00	0.000000e+00	
6.450000e+00	7.496953e+11	6.114981e+05	7.496953e-04	1.162389e+02	1.380518e-02	1.839745e+01	3.453278e-01	0.000000e+00	0.000000e+00	0.000000e+00	9.842331e-05	7.497329e-10	8.212354e-04	0.000000e+00	0.000000e+00	0.000000e+00	
6.500000e+00	7.555066e+11	5.639244e+05	7.555066e-04	1.162389e+02	1.391218e-02	1.839745e+01	3.380234e-01	0.000000e+00	0.000000e+00	0.000000e+00	9.796253e-05	7.497301e-10	8.211491e-04	0.000000e+00	0.000000e+00	0.000000e+00	
6.550000e+00	7.613178e+11	5.654237e+05	7.613178e-04	1.162389e+02	1.401910e-02	1.839745e+01	3.376376e-01	0.000000e+00	0.000000e+00	0.000000e+00	9.278002e-05	7.486915e-10	8.201711e-04	0.000000e+00	0.000000e+00	0.000000e+00	
6.600000e+00	7.671290e+11	5.669342e+05	7.671290e-04	1.162389e+02	1.412610e-02	1.839745e+01	3.372756e-01	0.000000e+00	0.000000e+00	0.000000e+00	9.235410e-05	7.487024e-10	8.200913e-04	0.000000e+00	0.000000e+00	0.000000e+00	
6.650000e+00	7.729402e+11	5.684553e+05	7.729402e-04	1.162389e+02	1.423311e-02	1.839745e+01	3.369352e-01	0.000000e+00	0.000000e+00	0.000000e+00	9.194601e-05	7.487192e-10	8.200149e-04	0.000000e+00	0.000000e+00	0.000000e+00	
6.700000e+00	7.787514e+11	5.439144e+05	7.787514e-04	1.162389e+02	1.434011e-02	1.839745e+01	3.325243e-01	0.000000e+00	0.000000e+00	0.000000e+00	9.155496e-05	7.487413e-10	8.199416e-04	0.000000e+00	0.000000e+00	0.000000e+00	
6.750000e+00	7.845626e+11	5.452481e+05	7.845626e-04	1.162389e+02	1.444707e-02	1.839745e+01	3.322197e-01	0.000000e+00	0.000000e+00	0.000000e+00	8.865206e-05	7.480995e-10	8.193923e-04	0.000000e+00	0.000000e+00	0.000000e+00	
6.800000e+00	7.903738e+11	5.465908e+05	7.903738e-04	1.162389e+02	1.455407e-02	1.839745e+01	3.319318e-01	0.000000e+00	0.000000e+00	0.000000e+00	8.829161e-05	7.481300e-10	8.193247e-04	0.000000e+00	0.000000e+00	0.000000e+00	
6.850000e+00	7.961850e+11	5.479420e+05	7.961850e-04	1.162389e+02	1.466107e-02	1.839745e+01	3.316591e-01	0.000000e+00	0.000000e+00	0.000000e+00	8.794611e-05	7.481610e-10	8.192599e-04	0.000000e+00	0.000000e+00	0.000000e+00	
6.900000e+00	8.019962e+11	5.505390e+05	8.019962e-04	1.162389e+02	1.476807e-02	1.839745e+01	3.314247e-01	0.000000e+00	0.000000e+00	0.000000e+00	8.761493e-05	7.481915e-10	8.191979e-04	0.000000e+00	0.000000e+00	0.000000e+00	
6.950000e+00	8.078074e+11	5.525385e+05	8.078074e-04	1.162389e+02	1.487508e-02	1.839745e+01	3.311911e-01	0.000000e+00	0.000000e+00	0.000000e+00	8.731271e-05	7.482213e-10	8.191414e-04	0.000000e+00	0.000000e+00	0.000000e+00	
7.000000e+00	8.136186e+11	5.536200e+05	8.136186e-04	1.162389e+02	1.498208e-02	1.839745e+01	3.297703e-01	0.000000e+00	0.000000e+00	0.000000e+00	8.701562e-05	7.482506e-10	8.190860e-04	0.000000e+00	0.000000e+00	0.000000e+00	
7.050000e+00	8.194298e+11	5.540927e+05	8.194298e-04	1.162389e+02	1.508908e-02	1.839745e+01	3.288364e-01	0.000000e+00	0.000000e+00	0.000000e+00	8.673920e-05	7.478274e-10	8.190253e-04	0.000000e+00	0.000000e+00	0.000000e+00	
7.100000e+00	8.252409e+11	5.568088e+05	8.252409e-04	1.162389e+02	1.519608e-02	1.839745e+01	3.286495e-01	0.000000e+00	0.000000e+00	0.000000e+00	8.646633e-05	7.475939e-10	8.189684e-04	0.000000e+00	0.000000e+00	0.000000e+00	
7.150000e+00	8.310521e+11	5.595693e+05	8.310521e-04	1.162389e+02	1.530309e-02	1.839745e+01	3.284728e-01	0.000000e+00	0.000000e+00	0.000000e+00	8.621362e-05	7.476207e-10	8.189214e-04	0.000000e+00	0.000000e+00	0.000000e+00	
7.200000e+00	8.368632e+11	5.609430e+05	8.368632e-04	1.162389e+02	1.541009e-02	1.839745e+01	3.282771e-01	0.000000e+00	0.000000e+00	0.000000e+00	8.597229e-05	7.476468e-10	8.188765e-04	0.000000e+00	0.000000e+00	0.000000e+00	
7.250000e+00	8.426744e+11	5.623228e+05	8.426744e-04	1.162389e+02	1.551709e-02	1.839745e+01	3.280901e-01	0.000000e+00	0.000000e+00	0.000000e+00	8.572264e-05	7.476728e-10	8.188300e-04	0.000000e+00	0.000000e+00	0.000000e+00	
7.300000e+00	8.484855e+11	5.637084e+05	8.484855e-04	1.162389e+02	1.562410e-02	1.839745e+01	3.279112e-01	0.000000e+00	0.000000e+00	0.000000e+00	8.548323e-05	7.476980e-10	8.187855e-04	0.000000e+00	0.000000e+00	0.000000e+00	
7.350000e+00	8.542967e+11	5.938615e+05	8.542967e-04	1.162389e+02	1.573110e-02	1.839745e+01	3.318530e-01	0.000000e+00	0.000000e+00	0.000000e+00	8.525363e-05	7.477224e-10	8.187428e-04	0.000000e+00	0.000000e+00	0.000000e+00	
7.400000e+00	8.601078e+11	6.240694e+05	8.601078e-04	1.162389e+02	1.583815e-02	1.839745e+01	3.353547e-01	0.000000e+00	0.000000e+00	0.000000e+00	8.757747e-05	7.484187e-10	8.191840e-04	0.000000e+00	0.000000e+00	0.000000e+00	
7.450000e+00	8.659189e+11	6.543454e+05	8.659189e-04	1.162389e+02	1.594520e-02	1.839745e+01	3.385001e-01	0.000000e+00	0.000000e+00	0.000000e+00	8.981149e-05	7.490282e-10	8.196071e-04	0.000000e+00	0.000000e+00	0.000000e+00	
7.500000e+00	8.717300e+11	6.847005e+05	8.717300e-04	1.162389e+02	1.605225e-02	1.839745e+01	3.413514e-01	0.000000e+00	0.000000e+00	0.000000e+00	9.195940e-05	7.495192e-10	8.200127e-04	0.000000e+00	0.000000e+00	0.000000e+00	
7.550000e+00	8.775412e+11	7.151439e+05	8.775412e-04	1.162389e+02	1.615929e-02	1.839745e+01	3.439558e-01	0.000000e+00	0.000000e+00	0.000000e+00	9.402475e-05	7.499187e-10	8.204019e-04	0.000000e+00	0.000000e+00	0.000000e+00	
7.600000e+00	8.833523e+11	7.456834e+05	8.833523e-04	1.162389e+02	1.626634e-02	1.839745e+01	3.463503e-01	0.000000e+00	0.000000e+00	0.000000e+00	9.601092e-05	7.502462e-10	8.207754e-04	0.000000e+00	0.000000e+00	0.000000e+00	
7.650000e+00	8.891634e+11	7.763255e+05	8.891634e-04	1.162389e+02	1.637338e-02	1.839745e+01	3.485641e-01	0.000000e+00	0.000000e+00	0.000000e+00	9.792117e-05	7.505160e-10	8.211340e-04	0.000000e+00	0.000000e+00	0.000000e+00	
7.700000e+00	8.949745e+11	8.070761e+05	8.949745e-04	1.162389e+02	1.648043e-02	1.839745e+01	3.506209e-01	0.000000e+00	0.000000e+00	0.000000e+00	9.975860e-05	7.507389e-10	8.214785e-04	0.000000e+00	0.000000e+00	0.000000e+00	
7.750000e+00	9.007856e+11	8.188130e+05	9.007856e-04	1.162389e+02	1.658747e-02	1.839745e+01	3.520859e-01	0.000000e+00	0.000000e+00	0.000000e+00	1.015262e-04	7.509232e-10	8.218096e-04	0.000000e+00	0.000000e+00	0.000000e+00	
7.800000e+00	9.065967e+11	8.109772e+05	9.065967e-04	1.162389e+02	1.669450e-02	1.839745e+01	3.529702e-01	0.000000e+00	0.000000e+00	0.000000e+00	1.028316e-04	7.511344e-10	8.220525e-04	0.000000e+00	0.000000e+00	0.000000e+00	
7.850000e+00	9.124077e+11	8.224308e+05	9.124077e-04	1.162389e+02	1.680153e-02	1.839745e+01	3.542235e-01	0.000000e+00	0.000000e+00	0.000000e+00	1.036728e-04	7.513781e-10	8.222069e-04	0.000000e+00	0.000000e+00	0.000000e+00	
7.900000e+00	9.182188e+11	8.338419e+05	9.182188e-04	1.162389e+02	1.690856e-02	1.839745e+01	3.553892e-01	0.000000e+00	0.000000e+00	0.000000e+00	1.048785e-04	7.515399e-10	8.224307e-04	0.000000e+00	0.000000e+00	0.000000e+00	
7.950000e+00	9.240299e+11	8.652994e+05	9.240299e-04	1.162389e+02	1.701559e-02	1.839745e+01	3.569503e-01	0.000000e+00	0.000000e+00	0.000000e+00	1.060380e-04	7.516824e-10	8.226457e-04	0.000000e+00	0.000000e+00	0.000000e+00	
8.000000e+00	9.298410e+11	8.968862e+05	9.298410e-04	1.162389e+02	1.712263e-02	1.839745e+01	3.584306e-01	0.000000e+00	0.000000e+00	0.000000e+00	1.075711e-04	7.517475e-10	8.229316e-04	0.000000e+00	0.000000e+00	0.000000e+00	
8.050000e+00	9.356520e+11	9.286048e+05	9.356520e-04	1.162389e+02	1.722967e-02	1.839745e+01	3.598374e-01	0.000000e+00	0.000000e+00	0.000000e+00	1.090467e-04	7.517968e-10	8.232066e-04	0.000000e+00	0.000000e+00	0.000000e+00	
8.100000e+00	9.414631e+11	9.587006e+05	9.414631e-04	1.162389e+02	1.733671e-02	1.839745e+01	3.606585e-01	0.000000e+00	0.000000e+00	0.000000e+00	1.104672e-04	7.518323e-10	8.234711e-04	0.000000e+00	0.000000e+00	0.000000e+00	
8.150000e+00	9.472741e+11	9.889408e+05	9.472741e-04	1.162389e+02	1.744374e-02	1.839745e+01	3.615330e-01	0.000000e+00	0.000000e+00	0.000000e+00	1.116748e-04	7.517171e-10	8.236939e-04	0.000000e+00	0.000000e+00	0.000000e+00	
8.200000e+00	9.530852e+11	1.019324e+06	9.530852e-04	1.162389e+02	1.755077e-02	1.839745e+01	3.624244e-01	0.000000e+00	0.000000e+00	0.000000e+00	1.128377e-04	7.516471e-10	8.239091e-04	0.000000e+00	0.000000e+00	0.000000e+00	
8.250000e+00	9.588962e+11	1.022743e+06	9.588962e-04	1.162389e+02	1.765781e-02	1.839745e+01	3.621256e-01	0.000000e+00	0.000000e+00	0.000000e+00	1.139578e-04	7.515944e-10	8.241167e-04	0.000000e+00	0.000000e+00	0.000000e+00	
8.300000e+00	9.647072e+11	1.026164e+06	9.647072e-04	1.162389e+02	1.776481e-02	1.839745e+01	3.618655e-01	0.000000e+00	0.000000e+00	0.000000e+00	1.137921e-04	7.515602e-10	8.240851e-04	0.000000e+00	0.000000e+00	0.000000e+00	
8.350000e+00	9.705183e+11	1.001837e+06	9.705183e-04	1.162389e+02	1.787182e-02	1.839745e+01	3.603875e-01	0.000000e+00	0.000000e+00	0.000000e+00	1.136334e-04	7.515324e-10	8.240549e-04	0.000000e+00	0.000000e+00	0.000000e+00	
8.400000e+00	9.763293e+11	1.005064e+06	9.763293e-04	1.162389e+02	1.797879e-02	1.839745e+01	3.601798e-01	0.000000e+00	0.000000e+00	0.000000e+00	1.121824e-04	7.515187e-10	8.237843e-04	0.000000e+00	0.000000e+00	0.000000e+00	
8.450000e+00	9.821403e+11	1.008291e+06	9.821403e-04	1.162389e+02	1.808580e-02	1.839745e+01	3.599916e-01	0.000000e+00	0.000000e+00	0.000000e+00	1.120357e-04	7.514997e-10	8.237565e-04	0.000000e+00	0.000000e+00	0.000000e+00	
8.500000e+00	9.879513e+11	1.011516e+06	9.879513e-04	1.162389e+02	1.819280e-02	1.839745e+01	3.598196e-01	0.000000e+00	0.000000e+00	0.000000e+00	1.118952e-04	7.514863e-10	8.237299e-04	0.000000e+00	0.000000e+00	0.000000e+00	
8.550000e+00	9.937623e+11	9.859492e+05	9.937623e-04	1.162389e+02	1.829981e-02	1.839745e+01	3.583483e-01	0.000000e+00	0.000000e+00	0.000000e+00	1.117607e-04	7.514772e-10	8.237046e-04	0.000000e+00	0.000000e+00	0.000000e+00	
8.600000e+00	9.995733e+11	9.906219e+05	9.995733e-04	1.162389e+02	1.840678e-02	1.839745e+01	3.583316e-01	0.000000e+00	0.000000e+00	0.000000e+00	1.102739e-04	7.514721e-10	8.234275e-04	0.000000e+00	0.000000e+00	0.000000e+00	
8.650000e+00	1.005384e+12	9.952960e+05	1.005384e-03	1.162389e+02	1.851379e-02	1.839745e+01	3.583157e-01	0.000000e+00	0.000000e+00	0.000000e+00	1.102573e-04	7.514817e-10	8.234243e-04	0.000000e+00	0.000000e+00	0.000000e+00	
8.700000e+00	1.011195e+12	9.999715e+05	1.011195e-03	1.162389e+02	1.862080e-02	1.839745e+01	3.583006e-01	0.000000e+00	0.000000e+00	0.000000e+00	1.102420e-04	7.514910e-10	8.234214e-04	0.000000e+00	0.000000e+00	0.000000e+00	
8.750000e+00	1.017006e+12	9.765077e+05	1.017006e-03	1.162389e+02	1.872780e-02	1.839745e+01	3.570450e-01	0.000000e+00	0.000000e+00	0.000000e+00	1.102279e-04	7.514998e-10	8.234186e-04	0.000000e+00	0.000000e+00	0.000000e+00	
8.800000e+00	1.022817e+12	9.827424e+05	1.022817e-03	1.162389e+02	1.883478e-02	1.839745e+01	3.572011e-01	0.000000e+00	0.000000e+00	0.000000e+00	1.089085e-04	7.515151e-10	8.231730e-04	0.000000e+00	0.000000e+00	0.000000e+00	
8.850000e+00	1.028628e+12	9.872640e+05	1.028628e-03	1.162389e+02	1.894179e-02	1.839745e+01	3.572000e-01	0.000000e+00	0.000000e+00	0.000000e+00	1.090172e-04	7.515476e-10	8.231935e-04	0.000000e+00	0.000000e+00	0.000000e+00	
8.900000e+00	1.034439e+12	9.955029e+05	1.034439e-03	1.162389e+02	1.904880e-02	1.839745e+01	3.579070e-01	0.000000e+00	0.000000e+00	0.000000e+00	1.090096e-04	7.515592e-10	8.231920e-04	0.000000e+00	0.000000e+00	0.000000e+00	
8.950000e+00	1.040250e+12	1.009748e+06	1.040250e-03	1.162389e+02	1.915581e-02	1.839745e+01	3.710002e-01	0.000000e+00	0.000000e+00	0.000000e+00	1.092900e-04	7.517393e-10	8.232465e-04	0.000000e+00	0.000000e+00	0.000000e+00	
9.000000e+00	1.046061e+12	1.050610e+06	1.046061e-03	1.162389e+02	1.926279e-02	1.839745e+01	3.807542e-01	0.000000e+00	0.000000e+00	0.000000e+00	1.079567e-04	7.569339e-10	8.231169e-04	0.000000e+00	0.000000e+00	0.000000e+00	
9.050000e+00	1.051872e+12	1.122562e+06	1.051872e-03	1.162389e+02	1.936986e-02	1.839745e+01	3.898135e-01	0.000000e+00	0.000000e+00	0.000000e+00	1.109405e-04	7.595451e-10	8.237085e-04	0.000000e+00	0.000000e+00	0.000000e+00	
9.100000e+00	1.057683e+12	1.194511e+06	1.057683e-03	1.162389e+02	1.947697e-02	1.839745e+01	3.974220e-01	0.000000e+00	0.000000e+00	0.000000e+00	1.152953e-04	7.611444e-10	8.245404e-04	0.000000e+00	0.000000e+00	0.000000e+00	
9.150000e+00	1.063494e+12	2.948265e+08	1.063494e-03	1.162389e+02	1.958408e-02	1.839745e+01	4.298830e+00	0.000000e+00	0.000000e+00	0.000000e+00	1.194864e-04	7.622395e-10	8.253341e-04	0.000000e+00	0.000000e+00	0.000000e+00	
9.200000e+00	1.069305e+12	8.819786e+08	1.069305e-03	1.162389e+02	1.973923e-02	1.839745e+01	1.203147e+01	0.000000e+00	0.000000e+00	0.000000e+00	2.189591e-03	3.393879e-09	1.191846e-03	3.393433e+01	2.543412e-04	2.339329e+02	
9.250000e+00	1.075117e+12	1.469249e+09	1.075117e-03	1.162389e+02	1.994248e-02	1.839745e+01	1.968631e+01	0.000000e+00	0.000000e+00	0.000000e+00	6.264387e-03	8.579266e-09	1.913272e-03	1.344546e+02	1.011975e-03	9.366676e+02	
9.300000e+00	1.080929e+12	1.468261e+09	1.080929e-03	1.162389e+02	2.014592e-02	1.839745e+01	1.932831e+01	0.000000e+00	0.000000e+00	0.000000e+00	1.026430e-02	1.367384e-08	2.621448e-03	3.001277e+02	2.273777e-03	2.110058e+03	
9.350000e+00	1.086741e+12	1.467246e+09	1.086741e-03	1.162389e+02	2.024514e-02	1.839745e+01	1.897317e+01	0.000000e+00	0.000000e+00	0.000000e+00	9.887625e-03	1.302011e-08	2.554484e-03	4.636775e+02	3.519405e-03	3.268405e+03	
9.400000e+00	1.092552e+12	1.466245e+09	1.092552e-03	1.162389e+02	2.034448e-02	1.839745e+01	1.863130e+01	0.000000e+00	0.000000e+00	0.000000e+00	9.519224e-03	1.239183e-08	2.488974e-03	6.251548e+02	4.749244e-03	4.412070e+03	
9.450000e+00	1.098364e+12	1.465256e+09	1.098364e-03	1.162389e+02	2.044406e-02	1.839745e+01	1.830082e+01	0.000000e+00	0.000000e+00	0.000000e+00	9.164746e-03	1.179028e-08	2.425967e-03	7.846088e+02	5.963670e-03	5.541400e+03	
9.500000e+00	1.104176e+12	1.464280e+09	1.104176e-03	1.162389e+02	2.054389e-02	1.839745e+01	1.798061e+01	0.000000e+00	0.000000e+00	0.000000e+00	8.823663e-03	1.121324e-08	2.365354e-03	9.420868e+02	7.163044e-03	6.656731e+03	
9.550000e+00	1.109988e+12	1.463316e+09	1.109988e-03	1.162389e+02	2.064395e-02	1.839745e+01	1.766988e+01	0.000000e+00	0.000000e+00	0.000000e+00	8.495468e-03	1.065904e-08	2.307033e-03	1.097634e+03	8.347713e-03	7.758388e+03	
9.600000e+00	1.115800e+12	1.462364e+09	1.115800e-03	1.162389e+02	2.074425e-02	1.839745e+01	1.736802e+01	0.000000e+00	0.000000e+00	0.000000e+00	8.179673e-03	1.012657e-08	2.250916e-03	1.251296e+03	9.518014e-03	8.846682e+03	
9.650000e+00	1.121612e+12	1.461423e+09	1.121612e-03	1.162389e+02	2.084476e-02	1.839745e+01	1.707454e+01	0.000000e+00	0.000000e+00	0.000000e+00	7.875808e-03	9.614824e-09	2.196920e-03	1.403114e+03	1.067427e-02	9.921917e+03	
9.700000e+00	1.127424e+12	1.460459e+09	1.127424e-03	1.162389e+02	2.094548e-02	1.839745e+01	1.678729e+01	0.000000e+00	0.000000e+00	0.000000e+00	7.583420e-03	9.122864e-09	2.144962e-03	1.553130e+03	1.181680e-02	1.098438e+04	
9.750000e+00	1.133235e+12	1.459470e+09	1.133235e-03	1.162389e+02	2.104637e-02	1.839745e+01	1.650590e+01	0.000000e+00	0.000000e+00	0.000000e+00	7.300418e-03	8.649848e-09	2.094657e-03	1.701384e+03	1.294591e-02	1.203437e+04	
9.800000e+00	1.139047e+12	1.458527e+09	1.139047e-03	1.162389e+02	2.114742e-02	1.839745e+01	1.623371e+01	0.000000e+00	0.000000e+00	0.000000e+00	7.026374e-03	8.194908e-09	2.045928e-03	1.847914e+03	1.406188e-02	1.307214e+04	
9.850000e+00	1.144859e+12	1.457595e+09	1.144859e-03	1.162389e+02	2.124870e-02	1.839745e+01	1.596856e+01	0.000000e+00	0.000000e+00	0.000000e+00	6.764330e-03	7.757373e-09	1.999346e-03	1.992757e+03	1.516501e-02	1.409796e+04	
9.900000e+00	1.150671e+12	1.456670e+09	1.150671e-03	1.162389e+02	2.135017e-02	1.839745e+01	1.570897e+01	0.000000e+00	0.000000e+00	0.000000e+00	6.512174e-03	7.336412e-09	1.954519e-03	2.135951e+03	1.625557e-02	1.511210e+04	
9.950000e+00	1.156482e+12	1.455719e+09	1.156482e-03	1.162389e+02	2.145182e-02	1.839745e+01	1.545443e+01	0.000000e+00	0.000000e+00	0.000000e+00	6.269529e-03	6.930854e-09	1.911372e-03	2.277529e+03	1.733383e-02	1.611479e+04	
1.000000e+01	1.162294e+12	1.454856e+09	1.162294e-03	1.162389e+02	2.155360e-02	1.839745e+01	1.521848e+01	0.000000e+00	0.000000e+00	0.000000e+00	6.034235e-03	6.540563e-09	1.869515e-03	2.417526e+03	1.840004e-02	1.710628e+04	
1.005000e+01	1.168106e+12	1.454039e+09	1.168106e-03	1.162389e+02	2.165567e-02	1.839745e+01	1.498840e+01	0.000000e+00	0.000000e+00	0.000000e+00	5.812478e-03	6.167704e-09	1.830144e-03	2.555974e+03	1.945445e-02	1.808680e+04	
1.010000e+01	1.173918e+12	1.453273e+09	1.173918e-03	1.162389e+02	2.175795e-02	1.839745e+01	1.476916e+01	0.000000e+00	0.000000e+00	0.000000e+00	5.600889e-03	5.807845e-09	1.792577e-03	2.692906e+03	2.049731e-02	1.905658e+04	
1.015000e+01	1.179729e+12	1.452473e+09	1.179729e-03	1.162389e+02	2.186046e-02	1.839745e+01	1.453102e+01	0.000000e+00	0.000000e+00	0.000000e+00	5.400147e-03	5.461917e-09	1.756965e-03	2.828352e+03	2.152886e-02	2.001583e+04	
1.020000e+01	1.185541e+12	1.451682e+09	1.185541e-03	1.162389e+02	2.196312e-02	1.839745e+01	1.430582e+01	0.000000e+00	0.000000e+00	0.000000e+00	5.206979e-03	5.120058e-09	1.722520e-03	2.962342e+03	2.254931e-02	2.096477e+04	
1.025000e+01	1.191353e+12	1.450901e+09	1.191353e-03	1.162389e+02	2.206592e-02	1.839745e+01	1.408849e+01	0.000000e+00	0.000000e+00	0.000000e+00	5.021094e-03	4.793691e-09	1.689418e-03	3.094906e+03	2.355890e-02	2.190361e+04	
1.030000e+01	1.197164e+12	1.450171e+09	1.197164e-03	1.162389e+02	2.216878e-02	1.839745e+01	1.388534e+01	0.000000e+00	0.000000e+00	0.000000e+00	4.839272e-03	4.481173e-09	1.657081e-03	3.226071e+03	2.455784e-02	2.283253e+04	
1.035000e+01	1.202976e+12	1.449407e+09	1.202976e-03	1.162389e+02	2.227186e-02	1.839745e+01	1.367975e+01	0.000000e+00	0.000000e+00	0.000000e+00	4.667287e-03	4.182413e-09	1.626548e-03	3.355864e+03	2.554633e-02	2.375175e+04	
1.040000e+01	1.208787e+12	1.448696e+09	1.208787e-03	1.162389e+02	2.237499e-02	1.839745e+01	1.350170e+01	0.000000e+00	0.000000e+00	0.000000e+00	4.498905e-03	3.893134e-09	1.596608e-03	3.484314e+03	2.652458e-02	2.466143e+04	
1.045000e+01	1.214599e+12	1.447992e+09	1.214599e-03	1.162389e+02	2.247825e-02	1.839745e+01	1.331936e+01	0.000000e+00	0.000000e+00	0.000000e+00	4.336859e-03	3.622617e-09	1.567959e-03	3.611444e+03	2.749278e-02	2.556178e+04	
1.050000e+01	1.220411e+12	1.447251e+09	1.220411e-03	1.162389e+02	2.258163e-02	1.839745e+01	1.311526e+01	0.000000e+00	0.000000e+00	0.000000e+00	4.180912e-03	3.358583e-09	1.540332e-03	3.737281e+03	2.845113e-02	2.645297e+04	
1.055000e+01	1.226222e+12	1.446563e+09	1.226222e-03	1.162389e+02	2.268521e-02	1.839745e+01	1.294487e+01	0.000000e+00	0.000000e+00	0.000000e+00	4.033783e-03	3.093501e-09	1.514048e-03	3.861849e+03	2.939981e-02	2.733516e+04	
1.060000e+01	1.232034e+12	1.445883e+09	1.232034e-03	1.162389e+02	2.278890e-02	1.839745e+01	1.277207e+01	0.000000e+00	0.000000e+00	0.000000e+00	3.892189e-03	2.848482e-09	1.488956e-03	3.985171e+03	3.033901e-02	2.820853e+04	
1.065000e+01	1.237845e+12	1.445210e+09	1.237845e-03	1.162389e+02	2.289263e-02	1.839745e+01	1.260066e+01	0.000000e+00	0.000000e+00	0.000000e+00	3.752966e-03	2.610667e-09	1.464267e-03	4.107271e+03	3.126889e-02	2.907324e+04	
1.070000e+01	1.243657e+12	1.444545e+09	1.243657e-03	1.162389e+02	2.299654e-02	1.839745e+01	1.243168e+01	0.000000e+00	0.000000e+00	0.000000e+00	3.621930e-03	2.379979e-09	1.440993e-03	4.228171e+03	3.218964e-02	2.992945e+04	
1.075000e+01	1.249468e+12	1.443886e+09	1.249468e-03	1.162389e+02	2.310055e-02	1.839745e+01	1.226552e+01	0.000000e+00	0.000000e+00	0.000000e+00	3.495819e-03	2.156858e-09	1.418580e-03	4.347893e+03	3.310141e-02	3.077732e+04	
1.080000e+01	1.255280e+12	1.443235e+09	1.255280e-03	1.162389e+02	2.320466e-02	1.839745e+01	1.210233e+01	0.000000e+00	0.000000e+00	0.000000e+00	3.374446e-03	1.941246e-09	1.396999e-03	4.466458e+03	3.400436e-02	3.161699e+04	
1.085000e+01	1.261091e+12	1.442591e+09	1.261091e-03	1.162389e+02	2.330887e-02	1.839745e+01	1.194219e+01	0.000000e+00	0.000000e+00	0.000000e+00	3.257631e-03	1.733115e-09	1.376222e-03	4.583886e+03	3.489867e-02	3.244861e+04	
1.090000e+01	1.266903e+12	1.441954e+09	1.266903e-03	1.162389e+02	2.341317e-02	1.839745e+01	1.178508e+01	0.000000e+00	0.000000e+00	0.000000e+00	3.145201e-03	1.532164e-09	1.356220e-03	4.700198e+03	3.578447e-02	3.327233e+04	
1.095000e+01	1.272714e+12	1.441371e+09	1.272714e-03	1.162389e+02	2.351756e-02	1.839745e+01	1.164517e+01	0.000000e+00	0.000000e+00	0.000000e+00	3.036991e-03	1.338157e-09	1.336963e-03	4.815414e+03	3.666192e-02	3.408827e+04	
1.100000e+01	1.278526e+12	1.440755e+09	1.278526e-03	1.162389e+02	2.362203e-02	1.839745e+01	1.150155e+01	0.000000e+00	0.000000e+00	0.000000e+00	2.932839e-03	1.156020e-09	1.318540e-03	4.929552e+03	3.753116e-02	3.489659e+04	
1.105000e+01	1.284337e+12	1.440098e+09	1.284337e-03	1.162389e+02	2.372662e-02	1.839745e+01	1.135066e+01	0.000000e+00	0.000000e+00	0.000000e+00	2.833612e-03	9.776369e-10	1.300913e-03	5.042632e+03	3.839233e-02	3.569741e+04	
1.110000e+01	1.290149e+12	1.439489e+09	1.290149e-03	1.162389e+02	2.383120e-02	1.839745e+01	1.120577e+01	0.000000e+00	0.000000e+00	0.000000e+00	2.735017e-03	8.027571e-10	1.283331e-03	5.154670e+03	3.924558e-02	3.649085e+04	
1.115000e+01	1.295960e+12	1.438886e+09	1.295960e-03	1.162389e+02	2.393592e-02	1.839745e+01	1.106364e+01	0.000000e+00	0.000000e+00	0.000000e+00	2.642302e-03	6.343187e-10	1.266814e-03	5.265686e+03	4.009104e-02	3.727705e+04	
1.120000e+01	1.301771e+12	1.438289e+09	1.301771e-03	1.162389e+02	2.404072e-02	1.839745e+01	1.092421e+01	0.000000e+00	0.000000e+00	0.000000e+00	2.553058e-03	4.716656e-10	1.250911e-03	5.375696e+03	4.092884e-02	3.805612e+04	
1.125000e+01	1.307583e+12	1.437654e+09	1.307583e-03	1.162389e+02	2.414559e-02	1.839745e+01	1.077780e+01	0.000000e+00	0.000000e+00	0.000000e+00	2.467157e-03	3.145989e-10	1.235599e-03	5.484716e+03	4.175910e-02	3.882819e+04	
1.130000e+01	1.313394e+12	1.437017e+09	1.313394e-03	1.162389e+02	2.425044e-02	1.839745e+01	1.062518e+01	0.000000e+00	0.000000e+00	0.000000e+00	2.381504e-03	1.603438e-10	1.220268e-03	5.592765e+03	4.258195e-02	3.959336e+04	
1.135000e+01	1.319206e+12	1.436491e+09	1.319206e-03	1.162389e+02	2.435542e-02	1.839745e+01	1.052544e+01	0.000000e+00	0.000000e+00	0.000000e+00	2.301049e-03	7.742764e-12	1.205782e-03	5.699856e+03	4.339752e-02	4.035177e+04	
1.140000e+01	1.325017e+12	1.435802e+09	1.325017e-03	1.162389e+02	2.446044e-02	1.839745e+01	1.039440e+01	0.000000e+00	0.000000e+00	0.000000e+00	2.222337e-03	-1.209055e-10	1.192002e-03	5.806006e+03	4.420592e-02	4.110350e+04	
1.145000e+01	1.330828e+12	1.435072e+09	1.330828e-03	1.162389e+02	2.456545e-02	1.839745e+01	1.026212e+01	0.000000e+00	0.000000e+00	0.000000e+00	2.144069e-03	-2.564737e-10	1.178014e-03	5.911231e+03	4.500727e-02	4.184868e+04	
1.150000e+01	1.336640e+12	1.434419e+09	1.336640e-03	1.162389e+02	2.467045e-02	1.839745e+01	1.012351e+01	0.000000e+00	0.000000e+00	0.000000e+00	2.066375e-03	-3.883654e-10	1.164094e-03	6.015545e+03	4.580167e-02	4.258740e+04	
1.155000e+01	1.342451e+12	1.433863e+09	1.342451e-03	1.162389e+02	2.477565e-02	1.839745e+01	1.000777e+01	0.000000e+00	0.000000e+00	0.000000e+00	1.996057e-03	-5.205754e-10	1.151411e-03	6.118962e+03	4.658926e-02	4.331978e+04	
1.160000e+01	1.348262e+12	1.433178e+09	1.348262e-03	1.162389e+02	2.488089e-02	1.839745e+01	9.872509e+00	0.000000e+00	0.000000e+00	0.000000e+00	1.927760e-03	-6.407348e-10	1.139277e-03	6.221496e+03	4.737012e-02	4.404590e+04	
1.165000e+01	1.354074e+12	1.432503e+09	1.354074e-03	1.162389e+02	2.498614e-02	1.839745e+01	9.743623e+00	0.000000e+00	0.000000e+00	0.000000e+00	1.860500e-03	-7.637092e-10	1.127129e-03	6.323163e+03	4.814436e-02	4.476588e+04	
1.170000e+01	1.359885e+12	1.431879e+09	1.359885e-03	1.162389e+02	2.509139e-02	1.839745e+01	9.630350e+00	0.000000e+00	0.000000e+00	0.000000e+00	1.793543e-03	-8.805834e-10	1.115088e-03	6.423974e+03	4.891210e-02	4.547980e+04	
1.175000e+01	1.365696e+12	1.431225e+09	1.365696e-03	1.162389e+02	2.519667e-02	1.839745e+01	9.527146e+00	0.000000e+00	0.000000e+00	0.000000e+00	1.728162e-03	-9.883741e-10	1.103435e-03	6.523944e+03	4.967342e-02	4.618775e+04	
1.180000e+01	1.371507e+12	1.566436e+09	1.371507e-03	1.162389e+02	2.530201e-02	1.839745e+01	1.025748e+01	0.000000e+00	0.000000e+00	0.000000e+00	1.665410e-03	-1.089473e-09	1.092292e-03	6.623084e+03	5.042843e-02	4.688984e+04	
1.185000e+01	1.377319e+12	2.047804e+09	1.377319e-03	1.162389e+02	2.541140e-02	1.839745e+01	1.514039e+01	0.000000e+00	0.000000e+00	0.000000e+00	1.744549e-03	-3.784182e-09	1.098749e-03	6.774328e+03	5.155153e-02	4.783785e+04	
1.190000e+01	1.383130e+12	2.046638e+09	1.383130e-03	1.162389e+02	2.560083e-02	1.839745e+01	1.491995e+01	0.000000e+00	0.000000e+00	0.000000e+00	4.479061e-03	1.992236e-09	1.566381e-03	7.169225e+03	5.603665e-02	4.986384e+04	
1.195000e+01	1.388942e+12	2.045511e+09	1.388942e-03	1.162389e+02	2.570347e-02	1.839745e+01	1.470526e+01	0.000000e+00	0.000000e+00	0.000000e+00	4.316781e-03	1.307806e-09	1.537852e-03	7.559686e+03	6.046797e-02	5.186794e+04	
1.200000e+01	1.394754e+12	2.044394e+09	1.394754e-03	1.162389e+02	2.580614e-02	1.839745e+01	1.449113e+01	0.000000e+00	0.000000e+00	0.000000e+00	4.157019e-03	6.531711e-10	1.509795e-03	7.945807e+03	6.484672e-02	5.385064e+04	
1.205000e+01	1.400565e+12	2.647680e+09	1.400565e-03	1.162389e+02	2.590894e-02	1.839745e+01	3.709843e+01	0.000000e+00	0.000000e+00	0.000000e+00	4.002605e-03	2.452938e-11	1.482652e-03	8.327685e+03	6.917413e-02	5.581239e+04	
1.210000e+01	1.406378e+12	2.644959e+09	1.406378e-03	1.162389e+02	2.670545e-02	1.839745e+01	3.574524e+01	0.000000e+00	0.000000e+00	0.000000e+00	2.574126e-02	9.191512e-08	5.401374e-03	9.074004e+03	7.617499e-02	5.963142e+04	
1.215000e+01	1.412191e+12	2.642457e+09	1.412191e-03	1.162389e+02	2.678562e-02	1.839745e+01	3.451270e+01	0.000000e+00	0.000000e+00	0.000000e+00	2.481846e-02	8.471442e-08	5.231376e-03	9.799143e+03	8.300049e-02	6.334329e+04	
1.220000e+01	1.418004e+12	2.944580e+09	1.418004e-03	1.162389e+02	2.686676e-02	1.839745e+01	3.788377e+01	0.000000e+00	0.000000e+00	0.000000e+00	2.393243e-02	7.738589e-08	5.066193e-03	1.050469e+04	8.966279e-02	6.695605e+04	
1.225000e+01	1.423818e+12	3.844197e+09	1.423818e-03	1.162389e+02	2.706852e-02	1.839745e+01	6.003578e+01	0.000000e+00	0.000000e+00	0.000000e+00	2.673327e-02	7.781320e-08	5.551899e-03	1.128795e+04	9.681375e-02	7.088657e+04	
1.230000e+01	1.429633e+12	3.840023e+09	1.429633e-03	1.162389e+02	2.788305e-02	1.839745e+01	5.805824e+01	0.000000e+00	0.000000e+00	0.000000e+00	4.745852e-02	1.338505e-07	9.258936e-03	1.238913e+04	1.067245e-01	7.663967e+04	
1.235000e+01	1.435447e+12	3.836007e+09	1.435447e-03	1.162389e+02	2.793873e-02	1.839745e+01	5.621247e+01	0.000000e+00	0.000000e+00	0.000000e+00	4.581162e-02	1.242126e-07	8.957062e-03	1.346142e+04	1.163957e-01	8.224243e+04	
1.240000e+01	1.441262e+12	4.215065e+09	1.441262e-03	1.162389e+02	2.799619e-02	1.839745e+01	6.175663e+01	0.000000e+00	0.000000e+00	0.000000e+00	4.422110e-02	1.154085e-07	8.666569e-03	1.450663e+04	1.258413e-01	8.770418e+04	
1.245000e+01	1.447077e+12	4.210883e+09	1.447077e-03	1.162389e+02	2.828391e-02	1.839745e+01	5.994767e+01	0.000000e+00	0.000000e+00	0.000000e+00	4.920742e-02	1.387941e-07	9.532246e-03	1.572895e+04	1.372917e-01	9.409958e+04	
