# bin_edge_left	bin_edge_right	dN/d[fe/H]	dN/d[sr/H]	dN/d[o/H]	dN/d[sr/fe]	dN/d[o/fe]	dN/d[o/sr]	
-3.000000e+00	-2.950000e+00	9.918847e-06	0.000000e+00	8.519263e-06	1.523172e-05	1.523172e-05	1.523172e-05	
-2.950000e+00	-2.900000e+00	0.000000e+00	0.000000e+00	1.348082e-05	0.000000e+00	0.000000e+00	0.000000e+00	
-2.900000e+00	-2.850000e+00	0.000000e+00	0.000000e+00	4.625791e-06	0.000000e+00	0.000000e+00	0.000000e+00	
-2.850000e+00	-2.800000e+00	0.000000e+00	0.000000e+00	1.478063e-05	0.000000e+00	0.000000e+00	0.000000e+00	
-2.800000e+00	-2.750000e+00	0.000000e+00	0.000000e+00	0.000000e+00	0.000000e+00	0.000000e+00	0.000000e+00	
-2.750000e+00	-2.700000e+00	0.000000e+00	0.000000e+00	0.000000e+00	0.000000e+00	0.000000e+00	0.000000e+00	
-2.700000e+00	-2.650000e+00	0.000000e+00	0.000000e+00	0.000000e+00	0.000000e+00	0.000000e+00	0.000000e+00	
-2.650000e+00	-2.600000e+00	0.000000e+00	0.000000e+00	0.000000e+00	0.000000e+00	0.000000e+00	0.000000e+00	
-2.600000e+00	-2.550000e+00	0.000000e+00	0.000000e+00	0.000000e+00	0.000000e+00	0.000000e+00	0.000000e+00	
-2.550000e+00	-2.500000e+00	0.000000e+00	0.000000e+00	0.000000e+00	0.000000e+00	0.000000e+00	0.000000e+00	
-2.500000e+00	-2.450000e+00	0.000000e+00	0.000000e+00	0.000000e+00	0.000000e+00	0.000000e+00	0.000000e+00	
-2.450000e+00	-2.400000e+00	0.000000e+00	0.000000e+00	0.000000e+00	0.000000e+00	0.000000e+00	0.000000e+00	
-2.400000e+00	-2.350000e+00	0.000000e+00	0.000000e+00	0.000000e+00	0.000000e+00	0.000000e+00	0.000000e+00	
-2.350000e+00	-2.300000e+00	0.000000e+00	0.000000e+00	0.000000e+00	0.000000e+00	0.000000e+00	0.000000e+00	
-2.300000e+00	-2.250000e+00	0.000000e+00	0.000000e+00	0.000000e+00	0.000000e+00	0.000000e+00	0.000000e+00	
-2.250000e+00	-2.200000e+00	0.000000e+00	0.000000e+00	0.000000e+00	0.000000e+00	0.000000e+00	0.000000e+00	
-2.200000e+00	-2.150000e+00	0.000000e+00	0.000000e+00	0.000000e+00	0.000000e+00	0.000000e+00	0.000000e+00	
-2.150000e+00	-2.100000e+00	0.000000e+00	0.000000e+00	0.000000e+00	0.000000e+00	0.000000e+00	0.000000e+00	
-2.100000e+00	-2.050000e+00	0.000000e+00	0.000000e+00	0.000000e+00	0.000000e+00	0.000000e+00	0.000000e+00	
-2.050000e+00	-2.000000e+00	0.000000e+00	0.000000e+00	0.000000e+00	0.000000e+00	0.000000e+00	0.000000e+00	
-2.000000e+00	-1.950000e+00	0.000000e+00	0.000000e+00	0.000000e+00	0.000000e+00	0.000000e+00	0.000000e+00	
-1.950000e+00	-1.900000e+00	0.000000e+00	0.000000e+00	0.000000e+00	0.000000e+00	0.000000e+00	0.000000e+00	
-1.900000e+00	-1.850000e+00	0.000000e+00	0.000000e+00	0.000000e+00	0.000000e+00	0.000000e+00	0.000000e+00	
-1.850000e+00	-1.800000e+00	0.000000e+00	0.000000e+00	0.000000e+00	0.000000e+00	0.000000e+00	0.000000e+00	
-1.800000e+00	-1.750000e+00	0.000000e+00	0.000000e+00	0.000000e+00	0.000000e+00	0.000000e+00	0.000000e+00	
-1.750000e+00	-1.700000e+00	0.000000e+00	0.000000e+00	0.000000e+00	0.000000e+00	0.000000e+00	0.000000e+00	
-1.700000e+00	-1.650000e+00	0.000000e+00	0.000000e+00	0.000000e+00	0.000000e+00	0.000000e+00	0.000000e+00	
-1.650000e+00	-1.600000e+00	0.000000e+00	0.000000e+00	0.000000e+00	0.000000e+00	0.000000e+00	0.000000e+00	
-1.600000e+00	-1.550000e+00	0.000000e+00	0.000000e+00	0.000000e+00	0.000000e+00	0.000000e+00	0.000000e+00	
-1.550000e+00	-1.500000e+00	0.000000e+00	0.000000e+00	0.000000e+00	0.000000e+00	0.000000e+00	0.000000e+00	
-1.500000e+00	-1.450000e+00	0.000000e+00	0.000000e+00	0.000000e+00	0.000000e+00	0.000000e+00	0.000000e+00	
-1.450000e+00	-1.400000e+00	0.000000e+00	0.000000e+00	0.000000e+00	0.000000e+00	0.000000e+00	0.000000e+00	
-1.400000e+00	-1.350000e+00	0.000000e+00	0.000000e+00	0.000000e+00	0.000000e+00	0.000000e+00	0.000000e+00	
-1.350000e+00	-1.300000e+00	0.000000e+00	0.000000e+00	0.000000e+00	0.000000e+00	0.000000e+00	0.000000e+00	
-1.300000e+00	-1.250000e+00	0.000000e+00	0.000000e+00	0.000000e+00	0.000000e+00	0.000000e+00	0.000000e+00	
-1.250000e+00	-1.200000e+00	0.000000e+00	0.000000e+00	0.000000e+00	0.000000e+00	0.000000e+00	0.000000e+00	
-1.200000e+00	-1.150000e+00	0.000000e+00	0.000000e+00	0.000000e+00	0.000000e+00	0.000000e+00	0.000000e+00	
-1.150000e+00	-1.100000e+00	0.000000e+00	1.880303e-02	0.000000e+00	0.000000e+00	0.000000e+00	0.000000e+00	
-1.100000e+00	-1.050000e+00	0.000000e+00	0.000000e+00	0.000000e+00	0.000000e+00	0.000000e+00	0.000000e+00	
-1.050000e+00	-1.000000e+00	0.000000e+00	0.000000e+00	0.000000e+00	0.000000e+00	0.000000e+00	0.000000e+00	
-1.000000e+00	-9.500000e-01	1.880302e-02	0.000000e+00	0.000000e+00	0.000000e+00	0.000000e+00	0.000000e+00	
-9.500000e-01	-9.000000e-01	0.000000e+00	0.000000e+00	0.000000e+00	0.000000e+00	0.000000e+00	0.000000e+00	
-9.000000e-01	-8.500000e-01	0.000000e+00	0.000000e+00	0.000000e+00	0.000000e+00	0.000000e+00	0.000000e+00	
-8.500000e-01	-8.000000e-01	0.000000e+00	9.786843e-01	0.000000e+00	0.000000e+00	0.000000e+00	0.000000e+00	
-8.000000e-01	-7.500000e-01	0.000000e+00	8.958529e-01	0.000000e+00	0.000000e+00	0.000000e+00	0.000000e+00	
-7.500000e-01	-7.000000e-01	0.000000e+00	1.335042e+00	0.000000e+00	0.000000e+00	0.000000e+00	0.000000e+00	
-7.000000e-01	-6.500000e-01	0.000000e+00	2.305620e+00	0.000000e+00	0.000000e+00	0.000000e+00	0.000000e+00	
-6.500000e-01	-6.000000e-01	0.000000e+00	3.376634e+00	0.000000e+00	0.000000e+00	0.000000e+00	0.000000e+00	
-6.000000e-01	-5.500000e-01	1.787707e+00	1.468779e+00	1.880299e-02	0.000000e+00	0.000000e+00	0.000000e+00	
-5.500000e-01	-5.000000e-01	4.581578e-01	2.803902e+00	0.000000e+00	0.000000e+00	0.000000e+00	0.000000e+00	
-5.000000e-01	-4.500000e-01	1.457666e+00	3.978000e+00	0.000000e+00	0.000000e+00	0.000000e+00	0.000000e+00	
-4.500000e-01	-4.000000e-01	3.828776e+00	2.974888e-01	1.444929e+00	0.000000e+00	0.000000e+00	0.000000e+00	
-4.000000e-01	-3.500000e-01	4.046811e+00	3.732507e-01	9.560318e-01	0.000000e+00	0.000000e+00	0.000000e+00	
-3.500000e-01	-3.000000e-01	1.971716e+00	4.288092e-01	1.433390e+00	0.000000e+00	0.000000e+00	0.000000e+00	
-3.000000e-01	-2.500000e-01	2.079038e+00	5.106438e-01	6.551690e+00	1.278850e+00	0.000000e+00	0.000000e+00	
-2.500000e-01	-2.000000e-01	2.183373e+00	4.465946e-01	6.424832e+00	1.131457e+01	0.000000e+00	0.000000e+00	
-2.000000e-01	-1.500000e-01	8.591829e-01	2.849230e-01	1.002343e+00	4.809458e+00	0.000000e+00	0.000000e+00	
-1.500000e-01	-1.000000e-01	7.296149e-01	2.482357e-01	8.591815e-01	1.815226e+00	0.000000e+00	0.000000e+00	
-1.000000e-01	-5.000000e-02	2.888302e-01	0.000000e+00	2.018595e-01	5.748393e-01	0.000000e+00	0.000000e+00	
-5.000000e-02	0.000000e+00	4.157727e-02	1.258968e-01	5.684115e-01	2.070420e-01	0.000000e+00	0.000000e+00	
0.000000e+00	5.000000e-02	2.070457e-01	1.228401e-01	2.897497e-01	0.000000e+00	2.887554e+00	0.000000e+00	
5.000000e-02	1.000000e-01	4.169109e-02	0.000000e+00	1.258965e-01	0.000000e+00	6.467883e+00	1.243329e-01	
1.000000e-01	1.500000e-01	0.000000e+00	0.000000e+00	1.228398e-01	0.000000e+00	7.393524e+00	5.335954e-01	
1.500000e-01	2.000000e-01	0.000000e+00	0.000000e+00	0.000000e+00	0.000000e+00	2.802439e+00	1.235069e+00	
2.000000e-01	2.500000e-01	0.000000e+00	0.000000e+00	0.000000e+00	0.000000e+00	4.296834e-01	2.756995e+00	
2.500000e-01	3.000000e-01	0.000000e+00	0.000000e+00	0.000000e+00	0.000000e+00	1.745382e-05	4.135752e+00	
3.000000e-01	3.500000e-01	0.000000e+00	0.000000e+00	0.000000e+00	0.000000e+00	8.642174e-06	6.140949e+00	
3.500000e-01	4.000000e-01	0.000000e+00	0.000000e+00	0.000000e+00	0.000000e+00	7.291973e-05	4.624659e+00	
4.000000e-01	4.500000e-01	0.000000e+00	0.000000e+00	0.000000e+00	0.000000e+00	1.880269e-02	4.870509e-05	
4.500000e-01	5.000000e-01	0.000000e+00	0.000000e+00	0.000000e+00	0.000000e+00	0.000000e+00	4.296056e-01	
5.000000e-01	5.500000e-01	0.000000e+00	0.000000e+00	0.000000e+00	0.000000e+00	0.000000e+00	1.897944e-02	
5.500000e-01	6.000000e-01	0.000000e+00	0.000000e+00	0.000000e+00	0.000000e+00	0.000000e+00	0.000000e+00	
6.000000e-01	6.500000e-01	0.000000e+00	0.000000e+00	0.000000e+00	0.000000e+00	0.000000e+00	0.000000e+00	
6.500000e-01	7.000000e-01	0.000000e+00	0.000000e+00	0.000000e+00	0.000000e+00	0.000000e+00	0.000000e+00	
7.000000e-01	7.500000e-01	0.000000e+00	0.000000e+00	0.000000e+00	0.000000e+00	0.000000e+00	0.000000e+00	
7.500000e-01	8.000000e-01	0.000000e+00	0.000000e+00	0.000000e+00	0.000000e+00	0.000000e+00	0.000000e+00	
8.000000e-01	8.500000e-01	0.000000e+00	0.000000e+00	0.000000e+00	0.000000e+00	0.000000e+00	0.000000e+00	
8.500000e-01	9.000000e-01	0.000000e+00	0.000000e+00	0.000000e+00	0.000000e+00	0.000000e+00	0.000000e+00	
9.000000e-01	9.500000e-01	0.000000e+00	0.000000e+00	0.000000e+00	0.000000e+00	0.000000e+00	0.000000e+00	
9.500000e-01	1.000000e+00	0.000000e+00	0.000000e+00	0.000000e+00	0.000000e+00	0.000000e+00	0.000000e+00	
