# bin_edge_left	bin_edge_right	dN/d[fe/H]	dN/d[o/H]	dN/d[mg/H]	dN/d[o/fe]	dN/d[mg/fe]	dN/d[mg/o]	
-3.000000e+00	-2.950000e+00	0.000000e+00	0.000000e+00	0.000000e+00	0.000000e+00	0.000000e+00	0.000000e+00	
-2.950000e+00	-2.900000e+00	0.000000e+00	0.000000e+00	0.000000e+00	0.000000e+00	0.000000e+00	0.000000e+00	
-2.900000e+00	-2.850000e+00	0.000000e+00	0.000000e+00	0.000000e+00	0.000000e+00	0.000000e+00	0.000000e+00	
-2.850000e+00	-2.800000e+00	0.000000e+00	0.000000e+00	0.000000e+00	0.000000e+00	0.000000e+00	0.000000e+00	
-2.800000e+00	-2.750000e+00	0.000000e+00	0.000000e+00	3.557860e-05	0.000000e+00	0.000000e+00	0.000000e+00	
-2.750000e+00	-2.700000e+00	0.000000e+00	0.000000e+00	0.000000e+00	0.000000e+00	0.000000e+00	0.000000e+00	
-2.700000e+00	-2.650000e+00	0.000000e+00	0.000000e+00	0.000000e+00	0.000000e+00	0.000000e+00	0.000000e+00	
-2.650000e+00	-2.600000e+00	0.000000e+00	0.000000e+00	0.000000e+00	0.000000e+00	0.000000e+00	0.000000e+00	
-2.600000e+00	-2.550000e+00	3.557860e-05	0.000000e+00	7.104468e-05	0.000000e+00	0.000000e+00	0.000000e+00	
-2.550000e+00	-2.500000e+00	0.000000e+00	0.000000e+00	0.000000e+00	0.000000e+00	0.000000e+00	0.000000e+00	
-2.500000e+00	-2.450000e+00	0.000000e+00	0.000000e+00	1.063986e-04	0.000000e+00	0.000000e+00	0.000000e+00	
-2.450000e+00	-2.400000e+00	0.000000e+00	0.000000e+00	0.000000e+00	0.000000e+00	0.000000e+00	0.000000e+00	
-2.400000e+00	-2.350000e+00	7.104468e-05	0.000000e+00	1.416406e-04	0.000000e+00	0.000000e+00	0.000000e+00	
-2.350000e+00	-2.300000e+00	0.000000e+00	0.000000e+00	0.000000e+00	0.000000e+00	0.000000e+00	0.000000e+00	
-2.300000e+00	-2.250000e+00	1.063986e-04	0.000000e+00	1.767710e-04	0.000000e+00	0.000000e+00	0.000000e+00	
-2.250000e+00	-2.200000e+00	0.000000e+00	0.000000e+00	2.117902e-04	0.000000e+00	0.000000e+00	0.000000e+00	
-2.200000e+00	-2.150000e+00	1.416406e-04	3.557860e-05	2.466985e-04	0.000000e+00	0.000000e+00	0.000000e+00	
-2.150000e+00	-2.100000e+00	0.000000e+00	0.000000e+00	2.814962e-04	0.000000e+00	0.000000e+00	0.000000e+00	
-2.100000e+00	-2.050000e+00	1.767710e-04	0.000000e+00	3.161836e-04	0.000000e+00	0.000000e+00	0.000000e+00	
-2.050000e+00	-2.000000e+00	2.117902e-04	7.104468e-05	3.507611e-04	0.000000e+00	0.000000e+00	0.000000e+00	
-2.000000e+00	-1.950000e+00	2.466985e-04	0.000000e+00	8.048161e-04	0.000000e+00	0.000000e+00	0.000000e+00	
-1.950000e+00	-1.900000e+00	2.814962e-04	0.000000e+00	4.538367e-04	0.000000e+00	0.000000e+00	0.000000e+00	
-1.900000e+00	-1.850000e+00	3.161836e-04	1.063986e-04	1.009987e-03	0.000000e+00	0.000000e+00	0.000000e+00	
-1.850000e+00	-1.800000e+00	7.359899e-04	0.000000e+00	1.145684e-03	0.000000e+00	0.000000e+00	0.000000e+00	
-1.800000e+00	-1.750000e+00	4.195873e-04	1.416406e-04	1.971077e-03	0.000000e+00	0.000000e+00	0.000000e+00	
-1.750000e+00	-1.700000e+00	9.418141e-04	1.767710e-04	1.481171e-03	0.000000e+00	0.000000e+00	0.000000e+00	
-1.700000e+00	-1.650000e+00	1.077944e-03	0.000000e+00	2.470315e-03	0.000000e+00	0.000000e+00	0.000000e+00	
-1.650000e+00	-1.600000e+00	1.213210e-03	2.117902e-04	3.753311e-03	0.000000e+00	0.000000e+00	0.000000e+00	
-1.600000e+00	-1.550000e+00	1.347617e-03	2.466985e-04	4.272406e-03	0.000000e+00	0.000000e+00	0.000000e+00	
-1.550000e+00	-1.500000e+00	2.271574e-03	2.814962e-04	4.784903e-03	0.000000e+00	0.000000e+00	0.000000e+00	
-1.500000e+00	-1.450000e+00	2.569211e-03	6.669447e-04	8.124040e-03	0.000000e+00	0.000000e+00	0.000000e+00	
-1.450000e+00	-1.400000e+00	2.864012e-03	3.852288e-04	7.624024e-03	0.000000e+00	0.000000e+00	0.000000e+00	
-1.400000e+00	-1.350000e+00	4.272406e-03	8.734240e-04	1.195301e-02	0.000000e+00	0.000000e+00	0.000000e+00	
-1.350000e+00	-1.300000e+00	4.784903e-03	4.879774e-04	1.544946e-02	0.000000e+00	0.000000e+00	0.000000e+00	
-1.300000e+00	-1.250000e+00	5.290878e-03	1.077944e-03	1.960333e-02	0.000000e+00	0.000000e+00	0.000000e+00	
-1.250000e+00	-1.200000e+00	8.870935e-03	1.870271e-03	2.446242e-02	0.000000e+00	0.000000e+00	0.000000e+00	
-1.200000e+00	-1.150000e+00	8.235532e-03	1.414501e-03	3.587646e-02	0.000000e+00	0.000000e+00	0.000000e+00	
-1.150000e+00	-1.100000e+00	1.279275e-02	2.371103e-03	4.358512e-02	0.000000e+00	0.000000e+00	0.000000e+00	
-1.100000e+00	-1.050000e+00	1.423648e-02	2.667792e-03	5.950049e-02	0.000000e+00	0.000000e+00	0.000000e+00	
-1.050000e+00	-1.000000e+00	1.799669e-02	4.013688e-03	7.873042e-02	0.000000e+00	0.000000e+00	0.000000e+00	
-1.000000e+00	-9.500000e-01	2.239114e-02	4.529475e-03	1.108035e-01	0.000000e+00	0.000000e+00	0.000000e+00	
-9.500000e-01	-9.000000e-01	2.746582e-02	6.377182e-03	1.549570e-01	0.000000e+00	0.000000e+00	0.000000e+00	
-9.000000e-01	-8.500000e-01	3.643410e-02	8.685109e-03	2.137869e-01	0.000000e+00	0.000000e+00	0.000000e+00	
-8.500000e-01	-8.000000e-01	4.358795e-02	9.791159e-03	3.094908e-01	0.000000e+00	0.000000e+00	0.000000e+00	
-8.000000e-01	-7.500000e-01	5.538654e-02	1.473890e-02	4.745425e-01	0.000000e+00	0.000000e+00	0.000000e+00	
-7.500000e-01	-7.000000e-01	6.904809e-02	1.661853e-02	7.595055e-01	0.000000e+00	0.000000e+00	0.000000e+00	
-7.000000e-01	-6.500000e-01	8.929165e-02	2.334336e-02	1.364760e+00	0.000000e+00	0.000000e+00	0.000000e+00	
-6.500000e-01	-6.000000e-01	1.127550e-01	3.166138e-02	3.063342e+00	0.000000e+00	0.000000e+00	0.000000e+00	
-6.000000e-01	-5.500000e-01	1.450619e-01	3.862490e-02	1.321982e+01	0.000000e+00	0.000000e+00	2.000000e+01	
-5.500000e-01	-5.000000e-01	1.880875e-01	5.344317e-02	0.000000e+00	0.000000e+00	7.035403e+00	0.000000e+00	
-5.000000e-01	-4.500000e-01	2.503736e-01	7.149253e-02	0.000000e+00	0.000000e+00	6.335352e+00	0.000000e+00	
-4.500000e-01	-4.000000e-01	3.285378e-01	9.748259e-02	0.000000e+00	0.000000e+00	3.680134e+00	0.000000e+00	
-4.000000e-01	-3.500000e-01	4.549766e-01	1.386900e-01	0.000000e+00	0.000000e+00	1.784086e+00	0.000000e+00	
-3.500000e-01	-3.000000e-01	6.215187e-01	1.886286e-01	0.000000e+00	0.000000e+00	7.530213e-01	0.000000e+00	
-3.000000e-01	-2.500000e-01	8.822023e-01	2.790601e-01	0.000000e+00	0.000000e+00	2.901458e-01	0.000000e+00	
-2.500000e-01	-2.000000e-01	1.296165e+00	4.090484e-01	0.000000e+00	0.000000e+00	1.058096e-01	0.000000e+00	
-2.000000e-01	-1.500000e-01	1.989939e+00	6.567292e-01	0.000000e+00	0.000000e+00	1.604826e-02	0.000000e+00	
-1.500000e-01	-1.000000e-01	3.183341e+00	1.147262e+00	0.000000e+00	0.000000e+00	0.000000e+00	0.000000e+00	
-1.000000e-01	-5.000000e-02	5.126000e+00	2.404754e+00	0.000000e+00	0.000000e+00	0.000000e+00	0.000000e+00	
-5.000000e-02	0.000000e+00	4.985927e+00	1.053992e+01	0.000000e+00	0.000000e+00	0.000000e+00	0.000000e+00	
0.000000e+00	5.000000e-02	0.000000e+00	3.842022e+00	0.000000e+00	5.280742e+00	0.000000e+00	0.000000e+00	
5.000000e-02	1.000000e-01	0.000000e+00	0.000000e+00	0.000000e+00	6.748793e+00	0.000000e+00	0.000000e+00	
1.000000e-01	1.500000e-01	0.000000e+00	0.000000e+00	0.000000e+00	4.180759e+00	0.000000e+00	0.000000e+00	
1.500000e-01	2.000000e-01	0.000000e+00	0.000000e+00	0.000000e+00	2.189661e+00	0.000000e+00	0.000000e+00	
2.000000e-01	2.500000e-01	0.000000e+00	0.000000e+00	0.000000e+00	9.893307e-01	0.000000e+00	0.000000e+00	
2.500000e-01	3.000000e-01	0.000000e+00	0.000000e+00	0.000000e+00	4.099661e-01	0.000000e+00	0.000000e+00	
3.000000e-01	3.500000e-01	0.000000e+00	0.000000e+00	0.000000e+00	1.542663e-01	0.000000e+00	0.000000e+00	
3.500000e-01	4.000000e-01	0.000000e+00	0.000000e+00	0.000000e+00	4.648322e-02	0.000000e+00	0.000000e+00	
4.000000e-01	4.500000e-01	0.000000e+00	0.000000e+00	0.000000e+00	0.000000e+00	0.000000e+00	0.000000e+00	
4.500000e-01	5.000000e-01	0.000000e+00	0.000000e+00	0.000000e+00	0.000000e+00	0.000000e+00	0.000000e+00	
5.000000e-01	5.500000e-01	0.000000e+00	0.000000e+00	0.000000e+00	0.000000e+00	0.000000e+00	0.000000e+00	
5.500000e-01	6.000000e-01	0.000000e+00	0.000000e+00	0.000000e+00	0.000000e+00	0.000000e+00	0.000000e+00	
6.000000e-01	6.500000e-01	0.000000e+00	0.000000e+00	0.000000e+00	0.000000e+00	0.000000e+00	0.000000e+00	
6.500000e-01	7.000000e-01	0.000000e+00	0.000000e+00	0.000000e+00	0.000000e+00	0.000000e+00	0.000000e+00	
7.000000e-01	7.500000e-01	0.000000e+00	0.000000e+00	0.000000e+00	0.000000e+00	0.000000e+00	0.000000e+00	
7.500000e-01	8.000000e-01	0.000000e+00	0.000000e+00	0.000000e+00	0.000000e+00	0.000000e+00	0.000000e+00	
8.000000e-01	8.500000e-01	0.000000e+00	0.000000e+00	0.000000e+00	0.000000e+00	0.000000e+00	0.000000e+00	
8.500000e-01	9.000000e-01	0.000000e+00	0.000000e+00	0.000000e+00	0.000000e+00	0.000000e+00	0.000000e+00	
9.000000e-01	9.500000e-01	0.000000e+00	0.000000e+00	0.000000e+00	0.000000e+00	0.000000e+00	0.000000e+00	
9.500000e-01	1.000000e+00	0.000000e+00	0.000000e+00	0.000000e+00	0.000000e+00	0.000000e+00	0.000000e+00	
