# bin_edge_left	bin_edge_right	dN/d[o/H]	dN/d[fe/H]	dN/d[fe/o]	
-3.000000e+00	-2.950000e+00	0.000000e+00	0.000000e+00	0.000000e+00	
-2.950000e+00	-2.900000e+00	0.000000e+00	0.000000e+00	0.000000e+00	
-2.900000e+00	-2.850000e+00	0.000000e+00	0.000000e+00	0.000000e+00	
-2.850000e+00	-2.800000e+00	0.000000e+00	0.000000e+00	0.000000e+00	
-2.800000e+00	-2.750000e+00	0.000000e+00	0.000000e+00	0.000000e+00	
-2.750000e+00	-2.700000e+00	0.000000e+00	0.000000e+00	0.000000e+00	
-2.700000e+00	-2.650000e+00	0.000000e+00	0.000000e+00	0.000000e+00	
-2.650000e+00	-2.600000e+00	0.000000e+00	0.000000e+00	0.000000e+00	
-2.600000e+00	-2.550000e+00	0.000000e+00	0.000000e+00	0.000000e+00	
-2.550000e+00	-2.500000e+00	0.000000e+00	0.000000e+00	0.000000e+00	
-2.500000e+00	-2.450000e+00	0.000000e+00	0.000000e+00	0.000000e+00	
-2.450000e+00	-2.400000e+00	0.000000e+00	0.000000e+00	0.000000e+00	
-2.400000e+00	-2.350000e+00	0.000000e+00	0.000000e+00	0.000000e+00	
-2.350000e+00	-2.300000e+00	0.000000e+00	1.540890e-02	0.000000e+00	
-2.300000e+00	-2.250000e+00	0.000000e+00	0.000000e+00	0.000000e+00	
-2.250000e+00	-2.200000e+00	0.000000e+00	0.000000e+00	0.000000e+00	
-2.200000e+00	-2.150000e+00	0.000000e+00	0.000000e+00	0.000000e+00	
-2.150000e+00	-2.100000e+00	0.000000e+00	0.000000e+00	0.000000e+00	
-2.100000e+00	-2.050000e+00	0.000000e+00	0.000000e+00	0.000000e+00	
-2.050000e+00	-2.000000e+00	0.000000e+00	1.539035e-02	0.000000e+00	
-2.000000e+00	-1.950000e+00	0.000000e+00	0.000000e+00	0.000000e+00	
-1.950000e+00	-1.900000e+00	0.000000e+00	0.000000e+00	0.000000e+00	
-1.900000e+00	-1.850000e+00	1.540890e-02	1.537306e-02	0.000000e+00	
-1.850000e+00	-1.800000e+00	0.000000e+00	0.000000e+00	0.000000e+00	
-1.800000e+00	-1.750000e+00	0.000000e+00	0.000000e+00	0.000000e+00	
-1.750000e+00	-1.700000e+00	0.000000e+00	1.535675e-02	0.000000e+00	
-1.700000e+00	-1.650000e+00	0.000000e+00	1.534125e-02	0.000000e+00	
-1.650000e+00	-1.600000e+00	0.000000e+00	0.000000e+00	0.000000e+00	
-1.600000e+00	-1.550000e+00	1.539035e-02	1.532645e-02	0.000000e+00	
-1.550000e+00	-1.500000e+00	0.000000e+00	1.531228e-02	0.000000e+00	
-1.500000e+00	-1.450000e+00	0.000000e+00	1.529868e-02	0.000000e+00	
-1.450000e+00	-1.400000e+00	1.537306e-02	1.528559e-02	0.000000e+00	
-1.400000e+00	-1.350000e+00	0.000000e+00	1.527298e-02	0.000000e+00	
-1.350000e+00	-1.300000e+00	0.000000e+00	1.526082e-02	0.000000e+00	
-1.300000e+00	-1.250000e+00	1.535675e-02	3.048682e-02	0.000000e+00	
-1.250000e+00	-1.200000e+00	1.534125e-02	3.044291e-02	0.000000e+00	
-1.200000e+00	-1.150000e+00	0.000000e+00	3.040178e-02	0.000000e+00	
-1.150000e+00	-1.100000e+00	1.532645e-02	4.553102e-02	0.000000e+00	
-1.100000e+00	-1.050000e+00	1.531228e-02	3.030957e-02	0.000000e+00	
-1.050000e+00	-1.000000e+00	1.529868e-02	6.052169e-02	0.000000e+00	
-1.000000e+00	-9.500000e-01	1.528559e-02	6.040394e-02	0.000000e+00	
-9.500000e-01	-9.000000e-01	1.527298e-02	7.535906e-02	0.000000e+00	
-9.000000e-01	-8.500000e-01	1.526082e-02	9.024582e-02	0.000000e+00	
-8.500000e-01	-8.000000e-01	3.048682e-02	1.050726e-01	0.000000e+00	
-8.000000e-01	-7.500000e-01	3.044291e-02	1.348205e-01	0.000000e+00	
-7.500000e-01	-7.000000e-01	3.040178e-02	1.644643e-01	0.000000e+00	
-7.000000e-01	-6.500000e-01	4.553102e-02	2.238878e-01	0.000000e+00	
-6.500000e-01	-6.000000e-01	4.545181e-02	2.981379e-01	0.000000e+00	
-6.000000e-01	-5.500000e-01	4.537945e-02	4.171903e-01	0.000000e+00	
-5.500000e-01	-5.000000e-01	6.040394e-02	5.665531e-01	0.000000e+00	
-5.000000e-01	-4.500000e-01	7.535906e-02	6.870450e-01	2.447627e-01	
-4.500000e-01	-4.000000e-01	9.024582e-02	7.785348e-01	1.825456e+00	
-4.000000e-01	-3.500000e-01	1.200666e-01	8.405452e-01	1.104428e+00	
-3.500000e-01	-3.000000e-01	1.497520e-01	9.479148e-01	9.583341e-01	
-3.000000e-01	-2.500000e-01	2.092080e-01	1.116038e+00	9.461243e-01	
-2.500000e-01	-2.000000e-01	2.983227e-01	1.572366e+00	1.023839e+00	
-2.000000e-01	-1.500000e-01	5.066217e-01	4.706124e+00	1.267842e+00	
-1.500000e-01	-1.000000e-01	1.462763e+00	6.818976e+00	2.043276e+00	
-1.000000e-01	-5.000000e-02	1.663094e+01	0.000000e+00	1.058594e+01	
-5.000000e-02	0.000000e+00	0.000000e+00	0.000000e+00	0.000000e+00	
0.000000e+00	5.000000e-02	0.000000e+00	0.000000e+00	0.000000e+00	
5.000000e-02	1.000000e-01	0.000000e+00	0.000000e+00	0.000000e+00	
1.000000e-01	1.500000e-01	0.000000e+00	0.000000e+00	0.000000e+00	
1.500000e-01	2.000000e-01	0.000000e+00	0.000000e+00	0.000000e+00	
2.000000e-01	2.500000e-01	0.000000e+00	0.000000e+00	0.000000e+00	
2.500000e-01	3.000000e-01	0.000000e+00	0.000000e+00	0.000000e+00	
3.000000e-01	3.500000e-01	0.000000e+00	0.000000e+00	0.000000e+00	
3.500000e-01	4.000000e-01	0.000000e+00	0.000000e+00	0.000000e+00	
4.000000e-01	4.500000e-01	0.000000e+00	0.000000e+00	0.000000e+00	
4.500000e-01	5.000000e-01	0.000000e+00	0.000000e+00	0.000000e+00	
5.000000e-01	5.500000e-01	0.000000e+00	0.000000e+00	0.000000e+00	
5.500000e-01	6.000000e-01	0.000000e+00	0.000000e+00	0.000000e+00	
6.000000e-01	6.500000e-01	0.000000e+00	0.000000e+00	0.000000e+00	
6.500000e-01	7.000000e-01	0.000000e+00	0.000000e+00	0.000000e+00	
7.000000e-01	7.500000e-01	0.000000e+00	0.000000e+00	0.000000e+00	
7.500000e-01	8.000000e-01	0.000000e+00	0.000000e+00	0.000000e+00	
8.000000e-01	8.500000e-01	0.000000e+00	0.000000e+00	0.000000e+00	
8.500000e-01	9.000000e-01	0.000000e+00	0.000000e+00	0.000000e+00	
9.000000e-01	9.500000e-01	0.000000e+00	0.000000e+00	0.000000e+00	
9.500000e-01	1.000000e+00	0.000000e+00	0.000000e+00	0.000000e+00	
