# bin_edge_left	bin_edge_right	dN/d[fe/H]	dN/d[sr/H]	dN/d[o/H]	dN/d[sr/fe]	dN/d[o/fe]	dN/d[o/sr]	
-3.000000e+00	-2.950000e+00	0.000000e+00	0.000000e+00	0.000000e+00	3.010624e+00	3.010624e+00	3.010624e+00	
-2.950000e+00	-2.900000e+00	0.000000e+00	0.000000e+00	0.000000e+00	0.000000e+00	0.000000e+00	0.000000e+00	
-2.900000e+00	-2.850000e+00	0.000000e+00	0.000000e+00	0.000000e+00	0.000000e+00	0.000000e+00	0.000000e+00	
-2.850000e+00	-2.800000e+00	0.000000e+00	0.000000e+00	0.000000e+00	0.000000e+00	0.000000e+00	0.000000e+00	
-2.800000e+00	-2.750000e+00	0.000000e+00	0.000000e+00	0.000000e+00	0.000000e+00	0.000000e+00	0.000000e+00	
-2.750000e+00	-2.700000e+00	0.000000e+00	0.000000e+00	0.000000e+00	0.000000e+00	0.000000e+00	0.000000e+00	
-2.700000e+00	-2.650000e+00	0.000000e+00	0.000000e+00	0.000000e+00	0.000000e+00	0.000000e+00	0.000000e+00	
-2.650000e+00	-2.600000e+00	0.000000e+00	0.000000e+00	0.000000e+00	0.000000e+00	0.000000e+00	0.000000e+00	
-2.600000e+00	-2.550000e+00	0.000000e+00	0.000000e+00	0.000000e+00	0.000000e+00	0.000000e+00	0.000000e+00	
-2.550000e+00	-2.500000e+00	0.000000e+00	0.000000e+00	0.000000e+00	0.000000e+00	0.000000e+00	0.000000e+00	
-2.500000e+00	-2.450000e+00	0.000000e+00	0.000000e+00	0.000000e+00	0.000000e+00	0.000000e+00	0.000000e+00	
-2.450000e+00	-2.400000e+00	0.000000e+00	0.000000e+00	0.000000e+00	0.000000e+00	0.000000e+00	0.000000e+00	
-2.400000e+00	-2.350000e+00	0.000000e+00	0.000000e+00	0.000000e+00	0.000000e+00	0.000000e+00	0.000000e+00	
-2.350000e+00	-2.300000e+00	0.000000e+00	0.000000e+00	0.000000e+00	0.000000e+00	0.000000e+00	0.000000e+00	
-2.300000e+00	-2.250000e+00	0.000000e+00	0.000000e+00	0.000000e+00	0.000000e+00	0.000000e+00	0.000000e+00	
-2.250000e+00	-2.200000e+00	0.000000e+00	0.000000e+00	0.000000e+00	0.000000e+00	0.000000e+00	0.000000e+00	
-2.200000e+00	-2.150000e+00	0.000000e+00	0.000000e+00	0.000000e+00	0.000000e+00	0.000000e+00	0.000000e+00	
-2.150000e+00	-2.100000e+00	0.000000e+00	0.000000e+00	0.000000e+00	0.000000e+00	0.000000e+00	0.000000e+00	
-2.100000e+00	-2.050000e+00	0.000000e+00	0.000000e+00	0.000000e+00	0.000000e+00	0.000000e+00	0.000000e+00	
-2.050000e+00	-2.000000e+00	0.000000e+00	0.000000e+00	0.000000e+00	0.000000e+00	0.000000e+00	0.000000e+00	
-2.000000e+00	-1.950000e+00	0.000000e+00	1.405999e-01	0.000000e+00	0.000000e+00	0.000000e+00	0.000000e+00	
-1.950000e+00	-1.900000e+00	0.000000e+00	0.000000e+00	0.000000e+00	0.000000e+00	0.000000e+00	0.000000e+00	
-1.900000e+00	-1.850000e+00	1.405999e-01	0.000000e+00	0.000000e+00	0.000000e+00	0.000000e+00	0.000000e+00	
-1.850000e+00	-1.800000e+00	0.000000e+00	0.000000e+00	0.000000e+00	0.000000e+00	0.000000e+00	0.000000e+00	
-1.800000e+00	-1.750000e+00	0.000000e+00	0.000000e+00	0.000000e+00	0.000000e+00	0.000000e+00	0.000000e+00	
-1.750000e+00	-1.700000e+00	0.000000e+00	1.400089e-01	0.000000e+00	0.000000e+00	0.000000e+00	0.000000e+00	
-1.700000e+00	-1.650000e+00	0.000000e+00	0.000000e+00	0.000000e+00	0.000000e+00	0.000000e+00	0.000000e+00	
-1.650000e+00	-1.600000e+00	1.400089e-01	0.000000e+00	0.000000e+00	0.000000e+00	0.000000e+00	0.000000e+00	
-1.600000e+00	-1.550000e+00	0.000000e+00	0.000000e+00	0.000000e+00	0.000000e+00	0.000000e+00	0.000000e+00	
-1.550000e+00	-1.500000e+00	0.000000e+00	1.394204e-01	0.000000e+00	0.000000e+00	0.000000e+00	0.000000e+00	
-1.500000e+00	-1.450000e+00	0.000000e+00	0.000000e+00	0.000000e+00	0.000000e+00	0.000000e+00	0.000000e+00	
-1.450000e+00	-1.400000e+00	1.394204e-01	1.388344e-01	1.405999e-01	0.000000e+00	0.000000e+00	0.000000e+00	
-1.400000e+00	-1.350000e+00	0.000000e+00	1.382509e-01	0.000000e+00	0.000000e+00	0.000000e+00	0.000000e+00	
-1.350000e+00	-1.300000e+00	1.388344e-01	0.000000e+00	0.000000e+00	0.000000e+00	0.000000e+00	0.000000e+00	
-1.300000e+00	-1.250000e+00	0.000000e+00	1.376699e-01	0.000000e+00	0.000000e+00	0.000000e+00	0.000000e+00	
-1.250000e+00	-1.200000e+00	1.382509e-01	2.736064e-01	0.000000e+00	0.000000e+00	0.000000e+00	0.000000e+00	
-1.200000e+00	-1.150000e+00	1.376699e-01	1.359415e-01	1.400089e-01	0.000000e+00	0.000000e+00	0.000000e+00	
-1.150000e+00	-1.100000e+00	1.370913e-01	2.701716e-01	0.000000e+00	0.000000e+00	0.000000e+00	0.000000e+00	
-1.100000e+00	-1.050000e+00	1.365151e-01	2.679060e-01	0.000000e+00	0.000000e+00	0.000000e+00	0.000000e+00	
-1.050000e+00	-1.000000e+00	1.359415e-01	2.636887e-01	0.000000e+00	0.000000e+00	0.000000e+00	0.000000e+00	
-1.000000e+00	-9.500000e-01	1.353702e-01	7.464759e-01	1.394204e-01	0.000000e+00	0.000000e+00	0.000000e+00	
-9.500000e-01	-9.000000e-01	2.690364e-01	4.790738e+00	0.000000e+00	0.000000e+00	0.000000e+00	0.000000e+00	
-9.000000e-01	-8.500000e-01	1.336710e-01	0.000000e+00	1.388344e-01	0.000000e+00	0.000000e+00	0.000000e+00	
-8.500000e-01	-8.000000e-01	2.636887e-01	0.000000e+00	1.382509e-01	0.000000e+00	0.000000e+00	0.000000e+00	
-8.000000e-01	-7.500000e-01	0.000000e+00	0.000000e+00	0.000000e+00	0.000000e+00	0.000000e+00	0.000000e+00	
-7.500000e-01	-7.000000e-01	2.617408e-01	0.000000e+00	1.376699e-01	0.000000e+00	0.000000e+00	0.000000e+00	
-7.000000e-01	-6.500000e-01	8.654173e-01	0.000000e+00	2.736064e-01	0.000000e+00	0.000000e+00	0.000000e+00	
-6.500000e-01	-6.000000e-01	1.309482e+00	1.053713e-02	1.359415e-01	0.000000e+00	0.000000e+00	0.000000e+00	
-6.000000e-01	-5.500000e-01	4.613539e-01	8.995419e-03	2.701716e-01	0.000000e+00	0.000000e+00	0.000000e+00	
-5.500000e-01	-5.000000e-01	0.000000e+00	2.910763e-01	2.679060e-01	5.558921e-01	0.000000e+00	0.000000e+00	
-5.000000e-01	-4.500000e-01	1.293649e+00	2.110780e+00	2.636887e-01	1.119059e+00	0.000000e+00	0.000000e+00	
-4.500000e-01	-4.000000e-01	1.345571e+00	2.508602e+00	1.769239e+00	0.000000e+00	0.000000e+00	0.000000e+00	
-4.000000e-01	-3.500000e-01	0.000000e+00	9.637714e-01	3.767974e+00	1.614782e-02	3.605895e-03	0.000000e+00	
-3.500000e-01	-3.000000e-01	0.000000e+00	3.276530e-01	2.865915e-01	1.102608e+00	1.625493e-02	0.000000e+00	
-3.000000e-01	-2.500000e-01	7.871375e-03	1.458373e-01	6.633486e-02	1.684725e+00	6.330178e-02	2.588455e-02	
-2.500000e-01	-2.000000e-01	2.809544e+00	2.162040e-01	1.730143e-01	7.386101e+00	2.424813e-01	1.671024e-01	
-2.000000e-01	-1.500000e-01	3.019071e+00	2.681759e-01	2.614245e+00	1.020788e+00	3.715956e-01	7.265913e-02	
-1.500000e-01	-1.000000e-01	3.314779e-01	3.196920e+00	3.168742e+00	3.403912e+00	4.657062e-01	1.934847e-01	
-1.000000e-01	-5.000000e-02	3.409659e-01	3.986694e-01	2.410496e-01	3.871937e-01	7.470244e-01	1.339664e-01	
-5.000000e-02	0.000000e+00	1.310282e+00	4.491183e-01	1.002578e+00	1.222583e-01	1.529365e+00	2.947854e-02	
0.000000e+00	5.000000e-02	2.260596e+00	3.654183e-01	3.168280e+00	9.779096e-02	3.201024e+00	3.173571e-01	
5.000000e-02	1.000000e-01	3.367678e-01	1.696023e-01	6.569129e-01	8.094072e-02	1.593871e+00	5.194133e-01	
1.000000e-01	1.500000e-01	6.654461e-01	0.000000e+00	3.965700e-01	7.497281e-03	1.278798e+00	2.282185e+00	
1.500000e-01	2.000000e-01	2.129723e-01	4.665456e-02	9.364002e-02	4.462657e-03	0.000000e+00	3.080896e-01	
2.000000e-01	2.500000e-01	6.146836e-02	3.092570e-01	2.518330e-01	0.000000e+00	1.042088e+00	1.497558e+00	
2.500000e-01	3.000000e-01	2.081329e-01	1.362406e-01	8.057920e-02	0.000000e+00	7.079720e-01	6.179390e-01	
3.000000e-01	3.500000e-01	3.070040e-01	0.000000e+00	1.470410e-01	0.000000e+00	4.430032e+00	1.680328e+00	
3.500000e-01	4.000000e-01	5.193332e-02	1.195359e-01	1.646492e-02	0.000000e+00	5.959227e-01	0.000000e+00	
4.000000e-01	4.500000e-01	1.266834e-01	5.452457e-02	3.950916e-02	0.000000e+00	3.472170e-01	0.000000e+00	
4.500000e-01	5.000000e-01	1.895859e-01	7.159347e-02	6.239481e-03	0.000000e+00	3.531163e-01	0.000000e+00	
5.000000e-01	5.500000e-01	9.632727e-02	1.644458e-01	7.062876e-03	0.000000e+00	0.000000e+00	8.016238e+00	
5.500000e-01	6.000000e-01	3.122043e-02	5.064738e-02	0.000000e+00	0.000000e+00	0.000000e+00	1.127692e+00	
6.000000e-01	6.500000e-01	2.005479e-02	1.311006e-02	0.000000e+00	0.000000e+00	0.000000e+00	0.000000e+00	
6.500000e-01	7.000000e-01	1.431193e-02	1.225456e-02	0.000000e+00	0.000000e+00	0.000000e+00	0.000000e+00	
7.000000e-01	7.500000e-01	9.262790e-03	7.062876e-03	0.000000e+00	0.000000e+00	0.000000e+00	0.000000e+00	
7.500000e-01	8.000000e-01	3.867474e-03	0.000000e+00	0.000000e+00	0.000000e+00	0.000000e+00	0.000000e+00	
8.000000e-01	8.500000e-01	1.839437e-03	0.000000e+00	0.000000e+00	0.000000e+00	0.000000e+00	0.000000e+00	
8.500000e-01	9.000000e-01	0.000000e+00	0.000000e+00	0.000000e+00	0.000000e+00	0.000000e+00	0.000000e+00	
9.000000e-01	9.500000e-01	0.000000e+00	0.000000e+00	0.000000e+00	0.000000e+00	0.000000e+00	0.000000e+00	
9.500000e-01	1.000000e+00	0.000000e+00	0.000000e+00	0.000000e+00	0.000000e+00	0.000000e+00	0.000000e+00	
