# bin_edge_left	bin_edge_right	dN/d[fe/H]	dN/d[sr/H]	dN/d[o/H]	dN/d[sr/fe]	dN/d[o/fe]	dN/d[o/sr]	
-3.000000e+00	-2.950000e+00	0.000000e+00	0.000000e+00	0.000000e+00	1.730101e-05	1.730101e-05	1.730101e-05	
-2.950000e+00	-2.900000e+00	0.000000e+00	0.000000e+00	0.000000e+00	0.000000e+00	0.000000e+00	0.000000e+00	
-2.900000e+00	-2.850000e+00	0.000000e+00	0.000000e+00	0.000000e+00	0.000000e+00	0.000000e+00	0.000000e+00	
-2.850000e+00	-2.800000e+00	0.000000e+00	0.000000e+00	0.000000e+00	0.000000e+00	0.000000e+00	0.000000e+00	
-2.800000e+00	-2.750000e+00	0.000000e+00	0.000000e+00	0.000000e+00	0.000000e+00	0.000000e+00	0.000000e+00	
-2.750000e+00	-2.700000e+00	0.000000e+00	9.375288e-05	0.000000e+00	0.000000e+00	0.000000e+00	0.000000e+00	
-2.700000e+00	-2.650000e+00	0.000000e+00	0.000000e+00	0.000000e+00	0.000000e+00	0.000000e+00	0.000000e+00	
-2.650000e+00	-2.600000e+00	9.375288e-05	0.000000e+00	0.000000e+00	0.000000e+00	0.000000e+00	0.000000e+00	
-2.600000e+00	-2.550000e+00	0.000000e+00	0.000000e+00	0.000000e+00	0.000000e+00	0.000000e+00	0.000000e+00	
-2.550000e+00	-2.500000e+00	0.000000e+00	0.000000e+00	0.000000e+00	0.000000e+00	0.000000e+00	0.000000e+00	
-2.500000e+00	-2.450000e+00	0.000000e+00	0.000000e+00	0.000000e+00	0.000000e+00	0.000000e+00	0.000000e+00	
-2.450000e+00	-2.400000e+00	0.000000e+00	0.000000e+00	0.000000e+00	0.000000e+00	0.000000e+00	0.000000e+00	
-2.400000e+00	-2.350000e+00	0.000000e+00	0.000000e+00	0.000000e+00	0.000000e+00	0.000000e+00	0.000000e+00	
-2.350000e+00	-2.300000e+00	0.000000e+00	0.000000e+00	0.000000e+00	0.000000e+00	0.000000e+00	0.000000e+00	
-2.300000e+00	-2.250000e+00	0.000000e+00	0.000000e+00	0.000000e+00	0.000000e+00	0.000000e+00	0.000000e+00	
-2.250000e+00	-2.200000e+00	0.000000e+00	0.000000e+00	0.000000e+00	0.000000e+00	0.000000e+00	0.000000e+00	
-2.200000e+00	-2.150000e+00	0.000000e+00	0.000000e+00	9.375288e-05	0.000000e+00	0.000000e+00	0.000000e+00	
-2.150000e+00	-2.100000e+00	0.000000e+00	0.000000e+00	0.000000e+00	0.000000e+00	0.000000e+00	0.000000e+00	
-2.100000e+00	-2.050000e+00	0.000000e+00	0.000000e+00	0.000000e+00	0.000000e+00	0.000000e+00	0.000000e+00	
-2.050000e+00	-2.000000e+00	0.000000e+00	0.000000e+00	0.000000e+00	0.000000e+00	0.000000e+00	0.000000e+00	
-2.000000e+00	-1.950000e+00	0.000000e+00	0.000000e+00	0.000000e+00	0.000000e+00	0.000000e+00	0.000000e+00	
-1.950000e+00	-1.900000e+00	0.000000e+00	1.121496e-03	0.000000e+00	0.000000e+00	0.000000e+00	0.000000e+00	
-1.900000e+00	-1.850000e+00	0.000000e+00	0.000000e+00	0.000000e+00	0.000000e+00	0.000000e+00	0.000000e+00	
-1.850000e+00	-1.800000e+00	1.121496e-03	0.000000e+00	0.000000e+00	0.000000e+00	0.000000e+00	0.000000e+00	
-1.800000e+00	-1.750000e+00	0.000000e+00	0.000000e+00	0.000000e+00	0.000000e+00	0.000000e+00	0.000000e+00	
-1.750000e+00	-1.700000e+00	0.000000e+00	1.652383e-03	0.000000e+00	0.000000e+00	0.000000e+00	0.000000e+00	
-1.700000e+00	-1.650000e+00	0.000000e+00	0.000000e+00	0.000000e+00	0.000000e+00	0.000000e+00	0.000000e+00	
-1.650000e+00	-1.600000e+00	1.652383e-03	2.153736e-03	0.000000e+00	0.000000e+00	0.000000e+00	0.000000e+00	
-1.600000e+00	-1.550000e+00	0.000000e+00	0.000000e+00	0.000000e+00	0.000000e+00	0.000000e+00	0.000000e+00	
-1.550000e+00	-1.500000e+00	2.153736e-03	2.635152e-03	0.000000e+00	0.000000e+00	0.000000e+00	0.000000e+00	
-1.500000e+00	-1.450000e+00	0.000000e+00	3.097549e-03	0.000000e+00	0.000000e+00	0.000000e+00	0.000000e+00	
-1.450000e+00	-1.400000e+00	2.635152e-03	0.000000e+00	0.000000e+00	0.000000e+00	0.000000e+00	0.000000e+00	
-1.400000e+00	-1.350000e+00	3.097549e-03	4.968754e-03	1.121496e-03	0.000000e+00	0.000000e+00	0.000000e+00	
-1.350000e+00	-1.300000e+00	0.000000e+00	1.279662e-02	0.000000e+00	0.000000e+00	0.000000e+00	0.000000e+00	
-1.300000e+00	-1.250000e+00	4.968754e-03	8.217125e-03	0.000000e+00	0.000000e+00	0.000000e+00	0.000000e+00	
-1.250000e+00	-1.200000e+00	1.279662e-02	1.142928e-02	0.000000e+00	0.000000e+00	0.000000e+00	0.000000e+00	
-1.200000e+00	-1.150000e+00	8.217125e-03	2.016460e-02	1.652383e-03	0.000000e+00	0.000000e+00	0.000000e+00	
-1.150000e+00	-1.100000e+00	1.142928e-02	3.456378e-02	0.000000e+00	0.000000e+00	0.000000e+00	0.000000e+00	
-1.100000e+00	-1.050000e+00	2.016460e-02	2.474308e-02	2.153736e-03	0.000000e+00	0.000000e+00	0.000000e+00	
-1.050000e+00	-1.000000e+00	2.556966e-02	5.330659e-02	0.000000e+00	0.000000e+00	0.000000e+00	0.000000e+00	
-1.000000e+00	-9.500000e-01	3.373720e-02	2.907485e-01	2.635152e-03	0.000000e+00	0.000000e+00	0.000000e+00	
-9.500000e-01	-9.000000e-01	5.330659e-02	6.076337e-02	3.097549e-03	0.000000e+00	0.000000e+00	0.000000e+00	
-9.000000e-01	-8.500000e-01	2.605524e-01	6.804294e-02	0.000000e+00	0.000000e+00	0.000000e+00	0.000000e+00	
-8.500000e-01	-8.000000e-01	1.913727e-01	3.557067e-01	4.968754e-03	0.000000e+00	0.000000e+00	0.000000e+00	
-8.000000e-01	-7.500000e-01	2.461091e-01	1.710490e-01	1.279662e-02	0.000000e+00	0.000000e+00	0.000000e+00	
-7.500000e-01	-7.000000e-01	4.140929e-01	5.302802e-01	8.217125e-03	0.000000e+00	0.000000e+00	0.000000e+00	
-7.000000e-01	-6.500000e-01	2.732044e-01	7.833329e-01	1.142928e-02	0.000000e+00	0.000000e+00	0.000000e+00	
-6.500000e-01	-6.000000e-01	8.816835e-01	5.464803e-01	2.016460e-02	0.000000e+00	0.000000e+00	0.000000e+00	
-6.000000e-01	-5.500000e-01	2.632599e-01	8.803895e-01	3.456378e-02	0.000000e+00	0.000000e+00	0.000000e+00	
-5.500000e-01	-5.000000e-01	2.565945e-01	2.207945e-01	2.839180e-01	0.000000e+00	0.000000e+00	0.000000e+00	
-5.000000e-01	-4.500000e-01	3.282929e-01	2.174518e-01	4.586901e-02	0.000000e+00	0.000000e+00	0.000000e+00	
-4.500000e-01	-4.000000e-01	1.429175e+00	1.921514e-01	4.054699e-01	0.000000e+00	0.000000e+00	0.000000e+00	
-4.000000e-01	-3.500000e-01	8.706384e-01	7.097327e-01	4.069079e-02	0.000000e+00	0.000000e+00	0.000000e+00	
-3.500000e-01	-3.000000e-01	4.243748e-01	4.699446e-01	8.853579e-01	0.000000e+00	0.000000e+00	0.000000e+00	
-3.000000e-01	-2.500000e-01	6.840852e-01	1.538946e-01	8.611108e-02	0.000000e+00	0.000000e+00	0.000000e+00	
-2.500000e-01	-2.000000e-01	7.704128e-01	2.367825e-01	1.173353e+00	2.424410e-01	0.000000e+00	0.000000e+00	
-2.000000e-01	-1.500000e-01	6.971990e-01	2.945669e-01	4.707475e-01	6.726728e-01	0.000000e+00	0.000000e+00	
-1.500000e-01	-1.000000e-01	5.565773e-01	4.845718e-01	1.710647e-01	3.213435e-01	0.000000e+00	0.000000e+00	
-1.000000e-01	-5.000000e-02	4.987013e-01	6.786860e-01	3.416150e-01	1.923704e+00	0.000000e+00	2.141174e+00	
-5.000000e-02	0.000000e+00	7.279339e-01	4.932621e-01	9.869684e-01	8.913644e-01	0.000000e+00	3.779971e+00	
0.000000e+00	5.000000e-02	5.018415e-01	4.009599e-01	5.486867e-01	2.921739e+00	5.979726e+00	3.139930e+00	
5.000000e-02	1.000000e-01	4.611620e-01	5.599991e-01	7.018267e-01	6.803221e+00	1.455433e+00	1.371705e+00	
1.000000e-01	1.500000e-01	4.071219e-01	7.086213e-01	1.129522e+00	2.607690e+00	1.191787e+00	1.482083e+00	
1.500000e-01	2.000000e-01	4.029700e-01	5.028273e-01	1.137093e+00	2.789869e+00	1.282818e+00	5.467171e-01	
2.000000e-01	2.500000e-01	4.881882e-01	5.698945e-01	9.443697e-01	8.259382e-01	8.038087e-01	6.589737e-01	
2.500000e-01	3.000000e-01	9.565947e-01	1.112724e+00	1.370996e+00	0.000000e+00	1.343189e+00	7.446531e-01	
3.000000e-01	3.500000e-01	1.682683e+00	8.815599e-01	1.183298e+00	0.000000e+00	1.737858e+00	2.149080e+00	
3.500000e-01	4.000000e-01	1.974915e+00	1.923804e+00	2.409503e+00	0.000000e+00	2.471893e+00	1.118877e+00	
4.000000e-01	4.500000e-01	3.169320e+00	1.122994e+00	4.182069e+00	0.000000e+00	3.717748e+00	7.250056e-01	
4.500000e-01	5.000000e-01	0.000000e+00	2.553715e+00	1.398577e+00	0.000000e+00	1.572281e-02	8.647222e-01	
5.000000e-01	5.500000e-01	0.000000e+00	1.628330e+00	0.000000e+00	0.000000e+00	0.000000e+00	1.269433e+00	
5.500000e-01	6.000000e-01	0.000000e+00	1.499516e-02	0.000000e+00	0.000000e+00	0.000000e+00	7.656513e-03	
6.000000e-01	6.500000e-01	0.000000e+00	0.000000e+00	0.000000e+00	0.000000e+00	0.000000e+00	0.000000e+00	
6.500000e-01	7.000000e-01	0.000000e+00	0.000000e+00	0.000000e+00	0.000000e+00	0.000000e+00	0.000000e+00	
7.000000e-01	7.500000e-01	0.000000e+00	0.000000e+00	0.000000e+00	0.000000e+00	0.000000e+00	0.000000e+00	
7.500000e-01	8.000000e-01	0.000000e+00	0.000000e+00	0.000000e+00	0.000000e+00	0.000000e+00	0.000000e+00	
8.000000e-01	8.500000e-01	0.000000e+00	0.000000e+00	0.000000e+00	0.000000e+00	0.000000e+00	0.000000e+00	
8.500000e-01	9.000000e-01	0.000000e+00	0.000000e+00	0.000000e+00	0.000000e+00	0.000000e+00	0.000000e+00	
9.000000e-01	9.500000e-01	0.000000e+00	0.000000e+00	0.000000e+00	0.000000e+00	0.000000e+00	0.000000e+00	
9.500000e-01	1.000000e+00	0.000000e+00	0.000000e+00	0.000000e+00	0.000000e+00	0.000000e+00	0.000000e+00	
