# bin_edge_left	bin_edge_right	dN/d[fe/H]	dN/d[sr/H]	dN/d[o/H]	dN/d[sr/fe]	dN/d[o/fe]	dN/d[o/sr]	
-3.000000e+00	-2.950000e+00	0.000000e+00	0.000000e+00	0.000000e+00	3.519919e-05	3.519919e-05	3.519919e-05	
-2.950000e+00	-2.900000e+00	0.000000e+00	0.000000e+00	0.000000e+00	0.000000e+00	0.000000e+00	0.000000e+00	
-2.900000e+00	-2.850000e+00	0.000000e+00	0.000000e+00	0.000000e+00	0.000000e+00	0.000000e+00	0.000000e+00	
-2.850000e+00	-2.800000e+00	0.000000e+00	0.000000e+00	0.000000e+00	0.000000e+00	0.000000e+00	0.000000e+00	
-2.800000e+00	-2.750000e+00	0.000000e+00	0.000000e+00	0.000000e+00	0.000000e+00	0.000000e+00	0.000000e+00	
-2.750000e+00	-2.700000e+00	0.000000e+00	2.152357e-04	0.000000e+00	0.000000e+00	0.000000e+00	0.000000e+00	
-2.700000e+00	-2.650000e+00	0.000000e+00	0.000000e+00	0.000000e+00	0.000000e+00	0.000000e+00	0.000000e+00	
-2.650000e+00	-2.600000e+00	2.152357e-04	0.000000e+00	0.000000e+00	0.000000e+00	0.000000e+00	0.000000e+00	
-2.600000e+00	-2.550000e+00	0.000000e+00	0.000000e+00	0.000000e+00	0.000000e+00	0.000000e+00	0.000000e+00	
-2.550000e+00	-2.500000e+00	0.000000e+00	0.000000e+00	0.000000e+00	0.000000e+00	0.000000e+00	0.000000e+00	
-2.500000e+00	-2.450000e+00	0.000000e+00	0.000000e+00	0.000000e+00	0.000000e+00	0.000000e+00	0.000000e+00	
-2.450000e+00	-2.400000e+00	0.000000e+00	0.000000e+00	0.000000e+00	0.000000e+00	0.000000e+00	0.000000e+00	
-2.400000e+00	-2.350000e+00	0.000000e+00	0.000000e+00	0.000000e+00	0.000000e+00	0.000000e+00	0.000000e+00	
-2.350000e+00	-2.300000e+00	0.000000e+00	0.000000e+00	0.000000e+00	0.000000e+00	0.000000e+00	0.000000e+00	
-2.300000e+00	-2.250000e+00	0.000000e+00	0.000000e+00	0.000000e+00	0.000000e+00	0.000000e+00	0.000000e+00	
-2.250000e+00	-2.200000e+00	0.000000e+00	0.000000e+00	0.000000e+00	0.000000e+00	0.000000e+00	0.000000e+00	
-2.200000e+00	-2.150000e+00	0.000000e+00	0.000000e+00	2.152357e-04	0.000000e+00	0.000000e+00	0.000000e+00	
-2.150000e+00	-2.100000e+00	0.000000e+00	0.000000e+00	0.000000e+00	0.000000e+00	0.000000e+00	0.000000e+00	
-2.100000e+00	-2.050000e+00	0.000000e+00	0.000000e+00	0.000000e+00	0.000000e+00	0.000000e+00	0.000000e+00	
-2.050000e+00	-2.000000e+00	0.000000e+00	0.000000e+00	0.000000e+00	0.000000e+00	0.000000e+00	0.000000e+00	
-2.000000e+00	-1.950000e+00	0.000000e+00	2.511790e-03	0.000000e+00	0.000000e+00	0.000000e+00	0.000000e+00	
-1.950000e+00	-1.900000e+00	0.000000e+00	0.000000e+00	0.000000e+00	0.000000e+00	0.000000e+00	0.000000e+00	
-1.900000e+00	-1.850000e+00	2.511790e-03	0.000000e+00	0.000000e+00	0.000000e+00	0.000000e+00	0.000000e+00	
-1.850000e+00	-1.800000e+00	0.000000e+00	0.000000e+00	0.000000e+00	0.000000e+00	0.000000e+00	0.000000e+00	
-1.800000e+00	-1.750000e+00	0.000000e+00	3.571333e-03	0.000000e+00	0.000000e+00	0.000000e+00	0.000000e+00	
-1.750000e+00	-1.700000e+00	0.000000e+00	0.000000e+00	0.000000e+00	0.000000e+00	0.000000e+00	0.000000e+00	
-1.700000e+00	-1.650000e+00	3.571333e-03	4.437804e-03	0.000000e+00	0.000000e+00	0.000000e+00	0.000000e+00	
-1.650000e+00	-1.600000e+00	0.000000e+00	0.000000e+00	0.000000e+00	0.000000e+00	0.000000e+00	0.000000e+00	
-1.600000e+00	-1.550000e+00	4.437804e-03	5.199162e-03	0.000000e+00	0.000000e+00	0.000000e+00	0.000000e+00	
-1.550000e+00	-1.500000e+00	0.000000e+00	5.868593e-03	0.000000e+00	0.000000e+00	0.000000e+00	0.000000e+00	
-1.500000e+00	-1.450000e+00	5.199162e-03	6.457582e-03	0.000000e+00	0.000000e+00	0.000000e+00	0.000000e+00	
-1.450000e+00	-1.400000e+00	5.868593e-03	6.976136e-03	2.511790e-03	0.000000e+00	0.000000e+00	0.000000e+00	
-1.400000e+00	-1.350000e+00	6.457582e-03	1.526868e-02	0.000000e+00	0.000000e+00	0.000000e+00	0.000000e+00	
-1.350000e+00	-1.300000e+00	6.976136e-03	1.669555e-02	0.000000e+00	0.000000e+00	0.000000e+00	0.000000e+00	
-1.300000e+00	-1.250000e+00	1.526868e-02	2.661997e-02	0.000000e+00	0.000000e+00	0.000000e+00	0.000000e+00	
-1.250000e+00	-1.200000e+00	1.669555e-02	1.154995e-01	3.571333e-03	0.000000e+00	0.000000e+00	0.000000e+00	
-1.200000e+00	-1.150000e+00	2.661997e-02	1.521586e+00	0.000000e+00	0.000000e+00	0.000000e+00	0.000000e+00	
-1.150000e+00	-1.100000e+00	4.008149e-01	3.882604e-01	4.437804e-03	0.000000e+00	0.000000e+00	0.000000e+00	
-1.100000e+00	-1.050000e+00	2.866274e-01	4.393691e-02	0.000000e+00	0.000000e+00	0.000000e+00	0.000000e+00	
-1.050000e+00	-1.000000e+00	3.678279e-01	8.746486e-02	5.199162e-03	0.000000e+00	0.000000e+00	0.000000e+00	
-1.000000e+00	-9.500000e-01	1.505443e-01	7.516159e-02	5.868593e-03	0.000000e+00	0.000000e+00	0.000000e+00	
-9.500000e-01	-9.000000e-01	1.450789e-01	2.404399e-01	6.457582e-03	0.000000e+00	0.000000e+00	0.000000e+00	
-9.000000e-01	-8.500000e-01	2.038799e-01	5.895372e-01	6.976136e-03	0.000000e+00	0.000000e+00	0.000000e+00	
-8.500000e-01	-8.000000e-01	2.672779e-01	6.640400e-01	1.526868e-02	0.000000e+00	0.000000e+00	0.000000e+00	
-8.000000e-01	-7.500000e-01	2.253688e-01	2.547717e-01	1.669555e-02	0.000000e+00	0.000000e+00	0.000000e+00	
-7.500000e-01	-7.000000e-01	1.792691e-01	1.263691e-02	2.661997e-02	0.000000e+00	0.000000e+00	0.000000e+00	
-7.000000e-01	-6.500000e-01	2.069384e-01	4.401148e-01	1.806546e+00	0.000000e+00	0.000000e+00	0.000000e+00	
-6.500000e-01	-6.000000e-01	1.834729e-01	1.239385e+00	1.983553e-01	0.000000e+00	0.000000e+00	0.000000e+00	
-6.000000e-01	-5.500000e-01	5.365322e-01	1.955062e-01	6.074435e-02	0.000000e+00	0.000000e+00	0.000000e+00	
-5.500000e-01	-5.000000e-01	3.892582e-01	5.765164e-01	4.393691e-02	0.000000e+00	0.000000e+00	0.000000e+00	
-5.000000e-01	-4.500000e-01	3.429228e-01	3.135617e-01	3.287084e-01	2.406926e-01	0.000000e+00	0.000000e+00	
-4.500000e-01	-4.000000e-01	2.345833e-01	8.747915e-01	5.471159e-01	3.623909e-01	0.000000e+00	0.000000e+00	
-4.000000e-01	-3.500000e-01	8.477105e-01	1.783697e+00	1.717033e-01	2.907221e-01	0.000000e+00	0.000000e+00	
-3.500000e-01	-3.000000e-01	1.145510e+00	5.143900e-01	1.650968e+00	1.508949e+00	0.000000e+00	0.000000e+00	
-3.000000e-01	-2.500000e-01	1.237315e+00	2.878979e+00	7.747697e-01	1.896128e+00	0.000000e+00	0.000000e+00	
-2.500000e-01	-2.000000e-01	1.585918e+00	6.410908e-01	1.044558e+00	2.356027e+00	0.000000e+00	0.000000e+00	
-2.000000e-01	-1.500000e-01	9.330492e-01	2.820351e-01	2.660733e+00	2.848429e+00	0.000000e+00	0.000000e+00	
-1.500000e-01	-1.000000e-01	2.300839e+00	2.237680e+00	0.000000e+00	5.156655e+00	6.708509e-01	0.000000e+00	
-1.000000e-01	-5.000000e-02	1.229764e+00	2.346773e+00	3.364470e+00	4.437519e+00	7.062510e-01	0.000000e+00	
-5.000000e-02	0.000000e+00	2.287574e+00	3.479705e-01	2.211646e+00	8.120373e-01	1.372912e+00	0.000000e+00	
0.000000e+00	5.000000e-02	2.408997e+00	5.233680e-01	1.900103e+00	9.041518e-02	6.520785e+00	1.615877e-01	
5.000000e-02	1.000000e-01	9.697094e-01	4.054522e-01	1.847877e+00	0.000000e+00	5.559617e+00	1.504121e+00	
1.000000e-01	1.500000e-01	5.495482e-01	1.109561e-01	5.984241e-01	0.000000e+00	1.123694e+00	4.497874e+00	
1.500000e-01	2.000000e-01	2.231258e-01	1.338537e-01	3.864134e-01	0.000000e+00	1.289365e+00	3.095976e+00	
2.000000e-01	2.500000e-01	5.286345e-02	0.000000e+00	2.423842e-01	0.000000e+00	6.006647e-01	2.881667e+00	
2.500000e-01	3.000000e-01	1.385861e-02	6.672205e-02	5.286345e-02	0.000000e+00	4.532433e-01	1.389371e+00	
3.000000e-01	3.500000e-01	0.000000e+00	0.000000e+00	1.385861e-02	0.000000e+00	2.121497e-01	1.141206e+00	
3.500000e-01	4.000000e-01	0.000000e+00	0.000000e+00	0.000000e+00	0.000000e+00	1.866198e-01	1.451846e+00	
4.000000e-01	4.500000e-01	0.000000e+00	0.000000e+00	0.000000e+00	0.000000e+00	1.236612e+00	1.957685e-01	
4.500000e-01	5.000000e-01	0.000000e+00	0.000000e+00	0.000000e+00	0.000000e+00	6.720170e-02	1.754937e+00	
5.000000e-01	5.500000e-01	0.000000e+00	0.000000e+00	0.000000e+00	0.000000e+00	0.000000e+00	1.909675e+00	
5.500000e-01	6.000000e-01	0.000000e+00	0.000000e+00	0.000000e+00	0.000000e+00	0.000000e+00	1.593528e-02	
6.000000e-01	6.500000e-01	0.000000e+00	0.000000e+00	0.000000e+00	0.000000e+00	0.000000e+00	0.000000e+00	
6.500000e-01	7.000000e-01	0.000000e+00	0.000000e+00	0.000000e+00	0.000000e+00	0.000000e+00	0.000000e+00	
7.000000e-01	7.500000e-01	0.000000e+00	0.000000e+00	0.000000e+00	0.000000e+00	0.000000e+00	0.000000e+00	
7.500000e-01	8.000000e-01	0.000000e+00	0.000000e+00	0.000000e+00	0.000000e+00	0.000000e+00	0.000000e+00	
8.000000e-01	8.500000e-01	0.000000e+00	0.000000e+00	0.000000e+00	0.000000e+00	0.000000e+00	0.000000e+00	
8.500000e-01	9.000000e-01	0.000000e+00	0.000000e+00	0.000000e+00	0.000000e+00	0.000000e+00	0.000000e+00	
9.000000e-01	9.500000e-01	0.000000e+00	0.000000e+00	0.000000e+00	0.000000e+00	0.000000e+00	0.000000e+00	
9.500000e-01	1.000000e+00	0.000000e+00	0.000000e+00	0.000000e+00	0.000000e+00	0.000000e+00	0.000000e+00	
