# COLUMN NUMBERS: 
#	0: time [Gyr]
#	1: mgas [Msun]			ISM gas mass
#	2: mstar [Msun]			Stellar mass
#	3: sfr [Msun/yr]		Star formation rate
#	4: ifr [Msun/yr]		Infall rate
#	5: ofr [Msun/yr]		Outfow rate
#	6: eta_0			Mass-loading factor
#	7: r_eff			Effective recycilng rate
#	8: z_in(fe)			Inflow fe metallicity
#	9: z_in(sr)			Inflow sr metallicity
#	10: z_in(o)			Inflow o metallicity
#	11: z_out(fe)			Outflow fe metallicity
#	12: z_out(sr)			Outflow sr metallicity
#	13: z_out(o)			Outflow o metallicity
#	14: mass(fe) [Msun]		mass of element fe in ISM
#	15: mass(sr) [Msun]		mass of element sr in ISM
#	16: mass(o) [Msun]		mass of element o in ISM
0.000000e+00	1.000000e-12	9.347889e-30	2.493931e-37	4.084070e+01	3.698571e-37	1.483029e+00	2.503490e-01	0.000000e+00	0.000000e+00	0.000000e+00	2.137326e-294	5.343314e-295	8.816468e-294	0.000000e+00	0.000000e+00	0.000000e+00	
5.000000e-02	2.042035e+09	1.156584e+08	3.085659e+00	4.084070e+01	4.576120e+00	1.483029e+00	2.503490e-01	0.000000e+00	0.000000e+00	0.000000e+00	7.442300e-05	8.310568e-10	9.302875e-04	1.519744e+05	1.697047e+00	1.899680e+06	
1.000000e-01	3.739606e+09	3.205357e+08	5.558918e+00	4.084070e+01	8.244035e+00	1.483029e+00	2.628877e-01	0.000000e+00	0.000000e+00	0.000000e+00	1.077013e-04	1.202664e-09	1.346266e-03	4.027604e+05	4.497491e+00	5.034505e+06	
1.500000e-01	5.164562e+09	5.953884e+08	7.556206e+00	4.084070e+01	1.120607e+01	1.483029e+00	2.725114e-01	0.000000e+00	0.000000e+00	0.000000e+00	1.384760e-04	1.550180e-09	1.730918e-03	7.151680e+05	8.005999e+00	8.939436e+06	
2.000000e-01	6.371441e+09	9.423512e+08	9.179647e+00	4.084070e+01	1.361368e+01	1.483029e+00	2.809579e-01	0.000000e+00	0.000000e+00	0.000000e+00	1.668658e-04	1.877044e-09	2.085706e-03	1.063175e+06	1.195947e+01	1.328896e+07	
2.500000e-01	7.402765e+09	1.643626e+09	1.050751e+01	4.084070e+01	1.558294e+01	1.483029e+00	2.992055e-01	0.000000e+00	0.000000e+00	0.000000e+00	1.931567e-04	2.191162e-09	2.412239e-03	1.429894e+06	1.622066e+01	1.785724e+07	
3.000000e-01	8.297473e+09	2.143722e+09	1.160799e+01	4.084070e+01	1.721498e+01	1.483029e+00	3.065456e-01	0.000000e+00	0.000000e+00	0.000000e+00	2.175147e-04	2.517652e-09	2.712035e-03	1.804823e+06	2.089015e+01	2.250304e+07	
3.500000e-01	9.076278e+09	2.661392e+09	1.251993e+01	4.084070e+01	1.856741e+01	1.483029e+00	3.128152e-01	0.000000e+00	0.000000e+00	0.000000e+00	2.401273e-04	2.850855e-09	2.987347e-03	2.179462e+06	2.587515e+01	2.711399e+07	
4.000000e-01	9.759768e+09	3.192130e+09	1.327957e+01	4.084070e+01	1.969398e+01	1.483029e+00	3.182851e-01	0.000000e+00	0.000000e+00	0.000000e+00	2.611221e-04	3.193911e-09	3.239794e-03	2.548491e+06	3.117183e+01	3.161964e+07	
4.500000e-01	1.036446e+10	3.732264e+09	1.391554e+01	4.084070e+01	2.063715e+01	1.483029e+00	3.231264e-01	0.000000e+00	0.000000e+00	0.000000e+00	2.806218e-04	3.544873e-09	3.470994e-03	2.908494e+06	3.674070e+01	3.597498e+07	
5.000000e-01	1.090368e+10	4.279248e+09	1.445061e+01	4.084070e+01	2.143067e+01	1.483029e+00	3.274638e-01	0.000000e+00	0.000000e+00	0.000000e+00	2.987451e-04	3.900480e-09	3.682525e-03	3.257423e+06	4.252961e+01	4.015309e+07	
5.500000e-01	1.138826e+10	4.831174e+09	1.490296e+01	4.084070e+01	2.210152e+01	1.483029e+00	3.313876e-01	0.000000e+00	0.000000e+00	0.000000e+00	3.156057e-04	4.258125e-09	3.875908e-03	3.594199e+06	4.849262e+01	4.413984e+07	
6.000000e-01	1.182700e+10	5.876233e+09	1.528720e+01	4.084070e+01	2.267136e+01	1.483029e+00	3.438681e-01	0.000000e+00	0.000000e+00	0.000000e+00	3.313119e-04	4.629031e-09	4.052607e-03	3.918427e+06	5.474756e+01	4.793019e+07	
6.500000e-01	1.223395e+10	6.429100e+09	1.562382e+01	4.084070e+01	2.317057e+01	1.483029e+00	3.450263e-01	0.000000e+00	0.000000e+00	0.000000e+00	3.463450e-04	5.096888e-09	4.214016e-03	4.237167e+06	6.235507e+01	5.155406e+07	
7.000000e-01	1.260580e+10	6.984730e+09	1.591041e+01	4.084070e+01	2.359559e+01	1.483029e+00	3.467310e-01	0.000000e+00	0.000000e+00	0.000000e+00	3.603834e-04	5.594239e-09	4.361707e-03	4.542919e+06	7.051983e+01	5.498279e+07	
7.500000e-01	1.294836e+10	6.508610e+09	1.615600e+01	4.084070e+01	2.395981e+01	1.483029e+00	3.308952e-01	0.000000e+00	0.000000e+00	0.000000e+00	3.735216e-04	6.123799e-09	4.496757e-03	4.836493e+06	7.929317e+01	5.822564e+07	
8.000000e-01	1.325190e+10	7.626792e+09	1.634998e+01	4.084070e+01	2.424749e+01	1.483029e+00	3.467485e-01	0.000000e+00	0.000000e+00	0.000000e+00	3.854537e-04	6.550214e-09	4.620179e-03	5.107996e+06	8.680282e+01	6.122616e+07	
8.500000e-01	1.354753e+10	7.611292e+09	1.653204e+01	4.084070e+01	2.451749e+01	1.483029e+00	3.359181e-01	0.000000e+00	0.000000e+00	0.000000e+00	3.966815e-04	7.082845e-09	4.732473e-03	5.374056e+06	9.595507e+01	6.411333e+07	
9.000000e-01	1.381476e+10	8.795647e+09	1.667784e+01	4.084070e+01	2.473371e+01	1.483029e+00	3.517666e-01	0.000000e+00	0.000000e+00	0.000000e+00	4.072790e-04	7.575364e-09	4.835020e-03	5.626463e+06	1.046518e+02	6.679465e+07	
9.500000e-01	1.407955e+10	9.341643e+09	1.681952e+01	4.084070e+01	2.494383e+01	1.483029e+00	3.500572e-01	0.000000e+00	0.000000e+00	0.000000e+00	4.173652e-04	8.161712e-09	4.928461e-03	5.876317e+06	1.149133e+02	6.939054e+07	
1.000000e+00	1.432781e+10	9.890257e+09	1.694053e+01	4.084070e+01	2.512330e+01	1.483029e+00	3.499701e-01	0.000000e+00	0.000000e+00	0.000000e+00	4.273362e-04	8.801661e-09	5.014112e-03	6.122792e+06	1.261085e+02	7.184126e+07	
1.050000e+00	1.456309e+10	9.876161e+09	1.704566e+01	4.084070e+01	2.527920e+01	1.483029e+00	3.445028e-01	0.000000e+00	0.000000e+00	0.000000e+00	4.368155e-04	9.444441e-09	5.092512e-03	6.361384e+06	1.375402e+02	7.416271e+07	
1.100000e+00	1.478250e+10	1.105556e+10	1.713200e+01	4.084070e+01	2.540724e+01	1.483029e+00	3.598729e-01	0.000000e+00	0.000000e+00	0.000000e+00	4.454663e-04	9.954704e-09	5.164232e-03	6.585104e+06	1.471554e+02	7.634024e+07	
1.150000e+00	1.500584e+10	1.222704e+10	1.722280e+01	4.084070e+01	2.554191e+01	1.483029e+00	3.712555e-01	0.000000e+00	0.000000e+00	0.000000e+00	4.538123e-04	1.054252e-08	5.229909e-03	6.809833e+06	1.581993e+02	7.847916e+07	
1.200000e+00	1.522934e+10	1.218091e+10	1.731364e+01	4.084070e+01	2.567662e+01	1.483029e+00	3.573191e-01	0.000000e+00	0.000000e+00	0.000000e+00	4.622846e-04	1.124389e-08	5.290645e-03	7.040289e+06	1.712371e+02	8.057302e+07	
1.250000e+00	1.543119e+10	1.273956e+10	1.737992e+01	4.084070e+01	2.577491e+01	1.483029e+00	3.576118e-01	0.000000e+00	0.000000e+00	0.000000e+00	4.704765e-04	1.184770e-08	5.346822e-03	7.260010e+06	1.828240e+02	8.250780e+07	
1.300000e+00	1.562624e+10	1.391074e+10	1.743888e+01	4.084070e+01	2.586235e+01	1.483029e+00	3.716927e-01	0.000000e+00	0.000000e+00	0.000000e+00	4.784048e-04	1.243068e-08	5.398453e-03	7.475669e+06	1.942449e+02	8.435753e+07	
1.350000e+00	1.582731e+10	1.448730e+10	1.750485e+01	4.084070e+01	2.596019e+01	1.483029e+00	3.686623e-01	0.000000e+00	0.000000e+00	0.000000e+00	4.861222e-04	1.306556e-08	5.446103e-03	7.694007e+06	2.067927e+02	8.619717e+07	
1.400000e+00	1.601876e+10	1.563626e+10	1.756050e+01	4.084070e+01	2.604272e+01	1.483029e+00	3.808027e-01	0.000000e+00	0.000000e+00	0.000000e+00	4.940553e-04	1.371548e-08	5.490401e-03	7.914154e+06	2.197051e+02	8.794943e+07	
1.450000e+00	1.621499e+10	1.554661e+10	1.762171e+01	4.084070e+01	2.613350e+01	1.483029e+00	3.667458e-01	0.000000e+00	0.000000e+00	0.000000e+00	5.017872e-04	1.440304e-08	5.531604e-03	8.136475e+06	2.335452e+02	8.969491e+07	
1.500000e+00	1.639240e+10	1.548443e+10	1.766289e+01	4.084070e+01	2.619458e+01	1.483029e+00	3.614690e-01	0.000000e+00	0.000000e+00	0.000000e+00	5.093380e-04	1.496107e-08	5.570046e-03	8.349273e+06	2.452479e+02	9.130643e+07	
1.550000e+00	1.656079e+10	1.601583e+10	1.769501e+01	4.084070e+01	2.624220e+01	1.483029e+00	3.624057e-01	0.000000e+00	0.000000e+00	0.000000e+00	5.163316e-04	1.533004e-08	5.605498e-03	8.550860e+06	2.538776e+02	9.283148e+07	
1.600000e+00	1.672661e+10	1.601748e+10	1.772508e+01	4.084070e+01	2.628680e+01	1.483029e+00	3.611145e-01	0.000000e+00	0.000000e+00	0.000000e+00	5.232059e-04	1.567285e-08	5.638177e-03	8.751459e+06	2.621536e+02	9.430757e+07	
1.650000e+00	1.688809e+10	1.654258e+10	1.775129e+01	4.084070e+01	2.632567e+01	1.483029e+00	3.620281e-01	0.000000e+00	0.000000e+00	0.000000e+00	5.295508e-04	1.595305e-08	5.668460e-03	8.943099e+06	2.694165e+02	9.572945e+07	
1.700000e+00	1.704760e+10	1.708236e+10	1.777617e+01	4.084070e+01	2.636257e+01	1.483029e+00	3.632769e-01	0.000000e+00	0.000000e+00	0.000000e+00	5.358652e-04	1.621715e-08	5.696456e-03	9.135214e+06	2.764634e+02	9.711089e+07	
1.750000e+00	1.720558e+10	1.822768e+10	1.780019e+01	4.084070e+01	2.639819e+01	1.483029e+00	3.738923e-01	0.000000e+00	0.000000e+00	0.000000e+00	5.422218e-04	1.648545e-08	5.722994e-03	9.329240e+06	2.836416e+02	9.846742e+07	
1.800000e+00	1.737046e+10	1.875801e+10	1.783200e+01	4.084070e+01	2.644536e+01	1.483029e+00	3.728318e-01	0.000000e+00	0.000000e+00	0.000000e+00	5.489161e-04	1.687117e-08	5.747848e-03	9.534927e+06	2.930600e+02	9.984279e+07	
1.850000e+00	1.753105e+10	1.873683e+10	1.785999e+01	4.084070e+01	2.648687e+01	1.483029e+00	3.705682e-01	0.000000e+00	0.000000e+00	0.000000e+00	5.556419e-04	1.726701e-08	5.771693e-03	9.740984e+06	3.027088e+02	1.011838e+08	
1.900000e+00	1.768666e+10	2.034145e+10	1.788355e+01	4.084070e+01	2.652181e+01	1.483029e+00	3.759668e-01	0.000000e+00	0.000000e+00	0.000000e+00	5.619037e-04	1.762248e-08	5.794377e-03	9.938198e+06	3.116828e+02	1.024832e+08	
1.950000e+00	1.784460e+10	2.026804e+10	1.791009e+01	4.084070e+01	2.656117e+01	1.483029e+00	3.714036e-01	0.000000e+00	0.000000e+00	0.000000e+00	5.689896e-04	1.809114e-08	5.815723e-03	1.015340e+07	3.228293e+02	1.037793e+08	
2.000000e+00	1.799567e+10	2.196997e+10	1.793035e+01	4.084070e+01	2.659122e+01	1.483029e+00	3.863878e-01	0.000000e+00	0.000000e+00	0.000000e+00	5.756866e-04	1.839783e-08	5.836054e-03	1.035987e+07	3.310812e+02	1.050237e+08	
2.050000e+00	1.815803e+10	2.250982e+10	1.796243e+01	4.084070e+01	2.663879e+01	1.483029e+00	3.891534e-01	0.000000e+00	0.000000e+00	0.000000e+00	5.830529e-04	1.890961e-08	5.855313e-03	1.058709e+07	3.433612e+02	1.063209e+08	
2.100000e+00	1.831951e+10	2.364752e+10	1.799409e+01	4.084070e+01	2.668576e+01	1.483029e+00	3.967323e-01	0.000000e+00	0.000000e+00	0.000000e+00	5.903329e-04	1.935076e-08	5.873725e-03	1.081461e+07	3.544965e+02	1.076038e+08	
2.150000e+00	1.848450e+10	2.531318e+10	1.802962e+01	4.084070e+01	2.673845e+01	1.483029e+00	4.054288e-01	0.000000e+00	0.000000e+00	0.000000e+00	5.978427e-04	1.990102e-08	5.891478e-03	1.105082e+07	3.678603e+02	1.089010e+08	
2.200000e+00	1.865361e+10	2.463152e+10	1.806953e+01	4.084070e+01	2.679763e+01	1.483029e+00	3.941241e-01	0.000000e+00	0.000000e+00	0.000000e+00	6.059712e-04	2.059519e-08	5.908729e-03	1.130355e+07	3.841748e+02	1.102191e+08	
2.250000e+00	1.880837e+10	2.688544e+10	1.809592e+01	4.084070e+01	2.683677e+01	1.483029e+00	4.065480e-01	0.000000e+00	0.000000e+00	0.000000e+00	6.132015e-04	2.105264e-08	5.925481e-03	1.153332e+07	3.959658e+02	1.114487e+08	
2.300000e+00	1.897162e+10	2.742278e+10	1.813089e+01	4.084070e+01	2.688862e+01	1.483029e+00	3.992908e-01	0.000000e+00	0.000000e+00	0.000000e+00	6.215167e-04	2.168870e-08	5.941629e-03	1.179118e+07	4.114696e+02	1.127223e+08	
2.350000e+00	1.912465e+10	2.796936e+10	1.815650e+01	4.084070e+01	2.692660e+01	1.483029e+00	3.979307e-01	0.000000e+00	0.000000e+00	0.000000e+00	6.299422e-04	2.232329e-08	5.958287e-03	1.204742e+07	4.269251e+02	1.139502e+08	
2.400000e+00	1.927378e+10	2.972508e+10	1.817887e+01	4.084070e+01	2.695979e+01	1.483029e+00	4.134068e-01	0.000000e+00	0.000000e+00	0.000000e+00	6.383694e-04	2.288207e-08	5.974705e-03	1.230379e+07	4.410241e+02	1.151552e+08	
2.450000e+00	1.943465e+10	3.026311e+10	1.821272e+01	4.084070e+01	2.700998e+01	1.483029e+00	4.091699e-01	0.000000e+00	0.000000e+00	0.000000e+00	6.472815e-04	2.356548e-08	5.990295e-03	1.257969e+07	4.579868e+02	1.164193e+08	
2.500000e+00	1.958815e+10	3.138800e+10	1.824002e+01	4.084070e+01	2.705047e+01	1.483029e+00	4.126934e-01	0.000000e+00	0.000000e+00	0.000000e+00	6.562071e-04	2.416703e-08	6.006044e-03	1.285389e+07	4.733876e+02	1.176473e+08	
2.550000e+00	1.974204e+10	3.089404e+10	1.826806e+01	4.084070e+01	2.709205e+01	1.483029e+00	4.067379e-01	0.000000e+00	0.000000e+00	0.000000e+00	6.654580e-04	2.470411e-08	6.021495e-03	1.313750e+07	4.877095e+02	1.188766e+08	
2.600000e+00	1.988759e+10	3.047950e+10	1.828879e+01	4.084070e+01	2.712279e+01	1.483029e+00	4.030197e-01	0.000000e+00	0.000000e+00	0.000000e+00	6.736333e-04	2.513204e-08	6.036845e-03	1.339694e+07	4.998156e+02	1.200583e+08	
2.650000e+00	2.002758e+10	2.991774e+10	1.830488e+01	4.084070e+01	2.714666e+01	1.483029e+00	3.931726e-01	0.000000e+00	0.000000e+00	0.000000e+00	6.806718e-04	2.548106e-08	6.051811e-03	1.363221e+07	5.103239e+02	1.212031e+08	
2.700000e+00	2.015689e+10	2.994761e+10	1.831174e+01	4.084070e+01	2.715684e+01	1.483029e+00	3.943433e-01	0.000000e+00	0.000000e+00	0.000000e+00	6.869942e-04	2.565091e-08	6.066273e-03	1.384767e+07	5.170426e+02	1.222772e+08	
2.750000e+00	2.028655e+10	2.994495e+10	1.831951e+01	4.084070e+01	2.716836e+01	1.483029e+00	3.931665e-01	0.000000e+00	0.000000e+00	0.000000e+00	6.928071e-04	2.573921e-08	6.079576e-03	1.405466e+07	5.221597e+02	1.233336e+08	
2.800000e+00	2.041432e+10	2.950719e+10	1.832613e+01	4.084070e+01	2.717818e+01	1.483029e+00	3.980278e-01	0.000000e+00	0.000000e+00	0.000000e+00	6.981719e-04	2.580999e-08	6.092289e-03	1.425271e+07	5.268936e+02	1.243700e+08	
2.850000e+00	2.054586e+10	3.067120e+10	1.833666e+01	4.084070e+01	2.719380e+01	1.483029e+00	4.054931e-01	0.000000e+00	0.000000e+00	0.000000e+00	7.025281e-04	2.588985e-08	6.104034e-03	1.443404e+07	5.319292e+02	1.254126e+08	
2.900000e+00	2.068314e+10	3.015455e+10	1.835279e+01	4.084070e+01	2.721771e+01	1.483029e+00	3.977635e-01	0.000000e+00	0.000000e+00	0.000000e+00	7.075159e-04	2.605847e-08	6.115238e-03	1.463365e+07	5.389710e+02	1.264823e+08	
2.950000e+00	2.081165e+10	3.030583e+10	1.836160e+01	4.084070e+01	2.723078e+01	1.483029e+00	4.039755e-01	0.000000e+00	0.000000e+00	0.000000e+00	7.117733e-04	2.616580e-08	6.126234e-03	1.481318e+07	5.445536e+02	1.274971e+08	
3.000000e+00	2.094495e+10	3.045320e+10	1.837510e+01	4.084070e+01	2.725079e+01	1.483029e+00	4.086584e-01	0.000000e+00	0.000000e+00	0.000000e+00	7.155620e-04	2.634822e-08	6.136641e-03	1.498741e+07	5.518622e+02	1.285317e+08	
3.050000e+00	2.108115e+10	2.935294e+10	1.839155e+01	4.084070e+01	2.727519e+01	1.483029e+00	3.958885e-01	0.000000e+00	0.000000e+00	0.000000e+00	7.189506e-04	2.661618e-08	6.146693e-03	1.515631e+07	5.610996e+02	1.295793e+08	
3.100000e+00	2.120390e+10	2.942388e+10	1.839671e+01	4.084070e+01	2.728285e+01	1.483029e+00	4.017169e-01	0.000000e+00	0.000000e+00	0.000000e+00	7.214224e-04	2.673437e-08	6.156692e-03	1.529697e+07	5.668729e+02	1.305459e+08	
3.150000e+00	2.133147e+10	2.903544e+10	1.840654e+01	4.084070e+01	2.729742e+01	1.483029e+00	4.056071e-01	0.000000e+00	0.000000e+00	0.000000e+00	7.236910e-04	2.691147e-08	6.166166e-03	1.543739e+07	5.740612e+02	1.315334e+08	
3.200000e+00	2.146160e+10	2.789642e+10	1.841899e+01	4.084070e+01	2.731589e+01	1.483029e+00	3.936694e-01	0.000000e+00	0.000000e+00	0.000000e+00	7.250963e-04	2.715357e-08	6.175169e-03	1.556172e+07	5.827590e+02	1.325290e+08	
3.250000e+00	2.157944e+10	2.613835e+10	1.842135e+01	4.084070e+01	2.731939e+01	1.483029e+00	3.814740e-01	0.000000e+00	0.000000e+00	0.000000e+00	7.258206e-04	2.722504e-08	6.184087e-03	1.566280e+07	5.875011e+02	1.334491e+08	
3.300000e+00	2.168580e+10	2.501621e+10	1.841446e+01	4.084070e+01	2.730916e+01	1.483029e+00	3.736289e-01	0.000000e+00	0.000000e+00	0.000000e+00	7.254772e-04	2.707861e-08	6.192425e-03	1.573255e+07	5.872213e+02	1.342877e+08	
3.350000e+00	2.178566e+10	2.503471e+10	1.840265e+01	4.084070e+01	2.729166e+01	1.483029e+00	3.736714e-01	0.000000e+00	0.000000e+00	0.000000e+00	7.245091e-04	2.680157e-08	6.200083e-03	1.578391e+07	5.838899e+02	1.350729e+08	
3.400000e+00	2.188681e+10	2.560350e+10	1.839255e+01	4.084070e+01	2.727667e+01	1.483029e+00	3.746024e-01	0.000000e+00	0.000000e+00	0.000000e+00	7.238795e-04	2.654537e-08	6.207118e-03	1.584341e+07	5.809934e+02	1.358540e+08	
3.450000e+00	2.198988e+10	2.680625e+10	1.838464e+01	4.084070e+01	2.726494e+01	1.483029e+00	3.818938e-01	0.000000e+00	0.000000e+00	0.000000e+00	7.237572e-04	2.631028e-08	6.213352e-03	1.591533e+07	5.785598e+02	1.366308e+08	
3.500000e+00	2.210048e+10	2.725168e+10	1.838355e+01	4.084070e+01	2.726333e+01	1.483029e+00	3.703234e-01	0.000000e+00	0.000000e+00	0.000000e+00	7.244251e-04	2.623144e-08	6.219048e-03	1.601014e+07	5.797274e+02	1.374440e+08	
3.550000e+00	2.220057e+10	2.714366e+10	1.837424e+01	4.084070e+01	2.724952e+01	1.483029e+00	3.612713e-01	0.000000e+00	0.000000e+00	0.000000e+00	7.261217e-04	2.612404e-08	6.224540e-03	1.612031e+07	5.799684e+02	1.381883e+08	
3.600000e+00	2.229332e+10	2.813956e+10	1.835943e+01	4.084070e+01	2.722757e+01	1.483029e+00	3.683200e-01	0.000000e+00	0.000000e+00	0.000000e+00	7.279736e-04	2.592636e-08	6.229468e-03	1.622895e+07	5.779846e+02	1.388755e+08	
3.650000e+00	2.239411e+10	2.812995e+10	1.835181e+01	4.084070e+01	2.721627e+01	1.483029e+00	3.716528e-01	0.000000e+00	0.000000e+00	0.000000e+00	7.305607e-04	2.569130e-08	6.233898e-03	1.636026e+07	5.753338e+02	1.396026e+08	
3.700000e+00	2.249877e+10	3.050669e+10	1.834786e+01	4.084070e+01	2.721040e+01	1.483029e+00	3.899550e-01	0.000000e+00	0.000000e+00	0.000000e+00	7.328719e-04	2.547127e-08	6.237916e-03	1.648871e+07	5.730721e+02	1.403454e+08	
3.750000e+00	2.262063e+10	3.256253e+10	1.835834e+01	4.084070e+01	2.722594e+01	1.483029e+00	3.977175e-01	0.000000e+00	0.000000e+00	0.000000e+00	7.366916e-04	2.557850e-08	6.242165e-03	1.666443e+07	5.786019e+02	1.412017e+08	
3.800000e+00	2.274852e+10	3.558357e+10	1.837401e+01	4.084070e+01	2.724918e+01	1.483029e+00	4.060993e-01	0.000000e+00	0.000000e+00	0.000000e+00	7.419664e-04	2.580615e-08	6.246508e-03	1.687864e+07	5.870517e+02	1.420988e+08	
3.850000e+00	2.288248e+10	3.920489e+10	1.839482e+01	4.084070e+01	2.728004e+01	1.483029e+00	4.314614e-01	0.000000e+00	0.000000e+00	0.000000e+00	7.495932e-04	2.613018e-08	6.250657e-03	1.715255e+07	5.979235e+02	1.430306e+08	
3.900000e+00	2.303761e+10	4.300565e+10	1.843278e+01	4.084070e+01	2.733634e+01	1.483029e+00	4.467485e-01	0.000000e+00	0.000000e+00	0.000000e+00	7.591289e-04	2.673376e-08	6.255221e-03	1.748851e+07	6.158818e+02	1.441053e+08	
3.950000e+00	2.320293e+10	4.332668e+10	1.847890e+01	4.084070e+01	2.740474e+01	1.483029e+00	4.359307e-01	0.000000e+00	0.000000e+00	0.000000e+00	7.715242e-04	2.747181e-08	6.260502e-03	1.790162e+07	6.374265e+02	1.452620e+08	
4.000000e+00	2.335356e+10	4.317199e+10	1.851335e+01	4.084070e+01	2.745583e+01	1.483029e+00	4.383957e-01	0.000000e+00	0.000000e+00	0.000000e+00	7.839546e-04	2.812963e-08	6.266701e-03	1.830813e+07	6.569270e+02	1.463498e+08	
4.050000e+00	2.350294e+10	4.507921e+10	1.854689e+01	4.084070e+01	2.750557e+01	1.483029e+00	4.414287e-01	0.000000e+00	0.000000e+00	0.000000e+00	7.951821e-04	2.863442e-08	6.273294e-03	1.868912e+07	6.729932e+02	1.474409e+08	
4.100000e+00	2.365171e+10	4.480087e+10	1.858003e+01	4.084070e+01	2.755471e+01	1.483029e+00	4.311697e-01	0.000000e+00	0.000000e+00	0.000000e+00	8.079895e-04	2.903183e-08	6.280350e-03	1.911033e+07	6.866525e+02	1.485410e+08	
4.150000e+00	2.378757e+10	4.508926e+10	1.860314e+01	4.084070e+01	2.758899e+01	1.483029e+00	4.250145e-01	0.000000e+00	0.000000e+00	0.000000e+00	8.201975e-04	2.940937e-08	6.288360e-03	1.951050e+07	6.995774e+02	1.495848e+08	
4.200000e+00	2.391533e+10	4.615853e+10	1.862011e+01	4.084070e+01	2.761416e+01	1.483029e+00	4.247202e-01	0.000000e+00	0.000000e+00	0.000000e+00	8.321556e-04	2.968892e-08	6.296466e-03	1.990127e+07	7.100202e+02	1.505820e+08	
4.250000e+00	2.404106e+10	4.723585e+10	1.863574e+01	4.084070e+01	2.763733e+01	1.483029e+00	4.258453e-01	0.000000e+00	0.000000e+00	0.000000e+00	8.441196e-04	2.999385e-08	6.304571e-03	2.029353e+07	7.210841e+02	1.515686e+08	
4.300000e+00	2.416624e+10	4.863091e+10	1.865114e+01	4.084070e+01	2.766018e+01	1.483029e+00	4.260531e-01	0.000000e+00	0.000000e+00	0.000000e+00	8.559558e-04	3.032408e-08	6.312616e-03	2.068523e+07	7.328190e+02	1.525522e+08	
4.350000e+00	2.429003e+10	4.992799e+10	1.866570e+01	4.084070e+01	2.768177e+01	1.483029e+00	4.158254e-01	0.000000e+00	0.000000e+00	0.000000e+00	8.682831e-04	3.061640e-08	6.320721e-03	2.109062e+07	7.436732e+02	1.535305e+08	
4.400000e+00	2.440278e+10	5.266022e+10	1.867203e+01	4.084070e+01	2.769116e+01	1.483029e+00	4.222032e-01	0.000000e+00	0.000000e+00	0.000000e+00	8.814139e-04	3.083621e-08	6.328573e-03	2.150894e+07	7.524891e+02	1.544347e+08	
4.450000e+00	2.452082e+10	5.492556e+10	1.868268e+01	4.084070e+01	2.770696e+01	1.483029e+00	4.262412e-01	0.000000e+00	0.000000e+00	0.000000e+00	8.961183e-04	3.098476e-08	6.336435e-03	2.197356e+07	7.597718e+02	1.553746e+08	
4.500000e+00	2.464154e+10	5.637801e+10	1.869561e+01	4.084070e+01	2.772613e+01	1.483029e+00	4.281778e-01	0.000000e+00	0.000000e+00	0.000000e+00	9.120366e-04	3.109388e-08	6.344255e-03	2.247399e+07	7.662010e+02	1.563322e+08	
4.550000e+00	2.476274e+10	5.882757e+10	1.870912e+01	4.084070e+01	2.774616e+01	1.483029e+00	4.427284e-01	0.000000e+00	0.000000e+00	0.000000e+00	9.281533e-04	3.115529e-08	6.351941e-03	2.298362e+07	7.714903e+02	1.572915e+08	
4.600000e+00	2.489617e+10	6.201458e+10	1.873204e+01	4.084070e+01	2.778015e+01	1.483029e+00	4.479286e-01	0.000000e+00	0.000000e+00	0.000000e+00	9.450566e-04	3.127626e-08	6.360255e-03	2.352828e+07	7.786590e+02	1.583460e+08	
4.650000e+00	2.503212e+10	6.323153e+10	1.875699e+01	4.084070e+01	2.781715e+01	1.483029e+00	4.484180e-01	0.000000e+00	0.000000e+00	0.000000e+00	9.633953e-04	3.158804e-08	6.368913e-03	2.411583e+07	7.907157e+02	1.594274e+08	
4.700000e+00	2.516600e+10	6.594116e+10	1.878049e+01	4.084070e+01	2.785200e+01	1.483029e+00	4.666840e-01	0.000000e+00	0.000000e+00	0.000000e+00	9.813087e-04	3.191676e-08	6.377789e-03	2.469561e+07	8.032173e+02	1.605034e+08	
4.750000e+00	2.531464e+10	6.684988e+10	1.881508e+01	4.084070e+01	2.790331e+01	1.483029e+00	4.611003e-01	0.000000e+00	0.000000e+00	0.000000e+00	9.996557e-04	3.249222e-08	6.386944e-03	2.530592e+07	8.225287e+02	1.616832e+08	
4.800000e+00	2.545454e+10	6.815867e+10	1.884323e+01	4.084070e+01	2.794506e+01	1.483029e+00	4.781095e-01	0.000000e+00	0.000000e+00	0.000000e+00	1.017671e-03	3.302340e-08	6.396869e-03	2.590433e+07	8.405953e+02	1.628293e+08	
4.850000e+00	2.560761e+10	6.837590e+10	1.888118e+01	4.084070e+01	2.800133e+01	1.483029e+00	4.642849e-01	0.000000e+00	0.000000e+00	0.000000e+00	1.035133e-03	3.370555e-08	6.408331e-03	2.650728e+07	8.631185e+02	1.641021e+08	
4.900000e+00	2.574383e+10	6.844351e+10	1.890674e+01	4.084070e+01	2.803924e+01	1.483029e+00	4.593705e-01	0.000000e+00	0.000000e+00	0.000000e+00	1.052285e-03	3.422322e-08	6.420103e-03	2.708985e+07	8.810370e+02	1.652781e+08	
4.950000e+00	2.587283e+10	6.661571e+10	1.892711e+01	4.084070e+01	2.806944e+01	1.483029e+00	4.514141e-01	0.000000e+00	0.000000e+00	0.000000e+00	1.068171e-03	3.470371e-08	6.431666e-03	2.763660e+07	8.978831e+02	1.664054e+08	
5.000000e+00	2.599224e+10	6.490383e+10	1.894062e+01	4.084070e+01	2.808947e+01	1.483029e+00	4.393099e-01	0.000000e+00	0.000000e+00	0.000000e+00	1.081141e-03	3.505561e-08	6.442859e-03	2.810128e+07	9.111737e+02	1.674643e+08	
5.050000e+00	2.609881e+10	6.698826e+10	1.894499e+01	4.084070e+01	2.809595e+01	1.483029e+00	4.412688e-01	0.000000e+00	0.000000e+00	0.000000e+00	1.092430e-03	3.512153e-08	6.453562e-03	2.851111e+07	9.166300e+02	1.684303e+08	
5.100000e+00	2.620679e+10	6.764765e+10	1.895062e+01	4.084070e+01	2.810431e+01	1.483029e+00	4.343337e-01	0.000000e+00	0.000000e+00	0.000000e+00	1.104943e-03	3.518531e-08	6.463665e-03	2.895702e+07	9.220939e+02	1.693919e+08	
5.150000e+00	2.630762e+10	6.548824e+10	1.895134e+01	4.084070e+01	2.810538e+01	1.483029e+00	4.271757e-01	0.000000e+00	0.000000e+00	0.000000e+00	1.117642e-03	3.510381e-08	6.473380e-03	2.940251e+07	9.234977e+02	1.702992e+08	
5.200000e+00	2.640160e+10	6.520511e+10	1.894740e+01	4.084070e+01	2.809954e+01	1.483029e+00	4.299646e-01	0.000000e+00	0.000000e+00	0.000000e+00	1.127965e-03	3.491731e-08	6.482478e-03	2.978008e+07	9.218728e+02	1.711478e+08	
5.250000e+00	2.649862e+10	6.269547e+10	1.894594e+01	4.084070e+01	2.809737e+01	1.483029e+00	4.230972e-01	0.000000e+00	0.000000e+00	0.000000e+00	1.137202e-03	3.482743e-08	6.491293e-03	3.013430e+07	9.228790e+02	1.720103e+08	
5.300000e+00	2.658929e+10	6.169309e+10	1.894023e+01	4.084070e+01	2.808890e+01	1.483029e+00	4.156209e-01	0.000000e+00	0.000000e+00	0.000000e+00	1.143554e-03	3.463635e-08	6.499196e-03	3.040630e+07	9.209559e+02	1.728090e+08	
5.350000e+00	2.667347e+10	6.191214e+10	1.893020e+01	4.084070e+01	2.807403e+01	1.483029e+00	4.166009e-01	0.000000e+00	0.000000e+00	0.000000e+00	1.149332e-03	3.430183e-08	6.506414e-03	3.065667e+07	9.149487e+02	1.735486e+08	
5.400000e+00	2.675961e+10	6.118894e+10	1.892190e+01	4.084070e+01	2.806172e+01	1.483029e+00	4.097328e-01	0.000000e+00	0.000000e+00	0.000000e+00	1.154630e-03	3.403305e-08	6.512911e-03	3.089744e+07	9.107109e+02	1.742829e+08	
5.450000e+00	2.684011e+10	6.081453e+10	1.890993e+01	4.084070e+01	2.804397e+01	1.483029e+00	4.103041e-01	0.000000e+00	0.000000e+00	0.000000e+00	1.158597e-03	3.370719e-08	6.518164e-03	3.109688e+07	9.047046e+02	1.749482e+08	
5.500000e+00	2.692239e+10	6.098048e+10	1.889955e+01	4.084070e+01	2.802857e+01	1.483029e+00	4.088901e-01	0.000000e+00	0.000000e+00	0.000000e+00	1.161746e-03	3.338911e-08	6.522902e-03	3.127698e+07	8.989147e+02	1.756121e+08	
5.550000e+00	2.700441e+10	6.116800e+10	1.888930e+01	4.084070e+01	2.801338e+01	1.483029e+00	4.094374e-01	0.000000e+00	0.000000e+00	0.000000e+00	1.164878e-03	3.304924e-08	6.527080e-03	3.145684e+07	8.924751e+02	1.762600e+08	
5.600000e+00	2.708801e+10	5.944358e+10	1.888047e+01	4.084070e+01	2.800028e+01	1.483029e+00	3.916086e-01	0.000000e+00	0.000000e+00	0.000000e+00	1.167781e-03	3.274048e-08	6.530900e-03	3.163285e+07	8.868744e+02	1.769091e+08	
5.650000e+00	2.715570e+10	5.947979e+10	1.886088e+01	4.084070e+01	2.797123e+01	1.483029e+00	3.915143e-01	0.000000e+00	0.000000e+00	0.000000e+00	1.169776e-03	3.229382e-08	6.534355e-03	3.176609e+07	8.769612e+02	1.774450e+08	
5.700000e+00	2.722534e+10	5.746103e+10	1.884302e+01	4.084070e+01	2.794474e+01	1.483029e+00	3.855540e-01	0.000000e+00	0.000000e+00	0.000000e+00	1.171515e-03	3.180815e-08	6.537532e-03	3.189489e+07	8.659876e+02	1.779865e+08	
5.750000e+00	2.729124e+10	5.827727e+10	1.882293e+01	4.084070e+01	2.791495e+01	1.483029e+00	4.041935e-01	0.000000e+00	0.000000e+00	0.000000e+00	1.171120e-03	3.131916e-08	6.540117e-03	3.196131e+07	8.547386e+02	1.784879e+08	
5.800000e+00	2.737678e+10	5.907106e+10	1.881671e+01	4.084070e+01	2.790572e+01	1.483029e+00	4.047205e-01	0.000000e+00	0.000000e+00	0.000000e+00	1.170592e-03	3.098292e-08	6.542679e-03	3.204704e+07	8.482127e+02	1.791175e+08	
5.850000e+00	2.746347e+10	6.047220e+10	1.881154e+01	4.084070e+01	2.789805e+01	1.483029e+00	3.994146e-01	0.000000e+00	0.000000e+00	0.000000e+00	1.170613e-03	3.073779e-08	6.544996e-03	3.214911e+07	8.441665e+02	1.797483e+08	
5.900000e+00	2.754571e+10	6.189825e+10	1.880358e+01	4.084070e+01	2.788625e+01	1.483029e+00	4.171795e-01	0.000000e+00	0.000000e+00	0.000000e+00	1.171961e-03	3.055067e-08	6.547040e-03	3.228249e+07	8.415398e+02	1.803429e+08	
5.950000e+00	2.764548e+10	6.223743e+10	1.880782e+01	4.084070e+01	2.789254e+01	1.483029e+00	4.088191e-01	0.000000e+00	0.000000e+00	0.000000e+00	1.173532e-03	3.046066e-08	6.549515e-03	3.244286e+07	8.420994e+02	1.810645e+08	
6.000000e+00	2.773694e+10	6.217061e+10	1.880662e+01	4.084070e+01	2.789076e+01	1.483029e+00	4.063567e-01	0.000000e+00	0.000000e+00	0.000000e+00	1.175667e-03	3.029332e-08	6.551946e-03	3.260940e+07	8.402440e+02	1.817310e+08	
6.050000e+00	2.782622e+10	6.322868e+10	1.880416e+01	4.084070e+01	2.788710e+01	1.483029e+00	3.944987e-01	0.000000e+00	0.000000e+00	0.000000e+00	1.177595e-03	3.012042e-08	6.554156e-03	3.276800e+07	8.381375e+02	1.823774e+08	
6.100000e+00	2.790460e+10	6.555279e+10	1.879458e+01	4.084070e+01	2.787290e+01	1.483029e+00	4.012449e-01	0.000000e+00	0.000000e+00	0.000000e+00	1.180917e-03	2.992164e-08	6.556387e-03	3.295302e+07	8.349516e+02	1.829534e+08	
6.150000e+00	2.799033e+10	6.566258e+10	1.879020e+01	4.084070e+01	2.786641e+01	1.483029e+00	4.009821e-01	0.000000e+00	0.000000e+00	0.000000e+00	1.185507e-03	2.972113e-08	6.558362e-03	3.318273e+07	8.319041e+02	1.835707e+08	
6.200000e+00	2.807626e+10	6.580125e+10	1.878619e+01	4.084070e+01	2.786046e+01	1.483029e+00	4.006315e-01	0.000000e+00	0.000000e+00	0.000000e+00	1.189978e-03	2.944531e-08	6.560157e-03	3.341013e+07	8.267140e+02	1.841846e+08	
6.250000e+00	2.816228e+10	6.619738e+10	1.878247e+01	4.084070e+01	2.785494e+01	1.483029e+00	3.986885e-01	0.000000e+00	0.000000e+00	0.000000e+00	1.193724e-03	2.925223e-08	6.561854e-03	3.361798e+07	8.238095e+02	1.847967e+08	
6.300000e+00	2.824686e+10	6.666230e+10	1.877801e+01	4.084070e+01	2.784833e+01	1.483029e+00	4.017935e-01	0.000000e+00	0.000000e+00	0.000000e+00	1.197886e-03	2.896320e-08	6.563408e-03	3.383651e+07	8.181195e+02	1.853957e+08	
6.350000e+00	2.833482e+10	6.643054e+10	1.877602e+01	4.084070e+01	2.784537e+01	1.483029e+00	4.009387e-01	0.000000e+00	0.000000e+00	0.000000e+00	1.202093e-03	2.872452e-08	6.565072e-03	3.406110e+07	8.139042e+02	1.860202e+08	
6.400000e+00	2.842219e+10	6.644382e+10	1.877383e+01	4.084070e+01	2.784213e+01	1.483029e+00	4.020531e-01	0.000000e+00	0.000000e+00	0.000000e+00	1.205815e-03	2.844320e-08	6.566431e-03	3.427191e+07	8.084180e+02	1.866323e+08	
6.450000e+00	2.851083e+10	6.754573e+10	1.877269e+01	4.084070e+01	2.784044e+01	1.483029e+00	4.045345e-01	0.000000e+00	0.000000e+00	0.000000e+00	1.209114e-03	2.821524e-08	6.567680e-03	3.447284e+07	8.044400e+02	1.872500e+08	
6.500000e+00	2.860192e+10	6.791568e+10	1.877335e+01	4.084070e+01	2.784142e+01	1.483029e+00	4.049882e-01	0.000000e+00	0.000000e+00	0.000000e+00	1.212835e-03	2.804482e-08	6.569017e-03	3.468942e+07	8.021357e+02	1.878865e+08	
6.550000e+00	2.869336e+10	6.833703e+10	1.877443e+01	4.084070e+01	2.784302e+01	1.483029e+00	4.001381e-01	0.000000e+00	0.000000e+00	0.000000e+00	1.216453e-03	2.789685e-08	6.570211e-03	3.490413e+07	8.004546e+02	1.885215e+08	
6.600000e+00	2.878015e+10	7.151115e+10	1.877264e+01	4.084070e+01	2.784036e+01	1.483029e+00	4.095837e-01	0.000000e+00	0.000000e+00	0.000000e+00	1.220524e-03	2.766322e-08	6.571428e-03	3.512686e+07	7.961515e+02	1.891267e+08	
6.650000e+00	2.887598e+10	7.355089e+10	1.877693e+01	4.084070e+01	2.784672e+01	1.483029e+00	4.129159e-01	0.000000e+00	0.000000e+00	0.000000e+00	1.226692e-03	2.762880e-08	6.573098e-03	3.542193e+07	7.978087e+02	1.898046e+08	
6.700000e+00	2.897450e+10	7.552394e+10	1.878310e+01	4.084070e+01	2.785588e+01	1.483029e+00	4.152378e-01	0.000000e+00	0.000000e+00	0.000000e+00	1.233876e-03	2.762989e-08	6.574931e-03	3.575094e+07	8.005621e+02	1.905053e+08	
6.750000e+00	2.907455e+10	7.680765e+10	1.879042e+01	4.084070e+01	2.786673e+01	1.483029e+00	4.187275e-01	0.000000e+00	0.000000e+00	0.000000e+00	1.242111e-03	2.764803e-08	6.577011e-03	3.611382e+07	8.038543e+02	1.912237e+08	
6.800000e+00	2.917714e+10	7.643217e+10	1.879949e+01	4.084070e+01	2.788018e+01	1.483029e+00	4.179982e-01	0.000000e+00	0.000000e+00	0.000000e+00	1.250242e-03	2.774708e-08	6.579362e-03	3.647847e+07	8.095805e+02	1.919669e+08	
6.850000e+00	2.927810e+10	7.682493e+10	1.880763e+01	4.084070e+01	2.789225e+01	1.483029e+00	4.180284e-01	0.000000e+00	0.000000e+00	0.000000e+00	1.257605e-03	2.784157e-08	6.582153e-03	3.682027e+07	8.151481e+02	1.927129e+08	
6.900000e+00	2.937824e+10	7.800023e+10	1.881537e+01	4.084070e+01	2.790374e+01	1.483029e+00	4.202010e-01	0.000000e+00	0.000000e+00	0.000000e+00	1.264331e-03	2.793727e-08	6.585006e-03	3.714382e+07	8.207480e+02	1.934559e+08	
6.950000e+00	2.947963e+10	7.911451e+10	1.882404e+01	4.084070e+01	2.791658e+01	1.483029e+00	4.206290e-01	0.000000e+00	0.000000e+00	0.000000e+00	1.271023e-03	2.806921e-08	6.588142e-03	3.746930e+07	8.274699e+02	1.942160e+08	
7.000000e+00	2.958054e+10	7.911402e+10	1.883250e+01	4.084070e+01	2.792914e+01	1.483029e+00	4.161960e-01	0.000000e+00	0.000000e+00	0.000000e+00	1.277562e-03	2.819712e-08	6.591324e-03	3.779097e+07	8.340859e+02	1.949749e+08	
7.050000e+00	2.967639e+10	8.115088e+10	1.883787e+01	4.084070e+01	2.793711e+01	1.483029e+00	4.249913e-01	0.000000e+00	0.000000e+00	0.000000e+00	1.283313e-03	2.821546e-08	6.594570e-03	3.808409e+07	8.373329e+02	1.957030e+08	
7.100000e+00	2.977997e+10	8.110084e+10	1.884827e+01	4.084070e+01	2.795253e+01	1.483029e+00	4.167114e-01	0.000000e+00	0.000000e+00	0.000000e+00	1.289742e-03	2.839484e-08	6.598292e-03	3.840849e+07	8.455975e+02	1.964969e+08	
7.150000e+00	2.987468e+10	8.147751e+10	1.885317e+01	4.084070e+01	2.795979e+01	1.483029e+00	4.282514e-01	0.000000e+00	0.000000e+00	0.000000e+00	1.296053e-03	2.844889e-08	6.602028e-03	3.871919e+07	8.499015e+02	1.972335e+08	
7.200000e+00	2.997976e+10	8.150503e+10	1.886472e+01	4.084070e+01	2.797692e+01	1.483029e+00	4.258671e-01	0.000000e+00	0.000000e+00	0.000000e+00	1.301677e-03	2.870710e-08	6.605566e-03	3.902397e+07	8.606322e+02	1.980333e+08	
7.250000e+00	3.008141e+10	8.355250e+10	1.887421e+01	4.084070e+01	2.799100e+01	1.483029e+00	4.346636e-01	0.000000e+00	0.000000e+00	0.000000e+00	1.307101e-03	2.892513e-08	6.609172e-03	3.931945e+07	8.701086e+02	1.988132e+08	
7.300000e+00	3.019038e+10	8.554263e+10	1.888839e+01	4.084070e+01	2.801202e+01	1.483029e+00	4.381362e-01	0.000000e+00	0.000000e+00	0.000000e+00	1.313009e-03	2.925752e-08	6.612547e-03	3.964024e+07	8.832957e+02	1.996353e+08	
7.350000e+00	3.030118e+10	8.770628e+10	1.890377e+01	4.084070e+01	2.803484e+01	1.483029e+00	4.393030e-01	0.000000e+00	0.000000e+00	0.000000e+00	1.319194e-03	2.963748e-08	6.615829e-03	3.997313e+07	8.980507e+02	2.004674e+08	
7.400000e+00	3.041151e+10	9.063813e+10	1.891893e+01	4.084070e+01	2.805732e+01	1.483029e+00	4.461546e-01	0.000000e+00	0.000000e+00	0.000000e+00	1.326319e-03	2.997807e-08	6.619538e-03	4.033535e+07	9.116785e+02	2.013101e+08	
7.450000e+00	3.052677e+10	9.203787e+10	1.893722e+01	4.084070e+01	2.808443e+01	1.483029e+00	4.445461e-01	0.000000e+00	0.000000e+00	0.000000e+00	1.334669e-03	3.042762e-08	6.623966e-03	4.074312e+07	9.288570e+02	2.022083e+08	
7.500000e+00	3.063865e+10	9.406499e+10	1.895345e+01	4.084070e+01	2.810851e+01	1.483029e+00	4.460190e-01	0.000000e+00	0.000000e+00	0.000000e+00	1.343230e-03	3.080032e-08	6.628625e-03	4.115475e+07	9.436801e+02	2.030921e+08	
7.550000e+00	3.075026e+10	9.502793e+10	1.896959e+01	4.084070e+01	2.813244e+01	1.483029e+00	4.447538e-01	0.000000e+00	0.000000e+00	0.000000e+00	1.352179e-03	3.115779e-08	6.633586e-03	4.157985e+07	9.581103e+02	2.039845e+08	
7.600000e+00	3.085904e+10	9.475720e+10	1.898403e+01	4.084070e+01	2.815386e+01	1.483029e+00	4.412612e-01	0.000000e+00	0.000000e+00	0.000000e+00	1.360890e-03	3.144626e-08	6.638654e-03	4.199574e+07	9.704013e+02	2.048625e+08	
7.650000e+00	3.096302e+10	9.355351e+10	1.899560e+01	4.084070e+01	2.817101e+01	1.483029e+00	4.379154e-01	0.000000e+00	0.000000e+00	0.000000e+00	1.368293e-03	3.164977e-08	6.643627e-03	4.236648e+07	9.799727e+02	2.057068e+08	
7.700000e+00	3.106265e+10	9.342336e+10	1.900458e+01	4.084070e+01	2.818434e+01	1.483029e+00	4.340910e-01	0.000000e+00	0.000000e+00	0.000000e+00	1.373520e-03	3.178689e-08	6.648175e-03	4.266518e+07	9.873850e+02	2.065099e+08	
7.750000e+00	3.115773e+10	9.453911e+10	1.901088e+01	4.084070e+01	2.819367e+01	1.483029e+00	4.365247e-01	0.000000e+00	0.000000e+00	0.000000e+00	1.378615e-03	3.180566e-08	6.652889e-03	4.295452e+07	9.909922e+02	2.072889e+08	
7.800000e+00	3.125447e+10	9.552491e+10	1.901829e+01	4.084070e+01	2.820468e+01	1.483029e+00	4.508800e-01	0.000000e+00	0.000000e+00	0.000000e+00	1.383736e-03	3.188876e-08	6.657656e-03	4.324794e+07	9.966664e+02	2.080815e+08	
7.850000e+00	3.136411e+10	9.628233e+10	1.903363e+01	4.084070e+01	2.822742e+01	1.483029e+00	4.496316e-01	0.000000e+00	0.000000e+00	0.000000e+00	1.388518e-03	3.207067e-08	6.662832e-03	4.354962e+07	1.005868e+03	2.089738e+08	
7.900000e+00	3.147099e+10	9.298343e+10	1.904737e+01	4.084070e+01	2.824779e+01	1.483029e+00	4.355148e-01	0.000000e+00	0.000000e+00	0.000000e+00	1.393603e-03	3.231452e-08	6.668298e-03	4.385807e+07	1.016970e+03	2.098580e+08	
7.950000e+00	3.156304e+10	9.425605e+10	1.905220e+01	4.084070e+01	2.825496e+01	1.483029e+00	4.367734e-01	0.000000e+00	0.000000e+00	0.000000e+00	1.395991e-03	3.236324e-08	6.673239e-03	4.406172e+07	1.021482e+03	2.106277e+08	
8.000000e+00	3.165579e+10	9.504410e+10	1.905757e+01	4.084070e+01	2.826293e+01	1.483029e+00	4.418134e-01	0.000000e+00	0.000000e+00	0.000000e+00	1.398906e-03	3.242971e-08	6.678282e-03	4.428349e+07	1.026588e+03	2.114063e+08	
8.050000e+00	3.175280e+10	9.404220e+10	1.906560e+01	4.084070e+01	2.827483e+01	1.483029e+00	4.331658e-01	0.000000e+00	0.000000e+00	0.000000e+00	1.401381e-03	3.256073e-08	6.682900e-03	4.449778e+07	1.033894e+03	2.122008e+08	
8.100000e+00	3.184074e+10	9.471475e+10	1.906829e+01	4.084070e+01	2.827882e+01	1.483029e+00	4.393674e-01	0.000000e+00	0.000000e+00	0.000000e+00	1.402671e-03	3.256040e-08	6.687319e-03	4.466207e+07	1.036747e+03	2.129292e+08	
8.150000e+00	3.193432e+10	9.366007e+10	1.907446e+01	4.084070e+01	2.828798e+01	1.483029e+00	4.311380e-01	0.000000e+00	0.000000e+00	0.000000e+00	1.403790e-03	3.267253e-08	6.691675e-03	4.482907e+07	1.043375e+03	2.136941e+08	
8.200000e+00	3.201942e+10	9.504458e+10	1.907568e+01	4.084070e+01	2.828978e+01	1.483029e+00	4.239850e-01	0.000000e+00	0.000000e+00	0.000000e+00	1.404299e-03	3.265624e-08	6.695822e-03	4.496483e+07	1.045634e+03	2.143963e+08	
8.250000e+00	3.209757e+10	9.705829e+10	1.907289e+01	4.084070e+01	2.828565e+01	1.483029e+00	4.351961e-01	0.000000e+00	0.000000e+00	0.000000e+00	1.405679e-03	3.266620e-08	6.699839e-03	4.511887e+07	1.048506e+03	2.150486e+08	
8.300000e+00	3.218670e+10	9.676134e+10	1.907675e+01	4.084070e+01	2.829137e+01	1.483029e+00	4.341710e-01	0.000000e+00	0.000000e+00	0.000000e+00	1.407574e-03	3.277759e-08	6.703707e-03	4.530518e+07	1.055003e+03	2.157702e+08	
8.350000e+00	3.227446e+10	9.682997e+10	1.907991e+01	4.084070e+01	2.829605e+01	1.483029e+00	4.358222e-01	0.000000e+00	0.000000e+00	0.000000e+00	1.408874e-03	3.282621e-08	6.707230e-03	4.547063e+07	1.059448e+03	2.164722e+08	
8.400000e+00	3.236347e+10	9.715629e+10	1.908391e+01	4.084070e+01	2.830198e+01	1.483029e+00	4.409924e-01	0.000000e+00	0.000000e+00	0.000000e+00	1.409689e-03	3.287129e-08	6.710485e-03	4.562243e+07	1.063829e+03	2.171746e+08	
8.450000e+00	3.245700e+10	9.836786e+10	1.909067e+01	4.084070e+01	2.831201e+01	1.483029e+00	4.494779e-01	0.000000e+00	0.000000e+00	0.000000e+00	1.410517e-03	3.301936e-08	6.713879e-03	4.578117e+07	1.071710e+03	2.179124e+08	
8.500000e+00	3.255795e+10	9.876156e+10	1.910186e+01	4.084070e+01	2.832861e+01	1.483029e+00	4.461007e-01	0.000000e+00	0.000000e+00	0.000000e+00	1.411796e-03	3.329007e-08	6.717767e-03	4.596517e+07	1.083856e+03	2.187167e+08	
8.550000e+00	3.265453e+10	9.971971e+10	1.911057e+01	4.084070e+01	2.834152e+01	1.483029e+00	4.413105e-01	0.000000e+00	0.000000e+00	0.000000e+00	1.413027e-03	3.350103e-08	6.721581e-03	4.614172e+07	1.093960e+03	2.194900e+08	
8.600000e+00	3.274564e+10	1.015456e+11	1.911616e+01	4.084070e+01	2.834982e+01	1.483029e+00	4.415140e-01	0.000000e+00	0.000000e+00	0.000000e+00	1.414177e-03	3.363196e-08	6.725126e-03	4.630812e+07	1.101300e+03	2.202186e+08	
8.650000e+00	3.283638e+10	1.020399e+11	1.912163e+01	4.084070e+01	2.835792e+01	1.483029e+00	4.401634e-01	0.000000e+00	0.000000e+00	0.000000e+00	1.415731e-03	3.372540e-08	6.728566e-03	4.648747e+07	1.107420e+03	2.209418e+08	
8.700000e+00	3.292527e+10	1.031436e+11	1.912611e+01	4.084070e+01	2.836457e+01	1.483029e+00	4.403717e-01	0.000000e+00	0.000000e+00	0.000000e+00	1.416836e-03	3.378361e-08	6.731849e-03	4.664970e+07	1.112334e+03	2.216480e+08	
8.750000e+00	3.301390e+10	1.026640e+11	1.913053e+01	4.084070e+01	2.837113e+01	1.483029e+00	4.285056e-01	0.000000e+00	0.000000e+00	0.000000e+00	1.417857e-03	3.380930e-08	6.734992e-03	4.680900e+07	1.116177e+03	2.223484e+08	
8.800000e+00	3.309073e+10	1.051362e+11	1.912823e+01	4.084070e+01	2.836771e+01	1.483029e+00	4.367734e-01	0.000000e+00	0.000000e+00	0.000000e+00	1.418293e-03	3.377999e-08	6.737732e-03	4.693237e+07	1.117805e+03	2.229565e+08	
8.850000e+00	3.317570e+10	1.051188e+11	1.913074e+01	4.084070e+01	2.837144e+01	1.483029e+00	4.296050e-01	0.000000e+00	0.000000e+00	0.000000e+00	1.419065e-03	3.375996e-08	6.740224e-03	4.707848e+07	1.120011e+03	2.236117e+08	
8.900000e+00	3.325356e+10	1.073576e+11	1.912927e+01	4.084070e+01	2.836925e+01	1.483029e+00	4.398372e-01	0.000000e+00	0.000000e+00	0.000000e+00	1.419838e-03	3.352733e-08	6.742581e-03	4.721467e+07	1.114903e+03	2.242149e+08	
8.950000e+00	3.334136e+10	1.086940e+11	1.913361e+01	4.084070e+01	2.837569e+01	1.483029e+00	4.395114e-01	0.000000e+00	0.000000e+00	0.000000e+00	1.421158e-03	3.339992e-08	6.744764e-03	4.738334e+07	1.113599e+03	2.248796e+08	
9.000000e+00	3.342840e+10	1.105529e+11	1.913761e+01	4.084070e+01	2.838163e+01	1.483029e+00	4.493573e-01	0.000000e+00	0.000000e+00	0.000000e+00	1.423081e-03	3.327273e-08	6.747118e-03	4.757133e+07	1.112254e+03	2.255454e+08	
9.050000e+00	3.352446e+10	1.123197e+11	1.914685e+01	4.084070e+01	2.839533e+01	1.483029e+00	4.505487e-01	0.000000e+00	0.000000e+00	0.000000e+00	1.425798e-03	3.323055e-08	6.749362e-03	4.779910e+07	1.114036e+03	2.262687e+08	
9.100000e+00	3.362071e+10	1.135803e+11	1.915627e+01	4.084070e+01	2.840930e+01	1.483029e+00	4.473452e-01	0.000000e+00	0.000000e+00	0.000000e+00	1.428836e-03	3.328265e-08	6.751991e-03	4.803849e+07	1.118987e+03	2.270068e+08	
9.150000e+00	3.371294e+10	1.142269e+11	1.916346e+01	4.084070e+01	2.841997e+01	1.483029e+00	4.468347e-01	0.000000e+00	0.000000e+00	0.000000e+00	1.432351e-03	3.336145e-08	6.755136e-03	4.828876e+07	1.124713e+03	2.277355e+08	
9.200000e+00	3.380395e+10	1.163702e+11	1.917004e+01	4.084070e+01	2.842971e+01	1.483029e+00	4.605078e-01	0.000000e+00	0.000000e+00	0.000000e+00	1.435642e-03	3.341789e-08	6.758190e-03	4.853036e+07	1.129657e+03	2.284535e+08	
9.250000e+00	3.390740e+10	1.172237e+11	1.918372e+01	4.084070e+01	2.845001e+01	1.483029e+00	4.560183e-01	0.000000e+00	0.000000e+00	0.000000e+00	1.439465e-03	3.354741e-08	6.761791e-03	4.880853e+07	1.137505e+03	2.292747e+08	
9.300000e+00	3.400515e+10	1.174765e+11	1.919423e+01	4.084070e+01	2.846560e+01	1.483029e+00	4.573709e-01	0.000000e+00	0.000000e+00	0.000000e+00	1.443487e-03	3.368936e-08	6.765403e-03	4.908599e+07	1.145612e+03	2.300586e+08	
9.350000e+00	3.410314e+10	1.166640e+11	1.920493e+01	4.084070e+01	2.848146e+01	1.483029e+00	4.543947e-01	0.000000e+00	0.000000e+00	0.000000e+00	1.447229e-03	3.390954e-08	6.768920e-03	4.935505e+07	1.156422e+03	2.308414e+08	
9.400000e+00	3.419719e+10	1.167671e+11	1.921347e+01	4.084070e+01	2.849412e+01	1.483029e+00	4.519442e-01	0.000000e+00	0.000000e+00	0.000000e+00	1.450544e-03	3.407304e-08	6.772820e-03	4.960453e+07	1.165202e+03	2.316114e+08	
9.450000e+00	3.428801e+10	1.164084e+11	1.922026e+01	4.084070e+01	2.850420e+01	1.483029e+00	4.593128e-01	0.000000e+00	0.000000e+00	0.000000e+00	1.454082e-03	3.418127e-08	6.776872e-03	4.985759e+07	1.172008e+03	2.323655e+08	
9.500000e+00	3.438523e+10	1.154917e+11	1.923070e+01	4.084070e+01	2.851968e+01	1.483029e+00	4.547584e-01	0.000000e+00	0.000000e+00	0.000000e+00	1.456951e-03	3.438845e-08	6.781109e-03	5.009760e+07	1.182455e+03	2.331700e+08	
9.550000e+00	3.447701e+10	1.139623e+11	1.923816e+01	4.084070e+01	2.853074e+01	1.483029e+00	4.471842e-01	0.000000e+00	0.000000e+00	0.000000e+00	1.459324e-03	3.455943e-08	6.785318e-03	5.031313e+07	1.191506e+03	2.339375e+08	
9.600000e+00	3.456075e+10	1.123774e+11	1.924121e+01	4.084070e+01	2.853526e+01	1.483029e+00	4.366544e-01	0.000000e+00	0.000000e+00	0.000000e+00	1.460927e-03	3.460078e-08	6.789305e-03	5.049072e+07	1.195829e+03	2.346435e+08	
9.650000e+00	3.463405e+10	1.113649e+11	1.923854e+01	4.084070e+01	2.853130e+01	1.483029e+00	4.366258e-01	0.000000e+00	0.000000e+00	0.000000e+00	1.461742e-03	3.447820e-08	6.792934e-03	5.062603e+07	1.194120e+03	2.352668e+08	
9.700000e+00	3.470760e+10	1.106119e+11	1.923612e+01	4.084070e+01	2.852771e+01	1.483029e+00	4.256350e-01	0.000000e+00	0.000000e+00	0.000000e+00	1.461771e-03	3.435325e-08	6.796162e-03	5.073455e+07	1.192319e+03	2.358784e+08	
9.750000e+00	3.477082e+10	1.128781e+11	1.922809e+01	4.084070e+01	2.851581e+01	1.483029e+00	4.319665e-01	0.000000e+00	0.000000e+00	0.000000e+00	1.461284e-03	3.410637e-08	6.799069e-03	5.081005e+07	1.185907e+03	2.364092e+08	
9.800000e+00	3.484095e+10	1.128380e+11	1.922401e+01	4.084070e+01	2.850976e+01	1.483029e+00	4.328133e-01	0.000000e+00	0.000000e+00	0.000000e+00	1.461779e-03	3.389633e-08	6.801744e-03	5.092979e+07	1.180980e+03	2.369793e+08	
9.850000e+00	3.491232e+10	1.111836e+11	1.922073e+01	4.084070e+01	2.850489e+01	1.483029e+00	4.295530e-01	0.000000e+00	0.000000e+00	0.000000e+00	1.461549e-03	3.368175e-08	6.804095e-03	5.102608e+07	1.175908e+03	2.375468e+08	
9.900000e+00	3.498089e+10	1.117098e+11	1.921601e+01	4.084070e+01	2.849789e+01	1.483029e+00	4.291700e-01	0.000000e+00	0.000000e+00	0.000000e+00	1.459912e-03	3.341996e-08	6.806042e-03	5.106904e+07	1.169060e+03	2.380814e+08	
9.950000e+00	3.504958e+10	1.089232e+11	1.921147e+01	4.084070e+01	2.849116e+01	1.483029e+00	4.270847e-01	0.000000e+00	0.000000e+00	0.000000e+00	1.458307e-03	3.328174e-08	6.807879e-03	5.111306e+07	1.166511e+03	2.386133e+08	
1.000000e+01	3.511673e+10	1.086959e+11	1.920621e+01	4.084070e+01	2.848335e+01	1.483029e+00	4.250730e-01	0.000000e+00	0.000000e+00	0.000000e+00	1.455063e-03	3.312152e-08	6.809320e-03	5.109704e+07	1.163119e+03	2.391210e+08	
1.005000e+01	3.518249e+10	1.075401e+11	1.920030e+01	4.084070e+01	2.847459e+01	1.483029e+00	4.264706e-01	0.000000e+00	0.000000e+00	0.000000e+00	1.451974e-03	3.290220e-08	6.810464e-03	5.108407e+07	1.157581e+03	2.396091e+08	
1.010000e+01	3.525020e+10	1.085333e+11	1.919556e+01	4.084070e+01	2.846757e+01	1.483029e+00	4.143744e-01	0.000000e+00	0.000000e+00	0.000000e+00	1.448387e-03	3.275247e-08	6.811464e-03	5.105592e+07	1.154531e+03	2.401054e+08	
1.015000e+01	3.530678e+10	1.094410e+11	1.918490e+01	4.084070e+01	2.845175e+01	1.483029e+00	4.190010e-01	0.000000e+00	0.000000e+00	0.000000e+00	1.445612e-03	3.254154e-08	6.812339e-03	5.103992e+07	1.148937e+03	2.405218e+08	
1.020000e+01	3.536891e+10	1.091665e+11	1.917737e+01	4.084070e+01	2.844059e+01	1.483029e+00	3.886704e-01	0.000000e+00	0.000000e+00	0.000000e+00	1.442983e-03	3.230614e-08	6.812947e-03	5.103674e+07	1.142633e+03	2.409665e+08	
1.025000e+01	3.540273e+10	1.107684e+11	1.915465e+01	4.084070e+01	2.840689e+01	1.483029e+00	4.041034e-01	0.000000e+00	0.000000e+00	0.000000e+00	1.440375e-03	3.206485e-08	6.813724e-03	5.099321e+07	1.135183e+03	2.412244e+08	
1.030000e+01	3.545371e+10	1.123292e+11	1.914137e+01	4.084070e+01	2.838720e+01	1.483029e+00	4.161050e-01	0.000000e+00	0.000000e+00	0.000000e+00	1.438503e-03	3.176383e-08	6.813994e-03	5.100027e+07	1.126146e+03	2.415814e+08	
1.035000e+01	3.551756e+10	1.145951e+11	1.913517e+01	4.084070e+01	2.837801e+01	1.483029e+00	4.206881e-01	0.000000e+00	0.000000e+00	0.000000e+00	1.436786e-03	3.154754e-08	6.814102e-03	5.103112e+07	1.120492e+03	2.420203e+08	
1.040000e+01	3.558643e+10	1.177037e+11	1.913179e+01	4.084070e+01	2.837299e+01	1.483029e+00	4.120176e-01	0.000000e+00	0.000000e+00	0.000000e+00	1.435363e-03	3.133835e-08	6.814244e-03	5.107946e+07	1.115220e+03	2.424946e+08	
1.045000e+01	3.564736e+10	1.191127e+11	1.912424e+01	4.084070e+01	2.836180e+01	1.483029e+00	4.161079e-01	0.000000e+00	0.000000e+00	0.000000e+00	1.434725e-03	3.109088e-08	6.814350e-03	5.114418e+07	1.108308e+03	2.429136e+08	
1.050000e+01	3.571298e+10	1.172742e+11	1.911932e+01	4.084070e+01	2.835450e+01	1.483029e+00	4.073551e-01	0.000000e+00	0.000000e+00	0.000000e+00	1.433196e-03	3.080952e-08	6.813953e-03	5.118371e+07	1.100300e+03	2.433466e+08	
1.055000e+01	3.577074e+10	1.169329e+11	1.911031e+01	4.084070e+01	2.834113e+01	1.483029e+00	4.172101e-01	0.000000e+00	0.000000e+00	0.000000e+00	1.430500e-03	3.042797e-08	6.813247e-03	5.117004e+07	1.088431e+03	2.437149e+08	
1.060000e+01	3.583886e+10	1.154347e+11	1.910693e+01	4.084070e+01	2.833612e+01	1.483029e+00	4.171478e-01	0.000000e+00	0.000000e+00	0.000000e+00	1.427732e-03	3.017161e-08	6.812665e-03	5.116828e+07	1.081316e+03	2.441581e+08	
1.065000e+01	3.590726e+10	1.157789e+11	1.910381e+01	4.084070e+01	2.833149e+01	1.483029e+00	4.231081e-01	0.000000e+00	0.000000e+00	0.000000e+00	1.424473e-03	2.996426e-08	6.812390e-03	5.114894e+07	1.075935e+03	2.446143e+08	
1.070000e+01	3.598168e+10	1.171167e+11	1.910397e+01	4.084070e+01	2.833173e+01	1.483029e+00	4.271700e-01	0.000000e+00	0.000000e+00	0.000000e+00	1.421446e-03	2.987338e-08	6.811870e-03	5.114601e+07	1.074894e+03	2.451025e+08	
1.075000e+01	3.605996e+10	1.159072e+11	1.910626e+01	4.084070e+01	2.833513e+01	1.483029e+00	4.199551e-01	0.000000e+00	0.000000e+00	0.000000e+00	1.419012e-03	2.984817e-08	6.811318e-03	5.116952e+07	1.076324e+03	2.456159e+08	
1.080000e+01	3.613112e+10	1.181679e+11	1.910485e+01	4.084070e+01	2.833304e+01	1.483029e+00	4.282022e-01	0.000000e+00	0.000000e+00	0.000000e+00	1.415683e-03	2.970097e-08	6.810637e-03	5.115022e+07	1.073129e+03	2.460759e+08	
1.085000e+01	3.621030e+10	1.204677e+11	1.910776e+01	4.084070e+01	2.833736e+01	1.483029e+00	4.712089e-01	0.000000e+00	0.000000e+00	0.000000e+00	1.412859e-03	2.969110e-08	6.810051e-03	5.116005e+07	1.075124e+03	2.465939e+08	
1.090000e+01	3.633026e+10	1.209464e+11	1.913222e+01	4.084070e+01	2.837363e+01	1.483029e+00	4.544410e-01	0.000000e+00	0.000000e+00	0.000000e+00	1.410630e-03	3.003561e-08	6.810607e-03	5.124856e+07	1.091202e+03	2.474311e+08	
1.095000e+01	3.643173e+10	1.209134e+11	1.914693e+01	4.084070e+01	2.839545e+01	1.483029e+00	4.486780e-01	0.000000e+00	0.000000e+00	0.000000e+00	1.408551e-03	3.034651e-08	6.811598e-03	5.131595e+07	1.105576e+03	2.481583e+08	
1.100000e+01	3.652618e+10	1.229043e+11	1.915799e+01	4.084070e+01	2.841185e+01	1.483029e+00	4.486010e-01	0.000000e+00	0.000000e+00	0.000000e+00	1.406264e-03	3.066211e-08	6.812627e-03	5.136545e+07	1.119970e+03	2.488393e+08	
1.105000e+01	3.661944e+10	1.237144e+11	1.916845e+01	4.084070e+01	2.842736e+01	1.483029e+00	4.464062e-01	0.000000e+00	0.000000e+00	0.000000e+00	1.404847e-03	3.098368e-08	6.813981e-03	5.144473e+07	1.134605e+03	2.495242e+08	
1.110000e+01	3.670953e+10	1.222396e+11	1.917729e+01	4.084070e+01	2.844047e+01	1.483029e+00	4.122486e-01	0.000000e+00	0.000000e+00	0.000000e+00	1.403191e-03	3.124959e-08	6.815323e-03	5.151047e+07	1.147158e+03	2.501873e+08	
1.115000e+01	3.676597e+10	1.229835e+11	1.916863e+01	4.084070e+01	2.842762e+01	1.483029e+00	4.209211e-01	0.000000e+00	0.000000e+00	0.000000e+00	1.401156e-03	3.124383e-08	6.816644e-03	5.151485e+07	1.148710e+03	2.506205e+08	
1.120000e+01	3.683162e+10	1.232850e+11	1.916487e+01	4.084070e+01	2.842205e+01	1.483029e+00	4.222272e-01	0.000000e+00	0.000000e+00	0.000000e+00	1.399269e-03	3.118583e-08	6.817638e-03	5.153734e+07	1.148625e+03	2.511046e+08	
1.125000e+01	3.689890e+10	1.238362e+11	1.916205e+01	4.084070e+01	2.841786e+01	1.483029e+00	4.247171e-01	0.000000e+00	0.000000e+00	0.000000e+00	1.397053e-03	3.103710e-08	6.818439e-03	5.154973e+07	1.145235e+03	2.515929e+08	
1.130000e+01	3.696887e+10	1.234074e+11	1.916070e+01	4.084070e+01	2.841586e+01	1.483029e+00	4.294560e-01	0.000000e+00	0.000000e+00	0.000000e+00	1.394914e-03	3.089526e-08	6.819148e-03	5.156840e+07	1.142163e+03	2.520962e+08	
1.135000e+01	3.704351e+10	1.215476e+11	1.916185e+01	4.084070e+01	2.841757e+01	1.483029e+00	4.128601e-01	0.000000e+00	0.000000e+00	0.000000e+00	1.392040e-03	3.085118e-08	6.819867e-03	5.156606e+07	1.142836e+03	2.526318e+08	
1.140000e+01	3.710213e+10	1.212308e+11	1.915480e+01	4.084070e+01	2.840711e+01	1.483029e+00	3.931608e-01	0.000000e+00	0.000000e+00	0.000000e+00	1.388695e-03	3.054398e-08	6.820485e-03	5.152352e+07	1.133247e+03	2.530545e+08	
1.145000e+01	3.714261e+10	1.214468e+11	1.913850e+01	4.084070e+01	2.838294e+01	1.483029e+00	3.946550e-01	0.000000e+00	0.000000e+00	0.000000e+00	1.385243e-03	3.025123e-08	6.821012e-03	5.145154e+07	1.123610e+03	2.533502e+08	
1.150000e+01	3.718623e+10	1.213061e+11	1.912395e+01	4.084070e+01	2.836136e+01	1.483029e+00	4.015550e-01	0.000000e+00	0.000000e+00	0.000000e+00	1.382017e-03	2.978934e-08	6.821021e-03	5.139201e+07	1.107753e+03	2.536481e+08	
1.155000e+01	3.723797e+10	1.257612e+11	1.911369e+01	4.084070e+01	2.834615e+01	1.483029e+00	3.992639e-01	0.000000e+00	0.000000e+00	0.000000e+00	1.378324e-03	2.935301e-08	6.820619e-03	5.132597e+07	1.093046e+03	2.539860e+08	
1.160000e+01	3.728858e+10	1.294989e+11	1.910297e+01	4.084070e+01	2.833025e+01	1.483029e+00	3.897601e-01	0.000000e+00	0.000000e+00	0.000000e+00	1.375314e-03	2.887780e-08	6.819974e-03	5.128353e+07	1.076812e+03	2.543071e+08	
1.165000e+01	3.733123e+10	1.323622e+11	1.908829e+01	4.084070e+01	2.830848e+01	1.483029e+00	3.876922e-01	0.000000e+00	0.000000e+00	0.000000e+00	1.372956e-03	2.842268e-08	6.819231e-03	5.125413e+07	1.061054e+03	2.545703e+08	
1.170000e+01	3.737345e+10	1.341832e+11	1.907351e+01	4.084070e+01	2.828656e+01	1.483029e+00	4.022157e-01	0.000000e+00	0.000000e+00	0.000000e+00	1.370933e-03	2.793983e-08	6.818288e-03	5.123651e+07	1.044208e+03	2.548229e+08	
1.175000e+01	3.743107e+10	1.355003e+11	1.906670e+01	4.084070e+01	2.827646e+01	1.483029e+00	4.219465e-01	0.000000e+00	0.000000e+00	0.000000e+00	1.369551e-03	2.754505e-08	6.817286e-03	5.126376e+07	1.031040e+03	2.551783e+08	
1.180000e+01	3.750820e+10	1.357050e+11	1.906991e+01	4.084070e+01	2.828122e+01	1.483029e+00	4.008798e-01	0.000000e+00	0.000000e+00	0.000000e+00	1.368242e-03	2.742019e-08	6.816812e-03	5.132029e+07	1.028482e+03	2.556863e+08	
1.185000e+01	3.756492e+10	1.354996e+11	1.906281e+01	4.084070e+01	2.827069e+01	1.483029e+00	4.082863e-01	0.000000e+00	0.000000e+00	0.000000e+00	1.367129e-03	2.717339e-08	6.816375e-03	5.135607e+07	1.020766e+03	2.560566e+08	
1.190000e+01	3.762943e+10	1.360463e+11	1.905975e+01	4.084070e+01	2.826616e+01	1.483029e+00	4.129633e-01	0.000000e+00	0.000000e+00	0.000000e+00	1.365139e-03	2.693726e-08	6.815711e-03	5.136941e+07	1.013634e+03	2.564713e+08	
1.195000e+01	3.769872e+10	1.375787e+11	1.905919e+01	4.084070e+01	2.826533e+01	1.483029e+00	4.157118e-01	0.000000e+00	0.000000e+00	0.000000e+00	1.363141e-03	2.672654e-08	6.815011e-03	5.138866e+07	1.007556e+03	2.569172e+08	
1.200000e+01	3.777068e+10	1.361106e+11	1.906005e+01	4.084070e+01	2.826660e+01	1.483029e+00	4.036083e-01	0.000000e+00	0.000000e+00	0.000000e+00	1.362248e-03	2.653678e-08	6.814624e-03	5.145305e+07	1.002312e+03	2.573930e+08	
1.205000e+01	3.783103e+10	1.331141e+11	1.905511e+01	4.084070e+01	2.825928e+01	1.483029e+00	4.094408e-01	0.000000e+00	0.000000e+00	0.000000e+00	1.361235e-03	2.621733e-08	6.814160e-03	5.149691e+07	9.918287e+02	2.577867e+08	
1.210000e+01	3.789744e+10	1.330775e+11	1.905331e+01	4.084070e+01	2.825661e+01	1.483029e+00	4.129069e-01	0.000000e+00	0.000000e+00	0.000000e+00	1.359658e-03	2.598480e-08	6.813357e-03	5.152756e+07	9.847574e+02	2.582088e+08	
1.215000e+01	3.796734e+10	1.350847e+11	1.905334e+01	4.084070e+01	2.825664e+01	1.483029e+00	4.359062e-01	0.000000e+00	0.000000e+00	0.000000e+00	1.358026e-03	2.579646e-08	6.812523e-03	5.156062e+07	9.794229e+02	2.586534e+08	
1.220000e+01	3.805915e+10	1.354157e+11	1.906440e+01	4.084070e+01	2.827304e+01	1.483029e+00	4.302879e-01	0.000000e+00	0.000000e+00	0.000000e+00	1.356998e-03	2.594101e-08	6.812378e-03	5.164620e+07	9.872928e+02	2.592733e+08	
1.225000e+01	3.814447e+10	1.385269e+11	1.907224e+01	4.084070e+01	2.828467e+01	1.483029e+00	4.384451e-01	0.000000e+00	0.000000e+00	0.000000e+00	1.356309e-03	2.602596e-08	6.812279e-03	5.173568e+07	9.927463e+02	2.598508e+08	
1.230000e+01	3.823677e+10	1.393378e+11	1.908359e+01	4.084070e+01	2.830151e+01	1.483029e+00	4.384649e-01	0.000000e+00	0.000000e+00	0.000000e+00	1.356640e-03	2.622072e-08	6.812176e-03	5.187354e+07	1.002596e+03	2.604756e+08	
1.235000e+01	3.832792e+10	1.409466e+11	1.909440e+01	4.084070e+01	2.831754e+01	1.483029e+00	4.314157e-01	0.000000e+00	0.000000e+00	0.000000e+00	1.357098e-03	2.641601e-08	6.812139e-03	5.201476e+07	1.012471e+03	2.610951e+08	
1.240000e+01	3.841124e+10	1.420836e+11	1.910134e+01	4.084070e+01	2.832783e+01	1.483029e+00	4.119617e-01	0.000000e+00	0.000000e+00	0.000000e+00	1.357875e-03	2.655418e-08	6.812048e-03	5.215765e+07	1.019979e+03	2.616592e+08	
1.245000e+01	3.847527e+10	1.438631e+11	1.909873e+01	4.084070e+01	2.832397e+01	1.483029e+00	4.189481e-01	0.000000e+00	0.000000e+00	0.000000e+00	1.359435e-03	2.664071e-08	6.812198e-03	5.230464e+07	1.025008e+03	2.621012e+08	
