# COLUMN NUMBERS: 
#	0: time [Gyr]
#	1: mgas [Msun]			ISM gas mass
#	2: mstar [Msun]			Stellar mass
#	3: sfr [Msun/yr]		Star formation rate
#	4: ifr [Msun/yr]		Infall rate
#	5: ofr [Msun/yr]		Outfow rate
#	6: eta_0			Mass-loading factor
#	7: r_eff			Effective recycilng rate
#	8: z_in(fe)			Inflow fe metallicity
#	9: z_in(sr)			Inflow sr metallicity
#	10: z_in(o)			Inflow o metallicity
#	11: z_out(fe)			Outflow fe metallicity
#	12: z_out(sr)			Outflow sr metallicity
#	13: z_out(o)			Outflow o metallicity
#	14: mass(fe) [Msun]		mass of element fe in ISM
#	15: mass(sr) [Msun]		mass of element sr in ISM
#	16: mass(o) [Msun]		mass of element o in ISM
0.000000e+00	1.000000e-12	1.813243e-29	2.493931e-37	4.084070e+01	3.698571e-37	1.483029e+00	2.729379e-01	0.000000e+00	0.000000e+00	0.000000e+00	4.408234e-294	2.671657e-295	1.068663e-294	0.000000e+00	0.000000e+00	0.000000e+00	
1.000000e-01	4.084070e+09	4.486931e+08	6.171317e+00	4.084070e+01	9.152240e+00	1.483029e+00	2.729379e-01	0.000000e+00	0.000000e+00	0.000000e+00	1.194337e-04	1.333676e-09	1.492921e-03	4.877756e+05	5.446827e+00	6.097195e+06	
2.000000e-01	6.804224e+09	1.158082e+09	9.955175e+00	4.084070e+01	1.476381e+01	1.483029e+00	2.874169e-01	0.000000e+00	0.000000e+00	0.000000e+00	1.682378e-04	1.878655e-09	2.102972e-03	1.144727e+06	1.278279e+01	1.430909e+07	
3.000000e-01	8.702524e+09	2.024306e+09	1.235239e+01	4.084070e+01	1.831895e+01	1.483029e+00	2.987401e-01	0.000000e+00	0.000000e+00	0.000000e+00	2.099467e-04	2.377713e-09	2.624261e-03	1.827066e+06	2.069210e+01	2.283769e+07	
4.000000e-01	1.008848e+10	3.062518e+09	1.391617e+01	4.084070e+01	2.063807e+01	1.483029e+00	3.092037e-01	0.000000e+00	0.000000e+00	0.000000e+00	2.590058e-04	2.881805e-09	3.067059e-03	2.612974e+06	2.907303e+01	3.094195e+07	
5.000000e-01	1.114742e+10	4.150663e+09	1.496676e+01	4.084070e+01	2.219613e+01	1.483029e+00	3.176977e-01	0.000000e+00	0.000000e+00	0.000000e+00	3.142579e-04	3.423379e-09	3.440570e-03	3.503163e+06	3.816183e+01	3.835346e+07	
6.000000e-01	1.199069e+10	5.324949e+09	1.569132e+01	4.084070e+01	2.327067e+01	1.483029e+00	3.251823e-01	0.000000e+00	0.000000e+00	0.000000e+00	3.703203e-04	4.003726e-09	3.754023e-03	4.440395e+06	4.800743e+01	4.501332e+07	
7.000000e-01	1.268881e+10	4.272982e+09	1.620472e+01	4.084070e+01	2.403207e+01	1.483029e+00	2.952008e-01	0.000000e+00	0.000000e+00	0.000000e+00	4.248999e-04	4.643109e-09	4.016521e-03	5.391476e+06	5.891554e+01	5.096489e+07	
8.000000e-01	1.322757e+10	4.265366e+09	1.650437e+01	4.084070e+01	2.447645e+01	1.483029e+00	2.907529e-01	0.000000e+00	0.000000e+00	0.000000e+00	4.493639e-04	5.029396e-09	4.230180e-03	5.943992e+06	6.652669e+01	5.595499e+07	
9.000000e-01	1.369343e+10	5.416884e+09	1.671008e+01	4.084070e+01	2.478152e+01	1.483029e+00	3.108840e-01	0.000000e+00	0.000000e+00	0.000000e+00	4.602970e-04	5.322972e-09	4.403561e-03	6.303043e+06	7.288972e+01	6.029984e+07	
1.000000e+00	1.414783e+10	8.774803e+09	1.690108e+01	4.084070e+01	2.506478e+01	1.483029e+00	3.515269e-01	0.000000e+00	0.000000e+00	0.000000e+00	4.648394e-04	5.696008e-09	4.547063e-03	6.576467e+06	8.058613e+01	6.433106e+07	
1.100000e+00	1.462943e+10	1.099466e+10	1.712331e+01	4.084070e+01	2.539436e+01	1.483029e+00	3.645051e-01	0.000000e+00	0.000000e+00	0.000000e+00	5.007424e-04	6.751306e-09	4.674464e-03	7.325576e+06	9.876775e+01	6.838474e+07	
1.200000e+00	1.508589e+10	1.208390e+10	1.731468e+01	4.084070e+01	2.567816e+01	1.483029e+00	3.522402e-01	0.000000e+00	0.000000e+00	0.000000e+00	5.491875e-04	8.095668e-09	4.789023e-03	8.284981e+06	1.221303e+02	7.224665e+07	
1.300000e+00	1.548057e+10	1.195066e+10	1.743553e+01	4.084070e+01	2.585739e+01	1.483029e+00	3.247019e-01	0.000000e+00	0.000000e+00	0.000000e+00	6.018748e-04	9.477983e-09	4.891860e-03	9.317363e+06	1.467245e+02	7.572876e+07	
1.400000e+00	1.580148e+10	1.189248e+10	1.747628e+01	4.084070e+01	2.591782e+01	1.483029e+00	3.169462e-01	0.000000e+00	0.000000e+00	0.000000e+00	6.303338e-04	1.040260e-08	4.976075e-03	9.960206e+06	1.643765e+02	7.862934e+07	
1.500000e+00	1.610004e+10	1.415512e+10	1.749679e+01	4.084070e+01	2.594824e+01	1.483029e+00	3.326715e-01	0.000000e+00	0.000000e+00	0.000000e+00	6.390211e-04	1.076375e-08	5.043881e-03	1.028827e+07	1.732968e+02	8.120669e+07	
1.600000e+00	1.642168e+10	1.862472e+10	1.754637e+01	4.084070e+01	2.602176e+01	1.483029e+00	3.707451e-01	0.000000e+00	0.000000e+00	0.000000e+00	6.718985e-04	1.149345e-08	5.105047e-03	1.103370e+07	1.887417e+02	8.383344e+07	
1.700000e+00	1.679946e+10	2.191678e+10	1.765813e+01	4.084070e+01	2.618751e+01	1.483029e+00	3.888165e-01	0.000000e+00	0.000000e+00	0.000000e+00	7.183759e-04	1.293475e-08	5.165419e-03	1.206833e+07	2.172968e+02	8.677624e+07	
1.800000e+00	1.718554e+10	2.509925e+10	1.777946e+01	4.084070e+01	2.636745e+01	1.483029e+00	4.022429e-01	0.000000e+00	0.000000e+00	0.000000e+00	7.825265e-04	1.473328e-08	5.225948e-03	1.344814e+07	2.531995e+02	8.981075e+07	
1.900000e+00	1.757009e+10	2.728458e+10	1.789976e+01	4.084070e+01	2.654586e+01	1.483029e+00	4.103236e-01	0.000000e+00	0.000000e+00	0.000000e+00	8.507071e-04	1.668032e-08	5.285231e-03	1.494700e+07	2.930747e+02	9.286197e+07	
2.000000e+00	1.794407e+10	3.161149e+10	1.800992e+01	4.084070e+01	2.670922e+01	1.483029e+00	4.234229e-01	0.000000e+00	0.000000e+00	0.000000e+00	9.146957e-04	1.867458e-08	5.342683e-03	1.641336e+07	3.350978e+02	9.586946e+07	
2.100000e+00	1.831880e+10	3.474038e+10	1.812147e+01	4.084070e+01	2.687466e+01	1.483029e+00	4.305455e-01	0.000000e+00	0.000000e+00	0.000000e+00	9.802825e-04	2.081086e-08	5.398586e-03	1.795760e+07	3.812301e+02	9.889564e+07	
2.200000e+00	1.868347e+10	3.915789e+10	1.822370e+01	4.084070e+01	2.702627e+01	1.483029e+00	4.538107e-01	0.000000e+00	0.000000e+00	0.000000e+00	1.002333e-03	2.238856e-08	5.448670e-03	1.872705e+07	4.182960e+02	1.018001e+08	
2.300000e+00	1.906956e+10	4.451704e+10	1.834721e+01	4.084070e+01	2.720944e+01	1.483029e+00	4.542709e-01	0.000000e+00	0.000000e+00	0.000000e+00	1.055571e-03	2.440659e-08	5.501051e-03	2.012926e+07	4.654228e+02	1.049026e+08	
2.400000e+00	1.943142e+10	4.989578e+10	1.844774e+01	4.084070e+01	2.735852e+01	1.483029e+00	4.669419e-01	0.000000e+00	0.000000e+00	0.000000e+00	1.125984e-03	2.662733e-08	5.554882e-03	2.187947e+07	5.174070e+02	1.079393e+08	
2.500000e+00	1.979627e+10	4.869986e+10	1.855160e+01	4.084070e+01	2.751255e+01	1.483029e+00	4.311788e-01	0.000000e+00	0.000000e+00	0.000000e+00	1.195074e-03	2.868644e-08	5.605551e-03	2.365800e+07	5.678845e+02	1.109690e+08	
2.600000e+00	2.007383e+10	5.001880e+10	1.857507e+01	4.084070e+01	2.754737e+01	1.483029e+00	4.449687e-01	0.000000e+00	0.000000e+00	0.000000e+00	1.231930e-03	2.973846e-08	5.649177e-03	2.472955e+07	5.969649e+02	1.134006e+08	
2.700000e+00	2.037219e+10	4.642579e+10	1.861985e+01	4.084070e+01	2.761376e+01	1.483029e+00	4.120585e-01	0.000000e+00	0.000000e+00	0.000000e+00	1.248641e-03	3.039129e-08	5.686423e-03	2.543755e+07	6.191372e+02	1.158449e+08	
2.800000e+00	2.060015e+10	5.011119e+10	1.860270e+01	4.084070e+01	2.758833e+01	1.483029e+00	4.509494e-01	0.000000e+00	0.000000e+00	0.000000e+00	1.220416e-03	2.944776e-08	5.712685e-03	2.514075e+07	6.066281e+02	1.176821e+08	
2.900000e+00	2.090400e+10	5.004174e+10	1.865630e+01	4.084070e+01	2.766782e+01	1.483029e+00	4.368687e-01	0.000000e+00	0.000000e+00	0.000000e+00	1.222683e-03	2.919731e-08	5.739299e-03	2.555896e+07	6.103405e+02	1.199743e+08	
3.000000e+00	2.117069e+10	4.911772e+10	1.867837e+01	4.084070e+01	2.770056e+01	1.483029e+00	4.374174e-01	0.000000e+00	0.000000e+00	0.000000e+00	1.237795e-03	2.921424e-08	5.768778e-03	2.620498e+07	6.184857e+02	1.221290e+08	
3.100000e+00	2.143390e+10	4.803616e+10	1.869929e+01	4.084070e+01	2.773158e+01	1.483029e+00	4.306778e-01	0.000000e+00	0.000000e+00	0.000000e+00	1.252835e-03	2.950978e-08	5.796929e-03	2.685314e+07	6.325095e+02	1.242508e+08	
3.200000e+00	2.168022e+10	4.959884e+10	1.870747e+01	4.084070e+01	2.774371e+01	1.483029e+00	4.252812e-01	0.000000e+00	0.000000e+00	0.000000e+00	1.257308e-03	2.960343e-08	5.821359e-03	2.725872e+07	6.418088e+02	1.262083e+08	
3.300000e+00	2.191476e+10	5.169198e+10	1.870760e+01	4.084070e+01	2.774391e+01	1.483029e+00	4.351396e-01	0.000000e+00	0.000000e+00	0.000000e+00	1.251611e-03	2.948412e-08	5.840895e-03	2.742875e+07	6.461375e+02	1.280018e+08	
3.400000e+00	2.216772e+10	5.285978e+10	1.872539e+01	4.084070e+01	2.777028e+01	1.483029e+00	4.529955e-01	0.000000e+00	0.000000e+00	0.000000e+00	1.260498e-03	2.970269e-08	5.861221e-03	2.794238e+07	6.584409e+02	1.299299e+08	
3.500000e+00	2.245048e+10	5.361081e+10	1.876972e+01	4.084070e+01	2.783604e+01	1.483029e+00	4.322898e-01	0.000000e+00	0.000000e+00	0.000000e+00	1.262317e-03	2.982839e-08	5.878500e-03	2.833961e+07	6.696616e+02	1.319751e+08	
3.600000e+00	2.268537e+10	5.484377e+10	1.877548e+01	4.084070e+01	2.784458e+01	1.483029e+00	4.295109e-01	0.000000e+00	0.000000e+00	0.000000e+00	1.265836e-03	2.971962e-08	5.897012e-03	2.871597e+07	6.742005e+02	1.337759e+08	
3.700000e+00	2.291386e+10	5.881341e+10	1.877775e+01	4.084070e+01	2.784794e+01	1.483029e+00	4.412712e-01	0.000000e+00	0.000000e+00	0.000000e+00	1.265535e-03	2.940727e-08	5.912395e-03	2.899829e+07	6.738341e+02	1.354758e+08	
3.800000e+00	2.316397e+10	5.906283e+10	1.879930e+01	4.084070e+01	2.787990e+01	1.483029e+00	4.222552e-01	0.000000e+00	0.000000e+00	0.000000e+00	1.278086e-03	2.958920e-08	5.928725e-03	2.960555e+07	6.854033e+02	1.373328e+08	
3.900000e+00	2.337393e+10	5.957242e+10	1.878989e+01	4.084070e+01	2.786594e+01	1.483029e+00	4.097231e-01	0.000000e+00	0.000000e+00	0.000000e+00	1.264313e-03	2.906028e-08	5.940107e-03	2.955197e+07	6.792531e+02	1.388437e+08	
4.000000e+00	2.356229e+10	6.423126e+10	1.876510e+01	4.084070e+01	2.782918e+01	1.483029e+00	4.205004e-01	0.000000e+00	0.000000e+00	0.000000e+00	1.235882e-03	2.819823e-08	5.946806e-03	2.912020e+07	6.644148e+02	1.401203e+08	
4.100000e+00	2.377600e+10	6.453595e+10	1.876237e+01	4.084070e+01	2.782514e+01	1.483029e+00	4.233554e-01	0.000000e+00	0.000000e+00	0.000000e+00	1.224296e-03	2.761079e-08	5.954124e-03	2.910886e+07	6.564743e+02	1.415653e+08	
4.200000e+00	2.399564e+10	6.736103e+10	1.876586e+01	4.084070e+01	2.783031e+01	1.483029e+00	4.316957e-01	0.000000e+00	0.000000e+00	0.000000e+00	1.218681e-03	2.724671e-08	5.962909e-03	2.924302e+07	6.538022e+02	1.430838e+08	
4.300000e+00	2.423020e+10	6.734706e+10	1.878235e+01	4.084070e+01	2.785476e+01	1.483029e+00	4.354447e-01	0.000000e+00	0.000000e+00	0.000000e+00	1.222945e-03	2.742448e-08	5.974082e-03	2.963221e+07	6.645007e+02	1.447532e+08	
4.400000e+00	2.446843e+10	7.307306e+10	1.880279e+01	4.084070e+01	2.788508e+01	1.483029e+00	4.449538e-01	0.000000e+00	0.000000e+00	0.000000e+00	1.231082e-03	2.786271e-08	5.985878e-03	3.012264e+07	6.817569e+02	1.464650e+08	
4.500000e+00	2.472035e+10	7.279170e+10	1.883471e+01	4.084070e+01	2.793241e+01	1.483029e+00	4.396285e-01	0.000000e+00	0.000000e+00	0.000000e+00	1.244174e-03	2.839220e-08	5.997166e-03	3.075643e+07	7.018652e+02	1.482521e+08	
4.600000e+00	2.495574e+10	7.491270e+10	1.885494e+01	4.084070e+01	2.796241e+01	1.483029e+00	4.548281e-01	0.000000e+00	0.000000e+00	0.000000e+00	1.250709e-03	2.848317e-08	6.008230e-03	3.121235e+07	7.108186e+02	1.499398e+08	
4.700000e+00	2.521565e+10	7.444548e+10	1.889450e+01	4.084070e+01	2.802109e+01	1.483029e+00	4.638826e-01	0.000000e+00	0.000000e+00	0.000000e+00	1.248072e-03	2.858387e-08	6.020541e-03	3.147095e+07	7.207607e+02	1.518119e+08	
4.800000e+00	2.548464e+10	7.076124e+10	1.894144e+01	4.084070e+01	2.809070e+01	1.483029e+00	4.454820e-01	0.000000e+00	0.000000e+00	0.000000e+00	1.260516e-03	2.915462e-08	6.038585e-03	3.212379e+07	7.429951e+02	1.538912e+08	
4.900000e+00	2.570931e+10	7.141466e+10	1.895616e+01	4.084070e+01	2.811253e+01	1.483029e+00	4.422287e-01	0.000000e+00	0.000000e+00	0.000000e+00	1.278625e-03	2.984239e-08	6.058104e-03	3.287255e+07	7.672272e+02	1.557497e+08	
5.000000e+00	2.592480e+10	6.705027e+10	1.896513e+01	4.084070e+01	2.812583e+01	1.483029e+00	4.158842e-01	0.000000e+00	0.000000e+00	0.000000e+00	1.288137e-03	3.058961e-08	6.076078e-03	3.339470e+07	7.930295e+02	1.575211e+08	
5.100000e+00	2.608851e+10	6.518020e+10	1.893751e+01	4.084070e+01	2.808487e+01	1.483029e+00	4.117186e-01	0.000000e+00	0.000000e+00	0.000000e+00	1.269692e-03	3.012428e-08	6.087038e-03	3.312437e+07	7.858974e+02	1.588017e+08	
5.200000e+00	2.625003e+10	7.109966e+10	1.890985e+01	4.084070e+01	2.804385e+01	1.483029e+00	4.461402e-01	0.000000e+00	0.000000e+00	0.000000e+00	1.251658e-03	2.957796e-08	6.095800e-03	3.285606e+07	7.764225e+02	1.600149e+08	
5.300000e+00	2.648238e+10	7.077795e+10	1.893433e+01	4.084070e+01	2.808015e+01	1.483029e+00	4.301135e-01	0.000000e+00	0.000000e+00	0.000000e+00	1.246390e-03	2.985626e-08	6.107642e-03	3.300736e+07	7.906648e+02	1.617449e+08	
5.400000e+00	2.667939e+10	7.169335e+10	1.893441e+01	4.084070e+01	2.808027e+01	1.483029e+00	4.209944e-01	0.000000e+00	0.000000e+00	0.000000e+00	1.252829e-03	3.011478e-08	6.119978e-03	3.342471e+07	8.034440e+02	1.632773e+08	
5.500000e+00	2.685912e+10	6.950583e+10	1.892333e+01	4.084070e+01	2.806384e+01	1.483029e+00	4.186755e-01	0.000000e+00	0.000000e+00	0.000000e+00	1.245964e-03	2.992436e-08	6.127637e-03	3.346550e+07	8.037421e+02	1.645830e+08	
5.600000e+00	2.703675e+10	7.000139e+10	1.891193e+01	4.084070e+01	2.804693e+01	1.483029e+00	4.155828e-01	0.000000e+00	0.000000e+00	0.000000e+00	1.238581e-03	2.974009e-08	6.135042e-03	3.348720e+07	8.040753e+02	1.658716e+08	
5.700000e+00	2.721088e+10	7.066797e+10	1.889921e+01	4.084070e+01	2.802807e+01	1.483029e+00	4.165053e-01	0.000000e+00	0.000000e+00	0.000000e+00	1.229492e-03	2.942022e-08	6.140946e-03	3.345556e+07	8.005502e+02	1.671006e+08	
5.800000e+00	2.738939e+10	7.601868e+10	1.889063e+01	4.084070e+01	2.801534e+01	1.483029e+00	4.195827e-01	0.000000e+00	0.000000e+00	0.000000e+00	1.222439e-03	2.916409e-08	6.146424e-03	3.348185e+07	7.987865e+02	1.683468e+08	
5.900000e+00	2.757548e+10	8.132148e+10	1.888826e+01	4.084070e+01	2.801183e+01	1.483029e+00	4.252551e-01	0.000000e+00	0.000000e+00	0.000000e+00	1.216040e-03	2.911921e-08	6.151449e-03	3.353288e+07	8.029762e+02	1.696292e+08	
6.000000e+00	2.777277e+10	7.828618e+10	1.889442e+01	4.084070e+01	2.802097e+01	1.483029e+00	4.206585e-01	0.000000e+00	0.000000e+00	0.000000e+00	1.215866e-03	2.902603e-08	6.156437e-03	3.376796e+07	8.061332e+02	1.709813e+08	
6.100000e+00	2.796011e+10	7.934776e+10	1.889464e+01	4.084070e+01	2.802129e+01	1.483029e+00	4.222064e-01	0.000000e+00	0.000000e+00	0.000000e+00	1.212823e-03	2.876840e-08	6.160738e-03	3.391067e+07	8.043677e+02	1.722549e+08	
6.200000e+00	2.815034e+10	8.002988e+10	1.889762e+01	4.084070e+01	2.802571e+01	1.483029e+00	3.947362e-01	0.000000e+00	0.000000e+00	0.000000e+00	1.211503e-03	2.854035e-08	6.165216e-03	3.410421e+07	8.034203e+02	1.735529e+08	
6.300000e+00	2.828803e+10	7.904626e+10	1.886634e+01	4.084070e+01	2.797932e+01	1.483029e+00	3.931986e-01	0.000000e+00	0.000000e+00	0.000000e+00	1.205153e-03	2.785943e-08	6.168498e-03	3.409140e+07	7.880883e+02	1.744947e+08	
6.400000e+00	2.842936e+10	8.174925e+10	1.883866e+01	4.084070e+01	2.793827e+01	1.483029e+00	3.961579e-01	0.000000e+00	0.000000e+00	0.000000e+00	1.174953e-03	2.656045e-08	6.165824e-03	3.340317e+07	7.550965e+02	1.752904e+08	
6.500000e+00	2.858204e+10	8.446974e+10	1.881958e+01	4.084070e+01	2.790998e+01	1.483029e+00	4.092794e-01	0.000000e+00	0.000000e+00	0.000000e+00	1.151436e-03	2.546808e-08	6.162395e-03	3.291039e+07	7.279297e+02	1.761338e+08	
6.600000e+00	2.876340e+10	8.576567e+10	1.882026e+01	4.084070e+01	2.791098e+01	1.483029e+00	4.174333e-01	0.000000e+00	0.000000e+00	0.000000e+00	1.144530e-03	2.478375e-08	6.161834e-03	3.292057e+07	7.128650e+02	1.772353e+08	
6.700000e+00	2.895997e+10	8.804177e+10	1.883154e+01	4.084070e+01	2.792772e+01	1.483029e+00	4.240899e-01	0.000000e+00	0.000000e+00	0.000000e+00	1.146257e-03	2.445846e-08	6.163513e-03	3.319557e+07	7.083163e+02	1.784952e+08	
6.800000e+00	2.916674e+10	8.707681e+10	1.885000e+01	4.084070e+01	2.795508e+01	1.483029e+00	4.184726e-01	0.000000e+00	0.000000e+00	0.000000e+00	1.153306e-03	2.440237e-08	6.166744e-03	3.363817e+07	7.117376e+02	1.798638e+08	
6.900000e+00	2.935912e+10	8.947511e+10	1.885968e+01	4.084070e+01	2.796945e+01	1.483029e+00	4.185337e-01	0.000000e+00	0.000000e+00	0.000000e+00	1.154781e-03	2.414278e-08	6.169975e-03	3.390337e+07	7.088108e+02	1.811451e+08	
7.000000e+00	2.954962e+10	8.976323e+10	1.886873e+01	4.084070e+01	2.798286e+01	1.483029e+00	4.241731e-01	0.000000e+00	0.000000e+00	0.000000e+00	1.154885e-03	2.386523e-08	6.173074e-03	3.412641e+07	7.052086e+02	1.824120e+08	
7.100000e+00	2.974890e+10	8.457479e+10	1.888390e+01	4.084070e+01	2.800536e+01	1.483029e+00	4.056727e-01	0.000000e+00	0.000000e+00	0.000000e+00	1.160355e-03	2.381118e-08	6.177615e-03	3.451928e+07	7.083562e+02	1.837772e+08	
7.200000e+00	2.991011e+10	8.325034e+10	1.887553e+01	4.084070e+01	2.799294e+01	1.483029e+00	3.991392e-01	0.000000e+00	0.000000e+00	0.000000e+00	1.173490e-03	2.375461e-08	6.183899e-03	3.509920e+07	7.105030e+02	1.849611e+08	
7.300000e+00	3.006073e+10	8.287666e+10	1.886124e+01	4.084070e+01	2.797175e+01	1.483029e+00	4.043355e-01	0.000000e+00	0.000000e+00	0.000000e+00	1.155131e-03	2.310486e-08	6.185554e-03	3.472408e+07	6.945488e+02	1.859423e+08	
7.400000e+00	3.022413e+10	8.565389e+10	1.885570e+01	4.084070e+01	2.796354e+01	1.483029e+00	4.111489e-01	0.000000e+00	0.000000e+00	0.000000e+00	1.145970e-03	2.273599e-08	6.188876e-03	3.463595e+07	6.871754e+02	1.870534e+08	
7.500000e+00	3.040152e+10	8.756443e+10	1.885952e+01	4.084070e+01	2.796921e+01	1.483029e+00	3.962065e-01	0.000000e+00	0.000000e+00	0.000000e+00	1.143928e-03	2.259328e-08	6.193575e-03	3.477717e+07	6.868702e+02	1.882941e+08	
7.600000e+00	3.054995e+10	8.837837e+10	1.884601e+01	4.084070e+01	2.794918e+01	1.483029e+00	4.213922e-01	0.000000e+00	0.000000e+00	0.000000e+00	1.148779e-03	2.256620e-08	6.200044e-03	3.509513e+07	6.893963e+02	1.894110e+08	
7.700000e+00	3.074865e+10	8.682266e+10	1.886408e+01	4.084070e+01	2.797597e+01	1.483029e+00	4.200289e-01	0.000000e+00	0.000000e+00	0.000000e+00	1.155313e-03	2.304521e-08	6.208724e-03	3.552433e+07	7.086091e+02	1.909099e+08	
7.800000e+00	3.094106e+10	8.902026e+10	1.887868e+01	4.084070e+01	2.799762e+01	1.483029e+00	4.220437e-01	0.000000e+00	0.000000e+00	0.000000e+00	1.160494e-03	2.347405e-08	6.217797e-03	3.590691e+07	7.263120e+02	1.923853e+08	
7.900000e+00	3.113427e+10	9.218581e+10	1.889415e+01	4.084070e+01	2.802057e+01	1.483029e+00	4.301642e-01	0.000000e+00	0.000000e+00	0.000000e+00	1.166426e-03	2.386578e-08	6.226937e-03	3.631583e+07	7.430436e+02	1.938711e+08	
8.000000e+00	3.133962e+10	9.452669e+10	1.891734e+01	4.084070e+01	2.805496e+01	1.483029e+00	4.343186e-01	0.000000e+00	0.000000e+00	0.000000e+00	1.177578e-03	2.448652e-08	6.237454e-03	3.690485e+07	7.673983e+02	1.954795e+08	
8.100000e+00	3.154808e+10	9.857382e+10	1.894268e+01	4.084070e+01	2.809254e+01	1.483029e+00	4.406867e-01	0.000000e+00	0.000000e+00	0.000000e+00	1.191133e-03	2.514205e-08	6.249160e-03	3.757796e+07	7.931833e+02	1.971490e+08	
8.200000e+00	3.176341e+10	9.949617e+10	1.897238e+01	4.084070e+01	2.813658e+01	1.483029e+00	4.390136e-01	0.000000e+00	0.000000e+00	0.000000e+00	1.206876e-03	2.588190e-08	6.261428e-03	3.833450e+07	8.220974e+02	1.988843e+08	
8.300000e+00	3.196950e+10	1.012693e+11	1.899679e+01	4.084070e+01	2.817278e+01	1.483029e+00	4.487337e-01	0.000000e+00	0.000000e+00	0.000000e+00	1.219207e-03	2.644486e-08	6.273143e-03	3.897744e+07	8.454287e+02	2.005492e+08	
8.400000e+00	3.218906e+10	1.035903e+11	1.902942e+01	4.084070e+01	2.822117e+01	1.483029e+00	4.589053e-01	0.000000e+00	0.000000e+00	0.000000e+00	1.238811e-03	2.739252e-08	6.286809e-03	3.987617e+07	8.817394e+02	2.023665e+08	
8.500000e+00	3.242134e+10	1.064088e+11	1.906969e+01	4.084070e+01	2.828090e+01	1.483029e+00	4.524071e-01	0.000000e+00	0.000000e+00	0.000000e+00	1.265387e-03	2.838137e-08	6.301253e-03	4.102554e+07	9.201622e+02	2.042951e+08	
8.600000e+00	3.263308e+10	1.104138e+11	1.909802e+01	4.084070e+01	2.832291e+01	1.483029e+00	4.518189e-01	0.000000e+00	0.000000e+00	0.000000e+00	1.281654e-03	2.905719e-08	6.314590e-03	4.182433e+07	9.482256e+02	2.060645e+08	
8.700000e+00	3.283794e+10	1.078973e+11	1.912254e+01	4.084070e+01	2.835927e+01	1.483029e+00	4.387112e-01	0.000000e+00	0.000000e+00	0.000000e+00	1.294341e-03	2.955117e-08	6.327256e-03	4.250348e+07	9.703994e+02	2.077741e+08	
8.800000e+00	3.301276e+10	1.092355e+11	1.912987e+01	4.084070e+01	2.837014e+01	1.483029e+00	4.397472e-01	0.000000e+00	0.000000e+00	0.000000e+00	1.295998e-03	2.951932e-08	6.337783e-03	4.278447e+07	9.745141e+02	2.092277e+08	
8.900000e+00	3.318806e+10	1.088195e+11	1.913787e+01	4.084070e+01	2.838200e+01	1.483029e+00	4.284213e-01	0.000000e+00	0.000000e+00	0.000000e+00	1.299262e-03	2.920971e-08	6.347215e-03	4.311998e+07	9.694137e+02	2.106517e+08	
9.000000e+00	3.334005e+10	1.125596e+11	1.913286e+01	4.084070e+01	2.837457e+01	1.483029e+00	4.335528e-01	0.000000e+00	0.000000e+00	0.000000e+00	1.292080e-03	2.865370e-08	6.354499e-03	4.307801e+07	9.553156e+02	2.118593e+08	
9.100000e+00	3.350289e+10	1.161521e+11	1.913453e+01	4.084070e+01	2.837706e+01	1.483029e+00	4.480885e-01	0.000000e+00	0.000000e+00	0.000000e+00	1.289493e-03	2.830697e-08	6.361906e-03	4.320174e+07	9.483653e+02	2.131422e+08	
9.200000e+00	3.369319e+10	1.163554e+11	1.915224e+01	4.084070e+01	2.840332e+01	1.483029e+00	4.450670e-01	0.000000e+00	0.000000e+00	0.000000e+00	1.300294e-03	2.834540e-08	6.370359e-03	4.381107e+07	9.550471e+02	2.146377e+08	
9.300000e+00	3.387411e+10	1.206948e+11	1.916489e+01	4.084070e+01	2.842208e+01	1.483029e+00	4.672409e-01	0.000000e+00	0.000000e+00	0.000000e+00	1.306199e-03	2.844805e-08	6.378451e-03	4.424634e+07	9.636524e+02	2.160644e+08	
9.400000e+00	3.409495e+10	1.225535e+11	1.920032e+01	4.084070e+01	2.847462e+01	1.483029e+00	4.584093e-01	0.000000e+00	0.000000e+00	0.000000e+00	1.308841e-03	2.880495e-08	6.388095e-03	4.462487e+07	9.821032e+02	2.178018e+08	
9.500000e+00	3.429168e+10	1.267315e+11	1.922232e+01	4.084070e+01	2.850725e+01	1.483029e+00	4.555336e-01	0.000000e+00	0.000000e+00	0.000000e+00	1.324716e-03	2.924126e-08	6.399697e-03	4.542675e+07	1.002732e+03	2.194564e+08	
9.600000e+00	3.447844e+10	1.253637e+11	1.923896e+01	4.084070e+01	2.853192e+01	1.483029e+00	4.392536e-01	0.000000e+00	0.000000e+00	0.000000e+00	1.332177e-03	2.972149e-08	6.410203e-03	4.593138e+07	1.024750e+03	2.210138e+08	
9.700000e+00	3.463050e+10	1.245340e+11	1.923657e+01	4.084070e+01	2.852838e+01	1.483029e+00	4.420020e-01	0.000000e+00	0.000000e+00	0.000000e+00	1.325678e-03	2.960472e-08	6.417813e-03	4.590890e+07	1.025226e+03	2.222520e+08	
9.800000e+00	3.478833e+10	1.260214e+11	1.923778e+01	4.084070e+01	2.853018e+01	1.483029e+00	4.480239e-01	0.000000e+00	0.000000e+00	0.000000e+00	1.324204e-03	2.949059e-08	6.427166e-03	4.606685e+07	1.025928e+03	2.235904e+08	
9.900000e+00	3.495751e+10	1.247633e+11	1.924560e+01	4.084070e+01	2.854178e+01	1.483029e+00	4.505204e-01	0.000000e+00	0.000000e+00	0.000000e+00	1.328008e-03	2.956471e-08	6.437289e-03	4.642385e+07	1.033508e+03	2.250316e+08	
1.000000e+01	3.512989e+10	1.176305e+11	1.925550e+01	4.084070e+01	2.855645e+01	1.483029e+00	4.386135e-01	0.000000e+00	0.000000e+00	0.000000e+00	1.333834e-03	2.979976e-08	6.447470e-03	4.685746e+07	1.046862e+03	2.264990e+08	
1.010000e+01	3.527734e+10	1.193101e+11	1.925206e+01	4.084070e+01	2.855136e+01	1.483029e+00	4.489562e-01	0.000000e+00	0.000000e+00	0.000000e+00	1.331987e-03	2.975900e-08	6.455664e-03	4.698896e+07	1.049818e+03	2.277387e+08	
1.020000e+01	3.544540e+10	1.177268e+11	1.926022e+01	4.084070e+01	2.856346e+01	1.483029e+00	4.467550e-01	0.000000e+00	0.000000e+00	0.000000e+00	1.338579e-03	3.012608e-08	6.465289e-03	4.744648e+07	1.067831e+03	2.291648e+08	
1.030000e+01	3.560757e+10	1.196845e+11	1.926547e+01	4.084070e+01	2.857125e+01	1.483029e+00	4.456456e-01	0.000000e+00	0.000000e+00	0.000000e+00	1.342447e-03	3.041251e-08	6.473802e-03	4.780126e+07	1.082915e+03	2.305164e+08	
1.040000e+01	3.576652e+10	1.203665e+11	1.926930e+01	4.084070e+01	2.857693e+01	1.483029e+00	4.410164e-01	0.000000e+00	0.000000e+00	0.000000e+00	1.344795e-03	3.057944e-08	6.481506e-03	4.809865e+07	1.093720e+03	2.318209e+08	
1.050000e+01	3.591578e+10	1.201181e+11	1.926824e+01	4.084070e+01	2.857535e+01	1.483029e+00	4.365687e-01	0.000000e+00	0.000000e+00	0.000000e+00	1.343655e-03	3.051731e-08	6.487588e-03	4.825842e+07	1.096053e+03	2.330068e+08	
1.060000e+01	3.605668e+10	1.167193e+11	1.926307e+01	4.084070e+01	2.856768e+01	1.483029e+00	4.218819e-01	0.000000e+00	0.000000e+00	0.000000e+00	1.339784e-03	3.031650e-08	6.492577e-03	4.830818e+07	1.093112e+03	2.341008e+08	
1.070000e+01	3.617035e+10	1.180158e+11	1.924378e+01	4.084070e+01	2.853907e+01	1.483029e+00	4.372605e-01	0.000000e+00	0.000000e+00	0.000000e+00	1.326610e-03	2.968164e-08	6.494957e-03	4.798395e+07	1.073595e+03	2.349249e+08	
1.080000e+01	3.631759e+10	1.198911e+11	1.924276e+01	4.084070e+01	2.853757e+01	1.483029e+00	4.241748e-01	0.000000e+00	0.000000e+00	0.000000e+00	1.328286e-03	2.963774e-08	6.500045e-03	4.824016e+07	1.076371e+03	2.360660e+08	
1.090000e+01	3.643986e+10	1.221163e+11	1.922890e+01	4.084070e+01	2.851701e+01	1.483029e+00	4.316226e-01	0.000000e+00	0.000000e+00	0.000000e+00	1.316681e-03	2.936641e-08	6.502384e-03	4.797967e+07	1.070108e+03	2.369459e+08	
1.100000e+01	3.657930e+10	1.233993e+11	1.922449e+01	4.084070e+01	2.851047e+01	1.483029e+00	4.400418e-01	0.000000e+00	0.000000e+00	0.000000e+00	1.312704e-03	2.930377e-08	6.505068e-03	4.801778e+07	1.071911e+03	2.379508e+08	
1.110000e+01	3.673583e+10	1.247780e+11	1.922937e+01	4.084070e+01	2.851771e+01	1.483029e+00	4.667632e-01	0.000000e+00	0.000000e+00	0.000000e+00	1.314479e-03	2.939507e-08	6.508976e-03	4.828848e+07	1.079852e+03	2.391127e+08	
1.120000e+01	3.694275e+10	1.256832e+11	1.926080e+01	4.084070e+01	2.856431e+01	1.483029e+00	4.472429e-01	0.000000e+00	0.000000e+00	0.000000e+00	1.319436e-03	2.989844e-08	6.514483e-03	4.874358e+07	1.104531e+03	2.406629e+08	
1.130000e+01	3.710574e+10	1.291249e+11	1.926946e+01	4.084070e+01	2.857716e+01	1.483029e+00	4.750234e-01	0.000000e+00	0.000000e+00	0.000000e+00	1.327089e-03	3.006559e-08	6.520973e-03	4.924262e+07	1.115606e+03	2.419655e+08	
1.140000e+01	3.732049e+10	1.307073e+11	1.930513e+01	4.084070e+01	2.863005e+01	1.483029e+00	4.869351e-01	0.000000e+00	0.000000e+00	0.000000e+00	1.338151e-03	3.029633e-08	6.526384e-03	4.994046e+07	1.130674e+03	2.435678e+08	
1.150000e+01	3.755108e+10	1.342682e+11	1.934897e+01	4.084070e+01	2.869507e+01	1.483029e+00	4.534578e-01	0.000000e+00	0.000000e+00	0.000000e+00	1.356047e-03	3.097104e-08	6.536442e-03	5.092104e+07	1.162996e+03	2.454504e+08	
1.160000e+01	3.770814e+10	1.316644e+11	1.935502e+01	4.084070e+01	2.870405e+01	1.483029e+00	4.255806e-01	0.000000e+00	0.000000e+00	0.000000e+00	1.380591e-03	3.162344e-08	6.547252e-03	5.205951e+07	1.192461e+03	2.468847e+08	
1.170000e+01	3.781001e+10	1.322713e+11	1.933310e+01	4.084070e+01	2.867154e+01	1.483029e+00	4.434641e-01	0.000000e+00	0.000000e+00	0.000000e+00	1.379495e-03	3.152033e-08	6.552572e-03	5.215873e+07	1.191784e+03	2.477528e+08	
1.180000e+01	3.795097e+10	1.297930e+11	1.933153e+01	4.084070e+01	2.866921e+01	1.483029e+00	4.240316e-01	0.000000e+00	0.000000e+00	0.000000e+00	1.375444e-03	3.130170e-08	6.555956e-03	5.219943e+07	1.187930e+03	2.488049e+08	
1.190000e+01	3.805469e+10	1.290809e+11	1.931135e+01	4.084070e+01	2.863928e+01	1.483029e+00	4.482785e-01	0.000000e+00	0.000000e+00	0.000000e+00	1.357409e-03	3.054679e-08	6.556721e-03	5.165578e+07	1.162448e+03	2.495140e+08	
1.200000e+01	3.820938e+10	1.312435e+11	1.931736e+01	4.084070e+01	2.864820e+01	1.483029e+00	4.443992e-01	0.000000e+00	0.000000e+00	0.000000e+00	1.344251e-03	3.011850e-08	6.559324e-03	5.136300e+07	1.150809e+03	2.506277e+08	
1.210000e+01	3.835536e+10	1.267442e+11	1.931921e+01	4.084070e+01	2.865094e+01	1.483029e+00	4.312315e-01	0.000000e+00	0.000000e+00	0.000000e+00	1.347924e-03	3.001299e-08	6.564893e-03	5.170011e+07	1.151159e+03	2.517988e+08	
1.220000e+01	3.847552e+10	1.267949e+11	1.930836e+01	4.084070e+01	2.863484e+01	1.483029e+00	4.667718e-01	0.000000e+00	0.000000e+00	0.000000e+00	1.341586e-03	2.963466e-08	6.568134e-03	5.161822e+07	1.140209e+03	2.527123e+08	
1.230000e+01	3.866653e+10	1.284271e+11	1.933326e+01	4.084070e+01	2.867178e+01	1.483029e+00	4.640086e-01	0.000000e+00	0.000000e+00	0.000000e+00	1.329096e-03	2.950508e-08	6.569448e-03	5.139152e+07	1.140859e+03	2.540177e+08	
1.240000e+01	3.884717e+10	1.335982e+11	1.935308e+01	4.084070e+01	2.870117e+01	1.483029e+00	4.779836e-01	0.000000e+00	0.000000e+00	0.000000e+00	1.335939e-03	2.954136e-08	6.572599e-03	5.189746e+07	1.147598e+03	2.553269e+08	
1.250000e+01	3.905086e+10	1.346407e+11	1.938445e+01	4.084070e+01	2.874770e+01	1.483029e+00	4.622001e-01	0.000000e+00	0.000000e+00	0.000000e+00	1.349805e-03	3.012252e-08	6.579668e-03	5.271105e+07	1.176310e+03	2.569417e+08	
