# COLUMN NUMBERS: 
#	0: time [Gyr]
#	1: mgas [Msun]			ISM gas mass
#	2: mstar [Msun]			Stellar mass
#	3: sfr [Msun/yr]		Star formation rate
#	4: ifr [Msun/yr]		Infall rate
#	5: ofr [Msun/yr]		Outfow rate
#	6: eta_0			Mass-loading factor
#	7: r_eff			Effective recycilng rate
#	8: z_in(fe)			Inflow fe metallicity
#	9: z_in(sr)			Inflow sr metallicity
#	10: z_in(o)			Inflow o metallicity
#	11: z_out(fe)			Outflow fe metallicity
#	12: z_out(sr)			Outflow sr metallicity
#	13: z_out(o)			Outflow o metallicity
#	14: mass(fe) [Msun]		mass of element fe in ISM
#	15: mass(sr) [Msun]		mass of element sr in ISM
#	16: mass(o) [Msun]		mass of element o in ISM
0.000000e+00	1.000000e-12	8.456877e-30	2.256217e-37	4.712389e+01	-nan	1.904351e+00	2.503490e-01	0.000000e+00	0.000000e+00	0.000000e+00	-nan	-nan	-nan	0.000000e+00	0.000000e+00	0.000000e+00	
5.000000e-02	2.356194e+09	1.334519e+08	3.560375e+00	4.712389e+01	6.780205e+00	1.904351e+00	2.503490e-01	0.000000e+00	0.000000e+00	0.000000e+00	7.175499e-05	8.012641e-10	8.969374e-04	1.690687e+05	1.887934e+00	2.113359e+06	
1.000000e-01	4.239927e+09	3.656699e+08	6.302644e+00	4.712389e+01	1.200245e+01	1.904351e+00	2.631095e-01	0.000000e+00	0.000000e+00	0.000000e+00	1.033165e-04	1.153701e-09	1.291457e-03	4.380545e+05	4.891609e+00	5.475681e+06	
1.500000e-01	5.763781e+09	6.722216e+08	8.432916e+00	4.712389e+01	1.605923e+01	1.904351e+00	2.729638e-01	0.000000e+00	0.000000e+00	0.000000e+00	1.717590e-04	1.479311e-09	1.658278e-03	9.899812e+05	8.526427e+00	9.557949e+06	
2.000000e-01	7.010462e+09	1.051966e+09	1.010032e+01	4.712389e+01	1.923455e+01	1.904351e+00	2.815879e-01	0.000000e+00	0.000000e+00	0.000000e+00	2.427585e-04	1.781520e-09	1.993176e-03	1.701850e+06	1.248928e+01	1.397308e+07	
2.500000e-01	8.042120e+09	1.482293e+09	1.141501e+01	4.712389e+01	2.173819e+01	1.904351e+00	2.890644e-01	0.000000e+00	0.000000e+00	0.000000e+00	3.100633e-04	2.068308e-09	2.296969e-03	2.493566e+06	1.663358e+01	1.847250e+07	
3.000000e-01	8.905638e+09	1.947681e+09	1.245880e+01	4.712389e+01	2.372593e+01	1.904351e+00	2.955985e-01	0.000000e+00	0.000000e+00	0.000000e+00	3.720657e-04	2.348040e-09	2.571448e-03	3.313482e+06	2.091079e+01	2.290039e+07	
3.500000e-01	9.636736e+09	2.459707e+09	1.329303e+01	4.712389e+01	2.531460e+01	1.904351e+00	3.020057e-01	0.000000e+00	0.000000e+00	0.000000e+00	4.284687e-04	2.626015e-09	2.818698e-03	4.129039e+06	2.530621e+01	2.716305e+07	
4.000000e-01	1.026328e+10	2.962337e+09	1.396466e+01	4.712389e+01	2.659362e+01	1.904351e+00	3.070055e-01	0.000000e+00	0.000000e+00	0.000000e+00	4.794355e-04	2.904586e-09	3.040774e-03	4.920580e+06	2.981057e+01	3.120831e+07	
4.500000e-01	1.080592e+10	3.476220e+09	1.450826e+01	4.712389e+01	2.762881e+01	1.904351e+00	3.114923e-01	0.000000e+00	0.000000e+00	0.000000e+00	5.253154e-04	3.184043e-09	3.239980e-03	5.676516e+06	3.440651e+01	3.501096e+07	
5.000000e-01	1.128122e+10	3.997973e+09	1.495096e+01	4.712389e+01	2.847188e+01	1.904351e+00	3.155524e-01	0.000000e+00	0.000000e+00	0.000000e+00	5.665254e-04	3.469646e-09	3.418403e-03	6.391098e+06	3.914184e+01	3.856376e+07	
5.500000e-01	1.170216e+10	4.525169e+09	1.531375e+01	4.712389e+01	2.916275e+01	1.904351e+00	3.192527e-01	0.000000e+00	0.000000e+00	0.000000e+00	6.034923e-04	3.761020e-09	3.578037e-03	7.062165e+06	4.401207e+01	4.187077e+07	
6.000000e-01	1.207898e+10	5.053981e+09	1.561290e+01	4.712389e+01	2.973245e+01	1.904351e+00	3.225955e-01	0.000000e+00	0.000000e+00	0.000000e+00	6.366337e-04	4.067917e-09	3.720759e-03	7.689887e+06	4.913629e+01	4.494298e+07	
6.500000e-01	1.241974e+10	5.588681e+09	1.586109e+01	4.712389e+01	3.020509e+01	1.904351e+00	3.257721e-01	0.000000e+00	0.000000e+00	0.000000e+00	6.663766e-04	4.401332e-09	3.848584e-03	8.276225e+06	5.466341e+01	4.779842e+07	
7.000000e-01	1.273098e+10	6.127957e+09	1.606841e+01	4.712389e+01	3.059990e+01	1.904351e+00	3.287751e-01	0.000000e+00	0.000000e+00	0.000000e+00	6.930788e-04	4.787367e-09	3.963029e-03	8.823573e+06	6.094787e+01	5.045325e+07	
7.500000e-01	1.301790e+10	6.670781e+09	1.624277e+01	4.712389e+01	3.093193e+01	1.904351e+00	3.316106e-01	0.000000e+00	0.000000e+00	0.000000e+00	7.170724e-04	5.228639e-09	4.065519e-03	9.334780e+06	6.806592e+01	5.292454e+07	
8.000000e-01	1.328468e+10	7.216346e+09	1.639042e+01	4.712389e+01	3.121311e+01	1.904351e+00	3.342885e-01	0.000000e+00	0.000000e+00	0.000000e+00	7.386611e-04	5.718024e-09	4.157363e-03	9.812874e+06	7.596210e+01	5.522922e+07	
8.500000e-01	1.353465e+10	7.764011e+09	1.651633e+01	4.712389e+01	3.145289e+01	1.904351e+00	3.368199e-01	0.000000e+00	0.000000e+00	0.000000e+00	7.581193e-04	6.244438e-09	4.239748e-03	1.026088e+07	8.451629e+01	5.738351e+07	
9.000000e-01	1.377054e+10	7.741763e+09	1.662445e+01	4.712389e+01	3.165879e+01	1.904351e+00	3.296606e-01	0.000000e+00	0.000000e+00	0.000000e+00	7.756926e-04	6.797648e-09	4.313745e-03	1.068170e+07	9.360727e+01	5.940259e+07	
9.500000e-01	1.398659e+10	8.882498e+09	1.670846e+01	4.712389e+01	3.181878e+01	1.904351e+00	3.472099e-01	0.000000e+00	0.000000e+00	0.000000e+00	7.913426e-04	7.259624e-09	4.380159e-03	1.106818e+07	1.015374e+02	6.126350e+07	
1.000000e+00	1.420649e+10	9.431404e+09	1.679709e+01	4.712389e+01	3.198756e+01	1.904351e+00	3.504215e-01	0.000000e+00	0.000000e+00	0.000000e+00	8.055917e-04	7.791968e-09	4.439507e-03	1.144463e+07	1.106965e+02	6.306982e+07	
1.050000e+00	1.441776e+10	1.055870e+10	1.687555e+01	4.712389e+01	3.213697e+01	1.904351e+00	3.627716e-01	0.000000e+00	0.000000e+00	0.000000e+00	8.184504e-04	8.301869e-09	4.493080e-03	1.180022e+07	1.196943e+02	6.478013e+07	
1.100000e+00	1.462942e+10	1.108282e+10	1.695459e+01	4.712389e+01	3.228750e+01	1.904351e+00	3.629461e-01	0.000000e+00	0.000000e+00	0.000000e+00	8.304363e-04	8.898550e-09	4.541771e-03	1.214880e+07	1.301806e+02	6.644348e+07	
1.150000e+00	1.483119e+10	1.161669e+10	1.702236e+01	4.712389e+01	3.241654e+01	1.904351e+00	3.637328e-01	0.000000e+00	0.000000e+00	0.000000e+00	8.414544e-04	9.447455e-09	4.586179e-03	1.247977e+07	1.401170e+02	6.801850e+07	
1.200000e+00	1.502502e+10	1.275784e+10	1.708136e+01	4.712389e+01	3.252891e+01	1.904351e+00	3.864541e-01	0.000000e+00	0.000000e+00	0.000000e+00	8.516472e-04	9.960256e-09	4.626757e-03	1.279602e+07	1.496531e+02	6.951712e+07	
1.250000e+00	1.523076e+10	1.332555e+10	1.715418e+01	4.712389e+01	3.266759e+01	1.904351e+00	3.874881e-01	0.000000e+00	0.000000e+00	0.000000e+00	9.299879e-04	1.046599e-08	4.675160e-03	1.416442e+07	1.594050e+02	7.120624e+07	
1.300000e+00	1.542822e+10	1.445018e+10	1.721788e+01	4.712389e+01	3.278889e+01	1.904351e+00	3.981426e-01	0.000000e+00	0.000000e+00	0.000000e+00	9.964004e-04	1.094664e-08	4.719252e-03	1.537268e+07	1.688872e+02	7.280966e+07	
1.350000e+00	1.562683e+10	1.610553e+10	1.728312e+01	4.712389e+01	3.291314e+01	1.904351e+00	4.092696e-01	0.000000e+00	0.000000e+00	0.000000e+00	1.053051e-03	1.151941e-08	4.759639e-03	1.645586e+07	1.800118e+02	7.437808e+07	
1.400000e+00	1.582689e+10	1.722946e+10	1.735016e+01	4.712389e+01	3.304079e+01	1.904351e+00	4.161437e-01	0.000000e+00	0.000000e+00	0.000000e+00	1.101933e-03	1.224143e-08	4.797008e-03	1.744017e+07	1.937437e+02	7.592170e+07	
1.450000e+00	1.602454e+10	1.775119e+10	1.741474e+01	4.712389e+01	3.316378e+01	1.904351e+00	4.008252e-01	0.000000e+00	0.000000e+00	0.000000e+00	1.144022e-03	1.299628e-08	4.831817e-03	1.833243e+07	2.082594e+02	7.742765e+07	
1.500000e+00	1.620082e+10	1.828887e+10	1.745647e+01	4.712389e+01	3.324325e+01	1.904351e+00	4.035339e-01	0.000000e+00	0.000000e+00	0.000000e+00	1.116210e-03	1.377768e-08	4.854018e-03	1.808352e+07	2.232098e+02	7.863910e+07	
1.550000e+00	1.637425e+10	1.879114e+10	1.749569e+01	4.712389e+01	3.331793e+01	1.904351e+00	3.958632e-01	0.000000e+00	0.000000e+00	0.000000e+00	1.093441e-03	1.451520e-08	4.875161e-03	1.790428e+07	2.376754e+02	7.982710e+07	
1.600000e+00	1.653606e+10	1.992047e+10	1.752315e+01	4.712389e+01	3.337024e+01	1.904351e+00	4.182488e-01	0.000000e+00	0.000000e+00	0.000000e+00	1.075303e-03	1.525029e-08	4.895710e-03	1.778127e+07	2.521796e+02	8.095573e+07	
1.650000e+00	1.671403e+10	2.103819e+10	1.756834e+01	4.712389e+01	3.345629e+01	1.904351e+00	4.319108e-01	0.000000e+00	0.000000e+00	0.000000e+00	1.122965e-03	1.593774e-08	4.925143e-03	1.876927e+07	2.663839e+02	8.231900e+07	
1.700000e+00	1.689839e+10	2.039659e+10	1.762059e+01	4.712389e+01	3.355579e+01	1.904351e+00	4.221854e-01	0.000000e+00	0.000000e+00	0.000000e+00	1.163790e-03	1.661076e-08	4.952201e-03	1.966618e+07	2.806951e+02	8.368425e+07	
1.750000e+00	1.706773e+10	1.962377e+10	1.765757e+01	4.712389e+01	3.362622e+01	1.904351e+00	3.946229e-01	0.000000e+00	0.000000e+00	0.000000e+00	1.198435e-03	1.700240e-08	4.977553e-03	2.045456e+07	2.901924e+02	8.495552e+07	
1.800000e+00	1.720814e+10	1.843120e+10	1.766536e+01	4.712389e+01	3.364104e+01	1.904351e+00	3.754064e-01	0.000000e+00	0.000000e+00	0.000000e+00	1.167508e-03	1.716663e-08	4.991137e-03	2.009063e+07	2.954056e+02	8.588817e+07	
1.850000e+00	1.733059e+10	1.897427e+10	1.765577e+01	4.712389e+01	3.362280e+01	1.904351e+00	3.941676e-01	0.000000e+00	0.000000e+00	0.000000e+00	1.141070e-03	1.710809e-08	5.004015e-03	1.977542e+07	2.964933e+02	8.672255e+07	
1.900000e+00	1.747083e+10	1.895703e+10	1.766531e+01	4.712389e+01	3.364096e+01	1.904351e+00	4.015601e-01	0.000000e+00	0.000000e+00	0.000000e+00	1.178038e-03	1.701157e-08	5.024893e-03	2.058130e+07	2.972061e+02	8.778904e+07	
1.950000e+00	1.761639e+10	1.890374e+10	1.768104e+01	4.712389e+01	3.367091e+01	1.904351e+00	3.998874e-01	0.000000e+00	0.000000e+00	0.000000e+00	1.209082e-03	1.682580e-08	5.043265e-03	2.129966e+07	2.964099e+02	8.884414e+07	
2.000000e+00	1.775851e+10	1.829850e+10	1.769405e+01	4.712389e+01	3.369569e+01	1.904351e+00	3.949590e-01	0.000000e+00	0.000000e+00	0.000000e+00	1.235603e-03	1.660554e-08	5.060046e-03	2.194248e+07	2.948897e+02	8.985889e+07	
2.050000e+00	1.789464e+10	1.889132e+10	1.770187e+01	4.712389e+01	3.371058e+01	1.904351e+00	4.012078e-01	0.000000e+00	0.000000e+00	0.000000e+00	1.258020e-03	1.627402e-08	5.075401e-03	2.251181e+07	2.912177e+02	9.082247e+07	
2.100000e+00	1.803532e+10	1.948037e+10	1.771495e+01	4.712389e+01	3.373548e+01	1.904351e+00	4.061983e-01	0.000000e+00	0.000000e+00	0.000000e+00	1.277585e-03	1.609451e-08	5.089621e-03	2.304165e+07	2.902695e+02	9.179293e+07	
2.150000e+00	1.817878e+10	1.940851e+10	1.773143e+01	4.712389e+01	3.376687e+01	1.904351e+00	3.873939e-01	0.000000e+00	0.000000e+00	0.000000e+00	1.294756e-03	1.605147e-08	5.103003e-03	2.353708e+07	2.917962e+02	9.276637e+07	
2.200000e+00	1.830351e+10	1.976021e+10	1.773039e+01	4.712389e+01	3.376489e+01	1.904351e+00	3.778935e-01	0.000000e+00	0.000000e+00	0.000000e+00	1.252776e-03	1.606627e-08	5.106494e-03	2.293020e+07	2.940691e+02	9.346676e+07	
2.250000e+00	1.841995e+10	1.830511e+10	1.772221e+01	4.712389e+01	3.374931e+01	1.904351e+00	3.449366e-01	0.000000e+00	0.000000e+00	0.000000e+00	1.217199e-03	1.609836e-08	5.110329e-03	2.242075e+07	2.965309e+02	9.413202e+07	
2.300000e+00	1.850822e+10	1.871745e+10	1.768803e+01	4.712389e+01	3.368421e+01	1.904351e+00	3.471593e-01	0.000000e+00	0.000000e+00	0.000000e+00	1.185968e-03	1.580878e-08	5.113747e-03	2.195016e+07	2.925923e+02	9.464637e+07	
2.350000e+00	1.860283e+10	1.855171e+10	1.766109e+01	4.712389e+01	3.363292e+01	1.904351e+00	3.442007e-01	0.000000e+00	0.000000e+00	0.000000e+00	1.158944e-03	1.550705e-08	5.116540e-03	2.155964e+07	2.884751e+02	9.518215e+07	
2.400000e+00	1.869827e+10	1.945536e+10	1.763606e+01	4.712389e+01	3.358524e+01	1.904351e+00	3.475799e-01	0.000000e+00	0.000000e+00	0.000000e+00	1.135047e-03	1.510355e-08	5.118650e-03	2.122341e+07	2.824103e+02	9.570993e+07	
2.450000e+00	1.879990e+10	1.947280e+10	1.761788e+01	4.712389e+01	3.355062e+01	1.904351e+00	3.481278e-01	0.000000e+00	0.000000e+00	0.000000e+00	1.114434e-03	1.477381e-08	5.120249e-03	2.095125e+07	2.777462e+02	9.626017e+07	
2.500000e+00	1.890433e+10	1.948920e+10	1.760326e+01	4.712389e+01	3.352279e+01	1.904351e+00	3.483379e-01	0.000000e+00	0.000000e+00	0.000000e+00	1.096306e-03	1.449481e-08	5.121712e-03	2.072494e+07	2.740148e+02	9.682256e+07	
2.550000e+00	1.901082e+10	1.943082e+10	1.759143e+01	4.712389e+01	3.350026e+01	1.904351e+00	3.382179e-01	0.000000e+00	0.000000e+00	0.000000e+00	1.080362e-03	1.426261e-08	5.123141e-03	2.053857e+07	2.711439e+02	9.739511e+07	
2.600000e+00	1.910992e+10	1.940101e+10	1.757363e+01	4.712389e+01	3.346637e+01	1.904351e+00	3.396937e-01	0.000000e+00	0.000000e+00	0.000000e+00	1.066396e-03	1.408650e-08	5.124390e-03	2.037874e+07	2.691918e+02	9.792668e+07	
2.650000e+00	1.921259e+10	2.034854e+10	1.755999e+01	4.712389e+01	3.344040e+01	1.904351e+00	3.465150e-01	0.000000e+00	0.000000e+00	0.000000e+00	1.053895e-03	1.384471e-08	5.125347e-03	2.024806e+07	2.659927e+02	9.847120e+07	
2.700000e+00	1.932301e+10	2.037794e+10	1.755420e+01	4.712389e+01	3.342936e+01	1.904351e+00	3.497466e-01	0.000000e+00	0.000000e+00	0.000000e+00	1.043256e-03	1.372924e-08	5.126174e-03	2.015884e+07	2.652903e+02	9.905311e+07	
2.750000e+00	1.943700e+10	2.038233e+10	1.755234e+01	4.712389e+01	3.342581e+01	1.904351e+00	3.482556e-01	0.000000e+00	0.000000e+00	0.000000e+00	1.033910e-03	1.369825e-08	5.127197e-03	2.009612e+07	2.662528e+02	9.965733e+07	
2.800000e+00	1.954992e+10	2.089027e+10	1.755015e+01	4.712389e+01	3.342165e+01	1.904351e+00	3.522209e-01	0.000000e+00	0.000000e+00	0.000000e+00	1.025769e-03	1.365784e-08	5.128552e-03	2.005370e+07	2.670097e+02	1.002628e+08	
2.850000e+00	1.966660e+10	2.206048e+10	1.755195e+01	4.712389e+01	3.342508e+01	1.904351e+00	3.778434e-01	0.000000e+00	0.000000e+00	0.000000e+00	1.018822e-03	1.369478e-08	5.130108e-03	2.003678e+07	2.693297e+02	1.008918e+08	
2.900000e+00	1.980554e+10	2.321649e+10	1.757407e+01	4.712389e+01	3.346720e+01	1.904351e+00	3.939862e-01	0.000000e+00	0.000000e+00	0.000000e+00	1.068548e-03	1.382305e-08	5.140829e-03	2.116317e+07	2.737730e+02	1.018169e+08	
2.950000e+00	1.995587e+10	2.514561e+10	1.760656e+01	4.712389e+01	3.352908e+01	1.904351e+00	4.082692e-01	0.000000e+00	0.000000e+00	0.000000e+00	1.112410e-03	1.405351e-08	5.150987e-03	2.219911e+07	2.804501e+02	1.027924e+08	
3.000000e+00	2.011469e+10	2.697360e+10	1.764671e+01	4.712389e+01	3.360553e+01	1.904351e+00	4.164223e-01	0.000000e+00	0.000000e+00	0.000000e+00	1.151488e-03	1.444934e-08	5.160900e-03	2.316183e+07	2.906440e+02	1.038099e+08	
3.050000e+00	2.027570e+10	2.857008e+10	1.768886e+01	4.712389e+01	3.368580e+01	1.904351e+00	4.246584e-01	0.000000e+00	0.000000e+00	0.000000e+00	1.186289e-03	1.486052e-08	5.170792e-03	2.405285e+07	3.013075e+02	1.048414e+08	
3.100000e+00	2.043875e+10	2.794560e+10	1.773286e+01	4.712389e+01	3.376960e+01	1.904351e+00	4.179734e-01	0.000000e+00	0.000000e+00	0.000000e+00	1.217483e-03	1.534760e-08	5.180881e-03	2.488383e+07	3.136858e+02	1.058907e+08	
3.150000e+00	2.059041e+10	3.016615e+10	1.776709e+01	4.712389e+01	3.383479e+01	1.904351e+00	4.229857e-01	0.000000e+00	0.000000e+00	0.000000e+00	1.244577e-03	1.566021e-08	5.191066e-03	2.562635e+07	3.224501e+02	1.068862e+08	
3.200000e+00	2.074227e+10	3.066759e+10	1.780165e+01	4.712389e+01	3.390059e+01	1.904351e+00	4.199899e-01	0.000000e+00	0.000000e+00	0.000000e+00	1.269392e-03	1.604007e-08	5.201274e-03	2.633008e+07	3.327075e+02	1.078863e+08	
3.250000e+00	2.088718e+10	3.219365e+10	1.783040e+01	4.712389e+01	3.395535e+01	1.904351e+00	4.072671e-01	0.000000e+00	0.000000e+00	0.000000e+00	1.291397e-03	1.629331e-08	5.211451e-03	2.697365e+07	3.403213e+02	1.088525e+08	
3.300000e+00	2.101718e+10	3.320746e+10	1.784670e+01	4.712389e+01	3.398638e+01	1.904351e+00	3.973016e-01	0.000000e+00	0.000000e+00	0.000000e+00	1.311276e-03	1.638660e-08	5.221124e-03	2.755932e+07	3.444001e+02	1.097333e+08	
3.350000e+00	2.113624e+10	3.467339e+10	1.785408e+01	4.712389e+01	3.400044e+01	1.904351e+00	4.103340e-01	0.000000e+00	0.000000e+00	0.000000e+00	1.329024e-03	1.627645e-08	5.230065e-03	2.809057e+07	3.440230e+02	1.105439e+08	
3.400000e+00	2.126602e+10	3.784266e+10	1.787087e+01	4.712389e+01	3.403240e+01	1.904351e+00	4.255706e-01	0.000000e+00	0.000000e+00	0.000000e+00	1.344973e-03	1.620488e-08	5.238547e-03	2.860221e+07	3.446133e+02	1.114030e+08	
3.450000e+00	2.140731e+10	3.834783e+10	1.789759e+01	4.712389e+01	3.408329e+01	1.904351e+00	4.153713e-01	0.000000e+00	0.000000e+00	0.000000e+00	1.359958e-03	1.635861e-08	5.246990e-03	2.911305e+07	3.501939e+02	1.123240e+08	
3.500000e+00	2.153617e+10	3.887026e+10	1.791415e+01	4.712389e+01	3.411483e+01	1.904351e+00	4.016050e-01	0.000000e+00	0.000000e+00	0.000000e+00	1.373283e-03	1.634272e-08	5.255256e-03	2.957526e+07	3.519597e+02	1.131781e+08	
3.550000e+00	2.165064e+10	4.200466e+10	1.791909e+01	4.712389e+01	3.412424e+01	1.904351e+00	4.079015e-01	0.000000e+00	0.000000e+00	0.000000e+00	1.385201e-03	1.621936e-08	5.263097e-03	2.999049e+07	3.511594e+02	1.139494e+08	
3.600000e+00	2.177013e+10	4.459987e+10	1.792857e+01	4.712389e+01	3.414229e+01	1.904351e+00	3.953565e-01	0.000000e+00	0.000000e+00	0.000000e+00	1.396536e-03	1.615772e-08	5.270070e-03	3.040277e+07	3.517555e+02	1.147301e+08	
3.650000e+00	2.187719e+10	4.930139e+10	1.792820e+01	4.712389e+01	3.414159e+01	1.904351e+00	4.185629e-01	0.000000e+00	0.000000e+00	0.000000e+00	1.357527e-03	1.625648e-08	5.268818e-03	2.969887e+07	3.556462e+02	1.152669e+08	
3.700000e+00	2.200510e+10	5.282265e+10	1.794527e+01	4.712389e+01	3.417409e+01	1.904351e+00	4.242867e-01	0.000000e+00	0.000000e+00	0.000000e+00	1.324240e-03	1.657274e-08	5.267999e-03	2.914002e+07	3.646848e+02	1.159228e+08	
3.750000e+00	2.213602e+10	5.653220e+10	1.796504e+01	4.712389e+01	3.421174e+01	1.904351e+00	4.299371e-01	0.000000e+00	0.000000e+00	0.000000e+00	1.295688e-03	1.687657e-08	5.267619e-03	2.868138e+07	3.735801e+02	1.166041e+08	
3.800000e+00	2.226957e+10	5.690181e+10	1.798715e+01	4.712389e+01	3.425386e+01	1.904351e+00	4.059736e-01	0.000000e+00	0.000000e+00	0.000000e+00	1.271329e-03	1.716459e-08	5.267785e-03	2.831194e+07	3.822479e+02	1.173113e+08	
3.850000e+00	2.237883e+10	5.919116e+10	1.798994e+01	4.712389e+01	3.425916e+01	1.904351e+00	3.792492e-01	0.000000e+00	0.000000e+00	0.000000e+00	1.250121e-03	1.731816e-08	5.268940e-03	2.797623e+07	3.875600e+02	1.179127e+08	
3.900000e+00	2.246370e+10	6.178218e+10	1.797358e+01	4.712389e+01	3.422802e+01	1.904351e+00	3.770983e-01	0.000000e+00	0.000000e+00	0.000000e+00	1.180587e-03	1.736686e-08	5.261421e-03	2.652036e+07	3.901240e+02	1.181910e+08	
3.950000e+00	2.254870e+10	6.544948e+10	1.795788e+01	4.712389e+01	3.419811e+01	1.904351e+00	3.797136e-01	0.000000e+00	0.000000e+00	0.000000e+00	1.119269e-03	1.734268e-08	5.254421e-03	2.523807e+07	3.910550e+02	1.184804e+08	
4.000000e+00	2.263804e+10	6.740588e+10	1.794613e+01	4.712389e+01	3.417574e+01	1.904351e+00	3.801871e-01	0.000000e+00	0.000000e+00	0.000000e+00	1.065363e-03	1.732602e-08	5.247744e-03	2.411774e+07	3.922273e+02	1.187987e+08	
4.050000e+00	2.272929e+10	7.166889e+10	1.793638e+01	4.712389e+01	3.415716e+01	1.904351e+00	3.813586e-01	0.000000e+00	0.000000e+00	0.000000e+00	1.017632e-03	1.730177e-08	5.241599e-03	2.313004e+07	3.932569e+02	1.191378e+08	
4.100000e+00	2.282281e+10	7.273551e+10	1.792887e+01	4.712389e+01	3.414287e+01	1.904351e+00	4.026514e-01	0.000000e+00	0.000000e+00	0.000000e+00	9.757436e-04	1.720691e-08	5.235838e-03	2.226921e+07	3.927100e+02	1.194966e+08	
4.150000e+00	2.293638e+10	7.353558e+10	1.793747e+01	4.712389e+01	3.415923e+01	1.904351e+00	4.114912e-01	0.000000e+00	0.000000e+00	0.000000e+00	9.885834e-04	1.710198e-08	5.239371e-03	2.267452e+07	3.922575e+02	1.201722e+08	
4.200000e+00	2.305679e+10	7.262567e+10	1.795167e+01	4.712389e+01	3.418629e+01	1.904351e+00	3.928812e-01	0.000000e+00	0.000000e+00	0.000000e+00	9.998045e-04	1.696531e-08	5.243150e-03	2.305228e+07	3.911656e+02	1.208902e+08	
4.250000e+00	2.315873e+10	7.351332e+10	1.795178e+01	4.712389e+01	3.418650e+01	1.904351e+00	4.088083e-01	0.000000e+00	0.000000e+00	0.000000e+00	9.597454e-04	1.682157e-08	5.238784e-03	2.222649e+07	3.895663e+02	1.213236e+08	
4.300000e+00	2.327495e+10	7.420829e+10	1.796326e+01	4.712389e+01	3.420836e+01	1.904351e+00	4.189873e-01	0.000000e+00	0.000000e+00	0.000000e+00	9.734735e-04	1.674285e-08	5.243530e-03	2.265755e+07	3.896891e+02	1.220429e+08	
4.350000e+00	2.339889e+10	7.545008e+10	1.798090e+01	4.712389e+01	3.424195e+01	1.904351e+00	4.267734e-01	0.000000e+00	0.000000e+00	0.000000e+00	9.858517e-04	1.680117e-08	5.248799e-03	2.306783e+07	3.931287e+02	1.228160e+08	
4.400000e+00	2.352763e+10	7.516343e+10	1.800240e+01	4.712389e+01	3.428290e+01	1.904351e+00	4.272834e-01	0.000000e+00	0.000000e+00	0.000000e+00	9.969846e-04	1.692809e-08	5.254065e-03	2.345668e+07	3.982778e+02	1.236157e+08	
4.450000e+00	2.365416e+10	7.528963e+10	1.802237e+01	4.712389e+01	3.432092e+01	1.904351e+00	4.211726e-01	0.000000e+00	0.000000e+00	0.000000e+00	1.006819e-03	1.707541e-08	5.259760e-03	2.381546e+07	4.039045e+02	1.244152e+08	
4.500000e+00	2.377272e+10	7.317664e+10	1.803643e+01	4.712389e+01	3.434770e+01	1.904351e+00	4.030914e-01	0.000000e+00	0.000000e+00	0.000000e+00	1.015307e-03	1.710311e-08	5.265626e-03	2.413661e+07	4.065875e+02	1.251782e+08	
4.550000e+00	2.387322e+10	7.297377e+10	1.803706e+01	4.712389e+01	3.434889e+01	1.904351e+00	4.072928e-01	0.000000e+00	0.000000e+00	0.000000e+00	1.022149e-03	1.698406e-08	5.271412e-03	2.440198e+07	4.054642e+02	1.258456e+08	
4.600000e+00	2.397744e+10	7.356027e+10	1.804078e+01	4.712389e+01	3.435599e+01	1.904351e+00	4.149076e-01	0.000000e+00	0.000000e+00	0.000000e+00	1.028010e-03	1.688416e-08	5.277101e-03	2.464904e+07	4.048390e+02	1.265314e+08	
4.650000e+00	2.408806e+10	7.361795e+10	1.804958e+01	4.712389e+01	3.437274e+01	1.904351e+00	4.115389e-01	0.000000e+00	0.000000e+00	0.000000e+00	1.033269e-03	1.688899e-08	5.282413e-03	2.488944e+07	4.068229e+02	1.272431e+08	
4.700000e+00	2.419454e+10	7.336381e+10	1.805552e+01	4.712389e+01	3.438406e+01	1.904351e+00	4.136515e-01	0.000000e+00	0.000000e+00	0.000000e+00	1.037701e-03	1.682457e-08	5.287548e-03	2.510669e+07	4.070628e+02	1.279298e+08	
4.750000e+00	2.430219e+10	7.339931e+10	1.806258e+01	4.712389e+01	3.439750e+01	1.904351e+00	4.229713e-01	0.000000e+00	0.000000e+00	0.000000e+00	1.041673e-03	1.682701e-08	5.292674e-03	2.531493e+07	4.089331e+02	1.286236e+08	
4.800000e+00	2.441738e+10	7.435748e+10	1.807546e+01	4.712389e+01	3.442202e+01	1.904351e+00	4.276120e-01	0.000000e+00	0.000000e+00	0.000000e+00	1.045453e-03	1.705563e-08	5.298039e-03	2.552723e+07	4.164538e+02	1.293642e+08	
4.850000e+00	2.453516e+10	7.423956e+10	1.809043e+01	4.712389e+01	3.445054e+01	1.904351e+00	4.201802e-01	0.000000e+00	0.000000e+00	0.000000e+00	1.049085e-03	1.734477e-08	5.303288e-03	2.573947e+07	4.255567e+02	1.301170e+08	
4.900000e+00	2.464437e+10	7.568831e+10	1.809927e+01	4.712389e+01	3.446737e+01	1.904351e+00	4.264583e-01	0.000000e+00	0.000000e+00	0.000000e+00	1.052253e-03	1.757574e-08	5.308485e-03	2.593211e+07	4.331430e+02	1.308243e+08	
4.950000e+00	2.475816e+10	7.614849e+10	1.811168e+01	4.712389e+01	3.449100e+01	1.904351e+00	4.266705e-01	0.000000e+00	0.000000e+00	0.000000e+00	1.055429e-03	1.787550e-08	5.313706e-03	2.613049e+07	4.425644e+02	1.315576e+08	
5.000000e+00	2.487061e+10	7.652753e+10	1.812328e+01	4.712389e+01	3.451309e+01	1.904351e+00	4.305620e-01	0.000000e+00	0.000000e+00	0.000000e+00	1.058395e-03	1.815947e-08	5.319067e-03	2.632293e+07	4.516370e+02	1.322884e+08	
5.050000e+00	2.498514e+10	7.664418e+10	1.813658e+01	4.712389e+01	3.453842e+01	1.904351e+00	4.389459e-01	0.000000e+00	0.000000e+00	0.000000e+00	1.061364e-03	1.850590e-08	5.324524e-03	2.651835e+07	4.623725e+02	1.330340e+08	
5.100000e+00	2.510564e+10	7.576353e+10	1.815436e+01	4.712389e+01	3.457227e+01	1.904351e+00	4.419938e-01	0.000000e+00	0.000000e+00	0.000000e+00	1.064563e-03	1.901869e-08	5.330368e-03	2.672652e+07	4.774763e+02	1.338223e+08	
5.150000e+00	2.522671e+10	7.580703e+10	1.817268e+01	4.712389e+01	3.460716e+01	1.904351e+00	4.374604e-01	0.000000e+00	0.000000e+00	0.000000e+00	1.067075e-03	1.938310e-08	5.336092e-03	2.691880e+07	4.889718e+02	1.346120e+08	
5.200000e+00	2.534140e+10	7.589080e+10	1.818654e+01	4.712389e+01	3.463356e+01	1.904351e+00	4.404154e-01	0.000000e+00	0.000000e+00	0.000000e+00	1.069477e-03	1.971984e-08	5.342123e-03	2.710206e+07	4.997284e+02	1.353769e+08	
5.250000e+00	2.545707e+10	7.764662e+10	1.820125e+01	4.712389e+01	3.466158e+01	1.904351e+00	4.425753e-01	0.000000e+00	0.000000e+00	0.000000e+00	1.071803e-03	2.012691e-08	5.348583e-03	2.728497e+07	5.123722e+02	1.361593e+08	
5.300000e+00	2.557290e+10	7.659208e+10	1.821622e+01	4.712389e+01	3.469008e+01	1.904351e+00	4.508795e-01	0.000000e+00	0.000000e+00	0.000000e+00	1.074665e-03	2.060390e-08	5.355405e-03	2.748229e+07	5.269014e+02	1.369532e+08	
5.350000e+00	2.569444e+10	7.374429e+10	1.823539e+01	4.712389e+01	3.472658e+01	1.904351e+00	4.388695e-01	0.000000e+00	0.000000e+00	0.000000e+00	1.077251e-03	2.109485e-08	5.363014e-03	2.767935e+07	5.420203e+02	1.377996e+08	
5.400000e+00	2.580268e+10	7.227207e+10	1.824525e+01	4.712389e+01	3.474537e+01	1.904351e+00	4.355847e-01	0.000000e+00	0.000000e+00	0.000000e+00	1.078988e-03	2.150544e-08	5.370492e-03	2.784078e+07	5.548980e+02	1.385731e+08	
5.450000e+00	2.590672e+10	7.038467e+10	1.825232e+01	4.712389e+01	3.475883e+01	1.904351e+00	4.260108e-01	0.000000e+00	0.000000e+00	0.000000e+00	1.080681e-03	2.192460e-08	5.377931e-03	2.799691e+07	5.679943e+02	1.393245e+08	
5.500000e+00	2.600114e+10	6.783687e+10	1.825283e+01	4.712389e+01	3.475980e+01	1.904351e+00	4.087757e-01	0.000000e+00	0.000000e+00	0.000000e+00	1.081791e-03	2.217916e-08	5.384978e-03	2.812781e+07	5.766834e+02	1.400155e+08	
5.550000e+00	2.607977e+10	6.706087e+10	1.824253e+01	4.712389e+01	3.474017e+01	1.904351e+00	4.218044e-01	0.000000e+00	0.000000e+00	0.000000e+00	1.082367e-03	2.231313e-08	5.391551e-03	2.822787e+07	5.819213e+02	1.406104e+08	
5.600000e+00	2.617156e+10	6.485429e+10	1.824170e+01	4.712389e+01	3.473861e+01	1.904351e+00	4.177723e-01	0.000000e+00	0.000000e+00	0.000000e+00	1.083020e-03	2.257691e-08	5.397752e-03	2.834434e+07	5.908732e+02	1.412676e+08	
5.650000e+00	2.625979e+10	6.557164e+10	1.823863e+01	4.712389e+01	3.473276e+01	1.904351e+00	4.436395e-01	0.000000e+00	0.000000e+00	0.000000e+00	1.083199e-03	2.277467e-08	5.403844e-03	2.844457e+07	5.980579e+02	1.419038e+08	
5.700000e+00	2.637198e+10	6.574139e+10	1.825240e+01	4.712389e+01	3.475898e+01	1.904351e+00	4.480476e-01	0.000000e+00	0.000000e+00	0.000000e+00	1.083690e-03	2.318333e-08	5.409647e-03	2.857905e+07	6.113903e+02	1.426631e+08	
5.750000e+00	2.648650e+10	6.587914e+10	1.826790e+01	4.712389e+01	3.478850e+01	1.904351e+00	4.455719e-01	0.000000e+00	0.000000e+00	0.000000e+00	1.084334e-03	2.358402e-08	5.415944e-03	2.872022e+07	6.246582e+02	1.434494e+08	
5.800000e+00	2.659686e+10	6.719332e+10	1.828065e+01	4.712389e+01	3.481278e+01	1.904351e+00	4.446469e-01	0.000000e+00	0.000000e+00	0.000000e+00	1.085016e-03	2.392999e-08	5.421756e-03	2.885802e+07	6.364627e+02	1.442017e+08	
5.850000e+00	2.670481e+10	6.793586e+10	1.829188e+01	4.712389e+01	3.483416e+01	1.904351e+00	4.337271e-01	0.000000e+00	0.000000e+00	0.000000e+00	1.086270e-03	2.434176e-08	5.427701e-03	2.900863e+07	6.500418e+02	1.449457e+08	
5.900000e+00	2.680138e+10	6.792432e+10	1.829548e+01	4.712389e+01	3.484102e+01	1.904351e+00	4.314109e-01	0.000000e+00	0.000000e+00	0.000000e+00	1.087659e-03	2.459861e-08	5.433619e-03	2.915076e+07	6.592768e+02	1.456285e+08	
5.950000e+00	2.689539e+10	6.713114e+10	1.829753e+01	4.712389e+01	3.484491e+01	1.904351e+00	4.256068e-01	0.000000e+00	0.000000e+00	0.000000e+00	1.089004e-03	2.480726e-08	5.439278e-03	2.928918e+07	6.672009e+02	1.462915e+08	
6.000000e+00	2.698385e+10	6.738900e+10	1.829599e+01	4.712389e+01	3.484200e+01	1.904351e+00	4.247836e-01	0.000000e+00	0.000000e+00	0.000000e+00	1.089764e-03	2.491195e-08	5.444543e-03	2.940603e+07	6.722201e+02	1.469147e+08	
6.050000e+00	2.707173e+10	6.785350e+10	1.829430e+01	4.712389e+01	3.483876e+01	1.904351e+00	4.241658e-01	0.000000e+00	0.000000e+00	0.000000e+00	1.090554e-03	2.497740e-08	5.449478e-03	2.952317e+07	6.761815e+02	1.475268e+08	
6.100000e+00	2.715926e+10	6.861825e+10	1.829257e+01	4.712389e+01	3.483548e+01	1.904351e+00	4.247819e-01	0.000000e+00	0.000000e+00	0.000000e+00	1.091331e-03	2.501209e-08	5.454077e-03	2.963974e+07	6.793100e+02	1.481287e+08	
6.150000e+00	2.724757e+10	6.860831e+10	1.829158e+01	4.712389e+01	3.483360e+01	1.904351e+00	4.239007e-01	0.000000e+00	0.000000e+00	0.000000e+00	1.092231e-03	2.502896e-08	5.458381e-03	2.976063e+07	6.819783e+02	1.487276e+08	
6.200000e+00	2.733520e+10	6.615281e+10	1.829034e+01	4.712389e+01	3.483123e+01	1.904351e+00	4.035342e-01	0.000000e+00	0.000000e+00	0.000000e+00	1.093032e-03	2.502006e-08	5.462444e-03	2.987826e+07	6.839284e+02	1.493170e+08	
6.250000e+00	2.740435e+10	6.576740e+10	1.827698e+01	4.712389e+01	3.480579e+01	1.904351e+00	4.062482e-01	0.000000e+00	0.000000e+00	0.000000e+00	1.050380e-03	2.497988e-08	5.459238e-03	2.878498e+07	6.845575e+02	1.496069e+08	
6.300000e+00	2.747766e+10	6.635930e+10	1.826666e+01	4.712389e+01	3.478614e+01	1.904351e+00	4.130733e-01	0.000000e+00	0.000000e+00	0.000000e+00	1.053987e-03	2.482192e-08	5.463240e-03	2.896109e+07	6.820482e+02	1.501171e+08	
6.350000e+00	2.755849e+10	6.519655e+10	1.826158e+01	4.712389e+01	3.477646e+01	1.904351e+00	4.070994e-01	0.000000e+00	0.000000e+00	0.000000e+00	1.057556e-03	2.471960e-08	5.466884e-03	2.914464e+07	6.812347e+02	1.506591e+08	
6.400000e+00	2.763449e+10	6.547322e+10	1.825353e+01	4.712389e+01	3.476114e+01	1.904351e+00	4.081570e-01	0.000000e+00	0.000000e+00	0.000000e+00	1.060227e-03	2.448095e-08	5.470147e-03	2.929882e+07	6.765187e+02	1.511647e+08	
6.450000e+00	2.771247e+10	6.429481e+10	1.824702e+01	4.712389e+01	3.474874e+01	1.904351e+00	3.986433e-01	0.000000e+00	0.000000e+00	0.000000e+00	1.062566e-03	2.425747e-08	5.473062e-03	2.944634e+07	6.722345e+02	1.516721e+08	
6.500000e+00	2.778258e+10	6.367313e+10	1.823557e+01	4.712389e+01	3.472692e+01	1.904351e+00	3.798539e-01	0.000000e+00	0.000000e+00	0.000000e+00	1.064408e-03	2.396283e-08	5.475612e-03	2.957200e+07	6.657492e+02	1.521266e+08	
6.550000e+00	2.783699e+10	6.398102e+10	1.821409e+01	4.712389e+01	3.468603e+01	1.904351e+00	3.947102e-01	0.000000e+00	0.000000e+00	0.000000e+00	1.065992e-03	2.356997e-08	5.477753e-03	2.967401e+07	6.561171e+02	1.524842e+08	
6.600000e+00	2.790764e+10	6.287142e+10	1.820353e+01	4.712389e+01	3.466591e+01	1.904351e+00	3.963039e-01	0.000000e+00	0.000000e+00	0.000000e+00	1.067378e-03	2.323619e-08	5.479164e-03	2.978802e+07	6.484674e+02	1.529106e+08	
6.650000e+00	2.798107e+10	6.336845e+10	1.819500e+01	4.712389e+01	3.464968e+01	1.904351e+00	3.982532e-01	0.000000e+00	0.000000e+00	0.000000e+00	1.068234e-03	2.291498e-08	5.480280e-03	2.989032e+07	6.411857e+02	1.533441e+08	
6.700000e+00	2.805734e+10	6.373575e+10	1.818855e+01	4.712389e+01	3.463738e+01	1.904351e+00	4.121794e-01	0.000000e+00	0.000000e+00	0.000000e+00	1.068864e-03	2.262345e-08	5.481230e-03	2.998949e+07	6.347540e+02	1.537888e+08	
6.750000e+00	2.814709e+10	6.422960e+10	1.819101e+01	4.712389e+01	3.464208e+01	1.904351e+00	4.082921e-01	0.000000e+00	0.000000e+00	0.000000e+00	1.069432e-03	2.241933e-08	5.482618e-03	3.010139e+07	6.310390e+02	1.543198e+08	
6.800000e+00	2.823299e+10	6.539559e+10	1.819115e+01	4.712389e+01	3.464234e+01	1.904351e+00	4.106454e-01	0.000000e+00	0.000000e+00	0.000000e+00	1.069963e-03	2.227159e-08	5.483743e-03	3.020825e+07	6.287936e+02	1.548225e+08	
6.850000e+00	2.832102e+10	6.598042e+10	1.819282e+01	4.712389e+01	3.464552e+01	1.904351e+00	4.161962e-01	0.000000e+00	0.000000e+00	0.000000e+00	1.070804e-03	2.222787e-08	5.485114e-03	3.032626e+07	6.295158e+02	1.553440e+08	
6.900000e+00	2.841388e+10	6.568702e+10	1.819775e+01	4.712389e+01	3.465490e+01	1.904351e+00	4.045400e-01	0.000000e+00	0.000000e+00	0.000000e+00	1.071613e-03	2.223468e-08	5.486809e-03	3.044870e+07	6.317737e+02	1.559016e+08	
6.950000e+00	2.849553e+10	6.624221e+10	1.819564e+01	4.712389e+01	3.465089e+01	1.904351e+00	4.125273e-01	0.000000e+00	0.000000e+00	0.000000e+00	1.072195e-03	2.217754e-08	5.488367e-03	3.055276e+07	6.319606e+02	1.563939e+08	
7.000000e+00	2.858471e+10	6.778352e+10	1.819850e+01	4.712389e+01	3.465634e+01	1.904351e+00	4.200092e-01	0.000000e+00	0.000000e+00	0.000000e+00	1.072788e-03	2.219981e-08	5.489576e-03	3.066534e+07	6.345752e+02	1.569179e+08	
7.050000e+00	2.868034e+10	6.940456e+10	1.820560e+01	4.712389e+01	3.466986e+01	1.904351e+00	4.233461e-01	0.000000e+00	0.000000e+00	0.000000e+00	1.073608e-03	2.234226e-08	5.491067e-03	3.079144e+07	6.407837e+02	1.574857e+08	
7.100000e+00	2.877812e+10	6.938178e+10	1.821418e+01	4.712389e+01	3.468620e+01	1.904351e+00	4.143337e-01	0.000000e+00	0.000000e+00	0.000000e+00	1.074829e-03	2.256579e-08	5.492591e-03	3.093155e+07	6.494011e+02	1.580665e+08	
7.150000e+00	2.886664e+10	7.024825e+10	1.821702e+01	4.712389e+01	3.469160e+01	1.904351e+00	4.078268e-01	0.000000e+00	0.000000e+00	0.000000e+00	1.075810e-03	2.265951e-08	5.494116e-03	3.105502e+07	6.541039e+02	1.585966e+08	
7.200000e+00	2.894887e+10	7.086638e+10	1.821603e+01	4.712389e+01	3.468973e+01	1.904351e+00	4.144544e-01	0.000000e+00	0.000000e+00	0.000000e+00	1.076612e-03	2.263670e-08	5.495543e-03	3.116670e+07	6.553069e+02	1.590897e+08	
7.250000e+00	2.903726e+10	7.000759e+10	1.821907e+01	4.712389e+01	3.469552e+01	1.904351e+00	4.078472e-01	0.000000e+00	0.000000e+00	0.000000e+00	1.077153e-03	2.264053e-08	5.496609e-03	3.127758e+07	6.574191e+02	1.596065e+08	
7.300000e+00	2.911926e+10	6.996607e+10	1.821824e+01	4.712389e+01	3.469394e+01	1.904351e+00	3.973677e-01	0.000000e+00	0.000000e+00	0.000000e+00	1.077199e-03	2.250783e-08	5.497597e-03	3.136725e+07	6.554113e+02	1.600859e+08	
7.350000e+00	2.919181e+10	6.970673e+10	1.821168e+01	4.712389e+01	3.468143e+01	1.904351e+00	4.048359e-01	0.000000e+00	0.000000e+00	0.000000e+00	1.076970e-03	2.227050e-08	5.498474e-03	3.143869e+07	6.501162e+02	1.605104e+08	
7.400000e+00	2.927198e+10	6.949599e+10	1.821004e+01	4.712389e+01	3.467831e+01	1.904351e+00	4.048170e-01	0.000000e+00	0.000000e+00	0.000000e+00	1.076625e-03	2.208206e-08	5.499565e-03	3.151494e+07	6.463857e+02	1.609832e+08	
7.450000e+00	2.935235e+10	6.949216e+10	1.820867e+01	4.712389e+01	3.467570e+01	1.904351e+00	4.049874e-01	0.000000e+00	0.000000e+00	0.000000e+00	1.076296e-03	2.194053e-08	5.500593e-03	3.159181e+07	6.440060e+02	1.614553e+08	
7.500000e+00	2.943304e+10	6.949297e+10	1.820765e+01	4.712389e+01	3.467376e+01	1.904351e+00	4.042500e-01	0.000000e+00	0.000000e+00	0.000000e+00	1.075965e-03	2.183600e-08	5.501494e-03	3.166892e+07	6.426999e+02	1.619257e+08	
7.550000e+00	2.951319e+10	6.794364e+10	1.820644e+01	4.712389e+01	3.467146e+01	1.904351e+00	4.035774e-01	0.000000e+00	0.000000e+00	0.000000e+00	1.075720e-03	2.176664e-08	5.502481e-03	3.174794e+07	6.424029e+02	1.623957e+08	
7.600000e+00	2.959287e+10	6.690143e+10	1.820510e+01	4.712389e+01	3.466891e+01	1.904351e+00	4.028391e-01	0.000000e+00	0.000000e+00	0.000000e+00	1.075351e-03	2.171370e-08	5.503391e-03	3.182271e+07	6.425707e+02	1.628611e+08	
7.650000e+00	2.967205e+10	6.632167e+10	1.820359e+01	4.712389e+01	3.466604e+01	1.904351e+00	3.992773e-01	0.000000e+00	0.000000e+00	0.000000e+00	1.074863e-03	2.166190e-08	5.504248e-03	3.189337e+07	6.427530e+02	1.633223e+08	
7.700000e+00	2.974818e+10	6.623923e+10	1.820037e+01	4.712389e+01	3.465989e+01	1.904351e+00	3.942379e-01	0.000000e+00	0.000000e+00	0.000000e+00	1.074193e-03	2.154266e-08	5.505019e-03	3.195528e+07	6.408550e+02	1.637643e+08	
7.750000e+00	2.982012e+10	6.420957e+10	1.819474e+01	4.712389e+01	3.464917e+01	1.904351e+00	3.880798e-01	0.000000e+00	0.000000e+00	0.000000e+00	1.073416e-03	2.135467e-08	5.505685e-03	3.200939e+07	6.367990e+02	1.641802e+08	
7.800000e+00	2.988717e+10	6.394117e+10	1.818630e+01	4.712389e+01	3.463309e+01	1.904351e+00	3.905307e-01	0.000000e+00	0.000000e+00	0.000000e+00	1.072020e-03	2.108866e-08	5.506373e-03	3.203966e+07	6.302804e+02	1.645699e+08	
7.850000e+00	2.995751e+10	6.189236e+10	1.818003e+01	4.712389e+01	3.462116e+01	1.904351e+00	3.869790e-01	0.000000e+00	0.000000e+00	0.000000e+00	1.070831e-03	2.088552e-08	5.506925e-03	3.207943e+07	6.256782e+02	1.649738e+08	
7.900000e+00	3.002541e+10	6.202884e+10	1.817245e+01	4.712389e+01	3.460673e+01	1.904351e+00	3.903282e-01	0.000000e+00	0.000000e+00	0.000000e+00	1.069325e-03	2.064563e-08	5.507299e-03	3.210691e+07	6.198935e+02	1.653589e+08	
7.950000e+00	3.009731e+10	5.918738e+10	1.816745e+01	4.712389e+01	3.459721e+01	1.904351e+00	3.719957e-01	0.000000e+00	0.000000e+00	0.000000e+00	1.068135e-03	2.048322e-08	5.507529e-03	3.214798e+07	6.164898e+02	1.657618e+08	
8.000000e+00	3.015318e+10	5.844983e+10	1.815296e+01	4.712389e+01	3.456962e+01	1.904351e+00	3.821595e-01	0.000000e+00	0.000000e+00	0.000000e+00	1.066229e-03	2.010479e-08	5.507455e-03	3.215019e+07	6.062235e+02	1.660673e+08	
8.050000e+00	3.022011e+10	6.013735e+10	1.814532e+01	4.712389e+01	3.455506e+01	1.904351e+00	3.914061e-01	0.000000e+00	0.000000e+00	0.000000e+00	1.064642e-03	1.991766e-08	5.507396e-03	3.217362e+07	6.019139e+02	1.664341e+08	
8.100000e+00	3.029640e+10	6.032672e+10	1.814344e+01	4.712389e+01	3.455148e+01	1.904351e+00	3.883572e-01	0.000000e+00	0.000000e+00	0.000000e+00	1.063747e-03	1.989728e-08	5.507354e-03	3.222769e+07	6.028158e+02	1.668530e+08	
8.150000e+00	3.037015e+10	6.087915e+10	1.814018e+01	4.712389e+01	3.454528e+01	1.904351e+00	3.909363e-01	0.000000e+00	0.000000e+00	0.000000e+00	1.063147e-03	1.985610e-08	5.507319e-03	3.228793e+07	6.030327e+02	1.672581e+08	
8.200000e+00	3.044666e+10	6.024636e+10	1.813870e+01	4.712389e+01	3.454246e+01	1.904351e+00	3.820454e-01	0.000000e+00	0.000000e+00	0.000000e+00	1.062627e-03	1.983158e-08	5.507282e-03	3.235343e+07	6.038054e+02	1.676783e+08	
8.250000e+00	3.051528e+10	6.016471e+10	1.813267e+01	4.712389e+01	3.453098e+01	1.904351e+00	3.761438e-01	0.000000e+00	0.000000e+00	0.000000e+00	1.061901e-03	1.972923e-08	5.507235e-03	3.240420e+07	6.020430e+02	1.680549e+08	
8.300000e+00	3.057932e+10	5.872420e+10	1.812407e+01	4.712389e+01	3.451460e+01	1.904351e+00	3.688847e-01	0.000000e+00	0.000000e+00	0.000000e+00	1.061101e-03	1.955097e-08	5.507090e-03	3.244774e+07	5.978555e+02	1.684031e+08	
8.350000e+00	3.063787e+10	5.839598e+10	1.811239e+01	4.712389e+01	3.449235e+01	1.904351e+00	3.635791e-01	0.000000e+00	0.000000e+00	0.000000e+00	1.059879e-03	1.929016e-08	5.506632e-03	3.247242e+07	5.910093e+02	1.687115e+08	
8.400000e+00	3.069309e+10	6.071883e+10	1.809892e+01	4.712389e+01	3.446671e+01	1.904351e+00	3.832838e-01	0.000000e+00	0.000000e+00	0.000000e+00	1.058611e-03	1.905665e-08	5.505785e-03	3.249204e+07	5.849073e+02	1.689896e+08	
8.450000e+00	3.076785e+10	6.054187e+10	1.809714e+01	4.712389e+01	3.446330e+01	1.904351e+00	3.830436e-01	0.000000e+00	0.000000e+00	0.000000e+00	1.057955e-03	1.896921e-08	5.504663e-03	3.255100e+07	5.836418e+02	1.693667e+08	
8.500000e+00	3.084262e+10	6.168368e+10	1.809548e+01	4.712389e+01	3.446015e+01	1.904351e+00	3.893120e-01	0.000000e+00	0.000000e+00	0.000000e+00	1.057084e-03	1.881539e-08	5.503540e-03	3.260323e+07	5.803161e+02	1.697436e+08	
8.550000e+00	3.092328e+10	6.223434e+10	1.809738e+01	4.712389e+01	3.446377e+01	1.904351e+00	3.914365e-01	0.000000e+00	0.000000e+00	0.000000e+00	1.056547e-03	1.875897e-08	5.502580e-03	3.267190e+07	5.800890e+02	1.701578e+08	
8.600000e+00	3.100561e+10	6.203443e+10	1.810037e+01	4.712389e+01	3.446947e+01	1.904351e+00	3.848446e-01	0.000000e+00	0.000000e+00	0.000000e+00	1.056113e-03	1.873260e-08	5.501858e-03	3.274543e+07	5.808156e+02	1.705885e+08	
8.650000e+00	3.108161e+10	6.008079e+10	1.809977e+01	4.712389e+01	3.446832e+01	1.904351e+00	3.748143e-01	0.000000e+00	0.000000e+00	0.000000e+00	1.055657e-03	1.865185e-08	5.501156e-03	3.281151e+07	5.797295e+02	1.709848e+08	
8.700000e+00	3.114860e+10	6.122630e+10	1.809405e+01	4.712389e+01	3.445743e+01	1.904351e+00	4.035214e-01	0.000000e+00	0.000000e+00	0.000000e+00	1.054909e-03	1.850139e-08	5.500673e-03	3.285894e+07	5.762923e+02	1.713382e+08	
8.750000e+00	3.124229e+10	6.085540e+10	1.810394e+01	4.712389e+01	3.447625e+01	1.904351e+00	3.961502e-01	0.000000e+00	0.000000e+00	0.000000e+00	1.093503e-03	1.842357e-08	5.507557e-03	3.416354e+07	5.755944e+02	1.720687e+08	
8.800000e+00	3.132807e+10	6.128262e+10	1.810931e+01	4.712389e+01	3.448649e+01	1.904351e+00	3.949023e-01	0.000000e+00	0.000000e+00	0.000000e+00	1.089879e-03	1.841780e-08	5.507250e-03	3.414381e+07	5.769941e+02	1.725315e+08	
8.850000e+00	3.141204e+10	6.237650e+10	1.811373e+01	4.712389e+01	3.449490e+01	1.904351e+00	4.103540e-01	0.000000e+00	0.000000e+00	0.000000e+00	1.086673e-03	1.845328e-08	5.506880e-03	3.413463e+07	5.796551e+02	1.729823e+08	
8.900000e+00	3.150946e+10	6.431717e+10	1.812596e+01	4.712389e+01	3.451819e+01	1.904351e+00	4.099798e-01	0.000000e+00	0.000000e+00	0.000000e+00	1.084132e-03	1.861073e-08	5.507167e-03	3.416040e+07	5.864140e+02	1.735278e+08	
8.950000e+00	3.160501e+10	6.675060e+10	1.813717e+01	4.712389e+01	3.453954e+01	1.904351e+00	3.971108e-01	0.000000e+00	0.000000e+00	0.000000e+00	1.082305e-03	1.885197e-08	5.507784e-03	3.420626e+07	5.958168e+02	1.740735e+08	
9.000000e+00	3.168749e+10	6.839757e+10	1.814095e+01	4.712389e+01	3.454673e+01	1.904351e+00	3.945264e-01	0.000000e+00	0.000000e+00	0.000000e+00	1.044729e-03	1.918496e-08	5.503103e-03	3.310484e+07	6.079231e+02	1.743795e+08	
9.050000e+00	3.176715e+10	7.151560e+10	1.814320e+01	4.712389e+01	3.455103e+01	1.904351e+00	4.006511e-01	0.000000e+00	0.000000e+00	0.000000e+00	1.046777e-03	1.942224e-08	5.505013e-03	3.325311e+07	6.169892e+02	1.748786e+08	
9.100000e+00	3.185209e+10	7.226700e+10	1.814855e+01	4.712389e+01	3.456122e+01	1.904351e+00	3.831075e-01	0.000000e+00	0.000000e+00	0.000000e+00	1.048804e-03	1.960899e-08	5.506784e-03	3.340659e+07	6.245873e+02	1.754026e+08	
9.150000e+00	3.192044e+10	7.519464e+10	1.814455e+01	4.712389e+01	3.455360e+01	1.904351e+00	3.952062e-01	0.000000e+00	0.000000e+00	0.000000e+00	1.014043e-03	1.973184e-08	5.502295e-03	3.236869e+07	6.298489e+02	1.756357e+08	
9.200000e+00	3.200027e+10	7.827490e+10	1.814718e+01	4.712389e+01	3.455860e+01	1.904351e+00	4.243972e-01	0.000000e+00	0.000000e+00	0.000000e+00	1.018553e-03	1.982541e-08	5.504180e-03	3.259395e+07	6.344185e+02	1.761352e+08	
9.250000e+00	3.210625e+10	7.954350e+10	1.816469e+01	4.712389e+01	3.459195e+01	1.904351e+00	4.148431e-01	0.000000e+00	0.000000e+00	0.000000e+00	1.023074e-03	2.001918e-08	5.506209e-03	3.284708e+07	6.427407e+02	1.767838e+08	
9.300000e+00	3.220139e+10	8.144194e+10	1.817610e+01	4.712389e+01	3.461368e+01	1.904351e+00	4.165855e-01	0.000000e+00	0.000000e+00	0.000000e+00	1.027042e-03	2.010353e-08	5.508173e-03	3.307218e+07	6.473617e+02	1.773708e+08	
9.350000e+00	3.229669e+10	8.341886e+10	1.818764e+01	4.712389e+01	3.463566e+01	1.904351e+00	4.378309e-01	0.000000e+00	0.000000e+00	0.000000e+00	1.030931e-03	2.026121e-08	5.510438e-03	3.329565e+07	6.543699e+02	1.779689e+08	
9.400000e+00	3.240988e+10	8.554655e+10	1.820928e+01	4.712389e+01	3.467687e+01	1.904351e+00	4.287669e-01	0.000000e+00	0.000000e+00	0.000000e+00	1.069373e-03	2.041607e-08	5.518133e-03	3.465825e+07	6.616824e+02	1.788420e+08	
9.450000e+00	3.251214e+10	8.872951e+10	1.822479e+01	4.712389e+01	3.470641e+01	1.904351e+00	4.273915e-01	0.000000e+00	0.000000e+00	0.000000e+00	1.070230e-03	2.053608e-08	5.519750e-03	3.479548e+07	6.676719e+02	1.794589e+08	
9.500000e+00	3.261123e+10	8.967230e+10	1.823856e+01	4.712389e+01	3.473261e+01	1.904351e+00	4.082187e-01	0.000000e+00	0.000000e+00	0.000000e+00	1.071385e-03	2.069216e-08	5.521632e-03	3.493917e+07	6.747967e+02	1.800672e+08	
9.550000e+00	3.269113e+10	9.385140e+10	1.824164e+01	4.712389e+01	3.473849e+01	1.904351e+00	4.198905e-01	0.000000e+00	0.000000e+00	0.000000e+00	1.072302e-03	2.066875e-08	5.523589e-03	3.505477e+07	6.756848e+02	1.805724e+08	
9.600000e+00	3.278130e+10	9.502514e+10	1.825052e+01	4.712389e+01	3.475540e+01	1.904351e+00	4.210852e-01	0.000000e+00	0.000000e+00	0.000000e+00	1.073844e-03	2.077208e-08	5.525627e-03	3.520199e+07	6.809356e+02	1.811372e+08	
9.650000e+00	3.287145e+10	9.554377e+10	1.825945e+01	4.712389e+01	3.477240e+01	1.904351e+00	4.060280e-01	0.000000e+00	0.000000e+00	0.000000e+00	1.075266e-03	2.085914e-08	5.527615e-03	3.534554e+07	6.856702e+02	1.817007e+08	
9.700000e+00	3.294674e+10	9.656739e+10	1.826019e+01	4.712389e+01	3.477382e+01	1.904351e+00	4.111861e-01	0.000000e+00	0.000000e+00	0.000000e+00	1.076352e-03	2.083007e-08	5.529467e-03	3.546230e+07	6.862830e+02	1.821779e+08	
9.750000e+00	3.302665e+10	9.809460e+10	1.826358e+01	4.712389e+01	3.478026e+01	1.904351e+00	4.140225e-01	0.000000e+00	0.000000e+00	0.000000e+00	1.077394e-03	2.077198e-08	5.531252e-03	3.558273e+07	6.860290e+02	1.826787e+08	
9.800000e+00	3.310873e+10	9.965374e+10	1.826823e+01	4.712389e+01	3.478913e+01	1.904351e+00	4.253365e-01	0.000000e+00	0.000000e+00	0.000000e+00	1.078460e-03	2.068918e-08	5.533076e-03	3.570643e+07	6.849924e+02	1.831931e+08	
9.850000e+00	3.320056e+10	1.027166e+11	1.827833e+01	4.712389e+01	3.480836e+01	1.904351e+00	4.367750e-01	0.000000e+00	0.000000e+00	0.000000e+00	1.079558e-03	2.074876e-08	5.535608e-03	3.584193e+07	6.888704e+02	1.837853e+08	
9.900000e+00	3.330160e+10	1.065736e+11	1.829353e+01	4.712389e+01	3.483730e+01	1.904351e+00	4.628893e-01	0.000000e+00	0.000000e+00	0.000000e+00	1.081237e-03	2.099883e-08	5.538339e-03	3.600694e+07	6.992945e+02	1.844355e+08	
9.950000e+00	3.342465e+10	1.066964e+11	1.832081e+01	4.712389e+01	3.488926e+01	1.904351e+00	4.546201e-01	0.000000e+00	0.000000e+00	0.000000e+00	1.117008e-03	2.131638e-08	5.546486e-03	3.733561e+07	7.124924e+02	1.853893e+08	
1.000000e+01	3.353679e+10	1.072882e+11	1.834210e+01	4.712389e+01	3.492980e+01	1.904351e+00	4.484735e-01	0.000000e+00	0.000000e+00	0.000000e+00	1.116560e-03	2.163812e-08	5.549415e-03	3.744584e+07	7.256730e+02	1.861096e+08	
1.005000e+01	3.364069e+10	1.107510e+11	1.835888e+01	4.712389e+01	3.496176e+01	1.904351e+00	4.541403e-01	0.000000e+00	0.000000e+00	0.000000e+00	1.116257e-03	2.194389e-08	5.552663e-03	3.755166e+07	7.382075e+02	1.867954e+08	
1.010000e+01	3.374772e+10	1.116958e+11	1.837739e+01	4.712389e+01	3.499700e+01	1.904351e+00	4.523238e-01	0.000000e+00	0.000000e+00	0.000000e+00	1.116870e-03	2.235886e-08	5.556419e-03	3.769181e+07	7.545608e+02	1.875165e+08	
1.015000e+01	3.385082e+10	1.111096e+11	1.839376e+01	4.712389e+01	3.502818e+01	1.904351e+00	4.353695e-01	0.000000e+00	0.000000e+00	0.000000e+00	1.117582e-03	2.271138e-08	5.560128e-03	3.783106e+07	7.687988e+02	1.882149e+08	
1.020000e+01	3.393633e+10	1.125965e+11	1.840061e+01	4.712389e+01	3.504122e+01	1.904351e+00	4.438583e-01	0.000000e+00	0.000000e+00	0.000000e+00	1.118051e-03	2.286362e-08	5.564019e-03	3.794255e+07	7.759071e+02	1.888224e+08	
1.025000e+01	3.402879e+10	1.135040e+11	1.841128e+01	4.712389e+01	3.506154e+01	1.904351e+00	4.456519e-01	0.000000e+00	0.000000e+00	0.000000e+00	1.118818e-03	2.307785e-08	5.567946e-03	3.807203e+07	7.853114e+02	1.894705e+08	
1.030000e+01	3.412160e+10	1.135313e+11	1.842217e+01	4.712389e+01	3.508228e+01	1.904351e+00	4.264256e-01	0.000000e+00	0.000000e+00	0.000000e+00	1.119548e-03	2.331905e-08	5.571783e-03	3.820075e+07	7.956832e+02	1.901181e+08	
1.035000e+01	3.419535e+10	1.142900e+11	1.842283e+01	4.712389e+01	3.508354e+01	1.904351e+00	4.446427e-01	0.000000e+00	0.000000e+00	0.000000e+00	1.085979e-03	2.357870e-08	5.569879e-03	3.713545e+07	8.062821e+02	1.904640e+08	
1.040000e+01	3.428581e+10	1.156867e+11	1.843255e+01	4.712389e+01	3.510206e+01	1.904351e+00	4.470608e-01	0.000000e+00	0.000000e+00	0.000000e+00	1.089541e-03	2.385809e-08	5.574274e-03	3.735580e+07	8.179940e+02	1.911185e+08	
1.045000e+01	3.437730e+10	1.168216e+11	1.844287e+01	4.712389e+01	3.512170e+01	1.904351e+00	4.488504e-01	0.000000e+00	0.000000e+00	0.000000e+00	1.092928e-03	2.407275e-08	5.578386e-03	3.757190e+07	8.275561e+02	1.917698e+08	
1.050000e+01	3.446917e+10	1.193819e+11	1.845343e+01	4.712389e+01	3.514181e+01	1.904351e+00	4.577785e-01	0.000000e+00	0.000000e+00	0.000000e+00	1.096274e-03	2.425091e-08	5.582562e-03	3.778765e+07	8.359086e+02	1.924263e+08	
1.055000e+01	3.456798e+10	1.204790e+11	1.846774e+01	4.712389e+01	3.516905e+01	1.904351e+00	4.538741e-01	0.000000e+00	0.000000e+00	0.000000e+00	1.099707e-03	2.438740e-08	5.586299e-03	3.801466e+07	8.430230e+02	1.931071e+08	
1.060000e+01	3.466143e+10	1.218215e+11	1.847921e+01	4.712389e+01	3.519090e+01	1.904351e+00	4.683698e-01	0.000000e+00	0.000000e+00	0.000000e+00	1.103095e-03	2.448830e-08	5.590207e-03	3.823484e+07	8.487997e+02	1.937646e+08	
1.065000e+01	3.476688e+10	1.219222e+11	1.849709e+01	4.712389e+01	3.522495e+01	1.904351e+00	4.510595e-01	0.000000e+00	0.000000e+00	0.000000e+00	1.106543e-03	2.475442e-08	5.594681e-03	3.847103e+07	8.606339e+02	1.945096e+08	
1.070000e+01	3.485414e+10	1.223770e+11	1.850531e+01	4.712389e+01	3.524062e+01	1.904351e+00	4.503264e-01	0.000000e+00	0.000000e+00	0.000000e+00	1.109739e-03	2.494435e-08	5.599229e-03	3.867901e+07	8.694139e+02	1.951563e+08	
1.075000e+01	3.493971e+10	1.227049e+11	1.851269e+01	4.712389e+01	3.525467e+01	1.904351e+00	4.490633e-01	0.000000e+00	0.000000e+00	0.000000e+00	1.112516e-03	2.503610e-08	5.603547e-03	3.887098e+07	8.747538e+02	1.957863e+08	
1.080000e+01	3.502320e+10	1.236559e+11	1.851902e+01	4.712389e+01	3.526672e+01	1.904351e+00	4.533548e-01	0.000000e+00	0.000000e+00	0.000000e+00	1.114914e-03	2.507932e-08	5.607652e-03	3.904785e+07	8.783581e+02	1.963979e+08	
1.085000e+01	3.510989e+10	1.251855e+11	1.852709e+01	4.712389e+01	3.528209e+01	1.904351e+00	4.754812e-01	0.000000e+00	0.000000e+00	0.000000e+00	1.117141e-03	2.514585e-08	5.611808e-03	3.922269e+07	8.828682e+02	1.970300e+08	
1.090000e+01	3.521609e+10	1.285136e+11	1.854548e+01	4.712389e+01	3.531710e+01	1.904351e+00	4.764830e-01	0.000000e+00	0.000000e+00	0.000000e+00	1.154198e-03	2.521992e-08	5.622252e-03	4.064634e+07	8.881471e+02	1.979937e+08	
1.095000e+01	3.532099e+10	1.277977e+11	1.856318e+01	4.712389e+01	3.535081e+01	1.904351e+00	4.567545e-01	0.000000e+00	0.000000e+00	0.000000e+00	1.154600e-03	2.545778e-08	5.626232e-03	4.078161e+07	8.991939e+02	1.987241e+08	
1.100000e+01	3.540542e+10	1.294155e+11	1.857015e+01	4.712389e+01	3.536409e+01	1.904351e+00	4.581629e-01	0.000000e+00	0.000000e+00	0.000000e+00	1.154795e-03	2.553411e-08	5.630170e-03	4.088601e+07	9.040459e+02	1.993386e+08	
1.105000e+01	3.549031e+10	1.302180e+11	1.857741e+01	4.712389e+01	3.537791e+01	1.904351e+00	4.400561e-01	0.000000e+00	0.000000e+00	0.000000e+00	1.155223e-03	2.559859e-08	5.633990e-03	4.099922e+07	9.085021e+02	1.999521e+08	
1.110000e+01	3.555750e+10	1.312430e+11	1.857546e+01	4.712389e+01	3.537420e+01	1.904351e+00	4.664816e-01	0.000000e+00	0.000000e+00	0.000000e+00	1.122541e-03	2.572819e-08	5.632574e-03	3.991475e+07	9.148301e+02	2.002803e+08	
1.115000e+01	3.564946e+10	1.341550e+11	1.858652e+01	4.712389e+01	3.539526e+01	1.904351e+00	4.672541e-01	0.000000e+00	0.000000e+00	0.000000e+00	1.159856e-03	2.572452e-08	5.642973e-03	4.134825e+07	9.170655e+02	2.011690e+08	
1.120000e+01	3.574080e+10	1.337016e+11	1.859728e+01	4.712389e+01	3.541574e+01	1.904351e+00	4.492074e-01	0.000000e+00	0.000000e+00	0.000000e+00	1.160504e-03	2.578044e-08	5.646734e-03	4.147736e+07	9.214136e+02	2.018188e+08	
1.125000e+01	3.581405e+10	1.343332e+11	1.859867e+01	4.712389e+01	3.541839e+01	1.904351e+00	4.641578e-01	0.000000e+00	0.000000e+00	0.000000e+00	1.160851e-03	2.566474e-08	5.649982e-03	4.157479e+07	9.191580e+02	2.023487e+08	
1.130000e+01	3.590102e+10	1.352878e+11	1.860724e+01	4.712389e+01	3.543473e+01	1.904351e+00	4.675058e-01	0.000000e+00	0.000000e+00	0.000000e+00	1.161214e-03	2.560140e-08	5.653446e-03	4.168876e+07	9.191164e+02	2.029645e+08	
1.135000e+01	3.599007e+10	1.355340e+11	1.861693e+01	4.712389e+01	3.545317e+01	1.904351e+00	4.608479e-01	0.000000e+00	0.000000e+00	0.000000e+00	1.161654e-03	2.565538e-08	5.656561e-03	4.180801e+07	9.233389e+02	2.035800e+08	
1.140000e+01	3.607174e+10	1.362395e+11	1.862284e+01	4.712389e+01	3.546442e+01	1.904351e+00	4.819271e-01	0.000000e+00	0.000000e+00	0.000000e+00	1.161779e-03	2.562478e-08	5.659556e-03	4.190740e+07	9.243305e+02	2.041500e+08	
1.145000e+01	3.617231e+10	1.376109e+11	1.863853e+01	4.712389e+01	3.549431e+01	1.904351e+00	5.058229e-01	0.000000e+00	0.000000e+00	0.000000e+00	1.195726e-03	2.561537e-08	5.668771e-03	4.325217e+07	9.265670e+02	2.050526e+08	
1.150000e+01	3.629325e+10	1.391972e+11	1.866471e+01	4.712389e+01	3.554417e+01	1.904351e+00	4.902964e-01	0.000000e+00	0.000000e+00	0.000000e+00	1.227343e-03	2.567520e-08	5.677816e-03	4.454427e+07	9.318368e+02	2.060664e+08	
1.155000e+01	3.639657e+10	1.396494e+11	1.868181e+01	4.712389e+01	3.557673e+01	1.904351e+00	4.804083e-01	0.000000e+00	0.000000e+00	0.000000e+00	1.223474e-03	2.583400e-08	5.680865e-03	4.453026e+07	9.402690e+02	2.067640e+08	
1.160000e+01	3.648858e+10	1.406336e+11	1.869313e+01	4.712389e+01	3.559828e+01	1.904351e+00	4.815988e-01	0.000000e+00	0.000000e+00	0.000000e+00	1.219922e-03	2.601130e-08	5.683915e-03	4.451321e+07	9.491154e+02	2.073980e+08	
1.165000e+01	3.658033e+10	1.428532e+11	1.870434e+01	4.712389e+01	3.561962e+01	1.904351e+00	4.751203e-01	0.000000e+00	0.000000e+00	0.000000e+00	1.216703e-03	2.610247e-08	5.687113e-03	4.450740e+07	9.548370e+02	2.080365e+08	
1.170000e+01	3.666467e+10	1.429173e+11	1.871178e+01	4.712389e+01	3.563381e+01	1.904351e+00	4.673338e-01	0.000000e+00	0.000000e+00	0.000000e+00	1.213688e-03	2.618872e-08	5.689699e-03	4.449947e+07	9.602009e+02	2.086109e+08	
1.175000e+01	3.674082e+10	1.447685e+11	1.871510e+01	4.712389e+01	3.564012e+01	1.904351e+00	4.826730e-01	0.000000e+00	0.000000e+00	0.000000e+00	1.210825e-03	2.619129e-08	5.692064e-03	4.448671e+07	9.622894e+02	2.091311e+08	
1.180000e+01	3.683091e+10	1.479581e+11	1.872556e+01	4.712389e+01	3.566005e+01	1.904351e+00	4.558536e-01	0.000000e+00	0.000000e+00	0.000000e+00	1.208514e-03	2.630178e-08	5.694306e-03	4.451069e+07	9.687184e+02	2.097265e+08	
1.185000e+01	3.689463e+10	1.515890e+11	1.872267e+01	4.712389e+01	3.565453e+01	1.904351e+00	4.878250e-01	0.000000e+00	0.000000e+00	0.000000e+00	1.173900e-03	2.638854e-08	5.691182e-03	4.331062e+07	9.735956e+02	2.099741e+08	
1.190000e+01	3.698864e+10	1.499424e+11	1.873519e+01	4.712389e+01	3.567837e+01	1.904351e+00	4.384972e-01	0.000000e+00	0.000000e+00	0.000000e+00	1.207503e-03	2.649609e-08	5.700137e-03	4.466389e+07	9.800543e+02	2.108403e+08	
1.195000e+01	3.703492e+10	1.503367e+11	1.872360e+01	4.712389e+01	3.565631e+01	1.904351e+00	4.517479e-01	0.000000e+00	0.000000e+00	0.000000e+00	1.172916e-03	2.644467e-08	5.697454e-03	4.343887e+07	9.793761e+02	2.110048e+08	
1.200000e+01	3.709504e+10	1.508424e+11	1.871910e+01	4.712389e+01	3.564774e+01	1.904351e+00	4.587405e-01	0.000000e+00	0.000000e+00	0.000000e+00	1.172923e-03	2.636762e-08	5.699784e-03	4.350963e+07	9.781078e+02	2.114337e+08	
1.205000e+01	3.716225e+10	1.508394e+11	1.871826e+01	4.712389e+01	3.564614e+01	1.904351e+00	4.563136e-01	0.000000e+00	0.000000e+00	0.000000e+00	1.172753e-03	2.632743e-08	5.702070e-03	4.358215e+07	9.783865e+02	2.119018e+08	
1.210000e+01	3.722730e+10	1.507737e+11	1.871639e+01	4.712389e+01	3.564258e+01	1.904351e+00	4.524443e-01	0.000000e+00	0.000000e+00	0.000000e+00	1.172262e-03	2.622880e-08	5.704058e-03	4.364013e+07	9.764272e+02	2.123467e+08	
1.215000e+01	3.728895e+10	1.507751e+11	1.871289e+01	4.712389e+01	3.563592e+01	1.904351e+00	4.655961e-01	0.000000e+00	0.000000e+00	0.000000e+00	1.171666e-03	2.604868e-08	5.705697e-03	4.369019e+07	9.713278e+02	2.127594e+08	
1.220000e+01	3.736333e+10	1.499474e+11	1.871585e+01	4.712389e+01	3.564155e+01	1.904351e+00	4.529964e-01	0.000000e+00	0.000000e+00	0.000000e+00	1.171036e-03	2.592484e-08	5.707537e-03	4.375380e+07	9.686385e+02	2.132526e+08	
1.225000e+01	3.742557e+10	1.496947e+11	1.871278e+01	4.712389e+01	3.563571e+01	1.904351e+00	4.464881e-01	0.000000e+00	0.000000e+00	0.000000e+00	1.170100e-03	2.570944e-08	5.709194e-03	4.379167e+07	9.621906e+02	2.136698e+08	
1.230000e+01	3.748209e+10	1.481321e+11	1.870694e+01	4.712389e+01	3.562458e+01	1.904351e+00	4.405752e-01	0.000000e+00	0.000000e+00	0.000000e+00	1.168852e-03	2.543076e-08	5.710526e-03	4.381102e+07	9.531982e+02	2.140424e+08	
1.235000e+01	3.753380e+10	1.477879e+11	1.869878e+01	4.712389e+01	3.560904e+01	1.904351e+00	4.376867e-01	0.000000e+00	0.000000e+00	0.000000e+00	1.196944e-03	2.502915e-08	5.716154e-03	4.492585e+07	9.394390e+02	2.145490e+08	
1.240000e+01	3.758381e+10	1.471167e+11	1.868987e+01	4.712389e+01	3.559207e+01	1.904351e+00	4.342265e-01	0.000000e+00	0.000000e+00	0.000000e+00	1.193166e-03	2.465161e-08	5.716432e-03	4.484372e+07	9.265014e+02	2.148453e+08	
1.245000e+01	3.763169e+10	1.497383e+11	1.867999e+01	4.712389e+01	3.557326e+01	1.904351e+00	4.613515e-01	0.000000e+00	0.000000e+00	0.000000e+00	1.189296e-03	2.428514e-08	5.716224e-03	4.475521e+07	9.138909e+02	2.151112e+08	
