# bin_edge_left	bin_edge_right	dN/d[fe/H]	dN/d[sr/H]	dN/d[o/H]	dN/d[sr/fe]	dN/d[o/fe]	dN/d[o/sr]	
-3.000000e+00	-2.950000e+00	0.000000e+00	0.000000e+00	0.000000e+00	8.843386e-07	8.843386e-07	8.843386e-07	
-2.950000e+00	-2.900000e+00	0.000000e+00	0.000000e+00	0.000000e+00	0.000000e+00	0.000000e+00	0.000000e+00	
-2.900000e+00	-2.850000e+00	0.000000e+00	0.000000e+00	0.000000e+00	0.000000e+00	0.000000e+00	0.000000e+00	
-2.850000e+00	-2.800000e+00	0.000000e+00	0.000000e+00	0.000000e+00	0.000000e+00	0.000000e+00	0.000000e+00	
-2.800000e+00	-2.750000e+00	0.000000e+00	0.000000e+00	0.000000e+00	0.000000e+00	0.000000e+00	0.000000e+00	
-2.750000e+00	-2.700000e+00	0.000000e+00	0.000000e+00	0.000000e+00	0.000000e+00	0.000000e+00	0.000000e+00	
-2.700000e+00	-2.650000e+00	0.000000e+00	0.000000e+00	0.000000e+00	0.000000e+00	0.000000e+00	0.000000e+00	
-2.650000e+00	-2.600000e+00	7.555336e-05	0.000000e+00	0.000000e+00	0.000000e+00	0.000000e+00	0.000000e+00	
-2.600000e+00	-2.550000e+00	0.000000e+00	0.000000e+00	0.000000e+00	0.000000e+00	0.000000e+00	0.000000e+00	
-2.550000e+00	-2.500000e+00	0.000000e+00	0.000000e+00	0.000000e+00	0.000000e+00	0.000000e+00	0.000000e+00	
-2.500000e+00	-2.450000e+00	0.000000e+00	0.000000e+00	0.000000e+00	0.000000e+00	0.000000e+00	0.000000e+00	
-2.450000e+00	-2.400000e+00	0.000000e+00	0.000000e+00	0.000000e+00	0.000000e+00	0.000000e+00	0.000000e+00	
-2.400000e+00	-2.350000e+00	0.000000e+00	9.037923e-04	0.000000e+00	0.000000e+00	0.000000e+00	0.000000e+00	
-2.350000e+00	-2.300000e+00	0.000000e+00	0.000000e+00	0.000000e+00	0.000000e+00	0.000000e+00	0.000000e+00	
-2.300000e+00	-2.250000e+00	0.000000e+00	0.000000e+00	0.000000e+00	0.000000e+00	0.000000e+00	0.000000e+00	
-2.250000e+00	-2.200000e+00	0.000000e+00	0.000000e+00	0.000000e+00	0.000000e+00	0.000000e+00	0.000000e+00	
-2.200000e+00	-2.150000e+00	0.000000e+00	1.331624e-03	7.555336e-05	0.000000e+00	0.000000e+00	0.000000e+00	
-2.150000e+00	-2.100000e+00	0.000000e+00	0.000000e+00	0.000000e+00	0.000000e+00	0.000000e+00	0.000000e+00	
-2.100000e+00	-2.050000e+00	0.000000e+00	0.000000e+00	0.000000e+00	0.000000e+00	0.000000e+00	0.000000e+00	
-2.050000e+00	-2.000000e+00	0.000000e+00	1.735654e-03	0.000000e+00	0.000000e+00	0.000000e+00	0.000000e+00	
-2.000000e+00	-1.950000e+00	0.000000e+00	0.000000e+00	0.000000e+00	0.000000e+00	0.000000e+00	0.000000e+00	
-1.950000e+00	-1.900000e+00	0.000000e+00	2.965210e-03	0.000000e+00	0.000000e+00	0.000000e+00	0.000000e+00	
-1.900000e+00	-1.850000e+00	0.000000e+00	2.496255e-03	0.000000e+00	0.000000e+00	0.000000e+00	0.000000e+00	
-1.850000e+00	-1.800000e+00	9.037888e-04	2.854266e-03	0.000000e+00	0.000000e+00	0.000000e+00	0.000000e+00	
-1.800000e+00	-1.750000e+00	0.000000e+00	3.198314e-03	0.000000e+00	0.000000e+00	0.000000e+00	0.000000e+00	
-1.750000e+00	-1.700000e+00	0.000000e+00	7.507640e-03	0.000000e+00	0.000000e+00	0.000000e+00	0.000000e+00	
-1.700000e+00	-1.650000e+00	0.000000e+00	3.846989e-03	0.000000e+00	0.000000e+00	0.000000e+00	0.000000e+00	
-1.650000e+00	-1.600000e+00	1.331619e-03	2.962972e-02	0.000000e+00	0.000000e+00	0.000000e+00	0.000000e+00	
-1.600000e+00	-1.550000e+00	0.000000e+00	1.742525e-02	0.000000e+00	0.000000e+00	0.000000e+00	0.000000e+00	
-1.550000e+00	-1.500000e+00	1.735648e-03	8.147188e-03	0.000000e+00	0.000000e+00	0.000000e+00	0.000000e+00	
-1.500000e+00	-1.450000e+00	0.000000e+00	6.653171e-03	0.000000e+00	0.000000e+00	0.000000e+00	0.000000e+00	
-1.450000e+00	-1.400000e+00	2.965199e-03	3.300645e-03	0.000000e+00	0.000000e+00	0.000000e+00	0.000000e+00	
-1.400000e+00	-1.350000e+00	2.496246e-03	9.731790e-01	9.037888e-04	0.000000e+00	0.000000e+00	0.000000e+00	
-1.350000e+00	-1.300000e+00	0.000000e+00	6.414212e-01	0.000000e+00	0.000000e+00	0.000000e+00	0.000000e+00	
-1.300000e+00	-1.250000e+00	2.854255e-03	0.000000e+00	0.000000e+00	0.000000e+00	0.000000e+00	0.000000e+00	
-1.250000e+00	-1.200000e+00	6.727312e-03	4.008429e-01	0.000000e+00	0.000000e+00	0.000000e+00	0.000000e+00	
-1.200000e+00	-1.150000e+00	7.825576e-03	9.470579e-02	1.331619e-03	0.000000e+00	0.000000e+00	0.000000e+00	
-1.150000e+00	-1.100000e+00	5.878182e-03	1.899571e-01	0.000000e+00	0.000000e+00	0.000000e+00	0.000000e+00	
-1.100000e+00	-1.050000e+00	3.418026e-02	3.999552e-01	1.735648e-03	0.000000e+00	0.000000e+00	0.000000e+00	
-1.050000e+00	-1.000000e+00	1.467932e-02	3.811853e-01	0.000000e+00	0.000000e+00	0.000000e+00	0.000000e+00	
-1.000000e+00	-9.500000e-01	7.117333e-03	1.764526e-01	2.965199e-03	0.000000e+00	0.000000e+00	0.000000e+00	
-9.500000e-01	-9.000000e-01	2.732590e-03	1.933074e-01	2.496246e-03	0.000000e+00	0.000000e+00	0.000000e+00	
-9.000000e-01	-8.500000e-01	4.143812e-03	3.031299e-01	0.000000e+00	0.000000e+00	0.000000e+00	0.000000e+00	
-8.500000e-01	-8.000000e-01	1.403520e-02	5.683399e-01	2.854255e-03	0.000000e+00	0.000000e+00	0.000000e+00	
-8.000000e-01	-7.500000e-01	1.062441e+00	9.594392e-01	6.727312e-03	0.000000e+00	0.000000e+00	0.000000e+00	
-7.500000e-01	-7.000000e-01	5.428240e-01	6.997235e-01	7.825576e-03	0.000000e+00	0.000000e+00	0.000000e+00	
-7.000000e-01	-6.500000e-01	2.688513e-01	4.281926e-01	2.518272e-02	0.000000e+00	0.000000e+00	0.000000e+00	
-6.500000e-01	-6.000000e-01	3.953525e-01	3.318267e-01	1.487573e-02	1.020904e+00	0.000000e+00	0.000000e+00	
-6.000000e-01	-5.500000e-01	4.608339e-01	1.676211e-01	1.467932e-02	2.794390e-01	0.000000e+00	0.000000e+00	
-5.500000e-01	-5.000000e-01	3.839627e-01	1.392410e-01	4.281075e-01	1.378790e+00	0.000000e+00	0.000000e+00	
-5.000000e-01	-4.500000e-01	2.846585e-01	3.319930e-01	6.754283e-01	1.327838e+00	0.000000e+00	0.000000e+00	
-4.500000e-01	-4.000000e-01	5.179600e-01	4.226621e-01	9.535553e-01	1.476285e+00	0.000000e+00	0.000000e+00	
-4.000000e-01	-3.500000e-01	1.005442e+00	1.237660e-01	1.741781e-02	7.485926e-01	0.000000e+00	0.000000e+00	
-3.500000e-01	-3.000000e-01	1.590075e+00	1.695588e-01	3.615878e-01	8.382230e-01	0.000000e+00	0.000000e+00	
-3.000000e-01	-2.500000e-01	3.193362e-01	2.329477e-01	1.325687e-01	3.702105e-01	0.000000e+00	0.000000e+00	
-2.500000e-01	-2.000000e-01	6.737485e-01	4.903714e-01	1.271753e+00	8.358247e-01	0.000000e+00	0.000000e+00	
-2.000000e-01	-1.500000e-01	2.382520e-01	2.403693e-01	2.562087e-01	3.798857e-01	0.000000e+00	0.000000e+00	
-1.500000e-01	-1.000000e-01	5.329546e-01	3.845412e-01	1.118404e+00	1.307822e+00	0.000000e+00	0.000000e+00	
-1.000000e-01	-5.000000e-02	4.512878e-01	9.873423e-01	7.960126e-01	1.151969e+00	0.000000e+00	0.000000e+00	
-5.000000e-02	0.000000e+00	5.411536e-01	1.949030e-01	1.078037e+00	2.353983e+00	0.000000e+00	2.606936e-02	
0.000000e+00	5.000000e-02	1.242006e+00	2.659094e-01	4.506395e-01	5.367009e+00	9.909426e-03	3.260601e+00	
5.000000e-02	1.000000e-01	3.766160e-01	4.081289e-01	4.296342e-01	1.148473e+00	5.637264e+00	2.581061e+00	
1.000000e-01	1.500000e-01	6.074091e-01	3.981797e-01	9.834735e-01	1.474985e-02	4.585836e+00	2.249327e+00	
1.500000e-01	2.000000e-01	1.314175e+00	1.312320e+00	1.038916e+00	0.000000e+00	2.145137e+00	6.897539e-01	
2.000000e-01	2.500000e-01	1.009863e+00	5.841817e-01	7.673904e-01	0.000000e+00	2.392434e+00	1.072519e+00	
2.500000e-01	3.000000e-01	1.659192e+00	1.703602e+00	1.120296e+00	0.000000e+00	2.718246e+00	1.051386e+00	
3.000000e-01	3.500000e-01	1.519451e+00	7.674448e-01	1.195732e+00	0.000000e+00	9.659161e-01	3.719161e-01	
3.500000e-01	4.000000e-01	2.006604e+00	9.109163e-01	2.360956e+00	0.000000e+00	9.512654e-01	3.355786e-01	
4.000000e-01	4.500000e-01	8.597987e-01	2.301456e+00	2.264565e+00	0.000000e+00	5.545074e-01	6.961139e-01	
4.500000e-01	5.000000e-01	2.606937e-02	6.028210e-01	2.191594e+00	0.000000e+00	3.948293e-02	1.921841e-01	
5.000000e-01	5.500000e-01	0.000000e+00	3.212247e-03	2.606937e-02	0.000000e+00	0.000000e+00	1.121058e+00	
5.500000e-01	6.000000e-01	0.000000e+00	2.285722e-02	0.000000e+00	0.000000e+00	0.000000e+00	9.137776e-01	
6.000000e-01	6.500000e-01	0.000000e+00	0.000000e+00	0.000000e+00	0.000000e+00	0.000000e+00	5.926533e-01	
6.500000e-01	7.000000e-01	0.000000e+00	0.000000e+00	0.000000e+00	0.000000e+00	0.000000e+00	5.307685e-01	
7.000000e-01	7.500000e-01	0.000000e+00	0.000000e+00	0.000000e+00	0.000000e+00	0.000000e+00	6.423612e-01	
7.500000e-01	8.000000e-01	0.000000e+00	0.000000e+00	0.000000e+00	0.000000e+00	0.000000e+00	8.562712e-01	
8.000000e-01	8.500000e-01	0.000000e+00	0.000000e+00	0.000000e+00	0.000000e+00	0.000000e+00	5.251196e-01	
8.500000e-01	9.000000e-01	0.000000e+00	0.000000e+00	0.000000e+00	0.000000e+00	0.000000e+00	1.307053e+00	
9.000000e-01	9.500000e-01	0.000000e+00	0.000000e+00	0.000000e+00	0.000000e+00	0.000000e+00	8.691921e-01	
9.500000e-01	1.000000e+00	0.000000e+00	0.000000e+00	0.000000e+00	0.000000e+00	0.000000e+00	1.152349e-01	
