# bin_edge_left	bin_edge_right	dN/d[fe/H]	dN/d[sr/H]	dN/d[o/H]	dN/d[sr/fe]	dN/d[o/fe]	dN/d[o/sr]	
-3.000000e+00	-2.950000e+00	0.000000e+00	0.000000e+00	0.000000e+00	2.924269e-39	2.924269e-39	2.924269e-39	
-2.950000e+00	-2.900000e+00	0.000000e+00	0.000000e+00	0.000000e+00	0.000000e+00	0.000000e+00	0.000000e+00	
-2.900000e+00	-2.850000e+00	0.000000e+00	0.000000e+00	0.000000e+00	0.000000e+00	0.000000e+00	0.000000e+00	
-2.850000e+00	-2.800000e+00	0.000000e+00	0.000000e+00	0.000000e+00	0.000000e+00	0.000000e+00	0.000000e+00	
-2.800000e+00	-2.750000e+00	0.000000e+00	0.000000e+00	0.000000e+00	0.000000e+00	0.000000e+00	0.000000e+00	
-2.750000e+00	-2.700000e+00	0.000000e+00	1.254946e-04	0.000000e+00	0.000000e+00	0.000000e+00	0.000000e+00	
-2.700000e+00	-2.650000e+00	0.000000e+00	0.000000e+00	0.000000e+00	0.000000e+00	0.000000e+00	0.000000e+00	
-2.650000e+00	-2.600000e+00	1.254946e-04	0.000000e+00	0.000000e+00	0.000000e+00	0.000000e+00	0.000000e+00	
-2.600000e+00	-2.550000e+00	0.000000e+00	0.000000e+00	0.000000e+00	0.000000e+00	0.000000e+00	0.000000e+00	
-2.550000e+00	-2.500000e+00	0.000000e+00	0.000000e+00	0.000000e+00	0.000000e+00	0.000000e+00	0.000000e+00	
-2.500000e+00	-2.450000e+00	0.000000e+00	0.000000e+00	0.000000e+00	0.000000e+00	0.000000e+00	0.000000e+00	
-2.450000e+00	-2.400000e+00	0.000000e+00	0.000000e+00	0.000000e+00	0.000000e+00	0.000000e+00	0.000000e+00	
-2.400000e+00	-2.350000e+00	0.000000e+00	0.000000e+00	0.000000e+00	0.000000e+00	0.000000e+00	0.000000e+00	
-2.350000e+00	-2.300000e+00	0.000000e+00	0.000000e+00	0.000000e+00	0.000000e+00	0.000000e+00	0.000000e+00	
-2.300000e+00	-2.250000e+00	0.000000e+00	0.000000e+00	0.000000e+00	0.000000e+00	0.000000e+00	0.000000e+00	
-2.250000e+00	-2.200000e+00	0.000000e+00	0.000000e+00	0.000000e+00	0.000000e+00	0.000000e+00	0.000000e+00	
-2.200000e+00	-2.150000e+00	0.000000e+00	0.000000e+00	1.254946e-04	0.000000e+00	0.000000e+00	0.000000e+00	
-2.150000e+00	-2.100000e+00	0.000000e+00	0.000000e+00	0.000000e+00	0.000000e+00	0.000000e+00	0.000000e+00	
-2.100000e+00	-2.050000e+00	0.000000e+00	0.000000e+00	0.000000e+00	0.000000e+00	0.000000e+00	0.000000e+00	
-2.050000e+00	-2.000000e+00	0.000000e+00	0.000000e+00	0.000000e+00	0.000000e+00	0.000000e+00	0.000000e+00	
-2.000000e+00	-1.950000e+00	0.000000e+00	0.000000e+00	0.000000e+00	0.000000e+00	0.000000e+00	0.000000e+00	
-1.950000e+00	-1.900000e+00	0.000000e+00	1.506048e-03	0.000000e+00	0.000000e+00	0.000000e+00	0.000000e+00	
-1.900000e+00	-1.850000e+00	0.000000e+00	0.000000e+00	0.000000e+00	0.000000e+00	0.000000e+00	0.000000e+00	
-1.850000e+00	-1.800000e+00	1.506048e-03	0.000000e+00	0.000000e+00	0.000000e+00	0.000000e+00	0.000000e+00	
-1.800000e+00	-1.750000e+00	0.000000e+00	0.000000e+00	0.000000e+00	0.000000e+00	0.000000e+00	0.000000e+00	
-1.750000e+00	-1.700000e+00	0.000000e+00	2.229228e-03	0.000000e+00	0.000000e+00	0.000000e+00	0.000000e+00	
-1.700000e+00	-1.650000e+00	0.000000e+00	0.000000e+00	0.000000e+00	0.000000e+00	0.000000e+00	0.000000e+00	
-1.650000e+00	-1.600000e+00	2.229228e-03	2.923608e-03	0.000000e+00	0.000000e+00	0.000000e+00	0.000000e+00	
-1.600000e+00	-1.550000e+00	0.000000e+00	0.000000e+00	0.000000e+00	0.000000e+00	0.000000e+00	0.000000e+00	
-1.550000e+00	-1.500000e+00	2.923608e-03	3.597813e-03	0.000000e+00	0.000000e+00	0.000000e+00	0.000000e+00	
-1.500000e+00	-1.450000e+00	0.000000e+00	3.817071e-03	0.000000e+00	0.000000e+00	0.000000e+00	0.000000e+00	
-1.450000e+00	-1.400000e+00	3.597813e-03	4.355144e-04	0.000000e+00	0.000000e+00	0.000000e+00	0.000000e+00	
-1.400000e+00	-1.350000e+00	3.817071e-03	4.888636e-03	1.506048e-03	0.000000e+00	0.000000e+00	0.000000e+00	
-1.350000e+00	-1.300000e+00	4.355144e-04	5.506637e-03	0.000000e+00	0.000000e+00	0.000000e+00	0.000000e+00	
-1.300000e+00	-1.250000e+00	4.888636e-03	1.209936e-02	0.000000e+00	0.000000e+00	0.000000e+00	0.000000e+00	
-1.250000e+00	-1.200000e+00	5.506637e-03	1.092145e-02	0.000000e+00	0.000000e+00	0.000000e+00	0.000000e+00	
-1.200000e+00	-1.150000e+00	1.209936e-02	6.987012e-03	2.229228e-03	0.000000e+00	0.000000e+00	0.000000e+00	
-1.150000e+00	-1.100000e+00	1.092145e-02	2.607769e-02	0.000000e+00	0.000000e+00	0.000000e+00	0.000000e+00	
-1.100000e+00	-1.050000e+00	6.987012e-03	4.818575e-02	2.923608e-03	0.000000e+00	0.000000e+00	0.000000e+00	
-1.050000e+00	-1.000000e+00	2.607769e-02	1.916358e-01	0.000000e+00	0.000000e+00	0.000000e+00	0.000000e+00	
-1.000000e+00	-9.500000e-01	6.112820e-02	9.031315e-02	3.597813e-03	0.000000e+00	0.000000e+00	0.000000e+00	
-9.500000e-01	-9.000000e-01	5.641575e-02	1.701729e+00	3.817071e-03	0.000000e+00	0.000000e+00	0.000000e+00	
-9.000000e-01	-8.500000e-01	1.059251e-01	3.020864e-01	4.355144e-04	0.000000e+00	0.000000e+00	0.000000e+00	
-8.500000e-01	-8.000000e-01	1.118810e-01	1.671481e-01	4.888636e-03	0.000000e+00	0.000000e+00	0.000000e+00	
-8.000000e-01	-7.500000e-01	1.797865e-01	2.786646e-01	5.506637e-03	0.000000e+00	0.000000e+00	0.000000e+00	
-7.500000e-01	-7.000000e-01	2.085691e-01	3.340571e-01	1.209936e-02	0.000000e+00	0.000000e+00	0.000000e+00	
-7.000000e-01	-6.500000e-01	2.583634e-01	5.004436e-01	1.092145e-02	0.000000e+00	0.000000e+00	0.000000e+00	
-6.500000e-01	-6.000000e-01	1.474831e+00	6.888465e-01	6.987012e-03	0.000000e+00	0.000000e+00	0.000000e+00	
-6.000000e-01	-5.500000e-01	1.471619e+00	3.431066e-01	2.607769e-02	0.000000e+00	0.000000e+00	0.000000e+00	
-5.500000e-01	-5.000000e-01	5.211433e-01	2.642132e-01	1.834058e-01	0.000000e+00	0.000000e+00	0.000000e+00	
-5.000000e-01	-4.500000e-01	4.327608e-01	4.250839e-01	5.641575e-02	0.000000e+00	0.000000e+00	0.000000e+00	
-4.500000e-01	-4.000000e-01	3.883577e-01	2.531389e-01	1.816273e+00	0.000000e+00	0.000000e+00	0.000000e+00	
-4.000000e-01	-3.500000e-01	4.401429e-01	1.775637e-01	1.118810e-01	1.630302e-01	0.000000e+00	0.000000e+00	
-3.500000e-01	-3.000000e-01	9.116082e-01	5.780464e-01	2.648934e-01	1.456052e+00	0.000000e+00	0.000000e+00	
-3.000000e-01	-2.500000e-01	7.613186e-01	5.375528e-01	4.015721e-01	5.091245e-01	0.000000e+00	0.000000e+00	
-2.500000e-01	-2.000000e-01	2.792032e-01	6.188199e-01	2.643408e-01	0.000000e+00	0.000000e+00	0.000000e+00	
-2.000000e-01	-1.500000e-01	2.622311e-01	4.774547e-01	5.142284e-01	0.000000e+00	0.000000e+00	0.000000e+00	
-1.500000e-01	-1.000000e-01	3.060572e-01	2.698884e-01	7.722935e-01	1.461761e-01	0.000000e+00	1.339990e-01	
-1.000000e-01	-5.000000e-02	2.262271e-01	3.615195e-01	7.176948e-01	2.981625e+00	0.000000e+00	4.201357e+00	
-5.000000e-02	0.000000e+00	3.361804e-01	4.250613e-01	4.192360e-01	3.210230e+00	0.000000e+00	2.392041e+00	
0.000000e+00	5.000000e-02	2.474015e-01	2.837194e-01	7.846901e-01	2.940745e+00	9.826994e-01	1.512197e+00	
5.000000e-02	1.000000e-01	3.218190e-01	5.356732e-01	9.944411e-01	2.791268e+00	8.167330e+00	8.094594e-01	
1.000000e-01	1.500000e-01	6.818737e-01	3.095991e-01	7.219799e-01	3.775341e+00	1.564185e+00	1.004816e+00	
1.500000e-01	2.000000e-01	4.734103e-01	4.742584e-01	8.834834e-01	2.026408e+00	2.244977e+00	7.207864e-01	
2.000000e-01	2.500000e-01	6.703917e-01	3.452073e-01	6.580267e-01	0.000000e+00	6.407992e-01	6.172571e-01	
2.500000e-01	3.000000e-01	1.056220e+00	5.549387e-01	7.466910e-01	0.000000e+00	6.056469e-01	1.028587e+00	
3.000000e-01	3.500000e-01	1.577498e+00	6.293965e-01	1.007027e+00	0.000000e+00	8.995801e-01	1.135211e+00	
3.500000e-01	4.000000e-01	2.267132e+00	7.836353e-01	1.245902e+00	0.000000e+00	1.216015e+00	8.336680e-01	
4.000000e-01	4.500000e-01	2.671668e+00	8.577625e-01	2.526437e+00	0.000000e+00	3.623729e+00	6.670776e-01	
4.500000e-01	5.000000e-01	1.157722e+00	1.554385e+00	2.579194e+00	0.000000e+00	5.503787e-02	2.632778e+00	
5.000000e-01	5.500000e-01	0.000000e+00	1.303902e+00	2.248778e+00	0.000000e+00	0.000000e+00	2.300383e+00	
5.500000e-01	6.000000e-01	0.000000e+00	1.830045e+00	0.000000e+00	0.000000e+00	0.000000e+00	1.038219e-02	
6.000000e-01	6.500000e-01	0.000000e+00	1.421804e+00	0.000000e+00	0.000000e+00	0.000000e+00	0.000000e+00	
6.500000e-01	7.000000e-01	0.000000e+00	0.000000e+00	0.000000e+00	0.000000e+00	0.000000e+00	0.000000e+00	
7.000000e-01	7.500000e-01	0.000000e+00	0.000000e+00	0.000000e+00	0.000000e+00	0.000000e+00	0.000000e+00	
7.500000e-01	8.000000e-01	0.000000e+00	0.000000e+00	0.000000e+00	0.000000e+00	0.000000e+00	0.000000e+00	
8.000000e-01	8.500000e-01	0.000000e+00	0.000000e+00	0.000000e+00	0.000000e+00	0.000000e+00	0.000000e+00	
8.500000e-01	9.000000e-01	0.000000e+00	0.000000e+00	0.000000e+00	0.000000e+00	0.000000e+00	0.000000e+00	
9.000000e-01	9.500000e-01	0.000000e+00	0.000000e+00	0.000000e+00	0.000000e+00	0.000000e+00	0.000000e+00	
9.500000e-01	1.000000e+00	0.000000e+00	0.000000e+00	0.000000e+00	0.000000e+00	0.000000e+00	0.000000e+00	
