# COLUMN NUMBERS: 
#	0: time [Gyr]
#	1: mgas [Msun]			ISM gas mass
#	2: mstar [Msun]			Stellar mass
#	3: sfr [Msun/yr]		Star formation rate
#	4: ifr [Msun/yr]		Infall rate
#	5: ofr [Msun/yr]		Outfow rate
#	6: eta_0			Mass-loading factor
#	7: r_eff			Effective recycilng rate
#	8: z_in(fe)			Inflow fe metallicity
#	9: z_in(sr)			Inflow sr metallicity
#	10: z_in(o)			Inflow o metallicity
#	11: z_out(fe)			Outflow fe metallicity
#	12: z_out(sr)			Outflow sr metallicity
#	13: z_out(o)			Outflow o metallicity
#	14: mass(fe) [Msun]		mass of element fe in ISM
#	15: mass(sr) [Msun]		mass of element sr in ISM
#	16: mass(o) [Msun]		mass of element o in ISM
0.000000e+00	1.000000e-12	6.269954e-30	1.672766e-37	7.225663e+01	7.748808e-37	4.632331e+00	2.503490e-01	0.000000e+00	0.000000e+00	0.000000e+00	1.197830e-281	1.197830e-281	1.197830e-281	0.000000e+00	0.000000e+00	0.000000e+00	
5.000000e-02	3.612832e+09	2.046263e+08	5.459242e+00	7.225663e+01	2.528902e+01	4.632331e+00	2.503490e-01	0.000000e+00	0.000000e+00	0.000000e+00	5.448017e-05	6.083619e-10	6.810021e-04	1.968277e+05	2.197909e+00	2.460346e+06	
1.000000e-01	5.756586e+09	5.192044e+08	8.557156e+00	7.225663e+01	3.963958e+01	4.632331e+00	2.647601e-01	0.000000e+00	0.000000e+00	0.000000e+00	7.553535e-05	8.434781e-10	9.441919e-04	4.348257e+05	4.855554e+00	5.435322e+06	
1.500000e-01	7.072860e+09	8.937110e+08	1.034821e+01	7.225663e+01	4.793635e+01	4.632331e+00	2.761908e-01	0.000000e+00	0.000000e+00	0.000000e+00	9.265381e-05	1.039407e-09	1.158152e-03	6.553275e+05	7.351579e+00	8.191446e+06	
2.000000e-01	7.914368e+09	1.317647e+09	1.140262e+01	7.225663e+01	5.282070e+01	4.632331e+00	2.861274e-01	0.000000e+00	0.000000e+00	0.000000e+00	1.062791e-04	1.200884e-09	1.328424e-03	8.411321e+05	9.504239e+00	1.051364e+07	
2.500000e-01	8.479163e+09	1.750028e+09	1.203535e+01	7.225663e+01	5.575174e+01	4.632331e+00	2.943132e-01	0.000000e+00	0.000000e+00	0.000000e+00	1.189106e-04	1.335640e-09	1.462138e-03	1.008263e+06	1.132511e+01	1.239771e+07	
3.000000e-01	8.879748e+09	2.170963e+09	1.242258e+01	7.225663e+01	5.754552e+01	4.632331e+00	3.008561e-01	0.000000e+00	0.000000e+00	0.000000e+00	1.310210e-04	1.448442e-09	1.566128e-03	1.163434e+06	1.286180e+01	1.390682e+07	
3.500000e-01	9.181045e+09	2.588211e+09	1.266444e+01	7.225663e+01	5.866590e+01	4.632331e+00	3.064192e-01	0.000000e+00	0.000000e+00	0.000000e+00	1.426915e-04	1.545939e-09	1.646846e-03	1.310057e+06	1.419334e+01	1.511977e+07	
4.000000e-01	9.421391e+09	3.001509e+09	1.281916e+01	7.225663e+01	5.938258e+01	4.632331e+00	3.112325e-01	0.000000e+00	0.000000e+00	0.000000e+00	1.539162e-04	1.631259e-09	1.709666e-03	1.450104e+06	1.536872e+01	1.610743e+07	
4.500000e-01	9.623623e+09	3.411223e+09	1.292088e+01	7.225663e+01	5.985379e+01	4.632331e+00	3.154600e-01	0.000000e+00	0.000000e+00	0.000000e+00	1.646914e-04	1.706304e-09	1.758956e-03	1.584928e+06	1.642083e+01	1.692753e+07	
5.000000e-01	9.801522e+09	3.817860e+09	1.298992e+01	7.225663e+01	6.017361e+01	4.632331e+00	3.192204e-01	0.000000e+00	0.000000e+00	0.000000e+00	1.750270e-04	1.773446e-09	1.798143e-03	1.715531e+06	1.738247e+01	1.762454e+07	
5.500000e-01	9.963509e+09	4.221892e+09	1.303850e+01	7.225663e+01	6.039865e+01	4.632331e+00	3.226017e-01	0.000000e+00	0.000000e+00	0.000000e+00	1.849429e-04	1.835377e-09	1.829842e-03	1.842680e+06	1.828680e+01	1.823164e+07	
6.000000e-01	1.011480e+10	4.583732e+09	1.307406e+01	7.225663e+01	6.056337e+01	4.632331e+00	3.237703e-01	0.000000e+00	0.000000e+00	0.000000e+00	1.944641e-04	1.894411e-09	1.856009e-03	1.966964e+06	1.916158e+01	1.877315e+07	
6.500000e-01	1.025740e+10	5.023560e+09	1.309960e+01	7.225663e+01	6.068170e+01	4.632331e+00	3.284863e-01	0.000000e+00	0.000000e+00	0.000000e+00	2.035662e-04	1.943714e-09	1.877534e-03	2.088061e+06	1.993746e+01	1.925863e+07	
7.000000e-01	1.039632e+10	5.421770e+09	1.312172e+01	7.225663e+01	6.078416e+01	4.632331e+00	3.310650e-01	0.000000e+00	0.000000e+00	0.000000e+00	2.123872e-04	2.005375e-09	1.896711e-03	2.208046e+06	2.084853e+01	1.971882e+07	
7.500000e-01	1.053107e+10	5.818517e+09	1.313988e+01	7.225663e+01	6.086827e+01	4.632331e+00	3.334563e-01	0.000000e+00	0.000000e+00	0.000000e+00	2.208834e-04	2.066684e-09	1.913592e-03	2.326138e+06	2.176439e+01	2.015216e+07	
8.000000e-01	1.066257e+10	6.213949e+09	1.315531e+01	7.225663e+01	6.093973e+01	4.632331e+00	3.356843e-01	0.000000e+00	0.000000e+00	0.000000e+00	2.290755e-04	2.127806e-09	1.928731e-03	2.442534e+06	2.268789e+01	2.056523e+07	
8.500000e-01	1.079145e+10	7.044383e+09	1.316880e+01	7.225663e+01	6.100225e+01	4.632331e+00	3.583512e-01	0.000000e+00	0.000000e+00	0.000000e+00	2.369813e-04	2.188678e-09	1.942533e-03	2.557373e+06	2.361902e+01	2.096275e+07	
9.000000e-01	1.093168e+10	6.949229e+09	1.319725e+01	7.225663e+01	6.113403e+01	4.632331e+00	3.375731e-01	0.000000e+00	0.000000e+00	0.000000e+00	2.446045e-04	2.261005e-09	1.955313e-03	2.673939e+06	2.471659e+01	2.137486e+07	
9.500000e-01	1.105070e+10	7.340881e+09	1.320124e+01	7.225663e+01	6.115249e+01	4.632331e+00	3.394590e-01	0.000000e+00	0.000000e+00	0.000000e+00	2.519139e-04	2.306832e-09	1.967186e-03	2.783826e+06	2.549212e+01	2.173879e+07	
1.000000e+00	1.116991e+10	8.071697e+09	1.320678e+01	7.225663e+01	6.117819e+01	4.632331e+00	3.472126e-01	0.000000e+00	0.000000e+00	0.000000e+00	2.589850e-04	2.356260e-09	1.978167e-03	2.892840e+06	2.631921e+01	2.209595e+07	
1.050000e+00	1.129277e+10	8.044726e+09	1.321785e+01	7.225663e+01	6.122947e+01	4.632331e+00	3.420376e-01	0.000000e+00	0.000000e+00	0.000000e+00	2.681733e-04	2.407293e-09	1.988761e-03	3.028420e+06	2.718502e+01	2.245862e+07	
1.100000e+00	1.140929e+10	8.761491e+09	1.322266e+01	7.225663e+01	6.125173e+01	4.632331e+00	3.487024e-01	0.000000e+00	0.000000e+00	0.000000e+00	2.736138e-04	2.446899e-09	1.998464e-03	3.121739e+06	2.791738e+01	2.280105e+07	
1.150000e+00	1.152894e+10	9.080580e+09	1.323223e+01	7.225663e+01	6.129606e+01	4.632331e+00	3.496773e-01	0.000000e+00	0.000000e+00	0.000000e+00	2.814508e-04	2.493095e-09	2.008054e-03	3.244829e+06	2.874274e+01	2.315073e+07	
1.200000e+00	1.164671e+10	9.433062e+09	1.324069e+01	7.225663e+01	6.133525e+01	4.632331e+00	3.503180e-01	0.000000e+00	0.000000e+00	0.000000e+00	2.882856e-04	2.529325e-09	2.017206e-03	3.357577e+06	2.945830e+01	2.349381e+07	
1.250000e+00	1.176266e+10	9.339062e+09	1.324812e+01	7.225663e+01	6.136966e+01	4.632331e+00	3.466593e-01	0.000000e+00	0.000000e+00	0.000000e+00	2.945539e-04	2.566701e-09	2.026099e-03	3.464739e+06	3.019124e+01	2.383233e+07	
1.300000e+00	1.187424e+10	9.173341e+09	1.325164e+01	7.225663e+01	6.138599e+01	4.632331e+00	3.406240e-01	0.000000e+00	0.000000e+00	0.000000e+00	2.977356e-04	2.580388e-09	2.034197e-03	3.535382e+06	3.064013e+01	2.415454e+07	
1.350000e+00	1.198088e+10	1.052739e+10	1.325073e+01	7.225663e+01	6.138179e+01	4.632331e+00	3.542152e-01	0.000000e+00	0.000000e+00	0.000000e+00	2.980803e-04	2.566664e-09	2.041333e-03	3.571264e+06	3.075089e+01	2.445696e+07	
1.400000e+00	1.209676e+10	1.074159e+10	1.326102e+01	7.225663e+01	6.142946e+01	4.632331e+00	3.502337e-01	0.000000e+00	0.000000e+00	0.000000e+00	3.057126e-04	2.572428e-09	2.049042e-03	3.698133e+06	3.111805e+01	2.478678e+07	
1.450000e+00	1.220729e+10	1.180598e+10	1.326633e+01	7.225663e+01	6.145402e+01	4.632331e+00	3.617372e-01	0.000000e+00	0.000000e+00	0.000000e+00	3.112070e-04	2.569703e-09	2.056419e-03	3.798995e+06	3.136912e+01	2.510331e+07	
1.500000e+00	1.232405e+10	1.211990e+10	1.327923e+01	7.225663e+01	6.151379e+01	4.632331e+00	3.635744e-01	0.000000e+00	0.000000e+00	0.000000e+00	3.208098e-04	2.590053e-09	2.064309e-03	3.953678e+06	3.191995e+01	2.544065e+07	
1.550000e+00	1.243863e+10	1.279214e+10	1.329053e+01	7.225663e+01	6.156615e+01	4.632331e+00	3.673614e-01	0.000000e+00	0.000000e+00	0.000000e+00	3.287435e-04	2.608820e-09	2.072057e-03	4.089120e+06	3.245016e+01	2.577356e+07	
1.600000e+00	1.255275e+10	1.398346e+10	1.330207e+01	7.225663e+01	6.161961e+01	4.632331e+00	3.935481e-01	0.000000e+00	0.000000e+00	0.000000e+00	3.372304e-04	2.632671e-09	2.079896e-03	4.233170e+06	3.304727e+01	2.610842e+07	
1.650000e+00	1.268125e+10	1.304703e+10	1.332943e+01	7.225663e+01	6.174633e+01	4.632331e+00	3.598900e-01	0.000000e+00	0.000000e+00	0.000000e+00	3.462993e-04	2.692318e-09	2.088276e-03	4.391508e+06	3.414196e+01	2.648195e+07	
1.700000e+00	1.278015e+10	1.350895e+10	1.332634e+01	7.225663e+01	6.173204e+01	4.632331e+00	3.805424e-01	0.000000e+00	0.000000e+00	0.000000e+00	3.490318e-04	2.692073e-09	2.095618e-03	4.460680e+06	3.440510e+01	2.678231e+07	
1.750000e+00	1.289363e+10	1.376546e+10	1.333922e+01	7.225663e+01	6.179167e+01	4.632331e+00	3.704602e-01	0.000000e+00	0.000000e+00	0.000000e+00	3.501031e-04	2.711090e-09	2.102525e-03	4.514099e+06	3.495577e+01	2.710917e+07	
1.800000e+00	1.299699e+10	1.246904e+10	1.334233e+01	7.225663e+01	6.180608e+01	4.632331e+00	3.324580e-01	0.000000e+00	0.000000e+00	0.000000e+00	3.513786e-04	2.740369e-09	2.109237e-03	4.566866e+06	3.561656e+01	2.741374e+07	
1.850000e+00	1.307419e+10	1.250851e+10	1.331951e+01	7.225663e+01	6.170038e+01	4.632331e+00	3.516387e-01	0.000000e+00	0.000000e+00	0.000000e+00	3.496510e-04	2.712692e-09	2.114986e-03	4.571405e+06	3.546626e+01	2.765174e+07	
1.900000e+00	1.317021e+10	1.270047e+10	1.331683e+01	7.225663e+01	6.168795e+01	4.632331e+00	3.348146e-01	0.000000e+00	0.000000e+00	0.000000e+00	3.460879e-04	2.700088e-09	2.119366e-03	4.558052e+06	3.556074e+01	2.791250e+07	
1.950000e+00	1.325574e+10	1.299331e+10	1.330439e+01	7.225663e+01	6.163032e+01	4.632331e+00	3.469144e-01	0.000000e+00	0.000000e+00	0.000000e+00	3.457640e-04	2.692719e-09	2.124074e-03	4.583358e+06	3.569398e+01	2.815618e+07	
2.000000e+00	1.335261e+10	1.400646e+10	1.330414e+01	7.225663e+01	6.162920e+01	4.632331e+00	3.586375e-01	0.000000e+00	0.000000e+00	0.000000e+00	3.464565e-04	2.676960e-09	2.128361e-03	4.626098e+06	3.574440e+01	2.841918e+07	
2.050000e+00	1.345734e+10	1.429080e+10	1.331238e+01	7.225663e+01	6.166734e+01	4.632331e+00	3.558420e-01	0.000000e+00	0.000000e+00	0.000000e+00	3.487338e-04	2.683582e-09	2.132834e-03	4.693031e+06	3.611389e+01	2.870228e+07	
2.100000e+00	1.355804e+10	1.419401e+10	1.331721e+01	7.225663e+01	6.168972e+01	4.632331e+00	3.527862e-01	0.000000e+00	0.000000e+00	0.000000e+00	3.504673e-04	2.700120e-09	2.137580e-03	4.751651e+06	3.660834e+01	2.898140e+07	
2.150000e+00	1.365544e+10	1.421390e+10	1.331940e+01	7.225663e+01	6.169987e+01	4.632331e+00	3.571169e-01	0.000000e+00	0.000000e+00	0.000000e+00	3.505816e-04	2.703133e-09	2.142162e-03	4.787345e+06	3.691246e+01	2.925216e+07	
2.200000e+00	1.375513e+10	1.539638e+10	1.332443e+01	7.225663e+01	6.172318e+01	4.632331e+00	3.861355e-01	0.000000e+00	0.000000e+00	0.000000e+00	3.511583e-04	2.715933e-09	2.146701e-03	4.830229e+06	3.735802e+01	2.952816e+07	
2.250000e+00	1.387284e+10	1.605093e+10	1.334734e+01	7.225663e+01	6.182930e+01	4.632331e+00	3.868632e-01	0.000000e+00	0.000000e+00	0.000000e+00	3.543045e-04	2.763401e-09	2.152082e-03	4.915208e+06	3.833621e+01	2.985549e+07	
2.300000e+00	1.398502e+10	1.530582e+10	1.336527e+01	7.225663e+01	6.191234e+01	4.632331e+00	3.793692e-01	0.000000e+00	0.000000e+00	0.000000e+00	3.585362e-04	2.810088e-09	2.158168e-03	5.014134e+06	3.929913e+01	3.018201e+07	
2.350000e+00	1.408749e+10	1.532800e+10	1.337433e+01	7.225663e+01	6.195432e+01	4.632331e+00	3.785101e-01	0.000000e+00	0.000000e+00	0.000000e+00	3.579548e-04	2.820200e-09	2.163588e-03	5.042683e+06	3.972953e+01	3.047951e+07	
2.400000e+00	1.418700e+10	1.608340e+10	1.338106e+01	7.225663e+01	6.198550e+01	4.632331e+00	3.774916e-01	0.000000e+00	0.000000e+00	0.000000e+00	3.572112e-04	2.825978e-09	2.168845e-03	5.067755e+06	4.009216e+01	3.076940e+07	
2.450000e+00	1.428407e+10	1.680100e+10	1.338597e+01	7.225663e+01	6.200825e+01	4.632331e+00	3.823597e-01	0.000000e+00	0.000000e+00	0.000000e+00	3.599738e-04	2.855932e-09	2.174301e-03	5.141889e+06	4.079433e+01	3.105786e+07	
2.500000e+00	1.438310e+10	1.573300e+10	1.339320e+01	7.225663e+01	6.204172e+01	4.632331e+00	3.682159e-01	0.000000e+00	0.000000e+00	0.000000e+00	3.675946e-04	2.883610e-09	2.180197e-03	5.287150e+06	4.147525e+01	3.135799e+07	
2.550000e+00	1.447076e+10	1.541199e+10	1.339035e+01	7.225663e+01	6.202851e+01	4.632331e+00	3.649876e-01	0.000000e+00	0.000000e+00	0.000000e+00	3.685356e-04	2.882069e-09	2.185083e-03	5.332992e+06	4.170575e+01	3.161982e+07	
2.600000e+00	1.455702e+10	1.527305e+10	1.338675e+01	7.225663e+01	6.201187e+01	4.632331e+00	3.594102e-01	0.000000e+00	0.000000e+00	0.000000e+00	3.679909e-04	2.889807e-09	2.189452e-03	5.356851e+06	4.206697e+01	3.187190e+07	
2.650000e+00	1.464049e+10	1.545161e+10	1.338116e+01	7.225663e+01	6.198598e+01	4.632331e+00	3.602794e-01	0.000000e+00	0.000000e+00	0.000000e+00	3.660312e-04	2.893869e-09	2.193200e-03	5.358875e+06	4.236765e+01	3.210951e+07	
2.700000e+00	1.472601e+10	1.528347e+10	1.337800e+01	7.225663e+01	6.197134e+01	4.632331e+00	3.569424e-01	0.000000e+00	0.000000e+00	0.000000e+00	3.649935e-04	2.901527e-09	2.196686e-03	5.374898e+06	4.272791e+01	3.234842e+07	
2.750000e+00	1.481013e+10	1.548521e+10	1.337410e+01	7.225663e+01	6.195326e+01	4.632331e+00	3.573882e-01	0.000000e+00	0.000000e+00	0.000000e+00	3.627058e-04	2.894517e-09	2.199759e-03	5.371720e+06	4.286817e+01	3.257871e+07	
2.800000e+00	1.489558e+10	1.610240e+10	1.337191e+01	7.225663e+01	6.194310e+01	4.632331e+00	3.619257e-01	0.000000e+00	0.000000e+00	0.000000e+00	3.612384e-04	2.886007e-09	2.202739e-03	5.380857e+06	4.298875e+01	3.281108e+07	
2.850000e+00	1.498465e+10	1.701226e+10	1.337342e+01	7.225663e+01	6.195012e+01	4.632331e+00	3.660319e-01	0.000000e+00	0.000000e+00	0.000000e+00	3.626885e-04	2.888662e-09	2.206049e-03	5.434759e+06	4.328557e+01	3.305686e+07	
2.900000e+00	1.507606e+10	1.733384e+10	1.337745e+01	7.225663e+01	6.196879e+01	4.632331e+00	3.680613e-01	0.000000e+00	0.000000e+00	0.000000e+00	3.665466e-04	2.898966e-09	2.209746e-03	5.526077e+06	4.370497e+01	3.331426e+07	
2.950000e+00	1.516776e+10	1.796323e+10	1.338214e+01	7.225663e+01	6.199048e+01	4.632331e+00	3.708304e-01	0.000000e+00	0.000000e+00	0.000000e+00	3.706395e-04	2.912114e-09	2.213588e-03	5.621771e+06	4.417025e+01	3.357517e+07	
3.000000e+00	1.526009e+10	1.848805e+10	1.338774e+01	7.225663e+01	6.201645e+01	4.632331e+00	3.690257e-01	0.000000e+00	0.000000e+00	0.000000e+00	3.756650e-04	2.929098e-09	2.217655e-03	5.732681e+06	4.469830e+01	3.384161e+07	
3.050000e+00	1.534973e+10	1.735623e+10	1.339136e+01	7.225663e+01	6.203323e+01	4.632331e+00	3.603628e-01	0.000000e+00	0.000000e+00	0.000000e+00	3.801634e-04	2.942426e-09	2.221750e-03	5.835405e+06	4.516544e+01	3.410326e+07	
3.100000e+00	1.543262e+10	1.583725e+10	1.338950e+01	7.225663e+01	6.202458e+01	4.632331e+00	3.513112e-01	0.000000e+00	0.000000e+00	0.000000e+00	3.788672e-04	2.929750e-09	2.224992e-03	5.846913e+06	4.521372e+01	3.433746e+07	
3.150000e+00	1.550994e+10	1.508708e+10	1.338325e+01	7.225663e+01	6.199564e+01	4.632331e+00	3.441665e-01	0.000000e+00	0.000000e+00	0.000000e+00	3.721740e-04	2.882882e-09	2.227185e-03	5.772397e+06	4.471334e+01	3.454350e+07	
3.200000e+00	1.558413e+10	1.510028e+10	1.337477e+01	7.225663e+01	6.195638e+01	4.632331e+00	3.610034e-01	0.000000e+00	0.000000e+00	0.000000e+00	3.633081e-04	2.829189e-09	2.228854e-03	5.661842e+06	4.409046e+01	3.473476e+07	
3.250000e+00	1.567182e+10	1.542942e+10	1.337830e+01	7.225663e+01	6.197271e+01	4.632331e+00	3.709551e-01	0.000000e+00	0.000000e+00	0.000000e+00	3.535456e-04	2.790309e-09	2.230407e-03	5.540703e+06	4.372923e+01	3.495454e+07	
3.300000e+00	1.576524e+10	1.547042e+10	1.338703e+01	7.225663e+01	6.201314e+01	4.632331e+00	3.759584e-01	0.000000e+00	0.000000e+00	0.000000e+00	3.443576e-04	2.778620e-09	2.232308e-03	5.428881e+06	4.380562e+01	3.519287e+07	
3.350000e+00	1.585971e+10	1.547463e+10	1.339692e+01	7.225663e+01	6.205897e+01	4.632331e+00	3.791371e-01	0.000000e+00	0.000000e+00	0.000000e+00	3.370195e-04	2.783362e-09	2.234850e-03	5.345033e+06	4.414332e+01	3.544407e+07	
3.400000e+00	1.595371e+10	1.512566e+10	1.340668e+01	7.225663e+01	6.210418e+01	4.632331e+00	3.623948e-01	0.000000e+00	0.000000e+00	0.000000e+00	3.310157e-04	2.797721e-09	2.237846e-03	5.280929e+06	4.463405e+01	3.570195e+07	
3.450000e+00	1.603393e+10	1.480658e+10	1.340516e+01	7.225663e+01	6.209716e+01	4.632331e+00	3.537496e-01	0.000000e+00	0.000000e+00	0.000000e+00	3.268107e-04	2.818013e-09	2.241408e-03	5.240059e+06	4.518381e+01	3.593858e+07	
3.500000e+00	1.610875e+10	1.509561e+10	1.339953e+01	7.225663e+01	6.207104e+01	4.632331e+00	3.498420e-01	0.000000e+00	0.000000e+00	0.000000e+00	3.242596e-04	2.847071e-09	2.245008e-03	5.223416e+06	4.586275e+01	3.616427e+07	
3.550000e+00	1.618244e+10	1.539000e+10	1.339335e+01	7.225663e+01	6.204243e+01	4.632331e+00	3.473082e-01	0.000000e+00	0.000000e+00	0.000000e+00	3.223829e-04	2.892574e-09	2.248341e-03	5.216940e+06	4.680889e+01	3.638363e+07	
3.600000e+00	1.625606e+10	1.556732e+10	1.338751e+01	7.225663e+01	6.201539e+01	4.632331e+00	3.502994e-01	0.000000e+00	0.000000e+00	0.000000e+00	3.210249e-04	2.954391e-09	2.251429e-03	5.218599e+06	4.802676e+01	3.659937e+07	
3.650000e+00	1.633323e+10	1.573201e+10	1.338496e+01	7.225663e+01	6.200359e+01	4.632331e+00	3.525006e-01	0.000000e+00	0.000000e+00	0.000000e+00	3.213314e-04	3.041367e-09	2.254568e-03	5.248378e+06	4.967533e+01	3.682436e+07	
3.700000e+00	1.641254e+10	1.617226e+10	1.338451e+01	7.225663e+01	6.200149e+01	4.632331e+00	3.553541e-01	0.000000e+00	0.000000e+00	0.000000e+00	3.225030e-04	3.141939e-09	2.257761e-03	5.293095e+06	5.156720e+01	3.705560e+07	
3.750000e+00	1.649389e+10	1.595635e+10	1.338602e+01	7.225663e+01	6.200850e+01	4.632331e+00	3.562329e-01	0.000000e+00	0.000000e+00	0.000000e+00	3.250191e-04	3.250278e-09	2.261125e-03	5.360827e+06	5.360972e+01	3.729474e+07	
3.800000e+00	1.657542e+10	1.612803e+10	1.338798e+01	7.225663e+01	6.201757e+01	4.632331e+00	3.582562e-01	0.000000e+00	0.000000e+00	0.000000e+00	3.272024e-04	3.358145e-09	2.264461e-03	5.423517e+06	5.566266e+01	3.753439e+07	
3.850000e+00	1.665779e+10	1.628938e+10	1.339090e+01	7.225663e+01	6.203107e+01	4.632331e+00	3.597427e-01	0.000000e+00	0.000000e+00	0.000000e+00	3.301367e-04	3.466511e-09	2.267935e-03	5.499347e+06	5.774440e+01	3.777877e+07	
3.900000e+00	1.674039e+10	1.672571e+10	1.339426e+01	7.225663e+01	6.204667e+01	4.632331e+00	3.619430e-01	0.000000e+00	0.000000e+00	0.000000e+00	3.332939e-04	3.572476e-09	2.271480e-03	5.579468e+06	5.980463e+01	3.802545e+07	
3.950000e+00	1.682357e+10	1.688378e+10	1.339836e+01	7.225663e+01	6.206562e+01	4.632331e+00	3.631019e-01	0.000000e+00	0.000000e+00	0.000000e+00	3.372400e-04	3.675847e-09	2.275159e-03	5.673581e+06	6.184086e+01	3.827629e+07	
4.000000e+00	1.690645e+10	1.705083e+10	1.340246e+01	7.225663e+01	6.208462e+01	4.632331e+00	3.645905e-01	0.000000e+00	0.000000e+00	0.000000e+00	3.410767e-04	3.774633e-09	2.278860e-03	5.766397e+06	6.381565e+01	3.852744e+07	
4.050000e+00	1.698925e+10	1.720829e+10	1.340674e+01	7.225663e+01	6.210445e+01	4.632331e+00	3.656230e-01	0.000000e+00	0.000000e+00	0.000000e+00	3.451488e-04	3.869515e-09	2.282614e-03	5.863818e+06	6.574014e+01	3.877989e+07	
4.100000e+00	1.707161e+10	1.764109e+10	1.341091e+01	7.225663e+01	6.212378e+01	4.632331e+00	3.674248e-01	0.000000e+00	0.000000e+00	0.000000e+00	3.490651e-04	3.959611e-09	2.286355e-03	5.959103e+06	6.759694e+01	3.903177e+07	
4.150000e+00	1.715408e+10	1.834939e+10	1.341540e+01	7.225663e+01	6.214460e+01	4.632331e+00	3.700008e-01	0.000000e+00	0.000000e+00	0.000000e+00	3.534659e-04	4.046066e-09	2.290152e-03	6.063382e+06	6.940655e+01	3.928545e+07	
4.200000e+00	1.723710e+10	1.843466e+10	1.342055e+01	7.225663e+01	6.216842e+01	4.632331e+00	3.608175e-01	0.000000e+00	0.000000e+00	0.000000e+00	3.588518e-04	4.129794e-09	2.294067e-03	6.185564e+06	7.118567e+01	3.954305e+07	
4.250000e+00	1.731260e+10	1.881365e+10	1.342008e+01	7.225663e+01	6.216627e+01	4.632331e+00	3.577009e-01	0.000000e+00	0.000000e+00	0.000000e+00	3.639232e-04	4.206789e-09	2.297683e-03	6.300456e+06	7.283047e+01	3.977887e+07	
4.300000e+00	1.738613e+10	1.951173e+10	1.341836e+01	7.225663e+01	6.215828e+01	4.632331e+00	3.626172e-01	0.000000e+00	0.000000e+00	0.000000e+00	3.710209e-04	4.266524e-09	2.301336e-03	6.450618e+06	7.417836e+01	4.001133e+07	
4.350000e+00	1.746342e+10	2.024806e+10	1.341979e+01	7.225663e+01	6.216489e+01	4.632331e+00	3.674724e-01	0.000000e+00	0.000000e+00	0.000000e+00	3.791214e-04	4.320928e-09	2.304823e-03	6.620756e+06	7.545818e+01	4.025009e+07	
4.400000e+00	1.754359e+10	2.096474e+10	1.342365e+01	7.225663e+01	6.218281e+01	4.632331e+00	3.713895e-01	0.000000e+00	0.000000e+00	0.000000e+00	3.881795e-04	4.375572e-09	2.308336e-03	6.810062e+06	7.676322e+01	4.049649e+07	
4.450000e+00	1.762537e+10	2.114489e+10	1.342896e+01	7.225663e+01	6.220740e+01	4.632331e+00	3.740362e-01	0.000000e+00	0.000000e+00	0.000000e+00	3.974027e-04	4.434071e-09	2.311879e-03	7.004368e+06	7.815212e+01	4.074772e+07	
4.500000e+00	1.770753e+10	2.162280e+10	1.343475e+01	7.225663e+01	6.223422e+01	4.632331e+00	3.769493e-01	0.000000e+00	0.000000e+00	0.000000e+00	4.060677e-04	4.490567e-09	2.315420e-03	7.190454e+06	7.951682e+01	4.100035e+07	
4.550000e+00	1.779012e+10	2.209897e+10	1.344106e+01	7.225663e+01	6.226344e+01	4.632331e+00	3.796367e-01	0.000000e+00	0.000000e+00	0.000000e+00	4.145732e-04	4.543238e-09	2.319011e-03	7.375306e+06	8.082474e+01	4.125548e+07	
4.600000e+00	1.787286e+10	2.257356e+10	1.344766e+01	7.225663e+01	6.229401e+01	4.632331e+00	3.821285e-01	0.000000e+00	0.000000e+00	0.000000e+00	4.229024e-04	4.590864e-09	2.322655e-03	7.558476e+06	8.205187e+01	4.151248e+07	
4.650000e+00	1.795555e+10	2.300845e+10	1.345439e+01	7.225663e+01	6.232519e+01	4.632331e+00	3.841884e-01	0.000000e+00	0.000000e+00	0.000000e+00	4.310432e-04	4.630020e-09	2.326343e-03	7.739616e+06	8.313453e+01	4.177076e+07	
4.700000e+00	1.803785e+10	2.344171e+10	1.346101e+01	7.225663e+01	6.235584e+01	4.632331e+00	3.861111e-01	0.000000e+00	0.000000e+00	0.000000e+00	4.388472e-04	4.658937e-09	2.330020e-03	7.915860e+06	8.403720e+01	4.202855e+07	
4.750000e+00	1.811971e+10	2.463133e+10	1.346746e+01	7.225663e+01	6.238574e+01	4.632331e+00	4.109995e-01	0.000000e+00	0.000000e+00	0.000000e+00	4.463320e-04	4.681115e-09	2.333679e-03	8.087407e+06	8.482046e+01	4.228559e+07	
4.800000e+00	1.821664e+10	2.527429e+10	1.348524e+01	7.225663e+01	6.246808e+01	4.632331e+00	4.256055e-01	0.000000e+00	0.000000e+00	0.000000e+00	4.538628e-04	4.718074e-09	2.337543e-03	8.267855e+06	8.594744e+01	4.258218e+07	
4.850000e+00	1.831877e+10	2.575267e+10	1.350692e+01	7.225663e+01	6.256854e+01	4.632331e+00	4.346950e-01	0.000000e+00	0.000000e+00	0.000000e+00	4.607411e-04	4.777777e-09	2.341760e-03	8.440213e+06	8.752303e+01	4.289818e+07	
4.900000e+00	1.842140e+10	2.597396e+10	1.352901e+01	7.225663e+01	6.267087e+01	4.632331e+00	4.283936e-01	0.000000e+00	0.000000e+00	0.000000e+00	4.682103e-04	4.842305e-09	2.346490e-03	8.625090e+06	8.920205e+01	4.322563e+07	
4.950000e+00	1.851403e+10	2.593453e+10	1.354382e+01	7.225663e+01	6.273946e+01	4.632331e+00	4.244024e-01	0.000000e+00	0.000000e+00	0.000000e+00	4.762634e-04	4.874574e-09	2.351440e-03	8.817554e+06	9.024800e+01	4.353463e+07	
5.000000e+00	1.860010e+10	2.522493e+10	1.355394e+01	7.225663e+01	6.278635e+01	4.632331e+00	4.189424e-01	0.000000e+00	0.000000e+00	0.000000e+00	4.824822e-04	4.892197e-09	2.356048e-03	8.974214e+06	9.099533e+01	4.382272e+07	
5.050000e+00	1.867983e+10	2.527438e+10	1.355959e+01	7.225663e+01	6.281250e+01	4.632331e+00	4.259276e-01	0.000000e+00	0.000000e+00	0.000000e+00	4.856512e-04	4.897057e-09	2.360019e-03	9.071880e+06	9.147619e+01	4.408475e+07	
5.100000e+00	1.876283e+10	2.532116e+10	1.356775e+01	7.225663e+01	6.285032e+01	4.632331e+00	4.300511e-01	0.000000e+00	0.000000e+00	0.000000e+00	4.862313e-04	4.900694e-09	2.363413e-03	9.123073e+06	9.195087e+01	4.434431e+07	
5.150000e+00	1.884650e+10	2.530571e+10	1.357653e+01	7.225663e+01	6.289100e+01	4.632331e+00	4.237082e-01	0.000000e+00	0.000000e+00	0.000000e+00	4.868154e-04	4.892727e-09	2.366735e-03	9.174764e+06	9.221075e+01	4.460466e+07	
5.200000e+00	1.892357e+10	2.533909e+10	1.358072e+01	7.225663e+01	6.291037e+01	4.632331e+00	4.211899e-01	0.000000e+00	0.000000e+00	0.000000e+00	4.890365e-04	4.874247e-09	2.370190e-03	9.254318e+06	9.223818e+01	4.485246e+07	
5.250000e+00	1.899785e+10	2.514359e+10	1.358305e+01	7.225663e+01	6.292121e+01	4.632331e+00	4.145511e-01	0.000000e+00	0.000000e+00	0.000000e+00	4.905938e-04	4.866482e-09	2.373515e-03	9.320230e+06	9.245272e+01	4.509170e+07	
5.300000e+00	1.906702e+10	2.460341e+10	1.358192e+01	7.225663e+01	6.291595e+01	4.632331e+00	4.030395e-01	0.000000e+00	0.000000e+00	0.000000e+00	4.902303e-04	4.843318e-09	2.376316e-03	9.347228e+06	9.234762e+01	4.530926e+07	
5.350000e+00	1.912866e+10	2.453310e+10	1.357564e+01	7.225663e+01	6.288686e+01	4.632331e+00	3.988410e-01	0.000000e+00	0.000000e+00	0.000000e+00	4.869343e-04	4.798647e-09	2.378455e-03	9.314399e+06	9.179168e+01	4.549664e+07	
5.400000e+00	1.918909e+10	2.400057e+10	1.356874e+01	7.225663e+01	6.285488e+01	4.632331e+00	3.899521e-01	0.000000e+00	0.000000e+00	0.000000e+00	4.831370e-04	4.761703e-09	2.380277e-03	9.270959e+06	9.137274e+01	4.567536e+07	
5.450000e+00	1.924530e+10	2.298829e+10	1.355909e+01	7.225663e+01	6.281017e+01	4.632331e+00	3.686746e-01	0.000000e+00	0.000000e+00	0.000000e+00	4.771667e-04	4.699409e-09	2.381430e-03	9.183216e+06	9.044154e+01	4.583133e+07	
5.500000e+00	1.928961e+10	2.198671e+10	1.354133e+01	7.225663e+01	6.272793e+01	4.632331e+00	3.521503e-01	0.000000e+00	0.000000e+00	0.000000e+00	4.694904e-04	4.583544e-09	2.381821e-03	9.056288e+06	8.841478e+01	4.594439e+07	
5.550000e+00	1.932741e+10	2.099393e+10	1.351932e+01	7.225663e+01	6.262598e+01	4.632331e+00	3.384561e-01	0.000000e+00	0.000000e+00	0.000000e+00	4.585276e-04	4.425571e-09	2.381079e-03	8.862151e+06	8.553482e+01	4.602009e+07	
5.600000e+00	1.936176e+10	1.964426e+10	1.349524e+01	7.225663e+01	6.251442e+01	4.632331e+00	3.245992e-01	0.000000e+00	0.000000e+00	0.000000e+00	4.450259e-04	4.235989e-09	2.379339e-03	8.616485e+06	8.201621e+01	4.606820e+07	
5.650000e+00	1.939314e+10	1.913356e+10	1.346943e+01	7.225663e+01	6.239485e+01	4.632331e+00	3.197550e-01	0.000000e+00	0.000000e+00	0.000000e+00	4.284729e-04	4.014410e-09	2.376585e-03	8.309433e+06	7.785199e+01	4.608945e+07	
5.700000e+00	1.942810e+10	1.866125e+10	1.344645e+01	7.225663e+01	6.228840e+01	4.632331e+00	3.154208e-01	0.000000e+00	0.000000e+00	0.000000e+00	4.125010e-04	3.806656e-09	2.373544e-03	8.014111e+06	7.395609e+01	4.611344e+07	
5.750000e+00	1.946625e+10	1.859647e+10	1.342599e+01	7.225663e+01	6.219365e+01	4.632331e+00	3.137991e-01	0.000000e+00	0.000000e+00	0.000000e+00	3.971722e-04	3.613608e-09	2.370368e-03	7.731454e+06	7.034341e+01	4.614218e+07	
5.800000e+00	1.950876e+10	1.825775e+10	1.340883e+01	7.225663e+01	6.211414e+01	4.632331e+00	3.116217e-01	0.000000e+00	0.000000e+00	0.000000e+00	3.836993e-04	3.448581e-09	2.367371e-03	7.485496e+06	6.727752e+01	4.618446e+07	
5.850000e+00	1.955436e+10	1.792059e+10	1.339407e+01	7.225663e+01	6.204577e+01	4.632331e+00	3.095672e-01	0.000000e+00	0.000000e+00	0.000000e+00	3.713360e-04	3.306193e-09	2.364551e-03	7.261238e+06	6.465050e+01	4.623729e+07	
5.900000e+00	1.960252e+10	1.841907e+10	1.338131e+01	7.225663e+01	6.198665e+01	4.632331e+00	3.234591e-01	0.000000e+00	0.000000e+00	0.000000e+00	3.599267e-04	3.182767e-09	2.361939e-03	7.055471e+06	6.239025e+01	4.629997e+07	
5.950000e+00	1.966337e+10	1.918618e+10	1.337742e+01	7.225663e+01	6.196864e+01	4.632331e+00	3.340966e-01	0.000000e+00	0.000000e+00	0.000000e+00	3.503172e-04	3.111278e-09	2.359834e-03	6.888418e+06	6.117822e+01	4.640230e+07	
6.000000e+00	1.973237e+10	1.968281e+10	1.337924e+01	7.225663e+01	6.197705e+01	4.632331e+00	3.421020e-01	0.000000e+00	0.000000e+00	0.000000e+00	3.445398e-04	3.079353e-09	2.358720e-03	6.798586e+06	6.076293e+01	4.654313e+07	
6.050000e+00	1.980624e+10	2.021115e+10	1.338448e+01	7.225663e+01	6.200136e+01	4.632331e+00	3.488241e-01	0.000000e+00	0.000000e+00	0.000000e+00	3.416169e-04	3.076242e-09	2.358506e-03	6.766145e+06	6.092878e+01	4.671313e+07	
6.100000e+00	1.988322e+10	2.073632e+10	1.339194e+01	7.225663e+01	6.203590e+01	4.632331e+00	3.545353e-01	0.000000e+00	0.000000e+00	0.000000e+00	3.410571e-04	3.099204e-09	2.359114e-03	6.781313e+06	6.162214e+01	4.690677e+07	
6.150000e+00	1.996205e+10	2.141191e+10	1.340074e+01	7.225663e+01	6.207665e+01	4.632331e+00	3.658197e-01	0.000000e+00	0.000000e+00	0.000000e+00	3.423675e-04	3.150498e-09	2.360431e-03	6.834357e+06	6.289041e+01	4.711905e+07	
6.200000e+00	2.004613e+10	2.282124e+10	1.341313e+01	7.225663e+01	6.213405e+01	4.632331e+00	3.772375e-01	0.000000e+00	0.000000e+00	0.000000e+00	3.463520e-04	3.241392e-09	2.362552e-03	6.943016e+06	6.497737e+01	4.736002e+07	
6.250000e+00	2.013460e+10	2.422491e+10	1.342851e+01	7.225663e+01	6.220531e+01	4.632331e+00	3.872569e-01	0.000000e+00	0.000000e+00	0.000000e+00	3.537096e-04	3.375737e-09	2.365645e-03	7.121801e+06	6.796910e+01	4.763130e+07	
6.300000e+00	2.022575e+10	2.607187e+10	1.344572e+01	7.225663e+01	6.228503e+01	4.632331e+00	4.169125e-01	0.000000e+00	0.000000e+00	0.000000e+00	3.636899e-04	3.549957e-09	2.369583e-03	7.355902e+06	7.180055e+01	4.792661e+07	
6.350000e+00	2.033233e+10	2.718322e+10	1.347318e+01	7.225663e+01	6.241224e+01	4.632331e+00	4.158824e-01	0.000000e+00	0.000000e+00	0.000000e+00	3.756964e-04	3.766208e-09	2.374094e-03	7.638784e+06	7.657579e+01	4.827086e+07	
6.400000e+00	2.043105e+10	2.852915e+10	1.349541e+01	7.225663e+01	6.251523e+01	4.632331e+00	4.184120e-01	0.000000e+00	0.000000e+00	0.000000e+00	3.887646e-04	4.007245e-09	2.379474e-03	7.942870e+06	8.187223e+01	4.861516e+07	
6.450000e+00	2.052568e+10	2.993374e+10	1.351495e+01	7.225663e+01	6.260572e+01	4.632331e+00	4.345241e-01	0.000000e+00	0.000000e+00	0.000000e+00	4.037406e-04	4.230807e-09	2.385198e-03	8.287052e+06	8.684021e+01	4.895782e+07	
6.500000e+00	2.062611e+10	3.268565e+10	1.353830e+01	7.225663e+01	6.271388e+01	4.632331e+00	4.633032e-01	0.000000e+00	0.000000e+00	0.000000e+00	4.160196e-04	4.471468e-09	2.390726e-03	8.580867e+06	9.222900e+01	4.931138e+07	
6.550000e+00	2.073995e+10	3.236734e+10	1.357041e+01	7.225663e+01	6.286264e+01	4.632331e+00	4.384092e-01	0.000000e+00	0.000000e+00	0.000000e+00	4.344563e-04	4.814807e-09	2.397899e-03	9.010602e+06	9.985885e+01	4.973231e+07	
6.600000e+00	2.082860e+10	3.311015e+10	1.358603e+01	7.225663e+01	6.293497e+01	4.632331e+00	4.187853e-01	0.000000e+00	0.000000e+00	0.000000e+00	4.488185e-04	5.066296e-09	2.404468e-03	9.348261e+06	1.055239e+02	5.008169e+07	
6.650000e+00	2.089986e+10	3.457475e+10	1.359037e+01	7.225663e+01	6.295509e+01	4.632331e+00	4.225686e-01	0.000000e+00	0.000000e+00	0.000000e+00	4.625680e-04	5.271163e-09	2.410930e-03	9.667608e+06	1.101666e+02	5.038811e+07	
6.700000e+00	2.097256e+10	3.487734e+10	1.359575e+01	7.225663e+01	6.298000e+01	4.632331e+00	4.213182e-01	0.000000e+00	0.000000e+00	0.000000e+00	4.765704e-04	5.459935e-09	2.417244e-03	9.994903e+06	1.145088e+02	5.069581e+07	
6.750000e+00	2.104302e+10	3.580735e+10	1.359976e+01	7.225663e+01	6.299861e+01	4.632331e+00	4.210274e-01	0.000000e+00	0.000000e+00	0.000000e+00	4.886820e-04	5.598569e-09	2.423025e-03	1.028334e+07	1.178108e+02	5.098775e+07	
6.800000e+00	2.111222e+10	3.647643e+10	1.360308e+01	7.225663e+01	6.301397e+01	4.632331e+00	4.126027e-01	0.000000e+00	0.000000e+00	0.000000e+00	5.003147e-04	5.703129e-09	2.428367e-03	1.056275e+07	1.204057e+02	5.126823e+07	
6.850000e+00	2.117483e+10	3.639919e+10	1.360227e+01	7.225663e+01	6.301020e+01	4.632331e+00	4.094683e-01	0.000000e+00	0.000000e+00	0.000000e+00	5.113534e-04	5.753732e-09	2.433384e-03	1.082782e+07	1.218343e+02	5.152651e+07	
6.900000e+00	2.123553e+10	3.737653e+10	1.360035e+01	7.225663e+01	6.300133e+01	4.632331e+00	4.095388e-01	0.000000e+00	0.000000e+00	0.000000e+00	5.164483e-04	5.734606e-09	2.437009e-03	1.096705e+07	1.217774e+02	5.175116e+07	
6.950000e+00	2.129677e+10	3.723891e+10	1.359892e+01	7.225663e+01	6.299469e+01	4.632331e+00	4.050951e-01	0.000000e+00	0.000000e+00	0.000000e+00	5.211081e-04	5.736564e-09	2.440512e-03	1.109792e+07	1.221703e+02	5.197501e+07	
7.000000e+00	2.135536e+10	3.735398e+10	1.359593e+01	7.225663e+01	6.298085e+01	4.632331e+00	4.062806e-01	0.000000e+00	0.000000e+00	0.000000e+00	5.231491e-04	5.708369e-09	2.443253e-03	1.117204e+07	1.219043e+02	5.217655e+07	
7.050000e+00	2.141554e+10	3.725479e+10	1.359408e+01	7.225663e+01	6.297230e+01	4.632331e+00	4.018760e-01	0.000000e+00	0.000000e+00	0.000000e+00	5.247286e-04	5.680145e-09	2.445679e-03	1.123735e+07	1.216434e+02	5.237554e+07	
7.100000e+00	2.147321e+10	3.762344e+10	1.359078e+01	7.225663e+01	6.295698e+01	4.632331e+00	4.033096e-01	0.000000e+00	0.000000e+00	0.000000e+00	5.243425e-04	5.623138e-09	2.447530e-03	1.125932e+07	1.207468e+02	5.255633e+07	
7.150000e+00	2.153272e+10	3.839919e+10	1.358876e+01	7.225663e+01	6.294766e+01	4.632331e+00	4.246653e-01	0.000000e+00	0.000000e+00	0.000000e+00	5.239778e-04	5.573885e-09	2.449206e-03	1.128267e+07	1.200209e+02	5.273807e+07	
7.200000e+00	2.160727e+10	3.952011e+10	1.359634e+01	7.225663e+01	6.298275e+01	4.632331e+00	4.387809e-01	0.000000e+00	0.000000e+00	0.000000e+00	5.234689e-04	5.546963e-09	2.450559e-03	1.131073e+07	1.198547e+02	5.294988e+07	
7.250000e+00	2.168943e+10	4.063438e+10	1.360877e+01	7.225663e+01	6.304033e+01	4.632331e+00	4.492140e-01	0.000000e+00	0.000000e+00	0.000000e+00	5.236116e-04	5.552962e-09	2.452085e-03	1.135684e+07	1.204406e+02	5.318434e+07	
7.300000e+00	2.177547e+10	4.083475e+10	1.362366e+01	7.225663e+01	6.310931e+01	4.632331e+00	4.325272e-01	0.000000e+00	0.000000e+00	0.000000e+00	5.258722e-04	5.587846e-09	2.454164e-03	1.145112e+07	1.216780e+02	5.344057e+07	
7.350000e+00	2.184629e+10	4.191264e+10	1.362908e+01	7.225663e+01	6.313441e+01	4.632331e+00	4.482307e-01	0.000000e+00	0.000000e+00	0.000000e+00	5.283889e-04	5.598546e-09	2.456630e-03	1.154333e+07	1.223074e+02	5.366824e+07	
7.400000e+00	2.192639e+10	4.257534e+10	1.364036e+01	7.225663e+01	6.318666e+01	4.632331e+00	4.378148e-01	0.000000e+00	0.000000e+00	0.000000e+00	5.324266e-04	5.623290e-09	2.459199e-03	1.167419e+07	1.232984e+02	5.392136e+07	
7.450000e+00	2.199647e+10	4.378959e+10	1.364546e+01	7.225663e+01	6.321030e+01	4.632331e+00	4.350762e-01	0.000000e+00	0.000000e+00	0.000000e+00	5.362798e-04	5.663604e-09	2.462005e-03	1.179626e+07	1.245793e+02	5.415541e+07	
7.500000e+00	2.206335e+10	4.494141e+10	1.364867e+01	7.225663e+01	6.322515e+01	4.632331e+00	4.649170e-01	0.000000e+00	0.000000e+00	0.000000e+00	5.425430e-04	5.730872e-09	2.465324e-03	1.197032e+07	1.264422e+02	5.439332e+07	
7.550000e+00	2.214977e+10	4.353785e+10	1.366401e+01	7.225663e+01	6.329623e+01	4.632331e+00	4.374256e-01	0.000000e+00	0.000000e+00	0.000000e+00	5.495943e-04	5.826911e-09	2.468350e-03	1.217339e+07	1.290647e+02	5.467338e+07	
7.600000e+00	2.221344e+10	4.211291e+10	1.366538e+01	7.225663e+01	6.330257e+01	4.632331e+00	4.218730e-01	0.000000e+00	0.000000e+00	0.000000e+00	5.509444e-04	5.858163e-09	2.470621e-03	1.223837e+07	1.301299e+02	5.488099e+07	
7.650000e+00	2.226612e+10	4.249740e+10	1.366011e+01	7.225663e+01	6.327816e+01	4.632331e+00	4.166475e-01	0.000000e+00	0.000000e+00	0.000000e+00	5.493285e-04	5.806540e-09	2.472063e-03	1.223142e+07	1.292891e+02	5.504325e+07	
7.700000e+00	2.231661e+10	4.452087e+10	1.365363e+01	7.225663e+01	6.324813e+01	4.632331e+00	4.230568e-01	0.000000e+00	0.000000e+00	0.000000e+00	5.466253e-04	5.757943e-09	2.473237e-03	1.219883e+07	1.284978e+02	5.519427e+07	
7.750000e+00	2.237317e+10	4.521252e+10	1.365098e+01	7.225663e+01	6.323588e+01	4.632331e+00	4.196100e-01	0.000000e+00	0.000000e+00	0.000000e+00	5.467758e-04	5.745682e-09	2.474715e-03	1.223311e+07	1.285491e+02	5.536722e+07	
7.800000e+00	2.242806e+10	4.616130e+10	1.364744e+01	7.225663e+01	6.321947e+01	4.632331e+00	4.167226e-01	0.000000e+00	0.000000e+00	0.000000e+00	5.462637e-04	5.714071e-09	2.476026e-03	1.225164e+07	1.281556e+02	5.553248e+07	
7.850000e+00	2.248191e+10	4.878208e+10	1.364338e+01	7.225663e+01	6.320066e+01	4.632331e+00	4.460371e-01	0.000000e+00	0.000000e+00	0.000000e+00	5.452488e-04	5.677660e-09	2.477294e-03	1.225824e+07	1.276446e+02	5.569430e+07	
7.900000e+00	2.255681e+10	5.051140e+10	1.365219e+01	7.225663e+01	6.324145e+01	4.632331e+00	4.385954e-01	0.000000e+00	0.000000e+00	0.000000e+00	5.484887e-04	5.762876e-09	2.479338e-03	1.237216e+07	1.299921e+02	5.592596e+07	
7.950000e+00	2.262435e+10	5.142712e+10	1.365660e+01	7.225663e+01	6.326188e+01	4.632331e+00	4.409163e-01	0.000000e+00	0.000000e+00	0.000000e+00	5.512373e-04	5.826806e-09	2.481467e-03	1.247139e+07	1.318277e+02	5.614159e+07	
8.000000e+00	2.269233e+10	5.152223e+10	1.366135e+01	7.225663e+01	6.328388e+01	4.632331e+00	4.408227e-01	0.000000e+00	0.000000e+00	0.000000e+00	5.577686e-04	5.926089e-09	2.484430e-03	1.265707e+07	1.344768e+02	5.637750e+07	
8.050000e+00	2.275901e+10	5.254436e+10	1.366539e+01	7.225663e+01	6.330259e+01	4.632331e+00	4.793574e-01	0.000000e+00	0.000000e+00	0.000000e+00	5.634934e-04	6.024384e-09	2.487280e-03	1.282455e+07	1.371090e+02	5.660803e+07	
8.100000e+00	2.285097e+10	5.300610e+10	1.368464e+01	7.225663e+01	6.339178e+01	4.632331e+00	4.549898e-01	0.000000e+00	0.000000e+00	0.000000e+00	5.655527e-04	6.125196e-09	2.490131e-03	1.292343e+07	1.399667e+02	5.690193e+07	
8.150000e+00	2.292130e+10	5.294854e+10	1.369096e+01	7.225663e+01	6.342108e+01	4.632331e+00	4.461317e-01	0.000000e+00	0.000000e+00	0.000000e+00	5.685990e-04	6.199019e-09	2.493214e-03	1.303303e+07	1.420896e+02	5.714771e+07	
8.200000e+00	2.298393e+10	5.156555e+10	1.369276e+01	7.225663e+01	6.342940e+01	4.632331e+00	4.219686e-01	0.000000e+00	0.000000e+00	0.000000e+00	5.718466e-04	6.253982e-09	2.496125e-03	1.314328e+07	1.437411e+02	5.737076e+07	
8.250000e+00	2.302955e+10	5.211391e+10	1.368453e+01	7.225663e+01	6.339128e+01	4.632331e+00	4.217447e-01	0.000000e+00	0.000000e+00	0.000000e+00	5.689471e-04	6.214320e-09	2.497672e-03	1.310260e+07	1.431130e+02	5.752026e+07	
8.300000e+00	2.307716e+10	5.085615e+10	1.367762e+01	7.225663e+01	6.335924e+01	4.632331e+00	4.176115e-01	0.000000e+00	0.000000e+00	0.000000e+00	5.664808e-04	6.196741e-09	2.499020e-03	1.307277e+07	1.430032e+02	5.767029e+07	
8.350000e+00	2.312375e+10	5.291634e+10	1.367022e+01	7.225663e+01	6.332498e+01	4.632331e+00	4.290953e-01	0.000000e+00	0.000000e+00	0.000000e+00	5.611746e-04	6.169427e-09	2.499553e-03	1.297646e+07	1.426603e+02	5.779903e+07	
8.400000e+00	2.318011e+10	5.367458e+10	1.366871e+01	7.225663e+01	6.331801e+01	4.632331e+00	4.416912e-01	0.000000e+00	0.000000e+00	0.000000e+00	5.612057e-04	6.235610e-09	2.500869e-03	1.300881e+07	1.445421e+02	5.797042e+07	
8.450000e+00	2.324547e+10	5.448758e+10	1.367260e+01	7.225663e+01	6.333601e+01	4.632331e+00	4.389830e-01	0.000000e+00	0.000000e+00	0.000000e+00	5.631828e-04	6.311940e-09	2.502711e-03	1.309145e+07	1.467240e+02	5.817671e+07	
8.500000e+00	2.330798e+10	5.410167e+10	1.367487e+01	7.225663e+01	6.334654e+01	4.632331e+00	4.416039e-01	0.000000e+00	0.000000e+00	0.000000e+00	5.650373e-04	6.378691e-09	2.504468e-03	1.316987e+07	1.486744e+02	5.837408e+07	
8.550000e+00	2.337168e+10	5.518021e+10	1.367793e+01	7.225663e+01	6.336068e+01	4.632331e+00	4.484926e-01	0.000000e+00	0.000000e+00	0.000000e+00	5.627391e-04	6.383254e-09	2.505036e-03	1.315216e+07	1.491874e+02	5.854690e+07	
8.600000e+00	2.343930e+10	5.500069e+10	1.368334e+01	7.225663e+01	6.338574e+01	4.632331e+00	4.348416e-01	0.000000e+00	0.000000e+00	0.000000e+00	5.597738e-04	6.360117e-09	2.505278e-03	1.312071e+07	1.490767e+02	5.872196e+07	
8.650000e+00	2.349619e+10	5.497783e+10	1.368255e+01	7.225663e+01	6.338209e+01	4.632331e+00	4.248420e-01	0.000000e+00	0.000000e+00	0.000000e+00	5.573102e-04	6.296835e-09	2.505866e-03	1.309466e+07	1.479516e+02	5.887829e+07	
8.700000e+00	2.354643e+10	5.728860e+10	1.367799e+01	7.225663e+01	6.336099e+01	4.632331e+00	4.384864e-01	0.000000e+00	0.000000e+00	0.000000e+00	5.536348e-04	6.181112e-09	2.506274e-03	1.303612e+07	1.455431e+02	5.901381e+07	
8.750000e+00	2.360719e+10	5.864786e+10	1.367964e+01	7.225663e+01	6.336861e+01	4.632331e+00	4.442686e-01	0.000000e+00	0.000000e+00	0.000000e+00	5.539827e-04	6.173137e-09	2.507715e-03	1.307798e+07	1.457305e+02	5.920013e+07	
8.800000e+00	2.367149e+10	5.891907e+10	1.368339e+01	7.225663e+01	6.338602e+01	4.632331e+00	4.356206e-01	0.000000e+00	0.000000e+00	0.000000e+00	5.552079e-04	6.199551e-09	2.509405e-03	1.314259e+07	1.467526e+02	5.940135e+07	
8.850000e+00	2.372888e+10	5.855568e+10	1.368324e+01	7.225663e+01	6.338531e+01	4.632331e+00	4.257835e-01	0.000000e+00	0.000000e+00	0.000000e+00	5.552324e-04	6.224552e-09	2.510869e-03	1.317504e+07	1.477017e+02	5.958012e+07	
8.900000e+00	2.377959e+10	5.934506e+10	1.367932e+01	7.225663e+01	6.336715e+01	4.632331e+00	4.354201e-01	0.000000e+00	0.000000e+00	0.000000e+00	5.556271e-04	6.219475e-09	2.512029e-03	1.321259e+07	1.478966e+02	5.973502e+07	
8.950000e+00	2.383791e+10	5.988998e+10	1.367987e+01	7.225663e+01	6.336967e+01	4.632331e+00	4.328542e-01	0.000000e+00	0.000000e+00	0.000000e+00	5.555953e-04	6.239731e-09	2.512970e-03	1.324423e+07	1.487422e+02	5.990396e+07	
9.000000e+00	2.389434e+10	6.064214e+10	1.367940e+01	7.225663e+01	6.336753e+01	4.632331e+00	4.340725e-01	0.000000e+00	0.000000e+00	0.000000e+00	5.556866e-04	6.276223e-09	2.514017e-03	1.327776e+07	1.499662e+02	6.007078e+07	
9.050000e+00	2.395172e+10	6.102979e+10	1.367956e+01	7.225663e+01	6.336827e+01	4.632331e+00	4.332520e-01	0.000000e+00	0.000000e+00	0.000000e+00	5.565473e-04	6.316957e-09	2.515158e-03	1.333026e+07	1.513020e+02	6.024235e+07	
9.100000e+00	2.400849e+10	6.201574e+10	1.367946e+01	7.225663e+01	6.336778e+01	4.632331e+00	4.374640e-01	0.000000e+00	0.000000e+00	0.000000e+00	5.571292e-04	6.343494e-09	2.516251e-03	1.337583e+07	1.522977e+02	6.041139e+07	
9.150000e+00	2.406817e+10	6.195809e+10	1.368108e+01	7.225663e+01	6.337531e+01	4.632331e+00	4.345359e-01	0.000000e+00	0.000000e+00	0.000000e+00	5.593238e-04	6.370161e-09	2.517749e-03	1.346190e+07	1.533181e+02	6.059761e+07	
9.200000e+00	2.412543e+10	6.343717e+10	1.368140e+01	7.225663e+01	6.337678e+01	4.632331e+00	4.617569e-01	0.000000e+00	0.000000e+00	0.000000e+00	5.601883e-04	6.391778e-09	2.518947e-03	1.351478e+07	1.542044e+02	6.077068e+07	
9.250000e+00	2.420123e+10	6.234841e+10	1.369228e+01	7.225663e+01	6.342718e+01	4.632331e+00	4.214598e-01	0.000000e+00	0.000000e+00	0.000000e+00	5.624247e-04	6.465390e-09	2.520916e-03	1.361137e+07	1.564704e+02	6.100927e+07	
9.300000e+00	2.424662e+10	6.274047e+10	1.368602e+01	7.225663e+01	6.339820e+01	4.632331e+00	4.270464e-01	0.000000e+00	0.000000e+00	0.000000e+00	5.627743e-04	6.521385e-09	2.522447e-03	1.364538e+07	1.581216e+02	6.116082e+07	
9.350000e+00	2.429747e+10	6.212185e+10	1.368294e+01	7.225663e+01	6.338392e+01	4.632331e+00	4.195467e-01	0.000000e+00	0.000000e+00	0.000000e+00	5.646041e-04	6.562186e-09	2.523900e-03	1.371845e+07	1.594445e+02	6.132440e+07	
9.400000e+00	2.434399e+10	6.393559e+10	1.367752e+01	7.225663e+01	6.335878e+01	4.632331e+00	4.255055e-01	0.000000e+00	0.000000e+00	0.000000e+00	5.614936e-04	6.520710e-09	2.524051e-03	1.366900e+07	1.587401e+02	6.144547e+07	
9.450000e+00	2.439600e+10	6.497430e+10	1.367526e+01	7.225663e+01	6.334835e+01	4.632331e+00	4.318776e-01	0.000000e+00	0.000000e+00	0.000000e+00	5.610060e-04	6.499260e-09	2.524700e-03	1.368630e+07	1.585560e+02	6.159258e+07	
9.500000e+00	2.445295e+10	6.395272e+10	1.367586e+01	7.225663e+01	6.335110e+01	4.632331e+00	4.236560e-01	0.000000e+00	0.000000e+00	0.000000e+00	5.615963e-04	6.484408e-09	2.526185e-03	1.373269e+07	1.585629e+02	6.177269e+07	
9.550000e+00	2.450413e+10	6.658909e+10	1.367330e+01	7.225663e+01	6.333924e+01	4.632331e+00	4.352670e-01	0.000000e+00	0.000000e+00	0.000000e+00	5.599305e-04	6.446902e-09	2.526919e-03	1.372061e+07	1.579757e+02	6.191996e+07	
9.600000e+00	2.456391e+10	6.570233e+10	1.367561e+01	7.225663e+01	6.334995e+01	4.632331e+00	4.384081e-01	0.000000e+00	0.000000e+00	0.000000e+00	5.647430e-04	6.506236e-09	2.528642e-03	1.387230e+07	1.598186e+02	6.211334e+07	
9.650000e+00	2.462524e+10	6.652556e+10	1.367884e+01	7.225663e+01	6.336492e+01	4.632331e+00	4.650525e-01	0.000000e+00	0.000000e+00	0.000000e+00	5.652673e-04	6.508078e-09	2.529463e-03	1.391984e+07	1.602630e+02	6.228864e+07	
9.700000e+00	2.470395e+10	6.744723e+10	1.369176e+01	7.225663e+01	6.342477e+01	4.632331e+00	4.695162e-01	0.000000e+00	0.000000e+00	0.000000e+00	5.661483e-04	6.527611e-09	2.530214e-03	1.398610e+07	1.612578e+02	6.250629e+07	
9.750000e+00	2.478238e+10	6.715088e+10	1.370454e+01	7.225663e+01	6.348395e+01	4.632331e+00	4.440327e-01	0.000000e+00	0.000000e+00	0.000000e+00	5.672110e-04	6.584390e-09	2.531705e-03	1.405684e+07	1.631769e+02	6.274168e+07	
9.800000e+00	2.484005e+10	6.639234e+10	1.370587e+01	7.225663e+01	6.349012e+01	4.632331e+00	4.276188e-01	0.000000e+00	0.000000e+00	0.000000e+00	5.705370e-04	6.581411e-09	2.533500e-03	1.417217e+07	1.634826e+02	6.293227e+07	
9.850000e+00	2.488613e+10	6.688169e+10	1.370088e+01	7.225663e+01	6.346701e+01	4.632331e+00	4.308066e-01	0.000000e+00	0.000000e+00	0.000000e+00	5.711729e-04	6.537000e-09	2.534564e-03	1.421428e+07	1.626806e+02	6.307550e+07	
9.900000e+00	2.493569e+10	6.617006e+10	1.369789e+01	7.225663e+01	6.345317e+01	4.632331e+00	4.197935e-01	0.000000e+00	0.000000e+00	0.000000e+00	5.710282e-04	6.490294e-09	2.535303e-03	1.423898e+07	1.618399e+02	6.321952e+07	
9.950000e+00	2.497848e+10	6.768937e+10	1.369127e+01	7.225663e+01	6.342252e+01	4.632331e+00	4.207088e-01	0.000000e+00	0.000000e+00	0.000000e+00	5.687726e-04	6.415465e-09	2.535589e-03	1.420708e+07	1.602486e+02	6.333515e+07	
1.000000e+01	2.502362e+10	6.774801e+10	1.368604e+01	7.225663e+01	6.339827e+01	4.632331e+00	4.397691e-01	0.000000e+00	0.000000e+00	0.000000e+00	5.698047e-04	6.378354e-09	2.536495e-03	1.425858e+07	1.596095e+02	6.347231e+07	
1.005000e+01	2.508318e+10	7.083785e+10	1.368875e+01	7.225663e+01	6.341084e+01	4.632331e+00	4.713839e-01	0.000000e+00	0.000000e+00	0.000000e+00	5.720290e-04	6.355507e-09	2.537428e-03	1.434830e+07	1.594163e+02	6.364674e+07	
1.010000e+01	2.516366e+10	7.015081e+10	1.370292e+01	7.225663e+01	6.347646e+01	4.632331e+00	4.591252e-01	0.000000e+00	0.000000e+00	0.000000e+00	5.763405e-04	6.415028e-09	2.539612e-03	1.450284e+07	1.614256e+02	6.390593e+07	
1.015000e+01	2.523209e+10	6.931409e+10	1.371054e+01	7.225663e+01	6.351176e+01	4.632331e+00	4.537578e-01	0.000000e+00	0.000000e+00	0.000000e+00	5.794182e-04	6.463867e-09	2.541673e-03	1.461993e+07	1.630969e+02	6.413171e+07	
1.020000e+01	2.529487e+10	7.189964e+10	1.371513e+01	7.225663e+01	6.353301e+01	4.632331e+00	4.799336e-01	0.000000e+00	0.000000e+00	0.000000e+00	5.824113e-04	6.509240e-09	2.544084e-03	1.473202e+07	1.646504e+02	6.435227e+07	
1.025000e+01	2.537441e+10	7.244317e+10	1.372882e+01	7.225663e+01	6.359646e+01	4.632331e+00	4.699385e-01	0.000000e+00	0.000000e+00	0.000000e+00	5.879193e-04	6.627460e-09	2.546593e-03	1.491811e+07	1.681679e+02	6.461831e+07	
1.030000e+01	2.544357e+10	7.129939e+10	1.373692e+01	7.225663e+01	6.363396e+01	4.632331e+00	4.319241e-01	0.000000e+00	0.000000e+00	0.000000e+00	5.925239e-04	6.746111e-09	2.549133e-03	1.507592e+07	1.716451e+02	6.485903e+07	
1.035000e+01	2.548452e+10	6.800989e+10	1.372985e+01	7.225663e+01	6.360120e+01	4.632331e+00	4.149968e-01	0.000000e+00	0.000000e+00	0.000000e+00	5.955328e-04	6.782061e-09	2.551274e-03	1.517687e+07	1.728376e+02	6.501800e+07	
1.040000e+01	2.551569e+10	6.569214e+10	1.371761e+01	7.225663e+01	6.354451e+01	4.632331e+00	4.090874e-01	0.000000e+00	0.000000e+00	0.000000e+00	5.916586e-04	6.679951e-09	2.551614e-03	1.509658e+07	1.704435e+02	6.510619e+07	
1.045000e+01	2.554600e+10	6.567647e+10	1.370502e+01	7.225663e+01	6.348620e+01	4.632331e+00	4.128448e-01	0.000000e+00	0.000000e+00	0.000000e+00	5.832674e-04	6.526730e-09	2.550827e-03	1.490015e+07	1.667318e+02	6.516343e+07	
1.050000e+01	2.558217e+10	6.501973e+10	1.369569e+01	7.225663e+01	6.344295e+01	4.632331e+00	3.966949e-01	0.000000e+00	0.000000e+00	0.000000e+00	5.758709e-04	6.389562e-09	2.550034e-03	1.473203e+07	1.634589e+02	6.523541e+07	
1.055000e+01	2.560972e+10	6.518468e+10	1.368184e+01	7.225663e+01	6.337882e+01	4.632331e+00	4.047407e-01	0.000000e+00	0.000000e+00	0.000000e+00	5.699527e-04	6.262060e-09	2.549368e-03	1.459633e+07	1.603696e+02	6.528862e+07	
1.060000e+01	2.564640e+10	6.464864e+10	1.367298e+01	7.225663e+01	6.333778e+01	4.632331e+00	4.170908e-01	0.000000e+00	0.000000e+00	0.000000e+00	5.635482e-04	6.131472e-09	2.548422e-03	1.445298e+07	1.572502e+02	6.535784e+07	
1.065000e+01	2.569384e+10	6.485999e+10	1.366994e+01	7.225663e+01	6.332369e+01	4.632331e+00	4.255912e-01	0.000000e+00	0.000000e+00	0.000000e+00	5.548412e-04	6.027211e-09	2.547166e-03	1.425600e+07	1.548622e+02	6.544646e+07	
1.070000e+01	2.574788e+10	6.503840e+10	1.367048e+01	7.225663e+01	6.332617e+01	4.632331e+00	4.387165e-01	0.000000e+00	0.000000e+00	0.000000e+00	5.501958e-04	5.961750e-09	2.546396e-03	1.416638e+07	1.535024e+02	6.556431e+07	
1.075000e+01	2.581075e+10	6.583622e+10	1.367575e+01	7.225663e+01	6.335059e+01	4.632331e+00	4.438899e-01	0.000000e+00	0.000000e+00	0.000000e+00	5.434655e-04	5.893688e-09	2.545696e-03	1.402725e+07	1.521205e+02	6.570632e+07	
1.080000e+01	2.587579e+10	6.670234e+10	1.368220e+01	7.225663e+01	6.338048e+01	4.632331e+00	4.582632e-01	0.000000e+00	0.000000e+00	0.000000e+00	5.390735e-04	5.882157e-09	2.545351e-03	1.394895e+07	1.522055e+02	6.586298e+07	
1.085000e+01	2.594899e+10	6.897099e+10	1.369299e+01	7.225663e+01	6.343046e+01	4.632331e+00	4.517781e-01	0.000000e+00	0.000000e+00	0.000000e+00	5.359393e-04	5.886820e-09	2.545940e-03	1.390709e+07	1.527571e+02	6.606457e+07	
1.090000e+01	2.601496e+10	6.893853e+10	1.369998e+01	7.225663e+01	6.346286e+01	4.632331e+00	4.361119e-01	0.000000e+00	0.000000e+00	0.000000e+00	5.353146e-04	5.939001e-09	2.547004e-03	1.392619e+07	1.545029e+02	6.626022e+07	
1.095000e+01	2.606839e+10	6.854642e+10	1.370041e+01	7.225663e+01	6.346485e+01	4.632331e+00	4.331023e-01	0.000000e+00	0.000000e+00	0.000000e+00	5.370735e-04	6.007972e-09	2.548403e-03	1.400064e+07	1.566181e+02	6.643277e+07	
1.100000e+01	2.611964e+10	6.683664e+10	1.369976e+01	7.225663e+01	6.346180e+01	4.632331e+00	4.024700e-01	0.000000e+00	0.000000e+00	0.000000e+00	5.359935e-04	6.085114e-09	2.549103e-03	1.399996e+07	1.589410e+02	6.658166e+07	
1.105000e+01	2.615008e+10	6.499305e+10	1.368826e+01	7.225663e+01	6.340857e+01	4.632331e+00	3.737340e-01	0.000000e+00	0.000000e+00	0.000000e+00	5.316433e-04	6.085731e-09	2.549145e-03	1.390251e+07	1.591424e+02	6.666034e+07	
1.110000e+01	2.616386e+10	6.551164e+10	1.366817e+01	7.225663e+01	6.331547e+01	4.632331e+00	4.145493e-01	0.000000e+00	0.000000e+00	0.000000e+00	5.226873e-04	5.984254e-09	2.547865e-03	1.367552e+07	1.565712e+02	6.666197e+07	
1.115000e+01	2.621082e+10	6.612645e+10	1.366550e+01	7.225663e+01	6.330313e+01	4.632331e+00	4.334955e-01	0.000000e+00	0.000000e+00	0.000000e+00	5.151277e-04	5.871440e-09	2.546725e-03	1.350192e+07	1.538952e+02	6.675174e+07	
1.120000e+01	2.627141e+10	6.520557e+10	1.367000e+01	7.225663e+01	6.332396e+01	4.632331e+00	4.121391e-01	0.000000e+00	0.000000e+00	0.000000e+00	5.075861e-04	5.784486e-09	2.545397e-03	1.333500e+07	1.519666e+02	6.687117e+07	
1.125000e+01	2.631624e+10	6.655446e+10	1.366634e+01	7.225663e+01	6.330703e+01	4.632331e+00	4.148218e-01	0.000000e+00	0.000000e+00	0.000000e+00	5.005688e-04	5.690657e-09	2.544217e-03	1.317309e+07	1.497567e+02	6.695424e+07	
1.130000e+01	2.636386e+10	6.715015e+10	1.366420e+01	7.225663e+01	6.329710e+01	4.632331e+00	4.194784e-01	0.000000e+00	0.000000e+00	0.000000e+00	4.972968e-04	5.659678e-09	2.543987e-03	1.311066e+07	1.492110e+02	6.706931e+07	
1.135000e+01	2.641522e+10	6.589929e+10	1.366405e+01	7.225663e+01	6.329642e+01	4.632331e+00	3.857082e-01	0.000000e+00	0.000000e+00	0.000000e+00	4.962694e-04	5.697805e-09	2.544348e-03	1.310906e+07	1.505088e+02	6.720952e+07	
1.140000e+01	2.644354e+10	6.535430e+10	1.365207e+01	7.225663e+01	6.324089e+01	4.632331e+00	3.914639e-01	0.000000e+00	0.000000e+00	0.000000e+00	4.913577e-04	5.656741e-09	2.544015e-03	1.299324e+07	1.495843e+02	6.727279e+07	
1.145000e+01	2.647894e+10	6.454657e+10	1.364382e+01	7.225663e+01	6.320271e+01	4.632331e+00	3.939260e-01	0.000000e+00	0.000000e+00	0.000000e+00	4.855161e-04	5.616121e-09	2.543365e-03	1.285595e+07	1.487090e+02	6.734562e+07	
1.150000e+01	2.651818e+10	6.342546e+10	1.363764e+01	7.225663e+01	6.317405e+01	4.632331e+00	3.719825e-01	0.000000e+00	0.000000e+00	0.000000e+00	4.794786e-04	5.564988e-09	2.542457e-03	1.271490e+07	1.475734e+02	6.742134e+07	
1.155000e+01	2.654408e+10	6.295281e+10	1.362468e+01	7.225663e+01	6.311402e+01	4.632331e+00	3.805034e-01	0.000000e+00	0.000000e+00	0.000000e+00	4.734619e-04	5.498938e-09	2.541468e-03	1.256761e+07	1.459642e+02	6.746093e+07	
1.160000e+01	2.657918e+10	6.403370e+10	1.361654e+01	7.225663e+01	6.307631e+01	4.632331e+00	3.939705e-01	0.000000e+00	0.000000e+00	0.000000e+00	4.675457e-04	5.404934e-09	2.540255e-03	1.242698e+07	1.436587e+02	6.751791e+07	
1.165000e+01	2.662560e+10	6.444329e+10	1.361426e+01	7.225663e+01	6.306576e+01	4.632331e+00	3.977640e-01	0.000000e+00	0.000000e+00	0.000000e+00	4.631777e-04	5.356436e-09	2.539290e-03	1.233238e+07	1.426183e+02	6.761012e+07	
1.170000e+01	2.667519e+10	6.384887e+10	1.361366e+01	7.225663e+01	6.306299e+01	4.632331e+00	3.805485e-01	0.000000e+00	0.000000e+00	0.000000e+00	4.603127e-04	5.337518e-09	2.538688e-03	1.227893e+07	1.423793e+02	6.771999e+07	
1.175000e+01	2.671322e+10	6.502635e+10	1.360723e+01	7.225663e+01	6.303318e+01	4.632331e+00	4.158320e-01	0.000000e+00	0.000000e+00	0.000000e+00	4.558402e-04	5.300365e-09	2.537953e-03	1.217696e+07	1.415898e+02	6.779690e+07	
1.180000e+01	2.677695e+10	6.529866e+10	1.361393e+01	7.225663e+01	6.306423e+01	4.632331e+00	4.102942e-01	0.000000e+00	0.000000e+00	0.000000e+00	4.547690e-04	5.299338e-09	2.538002e-03	1.217733e+07	1.419001e+02	6.795996e+07	
1.185000e+01	2.683516e+10	6.482061e+10	1.361785e+01	7.225663e+01	6.308241e+01	4.632331e+00	3.849468e-01	0.000000e+00	0.000000e+00	0.000000e+00	4.521459e-04	5.306356e-09	2.537949e-03	1.213341e+07	1.423969e+02	6.810627e+07	
1.190000e+01	2.687509e+10	6.429454e+10	1.361255e+01	7.225663e+01	6.305785e+01	4.632331e+00	3.903001e-01	0.000000e+00	0.000000e+00	0.000000e+00	4.514002e-04	5.311791e-09	2.538167e-03	1.213142e+07	1.427548e+02	6.821346e+07	
1.195000e+01	2.692005e+10	6.313219e+10	1.360986e+01	7.225663e+01	6.304539e+01	4.632331e+00	3.605405e-01	0.000000e+00	0.000000e+00	0.000000e+00	4.498899e-04	5.290751e-09	2.538056e-03	1.211106e+07	1.424273e+02	6.832458e+07	
1.200000e+01	2.694546e+10	6.321828e+10	1.359737e+01	7.225663e+01	6.298750e+01	4.632331e+00	3.764081e-01	0.000000e+00	0.000000e+00	0.000000e+00	4.479893e-04	5.310510e-09	2.537940e-03	1.207128e+07	1.430941e+02	6.838595e+07	
1.205000e+01	2.698496e+10	6.600438e+10	1.359206e+01	7.225663e+01	6.296291e+01	4.632331e+00	4.058889e-01	0.000000e+00	0.000000e+00	0.000000e+00	4.457912e-04	5.335514e-09	2.537577e-03	1.202966e+07	1.439786e+02	6.847641e+07	
1.210000e+01	2.704588e+10	6.550531e+10	1.359759e+01	7.225663e+01	6.298853e+01	4.632331e+00	3.926058e-01	0.000000e+00	0.000000e+00	0.000000e+00	4.462342e-04	5.402895e-09	2.537651e-03	1.206880e+07	1.461261e+02	6.863301e+07	
1.215000e+01	2.709634e+10	6.642235e+10	1.359789e+01	7.225663e+01	6.298991e+01	4.632331e+00	3.886279e-01	0.000000e+00	0.000000e+00	0.000000e+00	4.451986e-04	5.393108e-09	2.537538e-03	1.206325e+07	1.461335e+02	6.875798e+07	
1.220000e+01	2.714400e+10	6.673728e+10	1.359684e+01	7.225663e+01	6.298505e+01	4.632331e+00	3.948158e-01	0.000000e+00	0.000000e+00	0.000000e+00	4.445076e-04	5.382329e-09	2.537793e-03	1.206572e+07	1.460980e+02	6.888585e+07	
1.225000e+01	2.719615e+10	6.766527e+10	1.359808e+01	7.225663e+01	6.299079e+01	4.632331e+00	3.988178e-01	0.000000e+00	0.000000e+00	0.000000e+00	4.453585e-04	5.355804e-09	2.538219e-03	1.211204e+07	1.456573e+02	6.902980e+07	
1.230000e+01	2.725070e+10	6.852402e+10	1.360055e+01	7.225663e+01	6.300227e+01	4.632331e+00	3.847591e-01	0.000000e+00	0.000000e+00	0.000000e+00	4.450739e-04	5.323750e-09	2.538434e-03	1.212858e+07	1.450759e+02	6.917409e+07	
1.235000e+01	2.729504e+10	6.978877e+10	1.359798e+01	7.225663e+01	6.299035e+01	4.632331e+00	3.941354e-01	0.000000e+00	0.000000e+00	0.000000e+00	4.466327e-04	5.316352e-09	2.539072e-03	1.219085e+07	1.451100e+02	6.930407e+07	
1.240000e+01	2.734642e+10	7.092093e+10	1.359897e+01	7.225663e+01	6.299492e+01	4.632331e+00	4.112825e-01	0.000000e+00	0.000000e+00	0.000000e+00	4.478476e-04	5.329911e-09	2.539750e-03	1.224703e+07	1.457540e+02	6.945307e+07	
1.245000e+01	2.740921e+10	7.086142e+10	1.360565e+01	7.225663e+01	6.302590e+01	4.632331e+00	4.084461e-01	0.000000e+00	0.000000e+00	0.000000e+00	4.521195e-04	5.433464e-09	2.541278e-03	1.239224e+07	1.489270e+02	6.965442e+07	
