# bin_edge_left	bin_edge_right	dN/d[fe/H]	dN/d[sr/H]	dN/d[o/H]	dN/d[sr/fe]	dN/d[o/fe]	dN/d[o/sr]	
-3.000000e+00	-2.950000e+00	0.000000e+00	0.000000e+00	0.000000e+00	1.726918e-06	1.726918e-06	1.726918e-06	
-2.950000e+00	-2.900000e+00	0.000000e+00	0.000000e+00	0.000000e+00	0.000000e+00	0.000000e+00	0.000000e+00	
-2.900000e+00	-2.850000e+00	0.000000e+00	0.000000e+00	0.000000e+00	0.000000e+00	0.000000e+00	0.000000e+00	
-2.850000e+00	-2.800000e+00	0.000000e+00	0.000000e+00	0.000000e+00	0.000000e+00	0.000000e+00	0.000000e+00	
-2.800000e+00	-2.750000e+00	0.000000e+00	0.000000e+00	0.000000e+00	0.000000e+00	0.000000e+00	0.000000e+00	
-2.750000e+00	-2.700000e+00	0.000000e+00	1.050898e-04	0.000000e+00	0.000000e+00	0.000000e+00	0.000000e+00	
-2.700000e+00	-2.650000e+00	0.000000e+00	0.000000e+00	0.000000e+00	0.000000e+00	0.000000e+00	0.000000e+00	
-2.650000e+00	-2.600000e+00	1.050898e-04	0.000000e+00	0.000000e+00	0.000000e+00	0.000000e+00	0.000000e+00	
-2.600000e+00	-2.550000e+00	0.000000e+00	0.000000e+00	0.000000e+00	0.000000e+00	0.000000e+00	0.000000e+00	
-2.550000e+00	-2.500000e+00	0.000000e+00	0.000000e+00	0.000000e+00	0.000000e+00	0.000000e+00	0.000000e+00	
-2.500000e+00	-2.450000e+00	0.000000e+00	0.000000e+00	0.000000e+00	0.000000e+00	0.000000e+00	0.000000e+00	
-2.450000e+00	-2.400000e+00	0.000000e+00	0.000000e+00	0.000000e+00	0.000000e+00	0.000000e+00	0.000000e+00	
-2.400000e+00	-2.350000e+00	0.000000e+00	0.000000e+00	0.000000e+00	0.000000e+00	0.000000e+00	0.000000e+00	
-2.350000e+00	-2.300000e+00	0.000000e+00	0.000000e+00	0.000000e+00	0.000000e+00	0.000000e+00	0.000000e+00	
-2.300000e+00	-2.250000e+00	0.000000e+00	0.000000e+00	0.000000e+00	0.000000e+00	0.000000e+00	0.000000e+00	
-2.250000e+00	-2.200000e+00	0.000000e+00	0.000000e+00	0.000000e+00	0.000000e+00	0.000000e+00	0.000000e+00	
-2.200000e+00	-2.150000e+00	0.000000e+00	0.000000e+00	1.050898e-04	0.000000e+00	0.000000e+00	0.000000e+00	
-2.150000e+00	-2.100000e+00	0.000000e+00	0.000000e+00	0.000000e+00	0.000000e+00	0.000000e+00	0.000000e+00	
-2.100000e+00	-2.050000e+00	0.000000e+00	0.000000e+00	0.000000e+00	0.000000e+00	0.000000e+00	0.000000e+00	
-2.050000e+00	-2.000000e+00	0.000000e+00	0.000000e+00	0.000000e+00	0.000000e+00	0.000000e+00	0.000000e+00	
-2.000000e+00	-1.950000e+00	0.000000e+00	0.000000e+00	0.000000e+00	0.000000e+00	0.000000e+00	0.000000e+00	
-1.950000e+00	-1.900000e+00	0.000000e+00	8.891208e-04	0.000000e+00	0.000000e+00	0.000000e+00	0.000000e+00	
-1.900000e+00	-1.850000e+00	0.000000e+00	0.000000e+00	0.000000e+00	0.000000e+00	0.000000e+00	0.000000e+00	
-1.850000e+00	-1.800000e+00	8.891208e-04	0.000000e+00	0.000000e+00	0.000000e+00	0.000000e+00	0.000000e+00	
-1.800000e+00	-1.750000e+00	0.000000e+00	0.000000e+00	0.000000e+00	0.000000e+00	0.000000e+00	0.000000e+00	
-1.750000e+00	-1.700000e+00	0.000000e+00	1.864963e-03	0.000000e+00	0.000000e+00	0.000000e+00	0.000000e+00	
-1.700000e+00	-1.650000e+00	0.000000e+00	0.000000e+00	0.000000e+00	0.000000e+00	0.000000e+00	0.000000e+00	
-1.650000e+00	-1.600000e+00	1.864963e-03	2.444037e-03	0.000000e+00	0.000000e+00	0.000000e+00	0.000000e+00	
-1.600000e+00	-1.550000e+00	0.000000e+00	0.000000e+00	0.000000e+00	0.000000e+00	0.000000e+00	0.000000e+00	
-1.550000e+00	-1.500000e+00	2.444037e-03	2.110395e-03	0.000000e+00	0.000000e+00	0.000000e+00	0.000000e+00	
-1.500000e+00	-1.450000e+00	0.000000e+00	2.274589e-03	0.000000e+00	0.000000e+00	0.000000e+00	0.000000e+00	
-1.450000e+00	-1.400000e+00	2.110395e-03	1.275614e-03	0.000000e+00	0.000000e+00	0.000000e+00	0.000000e+00	
-1.400000e+00	-1.350000e+00	2.274589e-03	2.855463e-03	8.891208e-04	0.000000e+00	0.000000e+00	0.000000e+00	
-1.350000e+00	-1.300000e+00	1.275614e-03	3.209920e-03	0.000000e+00	0.000000e+00	0.000000e+00	0.000000e+00	
-1.300000e+00	-1.250000e+00	2.855463e-03	7.093709e-03	0.000000e+00	0.000000e+00	0.000000e+00	0.000000e+00	
-1.250000e+00	-1.200000e+00	3.209920e-03	1.420839e-02	0.000000e+00	0.000000e+00	0.000000e+00	0.000000e+00	
-1.200000e+00	-1.150000e+00	3.552958e-03	2.614745e-02	1.864963e-03	0.000000e+00	0.000000e+00	0.000000e+00	
-1.150000e+00	-1.100000e+00	1.071756e-02	1.851882e-02	0.000000e+00	0.000000e+00	0.000000e+00	0.000000e+00	
-1.100000e+00	-1.050000e+00	1.458556e-02	1.828385e-02	2.444037e-03	0.000000e+00	0.000000e+00	0.000000e+00	
-1.050000e+00	-1.000000e+00	6.910702e-03	3.160758e-01	0.000000e+00	0.000000e+00	0.000000e+00	0.000000e+00	
-1.000000e+00	-9.500000e-01	1.639775e-02	2.777834e-02	2.110395e-03	0.000000e+00	0.000000e+00	0.000000e+00	
-9.500000e-01	-9.000000e-01	1.828385e-02	1.652711e-01	2.274589e-03	0.000000e+00	0.000000e+00	0.000000e+00	
-9.000000e-01	-8.500000e-01	3.392266e-02	2.234562e-01	1.275614e-03	0.000000e+00	0.000000e+00	0.000000e+00	
-8.500000e-01	-8.000000e-01	8.680714e-03	5.167146e-01	2.855463e-03	0.000000e+00	0.000000e+00	0.000000e+00	
-8.000000e-01	-7.500000e-01	3.739537e-02	3.349432e-01	3.209920e-03	0.000000e+00	0.000000e+00	0.000000e+00	
-7.500000e-01	-7.000000e-01	1.302169e-01	6.829056e-01	7.093709e-03	0.000000e+00	0.000000e+00	0.000000e+00	
-7.000000e-01	-6.500000e-01	2.688038e-01	2.600372e-01	2.801222e-02	0.000000e+00	0.000000e+00	0.000000e+00	
-6.500000e-01	-6.000000e-01	1.555788e-01	2.206516e-01	1.234361e-02	0.000000e+00	0.000000e+00	0.000000e+00	
-6.000000e-01	-5.500000e-01	4.201425e-01	3.924996e-01	1.851882e-02	0.000000e+00	0.000000e+00	0.000000e+00	
-5.500000e-01	-5.000000e-01	5.184178e-01	1.977852e+00	3.113344e-01	0.000000e+00	0.000000e+00	0.000000e+00	
-5.000000e-01	-4.500000e-01	7.448152e-01	2.490458e-01	2.302529e-02	0.000000e+00	0.000000e+00	0.000000e+00	
-4.500000e-01	-4.000000e-01	2.322648e-01	2.836535e-01	2.938719e-01	0.000000e+00	0.000000e+00	0.000000e+00	
-4.000000e-01	-3.500000e-01	9.745263e-01	7.449782e-01	2.237236e-01	0.000000e+00	0.000000e+00	0.000000e+00	
-3.500000e-01	-3.000000e-01	9.934686e-01	6.743904e-01	3.102747e-01	4.693655e-01	0.000000e+00	0.000000e+00	
-3.000000e-01	-2.500000e-01	7.259203e-01	1.917440e-01	8.265030e-01	1.629315e+00	0.000000e+00	0.000000e+00	
-2.500000e-01	-2.000000e-01	1.060143e+00	2.040455e-01	1.897643e-01	2.600320e+00	0.000000e+00	0.000000e+00	
-2.000000e-01	-1.500000e-01	7.096440e-01	1.123986e+00	2.106805e+00	1.912245e+00	0.000000e+00	0.000000e+00	
-1.500000e-01	-1.000000e-01	1.140470e+00	3.845746e-01	3.650868e-01	1.124099e+00	0.000000e+00	0.000000e+00	
-1.000000e-01	-5.000000e-02	5.960393e-01	2.383481e-01	9.714069e-01	1.227178e+00	0.000000e+00	1.746626e+00	
-5.000000e-02	0.000000e+00	4.690118e-01	4.357149e-01	2.009743e+00	1.417590e+00	0.000000e+00	2.436931e+00	
0.000000e+00	5.000000e-02	7.115016e-01	4.028551e-01	3.768358e-01	1.391512e+00	9.807250e-01	3.540173e+00	
5.000000e-02	1.000000e-01	6.981266e-01	4.829873e-01	4.937320e-01	3.669649e+00	6.608431e+00	1.241872e+00	
1.000000e-01	1.500000e-01	7.258201e-01	3.522239e-01	6.438012e-01	4.533689e+00	4.570032e+00	1.515371e+00	
1.500000e-01	2.000000e-01	8.923918e-01	5.100808e-01	8.462666e-01	2.503589e-02	4.394546e+00	1.004496e+00	
2.000000e-01	2.500000e-01	1.224283e+00	5.548570e-01	8.093453e-01	0.000000e+00	2.093633e+00	4.710060e-01	
2.500000e-01	3.000000e-01	1.628434e+00	1.162076e+00	1.395868e+00	0.000000e+00	8.112012e-01	1.011883e+00	
3.000000e-01	3.500000e-01	1.987969e+00	7.943274e-01	1.004317e+00	0.000000e+00	3.578606e-01	1.289553e+00	
3.500000e-01	4.000000e-01	1.936129e+00	1.619961e+00	2.191084e+00	0.000000e+00	1.109652e-01	1.878294e+00	
4.000000e-01	4.500000e-01	8.884070e-01	1.003833e+00	3.815962e+00	0.000000e+00	6.519033e-02	6.813239e-01	
4.500000e-01	5.000000e-01	0.000000e+00	2.190636e+00	7.082528e-01	0.000000e+00	7.413606e-03	1.617827e+00	
5.000000e-01	5.500000e-01	0.000000e+00	1.169827e+00	0.000000e+00	0.000000e+00	0.000000e+00	1.550395e+00	
5.500000e-01	6.000000e-01	0.000000e+00	6.386687e-03	0.000000e+00	0.000000e+00	0.000000e+00	1.424614e-02	
6.000000e-01	6.500000e-01	0.000000e+00	0.000000e+00	0.000000e+00	0.000000e+00	0.000000e+00	0.000000e+00	
6.500000e-01	7.000000e-01	0.000000e+00	0.000000e+00	0.000000e+00	0.000000e+00	0.000000e+00	0.000000e+00	
7.000000e-01	7.500000e-01	0.000000e+00	0.000000e+00	0.000000e+00	0.000000e+00	0.000000e+00	0.000000e+00	
7.500000e-01	8.000000e-01	0.000000e+00	0.000000e+00	0.000000e+00	0.000000e+00	0.000000e+00	0.000000e+00	
8.000000e-01	8.500000e-01	0.000000e+00	0.000000e+00	0.000000e+00	0.000000e+00	0.000000e+00	0.000000e+00	
8.500000e-01	9.000000e-01	0.000000e+00	0.000000e+00	0.000000e+00	0.000000e+00	0.000000e+00	0.000000e+00	
9.000000e-01	9.500000e-01	0.000000e+00	0.000000e+00	0.000000e+00	0.000000e+00	0.000000e+00	0.000000e+00	
9.500000e-01	1.000000e+00	0.000000e+00	0.000000e+00	0.000000e+00	0.000000e+00	0.000000e+00	0.000000e+00	
