# bin_edge_left	bin_edge_right	dN/d[fe/H]	dN/d[sr/H]	dN/d[o/H]	dN/d[sr/fe]	dN/d[o/fe]	dN/d[o/sr]	
-3.000000e+00	-2.950000e+00	0.000000e+00	0.000000e+00	0.000000e+00	1.393330e-05	1.393330e-05	1.393330e-05	
-2.950000e+00	-2.900000e+00	0.000000e+00	0.000000e+00	0.000000e+00	0.000000e+00	0.000000e+00	0.000000e+00	
-2.900000e+00	-2.850000e+00	0.000000e+00	0.000000e+00	0.000000e+00	0.000000e+00	0.000000e+00	0.000000e+00	
-2.850000e+00	-2.800000e+00	0.000000e+00	0.000000e+00	0.000000e+00	0.000000e+00	0.000000e+00	0.000000e+00	
-2.800000e+00	-2.750000e+00	0.000000e+00	0.000000e+00	0.000000e+00	0.000000e+00	0.000000e+00	0.000000e+00	
-2.750000e+00	-2.700000e+00	0.000000e+00	8.063211e-05	0.000000e+00	0.000000e+00	0.000000e+00	0.000000e+00	
-2.700000e+00	-2.650000e+00	0.000000e+00	0.000000e+00	0.000000e+00	0.000000e+00	0.000000e+00	0.000000e+00	
-2.650000e+00	-2.600000e+00	8.063211e-05	0.000000e+00	0.000000e+00	0.000000e+00	0.000000e+00	0.000000e+00	
-2.600000e+00	-2.550000e+00	0.000000e+00	0.000000e+00	0.000000e+00	0.000000e+00	0.000000e+00	0.000000e+00	
-2.550000e+00	-2.500000e+00	0.000000e+00	0.000000e+00	0.000000e+00	0.000000e+00	0.000000e+00	0.000000e+00	
-2.500000e+00	-2.450000e+00	0.000000e+00	0.000000e+00	0.000000e+00	0.000000e+00	0.000000e+00	0.000000e+00	
-2.450000e+00	-2.400000e+00	0.000000e+00	0.000000e+00	0.000000e+00	0.000000e+00	0.000000e+00	0.000000e+00	
-2.400000e+00	-2.350000e+00	0.000000e+00	0.000000e+00	0.000000e+00	0.000000e+00	0.000000e+00	0.000000e+00	
-2.350000e+00	-2.300000e+00	0.000000e+00	0.000000e+00	0.000000e+00	0.000000e+00	0.000000e+00	0.000000e+00	
-2.300000e+00	-2.250000e+00	0.000000e+00	0.000000e+00	0.000000e+00	0.000000e+00	0.000000e+00	0.000000e+00	
-2.250000e+00	-2.200000e+00	0.000000e+00	0.000000e+00	0.000000e+00	0.000000e+00	0.000000e+00	0.000000e+00	
-2.200000e+00	-2.150000e+00	0.000000e+00	0.000000e+00	8.063211e-05	0.000000e+00	0.000000e+00	0.000000e+00	
-2.150000e+00	-2.100000e+00	0.000000e+00	0.000000e+00	0.000000e+00	0.000000e+00	0.000000e+00	0.000000e+00	
-2.100000e+00	-2.050000e+00	0.000000e+00	0.000000e+00	0.000000e+00	0.000000e+00	0.000000e+00	0.000000e+00	
-2.050000e+00	-2.000000e+00	0.000000e+00	0.000000e+00	0.000000e+00	0.000000e+00	0.000000e+00	0.000000e+00	
-2.000000e+00	-1.950000e+00	0.000000e+00	0.000000e+00	0.000000e+00	0.000000e+00	0.000000e+00	0.000000e+00	
-1.950000e+00	-1.900000e+00	0.000000e+00	9.645422e-04	0.000000e+00	0.000000e+00	0.000000e+00	0.000000e+00	
-1.900000e+00	-1.850000e+00	0.000000e+00	0.000000e+00	0.000000e+00	0.000000e+00	0.000000e+00	0.000000e+00	
-1.850000e+00	-1.800000e+00	9.645422e-04	0.000000e+00	0.000000e+00	0.000000e+00	0.000000e+00	0.000000e+00	
-1.800000e+00	-1.750000e+00	0.000000e+00	0.000000e+00	0.000000e+00	0.000000e+00	0.000000e+00	0.000000e+00	
-1.750000e+00	-1.700000e+00	0.000000e+00	1.421131e-03	0.000000e+00	0.000000e+00	0.000000e+00	0.000000e+00	
-1.700000e+00	-1.650000e+00	0.000000e+00	0.000000e+00	0.000000e+00	0.000000e+00	0.000000e+00	0.000000e+00	
-1.650000e+00	-1.600000e+00	1.421131e-03	1.852319e-03	0.000000e+00	0.000000e+00	0.000000e+00	0.000000e+00	
-1.600000e+00	-1.550000e+00	0.000000e+00	0.000000e+00	0.000000e+00	0.000000e+00	0.000000e+00	0.000000e+00	
-1.550000e+00	-1.500000e+00	1.852319e-03	2.266361e-03	0.000000e+00	0.000000e+00	0.000000e+00	0.000000e+00	
-1.500000e+00	-1.450000e+00	0.000000e+00	2.664045e-03	0.000000e+00	0.000000e+00	0.000000e+00	0.000000e+00	
-1.450000e+00	-1.400000e+00	2.266361e-03	0.000000e+00	0.000000e+00	0.000000e+00	0.000000e+00	0.000000e+00	
-1.400000e+00	-1.350000e+00	2.664045e-03	4.273374e-03	9.645422e-04	0.000000e+00	0.000000e+00	0.000000e+00	
-1.350000e+00	-1.300000e+00	0.000000e+00	1.100572e-02	0.000000e+00	0.000000e+00	0.000000e+00	0.000000e+00	
-1.300000e+00	-1.250000e+00	4.273374e-03	4.105571e-03	0.000000e+00	0.000000e+00	0.000000e+00	0.000000e+00	
-1.250000e+00	-1.200000e+00	1.100572e-02	6.125004e-03	0.000000e+00	0.000000e+00	0.000000e+00	0.000000e+00	
-1.200000e+00	-1.150000e+00	4.105571e-03	1.020067e-02	1.421131e-03	0.000000e+00	0.000000e+00	0.000000e+00	
-1.150000e+00	-1.100000e+00	6.125004e-03	7.365416e-01	0.000000e+00	0.000000e+00	0.000000e+00	0.000000e+00	
-1.100000e+00	-1.050000e+00	1.020067e-02	1.158736e-02	1.852319e-03	0.000000e+00	0.000000e+00	0.000000e+00	
-1.050000e+00	-1.000000e+00	1.415984e-02	1.228988e+00	0.000000e+00	0.000000e+00	0.000000e+00	0.000000e+00	
-1.000000e+00	-9.500000e-01	6.507220e-01	1.839828e-01	2.266361e-03	0.000000e+00	0.000000e+00	0.000000e+00	
-9.500000e-01	-9.000000e-01	8.114856e-02	2.128675e-01	2.664045e-03	0.000000e+00	0.000000e+00	0.000000e+00	
-9.000000e-01	-8.500000e-01	6.831250e-03	4.735628e-01	0.000000e+00	0.000000e+00	0.000000e+00	0.000000e+00	
-8.500000e-01	-8.000000e-01	2.388738e-02	3.356226e-02	4.273374e-03	0.000000e+00	0.000000e+00	0.000000e+00	
-8.000000e-01	-7.500000e-01	3.444457e-01	6.802708e-01	1.100572e-02	0.000000e+00	0.000000e+00	0.000000e+00	
-7.500000e-01	-7.000000e-01	2.481363e-01	4.296155e-01	4.105571e-03	0.000000e+00	0.000000e+00	0.000000e+00	
-7.000000e-01	-6.500000e-01	6.529785e-01	3.394257e-01	6.125004e-03	0.000000e+00	0.000000e+00	0.000000e+00	
-6.500000e-01	-6.000000e-01	1.132162e-01	5.525785e-01	1.020067e-02	0.000000e+00	0.000000e+00	0.000000e+00	
-6.000000e-01	-5.500000e-01	4.531038e-01	1.214481e+00	7.365416e-01	0.000000e+00	0.000000e+00	0.000000e+00	
-5.500000e-01	-5.000000e-01	3.948896e-01	1.834036e-01	1.402805e+00	0.000000e+00	0.000000e+00	0.000000e+00	
-5.000000e-01	-4.500000e-01	4.895551e-01	1.851318e-01	1.060285e-02	0.000000e+00	0.000000e+00	0.000000e+00	
-4.500000e-01	-4.000000e-01	6.595241e-01	1.478550e-01	1.198202e+00	4.241964e-01	0.000000e+00	0.000000e+00	
-4.000000e-01	-3.500000e-01	7.606104e-01	1.153259e-01	4.494779e-02	9.941517e-01	0.000000e+00	0.000000e+00	
-3.500000e-01	-3.000000e-01	4.023212e-01	2.422806e-01	2.017308e-01	1.708678e+00	0.000000e+00	0.000000e+00	
-3.000000e-01	-2.500000e-01	1.123598e+00	6.774849e-01	7.984211e-02	6.765578e-01	0.000000e+00	0.000000e+00	
-2.500000e-01	-2.000000e-01	1.868302e-01	1.819540e-01	1.228524e+00	2.117604e+00	0.000000e+00	0.000000e+00	
-2.000000e-01	-1.500000e-01	1.305154e-01	2.329583e-01	4.603499e-01	1.737940e+00	0.000000e+00	0.000000e+00	
-1.500000e-01	-1.000000e-01	3.736000e-01	2.426233e-01	5.812337e-01	1.600474e+00	0.000000e+00	0.000000e+00	
-1.000000e-01	-5.000000e-02	6.409463e-01	5.261401e-01	3.844258e-01	1.118192e+00	7.821974e-02	2.240644e+00	
-5.000000e-02	0.000000e+00	2.833298e-01	3.226121e-01	4.724071e-01	1.083991e+00	5.094905e-01	2.616668e+00	
0.000000e+00	5.000000e-02	4.534138e-01	3.563104e-01	7.536222e-01	1.448932e+00	3.676975e+00	3.730470e+00	
5.000000e-02	1.000000e-01	5.448128e-01	4.775014e-01	3.829964e-01	3.600079e+00	9.874167e+00	1.029711e+00	
1.000000e-01	1.500000e-01	7.305028e-01	5.279993e-01	7.662573e-01	3.489191e+00	1.230189e+00	9.772584e-01	
1.500000e-01	2.000000e-01	6.789377e-01	3.073446e-01	9.227987e-01	0.000000e+00	1.220194e+00	6.685206e-01	
2.000000e-01	2.500000e-01	9.762576e-01	5.031113e-01	7.381460e-01	0.000000e+00	5.969915e-01	4.215004e-01	
2.500000e-01	3.000000e-01	2.664579e+00	9.498405e-01	1.270162e+00	0.000000e+00	1.334773e+00	7.092641e-01	
3.000000e-01	3.500000e-01	1.929477e+00	8.341233e-01	1.074141e+00	0.000000e+00	4.051827e-01	1.573583e+00	
3.500000e-01	4.000000e-01	3.528866e+00	2.131285e+00	2.455660e+00	0.000000e+00	8.794042e-01	1.107214e+00	
4.000000e-01	4.500000e-01	4.138452e-01	9.532891e-01	3.523621e+00	0.000000e+00	1.851507e-01	3.807298e-01	
4.500000e-01	5.000000e-01	0.000000e+00	2.037062e+00	1.266022e+00	0.000000e+00	9.249024e-03	1.782979e+00	
5.000000e-01	5.500000e-01	0.000000e+00	1.709091e+00	0.000000e+00	0.000000e+00	0.000000e+00	2.754859e+00	
5.500000e-01	6.000000e-01	0.000000e+00	1.285011e-02	0.000000e+00	0.000000e+00	0.000000e+00	6.584981e-03	
6.000000e-01	6.500000e-01	0.000000e+00	0.000000e+00	0.000000e+00	0.000000e+00	0.000000e+00	0.000000e+00	
6.500000e-01	7.000000e-01	0.000000e+00	0.000000e+00	0.000000e+00	0.000000e+00	0.000000e+00	0.000000e+00	
7.000000e-01	7.500000e-01	0.000000e+00	0.000000e+00	0.000000e+00	0.000000e+00	0.000000e+00	0.000000e+00	
7.500000e-01	8.000000e-01	0.000000e+00	0.000000e+00	0.000000e+00	0.000000e+00	0.000000e+00	0.000000e+00	
8.000000e-01	8.500000e-01	0.000000e+00	0.000000e+00	0.000000e+00	0.000000e+00	0.000000e+00	0.000000e+00	
8.500000e-01	9.000000e-01	0.000000e+00	0.000000e+00	0.000000e+00	0.000000e+00	0.000000e+00	0.000000e+00	
9.000000e-01	9.500000e-01	0.000000e+00	0.000000e+00	0.000000e+00	0.000000e+00	0.000000e+00	0.000000e+00	
9.500000e-01	1.000000e+00	0.000000e+00	0.000000e+00	0.000000e+00	0.000000e+00	0.000000e+00	0.000000e+00	
