# COLUMN NUMBERS: 
#	0: time [Gyr]
#	1: mgas [Msun]			ISM gas mass
#	2: mstar [Msun]			Stellar mass
#	3: sfr [Msun/yr]		Star formation rate
#	4: ifr [Msun/yr]		Infall rate
#	5: ofr [Msun/yr]		Outfow rate
#	6: eta_0			Mass-loading factor
#	7: r_eff			Effective recycilng rate
#	8: z_in(fe)			Inflow fe metallicity
#	9: z_in(sr)			Inflow sr metallicity
#	10: z_in(o)			Inflow o metallicity
#	11: z_out(fe)			Outflow fe metallicity
#	12: z_out(sr)			Outflow sr metallicity
#	13: z_out(o)			Outflow o metallicity
#	14: mass(fe) [Msun]		mass of element fe in ISM
#	15: mass(sr) [Msun]		mass of element sr in ISM
#	16: mass(o) [Msun]		mass of element o in ISM
0.000000e+00	1.000000e-12	7.747465e-30	2.066953e-37	5.340708e+01	4.983200e-37	2.410892e+00	2.503490e-01	0.000000e+00	0.000000e+00	0.000000e+00	6.345360e-294	6.543653e-294	0.000000e+00	0.000000e+00	0.000000e+00	0.000000e+00	
5.000000e-02	2.670354e+09	1.512455e+08	4.035092e+00	5.340708e+01	9.728173e+00	2.410892e+00	2.503490e-01	0.000000e+00	0.000000e+00	0.000000e+00	6.854734e-05	7.654453e-10	8.568417e-04	1.830456e+05	2.044010e+00	2.288071e+06	
1.000000e-01	4.703053e+09	4.087317e+08	6.991081e+00	5.340708e+01	1.685474e+01	2.410892e+00	2.633868e-01	0.000000e+00	0.000000e+00	0.000000e+00	9.807504e-05	1.095171e-09	1.225938e-03	4.612521e+05	5.150649e+00	5.765652e+06	
1.500000e-01	6.273184e+09	7.421194e+08	9.178217e+00	5.340708e+01	2.212769e+01	2.410892e+00	2.735240e-01	0.000000e+00	0.000000e+00	0.000000e+00	1.245607e-04	1.395029e-09	1.556980e-03	7.813923e+05	8.751271e+00	9.767221e+06	
2.000000e-01	7.503765e+09	1.146963e+09	1.081104e+01	5.340708e+01	2.606426e+01	2.410892e+00	2.823855e-01	0.000000e+00	0.000000e+00	0.000000e+00	1.481701e-04	1.668464e-09	1.852023e-03	1.111834e+06	1.251976e+01	1.389715e+07	
2.500000e-01	8.482998e+09	1.617395e+09	1.204080e+01	5.340708e+01	2.902906e+01	2.410892e+00	2.906923e-01	0.000000e+00	0.000000e+00	0.000000e+00	1.692769e-04	1.922258e-09	2.113561e-03	1.435976e+06	1.630651e+01	1.792934e+07	
3.000000e-01	9.274867e+09	2.090465e+09	1.297535e+01	5.340708e+01	3.128216e+01	2.410892e+00	2.971605e-01	0.000000e+00	0.000000e+00	0.000000e+00	1.881313e-04	2.161605e-09	2.344266e-03	1.744893e+06	2.004860e+01	2.174276e+07	
3.500000e-01	9.925133e+09	2.579280e+09	1.369085e+01	5.340708e+01	3.300716e+01	2.410892e+00	3.028073e-01	0.000000e+00	0.000000e+00	0.000000e+00	2.049681e-04	2.391718e-09	2.547066e-03	2.034336e+06	2.373812e+01	2.527997e+07	
4.000000e-01	1.046787e+10	3.077970e+09	1.424304e+01	5.340708e+01	3.433844e+01	2.410892e+00	3.077993e-01	0.000000e+00	0.000000e+00	0.000000e+00	2.200012e-04	2.616341e-09	2.724777e-03	2.302944e+06	2.738753e+01	2.852261e+07	
4.500000e-01	1.092835e+10	3.582678e+09	1.467263e+01	5.340708e+01	3.537414e+01	2.410892e+00	3.122589e-01	0.000000e+00	0.000000e+00	0.000000e+00	2.334342e-04	2.839146e-09	2.880130e-03	2.551050e+06	3.102718e+01	3.147507e+07	
5.000000e-01	1.132545e+10	4.090868e+09	1.500957e+01	5.340708e+01	3.618647e+01	2.410892e+00	3.162783e-01	0.000000e+00	0.000000e+00	0.000000e+00	2.454586e-04	3.064162e-09	3.015715e-03	2.779928e+06	3.470301e+01	3.415432e+07	
5.500000e-01	1.167336e+10	4.600873e+09	1.527605e+01	5.340708e+01	3.682892e+01	2.410892e+00	3.199286e-01	0.000000e+00	0.000000e+00	0.000000e+00	2.562520e-04	3.292547e-09	3.133932e-03	2.991322e+06	3.843508e+01	3.658351e+07	
6.000000e-01	1.198283e+10	4.589252e+09	1.548862e+01	5.340708e+01	3.734139e+01	2.410892e+00	3.104306e-01	0.000000e+00	0.000000e+00	0.000000e+00	2.659771e-04	3.527144e-09	3.236978e-03	3.187158e+06	4.226516e+01	3.878814e+07	
6.500000e-01	1.225209e+10	4.578132e+09	1.564699e+01	5.340708e+01	3.772320e+01	2.410892e+00	3.043880e-01	0.000000e+00	0.000000e+00	0.000000e+00	2.747806e-04	3.722137e-09	3.326881e-03	3.366637e+06	4.560395e+01	4.076124e+07	
7.000000e-01	1.249207e+10	4.566809e+09	1.576687e+01	5.340708e+01	3.801222e+01	2.410892e+00	3.001319e-01	0.000000e+00	0.000000e+00	0.000000e+00	2.823733e-04	3.892578e-09	3.404903e-03	3.527426e+06	4.862636e+01	4.253429e+07	
7.500000e-01	1.271008e+10	4.555467e+09	1.585868e+01	5.340708e+01	3.823358e+01	2.410892e+00	2.969477e-01	0.000000e+00	0.000000e+00	0.000000e+00	2.889357e-04	4.048447e-09	3.472477e-03	3.672395e+06	5.145607e+01	4.413544e+07	
8.000000e-01	1.291128e+10	4.544241e+09	1.592972e+01	5.340708e+01	3.840485e+01	2.410892e+00	2.944641e-01	0.000000e+00	0.000000e+00	0.000000e+00	2.946250e-04	4.188770e-09	3.530969e-03	3.803985e+06	5.408237e+01	4.558931e+07	
8.500000e-01	1.309944e+10	4.533234e+09	1.598524e+01	5.340708e+01	3.853868e+01	2.410892e+00	2.924663e-01	0.000000e+00	0.000000e+00	0.000000e+00	2.995763e-04	4.301948e-09	3.581626e-03	3.924282e+06	5.635311e+01	4.691729e+07	
9.000000e-01	1.327735e+10	4.542284e+09	1.602905e+01	5.340708e+01	3.864432e+01	2.410892e+00	2.909084e-01	0.000000e+00	0.000000e+00	0.000000e+00	3.039054e-04	4.383881e-09	3.625565e-03	4.035059e+06	5.820633e+01	4.813791e+07	
9.500000e-01	1.344719e+10	4.531831e+09	1.606409e+01	5.340708e+01	3.872879e+01	2.410892e+00	2.895208e-01	0.000000e+00	0.000000e+00	0.000000e+00	3.077290e-04	4.430875e-09	3.663737e-03	4.138089e+06	5.958281e+01	4.926696e+07	
1.000000e+00	1.361044e+10	4.521741e+09	1.609235e+01	5.340708e+01	3.879692e+01	2.410892e+00	2.883376e-01	0.000000e+00	0.000000e+00	0.000000e+00	3.111089e-04	4.448980e-09	3.697036e-03	4.234330e+06	6.055259e+01	5.031829e+07	
1.050000e+00	1.376833e+10	4.512022e+09	1.611542e+01	5.340708e+01	3.885255e+01	2.410892e+00	2.873154e-01	0.000000e+00	0.000000e+00	0.000000e+00	3.141157e-04	4.447760e-09	3.726193e-03	4.324850e+06	6.123824e+01	5.130347e+07	
1.100000e+00	1.392180e+10	4.502555e+09	1.613450e+01	5.340708e+01	3.889855e+01	2.410892e+00	2.864221e-01	0.000000e+00	0.000000e+00	0.000000e+00	3.168088e-04	4.433832e-09	3.751835e-03	4.410548e+06	6.172692e+01	5.223230e+07	
1.150000e+00	1.407156e+10	4.487232e+09	1.615050e+01	5.340708e+01	3.893712e+01	2.410892e+00	2.856106e-01	0.000000e+00	0.000000e+00	0.000000e+00	3.192362e-04	4.409813e-09	3.774476e-03	4.492153e+06	6.205297e+01	5.311279e+07	
1.200000e+00	1.421817e+10	4.466876e+09	1.616409e+01	5.340708e+01	3.896988e+01	2.410892e+00	2.848672e-01	0.000000e+00	0.000000e+00	0.000000e+00	3.214328e-04	4.378530e-09	3.794569e-03	4.570188e+06	6.225471e+01	5.395184e+07	
1.250000e+00	1.436206e+10	4.442357e+09	1.617578e+01	5.340708e+01	3.899806e+01	2.410892e+00	2.841821e-01	0.000000e+00	0.000000e+00	0.000000e+00	3.234288e-04	4.341938e-09	3.812494e-03	4.645104e+06	6.235918e+01	5.475527e+07	
1.300000e+00	1.450357e+10	4.414478e+09	1.618597e+01	5.340708e+01	3.902263e+01	2.410892e+00	2.835480e-01	0.000000e+00	0.000000e+00	0.000000e+00	3.252501e-04	4.301441e-09	3.828574e-03	4.717287e+06	6.238624e+01	5.552797e+07	
1.350000e+00	1.464296e+10	4.439003e+09	1.619498e+01	5.340708e+01	3.904434e+01	2.410892e+00	2.831324e-01	0.000000e+00	0.000000e+00	0.000000e+00	3.269194e-04	4.258087e-09	3.843079e-03	4.787070e+06	6.235102e+01	5.627408e+07	
1.400000e+00	1.478062e+10	4.867924e+09	1.620319e+01	5.340708e+01	3.906414e+01	2.410892e+00	2.849707e-01	0.000000e+00	0.000000e+00	0.000000e+00	3.285255e-04	4.218442e-09	3.856274e-03	4.855811e+06	6.235118e+01	5.699812e+07	
1.450000e+00	1.491848e+10	4.859295e+09	1.621272e+01	5.340708e+01	3.908712e+01	2.410892e+00	2.843781e-01	0.000000e+00	0.000000e+00	0.000000e+00	3.304165e-04	4.202437e-09	3.868280e-03	4.929312e+06	6.269396e+01	5.770884e+07	
1.500000e+00	1.505437e+10	4.851101e+09	1.622116e+01	5.340708e+01	3.910746e+01	2.410892e+00	2.838468e-01	0.000000e+00	0.000000e+00	0.000000e+00	3.321749e-04	4.183929e-09	3.879431e-03	5.000683e+06	6.298640e+01	5.840238e+07	
1.550000e+00	1.518851e+10	4.843222e+09	1.622874e+01	5.340708e+01	3.912574e+01	2.410892e+00	2.833645e-01	0.000000e+00	0.000000e+00	0.000000e+00	3.338206e-04	4.164030e-09	3.889825e-03	5.070236e+06	6.324539e+01	5.908063e+07	
1.600000e+00	1.532107e+10	4.835642e+09	1.623564e+01	5.340708e+01	3.914238e+01	2.410892e+00	2.829242e-01	0.000000e+00	0.000000e+00	0.000000e+00	3.353696e-04	4.143592e-09	3.899550e-03	5.138220e+06	6.348425e+01	5.974527e+07	
1.650000e+00	1.545219e+10	4.828342e+09	1.624200e+01	5.340708e+01	3.915772e+01	2.410892e+00	2.825205e-01	0.000000e+00	0.000000e+00	0.000000e+00	3.368353e-04	4.123212e-09	3.908682e-03	5.204845e+06	6.371267e+01	6.039771e+07	
1.700000e+00	1.558200e+10	5.449252e+09	1.624793e+01	5.340708e+01	3.917202e+01	2.410892e+00	3.061633e-01	0.000000e+00	0.000000e+00	0.000000e+00	3.382291e-04	4.103301e-09	3.917290e-03	5.270285e+06	6.393762e+01	6.103920e+07	
1.750000e+00	1.573008e+10	6.059978e+09	1.627370e+01	5.340708e+01	3.923413e+01	2.410892e+00	3.201742e-01	0.000000e+00	0.000000e+00	0.000000e+00	3.397419e-04	4.121553e-09	3.926781e-03	5.344168e+06	6.483235e+01	6.176858e+07	
1.800000e+00	1.588556e+10	6.663730e+09	1.630764e+01	5.340708e+01	3.931597e+01	2.410892e+00	3.301281e-01	0.000000e+00	0.000000e+00	0.000000e+00	3.413310e-04	4.209140e-09	3.937192e-03	5.422234e+06	6.686456e+01	6.254451e+07	
1.850000e+00	1.604392e+10	7.261276e+09	1.634495e+01	5.340708e+01	3.940592e+01	2.410892e+00	3.378018e-01	0.000000e+00	0.000000e+00	0.000000e+00	3.433304e-04	4.400139e-09	3.948448e-03	5.508364e+06	7.059545e+01	6.334856e+07	
1.900000e+00	1.620279e+10	7.807074e+09	1.638316e+01	5.340708e+01	3.949805e+01	2.410892e+00	3.337089e-01	0.000000e+00	0.000000e+00	0.000000e+00	3.456686e-04	4.685189e-09	3.960363e-03	5.600797e+06	7.591315e+01	6.416894e+07	
1.950000e+00	1.635245e+10	8.353238e+09	1.641246e+01	5.340708e+01	3.956867e+01	2.410892e+00	3.344518e-01	0.000000e+00	0.000000e+00	0.000000e+00	3.481421e-04	5.060161e-09	3.971718e-03	5.692975e+06	8.274601e+01	6.494731e+07	
2.000000e+00	1.649820e+10	9.297999e+09	1.643832e+01	5.340708e+01	3.963102e+01	2.410892e+00	3.379449e-01	0.000000e+00	0.000000e+00	0.000000e+00	3.510982e-04	5.508339e-09	3.982692e-03	5.792490e+06	9.087770e+01	6.570727e+07	
2.050000e+00	1.664285e+10	1.007682e+10	1.646357e+01	5.340708e+01	3.969190e+01	2.410892e+00	3.385121e-01	0.000000e+00	0.000000e+00	0.000000e+00	3.545026e-04	5.988273e-09	3.993266e-03	5.899935e+06	9.966194e+01	6.645935e+07	
2.100000e+00	1.678409e+10	1.085832e+10	1.648595e+01	5.340708e+01	3.974584e+01	2.410892e+00	3.394805e-01	0.000000e+00	0.000000e+00	0.000000e+00	3.583441e-04	6.370577e-09	4.003222e-03	6.014479e+06	1.069243e+02	6.719043e+07	
2.150000e+00	1.692269e+10	1.293949e+10	1.650625e+01	5.340708e+01	3.979478e+01	2.410892e+00	3.454676e-01	0.000000e+00	0.000000e+00	0.000000e+00	3.625727e-04	6.676949e-09	4.012644e-03	6.135704e+06	1.129919e+02	6.790471e+07	
2.200000e+00	1.706311e+10	1.370115e+10	1.652882e+01	5.340708e+01	3.984922e+01	2.410892e+00	3.459006e-01	0.000000e+00	0.000000e+00	0.000000e+00	3.683792e-04	6.956231e-09	4.021519e-03	6.285694e+06	1.186949e+02	6.861962e+07	
2.250000e+00	1.720043e+10	1.466706e+10	1.654888e+01	5.340708e+01	3.989757e+01	2.410892e+00	3.497510e-01	0.000000e+00	0.000000e+00	0.000000e+00	3.744222e-04	7.166174e-09	4.030179e-03	6.440220e+06	1.232612e+02	6.932079e+07	
2.300000e+00	1.733786e+10	1.604898e+10	1.656952e+01	5.340708e+01	3.994734e+01	2.410892e+00	3.549125e-01	0.000000e+00	0.000000e+00	0.000000e+00	3.806858e-04	7.434335e-09	4.038939e-03	6.600275e+06	1.288954e+02	7.002654e+07	
2.350000e+00	1.747640e+10	1.844973e+10	1.659169e+01	5.340708e+01	4.000077e+01	2.410892e+00	3.711447e-01	0.000000e+00	0.000000e+00	0.000000e+00	3.874966e-04	7.736167e-09	4.047446e-03	6.772046e+06	1.352004e+02	7.073480e+07	
2.400000e+00	1.762503e+10	2.079072e+10	1.662378e+01	5.340708e+01	4.007814e+01	2.410892e+00	3.842232e-01	0.000000e+00	0.000000e+00	0.000000e+00	3.955046e-04	8.140717e-09	4.056031e-03	6.970781e+06	1.434804e+02	7.148766e+07	
2.450000e+00	1.777965e+10	2.211545e+10	1.666177e+01	5.340708e+01	4.016974e+01	2.410892e+00	3.847247e-01	0.000000e+00	0.000000e+00	0.000000e+00	4.046047e-04	8.619427e-09	4.065013e-03	7.193729e+06	1.532504e+02	7.227450e+07	
2.500000e+00	1.792894e+10	2.310932e+10	1.669499e+01	5.340708e+01	4.024984e+01	2.410892e+00	3.873785e-01	0.000000e+00	0.000000e+00	0.000000e+00	4.139111e-04	9.076439e-09	4.074307e-03	7.420987e+06	1.627309e+02	7.304800e+07	
2.550000e+00	1.807541e+10	2.394843e+10	1.672586e+01	5.340708e+01	4.032426e+01	2.410892e+00	3.868850e-01	0.000000e+00	0.000000e+00	0.000000e+00	4.229404e-04	9.535308e-09	4.083716e-03	7.644823e+06	1.723546e+02	7.381485e+07	
2.600000e+00	1.821681e+10	2.482323e+10	1.675233e+01	5.340708e+01	4.038806e+01	2.410892e+00	3.873215e-01	0.000000e+00	0.000000e+00	0.000000e+00	4.318619e-04	9.952704e-09	4.093275e-03	7.867146e+06	1.813065e+02	7.456642e+07	
2.650000e+00	1.835457e+10	2.567013e+10	1.677578e+01	5.340708e+01	4.044459e+01	2.410892e+00	3.879827e-01	0.000000e+00	0.000000e+00	0.000000e+00	4.406433e-04	1.032921e-08	4.102791e-03	8.087819e+06	1.895883e+02	7.530497e+07	
2.700000e+00	1.848934e+10	2.657710e+10	1.679685e+01	5.340708e+01	4.049539e+01	2.410892e+00	3.893035e-01	0.000000e+00	0.000000e+00	0.000000e+00	4.492745e-04	1.065946e-08	4.112164e-03	8.306790e+06	1.970864e+02	7.603121e+07	
2.750000e+00	1.862204e+10	2.670050e+10	1.681639e+01	5.340708e+01	4.054252e+01	2.410892e+00	3.903631e-01	0.000000e+00	0.000000e+00	0.000000e+00	4.578093e-04	1.094766e-08	4.121352e-03	8.525343e+06	2.038678e+02	7.674797e+07	
2.800000e+00	1.875267e+10	2.751796e+10	1.683445e+01	5.340708e+01	4.058605e+01	2.410892e+00	3.916127e-01	0.000000e+00	0.000000e+00	0.000000e+00	4.651150e-04	1.120235e-08	4.130179e-03	8.722150e+06	2.100739e+02	7.745190e+07	
2.850000e+00	1.888163e+10	2.842648e+10	1.685138e+01	5.340708e+01	4.062687e+01	2.410892e+00	3.939030e-01	0.000000e+00	0.000000e+00	0.000000e+00	4.723924e-04	1.141964e-08	4.138773e-03	8.919538e+06	2.156215e+02	7.814678e+07	
2.900000e+00	1.900996e+10	2.880039e+10	1.686813e+01	5.340708e+01	4.066724e+01	2.410892e+00	3.933876e-01	0.000000e+00	0.000000e+00	0.000000e+00	4.796129e-04	1.162170e-08	4.147101e-03	9.117423e+06	2.209280e+02	7.883622e+07	
2.950000e+00	1.913533e+10	3.024871e+10	1.688262e+01	5.340708e+01	4.070219e+01	2.410892e+00	3.957403e-01	0.000000e+00	0.000000e+00	0.000000e+00	4.865010e-04	1.178466e-08	4.155271e-03	9.309359e+06	2.255034e+02	7.951250e+07	
3.000000e+00	1.926050e+10	3.067922e+10	1.689732e+01	5.340708e+01	4.073763e+01	2.410892e+00	3.950393e-01	0.000000e+00	0.000000e+00	0.000000e+00	4.942413e-04	1.192555e-08	4.163183e-03	9.519336e+06	2.296922e+02	8.018499e+07	
3.050000e+00	1.938286e+10	3.217400e+10	1.690994e+01	5.340708e+01	4.076804e+01	2.410892e+00	3.965255e-01	0.000000e+00	0.000000e+00	0.000000e+00	5.018165e-04	1.203842e-08	4.171006e-03	9.726641e+06	2.333391e+02	8.084604e+07	
3.100000e+00	1.950458e+10	3.261612e+10	1.692237e+01	5.340708e+01	4.079801e+01	2.410892e+00	3.963808e-01	0.000000e+00	0.000000e+00	0.000000e+00	5.105263e-04	1.213300e-08	4.178712e-03	9.957602e+06	2.366490e+02	8.150402e+07	
3.150000e+00	1.962430e+10	3.262322e+10	1.693345e+01	5.340708e+01	4.082473e+01	2.410892e+00	3.947787e-01	0.000000e+00	0.000000e+00	0.000000e+00	5.188212e-04	1.221236e-08	4.186234e-03	1.018150e+07	2.396589e+02	8.215191e+07	
3.200000e+00	1.974099e+10	3.438765e+10	1.694232e+01	5.340708e+01	4.084610e+01	2.410892e+00	3.981054e-01	0.000000e+00	0.000000e+00	0.000000e+00	5.264278e-04	1.226624e-08	4.193570e-03	1.039221e+07	2.421478e+02	8.278523e+07	
3.250000e+00	1.985917e+10	3.537300e+10	1.695284e+01	5.340708e+01	4.087146e+01	2.410892e+00	3.993823e-01	0.000000e+00	0.000000e+00	0.000000e+00	5.351009e-04	1.233497e-08	4.200731e-03	1.062666e+07	2.449622e+02	8.342302e+07	
3.300000e+00	1.997684e+10	3.572743e+10	1.696330e+01	5.340708e+01	4.089668e+01	2.410892e+00	3.987404e-01	0.000000e+00	0.000000e+00	0.000000e+00	5.439472e-04	1.240385e-08	4.207763e-03	1.086634e+07	2.477897e+02	8.405781e+07	
3.350000e+00	2.009239e+10	3.692422e+10	1.697232e+01	5.340708e+01	4.091844e+01	2.410892e+00	4.000337e-01	0.000000e+00	0.000000e+00	0.000000e+00	5.523709e-04	1.245078e-08	4.214589e-03	1.109845e+07	2.501659e+02	8.468118e+07	
3.400000e+00	2.020768e+10	3.771438e+10	1.698149e+01	5.340708e+01	4.094056e+01	2.410892e+00	4.009162e-01	0.000000e+00	0.000000e+00	0.000000e+00	5.613503e-04	1.248980e-08	4.221241e-03	1.134359e+07	2.523899e+02	8.530149e+07	
3.450000e+00	2.032234e+10	3.779575e+10	1.699049e+01	5.340708e+01	4.096225e+01	2.410892e+00	4.008141e-01	0.000000e+00	0.000000e+00	0.000000e+00	5.702409e-04	1.252680e-08	4.227703e-03	1.158863e+07	2.545739e+02	8.591683e+07	
3.500000e+00	2.043556e+10	3.853148e+10	1.699864e+01	5.340708e+01	4.098189e+01	2.410892e+00	4.011887e-01	0.000000e+00	0.000000e+00	0.000000e+00	5.780866e-04	1.256111e-08	4.233916e-03	1.181352e+07	2.566932e+02	8.652244e+07	
3.550000e+00	2.054787e+10	3.949402e+10	1.700639e+01	5.340708e+01	4.100057e+01	2.410892e+00	4.030736e-01	0.000000e+00	0.000000e+00	0.000000e+00	5.860824e-04	1.259029e-08	4.240006e-03	1.204274e+07	2.587037e+02	8.712308e+07	
3.600000e+00	2.066062e+10	4.062734e+10	1.701484e+01	5.340708e+01	4.102095e+01	2.410892e+00	4.137805e-01	0.000000e+00	0.000000e+00	0.000000e+00	5.942095e-04	1.263694e-08	4.245985e-03	1.227673e+07	2.610871e+02	8.772466e+07	
3.650000e+00	2.078120e+10	4.325268e+10	1.703005e+01	5.340708e+01	4.105761e+01	2.410892e+00	4.249941e-01	0.000000e+00	0.000000e+00	0.000000e+00	6.022725e-04	1.277025e-08	4.251996e-03	1.251595e+07	2.653811e+02	8.836158e+07	
3.700000e+00	2.090906e+10	4.511035e+10	1.705144e+01	5.340708e+01	4.110919e+01	2.410892e+00	4.331267e-01	0.000000e+00	0.000000e+00	0.000000e+00	6.120132e-04	1.298802e-08	4.258251e-03	1.279662e+07	2.715673e+02	8.903600e+07	
3.750000e+00	2.104065e+10	4.603514e+10	1.707606e+01	5.340708e+01	4.116855e+01	2.410892e+00	4.388309e-01	0.000000e+00	0.000000e+00	0.000000e+00	6.224324e-04	1.327649e-08	4.264879e-03	1.309638e+07	2.793459e+02	8.973581e+07	
3.800000e+00	2.117345e+10	4.618077e+10	1.710182e+01	5.340708e+01	4.123064e+01	2.410892e+00	4.202048e-01	0.000000e+00	0.000000e+00	0.000000e+00	6.322847e-04	1.362859e-08	4.271876e-03	1.338765e+07	2.885643e+02	9.045034e+07	
3.850000e+00	2.128649e+10	4.547703e+10	1.711183e+01	5.340708e+01	4.125478e+01	2.410892e+00	4.014348e-01	0.000000e+00	0.000000e+00	0.000000e+00	6.417006e-04	1.400170e-08	4.279081e-03	1.365956e+07	2.980471e+02	9.108663e+07	
3.900000e+00	2.138198e+10	4.583804e+10	1.710808e+01	5.340708e+01	4.124574e+01	2.410892e+00	3.897597e-01	0.000000e+00	0.000000e+00	0.000000e+00	6.499107e-04	1.432871e-08	4.286104e-03	1.389638e+07	3.063762e+02	9.164538e+07	
3.950000e+00	2.146804e+10	4.660014e+10	1.709724e+01	5.340708e+01	4.121959e+01	2.410892e+00	3.827521e-01	0.000000e+00	0.000000e+00	0.000000e+00	6.580696e-04	1.457766e-08	4.292606e-03	1.412747e+07	3.129539e+02	9.215386e+07	
4.000000e+00	2.154976e+10	4.651287e+10	1.708340e+01	5.340708e+01	4.118625e+01	2.410892e+00	3.744638e-01	0.000000e+00	0.000000e+00	0.000000e+00	6.664441e-04	1.475475e-08	4.298441e-03	1.436171e+07	3.179614e+02	9.263036e+07	
4.050000e+00	2.162648e+10	4.473991e+10	1.706612e+01	5.340708e+01	4.114458e+01	2.410892e+00	3.651538e-01	0.000000e+00	0.000000e+00	0.000000e+00	6.744534e-04	1.481957e-08	4.303619e-03	1.458605e+07	3.204952e+02	9.307215e+07	
4.100000e+00	2.169789e+10	4.517586e+10	1.704517e+01	5.340708e+01	4.109407e+01	2.410892e+00	3.637809e-01	0.000000e+00	0.000000e+00	0.000000e+00	6.799663e-04	1.476553e-08	4.307824e-03	1.475383e+07	3.203808e+02	9.347069e+07	
4.150000e+00	2.177132e+10	4.424820e+10	1.702633e+01	5.340708e+01	4.104864e+01	2.410892e+00	3.590806e-01	0.000000e+00	0.000000e+00	0.000000e+00	6.855418e-04	1.467687e-08	4.311335e-03	1.492515e+07	3.195349e+02	9.386344e+07	
4.200000e+00	2.184361e+10	4.525268e+10	1.700711e+01	5.340708e+01	4.100231e+01	2.410892e+00	3.596206e-01	0.000000e+00	0.000000e+00	0.000000e+00	6.898072e-04	1.450942e-08	4.314042e-03	1.506788e+07	3.169382e+02	9.423427e+07	
4.250000e+00	2.191930e+10	4.601487e+10	1.699102e+01	5.340708e+01	4.096353e+01	2.410892e+00	3.603364e-01	0.000000e+00	0.000000e+00	0.000000e+00	6.950507e-04	1.432948e-08	4.316171e-03	1.523503e+07	3.140923e+02	9.460746e+07	
4.300000e+00	2.199805e+10	4.586138e+10	1.697777e+01	5.340708e+01	4.093157e+01	2.410892e+00	3.561272e-01	0.000000e+00	0.000000e+00	0.000000e+00	7.006509e-04	1.414737e-08	4.317846e-03	1.541296e+07	3.112146e+02	9.498421e+07	
4.350000e+00	2.207525e+10	4.679511e+10	1.696375e+01	5.340708e+01	4.089778e+01	2.410892e+00	3.530345e-01	0.000000e+00	0.000000e+00	0.000000e+00	7.058363e-04	1.390135e-08	4.319184e-03	1.558151e+07	3.068758e+02	9.534706e+07	
4.400000e+00	2.215197e+10	4.743911e+10	1.694980e+01	5.340708e+01	4.086415e+01	2.410892e+00	3.562459e-01	0.000000e+00	0.000000e+00	0.000000e+00	7.122843e-04	1.359244e-08	4.320375e-03	1.577850e+07	3.010993e+02	9.570482e+07	
4.450000e+00	2.223354e+10	4.810521e+10	1.693998e+01	5.340708e+01	4.084047e+01	2.410892e+00	3.757144e-01	0.000000e+00	0.000000e+00	0.000000e+00	7.186832e-04	1.332770e-08	4.321341e-03	1.597887e+07	2.963218e+02	9.607870e+07	
4.500000e+00	2.233310e+10	4.909297e+10	1.694419e+01	5.340708e+01	4.085062e+01	2.410892e+00	3.867963e-01	0.000000e+00	0.000000e+00	0.000000e+00	7.247229e-04	1.307845e-08	4.322371e-03	1.618531e+07	2.920823e+02	9.653194e+07	
4.550000e+00	2.244141e+10	5.022764e+10	1.695527e+01	5.340708e+01	4.087734e+01	2.410892e+00	4.169588e-01	0.000000e+00	0.000000e+00	0.000000e+00	7.309159e-04	1.287113e-08	4.323882e-03	1.640278e+07	2.888463e+02	9.703400e+07	
4.600000e+00	2.257362e+10	4.961208e+10	1.698454e+01	5.340708e+01	4.094789e+01	2.410892e+00	4.137026e-01	0.000000e+00	0.000000e+00	0.000000e+00	7.367453e-04	1.275768e-08	4.325479e-03	1.663101e+07	2.879869e+02	9.764170e+07	
4.650000e+00	2.269868e+10	5.104202e+10	1.700849e+01	5.340708e+01	4.100565e+01	2.410892e+00	4.263464e-01	0.000000e+00	0.000000e+00	0.000000e+00	7.415801e-04	1.253160e-08	4.327628e-03	1.683289e+07	2.844507e+02	9.823142e+07	
4.700000e+00	2.283090e+10	5.092928e+10	1.703789e+01	5.340708e+01	4.107651e+01	2.410892e+00	4.183585e-01	0.000000e+00	0.000000e+00	0.000000e+00	7.469854e-04	1.241975e-08	4.330279e-03	1.705435e+07	2.835541e+02	9.886416e+07	
4.750000e+00	2.295193e+10	5.029317e+10	1.705900e+01	5.340708e+01	4.112742e+01	2.410892e+00	3.886811e-01	0.000000e+00	0.000000e+00	0.000000e+00	7.517735e-04	1.245125e-08	4.334328e-03	1.725465e+07	2.857802e+02	9.948118e+07	
4.800000e+00	2.304449e+10	5.186678e+10	1.705915e+01	5.340708e+01	4.112777e+01	2.410892e+00	4.218284e-01	0.000000e+00	0.000000e+00	0.000000e+00	7.563802e-04	1.251101e-08	4.338895e-03	1.743039e+07	2.883098e+02	9.998762e+07	
4.850000e+00	2.316530e+10	5.346490e+10	1.708039e+01	5.340708e+01	4.117899e+01	2.410892e+00	4.429989e-01	0.000000e+00	0.000000e+00	0.000000e+00	7.611380e-04	1.262382e-08	4.342872e-03	1.763199e+07	2.924346e+02	1.006039e+08	
4.900000e+00	2.330101e+10	5.479734e+10	1.711269e+01	5.340708e+01	4.125684e+01	2.410892e+00	4.355295e-01	0.000000e+00	0.000000e+00	0.000000e+00	7.658726e-04	1.281706e-08	4.347343e-03	1.784561e+07	2.986506e+02	1.012975e+08	
4.950000e+00	2.342554e+10	5.470413e+10	1.713681e+01	5.340708e+01	4.131500e+01	2.410892e+00	4.287684e-01	0.000000e+00	0.000000e+00	0.000000e+00	7.716523e-04	1.308894e-08	4.352852e-03	1.807637e+07	3.066156e+02	1.019679e+08	
5.000000e+00	2.354069e+10	5.376410e+10	1.715417e+01	5.340708e+01	4.135685e+01	2.410892e+00	4.387742e-01	0.000000e+00	0.000000e+00	0.000000e+00	7.771421e-04	1.334921e-08	4.358777e-03	1.829446e+07	3.142497e+02	1.026086e+08	
5.050000e+00	2.366183e+10	5.274476e+10	1.717600e+01	5.340708e+01	4.140949e+01	2.410892e+00	4.192689e-01	0.000000e+00	0.000000e+00	0.000000e+00	7.810316e-04	1.351457e-08	4.365395e-03	1.848064e+07	3.197795e+02	1.032932e+08	
5.100000e+00	2.376298e+10	5.370448e+10	1.718346e+01	5.340708e+01	4.142747e+01	2.410892e+00	4.197251e-01	0.000000e+00	0.000000e+00	0.000000e+00	7.838658e-04	1.361691e-08	4.371720e-03	1.862699e+07	3.235784e+02	1.038851e+08	
5.150000e+00	2.386341e+10	5.426655e+10	1.719059e+01	5.340708e+01	4.144466e+01	2.410892e+00	3.965282e-01	0.000000e+00	0.000000e+00	0.000000e+00	7.872820e-04	1.381911e-08	4.377723e-03	1.878723e+07	3.297710e+02	1.044674e+08	
5.200000e+00	2.394283e+10	5.394029e+10	1.718284e+01	5.340708e+01	4.142597e+01	2.410892e+00	4.017076e-01	0.000000e+00	0.000000e+00	0.000000e+00	7.914673e-04	1.402333e-08	4.383777e-03	1.894996e+07	3.357581e+02	1.049600e+08	
5.250000e+00	2.402786e+10	5.409638e+10	1.717940e+01	5.340708e+01	4.141769e+01	2.410892e+00	4.012361e-01	0.000000e+00	0.000000e+00	0.000000e+00	7.952058e-04	1.408700e-08	4.389041e-03	1.910709e+07	3.384805e+02	1.054593e+08	
5.300000e+00	2.411301e+10	5.497732e+10	1.717631e+01	5.340708e+01	4.141023e+01	2.410892e+00	4.100150e-01	0.000000e+00	0.000000e+00	0.000000e+00	7.986370e-04	1.406855e-08	4.393940e-03	1.925754e+07	3.392351e+02	1.059511e+08	
5.350000e+00	2.420617e+10	5.571960e+10	1.717916e+01	5.340708e+01	4.141710e+01	2.410892e+00	4.116657e-01	0.000000e+00	0.000000e+00	0.000000e+00	8.019924e-04	1.412714e-08	4.398396e-03	1.941316e+07	3.419638e+02	1.064683e+08	
5.400000e+00	2.430031e+10	5.433277e+10	1.718291e+01	5.340708e+01	4.142616e+01	2.410892e+00	4.022085e-01	0.000000e+00	0.000000e+00	0.000000e+00	8.054359e-04	1.426108e-08	4.402922e-03	1.957234e+07	3.465486e+02	1.069924e+08	
5.450000e+00	2.438577e+10	5.415585e+10	1.718075e+01	5.340708e+01	4.142094e+01	2.410892e+00	4.015645e-01	0.000000e+00	0.000000e+00	0.000000e+00	8.074112e-04	1.422751e-08	4.406879e-03	1.968934e+07	3.469488e+02	1.074651e+08	
5.500000e+00	2.447099e+10	5.423922e+10	1.717867e+01	5.340708e+01	4.141592e+01	2.410892e+00	4.010884e-01	0.000000e+00	0.000000e+00	0.000000e+00	8.088723e-04	1.421475e-08	4.410580e-03	1.979391e+07	3.478490e+02	1.079313e+08	
5.550000e+00	2.455613e+10	5.263235e+10	1.717676e+01	5.340708e+01	4.141131e+01	2.410892e+00	3.925156e-01	0.000000e+00	0.000000e+00	0.000000e+00	8.101532e-04	1.421130e-08	4.414066e-03	1.989422e+07	3.489744e+02	1.083924e+08	
5.600000e+00	2.463418e+10	5.271870e+10	1.717014e+01	5.340708e+01	4.139537e+01	2.410892e+00	3.934768e-01	0.000000e+00	0.000000e+00	0.000000e+00	8.096388e-04	1.414457e-08	4.416950e-03	1.994479e+07	3.484401e+02	1.088080e+08	
5.650000e+00	2.471407e+10	5.244753e+10	1.716506e+01	5.340708e+01	4.138311e+01	2.410892e+00	3.904735e-01	0.000000e+00	0.000000e+00	0.000000e+00	8.091015e-04	1.410401e-08	4.419594e-03	1.999619e+07	3.485675e+02	1.092261e+08	
5.700000e+00	2.479214e+10	5.579436e+10	1.715897e+01	5.340708e+01	4.136843e+01	2.410892e+00	4.294334e-01	0.000000e+00	0.000000e+00	0.000000e+00	8.085039e-04	1.400745e-08	4.422010e-03	2.004454e+07	3.472745e+02	1.096311e+08	
5.750000e+00	2.490455e+10	5.673327e+10	1.717682e+01	5.340708e+01	4.141146e+01	2.410892e+00	4.254680e-01	0.000000e+00	0.000000e+00	0.000000e+00	8.095101e-04	1.417393e-08	4.424790e-03	2.016049e+07	3.529954e+02	1.101974e+08	
5.800000e+00	2.501090e+10	5.837190e+10	1.719058e+01	5.340708e+01	4.144465e+01	2.410892e+00	4.306860e-01	0.000000e+00	0.000000e+00	0.000000e+00	8.113698e-04	1.449365e-08	4.428244e-03	2.029309e+07	3.624993e+02	1.107544e+08	
5.850000e+00	2.511968e+10	5.826283e+10	1.720612e+01	5.340708e+01	4.148210e+01	2.410892e+00	4.152670e-01	0.000000e+00	0.000000e+00	0.000000e+00	8.138669e-04	1.480025e-08	4.431728e-03	2.044408e+07	3.717775e+02	1.113236e+08	
5.900000e+00	2.521288e+10	5.876700e+10	1.721112e+01	5.340708e+01	4.149415e+01	2.410892e+00	4.141579e-01	0.000000e+00	0.000000e+00	0.000000e+00	8.162613e-04	1.502379e-08	4.435414e-03	2.058030e+07	3.787931e+02	1.118296e+08	
5.950000e+00	2.530438e+10	5.927189e+10	1.721512e+01	5.340708e+01	4.150380e+01	2.410892e+00	4.134550e-01	0.000000e+00	0.000000e+00	0.000000e+00	8.185541e-04	1.522667e-08	4.439070e-03	2.071300e+07	3.853013e+02	1.123279e+08	
6.000000e+00	2.539467e+10	5.971405e+10	1.721847e+01	5.340708e+01	4.151189e+01	2.410892e+00	4.272642e-01	0.000000e+00	0.000000e+00	0.000000e+00	8.207429e-04	1.540987e-08	4.442653e-03	2.084249e+07	3.913285e+02	1.128197e+08	
6.050000e+00	2.549634e+10	5.975819e+10	1.722969e+01	5.340708e+01	4.153894e+01	2.410892e+00	4.231618e-01	0.000000e+00	0.000000e+00	0.000000e+00	8.218882e-04	1.562385e-08	4.445719e-03	2.095514e+07	3.983510e+02	1.133496e+08	
6.100000e+00	2.559281e+10	6.090971e+10	1.723752e+01	5.340708e+01	4.155781e+01	2.410892e+00	4.234394e-01	0.000000e+00	0.000000e+00	0.000000e+00	8.229580e-04	1.583762e-08	4.448988e-03	2.106181e+07	4.053292e+02	1.138621e+08	
6.150000e+00	2.568835e+10	6.384612e+10	1.724486e+01	5.340708e+01	4.157551e+01	2.410892e+00	4.563593e-01	0.000000e+00	0.000000e+00	0.000000e+00	8.245547e-04	1.604305e-08	4.452310e-03	2.118145e+07	4.121196e+02	1.143725e+08	
6.200000e+00	2.581118e+10	6.581526e+10	1.727060e+01	5.340708e+01	4.163756e+01	2.410892e+00	4.586687e-01	0.000000e+00	0.000000e+00	0.000000e+00	8.272203e-04	1.636897e-08	4.456281e-03	2.135153e+07	4.225024e+02	1.150219e+08	
6.250000e+00	2.593220e+10	6.518226e+10	1.729515e+01	5.340708e+01	4.169674e+01	2.410892e+00	4.408301e-01	0.000000e+00	0.000000e+00	0.000000e+00	8.305776e-04	1.682046e-08	4.460837e-03	2.153871e+07	4.361917e+02	1.156793e+08	
6.300000e+00	2.603417e+10	6.467653e+10	1.730706e+01	5.340708e+01	4.172545e+01	2.410892e+00	4.334386e-01	0.000000e+00	0.000000e+00	0.000000e+00	8.332952e-04	1.717123e-08	4.465288e-03	2.169415e+07	4.470387e+02	1.162501e+08	
6.350000e+00	2.612798e+10	6.630458e+10	1.731366e+01	5.340708e+01	4.174136e+01	2.410892e+00	4.377044e-01	0.000000e+00	0.000000e+00	0.000000e+00	8.352427e-04	1.739111e-08	4.469511e-03	2.182320e+07	4.543946e+02	1.167793e+08	
6.400000e+00	2.622449e+10	6.788514e+10	1.732218e+01	5.340708e+01	4.176191e+01	2.410892e+00	4.422852e-01	0.000000e+00	0.000000e+00	0.000000e+00	8.377599e-04	1.764873e-08	4.473752e-03	2.196983e+07	4.628290e+02	1.173219e+08	
6.450000e+00	2.632371e+10	6.777148e+10	1.733260e+01	5.340708e+01	4.178704e+01	2.410892e+00	4.159416e-01	0.000000e+00	0.000000e+00	0.000000e+00	8.408252e-04	1.791017e-08	4.478037e-03	2.213364e+07	4.714620e+02	1.178786e+08	
6.500000e+00	2.639855e+10	6.866373e+10	1.732714e+01	5.340708e+01	4.177386e+01	2.410892e+00	4.246475e-01	0.000000e+00	0.000000e+00	0.000000e+00	8.440936e-04	1.807791e-08	4.482332e-03	2.228285e+07	4.772305e+02	1.183270e+08	
6.550000e+00	2.648175e+10	6.954735e+10	1.732734e+01	5.340708e+01	4.177436e+01	2.410892e+00	4.272848e-01	0.000000e+00	0.000000e+00	0.000000e+00	8.476610e-04	1.819829e-08	4.486410e-03	2.244755e+07	4.819225e+02	1.188080e+08	
6.600000e+00	2.656720e+10	7.194425e+10	1.732919e+01	5.340708e+01	4.177880e+01	2.410892e+00	4.450506e-01	0.000000e+00	0.000000e+00	0.000000e+00	8.513383e-04	1.824226e-08	4.490370e-03	2.261768e+07	4.846458e+02	1.192966e+08	
6.650000e+00	2.666778e+10	7.077733e+10	1.734102e+01	5.340708e+01	4.180733e+01	2.410892e+00	4.289335e-01	0.000000e+00	0.000000e+00	0.000000e+00	8.561279e-04	1.833083e-08	4.494829e-03	2.283103e+07	4.888424e+02	1.198671e+08	
6.700000e+00	2.675262e+10	7.275195e+10	1.734274e+01	5.340708e+01	4.181149e+01	2.410892e+00	4.370541e-01	0.000000e+00	0.000000e+00	0.000000e+00	8.595544e-04	1.835485e-08	4.498648e-03	2.299533e+07	4.910404e+02	1.203506e+08	
6.750000e+00	2.684425e+10	7.591306e+10	1.734901e+01	5.340708e+01	4.182659e+01	2.410892e+00	4.535346e-01	0.000000e+00	0.000000e+00	0.000000e+00	8.637272e-04	1.845717e-08	4.502603e-03	2.318611e+07	4.954688e+02	1.208690e+08	
6.800000e+00	2.694924e+10	7.564578e+10	1.736400e+01	5.340708e+01	4.186274e+01	2.410892e+00	4.497087e-01	0.000000e+00	0.000000e+00	0.000000e+00	8.694378e-04	1.863421e-08	4.506268e-03	2.343069e+07	5.021778e+02	1.214405e+08	
6.850000e+00	2.704869e+10	7.678960e+10	1.737551e+01	5.340708e+01	4.189048e+01	2.410892e+00	4.384043e-01	0.000000e+00	0.000000e+00	0.000000e+00	8.740931e-04	1.877574e-08	4.509927e-03	2.364308e+07	5.078593e+02	1.219876e+08	
6.900000e+00	2.713662e+10	7.754484e+10	1.737972e+01	5.340708e+01	4.190064e+01	2.410892e+00	4.421763e-01	0.000000e+00	0.000000e+00	0.000000e+00	8.794248e-04	1.888896e-08	4.513654e-03	2.386462e+07	5.125826e+02	1.224853e+08	
6.950000e+00	2.722720e+10	7.905975e+10	1.738576e+01	5.340708e+01	4.191520e+01	2.410892e+00	4.407404e-01	0.000000e+00	0.000000e+00	0.000000e+00	8.844670e-04	1.896337e-08	4.517190e-03	2.408156e+07	5.163197e+02	1.229904e+08	
7.000000e+00	2.731564e+10	7.911180e+10	1.739055e+01	5.340708e+01	4.192674e+01	2.410892e+00	4.525417e-01	0.000000e+00	0.000000e+00	0.000000e+00	8.899738e-04	1.907970e-08	4.520991e-03	2.431021e+07	5.211741e+02	1.234937e+08	
7.050000e+00	2.741363e+10	7.790596e+10	1.740153e+01	5.340708e+01	4.195320e+01	2.410892e+00	4.330457e-01	0.000000e+00	0.000000e+00	0.000000e+00	8.943212e-04	1.914395e-08	4.524349e-03	2.451659e+07	5.248050e+02	1.240288e+08	
7.100000e+00	2.749303e+10	7.563904e+10	1.740082e+01	5.340708e+01	4.195151e+01	2.410892e+00	4.200984e-01	0.000000e+00	0.000000e+00	0.000000e+00	8.979799e-04	1.922594e-08	4.528033e-03	2.468819e+07	5.285794e+02	1.244893e+08	
7.150000e+00	2.756127e+10	7.541173e+10	1.739323e+01	5.340708e+01	4.193320e+01	2.410892e+00	4.219030e-01	0.000000e+00	0.000000e+00	0.000000e+00	8.999493e-04	1.912656e-08	4.531037e-03	2.480374e+07	5.271523e+02	1.248811e+08	
7.200000e+00	2.763221e+10	7.485991e+10	1.738753e+01	5.340708e+01	4.191946e+01	2.410892e+00	4.331865e-01	0.000000e+00	0.000000e+00	0.000000e+00	9.013897e-04	1.894347e-08	4.533682e-03	2.490739e+07	5.234500e+02	1.252757e+08	
7.250000e+00	2.771382e+10	7.486053e+10	1.738870e+01	5.340708e+01	4.192227e+01	2.410892e+00	4.228347e-01	0.000000e+00	0.000000e+00	0.000000e+00	9.020169e-04	1.874524e-08	4.536391e-03	2.499833e+07	5.195023e+02	1.257207e+08	
7.300000e+00	2.778625e+10	7.416865e+10	1.738426e+01	5.340708e+01	4.191158e+01	2.410892e+00	4.131223e-01	0.000000e+00	0.000000e+00	0.000000e+00	9.028110e-04	1.854812e-08	4.538822e-03	2.508573e+07	5.153826e+02	1.261168e+08	
7.350000e+00	2.785090e+10	7.417477e+10	1.737514e+01	5.340708e+01	4.188958e+01	2.410892e+00	4.166677e-01	0.000000e+00	0.000000e+00	0.000000e+00	9.030497e-04	1.830052e-08	4.540871e-03	2.515075e+07	5.096861e+02	1.264674e+08	
7.400000e+00	2.792000e+10	7.361901e+10	1.736897e+01	5.340708e+01	4.187472e+01	2.410892e+00	4.044989e-01	0.000000e+00	0.000000e+00	0.000000e+00	9.030223e-04	1.812159e-08	4.542655e-03	2.521239e+07	5.059549e+02	1.268309e+08	
7.450000e+00	2.797946e+10	7.330336e+10	1.735700e+01	5.340708e+01	4.184585e+01	2.410892e+00	4.019772e-01	0.000000e+00	0.000000e+00	0.000000e+00	9.027854e-04	1.790333e-08	4.544164e-03	2.525945e+07	5.009256e+02	1.271433e+08	
7.500000e+00	2.803853e+10	7.617143e+10	1.734499e+01	5.340708e+01	4.181689e+01	2.410892e+00	4.207057e-01	0.000000e+00	0.000000e+00	0.000000e+00	9.022200e-04	1.760108e-08	4.545384e-03	2.529692e+07	4.935083e+02	1.274459e+08	
7.550000e+00	2.811564e+10	7.648891e+10	1.734431e+01	5.340708e+01	4.181527e+01	2.410892e+00	4.353898e-01	0.000000e+00	0.000000e+00	0.000000e+00	9.030789e-04	1.745319e-08	4.546505e-03	2.539064e+07	4.907075e+02	1.278279e+08	
7.600000e+00	2.820559e+10	7.615881e+10	1.735167e+01	5.340708e+01	4.183301e+01	2.410892e+00	4.365915e-01	0.000000e+00	0.000000e+00	0.000000e+00	9.033983e-04	1.738267e-08	4.548039e-03	2.548089e+07	4.902885e+02	1.282801e+08	
7.650000e+00	2.829549e+10	7.654477e+10	1.735909e+01	5.340708e+01	4.185089e+01	2.410892e+00	4.308758e-01	0.000000e+00	0.000000e+00	0.000000e+00	9.033139e-04	1.739089e-08	4.549451e-03	2.555971e+07	4.920838e+02	1.287290e+08	
7.700000e+00	2.837933e+10	7.745627e+10	1.736288e+01	5.340708e+01	4.186005e+01	2.410892e+00	4.271876e-01	0.000000e+00	0.000000e+00	0.000000e+00	9.039213e-04	1.736114e-08	4.551180e-03	2.565268e+07	4.926974e+02	1.291594e+08	
7.750000e+00	2.845940e+10	7.805270e+10	1.736449e+01	5.340708e+01	4.186392e+01	2.410892e+00	4.296407e-01	0.000000e+00	0.000000e+00	0.000000e+00	9.049767e-04	1.730220e-08	4.552928e-03	2.575509e+07	4.924101e+02	1.295736e+08	
7.800000e+00	2.854135e+10	7.813377e+10	1.736737e+01	5.340708e+01	4.187086e+01	2.410892e+00	4.240771e-01	0.000000e+00	0.000000e+00	0.000000e+00	9.059044e-04	1.727921e-08	4.554409e-03	2.585574e+07	4.931719e+02	1.299890e+08	
7.850000e+00	2.861805e+10	7.848023e+10	1.736716e+01	5.340708e+01	4.187036e+01	2.410892e+00	4.020822e-01	0.000000e+00	0.000000e+00	0.000000e+00	9.064427e-04	1.722538e-08	4.555697e-03	2.594062e+07	4.929569e+02	1.303752e+08	
7.900000e+00	2.867568e+10	7.933118e+10	1.735554e+01	5.340708e+01	4.184235e+01	2.410892e+00	4.108864e-01	0.000000e+00	0.000000e+00	0.000000e+00	9.074082e-04	1.718344e-08	4.557135e-03	2.602055e+07	4.927470e+02	1.306790e+08	
7.950000e+00	2.874270e+10	8.095802e+10	1.734978e+01	5.340708e+01	4.182845e+01	2.410892e+00	4.210615e-01	0.000000e+00	0.000000e+00	0.000000e+00	9.086691e-04	1.711481e-08	4.558245e-03	2.611760e+07	4.919259e+02	1.310163e+08	
8.000000e+00	2.881941e+10	8.245851e+10	1.735000e+01	5.340708e+01	4.182898e+01	2.410892e+00	4.291892e-01	0.000000e+00	0.000000e+00	0.000000e+00	9.106746e-04	1.704534e-08	4.559744e-03	2.624510e+07	4.912365e+02	1.314091e+08	
8.050000e+00	2.890313e+10	8.552992e+10	1.735455e+01	5.340708e+01	4.183996e+01	2.410892e+00	4.338254e-01	0.000000e+00	0.000000e+00	0.000000e+00	9.130198e-04	1.703031e-08	4.561097e-03	2.638913e+07	4.922293e+02	1.318300e+08	
8.100000e+00	2.899020e+10	8.620717e+10	1.736121e+01	5.340708e+01	4.185600e+01	2.410892e+00	4.321145e-01	0.000000e+00	0.000000e+00	0.000000e+00	9.171546e-04	1.707542e-08	4.562926e-03	2.658850e+07	4.950199e+02	1.322801e+08	
8.150000e+00	2.907480e+10	8.571482e+10	1.736646e+01	5.340708e+01	4.186868e+01	2.410892e+00	4.303397e-01	0.000000e+00	0.000000e+00	0.000000e+00	9.213760e-04	1.709026e-08	4.564877e-03	2.678882e+07	4.968958e+02	1.327229e+08	
8.200000e+00	2.915707e+10	8.274638e+10	1.737043e+01	5.340708e+01	4.187823e+01	2.410892e+00	4.220366e-01	0.000000e+00	0.000000e+00	0.000000e+00	9.244448e-04	1.710285e-08	4.566783e-03	2.695410e+07	4.986691e+02	1.331540e+08	
8.250000e+00	2.923154e+10	8.140089e+10	1.736985e+01	5.340708e+01	4.187684e+01	2.410892e+00	4.206426e-01	0.000000e+00	0.000000e+00	0.000000e+00	9.251005e-04	1.704540e-08	4.568376e-03	2.704211e+07	4.982632e+02	1.335407e+08	
8.300000e+00	2.930488e+10	8.087483e+10	1.736873e+01	5.340708e+01	4.187413e+01	2.410892e+00	4.200295e-01	0.000000e+00	0.000000e+00	0.000000e+00	9.244740e-04	1.698986e-08	4.569635e-03	2.709160e+07	4.978857e+02	1.339126e+08	
8.350000e+00	2.937786e+10	8.021316e+10	1.736751e+01	5.340708e+01	4.187119e+01	2.410892e+00	3.957377e-01	0.000000e+00	0.000000e+00	0.000000e+00	9.230343e-04	1.693653e-08	4.570676e-03	2.711678e+07	4.975591e+02	1.342767e+08	
8.400000e+00	2.942993e+10	8.130264e+10	1.735407e+01	5.340708e+01	4.183880e+01	2.410892e+00	4.053955e-01	0.000000e+00	0.000000e+00	0.000000e+00	9.215326e-04	1.685178e-08	4.571811e-03	2.712064e+07	4.959468e+02	1.345481e+08	
8.450000e+00	2.949240e+10	8.181449e+10	1.734694e+01	5.340708e+01	4.182160e+01	2.410892e+00	4.098608e-01	0.000000e+00	0.000000e+00	0.000000e+00	9.207038e-04	1.675451e-08	4.572757e-03	2.715377e+07	4.941308e+02	1.348616e+08	
8.500000e+00	2.955982e+10	8.303988e+10	1.734285e+01	5.340708e+01	4.181175e+01	2.410892e+00	4.130213e-01	0.000000e+00	0.000000e+00	0.000000e+00	9.198325e-04	1.665017e-08	4.573533e-03	2.719008e+07	4.921761e+02	1.351928e+08	
8.550000e+00	2.963059e+10	8.212162e+10	1.734086e+01	5.340708e+01	4.180695e+01	2.410892e+00	4.017951e-01	0.000000e+00	0.000000e+00	0.000000e+00	9.195427e-04	1.655874e-08	4.574298e-03	2.724660e+07	4.906454e+02	1.355392e+08	
8.600000e+00	2.969193e+10	8.351145e+10	1.733348e+01	5.340708e+01	4.178915e+01	2.410892e+00	4.069973e-01	0.000000e+00	0.000000e+00	0.000000e+00	9.188682e-04	1.636904e-08	4.574925e-03	2.728297e+07	4.860285e+02	1.358383e+08	
8.650000e+00	2.975889e+10	8.416699e+10	1.732951e+01	5.340708e+01	4.177958e+01	2.410892e+00	4.188631e-01	0.000000e+00	0.000000e+00	0.000000e+00	9.191780e-04	1.621068e-08	4.575654e-03	2.735371e+07	4.824119e+02	1.361664e+08	
8.700000e+00	2.983672e+10	8.467809e+10	1.733199e+01	5.340708e+01	4.178556e+01	2.410892e+00	4.244754e-01	0.000000e+00	0.000000e+00	0.000000e+00	9.191170e-04	1.621788e-08	4.576366e-03	2.742344e+07	4.838883e+02	1.365437e+08	
8.750000e+00	2.991905e+10	8.558924e+10	1.733716e+01	5.340708e+01	4.179803e+01	2.410892e+00	4.273561e-01	0.000000e+00	0.000000e+00	0.000000e+00	9.191186e-04	1.627742e-08	4.577097e-03	2.749915e+07	4.870048e+02	1.369424e+08	
8.800000e+00	3.000310e+10	8.474571e+10	1.734341e+01	5.340708e+01	4.181309e+01	2.410892e+00	4.351550e-01	0.000000e+00	0.000000e+00	0.000000e+00	9.195514e-04	1.638778e-08	4.578239e-03	2.758939e+07	4.916841e+02	1.373614e+08	
8.850000e+00	3.009298e+10	8.419358e+10	1.735309e+01	5.340708e+01	4.183644e+01	2.410892e+00	4.329135e-01	0.000000e+00	0.000000e+00	0.000000e+00	9.188480e-04	1.660003e-08	4.579500e-03	2.765088e+07	4.995443e+02	1.378108e+08	
8.900000e+00	3.017948e+10	8.466345e+10	1.736088e+01	5.340708e+01	4.185522e+01	2.410892e+00	4.407331e-01	0.000000e+00	0.000000e+00	0.000000e+00	9.178931e-04	1.678629e-08	4.580865e-03	2.770154e+07	5.066014e+02	1.382481e+08	
8.950000e+00	3.027160e+10	8.580503e+10	1.737197e+01	5.340708e+01	4.188195e+01	2.410892e+00	4.404970e-01	0.000000e+00	0.000000e+00	0.000000e+00	9.167367e-04	1.697134e-08	4.582019e-03	2.775109e+07	5.137496e+02	1.387051e+08	
9.000000e+00	3.036188e+10	8.573808e+10	1.738204e+01	5.340708e+01	4.190623e+01	2.410892e+00	4.392831e-01	0.000000e+00	0.000000e+00	0.000000e+00	9.162960e-04	1.716819e-08	4.583460e-03	2.782047e+07	5.212586e+02	1.391624e+08	
9.050000e+00	3.044960e+10	8.449626e+10	1.739071e+01	5.340708e+01	4.192712e+01	2.410892e+00	4.268316e-01	0.000000e+00	0.000000e+00	0.000000e+00	9.155388e-04	1.735662e-08	4.585110e-03	2.787779e+07	5.285022e+02	1.396148e+08	
9.100000e+00	3.052521e+10	8.382817e+10	1.739253e+01	5.340708e+01	4.193151e+01	2.410892e+00	4.236269e-01	0.000000e+00	0.000000e+00	0.000000e+00	9.138285e-04	1.745087e-08	4.586799e-03	2.789480e+07	5.326914e+02	1.400130e+08	
9.150000e+00	3.059775e+10	8.317671e+10	1.739270e+01	5.340708e+01	4.193192e+01	2.410892e+00	4.198957e-01	0.000000e+00	0.000000e+00	0.000000e+00	9.117607e-04	1.744484e-08	4.588379e-03	2.789783e+07	5.337728e+02	1.403941e+08	
9.200000e+00	3.066703e+10	8.313150e+10	1.739111e+01	5.340708e+01	4.192809e+01	2.410892e+00	4.252738e-01	0.000000e+00	0.000000e+00	0.000000e+00	9.091859e-04	1.745690e-08	4.589696e-03	2.788203e+07	5.353513e+02	1.407523e+08	
9.250000e+00	3.074123e+10	8.219124e+10	1.739240e+01	5.340708e+01	4.193121e+01	2.410892e+00	4.249858e-01	0.000000e+00	0.000000e+00	0.000000e+00	9.061277e-04	1.750895e-08	4.590950e-03	2.785548e+07	5.382467e+02	1.411314e+08	
9.300000e+00	3.081498e+10	8.302518e+10	1.739354e+01	5.340708e+01	4.193394e+01	2.410892e+00	4.287717e-01	0.000000e+00	0.000000e+00	0.000000e+00	9.023437e-04	1.753515e-08	4.591987e-03	2.780570e+07	5.403452e+02	1.415020e+08	
9.350000e+00	3.089185e+10	8.122485e+10	1.739652e+01	5.340708e+01	4.194113e+01	2.410892e+00	4.158638e-01	0.000000e+00	0.000000e+00	0.000000e+00	8.992958e-04	1.755696e-08	4.593016e-03	2.778091e+07	5.423669e+02	1.418867e+08	
9.400000e+00	3.095705e+10	8.122883e+10	1.739302e+01	5.340708e+01	4.193270e+01	2.410892e+00	4.186477e-01	0.000000e+00	0.000000e+00	0.000000e+00	8.950846e-04	1.750271e-08	4.593811e-03	2.770918e+07	5.418322e+02	1.422108e+08	
9.450000e+00	3.102519e+10	8.188353e+10	1.739128e+01	5.340708e+01	4.192850e+01	2.410892e+00	4.321572e-01	0.000000e+00	0.000000e+00	0.000000e+00	8.908361e-04	1.746732e-08	4.594401e-03	2.763836e+07	5.419270e+02	1.425422e+08	
9.500000e+00	3.110535e+10	7.984766e+10	1.739636e+01	5.340708e+01	4.194074e+01	2.410892e+00	4.180653e-01	0.000000e+00	0.000000e+00	0.000000e+00	8.870381e-04	1.755646e-08	4.594993e-03	2.759163e+07	5.460998e+02	1.429289e+08	
9.550000e+00	3.117249e+10	7.960572e+10	1.739424e+01	5.340708e+01	4.193563e+01	2.410892e+00	4.254976e-01	0.000000e+00	0.000000e+00	0.000000e+00	8.827606e-04	1.749790e-08	4.595578e-03	2.751784e+07	5.454530e+02	1.432556e+08	
9.600000e+00	3.124641e+10	8.094900e+10	1.739599e+01	5.340708e+01	4.193987e+01	2.410892e+00	4.344727e-01	0.000000e+00	0.000000e+00	0.000000e+00	8.787830e-04	1.745839e-08	4.596004e-03	2.745881e+07	5.455118e+02	1.436086e+08	
9.650000e+00	3.132787e+10	8.271668e+10	1.740202e+01	5.340708e+01	4.195440e+01	2.410892e+00	4.300034e-01	0.000000e+00	0.000000e+00	0.000000e+00	8.762563e-04	1.747671e-08	4.596628e-03	2.745125e+07	5.475082e+02	1.440026e+08	
9.700000e+00	3.140455e+10	8.076219e+10	1.740546e+01	5.340708e+01	4.196268e+01	2.410892e+00	4.158713e-01	0.000000e+00	0.000000e+00	0.000000e+00	8.754303e-04	1.751788e-08	4.597925e-03	2.749250e+07	5.501413e+02	1.443958e+08	
9.750000e+00	3.146842e+10	8.092633e+10	1.740188e+01	5.340708e+01	4.195406e+01	2.410892e+00	4.143536e-01	0.000000e+00	0.000000e+00	0.000000e+00	8.738513e-04	1.741564e-08	4.599148e-03	2.749872e+07	5.480427e+02	1.447279e+08	
9.800000e+00	3.153150e+10	8.258912e+10	1.739797e+01	5.340708e+01	4.194464e+01	2.410892e+00	4.332515e-01	0.000000e+00	0.000000e+00	0.000000e+00	8.730186e-04	1.737559e-08	4.600652e-03	2.752759e+07	5.478784e+02	1.450655e+08	
9.850000e+00	3.161161e+10	8.237538e+10	1.740354e+01	5.340708e+01	4.195807e+01	2.410892e+00	4.249366e-01	0.000000e+00	0.000000e+00	0.000000e+00	8.732448e-04	1.739173e-08	4.602727e-03	2.760467e+07	5.497807e+02	1.454996e+08	
9.900000e+00	3.168365e+10	8.179985e+10	1.740474e+01	5.340708e+01	4.196096e+01	2.410892e+00	4.440476e-01	0.000000e+00	0.000000e+00	0.000000e+00	8.742581e-04	1.737716e-08	4.604826e-03	2.769969e+07	5.505720e+02	1.458977e+08	
9.950000e+00	3.177215e+10	8.360960e+10	1.741504e+01	5.340708e+01	4.198578e+01	2.410892e+00	4.466765e-01	0.000000e+00	0.000000e+00	0.000000e+00	8.751687e-04	1.732785e-08	4.607201e-03	2.780599e+07	5.505431e+02	1.463807e+08	
1.000000e+01	3.186141e+10	8.384569e+10	1.742579e+01	5.340708e+01	4.201170e+01	2.410892e+00	4.358936e-01	0.000000e+00	0.000000e+00	0.000000e+00	8.771440e-04	1.741730e-08	4.609958e-03	2.794704e+07	5.549398e+02	1.468797e+08	
1.005000e+01	3.193967e+10	8.584509e+10	1.743058e+01	5.340708e+01	4.202325e+01	2.410892e+00	4.363857e-01	0.000000e+00	0.000000e+00	0.000000e+00	8.790446e-04	1.751676e-08	4.612572e-03	2.807640e+07	5.594797e+02	1.473240e+08	
1.010000e+01	3.201766e+10	8.403997e+10	1.743528e+01	5.340708e+01	4.203458e+01	2.410892e+00	4.094829e-01	0.000000e+00	0.000000e+00	0.000000e+00	8.822925e-04	1.762873e-08	4.615233e-03	2.824894e+07	5.644306e+02	1.477689e+08	
1.015000e+01	3.207149e+10	8.381913e+10	1.742691e+01	5.340708e+01	4.201441e+01	2.410892e+00	4.144434e-01	0.000000e+00	0.000000e+00	0.000000e+00	8.845082e-04	1.769240e-08	4.617643e-03	2.836750e+07	5.674216e+02	1.480947e+08	
1.020000e+01	3.213090e+10	8.406046e+10	1.742169e+01	5.340708e+01	4.200182e+01	2.410892e+00	4.095039e-01	0.000000e+00	0.000000e+00	0.000000e+00	8.864509e-04	1.768646e-08	4.619599e-03	2.848247e+07	5.682820e+02	1.484319e+08	
1.025000e+01	3.218679e+10	8.282322e+10	1.741466e+01	5.340708e+01	4.198488e+01	2.410892e+00	4.125024e-01	0.000000e+00	0.000000e+00	0.000000e+00	8.880061e-04	1.751362e-08	4.621171e-03	2.858207e+07	5.637072e+02	1.487407e+08	
1.030000e+01	3.224635e+10	8.434555e+10	1.740973e+01	5.340708e+01	4.197297e+01	2.410892e+00	3.982961e-01	0.000000e+00	0.000000e+00	0.000000e+00	8.882399e-04	1.723130e-08	4.621709e-03	2.864250e+07	5.556465e+02	1.490332e+08	
1.035000e+01	3.229428e+10	8.645343e+10	1.739862e+01	5.340708e+01	4.194621e+01	2.410892e+00	3.926357e-01	0.000000e+00	0.000000e+00	0.000000e+00	8.893641e-04	1.694054e-08	4.622464e-03	2.872137e+07	5.470825e+02	1.492791e+08	
1.040000e+01	3.233896e+10	8.914001e+10	1.738590e+01	5.340708e+01	4.191553e+01	2.410892e+00	4.003645e-01	0.000000e+00	0.000000e+00	0.000000e+00	8.912784e-04	1.667127e-08	4.623326e-03	2.882301e+07	5.391314e+02	1.495135e+08	
1.045000e+01	3.239228e+10	9.049117e+10	1.737794e+01	5.340708e+01	4.189634e+01	2.410892e+00	4.072460e-01	0.000000e+00	0.000000e+00	0.000000e+00	8.934045e-04	1.641331e-08	4.624017e-03	2.893940e+07	5.316644e+02	1.497824e+08	
1.050000e+01	3.245277e+10	9.075502e+10	1.737393e+01	5.340708e+01	4.188668e+01	2.410892e+00	3.993844e-01	0.000000e+00	0.000000e+00	0.000000e+00	8.954960e-04	1.622530e-08	4.624545e-03	2.906133e+07	5.265559e+02	1.500793e+08	
1.055000e+01	3.250704e+10	9.435498e+10	1.736669e+01	5.340708e+01	4.186922e+01	2.410892e+00	4.190981e-01	0.000000e+00	0.000000e+00	0.000000e+00	8.971824e-04	1.607517e-08	4.625384e-03	2.916474e+07	5.225562e+02	1.503575e+08	
1.060000e+01	3.257951e+10	9.514447e+10	1.736926e+01	5.340708e+01	4.187542e+01	2.410892e+00	4.215927e-01	0.000000e+00	0.000000e+00	0.000000e+00	9.001965e-04	1.614869e-08	4.626408e-03	2.932796e+07	5.261166e+02	1.507261e+08	
1.065000e+01	3.265377e+10	9.404551e+10	1.737284e+01	5.340708e+01	4.188406e+01	2.410892e+00	3.961456e-01	0.000000e+00	0.000000e+00	0.000000e+00	9.029369e-04	1.620854e-08	4.627320e-03	2.948429e+07	5.292700e+02	1.510995e+08	
1.070000e+01	3.270539e+10	9.424789e+10	1.736447e+01	5.340708e+01	4.186386e+01	2.410892e+00	4.196207e-01	0.000000e+00	0.000000e+00	0.000000e+00	9.049281e-04	1.618598e-08	4.628270e-03	2.959602e+07	5.293686e+02	1.513694e+08	
1.075000e+01	3.277865e+10	9.318396e+10	1.736766e+01	5.340708e+01	4.187157e+01	2.410892e+00	4.025774e-01	0.000000e+00	0.000000e+00	0.000000e+00	9.064595e-04	1.608868e-08	4.628433e-03	2.971252e+07	5.273652e+02	1.517138e+08	
1.080000e+01	3.283663e+10	9.320299e+10	1.736284e+01	5.340708e+01	4.185995e+01	2.410892e+00	3.887723e-01	0.000000e+00	0.000000e+00	0.000000e+00	9.073741e-04	1.593001e-08	4.628637e-03	2.979511e+07	5.230881e+02	1.519888e+08	
1.085000e+01	3.288336e+10	9.571359e+10	1.735217e+01	5.340708e+01	4.183422e+01	2.410892e+00	4.067443e-01	0.000000e+00	0.000000e+00	0.000000e+00	9.084734e-04	1.582927e-08	4.629053e-03	2.987366e+07	5.205196e+02	1.522188e+08	
1.090000e+01	3.294729e+10	9.649996e+10	1.735068e+01	5.340708e+01	4.183062e+01	2.410892e+00	4.124675e-01	0.000000e+00	0.000000e+00	0.000000e+00	9.107354e-04	1.578746e-08	4.629489e-03	3.000626e+07	5.201540e+02	1.525291e+08	
1.095000e+01	3.301640e+10	9.748501e+10	1.735199e+01	5.340708e+01	4.183377e+01	2.410892e+00	4.293786e-01	0.000000e+00	0.000000e+00	0.000000e+00	9.131620e-04	1.571434e-08	4.629950e-03	3.014933e+07	5.188311e+02	1.528643e+08	
1.100000e+01	3.310000e+10	9.985216e+10	1.736095e+01	5.340708e+01	4.185539e+01	2.410892e+00	4.331699e-01	0.000000e+00	0.000000e+00	0.000000e+00	9.155757e-04	1.579996e-08	4.631207e-03	3.030556e+07	5.229785e+02	1.532930e+08	
1.105000e+01	3.318555e+10	9.880836e+10	1.737098e+01	5.340708e+01	4.187956e+01	2.410892e+00	4.231132e-01	0.000000e+00	0.000000e+00	0.000000e+00	9.190941e-04	1.589598e-08	4.632649e-03	3.050064e+07	5.275166e+02	1.537370e+08	
1.110000e+01	3.326087e+10	9.758869e+10	1.737569e+01	5.340708e+01	4.189091e+01	2.410892e+00	4.223579e-01	0.000000e+00	0.000000e+00	0.000000e+00	9.213158e-04	1.592590e-08	4.633864e-03	3.064376e+07	5.297094e+02	1.541263e+08	
1.115000e+01	3.333483e+10	1.005894e+11	1.737974e+01	5.340708e+01	4.190068e+01	2.410892e+00	4.342729e-01	0.000000e+00	0.000000e+00	0.000000e+00	9.224540e-04	1.594042e-08	4.634849e-03	3.074985e+07	5.313712e+02	1.545019e+08	
1.120000e+01	3.341854e+10	1.016813e+11	1.738892e+01	5.340708e+01	4.192280e+01	2.410892e+00	4.350422e-01	0.000000e+00	0.000000e+00	0.000000e+00	9.252009e-04	1.611413e-08	4.636269e-03	3.091886e+07	5.385107e+02	1.549373e+08	
1.125000e+01	3.350155e+10	1.008432e+11	1.739776e+01	5.340708e+01	4.194413e+01	2.410892e+00	4.005423e-01	0.000000e+00	0.000000e+00	0.000000e+00	9.282493e-04	1.627745e-08	4.637917e-03	3.109780e+07	5.453199e+02	1.553774e+08	
1.130000e+01	3.355324e+10	1.014231e+11	1.739040e+01	5.340708e+01	4.192639e+01	2.410892e+00	4.125074e-01	0.000000e+00	0.000000e+00	0.000000e+00	9.311232e-04	1.629770e-08	4.639682e-03	3.124220e+07	5.468405e+02	1.556764e+08	
1.135000e+01	3.361644e+10	1.018712e+11	1.738910e+01	5.340708e+01	4.192324e+01	2.410892e+00	4.234775e-01	0.000000e+00	0.000000e+00	0.000000e+00	9.336915e-04	1.629582e-08	4.641165e-03	3.138738e+07	5.478074e+02	1.560195e+08	
1.140000e+01	3.368937e+10	1.026343e+11	1.739288e+01	5.340708e+01	4.193237e+01	2.410892e+00	4.395577e-01	0.000000e+00	0.000000e+00	0.000000e+00	9.357528e-04	1.628852e-08	4.642345e-03	3.152492e+07	5.487498e+02	1.563977e+08	
1.145000e+01	3.377572e+10	1.042541e+11	1.740364e+01	5.340708e+01	4.195830e+01	2.410892e+00	4.357179e-01	0.000000e+00	0.000000e+00	0.000000e+00	9.375175e-04	1.632721e-08	4.643915e-03	3.166533e+07	5.514631e+02	1.568516e+08	
1.150000e+01	3.385713e+10	1.074985e+11	1.741188e+01	5.340708e+01	4.197816e+01	2.410892e+00	4.670494e-01	0.000000e+00	0.000000e+00	0.000000e+00	9.402865e-04	1.655651e-08	4.646088e-03	3.183540e+07	5.605559e+02	1.573032e+08	
1.155000e+01	3.396459e+10	1.088769e+11	1.743352e+01	5.340708e+01	4.203033e+01	2.410892e+00	4.476591e-01	0.000000e+00	0.000000e+00	0.000000e+00	9.437530e-04	1.685090e-08	4.647970e-03	3.205418e+07	5.723339e+02	1.578664e+08	
1.160000e+01	3.405197e+10	1.111048e+11	1.744485e+01	5.340708e+01	4.205766e+01	2.410892e+00	4.364464e-01	0.000000e+00	0.000000e+00	0.000000e+00	9.477576e-04	1.713278e-08	4.650473e-03	3.227301e+07	5.834049e+02	1.583578e+08	
1.165000e+01	3.412788e+10	1.111502e+11	1.745034e+01	5.340708e+01	4.207090e+01	2.410892e+00	4.392673e-01	0.000000e+00	0.000000e+00	0.000000e+00	9.521166e-04	1.736610e-08	4.653357e-03	3.249372e+07	5.926683e+02	1.588092e+08	
1.170000e+01	3.420544e+10	1.122960e+11	1.745672e+01	5.340708e+01	4.208627e+01	2.410892e+00	4.458926e-01	0.000000e+00	0.000000e+00	0.000000e+00	9.559253e-04	1.753021e-08	4.656110e-03	3.269785e+07	5.996287e+02	1.592643e+08	
1.175000e+01	3.428784e+10	1.129475e+11	1.746560e+01	5.340708e+01	4.210767e+01	2.410892e+00	4.506497e-01	0.000000e+00	0.000000e+00	0.000000e+00	9.597343e-04	1.774914e-08	4.659089e-03	3.290721e+07	6.085797e+02	1.597501e+08	
1.180000e+01	3.437307e+10	1.137707e+11	1.747595e+01	5.340708e+01	4.213262e+01	2.410892e+00	4.706947e-01	0.000000e+00	0.000000e+00	0.000000e+00	9.632743e-04	1.800004e-08	4.662157e-03	3.311070e+07	6.187165e+02	1.602527e+08	
1.185000e+01	3.447429e+10	1.135548e+11	1.749443e+01	5.340708e+01	4.217719e+01	2.410892e+00	4.633703e-01	0.000000e+00	0.000000e+00	0.000000e+00	9.664784e-04	1.818284e-08	4.665671e-03	3.331866e+07	6.268404e+02	1.608457e+08	
1.190000e+01	3.456638e+10	1.124466e+11	1.750828e+01	5.340708e+01	4.221059e+01	2.410892e+00	4.538405e-01	0.000000e+00	0.000000e+00	0.000000e+00	9.689567e-04	1.841525e-08	4.669113e-03	3.349333e+07	6.365484e+02	1.613943e+08	
1.195000e+01	3.464809e+10	1.116824e+11	1.751690e+01	5.340708e+01	4.223135e+01	2.410892e+00	4.210041e-01	0.000000e+00	0.000000e+00	0.000000e+00	9.719160e-04	1.855267e-08	4.672402e-03	3.367503e+07	6.428147e+02	1.618898e+08	
1.200000e+01	3.469977e+10	1.109731e+11	1.751038e+01	5.340708e+01	4.221565e+01	2.410892e+00	4.153463e-01	0.000000e+00	0.000000e+00	0.000000e+00	9.744875e-04	1.859482e-08	4.675538e-03	3.381449e+07	6.452360e+02	1.622401e+08	
1.205000e+01	3.474746e+10	1.112541e+11	1.750195e+01	5.340708e+01	4.219532e+01	2.410892e+00	4.314332e-01	0.000000e+00	0.000000e+00	0.000000e+00	9.765320e-04	1.847582e-08	4.678113e-03	3.393201e+07	6.419877e+02	1.625525e+08	
1.210000e+01	3.481050e+10	1.111351e+11	1.750132e+01	5.340708e+01	4.219380e+01	2.410892e+00	4.223112e-01	0.000000e+00	0.000000e+00	0.000000e+00	9.783545e-04	1.829490e-08	4.680427e-03	3.405701e+07	6.368544e+02	1.629280e+08	
1.215000e+01	3.486564e+10	1.136875e+11	1.749680e+01	5.340708e+01	4.218289e+01	2.410892e+00	4.386929e-01	0.000000e+00	0.000000e+00	0.000000e+00	9.800335e-04	1.820130e-08	4.682410e-03	3.416950e+07	6.346000e+02	1.632552e+08	
1.220000e+01	3.493580e+10	1.157018e+11	1.749986e+01	5.340708e+01	4.219029e+01	2.410892e+00	4.479421e-01	0.000000e+00	0.000000e+00	0.000000e+00	9.824888e-04	1.819823e-08	4.684269e-03	3.432403e+07	6.357698e+02	1.636487e+08	
1.225000e+01	3.501359e+10	1.152373e+11	1.750680e+01	5.340708e+01	4.220700e+01	2.410892e+00	4.335462e-01	0.000000e+00	0.000000e+00	0.000000e+00	9.852883e-04	1.829003e-08	4.686095e-03	3.449848e+07	6.403995e+02	1.640770e+08	
1.230000e+01	3.507776e+10	1.150216e+11	1.750696e+01	5.340708e+01	4.220740e+01	2.410892e+00	4.221407e-01	0.000000e+00	0.000000e+00	0.000000e+00	9.876295e-04	1.824332e-08	4.687718e-03	3.464383e+07	6.399347e+02	1.644346e+08	
1.235000e+01	3.513191e+10	1.151258e+11	1.750220e+01	5.340708e+01	4.219591e+01	2.410892e+00	4.063270e-01	0.000000e+00	0.000000e+00	0.000000e+00	9.897963e-04	1.812819e-08	4.688855e-03	3.477344e+07	6.368781e+02	1.647285e+08	
1.240000e+01	3.517294e+10	1.175575e+11	1.749098e+01	5.340708e+01	4.216887e+01	2.410892e+00	4.395569e-01	0.000000e+00	0.000000e+00	0.000000e+00	9.913802e-04	1.801755e-08	4.689874e-03	3.486976e+07	6.337301e+02	1.649567e+08	
1.245000e+01	3.524472e+10	1.175838e+11	1.749512e+01	5.340708e+01	4.217885e+01	2.410892e+00	4.455005e-01	0.000000e+00	0.000000e+00	0.000000e+00	9.935028e-04	1.803109e-08	4.691279e-03	3.501573e+07	6.355005e+02	1.653428e+08	
