# COLUMN NUMBERS: 
#	0: time [Gyr]
#	1: mgas [Msun]			ISM gas mass
#	2: mstar [Msun]			Stellar mass
#	3: sfr [Msun/yr]		Star formation rate
#	4: ifr [Msun/yr]		Infall rate
#	5: ofr [Msun/yr]		Outfow rate
#	6: eta_0			Mass-loading factor
#	7: r_eff			Effective recycilng rate
#	8: z_in(fe)			Inflow fe metallicity
#	9: z_in(sr)			Inflow sr metallicity
#	10: z_in(o)			Inflow o metallicity
#	11: z_out(fe)			Outflow fe metallicity
#	12: z_out(sr)			Outflow sr metallicity
#	13: z_out(o)			Outflow o metallicity
#	14: mass(fe) [Msun]		mass of element fe in ISM
#	15: mass(sr) [Msun]		mass of element sr in ISM
#	16: mass(o) [Msun]		mass of element o in ISM
0.000000e+00	1.000000e-12	1.640410e-29	2.256217e-37	4.712389e+01	4.296630e-37	1.904351e+00	2.729379e-01	0.000000e+00	0.000000e+00	0.000000e+00	3.794641e-294	3.679652e-294	3.449673e-295	0.000000e+00	0.000000e+00	0.000000e+00	
1.000000e-01	4.712389e+09	5.177228e+08	7.120751e+00	4.712389e+01	1.356041e+01	1.904351e+00	2.729379e-01	0.000000e+00	0.000000e+00	0.000000e+00	1.096339e-04	1.224245e-09	1.370423e-03	5.166374e+05	5.769117e+00	6.457967e+06	
2.000000e-01	7.551014e+09	1.304334e+09	1.104779e+01	4.712389e+01	2.103888e+01	1.904351e+00	2.879922e-01	0.000000e+00	0.000000e+00	0.000000e+00	1.530790e-04	1.709382e-09	1.913487e-03	1.155902e+06	1.290757e+01	1.444877e+07	
3.000000e-01	9.372904e+09	2.235863e+09	1.330393e+01	4.712389e+01	2.533536e+01	1.904351e+00	2.998097e-01	0.000000e+00	0.000000e+00	0.000000e+00	1.889810e-04	2.139036e-09	2.362198e-03	1.771300e+06	2.004898e+01	2.214066e+07	
4.000000e-01	1.062023e+10	3.307691e+09	1.464967e+01	4.712389e+01	2.789812e+01	1.904351e+00	3.103888e-01	0.000000e+00	0.000000e+00	0.000000e+00	2.332951e-04	2.562794e-09	2.729350e-03	2.477647e+06	2.721745e+01	2.898632e+07	
5.000000e-01	1.153255e+10	4.401749e+09	1.548384e+01	4.712389e+01	2.948667e+01	1.904351e+00	3.188607e-01	0.000000e+00	0.000000e+00	0.000000e+00	2.833852e-04	3.003567e-09	3.026899e-03	3.268154e+06	3.463878e+01	3.490786e+07	
6.000000e-01	1.224160e+10	5.562021e+09	1.601967e+01	4.712389e+01	3.050708e+01	1.904351e+00	3.262362e-01	0.000000e+00	0.000000e+00	0.000000e+00	3.333317e-04	3.488932e-09	3.266790e-03	4.080514e+06	4.271013e+01	3.999075e+07	
7.000000e-01	1.282394e+10	6.655869e+09	1.637729e+01	4.712389e+01	3.118811e+01	1.904351e+00	3.320943e-01	0.000000e+00	0.000000e+00	0.000000e+00	3.808588e-04	4.001496e-09	3.460174e-03	4.884110e+06	5.131493e+01	4.437305e+07	
8.000000e-01	1.332367e+10	7.757531e+09	1.662427e+01	4.712389e+01	3.165846e+01	1.904351e+00	3.373175e-01	0.000000e+00	0.000000e+00	0.000000e+00	4.239657e-04	4.624477e-09	3.617443e-03	5.648777e+06	6.161499e+01	4.819761e+07	
9.000000e-01	1.376855e+10	8.863109e+09	1.680175e+01	4.712389e+01	3.199643e+01	1.904351e+00	3.419865e-01	0.000000e+00	0.000000e+00	0.000000e+00	4.628309e-04	5.371066e-09	3.746307e-03	6.372510e+06	7.395178e+01	5.158121e+07	
1.000000e+00	1.417572e+10	9.805975e+09	1.693439e+01	4.712389e+01	3.224903e+01	1.904351e+00	3.300146e-01	0.000000e+00	0.000000e+00	0.000000e+00	4.977212e-04	6.220135e-09	3.853008e-03	7.055555e+06	8.817486e+01	5.461914e+07	
1.100000e+00	1.452862e+10	1.187113e+10	1.700532e+01	4.712389e+01	3.238409e+01	1.904351e+00	3.391611e-01	0.000000e+00	0.000000e+00	0.000000e+00	5.397220e-04	7.074045e-09	3.941494e-03	7.841417e+06	1.027761e+02	5.726448e+07	
1.200000e+00	1.487882e+10	1.515846e+10	1.707703e+01	4.712389e+01	3.252065e+01	1.904351e+00	3.704458e-01	0.000000e+00	0.000000e+00	0.000000e+00	5.824106e-04	7.938162e-09	4.014748e-03	8.665586e+06	1.181105e+02	5.973474e+07	
1.300000e+00	1.526406e+10	1.838946e+10	1.719168e+01	4.712389e+01	3.273900e+01	1.904351e+00	3.909520e-01	0.000000e+00	0.000000e+00	0.000000e+00	6.238005e-04	8.950312e-09	4.079318e-03	9.521727e+06	1.366181e+02	6.226694e+07	
1.400000e+00	1.565549e+10	2.160721e+10	1.731482e+01	4.712389e+01	3.297349e+01	1.904351e+00	4.067120e-01	0.000000e+00	0.000000e+00	0.000000e+00	6.872829e-04	1.021424e-08	4.143027e-03	1.075975e+07	1.599089e+02	6.486111e+07	
1.500000e+00	1.604326e+10	2.249702e+10	1.743508e+01	4.712389e+01	3.320252e+01	1.904351e+00	3.982370e-01	0.000000e+00	0.000000e+00	0.000000e+00	7.560134e-04	1.176118e-08	4.204806e-03	1.212892e+07	1.886877e+02	6.745880e+07	
1.600000e+00	1.638622e+10	2.357699e+10	1.750848e+01	4.712389e+01	3.334230e+01	1.904351e+00	4.126702e-01	0.000000e+00	0.000000e+00	0.000000e+00	7.890655e-04	1.272662e-08	4.256376e-03	1.292980e+07	2.085412e+02	6.974591e+07	
1.700000e+00	1.673605e+10	2.347498e+10	1.759149e+01	4.712389e+01	3.350037e+01	1.904351e+00	3.923613e-01	0.000000e+00	0.000000e+00	0.000000e+00	8.008398e-04	1.327655e-08	4.299554e-03	1.340290e+07	2.221971e+02	7.195757e+07	
1.800000e+00	1.702948e+10	2.471183e+10	1.761800e+01	4.712389e+01	3.355087e+01	1.904351e+00	4.131458e-01	0.000000e+00	0.000000e+00	0.000000e+00	8.129839e-04	1.365212e-08	4.340411e-03	1.384469e+07	2.324885e+02	7.391494e+07	
1.900000e+00	1.735286e+10	2.577178e+10	1.767846e+01	4.712389e+01	3.366600e+01	1.904351e+00	4.147759e-01	0.000000e+00	0.000000e+00	0.000000e+00	8.200704e-04	1.406406e-08	4.375999e-03	1.423057e+07	2.440517e+02	7.593611e+07	
2.000000e+00	1.766407e+10	2.357395e+10	1.772889e+01	4.712389e+01	3.376203e+01	1.904351e+00	3.848065e-01	0.000000e+00	0.000000e+00	0.000000e+00	8.278239e-04	1.444064e-08	4.409760e-03	1.462274e+07	2.550803e+02	7.789429e+07	
2.100000e+00	1.790958e+10	2.385002e+10	1.771665e+01	4.712389e+01	3.373873e+01	1.904351e+00	3.934509e-01	0.000000e+00	0.000000e+00	0.000000e+00	8.246456e-04	1.443416e-08	4.440306e-03	1.476906e+07	2.585097e+02	7.952403e+07	
2.200000e+00	1.817350e+10	2.371999e+10	1.772628e+01	4.712389e+01	3.375706e+01	1.904351e+00	3.692526e-01	0.000000e+00	0.000000e+00	0.000000e+00	8.388467e-04	1.497963e-08	4.472790e-03	1.524478e+07	2.722323e+02	8.128624e+07	
2.300000e+00	1.839210e+10	2.326522e+10	1.769541e+01	4.712389e+01	3.369828e+01	1.904351e+00	3.679931e-01	0.000000e+00	0.000000e+00	0.000000e+00	8.455464e-04	1.552213e-08	4.500174e-03	1.555137e+07	2.854846e+02	8.276764e+07	
2.400000e+00	1.861630e+10	2.169579e+10	1.767388e+01	4.712389e+01	3.365727e+01	1.904351e+00	3.508227e-01	0.000000e+00	0.000000e+00	0.000000e+00	8.142057e-04	1.528339e-08	4.516055e-03	1.515750e+07	2.845201e+02	8.407222e+07	
2.500000e+00	1.881561e+10	2.440616e+10	1.763260e+01	4.712389e+01	3.357866e+01	1.904351e+00	3.644041e-01	0.000000e+00	0.000000e+00	0.000000e+00	7.676344e-04	1.425620e-08	4.524674e-03	1.444351e+07	2.682392e+02	8.513451e+07	
2.600000e+00	1.904941e+10	2.532275e+10	1.762714e+01	4.712389e+01	3.356827e+01	1.904351e+00	3.599389e-01	0.000000e+00	0.000000e+00	0.000000e+00	7.518072e-04	1.363195e-08	4.535241e-03	1.432149e+07	2.596807e+02	8.639369e+07	
2.700000e+00	1.927673e+10	2.982974e+10	1.761861e+01	4.712389e+01	3.355203e+01	1.904351e+00	3.988983e-01	0.000000e+00	0.000000e+00	0.000000e+00	7.312962e-04	1.310487e-08	4.544124e-03	1.409700e+07	2.526190e+02	8.759586e+07	
2.800000e+00	1.957486e+10	3.132262e+10	1.767683e+01	4.712389e+01	3.366289e+01	1.904351e+00	3.843876e-01	0.000000e+00	0.000000e+00	0.000000e+00	7.377296e-04	1.342644e-08	4.558598e-03	1.444095e+07	2.628207e+02	8.923392e+07	
2.900000e+00	1.983275e+10	3.492950e+10	1.770024e+01	4.712389e+01	3.370747e+01	1.904351e+00	3.929807e-01	0.000000e+00	0.000000e+00	0.000000e+00	7.534518e-04	1.360985e-08	4.574108e-03	1.494302e+07	2.699207e+02	9.071716e+07	
3.000000e+00	2.009996e+10	3.735090e+10	1.773369e+01	4.712389e+01	3.377117e+01	1.904351e+00	3.862909e-01	0.000000e+00	0.000000e+00	0.000000e+00	7.735947e-04	1.391979e-08	4.591550e-03	1.554922e+07	2.797871e+02	9.228996e+07	
3.100000e+00	2.034690e+10	4.028193e+10	1.775097e+01	4.712389e+01	3.380409e+01	1.904351e+00	3.934581e-01	0.000000e+00	0.000000e+00	0.000000e+00	7.769648e-04	1.400047e-08	4.606091e-03	1.580882e+07	2.848661e+02	9.371966e+07	
3.200000e+00	2.060221e+10	3.931509e+10	1.777727e+01	4.712389e+01	3.385417e+01	1.904351e+00	3.870921e-01	0.000000e+00	0.000000e+00	0.000000e+00	7.874574e-04	1.441700e-08	4.622744e-03	1.622336e+07	2.970220e+02	9.523873e+07	
3.300000e+00	2.083959e+10	4.047433e+10	1.778978e+01	4.712389e+01	3.387799e+01	1.904351e+00	3.901329e-01	0.000000e+00	0.000000e+00	0.000000e+00	7.883841e-04	1.457526e-08	4.637670e-03	1.642960e+07	3.037425e+02	9.664716e+07	
3.400000e+00	2.107924e+10	4.276943e+10	1.780593e+01	4.712389e+01	3.390875e+01	1.904351e+00	3.730527e-01	0.000000e+00	0.000000e+00	0.000000e+00	7.922828e-04	1.478760e-08	4.652281e-03	1.670072e+07	3.117115e+02	9.806657e+07	
3.500000e+00	2.128442e+10	4.623389e+10	1.779484e+01	4.712389e+01	3.388762e+01	1.904351e+00	4.000363e-01	0.000000e+00	0.000000e+00	0.000000e+00	8.009901e-04	1.481688e-08	4.665408e-03	1.704861e+07	3.153686e+02	9.930050e+07	
3.600000e+00	2.154042e+10	4.939187e+10	1.782787e+01	4.712389e+01	3.395053e+01	1.904351e+00	4.045445e-01	0.000000e+00	0.000000e+00	0.000000e+00	8.109454e-04	1.502609e-08	4.677643e-03	1.746810e+07	3.236682e+02	1.007584e+08	
3.700000e+00	2.179619e+10	4.993281e+10	1.786182e+01	4.712389e+01	3.401518e+01	1.904351e+00	4.047788e-01	0.000000e+00	0.000000e+00	0.000000e+00	8.229306e-04	1.521695e-08	4.690431e-03	1.793675e+07	3.316716e+02	1.022335e+08	
3.800000e+00	2.204388e+10	4.927557e+10	1.789026e+01	4.712389e+01	3.406935e+01	1.904351e+00	4.145566e-01	0.000000e+00	0.000000e+00	0.000000e+00	8.329616e-04	1.538086e-08	4.703463e-03	1.836171e+07	3.390538e+02	1.036826e+08	
3.900000e+00	2.230197e+10	4.986608e+10	1.792815e+01	4.712389e+01	3.414149e+01	1.904351e+00	4.215589e-01	0.000000e+00	0.000000e+00	0.000000e+00	8.558619e-04	1.584709e-08	4.720507e-03	1.908740e+07	3.534213e+02	1.052766e+08	
4.000000e+00	2.256317e+10	4.743436e+10	1.796940e+01	4.712389e+01	3.422004e+01	1.904351e+00	4.174917e-01	0.000000e+00	0.000000e+00	0.000000e+00	8.831522e-04	1.655595e-08	4.739076e-03	1.992671e+07	3.735546e+02	1.069286e+08	
4.100000e+00	2.280682e+10	5.035309e+10	1.799756e+01	4.712389e+01	3.427368e+01	1.904351e+00	4.213363e-01	0.000000e+00	0.000000e+00	0.000000e+00	9.022830e-04	1.727435e-08	4.758442e-03	2.057820e+07	3.939731e+02	1.085249e+08	
4.200000e+00	2.305039e+10	5.269296e+10	1.802663e+01	4.712389e+01	3.432903e+01	1.904351e+00	4.196495e-01	0.000000e+00	0.000000e+00	0.000000e+00	9.208956e-04	1.798088e-08	4.777015e-03	2.122700e+07	4.144661e+02	1.101120e+08	
4.300000e+00	2.328370e+10	5.562921e+10	1.804865e+01	4.712389e+01	3.437097e+01	1.904351e+00	4.153627e-01	0.000000e+00	0.000000e+00	0.000000e+00	9.329432e-04	1.834454e-08	4.793608e-03	2.172237e+07	4.271288e+02	1.116129e+08	
4.400000e+00	2.350380e+10	5.205887e+10	1.806152e+01	4.712389e+01	3.439548e+01	1.904351e+00	4.050930e-01	0.000000e+00	0.000000e+00	0.000000e+00	9.370753e-04	1.824386e-08	4.807927e-03	2.202483e+07	4.287999e+02	1.130045e+08	
4.500000e+00	2.370215e+10	5.230783e+10	1.805893e+01	4.712389e+01	3.439054e+01	1.904351e+00	4.065149e-01	0.000000e+00	0.000000e+00	0.000000e+00	9.333353e-04	1.796941e-08	4.821233e-03	2.212205e+07	4.259135e+02	1.142736e+08	
4.600000e+00	2.390371e+10	5.076403e+10	1.806009e+01	4.712389e+01	3.439276e+01	1.904351e+00	3.963371e-01	0.000000e+00	0.000000e+00	0.000000e+00	9.319061e-04	1.806275e-08	4.834732e-03	2.227601e+07	4.317669e+02	1.155680e+08	
4.700000e+00	2.408660e+10	5.331118e+10	1.804849e+01	4.712389e+01	3.437067e+01	1.904351e+00	4.027729e-01	0.000000e+00	0.000000e+00	0.000000e+00	9.185569e-04	1.786151e-08	4.844255e-03	2.212492e+07	4.302231e+02	1.166816e+08	
4.800000e+00	2.428402e+10	5.818832e+10	1.804908e+01	4.712389e+01	3.437178e+01	1.904351e+00	4.113623e-01	0.000000e+00	0.000000e+00	0.000000e+00	9.149911e-04	1.780333e-08	4.854073e-03	2.221966e+07	4.323365e+02	1.178764e+08	
4.900000e+00	2.449679e+10	5.940179e+10	1.806214e+01	4.712389e+01	3.439666e+01	1.904351e+00	4.141793e-01	0.000000e+00	0.000000e+00	0.000000e+00	9.195314e-04	1.783444e-08	4.863996e-03	2.252557e+07	4.368867e+02	1.191523e+08	
5.000000e+00	2.471140e+10	6.391012e+10	1.807747e+01	4.712389e+01	3.442585e+01	1.904351e+00	4.377948e-01	0.000000e+00	0.000000e+00	0.000000e+00	9.259777e-04	1.793872e-08	4.874548e-03	2.288221e+07	4.432908e+02	1.204569e+08	
5.100000e+00	2.496488e+10	6.606584e+10	1.812187e+01	4.712389e+01	3.451041e+01	1.904351e+00	4.468888e-01	0.000000e+00	0.000000e+00	0.000000e+00	9.556146e-04	1.891011e-08	4.890954e-03	2.385680e+07	4.720886e+02	1.221021e+08	
5.200000e+00	2.522389e+10	6.408287e+10	1.817064e+01	4.712389e+01	3.460329e+01	1.904351e+00	4.347464e-01	0.000000e+00	0.000000e+00	0.000000e+00	9.876774e-04	2.011050e-08	4.908038e-03	2.491306e+07	5.072650e+02	1.237998e+08	
5.300000e+00	2.544884e+10	6.864719e+10	1.819537e+01	4.712389e+01	3.465038e+01	1.904351e+00	4.443777e-01	0.000000e+00	0.000000e+00	0.000000e+00	1.001983e-03	2.074506e-08	4.923167e-03	2.549930e+07	5.279377e+02	1.252889e+08	
5.400000e+00	2.568522e+10	7.458735e+10	1.822884e+01	4.712389e+01	3.471412e+01	1.904351e+00	4.728539e-01	0.000000e+00	0.000000e+00	0.000000e+00	1.021327e-03	2.159811e-08	4.941521e-03	2.623302e+07	5.547521e+02	1.269240e+08	
5.500000e+00	2.596527e+10	7.770347e+10	1.829357e+01	4.712389e+01	3.483739e+01	1.904351e+00	4.662679e-01	0.000000e+00	0.000000e+00	0.000000e+00	1.067557e-03	2.298478e-08	4.964636e-03	2.771942e+07	5.968061e+02	1.289081e+08	
5.600000e+00	2.621753e+10	8.000898e+10	1.833889e+01	4.712389e+01	3.492369e+01	1.904351e+00	4.658319e-01	0.000000e+00	0.000000e+00	0.000000e+00	1.095549e-03	2.402922e-08	4.984811e-03	2.872260e+07	6.299869e+02	1.306895e+08	
5.700000e+00	2.645795e+10	7.889402e+10	1.837627e+01	4.712389e+01	3.499486e+01	1.904351e+00	4.352362e-01	0.000000e+00	0.000000e+00	0.000000e+00	1.116588e-03	2.487543e-08	5.004179e-03	2.954262e+07	6.581528e+02	1.324003e+08	
5.800000e+00	2.663303e+10	7.807697e+10	1.836896e+01	4.712389e+01	3.498095e+01	1.904351e+00	4.546827e-01	0.000000e+00	0.000000e+00	0.000000e+00	1.126412e-03	2.492012e-08	5.019672e-03	2.999976e+07	6.636981e+02	1.336891e+08	
5.900000e+00	2.684563e+10	7.813823e+10	1.838834e+01	4.712389e+01	3.501785e+01	1.904351e+00	4.562736e-01	0.000000e+00	0.000000e+00	0.000000e+00	1.131465e-03	2.494623e-08	5.033003e-03	3.037488e+07	6.696972e+02	1.351141e+08	
6.000000e+00	2.705641e+10	8.200881e+10	1.840707e+01	4.712389e+01	3.505352e+01	1.904351e+00	4.639476e-01	0.000000e+00	0.000000e+00	0.000000e+00	1.137220e-03	2.500925e-08	5.045741e-03	3.076910e+07	6.766606e+02	1.365197e+08	
6.100000e+00	2.727673e+10	7.928258e+10	1.843283e+01	4.712389e+01	3.510258e+01	1.904351e+00	4.613147e-01	0.000000e+00	0.000000e+00	0.000000e+00	1.147989e-03	2.521893e-08	5.059835e-03	3.131340e+07	6.878900e+02	1.380158e+08	
6.200000e+00	2.748591e+10	8.346882e+10	1.845158e+01	4.712389e+01	3.513830e+01	1.904351e+00	4.956396e-01	0.000000e+00	0.000000e+00	0.000000e+00	1.155647e-03	2.541467e-08	5.072888e-03	3.176400e+07	6.985455e+02	1.394330e+08	
6.300000e+00	2.775385e+10	8.720139e+10	1.851007e+01	4.712389e+01	3.524968e+01	1.904351e+00	5.010279e-01	0.000000e+00	0.000000e+00	0.000000e+00	1.172100e-03	2.617465e-08	5.090722e-03	3.253030e+07	7.264472e+02	1.412871e+08	
6.400000e+00	2.801767e+10	8.600722e+10	1.856586e+01	4.712389e+01	3.535591e+01	1.904351e+00	4.868644e-01	0.000000e+00	0.000000e+00	0.000000e+00	1.214592e-03	2.761905e-08	5.113074e-03	3.403004e+07	7.738215e+02	1.432564e+08	
6.500000e+00	2.824179e+10	8.121931e+10	1.859554e+01	4.712389e+01	3.541245e+01	1.904351e+00	4.504762e-01	0.000000e+00	0.000000e+00	0.000000e+00	1.236660e-03	2.829741e-08	5.131794e-03	3.492547e+07	7.991695e+02	1.449310e+08	
6.600000e+00	2.839106e+10	7.791841e+10	1.857663e+01	4.712389e+01	3.537643e+01	1.904351e+00	4.426768e-01	0.000000e+00	0.000000e+00	0.000000e+00	1.219229e-03	2.790841e-08	5.142071e-03	3.461520e+07	7.923493e+02	1.459889e+08	
6.700000e+00	2.853049e+10	7.528436e+10	1.855227e+01	4.712389e+01	3.533003e+01	1.904351e+00	4.271149e-01	0.000000e+00	0.000000e+00	0.000000e+00	1.201097e-03	2.728608e-08	5.150203e-03	3.426789e+07	7.784851e+02	1.469378e+08	
6.800000e+00	2.864704e+10	7.435280e+10	1.851412e+01	4.712389e+01	3.525739e+01	1.904351e+00	4.258402e-01	0.000000e+00	0.000000e+00	0.000000e+00	1.173306e-03	2.626408e-08	5.155077e-03	3.361175e+07	7.523882e+02	1.476777e+08	
6.900000e+00	2.877069e+10	7.278266e+10	1.848168e+01	4.712389e+01	3.519561e+01	1.904351e+00	4.285173e-01	0.000000e+00	0.000000e+00	0.000000e+00	1.150388e-03	2.538132e-08	5.159135e-03	3.309744e+07	7.302379e+02	1.484319e+08	
7.000000e+00	2.890732e+10	7.175712e+10	1.845859e+01	4.712389e+01	3.515163e+01	1.904351e+00	4.223810e-01	0.000000e+00	0.000000e+00	0.000000e+00	1.135697e-03	2.491609e-08	5.163896e-03	3.282996e+07	7.202574e+02	1.492744e+08	
7.100000e+00	2.903834e+10	7.284179e+10	1.843286e+01	4.712389e+01	3.510263e+01	1.904351e+00	4.272985e-01	0.000000e+00	0.000000e+00	0.000000e+00	1.118528e-03	2.450726e-08	5.167001e-03	3.248021e+07	7.116502e+02	1.500411e+08	
7.200000e+00	2.918481e+10	7.302298e+10	1.841781e+01	4.712389e+01	3.507398e+01	1.904351e+00	4.280679e-01	0.000000e+00	0.000000e+00	0.000000e+00	1.085096e-03	2.376464e-08	5.167166e-03	3.166832e+07	6.935667e+02	1.508028e+08	
7.300000e+00	2.933643e+10	7.526832e+10	1.840679e+01	4.712389e+01	3.505298e+01	1.904351e+00	4.281561e-01	0.000000e+00	0.000000e+00	0.000000e+00	1.082290e-03	2.367473e-08	5.171535e-03	3.175053e+07	6.945321e+02	1.517144e+08	
7.400000e+00	2.949094e+10	7.224968e+10	1.839830e+01	4.712389e+01	3.503682e+01	1.904351e+00	4.303953e-01	0.000000e+00	0.000000e+00	0.000000e+00	1.078038e-03	2.356375e-08	5.174598e-03	3.179236e+07	6.949171e+02	1.526038e+08	
7.500000e+00	2.965167e+10	6.925371e+10	1.839435e+01	4.712389e+01	3.502931e+01	1.904351e+00	4.468770e-01	0.000000e+00	0.000000e+00	0.000000e+00	1.076366e-03	2.369232e-08	5.177579e-03	3.191604e+07	7.025168e+02	1.535239e+08	
7.600000e+00	2.984370e+10	6.469870e+10	1.841033e+01	4.712389e+01	3.505974e+01	1.904351e+00	4.090965e-01	0.000000e+00	0.000000e+00	0.000000e+00	1.069845e-03	2.388265e-08	5.181828e-03	3.192814e+07	7.127465e+02	1.546449e+08	
7.700000e+00	2.996224e+10	6.504178e+10	1.838162e+01	4.712389e+01	3.500507e+01	1.904351e+00	4.147910e-01	0.000000e+00	0.000000e+00	0.000000e+00	1.075200e-03	2.397461e-08	5.186733e-03	3.221540e+07	7.183330e+02	1.554061e+08	
7.800000e+00	3.009841e+10	6.732870e+10	1.836454e+01	4.712389e+01	3.497253e+01	1.904351e+00	4.298499e-01	0.000000e+00	0.000000e+00	0.000000e+00	1.060480e-03	2.383412e-08	5.186464e-03	3.191878e+07	7.173691e+02	1.561043e+08	
7.900000e+00	3.026649e+10	6.930508e+10	1.836754e+01	4.712389e+01	3.497824e+01	1.904351e+00	4.210464e-01	0.000000e+00	0.000000e+00	0.000000e+00	1.063285e-03	2.382892e-08	5.187118e-03	3.218192e+07	7.212180e+02	1.569959e+08	
8.000000e+00	3.041766e+10	7.375256e+10	1.836083e+01	4.712389e+01	3.496546e+01	1.904351e+00	4.208108e-01	0.000000e+00	0.000000e+00	0.000000e+00	1.056898e-03	2.344628e-08	5.186262e-03	3.214837e+07	7.131812e+02	1.577540e+08	
8.100000e+00	3.057007e+10	7.598591e+10	1.835544e+01	4.712389e+01	3.495521e+01	1.904351e+00	4.190078e-01	0.000000e+00	0.000000e+00	0.000000e+00	1.049672e-03	2.300411e-08	5.185413e-03	3.208853e+07	7.032373e+02	1.585184e+08	
8.200000e+00	3.072050e+10	8.067099e+10	1.834945e+01	4.712389e+01	3.494379e+01	1.904351e+00	4.237411e-01	0.000000e+00	0.000000e+00	0.000000e+00	1.041987e-03	2.253207e-08	5.184523e-03	3.201035e+07	6.921965e+02	1.592711e+08	
8.300000e+00	3.088111e+10	8.049079e+10	1.835005e+01	4.712389e+01	3.494494e+01	1.904351e+00	4.205985e-01	0.000000e+00	0.000000e+00	0.000000e+00	1.038494e-03	2.220858e-08	5.184765e-03	3.206983e+07	6.858256e+02	1.601113e+08	
8.400000e+00	3.103580e+10	8.006670e+10	1.834764e+01	4.712389e+01	3.494034e+01	1.904351e+00	4.082853e-01	0.000000e+00	0.000000e+00	0.000000e+00	1.033219e-03	2.183722e-08	5.185248e-03	3.206678e+07	6.777355e+02	1.609283e+08	
8.500000e+00	3.116849e+10	7.822341e+10	1.833279e+01	4.712389e+01	3.491207e+01	1.904351e+00	4.108355e-01	0.000000e+00	0.000000e+00	0.000000e+00	1.016654e-03	2.127662e-08	5.183528e-03	3.168758e+07	6.631602e+02	1.615628e+08	
8.600000e+00	3.130957e+10	7.701135e+10	1.832346e+01	4.712389e+01	3.489430e+01	1.904351e+00	4.096785e-01	0.000000e+00	0.000000e+00	0.000000e+00	1.006787e-03	2.084540e-08	5.183306e-03	3.152207e+07	6.526605e+02	1.622871e+08	
8.700000e+00	3.145086e+10	8.166664e+10	1.831480e+01	4.712389e+01	3.487781e+01	1.904351e+00	4.295423e-01	0.000000e+00	0.000000e+00	0.000000e+00	9.986698e-04	2.047148e-08	5.183569e-03	3.140902e+07	6.438456e+02	1.630277e+08	
8.800000e+00	3.163069e+10	8.031227e+10	1.832900e+01	4.712389e+01	3.490486e+01	1.904351e+00	4.325223e-01	0.000000e+00	0.000000e+00	0.000000e+00	1.006812e-03	2.083337e-08	5.187537e-03	3.184615e+07	6.589738e+02	1.640854e+08	
8.900000e+00	3.181246e+10	8.206875e+10	1.834463e+01	4.712389e+01	3.493462e+01	1.904351e+00	4.156908e-01	0.000000e+00	0.000000e+00	0.000000e+00	9.971665e-04	2.089711e-08	5.188756e-03	3.172232e+07	6.647885e+02	1.650671e+08	
9.000000e+00	3.195949e+10	8.225012e+10	1.834060e+01	4.712389e+01	3.492694e+01	1.904351e+00	4.218564e-01	0.000000e+00	0.000000e+00	0.000000e+00	1.015077e-03	2.123353e-08	5.195941e-03	3.244133e+07	6.786129e+02	1.660596e+08	
9.100000e+00	3.211884e+10	8.071048e+10	1.834406e+01	4.712389e+01	3.493353e+01	1.904351e+00	4.097094e-01	0.000000e+00	0.000000e+00	0.000000e+00	1.013146e-03	2.134562e-08	5.199677e-03	3.254106e+07	6.855965e+02	1.670076e+08	
9.200000e+00	3.225504e+10	7.841931e+10	1.833475e+01	4.712389e+01	3.491580e+01	1.904351e+00	3.987871e-01	0.000000e+00	0.000000e+00	0.000000e+00	1.001270e-03	2.112229e-08	5.202216e-03	3.229601e+07	6.813002e+02	1.677977e+08	
9.300000e+00	3.237354e+10	7.978441e+10	1.831591e+01	4.712389e+01	3.487993e+01	1.904351e+00	4.155245e-01	0.000000e+00	0.000000e+00	0.000000e+00	9.828402e-04	2.057041e-08	5.203076e-03	3.181802e+07	6.659371e+02	1.684420e+08	
9.400000e+00	3.252742e+10	8.103470e+10	1.831758e+01	4.712389e+01	3.488310e+01	1.904351e+00	4.176393e-01	0.000000e+00	0.000000e+00	0.000000e+00	9.829133e-04	2.044437e-08	5.206854e-03	3.197163e+07	6.650026e+02	1.693655e+08	
9.500000e+00	3.268475e+10	8.028549e+10	1.832155e+01	4.712389e+01	3.489067e+01	1.904351e+00	4.282775e-01	0.000000e+00	0.000000e+00	0.000000e+00	9.846200e-04	2.038273e-08	5.210854e-03	3.218206e+07	6.662047e+02	1.703155e+08	
9.600000e+00	3.286059e+10	7.842796e+10	1.833620e+01	4.712389e+01	3.491856e+01	1.904351e+00	4.127243e-01	0.000000e+00	0.000000e+00	0.000000e+00	9.972790e-04	2.068212e-08	5.218081e-03	3.277118e+07	6.796267e+02	1.714692e+08	
9.700000e+00	3.300428e+10	7.994963e+10	1.833323e+01	4.712389e+01	3.491292e+01	1.904351e+00	4.373290e-01	0.000000e+00	0.000000e+00	0.000000e+00	9.951091e-04	2.073038e-08	5.223093e-03	3.284286e+07	6.841912e+02	1.723845e+08	
9.800000e+00	3.319382e+10	7.954453e+10	1.835602e+01	4.712389e+01	3.495631e+01	1.904351e+00	3.977664e-01	0.000000e+00	0.000000e+00	0.000000e+00	9.937488e-04	2.098822e-08	5.229423e-03	3.298632e+07	6.966794e+02	1.735845e+08	
9.900000e+00	3.330512e+10	8.067968e+10	1.833589e+01	4.712389e+01	3.491798e+01	1.904351e+00	4.067235e-01	0.000000e+00	0.000000e+00	0.000000e+00	9.980645e-04	2.105361e-08	5.234288e-03	3.324066e+07	7.011929e+02	1.743286e+08	
1.000000e+01	3.343788e+10	8.203362e+10	1.832807e+01	4.712389e+01	3.490308e+01	1.904351e+00	4.236455e-01	0.000000e+00	0.000000e+00	0.000000e+00	9.885998e-04	2.091836e-08	5.236205e-03	3.305669e+07	6.994658e+02	1.750876e+08	
1.010000e+01	3.360362e+10	8.101512e+10	1.833865e+01	4.712389e+01	3.492324e+01	1.904351e+00	4.112149e-01	0.000000e+00	0.000000e+00	0.000000e+00	9.962774e-04	2.099934e-08	5.240721e-03	3.347853e+07	7.056539e+02	1.761072e+08	
1.020000e+01	3.374393e+10	8.095916e+10	1.833568e+01	4.712389e+01	3.491757e+01	1.904351e+00	4.060418e-01	0.000000e+00	0.000000e+00	0.000000e+00	9.923925e-04	2.077516e-08	5.243504e-03	3.348722e+07	7.010356e+02	1.769364e+08	
1.030000e+01	3.387550e+10	8.289751e+10	1.832834e+01	4.712389e+01	3.490359e+01	1.904351e+00	4.128817e-01	0.000000e+00	0.000000e+00	0.000000e+00	9.848147e-04	2.045268e-08	5.245303e-03	3.336109e+07	6.928446e+02	1.776873e+08	
1.040000e+01	3.402144e+10	8.439031e+10	1.832914e+01	4.712389e+01	3.490511e+01	1.904351e+00	4.019326e-01	0.000000e+00	0.000000e+00	0.000000e+00	9.833501e-04	2.029082e-08	5.247421e-03	3.345499e+07	6.903229e+02	1.785248e+08	
1.050000e+01	3.414711e+10	8.469737e+10	1.831938e+01	4.712389e+01	3.488654e+01	1.904351e+00	4.112817e-01	0.000000e+00	0.000000e+00	0.000000e+00	9.902667e-04	2.034961e-08	5.251303e-03	3.381475e+07	6.948804e+02	1.793168e+08	
1.060000e+01	3.429235e+10	8.905977e+10	1.832048e+01	4.712389e+01	3.488864e+01	1.904351e+00	4.242070e-01	0.000000e+00	0.000000e+00	0.000000e+00	9.840921e-04	2.026203e-08	5.252793e-03	3.374683e+07	6.948328e+02	1.801306e+08	
1.070000e+01	3.446100e+10	8.873432e+10	1.833435e+01	4.712389e+01	3.491504e+01	1.904351e+00	4.016218e-01	0.000000e+00	0.000000e+00	0.000000e+00	9.886277e-04	2.032355e-08	5.256013e-03	3.406910e+07	7.003699e+02	1.811274e+08	
1.080000e+01	3.458480e+10	8.826845e+10	1.832465e+01	4.712389e+01	3.489656e+01	1.904351e+00	4.255465e-01	0.000000e+00	0.000000e+00	0.000000e+00	9.936742e-04	2.020553e-08	5.259597e-03	3.436602e+07	6.988040e+02	1.819021e+08	
1.090000e+01	3.475486e+10	9.090871e+10	1.833975e+01	4.712389e+01	3.492532e+01	1.904351e+00	4.525929e-01	0.000000e+00	0.000000e+00	0.000000e+00	9.991938e-04	2.038880e-08	5.263789e-03	3.472684e+07	7.086101e+02	1.829423e+08	
1.100000e+01	3.497079e+10	8.805146e+10	1.837913e+01	4.712389e+01	3.500031e+01	1.904351e+00	4.099559e-01	0.000000e+00	0.000000e+00	0.000000e+00	1.007470e-03	2.066822e-08	5.268035e-03	3.523203e+07	7.227840e+02	1.842274e+08	
1.110000e+01	3.509870e+10	8.786115e+10	1.837242e+01	4.712389e+01	3.498753e+01	1.904351e+00	3.940653e-01	0.000000e+00	0.000000e+00	0.000000e+00	1.019346e-03	2.067949e-08	5.273736e-03	3.577771e+07	7.258232e+02	1.851013e+08	
1.120000e+01	3.519909e+10	8.775180e+10	1.835170e+01	4.712389e+01	3.494809e+01	1.904351e+00	4.040869e-01	0.000000e+00	0.000000e+00	0.000000e+00	1.014816e-03	2.050757e-08	5.276240e-03	3.572058e+07	7.218477e+02	1.857188e+08	
1.130000e+01	3.532306e+10	8.758348e+10	1.834369e+01	4.712389e+01	3.493283e+01	1.904351e+00	3.792870e-01	0.000000e+00	0.000000e+00	0.000000e+00	1.000664e-03	2.019975e-08	5.276374e-03	3.534653e+07	7.135170e+02	1.863777e+08	
1.140000e+01	3.540355e+10	8.853573e+10	1.831353e+01	4.712389e+01	3.487540e+01	1.904351e+00	3.934733e-01	0.000000e+00	0.000000e+00	0.000000e+00	9.868696e-04	1.975665e-08	5.276390e-03	3.493869e+07	6.994554e+02	1.868030e+08	
1.150000e+01	3.551764e+10	8.545440e+10	1.830120e+01	4.712389e+01	3.485191e+01	1.904351e+00	4.049522e-01	0.000000e+00	0.000000e+00	0.000000e+00	9.685884e-04	1.918011e-08	5.274976e-03	3.440197e+07	6.812321e+02	1.873547e+08	
1.160000e+01	3.565583e+10	8.923334e+10	1.830160e+01	4.712389e+01	3.485268e+01	1.904351e+00	4.461014e-01	0.000000e+00	0.000000e+00	0.000000e+00	9.449882e-04	1.855483e-08	5.273825e-03	3.369433e+07	6.615879e+02	1.880426e+08	
1.170000e+01	3.586922e+10	8.844524e+10	1.834073e+01	4.712389e+01	3.492719e+01	1.904351e+00	4.185616e-01	0.000000e+00	0.000000e+00	0.000000e+00	9.594188e-04	1.891754e-08	5.280796e-03	3.441361e+07	6.785576e+02	1.894181e+08	
1.180000e+01	3.602249e+10	8.762305e+10	1.834920e+01	4.712389e+01	3.494332e+01	1.904351e+00	4.290444e-01	0.000000e+00	0.000000e+00	0.000000e+00	9.679053e-04	1.921972e-08	5.286648e-03	3.486636e+07	6.923421e+02	1.904383e+08	
1.190000e+01	3.619289e+10	8.983053e+10	1.836656e+01	4.712389e+01	3.497638e+01	1.904351e+00	4.301552e-01	0.000000e+00	0.000000e+00	0.000000e+00	9.843518e-04	1.990851e-08	5.294425e-03	3.562654e+07	7.205464e+02	1.916206e+08	
1.200000e+01	3.636104e+10	9.280299e+10	1.838290e+01	4.712389e+01	3.500751e+01	1.904351e+00	4.289799e-01	0.000000e+00	0.000000e+00	0.000000e+00	9.970810e-04	2.060941e-08	5.301196e-03	3.625490e+07	7.493794e+02	1.927570e+08	
1.210000e+01	3.652297e+10	9.522758e+10	1.839626e+01	4.712389e+01	3.503294e+01	1.904351e+00	4.370943e-01	0.000000e+00	0.000000e+00	0.000000e+00	1.006281e-03	2.111376e-08	5.307334e-03	3.675239e+07	7.711372e+02	1.938396e+08	
1.220000e+01	3.669653e+10	9.453501e+10	1.841560e+01	4.712389e+01	3.506977e+01	1.904351e+00	4.018262e-01	0.000000e+00	0.000000e+00	0.000000e+00	1.019422e-03	2.179524e-08	5.314994e-03	3.740926e+07	7.998097e+02	1.950418e+08	
1.230000e+01	3.680037e+10	9.881785e+10	1.840019e+01	4.712389e+01	3.504042e+01	1.904351e+00	4.024536e-01	0.000000e+00	0.000000e+00	0.000000e+00	1.022064e-03	2.171415e-08	5.320111e-03	3.761233e+07	7.990887e+02	1.957821e+08	
1.240000e+01	3.690922e+10	9.682638e+10	1.838763e+01	4.712389e+01	3.501650e+01	1.904351e+00	4.072696e-01	0.000000e+00	0.000000e+00	0.000000e+00	1.021739e-03	2.170090e-08	5.324741e-03	3.771160e+07	8.009632e+02	1.965321e+08	
1.250000e+01	3.703007e+10	9.790495e+10	1.838135e+01	4.712389e+01	3.500455e+01	1.904351e+00	4.132282e-01	0.000000e+00	0.000000e+00	0.000000e+00	1.008996e-03	2.130436e-08	5.325462e-03	3.736321e+07	7.889021e+02	1.972022e+08	
