# bin_edge_left	bin_edge_right	dN/d[fe/H]	dN/d[o/H]	dN/d[mg/H]	dN/d[o/fe]	dN/d[mg/fe]	dN/d[mg/o]	
-3.000000e+00	-2.950000e+00	1.207066e-05	0.000000e+00	2.416045e-05	0.000000e+00	0.000000e+00	0.000000e+00	
-2.950000e+00	-2.900000e+00	0.000000e+00	0.000000e+00	0.000000e+00	0.000000e+00	0.000000e+00	0.000000e+00	
-2.900000e+00	-2.850000e+00	0.000000e+00	0.000000e+00	3.627027e-05	0.000000e+00	0.000000e+00	0.000000e+00	
-2.850000e+00	-2.800000e+00	0.000000e+00	0.000000e+00	0.000000e+00	0.000000e+00	0.000000e+00	0.000000e+00	
-2.800000e+00	-2.750000e+00	2.416044e-05	0.000000e+00	4.840022e-05	0.000000e+00	0.000000e+00	0.000000e+00	
-2.750000e+00	-2.700000e+00	0.000000e+00	0.000000e+00	0.000000e+00	0.000000e+00	0.000000e+00	0.000000e+00	
-2.700000e+00	-2.650000e+00	3.627025e-05	0.000000e+00	6.055029e-05	0.000000e+00	0.000000e+00	0.000000e+00	
-2.650000e+00	-2.600000e+00	0.000000e+00	0.000000e+00	7.272038e-05	0.000000e+00	0.000000e+00	0.000000e+00	
-2.600000e+00	-2.550000e+00	4.840019e-05	1.207066e-05	8.491037e-05	0.000000e+00	0.000000e+00	0.000000e+00	
-2.550000e+00	-2.500000e+00	0.000000e+00	0.000000e+00	9.712013e-05	0.000000e+00	0.000000e+00	0.000000e+00	
-2.500000e+00	-2.450000e+00	6.055025e-05	0.000000e+00	1.093495e-04	0.000000e+00	0.000000e+00	0.000000e+00	
-2.450000e+00	-2.400000e+00	7.272033e-05	2.416044e-05	1.215983e-04	0.000000e+00	0.000000e+00	0.000000e+00	
-2.400000e+00	-2.350000e+00	8.491032e-05	0.000000e+00	1.338663e-04	0.000000e+00	0.000000e+00	0.000000e+00	
-2.350000e+00	-2.300000e+00	9.712007e-05	0.000000e+00	3.046130e-04	0.000000e+00	0.000000e+00	0.000000e+00	
-2.300000e+00	-2.250000e+00	1.093494e-04	3.627025e-05	3.539116e-04	0.000000e+00	0.000000e+00	0.000000e+00	
-2.250000e+00	-2.200000e+00	1.215982e-04	0.000000e+00	4.033575e-04	0.000000e+00	0.000000e+00	0.000000e+00	
-2.200000e+00	-2.150000e+00	2.800196e-04	4.840019e-05	4.529475e-04	0.000000e+00	0.000000e+00	0.000000e+00	
-2.150000e+00	-2.100000e+00	1.584594e-04	6.055025e-05	7.727098e-04	0.000000e+00	0.000000e+00	0.000000e+00	
-2.100000e+00	-2.050000e+00	3.539114e-04	0.000000e+00	8.850654e-04	0.000000e+00	0.000000e+00	0.000000e+00	
-2.050000e+00	-2.000000e+00	4.033573e-04	7.272033e-05	9.978665e-04	0.000000e+00	0.000000e+00	0.000000e+00	
-2.000000e+00	-1.950000e+00	4.529472e-04	8.491032e-05	1.506696e-03	0.000000e+00	0.000000e+00	0.000000e+00	
-1.950000e+00	-1.900000e+00	5.026781e-04	9.712007e-05	1.708965e-03	0.000000e+00	0.000000e+00	0.000000e+00	
-1.900000e+00	-1.850000e+00	8.475627e-04	1.093494e-04	2.422043e-03	0.000000e+00	0.000000e+00	0.000000e+00	
-1.850000e+00	-1.800000e+00	9.602171e-04	2.554645e-04	2.741210e-03	0.000000e+00	0.000000e+00	0.000000e+00	
-1.800000e+00	-1.750000e+00	1.073306e-03	1.461534e-04	3.712947e-03	0.000000e+00	0.000000e+00	0.000000e+00	
-1.750000e+00	-1.700000e+00	1.186813e-03	3.292435e-04	4.918792e-03	0.000000e+00	0.000000e+00	0.000000e+00	
-1.700000e+00	-1.650000e+00	1.759676e-03	3.786161e-04	6.399846e-03	0.000000e+00	0.000000e+00	0.000000e+00	
-1.650000e+00	-1.600000e+00	1.963087e-03	4.281344e-04	8.197659e-03	0.000000e+00	0.000000e+00	0.000000e+00	
-1.600000e+00	-1.550000e+00	2.741208e-03	7.353593e-04	1.146168e-02	0.000000e+00	0.000000e+00	0.000000e+00	
-1.550000e+00	-1.500000e+00	3.061940e-03	5.525466e-04	1.305539e-02	0.000000e+00	0.000000e+00	0.000000e+00	
-1.500000e+00	-1.450000e+00	4.099723e-03	1.255233e-03	1.892923e-02	0.000000e+00	0.000000e+00	0.000000e+00	
-1.450000e+00	-1.400000e+00	5.372395e-03	1.073306e-03	2.316249e-02	0.000000e+00	0.000000e+00	0.000000e+00	
-1.400000e+00	-1.350000e+00	6.010164e-03	1.607711e-03	3.172987e-02	0.000000e+00	0.000000e+00	0.000000e+00	
-1.350000e+00	-1.300000e+00	7.653263e-03	2.294841e-03	4.242887e-02	0.000000e+00	0.000000e+00	0.000000e+00	
-1.300000e+00	-1.250000e+00	9.614316e-03	2.613347e-03	5.557775e-02	0.000000e+00	0.000000e+00	0.000000e+00	
-1.250000e+00	-1.200000e+00	1.193448e-02	3.558708e-03	7.145588e-02	0.000000e+00	0.000000e+00	0.000000e+00	
-1.200000e+00	-1.150000e+00	1.606617e-02	4.022237e-03	9.670868e-02	0.000000e+00	0.000000e+00	0.000000e+00	
-1.150000e+00	-1.100000e+00	1.955728e-02	6.088000e-03	1.313147e-01	0.000000e+00	0.000000e+00	0.000000e+00	
-1.100000e+00	-1.050000e+00	2.356636e-02	7.844896e-03	1.735212e-01	0.000000e+00	0.000000e+00	0.000000e+00	
-1.050000e+00	-1.000000e+00	3.010946e-02	8.904940e-03	2.284124e-01	0.000000e+00	0.000000e+00	0.000000e+00	
-1.000000e+00	-9.500000e-01	4.013938e-02	1.353019e-02	3.088777e-01	0.000000e+00	0.000000e+00	0.000000e+00	
-9.500000e-01	-9.000000e-01	4.986443e-02	1.680314e-02	4.097206e-01	0.000000e+00	0.000000e+00	0.000000e+00	
-9.000000e-01	-8.500000e-01	6.116743e-02	2.059791e-02	5.584510e-01	0.000000e+00	0.000000e+00	0.000000e+00	
-8.500000e-01	-8.000000e-01	8.040982e-02	2.850361e-02	7.421146e-01	0.000000e+00	0.000000e+00	0.000000e+00	
-8.000000e-01	-7.500000e-01	1.000046e-01	3.842927e-02	1.012602e+00	0.000000e+00	0.000000e+00	0.000000e+00	
-7.500000e-01	-7.000000e-01	1.304300e-01	5.070328e-02	1.389570e+00	0.000000e+00	0.000000e+00	0.000000e+00	
-7.000000e-01	-6.500000e-01	1.664851e-01	6.562026e-02	1.959429e+00	0.000000e+00	0.000000e+00	0.000000e+00	
-6.500000e-01	-6.000000e-01	2.083599e-01	8.957141e-02	2.880244e+00	0.000000e+00	0.000000e+00	0.000000e+00	
-6.000000e-01	-5.500000e-01	2.720910e-01	1.155883e-01	3.141828e+00	0.000000e+00	1.344265e+00	2.000000e+01	
-5.500000e-01	-5.000000e-01	3.398965e-01	1.582468e-01	2.049866e+00	0.000000e+00	1.089033e+00	0.000000e+00	
-5.000000e-01	-4.500000e-01	4.411378e-01	2.102644e-01	1.350143e+00	0.000000e+00	1.225261e+01	0.000000e+00	
-4.500000e-01	-4.000000e-01	5.546607e-01	2.822088e-01	1.275691e+00	0.000000e+00	3.961737e+00	0.000000e+00	
-4.000000e-01	-3.500000e-01	7.073757e-01	3.785811e-01	1.987138e+00	0.000000e+00	1.067404e+00	0.000000e+00	
-3.500000e-01	-3.000000e-01	8.936901e-01	5.096782e-01	0.000000e+00	0.000000e+00	2.225923e-01	0.000000e+00	
-3.000000e-01	-2.500000e-01	1.151243e+00	6.801369e-01	0.000000e+00	0.000000e+00	4.842569e-02	0.000000e+00	
-2.500000e-01	-2.000000e-01	1.466025e+00	9.371693e-01	0.000000e+00	0.000000e+00	1.185391e-02	0.000000e+00	
-2.000000e-01	-1.500000e-01	1.903066e+00	1.279110e+00	0.000000e+00	0.000000e+00	2.083164e-03	0.000000e+00	
-1.500000e-01	-1.000000e-01	2.422148e+00	1.794087e+00	0.000000e+00	0.000000e+00	0.000000e+00	0.000000e+00	
-1.000000e-01	-5.000000e-02	2.119093e+00	2.654463e+00	0.000000e+00	0.000000e+00	0.000000e+00	0.000000e+00	
-5.000000e-02	0.000000e+00	1.284685e+00	3.183704e+00	0.000000e+00	1.049130e+00	0.000000e+00	0.000000e+00	
0.000000e+00	5.000000e-02	2.119158e+00	2.501174e+00	0.000000e+00	1.149699e+00	0.000000e+00	0.000000e+00	
5.000000e-02	1.000000e-01	1.501892e+00	1.406950e+00	0.000000e+00	1.067324e+01	0.000000e+00	0.000000e+00	
1.000000e-01	1.500000e-01	1.836580e+00	1.253256e+00	0.000000e+00	4.989471e+00	0.000000e+00	0.000000e+00	
1.500000e-01	2.000000e-01	0.000000e+00	1.777528e+00	0.000000e+00	1.652953e+00	0.000000e+00	0.000000e+00	
2.000000e-01	2.500000e-01	0.000000e+00	5.114596e-01	0.000000e+00	3.773261e-01	0.000000e+00	0.000000e+00	
2.500000e-01	3.000000e-01	0.000000e+00	0.000000e+00	0.000000e+00	8.310072e-02	0.000000e+00	0.000000e+00	
3.000000e-01	3.500000e-01	0.000000e+00	0.000000e+00	0.000000e+00	1.974874e-02	0.000000e+00	0.000000e+00	
3.500000e-01	4.000000e-01	0.000000e+00	0.000000e+00	0.000000e+00	5.329249e-03	0.000000e+00	0.000000e+00	
4.000000e-01	4.500000e-01	0.000000e+00	0.000000e+00	0.000000e+00	0.000000e+00	0.000000e+00	0.000000e+00	
4.500000e-01	5.000000e-01	0.000000e+00	0.000000e+00	0.000000e+00	0.000000e+00	0.000000e+00	0.000000e+00	
5.000000e-01	5.500000e-01	0.000000e+00	0.000000e+00	0.000000e+00	0.000000e+00	0.000000e+00	0.000000e+00	
5.500000e-01	6.000000e-01	0.000000e+00	0.000000e+00	0.000000e+00	0.000000e+00	0.000000e+00	0.000000e+00	
6.000000e-01	6.500000e-01	0.000000e+00	0.000000e+00	0.000000e+00	0.000000e+00	0.000000e+00	0.000000e+00	
6.500000e-01	7.000000e-01	0.000000e+00	0.000000e+00	0.000000e+00	0.000000e+00	0.000000e+00	0.000000e+00	
7.000000e-01	7.500000e-01	0.000000e+00	0.000000e+00	0.000000e+00	0.000000e+00	0.000000e+00	0.000000e+00	
7.500000e-01	8.000000e-01	0.000000e+00	0.000000e+00	0.000000e+00	0.000000e+00	0.000000e+00	0.000000e+00	
8.000000e-01	8.500000e-01	0.000000e+00	0.000000e+00	0.000000e+00	0.000000e+00	0.000000e+00	0.000000e+00	
8.500000e-01	9.000000e-01	0.000000e+00	0.000000e+00	0.000000e+00	0.000000e+00	0.000000e+00	0.000000e+00	
9.000000e-01	9.500000e-01	0.000000e+00	0.000000e+00	0.000000e+00	0.000000e+00	0.000000e+00	0.000000e+00	
9.500000e-01	1.000000e+00	0.000000e+00	0.000000e+00	0.000000e+00	0.000000e+00	0.000000e+00	0.000000e+00	
