# COLUMN NUMBERS: 
#	0: time [Gyr]
#	1: mgas [Msun]			ISM gas mass
#	2: mstar [Msun]			Stellar mass
#	3: sfr [Msun/yr]		Star formation rate
#	4: ifr [Msun/yr]		Infall rate
#	5: ofr [Msun/yr]		Outfow rate
#	6: eta_0			Mass-loading factor
#	7: r_eff			Effective recycilng rate
#	8: z_in(fe)			Inflow fe metallicity
#	9: z_in(sr)			Inflow sr metallicity
#	10: z_in(o)			Inflow o metallicity
#	11: z_out(fe)			Outflow fe metallicity
#	12: z_out(sr)			Outflow sr metallicity
#	13: z_out(o)			Outflow o metallicity
#	14: mass(fe) [Msun]		mass of element fe in ISM
#	15: mass(sr) [Msun]		mass of element sr in ISM
#	16: mass(o) [Msun]		mass of element o in ISM
0.000000e+00	1.000000e-12	7.167148e-30	1.912129e-37	5.969026e+01	5.774418e-37	3.019889e+00	2.503490e-01	0.000000e+00	0.000000e+00	0.000000e+00	1.112295e-293	2.391209e-281	4.397842e-293	0.000000e+00	0.000000e+00	0.000000e+00	
5.000000e-02	2.984513e+09	1.690391e+08	4.509809e+00	5.969026e+01	1.361912e+01	3.019889e+00	2.503490e-01	0.000000e+00	0.000000e+00	0.000000e+00	6.469090e-05	7.223817e-10	8.086362e-04	1.930708e+05	2.155957e+00	2.413385e+06	
1.000000e-01	5.119031e+09	4.491664e+08	7.609431e+00	5.969026e+01	2.297964e+01	3.019889e+00	2.637365e-01	0.000000e+00	0.000000e+00	0.000000e+00	9.181992e-05	1.025322e-09	1.147749e-03	4.700290e+05	5.248657e+00	5.875363e+06	
1.500000e-01	6.674435e+09	8.035382e+08	9.765282e+00	5.969026e+01	2.949007e+01	3.019889e+00	2.742211e-01	0.000000e+00	0.000000e+00	0.000000e+00	1.589576e-04	1.295131e-09	1.452404e-03	1.060952e+06	8.644268e+00	9.693973e+06	
2.000000e-01	7.830073e+09	1.224688e+09	1.128117e+01	5.969026e+01	3.406788e+01	3.019889e+00	2.833817e-01	0.000000e+00	0.000000e+00	0.000000e+00	2.262023e-04	1.535391e-09	1.718394e-03	1.771181e+06	1.202223e+01	1.345515e+07	
2.500000e-01	8.706977e+09	1.681562e+09	1.235871e+01	5.969026e+01	3.732194e+01	3.019889e+00	2.912273e-01	0.000000e+00	0.000000e+00	0.000000e+00	2.868125e-04	1.753029e-09	1.947847e-03	2.497270e+06	1.526358e+01	1.695986e+07	
3.000000e-01	9.387417e+09	2.156798e+09	1.313280e+01	5.969026e+01	3.965960e+01	3.019889e+00	2.979808e-01	0.000000e+00	0.000000e+00	0.000000e+00	3.395415e-04	1.956295e-09	2.144221e-03	3.187418e+06	1.836456e+01	2.012870e+07	
3.500000e-01	9.927976e+09	2.640586e+09	1.369477e+01	5.969026e+01	4.135669e+01	3.019889e+00	3.038466e-01	0.000000e+00	0.000000e+00	0.000000e+00	3.846589e-04	2.150067e-09	2.311317e-03	3.818884e+06	2.134582e+01	2.294670e+07	
4.000000e-01	1.036797e+10	3.121039e+09	1.410712e+01	5.969026e+01	4.260192e+01	3.019889e+00	3.088159e-01	0.000000e+00	0.000000e+00	0.000000e+00	4.229044e-04	2.331536e-09	2.452756e-03	4.384661e+06	2.417330e+01	2.543010e+07	
4.500000e-01	1.073486e+10	3.602844e+09	1.441285e+01	5.969026e+01	4.352520e+01	3.019889e+00	3.132321e-01	0.000000e+00	0.000000e+00	0.000000e+00	4.551681e-04	2.510101e-09	2.572284e-03	4.886165e+06	2.694558e+01	2.761311e+07	
5.000000e-01	1.104820e+10	4.084548e+09	1.464214e+01	5.969026e+01	4.421762e+01	3.019889e+00	3.171940e-01	0.000000e+00	0.000000e+00	0.000000e+00	4.823205e-04	2.689517e-09	2.673166e-03	5.328773e+06	2.971431e+01	2.953367e+07	
5.500000e-01	1.132194e+10	4.565369e+09	1.481618e+01	5.969026e+01	4.474322e+01	3.019889e+00	3.207780e-01	0.000000e+00	0.000000e+00	0.000000e+00	5.051623e-04	2.872904e-09	2.758314e-03	5.719419e+06	3.252686e+01	3.122947e+07	
6.000000e-01	1.156612e+10	5.070166e+09	1.495000e+01	5.969026e+01	4.514733e+01	3.019889e+00	3.246868e-01	0.000000e+00	0.000000e+00	0.000000e+00	5.244026e-04	3.060756e-09	2.830278e-03	6.065304e+06	3.540107e+01	3.273533e+07	
6.500000e-01	1.178847e+10	5.575859e+09	1.505491e+01	5.969026e+01	4.546415e+01	3.019889e+00	3.282019e-01	0.000000e+00	0.000000e+00	0.000000e+00	5.407042e-04	3.266692e-09	2.891579e-03	6.374076e+06	3.850931e+01	3.408730e+07	
7.000000e-01	1.199408e+10	6.081922e+09	1.513834e+01	5.969026e+01	4.571609e+01	3.019889e+00	3.314145e-01	0.000000e+00	0.000000e+00	0.000000e+00	5.545759e-04	3.491141e-09	2.943955e-03	6.651629e+06	4.187304e+01	3.531005e+07	
7.500000e-01	1.218673e+10	6.587985e+09	1.520569e+01	5.969026e+01	4.591949e+01	3.019889e+00	3.343768e-01	0.000000e+00	0.000000e+00	0.000000e+00	5.664503e-04	3.733852e-09	2.988907e-03	6.903176e+06	4.550344e+01	3.642500e+07	
8.000000e-01	1.236920e+10	7.093789e+09	1.526092e+01	5.969026e+01	4.608629e+01	3.019889e+00	3.371251e-01	0.000000e+00	0.000000e+00	0.000000e+00	5.766858e-04	3.994680e-09	3.027705e-03	7.133145e+06	4.941101e+01	3.745030e+07	
8.500000e-01	1.254360e+10	8.118064e+09	1.530694e+01	5.969026e+01	4.622527e+01	3.019889e+00	3.607514e-01	0.000000e+00	0.000000e+00	0.000000e+00	5.855767e-04	4.273440e-09	3.061408e-03	7.345239e+06	5.360431e+01	3.840108e+07	
9.000000e-01	1.272760e+10	8.613920e+09	1.536537e+01	5.969026e+01	4.640170e+01	3.019889e+00	3.545807e-01	0.000000e+00	0.000000e+00	0.000000e+00	6.652718e-04	4.596524e-09	3.103062e-03	8.467314e+06	5.850273e+01	3.949453e+07	
9.500000e-01	1.289617e+10	8.555522e+09	1.540585e+01	5.969026e+01	4.652394e+01	3.019889e+00	3.397237e-01	0.000000e+00	0.000000e+00	0.000000e+00	6.561864e-04	4.941165e-09	3.126989e-03	8.462293e+06	6.372212e+01	4.032620e+07	
1.000000e+00	1.304588e+10	8.999680e+09	1.542484e+01	5.969026e+01	4.658131e+01	3.019889e+00	3.392097e-01	0.000000e+00	0.000000e+00	0.000000e+00	6.502201e-04	5.222183e-09	3.148417e-03	8.482696e+06	6.812799e+01	4.107389e+07	
1.050000e+00	1.319170e+10	9.438405e+09	1.544049e+01	5.969026e+01	4.662857e+01	3.019889e+00	3.393757e-01	0.000000e+00	0.000000e+00	0.000000e+00	6.463803e-04	5.473020e-09	3.167156e-03	8.526856e+06	7.219845e+01	4.178018e+07	
1.100000e+00	1.333477e+10	9.820867e+09	1.545417e+01	5.969026e+01	4.666987e+01	3.019889e+00	3.396106e-01	0.000000e+00	0.000000e+00	0.000000e+00	6.440127e-04	5.694918e-09	3.183700e-03	8.587761e+06	7.594042e+01	4.245390e+07	
1.150000e+00	1.347550e+10	1.067332e+10	1.546637e+01	5.969026e+01	4.670673e+01	3.019889e+00	3.453765e-01	0.000000e+00	0.000000e+00	0.000000e+00	6.426661e-04	5.877185e-09	3.198356e-03	8.660247e+06	7.919800e+01	4.309945e+07	
1.200000e+00	1.361844e+10	1.210110e+10	1.548228e+01	5.969026e+01	4.675475e+01	3.019889e+00	3.719483e-01	0.000000e+00	0.000000e+00	0.000000e+00	6.423830e-04	6.045561e-09	3.211334e-03	8.748256e+06	8.233113e+01	4.373337e+07	
1.250000e+00	1.377904e+10	1.354600e+10	1.551912e+01	5.969026e+01	4.686603e+01	3.019889e+00	3.818185e-01	0.000000e+00	0.000000e+00	0.000000e+00	7.105407e-04	6.255954e-09	3.234590e-03	9.790565e+06	8.620102e+01	4.456953e+07	
1.300000e+00	1.394057e+10	1.497200e+10	1.555766e+01	5.969026e+01	4.698241e+01	3.019889e+00	3.957949e-01	0.000000e+00	0.000000e+00	0.000000e+00	6.982642e-04	6.541084e-09	3.244339e-03	9.734197e+06	9.118641e+01	4.522792e+07	
1.350000e+00	1.410596e+10	1.638951e+10	1.560105e+01	5.969026e+01	4.711344e+01	3.019889e+00	4.072108e-01	0.000000e+00	0.000000e+00	0.000000e+00	6.900463e-04	6.886898e-09	3.254817e-03	9.733763e+06	9.714629e+01	4.591231e+07	
1.400000e+00	1.427239e+10	1.686811e+10	1.564605e+01	5.969026e+01	4.724932e+01	3.019889e+00	4.090102e-01	0.000000e+00	0.000000e+00	0.000000e+00	6.849562e-04	7.288328e-09	3.265968e-03	9.775962e+06	1.040219e+02	4.661317e+07	
1.450000e+00	1.443211e+10	1.785271e+10	1.568415e+01	5.969026e+01	4.736439e+01	3.019889e+00	4.290462e-01	0.000000e+00	0.000000e+00	0.000000e+00	6.817343e-04	7.669495e-09	3.277730e-03	9.838861e+06	1.106870e+02	4.730454e+07	
1.500000e+00	1.460065e+10	1.876264e+10	1.573228e+01	5.969026e+01	4.750972e+01	3.019889e+00	4.323235e-01	0.000000e+00	0.000000e+00	0.000000e+00	7.438066e-04	8.027420e-09	3.300292e-03	1.086006e+07	1.172056e+02	4.818642e+07	
1.550000e+00	1.476314e+10	1.967017e+10	1.577424e+01	5.969026e+01	4.763644e+01	3.019889e+00	4.354288e-01	0.000000e+00	0.000000e+00	0.000000e+00	7.937871e-04	8.372523e-09	3.320916e-03	1.171879e+07	1.236047e+02	4.902715e+07	
1.600000e+00	1.492054e+10	1.952208e+10	1.581121e+01	5.969026e+01	4.774809e+01	3.019889e+00	4.139687e-01	0.000000e+00	0.000000e+00	0.000000e+00	8.342494e-04	8.700322e-09	3.339799e-03	1.244745e+07	1.298136e+02	4.983162e+07	
1.650000e+00	1.505436e+10	2.137118e+10	1.582383e+01	5.969026e+01	4.778622e+01	3.019889e+00	4.430697e-01	0.000000e+00	0.000000e+00	0.000000e+00	8.051641e-04	8.916921e-09	3.346778e-03	1.212123e+07	1.342385e+02	5.038360e+07	
1.700000e+00	1.520892e+10	2.215924e+10	1.585892e+01	5.969026e+01	4.789216e+01	3.019889e+00	4.294734e-01	0.000000e+00	0.000000e+00	0.000000e+00	8.440251e-04	9.181741e-09	3.363834e-03	1.283671e+07	1.396444e+02	5.116030e+07	
1.750000e+00	1.534643e+10	2.208655e+10	1.587679e+01	5.969026e+01	4.794614e+01	3.019889e+00	4.245548e-01	0.000000e+00	0.000000e+00	0.000000e+00	8.154471e-04	9.447882e-09	3.369425e-03	1.251420e+07	1.449913e+02	5.170864e+07	
1.800000e+00	1.547683e+10	2.305956e+10	1.588805e+01	5.969026e+01	4.798014e+01	3.019889e+00	4.437862e-01	0.000000e+00	0.000000e+00	0.000000e+00	7.928582e-04	9.646711e-09	3.375613e-03	1.227093e+07	1.493005e+02	5.224378e+07	
1.850000e+00	1.562048e+10	2.387050e+10	1.591357e+01	5.969026e+01	4.805721e+01	3.019889e+00	4.461780e-01	0.000000e+00	0.000000e+00	0.000000e+00	8.347481e-04	9.838532e-09	3.391936e-03	1.303916e+07	1.536826e+02	5.298365e+07	
1.900000e+00	1.576146e+10	2.446416e+10	1.593692e+01	5.969026e+01	4.812773e+01	3.019889e+00	4.281227e-01	0.000000e+00	0.000000e+00	0.000000e+00	8.688129e-04	9.963990e-09	3.406651e-03	1.369376e+07	1.570471e+02	5.369381e+07	
1.950000e+00	1.588389e+10	2.374916e+10	1.594218e+01	5.969026e+01	4.814362e+01	3.019889e+00	4.205610e-01	0.000000e+00	0.000000e+00	0.000000e+00	8.383513e-04	1.004267e-08	3.410258e-03	1.331628e+07	1.595167e+02	5.416816e+07	
2.000000e+00	1.599935e+10	2.518618e+10	1.594127e+01	5.969026e+01	4.814088e+01	3.019889e+00	4.249802e-01	0.000000e+00	0.000000e+00	0.000000e+00	8.133247e-04	9.993874e-09	3.414091e-03	1.301267e+07	1.598955e+02	5.462323e+07	
2.050000e+00	1.611849e+10	2.253834e+10	1.594486e+01	5.969026e+01	4.815169e+01	3.019889e+00	3.994009e-01	0.000000e+00	0.000000e+00	0.000000e+00	7.938224e-04	9.979567e-09	3.417771e-03	1.279522e+07	1.608556e+02	5.508930e+07	
2.100000e+00	1.621660e+10	2.310607e+10	1.592853e+01	5.969026e+01	4.810240e+01	3.019889e+00	3.973955e-01	0.000000e+00	0.000000e+00	0.000000e+00	7.761327e-04	9.663336e-09	3.421127e-03	1.258623e+07	1.567064e+02	5.547903e+07	
2.150000e+00	1.631606e+10	2.298426e+10	1.591455e+01	5.969026e+01	4.806016e+01	3.019889e+00	3.958067e-01	0.000000e+00	0.000000e+00	0.000000e+00	7.619570e-04	9.380891e-09	3.423776e-03	1.243213e+07	1.530592e+02	5.586253e+07	
2.200000e+00	1.641679e+10	2.247906e+10	1.590274e+01	5.969026e+01	4.802452e+01	3.019889e+00	3.906635e-01	0.000000e+00	0.000000e+00	0.000000e+00	7.501836e-04	9.149665e-09	3.426223e-03	1.231561e+07	1.502081e+02	5.624758e+07	
2.250000e+00	1.651557e+10	2.356397e+10	1.588997e+01	5.969026e+01	4.798593e+01	3.019889e+00	3.941607e-01	0.000000e+00	0.000000e+00	0.000000e+00	7.401181e-04	8.905991e-09	3.428651e-03	1.222347e+07	1.470875e+02	5.662612e+07	
2.300000e+00	1.661945e+10	2.354845e+10	1.588295e+01	5.969026e+01	4.796475e+01	3.019889e+00	3.872466e-01	0.000000e+00	0.000000e+00	0.000000e+00	7.323467e-04	8.715765e-09	3.430818e-03	1.217120e+07	1.448512e+02	5.701830e+07	
2.350000e+00	1.671911e+10	2.467435e+10	1.587273e+01	5.969026e+01	4.793387e+01	3.019889e+00	3.914559e-01	0.000000e+00	0.000000e+00	0.000000e+00	7.260445e-04	8.601023e-09	3.433143e-03	1.213882e+07	1.438014e+02	5.739909e+07	
2.400000e+00	1.682396e+10	2.548183e+10	1.586822e+01	5.969026e+01	4.792026e+01	3.019889e+00	3.962610e-01	0.000000e+00	0.000000e+00	0.000000e+00	7.213877e-04	8.555419e-09	3.435305e-03	1.213660e+07	1.439361e+02	5.779545e+07	
2.450000e+00	1.693345e+10	2.550439e+10	1.586878e+01	5.969026e+01	4.792194e+01	3.019889e+00	3.941821e-01	0.000000e+00	0.000000e+00	0.000000e+00	7.180244e-04	8.578897e-09	3.437463e-03	1.215863e+07	1.452703e+02	5.820811e+07	
2.500000e+00	1.704119e+10	2.821902e+10	1.586834e+01	5.969026e+01	4.792063e+01	3.019889e+00	4.049204e-01	0.000000e+00	0.000000e+00	0.000000e+00	7.153067e-04	8.617430e-09	3.440037e-03	1.218967e+07	1.468512e+02	5.862231e+07	
2.550000e+00	1.715752e+10	2.768375e+10	1.587650e+01	5.969026e+01	4.794527e+01	3.019889e+00	3.997863e-01	0.000000e+00	0.000000e+00	0.000000e+00	7.145993e-04	8.741081e-09	3.442564e-03	1.226075e+07	1.499753e+02	5.906587e+07	
2.600000e+00	1.726831e+10	2.846501e+10	1.588007e+01	5.969026e+01	4.795606e+01	3.019889e+00	4.025556e-01	0.000000e+00	0.000000e+00	0.000000e+00	7.136802e-04	8.808288e-09	3.445606e-03	1.232405e+07	1.521042e+02	5.949978e+07	
2.650000e+00	1.738064e+10	2.681427e+10	1.588562e+01	5.969026e+01	4.797281e+01	3.019889e+00	3.945614e-01	0.000000e+00	0.000000e+00	0.000000e+00	7.133227e-04	8.884920e-09	3.448771e-03	1.239801e+07	1.544256e+02	5.994186e+07	
2.700000e+00	1.748563e+10	2.637420e+10	1.588501e+01	5.969026e+01	4.797096e+01	3.019889e+00	3.915753e-01	0.000000e+00	0.000000e+00	0.000000e+00	7.121535e-04	8.892955e-09	3.452288e-03	1.245245e+07	1.554989e+02	6.036543e+07	
2.750000e+00	1.758835e+10	2.754621e+10	1.588294e+01	5.969026e+01	4.796470e+01	3.019889e+00	3.929322e-01	0.000000e+00	0.000000e+00	0.000000e+00	7.109299e-04	8.876918e-09	3.455804e-03	1.250408e+07	1.561303e+02	6.078190e+07	
2.800000e+00	1.769253e+10	2.786877e+10	1.588275e+01	5.969026e+01	4.796414e+01	3.019889e+00	3.920871e-01	0.000000e+00	0.000000e+00	0.000000e+00	7.102615e-04	8.824026e-09	3.458949e-03	1.256632e+07	1.561193e+02	6.119756e+07	
2.850000e+00	1.779607e+10	2.783887e+10	1.588255e+01	5.969026e+01	4.796352e+01	3.019889e+00	3.901928e-01	0.000000e+00	0.000000e+00	0.000000e+00	7.097316e-04	8.760844e-09	3.462100e-03	1.263043e+07	1.559086e+02	6.161177e+07	
2.900000e+00	1.789814e+10	2.773599e+10	1.588157e+01	5.969026e+01	4.796059e+01	3.019889e+00	3.882767e-01	0.000000e+00	0.000000e+00	0.000000e+00	7.091466e-04	8.700100e-09	3.465338e-03	1.269241e+07	1.557156e+02	6.202310e+07	
2.950000e+00	1.799887e+10	2.764283e+10	1.587995e+01	5.969026e+01	4.795568e+01	3.019889e+00	3.868350e-01	0.000000e+00	0.000000e+00	0.000000e+00	7.084777e-04	8.637305e-09	3.468579e-03	1.275180e+07	1.554617e+02	6.243049e+07	
3.000000e+00	1.809874e+10	2.723884e+10	1.587811e+01	5.969026e+01	4.795012e+01	3.019889e+00	3.847105e-01	0.000000e+00	0.000000e+00	0.000000e+00	7.077763e-04	8.575683e-09	3.471774e-03	1.280986e+07	1.552091e+02	6.283475e+07	
3.050000e+00	1.819727e+10	2.693457e+10	1.587560e+01	5.969026e+01	4.794256e+01	3.019889e+00	3.839768e-01	0.000000e+00	0.000000e+00	0.000000e+00	7.068981e-04	8.519552e-09	3.474974e-03	1.286362e+07	1.550326e+02	6.323505e+07	
3.100000e+00	1.829567e+10	2.882343e+10	1.587351e+01	5.969026e+01	4.793622e+01	3.019889e+00	3.890608e-01	0.000000e+00	0.000000e+00	0.000000e+00	7.060439e-04	8.479828e-09	3.478139e-03	1.291755e+07	1.551441e+02	6.363487e+07	
3.150000e+00	1.839848e+10	2.935579e+10	1.587572e+01	5.969026e+01	4.794290e+01	3.019889e+00	3.891011e-01	0.000000e+00	0.000000e+00	0.000000e+00	7.061475e-04	8.475741e-09	3.481126e-03	1.299204e+07	1.559408e+02	6.404743e+07	
3.200000e+00	1.850093e+10	2.891545e+10	1.587806e+01	5.969026e+01	4.794996e+01	3.019889e+00	3.852456e-01	0.000000e+00	0.000000e+00	0.000000e+00	7.063182e-04	8.461184e-09	3.484085e-03	1.306754e+07	1.565398e+02	6.445880e+07	
3.250000e+00	1.859989e+10	2.920332e+10	1.587785e+01	5.969026e+01	4.794934e+01	3.019889e+00	3.842355e-01	0.000000e+00	0.000000e+00	0.000000e+00	7.018636e-04	8.442199e-09	3.485898e-03	1.305458e+07	1.570239e+02	6.483732e+07	
3.300000e+00	1.869808e+10	2.954998e+10	1.587744e+01	5.969026e+01	4.794811e+01	3.019889e+00	3.848293e-01	0.000000e+00	0.000000e+00	0.000000e+00	6.980946e-04	8.424760e-09	3.487557e-03	1.305303e+07	1.575269e+02	6.521063e+07	
3.350000e+00	1.879682e+10	3.019465e+10	1.587794e+01	5.969026e+01	4.794961e+01	3.019889e+00	3.857933e-01	0.000000e+00	0.000000e+00	0.000000e+00	6.949640e-04	8.416956e-09	3.489379e-03	1.306312e+07	1.582120e+02	6.558924e+07	
3.400000e+00	1.889624e+10	3.013925e+10	1.587943e+01	5.969026e+01	4.795410e+01	3.019889e+00	3.849736e-01	0.000000e+00	0.000000e+00	0.000000e+00	6.923914e-04	8.417044e-09	3.491327e-03	1.308359e+07	1.590505e+02	6.597295e+07	
3.450000e+00	1.899473e+10	2.973067e+10	1.588055e+01	5.969026e+01	4.795749e+01	3.019889e+00	3.833534e-01	0.000000e+00	0.000000e+00	0.000000e+00	6.899917e-04	8.412488e-09	3.493418e-03	1.310621e+07	1.597930e+02	6.635655e+07	
3.500000e+00	1.909174e+10	3.009612e+10	1.588083e+01	5.969026e+01	4.795834e+01	3.019889e+00	3.835069e-01	0.000000e+00	0.000000e+00	0.000000e+00	6.876239e-04	8.400231e-09	3.495639e-03	1.312794e+07	1.603750e+02	6.673783e+07	
3.550000e+00	1.918881e+10	2.955572e+10	1.588157e+01	5.969026e+01	4.796057e+01	3.019889e+00	3.792064e-01	0.000000e+00	0.000000e+00	0.000000e+00	6.855816e-04	8.389518e-09	3.497924e-03	1.315550e+07	1.609849e+02	6.712102e+07	
3.600000e+00	1.928234e+10	2.939768e+10	1.587977e+01	5.969026e+01	4.795515e+01	3.019889e+00	3.759945e-01	0.000000e+00	0.000000e+00	0.000000e+00	6.834189e-04	8.322244e-09	3.500246e-03	1.317792e+07	1.604723e+02	6.749293e+07	
3.650000e+00	1.937364e+10	2.893606e+10	1.587656e+01	5.969026e+01	4.794545e+01	3.019889e+00	3.725705e-01	0.000000e+00	0.000000e+00	0.000000e+00	6.812665e-04	8.209379e-09	3.502510e-03	1.319861e+07	1.590456e+02	6.785638e+07	
3.700000e+00	1.946281e+10	2.775180e+10	1.587202e+01	5.969026e+01	4.793174e+01	3.019889e+00	3.678374e-01	0.000000e+00	0.000000e+00	0.000000e+00	6.790480e-04	8.066091e-09	3.504702e-03	1.321618e+07	1.569888e+02	6.821135e+07	
3.750000e+00	1.954905e+10	2.779217e+10	1.586552e+01	5.969026e+01	4.791211e+01	3.019889e+00	3.461287e-01	0.000000e+00	0.000000e+00	0.000000e+00	6.765149e-04	7.897412e-09	3.506806e-03	1.322522e+07	1.543869e+02	6.855474e+07	
3.800000e+00	1.961926e+10	2.682021e+10	1.584650e+01	5.969026e+01	4.785465e+01	3.019889e+00	3.311029e-01	0.000000e+00	0.000000e+00	0.000000e+00	6.268719e-04	7.704448e-09	3.500878e-03	1.229876e+07	1.511556e+02	6.868464e+07	
3.850000e+00	1.968106e+10	2.645038e+10	1.582125e+01	5.969026e+01	4.777841e+01	3.019889e+00	3.307257e-01	0.000000e+00	0.000000e+00	0.000000e+00	5.844628e-04	7.477793e-09	3.495816e-03	1.150284e+07	1.471709e+02	6.880135e+07	
3.900000e+00	1.974721e+10	2.464788e+10	1.580007e+01	5.969026e+01	4.771447e+01	3.019889e+00	3.169658e-01	0.000000e+00	0.000000e+00	0.000000e+00	5.484300e-04	7.331145e-09	3.491746e-03	1.082996e+07	1.447697e+02	6.895224e+07	
3.950000e+00	1.980640e+10	2.393669e+10	1.577390e+01	5.969026e+01	4.763541e+01	3.019889e+00	3.130813e-01	0.000000e+00	0.000000e+00	0.000000e+00	5.169800e-04	7.146324e-09	3.487974e-03	1.023951e+07	1.415430e+02	6.908421e+07	
4.000000e+00	1.986737e+10	2.447476e+10	1.574971e+01	5.969026e+01	4.756237e+01	3.019889e+00	3.335585e-01	0.000000e+00	0.000000e+00	0.000000e+00	4.898627e-04	6.969297e-09	3.484327e-03	9.732286e+06	1.384616e+02	6.922442e+07	
4.050000e+00	1.994896e+10	2.439813e+10	1.574233e+01	5.969026e+01	4.754010e+01	3.019889e+00	3.443449e-01	0.000000e+00	0.000000e+00	0.000000e+00	5.174506e-04	6.822818e-09	3.489698e-03	1.032260e+07	1.361081e+02	6.961583e+07	
4.100000e+00	2.004039e+10	2.481820e+10	1.574309e+01	5.969026e+01	4.754237e+01	3.019889e+00	3.342251e-01	0.000000e+00	0.000000e+00	0.000000e+00	5.406155e-04	6.716821e-09	3.494512e-03	1.083414e+07	1.346077e+02	7.003136e+07	
4.150000e+00	2.012371e+10	2.549881e+10	1.573781e+01	5.969026e+01	4.752645e+01	3.019889e+00	3.523287e-01	0.000000e+00	0.000000e+00	0.000000e+00	5.104711e-04	6.701874e-09	3.490244e-03	1.027257e+07	1.348666e+02	7.023667e+07	
4.200000e+00	2.022226e+10	2.637545e+10	1.574475e+01	5.969026e+01	4.754739e+01	3.019889e+00	3.647490e-01	0.000000e+00	0.000000e+00	0.000000e+00	5.350657e-04	6.767816e-09	3.495490e-03	1.082024e+07	1.368605e+02	7.068670e+07	
4.250000e+00	2.032931e+10	2.788940e+10	1.575852e+01	5.969026e+01	4.758898e+01	3.019889e+00	3.754011e-01	0.000000e+00	0.000000e+00	0.000000e+00	5.564124e-04	6.895316e-09	3.500623e-03	1.131148e+07	1.401770e+02	7.116524e+07	
4.300000e+00	2.044223e+10	2.939722e+10	1.577701e+01	5.969026e+01	4.764482e+01	3.019889e+00	3.843671e-01	0.000000e+00	0.000000e+00	0.000000e+00	5.752918e-04	7.103031e-09	3.505835e-03	1.176025e+07	1.452018e+02	7.166711e+07	
4.350000e+00	2.055886e+10	2.999407e+10	1.579848e+01	5.969026e+01	4.770966e+01	3.019889e+00	3.693632e-01	0.000000e+00	0.000000e+00	0.000000e+00	5.921298e-04	7.379329e-09	3.511237e-03	1.217352e+07	1.517106e+02	7.218704e+07	
4.400000e+00	2.065974e+10	3.150175e+10	1.580801e+01	5.969026e+01	4.773843e+01	3.019889e+00	3.854858e-01	0.000000e+00	0.000000e+00	0.000000e+00	5.582222e-04	7.692230e-09	3.508326e-03	1.153272e+07	1.589195e+02	7.248109e+07	
4.450000e+00	2.077162e+10	3.247427e+10	1.582613e+01	5.969026e+01	4.779314e+01	3.019889e+00	3.923146e-01	0.000000e+00	0.000000e+00	0.000000e+00	5.788223e-04	8.036582e-09	3.514917e-03	1.202308e+07	1.669328e+02	7.301051e+07	
4.500000e+00	2.088561e+10	3.298825e+10	1.584597e+01	5.969026e+01	4.785308e+01	3.019889e+00	3.774460e-01	0.000000e+00	0.000000e+00	0.000000e+00	5.967554e-04	8.334773e-09	3.521368e-03	1.246360e+07	1.740768e+02	7.354591e+07	
4.550000e+00	2.098422e+10	3.364808e+10	1.585431e+01	5.969026e+01	4.787827e+01	3.019889e+00	3.706323e-01	0.000000e+00	0.000000e+00	0.000000e+00	5.642952e-04	8.650474e-09	3.519415e-03	1.184129e+07	1.815234e+02	7.385217e+07	
4.600000e+00	2.107591e+10	3.454121e+10	1.585765e+01	5.969026e+01	4.788835e+01	3.019889e+00	3.671151e-01	0.000000e+00	0.000000e+00	0.000000e+00	5.370532e-04	8.965830e-09	3.518269e-03	1.131889e+07	1.889630e+02	7.415071e+07	
4.650000e+00	2.116420e+10	3.562031e+10	1.585869e+01	5.969026e+01	4.789147e+01	3.019889e+00	3.677630e-01	0.000000e+00	0.000000e+00	0.000000e+00	5.142026e-04	9.245250e-09	3.517655e-03	1.088269e+07	1.956683e+02	7.444835e+07	
4.700000e+00	2.125282e+10	3.763364e+10	1.586022e+01	5.969026e+01	4.789611e+01	3.019889e+00	3.938312e-01	0.000000e+00	0.000000e+00	0.000000e+00	4.952607e-04	9.540358e-09	3.517634e-03	1.052568e+07	2.027595e+02	7.475964e+07	
4.750000e+00	2.136183e+10	3.860129e+10	1.587716e+01	5.969026e+01	4.794726e+01	3.019889e+00	4.080536e-01	0.000000e+00	0.000000e+00	0.000000e+00	5.274628e-04	9.905650e-09	3.526511e-03	1.126757e+07	2.116028e+02	7.533272e+07	
4.800000e+00	2.147906e+10	3.958189e+10	1.590031e+01	5.969026e+01	4.801715e+01	3.019889e+00	4.155794e-01	0.000000e+00	0.000000e+00	0.000000e+00	5.551422e-04	1.020093e-08	3.534784e-03	1.192393e+07	2.191063e+02	7.592382e+07	
4.850000e+00	2.159809e+10	3.970133e+10	1.592485e+01	5.969026e+01	4.809127e+01	3.019889e+00	4.177295e-01	0.000000e+00	0.000000e+00	0.000000e+00	5.791608e-04	1.047478e-08	3.542845e-03	1.250877e+07	2.262352e+02	7.651867e+07	
4.900000e+00	2.171441e+10	4.018500e+10	1.594746e+01	5.969026e+01	4.815955e+01	3.019889e+00	4.182428e-01	0.000000e+00	0.000000e+00	0.000000e+00	5.997784e-04	1.066485e-08	3.550666e-03	1.302383e+07	2.315808e+02	7.710060e+07	
4.950000e+00	2.182707e+10	4.060766e+10	1.596745e+01	5.969026e+01	4.821994e+01	3.019889e+00	4.168790e-01	0.000000e+00	0.000000e+00	0.000000e+00	6.177276e-04	1.083658e-08	3.558380e-03	1.348318e+07	2.365308e+02	7.766901e+07	
5.000000e+00	2.193504e+10	4.081301e+10	1.598412e+01	5.969026e+01	4.827027e+01	3.019889e+00	4.090168e-01	0.000000e+00	0.000000e+00	0.000000e+00	6.332869e-04	1.096281e-08	3.565761e-03	1.389117e+07	2.404697e+02	7.821509e+07	
5.050000e+00	2.203372e+10	4.018478e+10	1.599416e+01	5.969026e+01	4.830058e+01	3.019889e+00	4.010044e-01	0.000000e+00	0.000000e+00	0.000000e+00	6.466268e-04	1.101756e-08	3.572810e-03	1.424759e+07	2.427579e+02	7.872228e+07	
5.100000e+00	2.212418e+10	4.179211e+10	1.599841e+01	5.969026e+01	4.831342e+01	3.019889e+00	4.078025e-01	0.000000e+00	0.000000e+00	0.000000e+00	6.577585e-04	1.098756e-08	3.579297e-03	1.455237e+07	2.430908e+02	7.918902e+07	
5.150000e+00	2.221931e+10	4.250917e+10	1.600622e+01	5.969026e+01	4.833702e+01	3.019889e+00	4.065967e-01	0.000000e+00	0.000000e+00	0.000000e+00	6.678421e-04	1.103892e-08	3.585503e-03	1.483899e+07	2.452773e+02	7.966741e+07	
5.200000e+00	2.231207e+10	4.266480e+10	1.601250e+01	5.969026e+01	4.835598e+01	3.019889e+00	4.050428e-01	0.000000e+00	0.000000e+00	0.000000e+00	6.766385e-04	1.106827e-08	3.591235e-03	1.509720e+07	2.469559e+02	8.012787e+07	
5.250000e+00	2.240244e+10	4.364181e+10	1.601726e+01	5.969026e+01	4.837035e+01	3.019889e+00	4.104974e-01	0.000000e+00	0.000000e+00	0.000000e+00	6.842395e-04	1.107838e-08	3.596566e-03	1.532864e+07	2.481828e+02	8.057185e+07	
5.300000e+00	2.249633e+10	4.414710e+10	1.602470e+01	5.969026e+01	4.839282e+01	3.019889e+00	4.061201e-01	0.000000e+00	0.000000e+00	0.000000e+00	6.910952e-04	1.113389e-08	3.601590e-03	1.554710e+07	2.504716e+02	8.102255e+07	
5.350000e+00	2.258536e+10	4.422245e+10	1.602887e+01	5.969026e+01	4.840540e+01	3.019889e+00	4.064277e-01	0.000000e+00	0.000000e+00	0.000000e+00	6.971799e-04	1.116348e-08	3.606548e-03	1.574606e+07	2.521313e+02	8.145519e+07	
5.400000e+00	2.267389e+10	4.404414e+10	1.603286e+01	5.969026e+01	4.841746e+01	3.019889e+00	4.063566e-01	0.000000e+00	0.000000e+00	0.000000e+00	7.024488e-04	1.118133e-08	3.611237e-03	1.592725e+07	2.535243e+02	8.188078e+07	
5.450000e+00	2.276164e+10	4.509158e+10	1.603649e+01	5.969026e+01	4.842841e+01	3.019889e+00	4.100906e-01	0.000000e+00	0.000000e+00	0.000000e+00	7.069928e-04	1.119606e-08	3.615702e-03	1.609232e+07	2.548407e+02	8.229931e+07	
5.500000e+00	2.285173e+10	4.603309e+10	1.604194e+01	5.969026e+01	4.844488e+01	3.019889e+00	4.150680e-01	0.000000e+00	0.000000e+00	0.000000e+00	7.113241e-04	1.127703e-08	3.620124e-03	1.625499e+07	2.576997e+02	8.272609e+07	
5.550000e+00	2.294482e+10	4.706821e+10	1.604967e+01	5.969026e+01	4.846821e+01	3.019889e+00	4.248550e-01	0.000000e+00	0.000000e+00	0.000000e+00	7.153436e-04	1.138677e-08	3.624328e-03	1.641343e+07	2.612674e+02	8.315958e+07	
5.600000e+00	2.304438e+10	4.789265e+10	1.606204e+01	5.969026e+01	4.850559e+01	3.019889e+00	4.269088e-01	0.000000e+00	0.000000e+00	0.000000e+00	7.191490e-04	1.157287e-08	3.628815e-03	1.657235e+07	2.666897e+02	8.362380e+07	
5.650000e+00	2.314337e+10	4.876039e+10	1.607414e+01	5.969026e+01	4.854210e+01	3.019889e+00	4.293158e-01	0.000000e+00	0.000000e+00	0.000000e+00	7.227584e-04	1.178906e-08	3.633173e-03	1.672706e+07	2.728386e+02	8.408384e+07	
5.700000e+00	2.324211e+10	4.820327e+10	1.608618e+01	5.969026e+01	4.857847e+01	3.019889e+00	4.256248e-01	0.000000e+00	0.000000e+00	0.000000e+00	7.262267e-04	1.202736e-08	3.637452e-03	1.687904e+07	2.795413e+02	8.454207e+07	
5.750000e+00	2.333573e+10	4.761001e+10	1.609479e+01	5.969026e+01	4.860448e+01	3.019889e+00	4.211126e-01	0.000000e+00	0.000000e+00	0.000000e+00	7.292025e-04	1.223349e-08	3.641686e-03	1.701647e+07	2.854774e+02	8.498140e+07	
5.800000e+00	2.342416e+10	4.702481e+10	1.609998e+01	5.969026e+01	4.862015e+01	3.019889e+00	4.182002e-01	0.000000e+00	0.000000e+00	0.000000e+00	7.315931e-04	1.238147e-08	3.645721e-03	1.713695e+07	2.900256e+02	8.539795e+07	
5.850000e+00	2.350932e+10	4.754529e+10	1.610308e+01	5.969026e+01	4.862951e+01	3.019889e+00	4.214665e-01	0.000000e+00	0.000000e+00	0.000000e+00	7.335194e-04	1.249589e-08	3.649546e-03	1.724454e+07	2.937699e+02	8.579833e+07	
5.900000e+00	2.359655e+10	4.677172e+10	1.610776e+01	5.969026e+01	4.864364e+01	3.019889e+00	4.123864e-01	0.000000e+00	0.000000e+00	0.000000e+00	7.352447e-04	1.263779e-08	3.653299e-03	1.734924e+07	2.982082e+02	8.620525e+07	
5.950000e+00	2.367562e+10	4.681738e+10	1.610704e+01	5.969026e+01	4.864148e+01	3.019889e+00	4.096100e-01	0.000000e+00	0.000000e+00	0.000000e+00	7.363065e-04	1.267373e-08	3.656940e-03	1.743252e+07	3.000583e+02	8.658034e+07	
6.000000e+00	2.375259e+10	4.661899e+10	1.610509e+01	5.969026e+01	4.863558e+01	3.019889e+00	4.162624e-01	0.000000e+00	0.000000e+00	0.000000e+00	7.369922e-04	1.266425e-08	3.660115e-03	1.750547e+07	3.008086e+02	8.693721e+07	
6.050000e+00	2.383527e+10	4.578788e+10	1.610719e+01	5.969026e+01	4.864191e+01	3.019889e+00	4.010646e-01	0.000000e+00	0.000000e+00	0.000000e+00	7.373777e-04	1.264262e-08	3.663196e-03	1.757559e+07	3.013403e+02	8.731326e+07	
6.100000e+00	2.390533e+10	4.579514e+10	1.610095e+01	5.969026e+01	4.862308e+01	3.019889e+00	4.149463e-01	0.000000e+00	0.000000e+00	0.000000e+00	7.372878e-04	1.256740e-08	3.665830e-03	1.762510e+07	3.004278e+02	8.763287e+07	
6.150000e+00	2.398769e+10	4.650385e+10	1.610319e+01	5.969026e+01	4.862984e+01	3.019889e+00	4.203245e-01	0.000000e+00	0.000000e+00	0.000000e+00	7.369638e-04	1.248881e-08	3.668351e-03	1.767806e+07	2.995776e+02	8.799525e+07	
6.200000e+00	2.407398e+10	4.533821e+10	1.610822e+01	5.969026e+01	4.864502e+01	3.019889e+00	3.994254e-01	0.000000e+00	0.000000e+00	0.000000e+00	7.371032e-04	1.258069e-08	3.671183e-03	1.774501e+07	3.028671e+02	8.837997e+07	
6.250000e+00	2.414253e+10	4.583279e+10	1.610155e+01	5.969026e+01	4.862490e+01	3.019889e+00	4.149225e-01	0.000000e+00	0.000000e+00	0.000000e+00	7.368549e-04	1.259253e-08	3.673665e-03	1.778954e+07	3.040155e+02	8.869158e+07	
6.300000e+00	2.422477e+10	4.463409e+10	1.610420e+01	5.969026e+01	4.863288e+01	3.019889e+00	3.940359e-01	0.000000e+00	0.000000e+00	0.000000e+00	7.367486e-04	1.263143e-08	3.676236e-03	1.784756e+07	3.059935e+02	8.905596e+07	
6.350000e+00	2.428971e+10	4.472755e+10	1.609553e+01	5.969026e+01	4.860671e+01	3.019889e+00	4.052078e-01	0.000000e+00	0.000000e+00	0.000000e+00	7.362308e-04	1.260845e-08	3.678394e-03	1.788283e+07	3.062556e+02	8.934712e+07	
6.400000e+00	2.436521e+10	4.534135e+10	1.609406e+01	5.969026e+01	4.860227e+01	3.019889e+00	4.107446e-01	0.000000e+00	0.000000e+00	0.000000e+00	7.357774e-04	1.265085e-08	3.680490e-03	1.792737e+07	3.082407e+02	8.967590e+07	
6.450000e+00	2.444543e+10	4.480505e+10	1.609587e+01	5.969026e+01	4.860774e+01	3.019889e+00	4.116912e-01	0.000000e+00	0.000000e+00	0.000000e+00	7.356614e-04	1.280591e-08	3.682835e-03	1.798356e+07	3.130459e+02	9.002850e+07	
6.500000e+00	2.452609e+10	4.439313e+10	1.609812e+01	5.969026e+01	4.861452e+01	3.019889e+00	4.075406e-01	0.000000e+00	0.000000e+00	0.000000e+00	7.352172e-04	1.288900e-08	3.685128e-03	1.803201e+07	3.161167e+02	9.038180e+07	
6.550000e+00	2.460301e+10	4.327279e+10	1.609806e+01	5.969026e+01	4.861434e+01	3.019889e+00	3.948299e-01	0.000000e+00	0.000000e+00	0.000000e+00	7.347699e-04	1.296089e-08	3.687295e-03	1.807755e+07	3.188768e+02	9.071853e+07	
6.600000e+00	2.466970e+10	4.468679e+10	1.609149e+01	5.969026e+01	4.859450e+01	3.019889e+00	4.054071e-01	0.000000e+00	0.000000e+00	0.000000e+00	7.338916e-04	1.291719e-08	3.689016e-03	1.810489e+07	3.186632e+02	9.100690e+07	
6.650000e+00	2.474609e+10	4.350897e+10	1.609142e+01	5.969026e+01	4.859430e+01	3.019889e+00	3.980857e-01	0.000000e+00	0.000000e+00	0.000000e+00	7.336972e-04	1.296261e-08	3.690373e-03	1.815614e+07	3.207739e+02	9.132230e+07	
6.700000e+00	2.481661e+10	4.378834e+10	1.608770e+01	5.969026e+01	4.858306e+01	3.019889e+00	3.990534e-01	0.000000e+00	0.000000e+00	0.000000e+00	7.329702e-04	1.288338e-08	3.691363e-03	1.818983e+07	3.197219e+02	9.160711e+07	
6.750000e+00	2.488857e+10	4.426456e+10	1.608509e+01	5.969026e+01	4.857517e+01	3.019889e+00	4.039912e-01	0.000000e+00	0.000000e+00	0.000000e+00	7.323855e-04	1.278723e-08	3.692027e-03	1.822803e+07	3.182560e+02	9.188929e+07	
6.800000e+00	2.496499e+10	4.506408e+10	1.608550e+01	5.969026e+01	4.857643e+01	3.019889e+00	4.116496e-01	0.000000e+00	0.000000e+00	0.000000e+00	7.318753e-04	1.271325e-08	3.692594e-03	1.827126e+07	3.173862e+02	9.218557e+07	
6.850000e+00	2.504748e+10	4.538459e+10	1.608997e+01	5.969026e+01	4.858993e+01	3.019889e+00	4.094946e-01	0.000000e+00	0.000000e+00	0.000000e+00	7.318075e-04	1.272488e-08	3.693028e-03	1.832994e+07	3.187263e+02	9.250105e+07	
6.900000e+00	2.512744e+10	4.528249e+10	1.609294e+01	5.969026e+01	4.859888e+01	3.019889e+00	4.044116e-01	0.000000e+00	0.000000e+00	0.000000e+00	7.317826e-04	1.271532e-08	3.693495e-03	1.838782e+07	3.195033e+02	9.280807e+07	
6.950000e+00	2.520277e+10	4.750183e+10	1.609307e+01	5.969026e+01	4.859928e+01	3.019889e+00	4.186560e-01	0.000000e+00	0.000000e+00	0.000000e+00	7.316181e-04	1.263998e-08	3.694050e-03	1.843880e+07	3.185626e+02	9.310029e+07	
7.000000e+00	2.528954e+10	4.894947e+10	1.610063e+01	5.969026e+01	4.862211e+01	3.019889e+00	4.174571e-01	0.000000e+00	0.000000e+00	0.000000e+00	7.321786e-04	1.267748e-08	3.694662e-03	1.851646e+07	3.206076e+02	9.343629e+07	
7.050000e+00	2.537398e+10	5.072326e+10	1.610681e+01	5.969026e+01	4.864076e+01	3.019889e+00	4.292190e-01	0.000000e+00	0.000000e+00	0.000000e+00	7.329582e-04	1.272029e-08	3.695652e-03	1.859807e+07	3.227645e+02	9.377339e+07	
7.100000e+00	2.546678e+10	5.112952e+10	1.611838e+01	5.969026e+01	4.867571e+01	3.019889e+00	4.411682e-01	0.000000e+00	0.000000e+00	0.000000e+00	7.341493e-04	1.281832e-08	3.696940e-03	1.869642e+07	3.264413e+02	9.414917e+07	
7.150000e+00	2.556714e+10	5.192686e+10	1.613478e+01	5.969026e+01	4.872525e+01	3.019889e+00	4.397807e-01	0.000000e+00	0.000000e+00	0.000000e+00	7.787757e-04	1.287429e-08	3.706588e-03	1.991106e+07	3.291588e+02	9.476683e+07	
7.200000e+00	2.566344e+10	5.286996e+10	1.614868e+01	5.969026e+01	4.876722e+01	3.019889e+00	4.302842e-01	0.000000e+00	0.000000e+00	0.000000e+00	7.748605e-04	1.291209e-08	3.707799e-03	1.988558e+07	3.313686e+02	9.515486e+07	
7.250000e+00	2.574958e+10	5.266067e+10	1.615626e+01	5.969026e+01	4.879011e+01	3.019889e+00	3.967026e-01	0.000000e+00	0.000000e+00	0.000000e+00	7.718799e-04	1.296691e-08	3.709434e-03	1.987558e+07	3.338924e+02	9.551637e+07	
7.300000e+00	2.580724e+10	5.298219e+10	1.614610e+01	5.969026e+01	4.875944e+01	3.019889e+00	4.063231e-01	0.000000e+00	0.000000e+00	0.000000e+00	7.292552e-04	1.291698e-08	3.704170e-03	1.882006e+07	3.333516e+02	9.559440e+07	
7.350000e+00	2.587450e+10	5.370697e+10	1.614213e+01	5.969026e+01	4.874744e+01	3.019889e+00	4.096710e-01	0.000000e+00	0.000000e+00	0.000000e+00	7.317149e-04	1.286417e-08	3.706205e-03	1.893276e+07	3.328540e+02	9.589621e+07	
7.400000e+00	2.594518e+10	5.408684e+10	1.614044e+01	5.969026e+01	4.874233e+01	3.019889e+00	4.209089e-01	0.000000e+00	0.000000e+00	0.000000e+00	7.339271e-04	1.277870e-08	3.707971e-03	1.904187e+07	3.315458e+02	9.620399e+07	
7.450000e+00	2.602524e+10	5.392515e+10	1.614470e+01	5.969026e+01	4.875520e+01	3.019889e+00	4.118679e-01	0.000000e+00	0.000000e+00	0.000000e+00	7.360428e-04	1.275364e-08	3.709624e-03	1.915569e+07	3.319165e+02	9.654386e+07	
7.500000e+00	2.609723e+10	5.320279e+10	1.614408e+01	5.969026e+01	4.875331e+01	3.019889e+00	4.052080e-01	0.000000e+00	0.000000e+00	0.000000e+00	7.377310e-04	1.267158e-08	3.711336e-03	1.925274e+07	3.306931e+02	9.685559e+07	
7.550000e+00	2.616396e+10	5.279554e+10	1.614033e+01	5.969026e+01	4.874201e+01	3.019889e+00	4.249062e-01	0.000000e+00	0.000000e+00	0.000000e+00	7.388289e-04	1.249323e-08	3.712805e-03	1.933069e+07	3.268723e+02	9.714168e+07	
7.600000e+00	2.624726e+10	5.124463e+10	1.614693e+01	5.969026e+01	4.876194e+01	3.019889e+00	3.902763e-01	0.000000e+00	0.000000e+00	0.000000e+00	7.393918e-04	1.235280e-08	3.714078e-03	1.940701e+07	3.242271e+02	9.748437e+07	
7.650000e+00	2.630142e+10	5.025688e+10	1.613574e+01	5.969026e+01	4.872813e+01	3.019889e+00	3.941350e-01	0.000000e+00	0.000000e+00	0.000000e+00	7.001709e-04	1.217909e-08	3.708687e-03	1.841549e+07	3.203273e+02	9.754373e+07	
7.700000e+00	2.636072e+10	4.935877e+10	1.612787e+01	5.969026e+01	4.870438e+01	3.019889e+00	3.736088e-01	0.000000e+00	0.000000e+00	0.000000e+00	7.043804e-04	1.200728e-08	3.710466e-03	1.856798e+07	3.165205e+02	9.781058e+07	
7.750000e+00	2.640490e+10	4.786406e+10	1.611094e+01	5.969026e+01	4.865325e+01	3.019889e+00	3.821207e-01	0.000000e+00	0.000000e+00	0.000000e+00	6.687284e-04	1.185778e-08	3.705348e-03	1.765771e+07	3.131035e+02	9.783933e+07	
7.800000e+00	2.645902e+10	4.832905e+10	1.610027e+01	5.969026e+01	4.862102e+01	3.019889e+00	3.861294e-01	0.000000e+00	0.000000e+00	0.000000e+00	6.757998e-04	1.169457e-08	3.706996e-03	1.788100e+07	3.094267e+02	9.808347e+07	
7.850000e+00	2.651831e+10	4.928070e+10	1.609291e+01	5.969026e+01	4.859880e+01	3.019889e+00	3.901877e-01	0.000000e+00	0.000000e+00	0.000000e+00	6.818804e-04	1.154528e-08	3.708390e-03	1.808231e+07	3.061612e+02	9.834023e+07	
7.900000e+00	2.658220e+10	5.028998e+10	1.608849e+01	5.969026e+01	4.858546e+01	3.019889e+00	3.996362e-01	0.000000e+00	0.000000e+00	0.000000e+00	6.873442e-04	1.143796e-08	3.709648e-03	1.827112e+07	3.040461e+02	9.861059e+07	
7.950000e+00	2.665449e+10	5.127080e+10	1.608928e+01	5.969026e+01	4.858785e+01	3.019889e+00	4.133255e-01	0.000000e+00	0.000000e+00	0.000000e+00	6.923632e-04	1.139096e-08	3.710774e-03	1.845459e+07	3.036203e+02	9.890877e+07	
8.000000e+00	2.673765e+10	5.089922e+10	1.609673e+01	5.969026e+01	4.861033e+01	3.019889e+00	3.913420e-01	0.000000e+00	0.000000e+00	0.000000e+00	6.969787e-04	1.137558e-08	3.711780e-03	1.863557e+07	3.041563e+02	9.924429e+07	
8.050000e+00	2.680178e+10	5.155477e+10	1.609282e+01	5.969026e+01	4.859852e+01	3.019889e+00	4.003615e-01	0.000000e+00	0.000000e+00	0.000000e+00	6.626748e-04	1.144216e-08	3.706662e-03	1.776086e+07	3.066703e+02	9.934514e+07	
8.100000e+00	2.687387e+10	5.269269e+10	1.609381e+01	5.969026e+01	4.860151e+01	3.019889e+00	4.046143e-01	0.000000e+00	0.000000e+00	0.000000e+00	6.709182e-04	1.152930e-08	3.708896e-03	1.803017e+07	3.098370e+02	9.967238e+07	
8.150000e+00	2.694921e+10	5.436540e+10	1.609684e+01	5.969026e+01	4.861067e+01	3.019889e+00	4.170491e-01	0.000000e+00	0.000000e+00	0.000000e+00	6.784861e-04	1.162974e-08	3.711312e-03	1.828466e+07	3.134123e+02	1.000169e+08	
8.200000e+00	2.703400e+10	5.460809e+10	1.610560e+01	5.969026e+01	4.863713e+01	3.019889e+00	4.109717e-01	0.000000e+00	0.000000e+00	0.000000e+00	6.858030e-04	1.188991e-08	3.714116e-03	1.854000e+07	3.214320e+02	1.004074e+08	
8.250000e+00	2.711233e+10	5.312636e+10	1.611058e+01	5.969026e+01	4.865216e+01	3.019889e+00	3.855126e-01	0.000000e+00	0.000000e+00	0.000000e+00	6.919897e-04	1.203569e-08	3.716815e-03	1.876145e+07	3.263155e+02	1.007715e+08	
8.300000e+00	2.716924e+10	5.411827e+10	1.610295e+01	5.969026e+01	4.862913e+01	3.019889e+00	3.875346e-01	0.000000e+00	0.000000e+00	0.000000e+00	6.591842e-04	1.212630e-08	3.713194e-03	1.790954e+07	3.294625e+02	1.008847e+08	
8.350000e+00	2.722918e+10	5.732571e+10	1.609725e+01	5.969026e+01	4.861191e+01	3.019889e+00	4.012278e-01	0.000000e+00	0.000000e+00	0.000000e+00	6.302193e-04	1.224457e-08	3.709610e-03	1.716035e+07	3.334094e+02	1.010096e+08	
8.400000e+00	2.730116e+10	5.868304e+10	1.609879e+01	5.969026e+01	4.861657e+01	3.019889e+00	3.927485e-01	0.000000e+00	0.000000e+00	0.000000e+00	6.428874e-04	1.233180e-08	3.713198e-03	1.755157e+07	3.366724e+02	1.013746e+08	
8.450000e+00	2.736605e+10	5.995205e+10	1.609625e+01	5.969026e+01	4.860889e+01	3.019889e+00	4.042523e-01	0.000000e+00	0.000000e+00	0.000000e+00	6.541557e-04	1.233951e-08	3.716505e-03	1.790166e+07	3.376835e+02	1.017060e+08	
8.500000e+00	2.744065e+10	6.154244e+10	1.609953e+01	5.969026e+01	4.861879e+01	3.019889e+00	4.206626e-01	0.000000e+00	0.000000e+00	0.000000e+00	6.644167e-04	1.235893e-08	3.719934e-03	1.823203e+07	3.391370e+02	1.020774e+08	
8.550000e+00	2.752787e+10	6.143103e+10	1.611027e+01	5.969026e+01	4.865124e+01	3.019889e+00	4.071820e-01	0.000000e+00	0.000000e+00	0.000000e+00	6.737966e-04	1.239560e-08	3.723087e-03	1.854819e+07	3.412246e+02	1.024887e+08	
8.600000e+00	2.760230e+10	6.451793e+10	1.611360e+01	5.969026e+01	4.866127e+01	3.019889e+00	4.234863e-01	0.000000e+00	0.000000e+00	0.000000e+00	6.818667e-04	1.235917e-08	3.726143e-03	1.882109e+07	3.411414e+02	1.028501e+08	
8.650000e+00	2.768926e+10	6.575686e+10	1.612431e+01	5.969026e+01	4.869361e+01	3.019889e+00	4.217347e-01	0.000000e+00	0.000000e+00	0.000000e+00	6.894917e-04	1.238763e-08	3.729046e-03	1.909152e+07	3.430043e+02	1.032545e+08	
8.700000e+00	2.777289e+10	6.502888e+10	1.613312e+01	5.969026e+01	4.872023e+01	3.019889e+00	4.181096e-01	0.000000e+00	0.000000e+00	0.000000e+00	6.960674e-04	1.231478e-08	3.732015e-03	1.933180e+07	3.420171e+02	1.036488e+08	
8.750000e+00	2.785201e+10	6.460518e+10	1.613937e+01	5.969026e+01	4.873911e+01	3.019889e+00	4.173444e-01	0.000000e+00	0.000000e+00	0.000000e+00	7.017982e-04	1.227561e-08	3.734801e-03	1.954649e+07	3.419004e+02	1.040217e+08	
8.800000e+00	2.792938e+10	6.674622e+10	1.614469e+01	5.969026e+01	4.875516e+01	3.019889e+00	4.255522e-01	0.000000e+00	0.000000e+00	0.000000e+00	7.068738e-04	1.226920e-08	3.737473e-03	1.974255e+07	3.426712e+02	1.043853e+08	
8.850000e+00	2.801242e+10	6.668612e+10	1.615334e+01	5.969026e+01	4.878129e+01	3.019889e+00	4.244074e-01	0.000000e+00	0.000000e+00	0.000000e+00	7.121592e-04	1.241051e-08	3.740530e-03	1.994930e+07	3.476485e+02	1.047813e+08	
8.900000e+00	2.809298e+10	6.769691e+10	1.616062e+01	5.969026e+01	4.880327e+01	3.019889e+00	4.244659e-01	0.000000e+00	0.000000e+00	0.000000e+00	7.169357e-04	1.253057e-08	3.743504e-03	2.014086e+07	3.520211e+02	1.051662e+08	
8.950000e+00	2.817228e+10	6.749248e+10	1.616723e+01	5.969026e+01	4.882324e+01	3.019889e+00	4.213675e-01	0.000000e+00	0.000000e+00	0.000000e+00	7.213392e-04	1.261835e-08	3.746260e-03	2.032177e+07	3.554878e+02	1.055407e+08	
9.000000e+00	2.824789e+10	6.846873e+10	1.617179e+01	5.969026e+01	4.883701e+01	3.019889e+00	4.385679e-01	0.000000e+00	0.000000e+00	0.000000e+00	7.251490e-04	1.264776e-08	3.748926e-03	2.048393e+07	3.572726e+02	1.058992e+08	
9.050000e+00	2.833658e+10	6.738748e+10	1.618390e+01	5.969026e+01	4.887357e+01	3.019889e+00	4.322573e-01	0.000000e+00	0.000000e+00	0.000000e+00	7.291063e-04	1.273030e-08	3.751851e-03	2.066038e+07	3.607331e+02	1.063146e+08	
9.100000e+00	2.841800e+10	6.432758e+10	1.619189e+01	5.969026e+01	4.889771e+01	3.019889e+00	4.164727e-01	0.000000e+00	0.000000e+00	0.000000e+00	7.327075e-04	1.284498e-08	3.754873e-03	2.082209e+07	3.650287e+02	1.067060e+08	
9.150000e+00	2.848521e+10	6.364617e+10	1.619186e+01	5.969026e+01	4.889762e+01	3.019889e+00	4.015685e-01	0.000000e+00	0.000000e+00	0.000000e+00	7.352383e-04	1.284944e-08	3.757665e-03	2.094342e+07	3.660190e+02	1.070379e+08	
9.200000e+00	2.854036e+10	6.351942e+10	1.618508e+01	5.969026e+01	4.887714e+01	3.019889e+00	4.217911e-01	0.000000e+00	0.000000e+00	0.000000e+00	7.011880e-04	1.287554e-08	3.754400e-03	2.001216e+07	3.674726e+02	1.071519e+08	
9.250000e+00	2.861309e+10	6.502579e+10	1.618837e+01	5.969026e+01	4.888709e+01	3.019889e+00	4.256584e-01	0.000000e+00	0.000000e+00	0.000000e+00	7.073174e-04	1.300662e-08	3.758073e-03	2.023854e+07	3.721598e+02	1.075301e+08	
9.300000e+00	2.868837e+10	6.459686e+10	1.619317e+01	5.969026e+01	4.890158e+01	3.019889e+00	4.158169e-01	0.000000e+00	0.000000e+00	0.000000e+00	7.130465e-04	1.316568e-08	3.761479e-03	2.045614e+07	3.777018e+02	1.079107e+08	
9.350000e+00	2.875481e+10	6.514369e+10	1.619306e+01	5.969026e+01	4.890125e+01	3.019889e+00	4.186207e-01	0.000000e+00	0.000000e+00	0.000000e+00	7.180913e-04	1.328679e-08	3.764775e-03	2.064858e+07	3.820591e+02	1.082554e+08	
9.400000e+00	2.882355e+10	6.306488e+10	1.619433e+01	5.969026e+01	4.890506e+01	3.019889e+00	4.016174e-01	0.000000e+00	0.000000e+00	0.000000e+00	7.227480e-04	1.339836e-08	3.767679e-03	2.083216e+07	3.861884e+02	1.085979e+08	
9.450000e+00	2.887829e+10	6.319687e+10	1.618783e+01	5.969026e+01	4.888543e+01	3.019889e+00	4.107615e-01	0.000000e+00	0.000000e+00	0.000000e+00	7.260338e-04	1.332041e-08	3.770052e-03	2.096661e+07	3.846705e+02	1.088727e+08	
9.500000e+00	2.894161e+10	6.438906e+10	1.618624e+01	5.969026e+01	4.888063e+01	3.019889e+00	4.222965e-01	0.000000e+00	0.000000e+00	0.000000e+00	7.289178e-04	1.320369e-08	3.771927e-03	2.109605e+07	3.821359e+02	1.091656e+08	
9.550000e+00	2.901455e+10	6.496507e+10	1.619011e+01	5.969026e+01	4.889232e+01	3.019889e+00	4.044479e-01	0.000000e+00	0.000000e+00	0.000000e+00	7.316340e-04	1.304346e-08	3.773397e-03	2.122803e+07	3.784499e+02	1.094834e+08	
9.600000e+00	2.907234e+10	6.632578e+10	1.618561e+01	5.969026e+01	4.887875e+01	3.019889e+00	4.075105e-01	0.000000e+00	0.000000e+00	0.000000e+00	7.340986e-04	1.281735e-08	3.774938e-03	2.134196e+07	3.726302e+02	1.097463e+08	
9.650000e+00	2.913342e+10	6.854467e+10	1.618305e+01	5.969026e+01	4.887101e+01	3.019889e+00	4.145956e-01	0.000000e+00	0.000000e+00	0.000000e+00	7.363642e-04	1.262130e-08	3.776348e-03	2.145281e+07	3.677018e+02	1.100180e+08	
9.700000e+00	2.920071e+10	6.945531e+10	1.618401e+01	5.969026e+01	4.887392e+01	3.019889e+00	4.037955e-01	0.000000e+00	0.000000e+00	0.000000e+00	7.386933e-04	1.252698e-08	3.777749e-03	2.157037e+07	3.657968e+02	1.103129e+08	
9.750000e+00	2.925907e+10	6.951316e+10	1.618012e+01	5.969026e+01	4.886218e+01	3.019889e+00	4.060536e-01	0.000000e+00	0.000000e+00	0.000000e+00	7.409141e-04	1.243832e-08	3.779176e-03	2.167846e+07	3.639337e+02	1.105752e+08	
9.800000e+00	2.931997e+10	7.029901e+10	1.617773e+01	5.969026e+01	4.885495e+01	3.019889e+00	4.083281e-01	0.000000e+00	0.000000e+00	0.000000e+00	7.426089e-04	1.232641e-08	3.780468e-03	2.177327e+07	3.614101e+02	1.108432e+08	
9.850000e+00	2.938314e+10	7.355792e+10	1.617668e+01	5.969026e+01	4.885176e+01	3.019889e+00	4.235898e-01	0.000000e+00	0.000000e+00	0.000000e+00	7.439942e-04	1.221486e-08	3.781556e-03	2.186089e+07	3.589110e+02	1.111140e+08	
9.900000e+00	2.945885e+10	7.355921e+10	1.618259e+01	5.969026e+01	4.886963e+01	3.019889e+00	4.147560e-01	0.000000e+00	0.000000e+00	0.000000e+00	7.461317e-04	1.226639e-08	3.782997e-03	2.198018e+07	3.613536e+02	1.114427e+08	
9.950000e+00	2.952634e+10	7.728339e+10	1.618406e+01	5.969026e+01	4.887406e+01	3.019889e+00	4.684354e-01	0.000000e+00	0.000000e+00	0.000000e+00	7.480331e-04	1.227999e-08	3.784584e-03	2.208668e+07	3.625831e+02	1.117449e+08	
1.000000e+01	2.963701e+10	7.757432e+10	1.620921e+01	5.969026e+01	4.895002e+01	3.019889e+00	4.473670e-01	0.000000e+00	0.000000e+00	0.000000e+00	7.886027e-04	1.247141e-08	3.793611e-03	2.337182e+07	3.696154e+02	1.124313e+08	
1.005000e+01	2.972613e+10	7.776063e+10	1.622257e+01	5.969026e+01	4.899037e+01	3.019889e+00	4.431279e-01	0.000000e+00	0.000000e+00	0.000000e+00	7.870979e-04	1.269371e-08	3.795362e-03	2.339738e+07	3.773350e+02	1.128214e+08	
1.010000e+01	2.980943e+10	7.820056e+10	1.623278e+01	5.969026e+01	4.902120e+01	3.019889e+00	4.450933e-01	0.000000e+00	0.000000e+00	0.000000e+00	7.857827e-04	1.288847e-08	3.797077e-03	2.342374e+07	3.841980e+02	1.131887e+08	
1.015000e+01	2.989250e+10	7.748606e+10	1.624290e+01	5.969026e+01	4.905175e+01	3.019889e+00	4.352522e-01	0.000000e+00	0.000000e+00	0.000000e+00	7.846377e-04	1.305922e-08	3.799128e-03	2.345478e+07	3.903728e+02	1.135654e+08	
1.020000e+01	2.996577e+10	7.748075e+10	1.624773e+01	5.969026e+01	4.906634e+01	3.019889e+00	4.464611e-01	0.000000e+00	0.000000e+00	0.000000e+00	7.834276e-04	1.317643e-08	3.801127e-03	2.347601e+07	3.948418e+02	1.139037e+08	
1.025000e+01	3.004728e+10	7.793767e+10	1.625708e+01	5.969026e+01	4.909457e+01	3.019889e+00	4.378743e-01	0.000000e+00	0.000000e+00	0.000000e+00	8.194977e-04	1.322482e-08	3.809934e-03	2.462367e+07	3.973698e+02	1.144782e+08	
1.030000e+01	3.012014e+10	7.808157e+10	1.626179e+01	5.969026e+01	4.910879e+01	3.019889e+00	4.589096e-01	0.000000e+00	0.000000e+00	0.000000e+00	8.146265e-04	1.327509e-08	3.811503e-03	2.453666e+07	3.998475e+02	1.148030e+08	
1.035000e+01	3.020925e+10	7.898413e+10	1.627531e+01	5.969026e+01	4.914963e+01	3.019889e+00	4.494550e-01	0.000000e+00	0.000000e+00	0.000000e+00	8.473865e-04	1.335311e-08	3.819705e-03	2.559891e+07	4.033876e+02	1.153904e+08	
1.040000e+01	3.028827e+10	8.106024e+10	1.628342e+01	5.969026e+01	4.917411e+01	3.019889e+00	4.396036e-01	0.000000e+00	0.000000e+00	0.000000e+00	8.398978e-04	1.341351e-08	3.820713e-03	2.543905e+07	4.062721e+02	1.157228e+08	
1.045000e+01	3.035782e+10	8.151252e+10	1.628649e+01	5.969026e+01	4.918338e+01	3.019889e+00	4.358529e-01	0.000000e+00	0.000000e+00	0.000000e+00	8.339016e-04	1.357376e-08	3.822056e-03	2.531544e+07	4.120698e+02	1.160293e+08	
1.050000e+01	3.042377e+10	8.235920e+10	1.628768e+01	5.969026e+01	4.918699e+01	3.019889e+00	4.284379e-01	0.000000e+00	0.000000e+00	0.000000e+00	8.283827e-04	1.365170e-08	3.823292e-03	2.520252e+07	4.153361e+02	1.163189e+08	
1.055000e+01	3.048346e+10	8.104286e+10	1.628560e+01	5.969026e+01	4.918072e+01	3.019889e+00	4.316649e-01	0.000000e+00	0.000000e+00	0.000000e+00	8.236261e-04	1.370747e-08	3.824714e-03	2.510697e+07	4.178511e+02	1.165905e+08	
1.060000e+01	3.054615e+10	8.237804e+10	1.628521e+01	5.969026e+01	4.917951e+01	3.019889e+00	4.233461e-01	0.000000e+00	0.000000e+00	0.000000e+00	8.186371e-04	1.362283e-08	3.825483e-03	2.500621e+07	4.161249e+02	1.168538e+08	
1.065000e+01	3.060214e+10	8.176800e+10	1.628131e+01	5.969026e+01	4.916776e+01	3.019889e+00	4.222172e-01	0.000000e+00	0.000000e+00	0.000000e+00	8.145932e-04	1.359206e-08	3.826409e-03	2.492830e+07	4.159461e+02	1.170963e+08	
1.070000e+01	3.065791e+10	8.063646e+10	1.627739e+01	5.969026e+01	4.915591e+01	3.019889e+00	4.002090e-01	0.000000e+00	0.000000e+00	0.000000e+00	8.108417e-04	1.345914e-08	3.827129e-03	2.485871e+07	4.126290e+02	1.173318e+08	
1.075000e+01	3.069648e+10	7.999839e+10	1.626443e+01	5.969026e+01	4.911678e+01	3.019889e+00	4.076309e-01	0.000000e+00	0.000000e+00	0.000000e+00	7.732274e-04	1.332125e-08	3.821863e-03	2.373536e+07	4.089156e+02	1.173177e+08	
1.080000e+01	3.074343e+10	8.097782e+10	1.625603e+01	5.969026e+01	4.909141e+01	3.019889e+00	4.159251e-01	0.000000e+00	0.000000e+00	0.000000e+00	7.729814e-04	1.315086e-08	3.822560e-03	2.376410e+07	4.043024e+02	1.175186e+08	
1.085000e+01	3.079863e+10	8.032687e+10	1.625209e+01	5.969026e+01	4.907950e+01	3.019889e+00	3.898403e-01	0.000000e+00	0.000000e+00	0.000000e+00	7.728344e-04	1.302370e-08	3.823068e-03	2.380224e+07	4.011122e+02	1.177453e+08	
1.090000e+01	3.083335e+10	7.980327e+10	1.623744e+01	5.969026e+01	4.903526e+01	3.019889e+00	3.807996e-01	0.000000e+00	0.000000e+00	0.000000e+00	7.723458e-04	1.278794e-08	3.823447e-03	2.381401e+07	3.942952e+02	1.178897e+08	
1.095000e+01	3.086339e+10	8.192307e+10	1.622046e+01	5.969026e+01	4.898398e+01	3.019889e+00	3.977625e-01	0.000000e+00	0.000000e+00	0.000000e+00	7.379671e-04	1.260212e-08	3.817894e-03	2.277617e+07	3.889442e+02	1.178332e+08	
1.100000e+01	3.091028e+10	8.079007e+10	1.621244e+01	5.969026e+01	4.895978e+01	3.019889e+00	3.987565e-01	0.000000e+00	0.000000e+00	0.000000e+00	7.409251e-04	1.243758e-08	3.818541e-03	2.290220e+07	3.844489e+02	1.180321e+08	
1.105000e+01	3.095942e+10	7.985935e+10	1.620571e+01	5.969026e+01	4.893945e+01	3.019889e+00	4.010939e-01	0.000000e+00	0.000000e+00	0.000000e+00	7.429366e-04	1.219677e-08	3.818694e-03	2.300089e+07	3.776050e+02	1.182246e+08	
1.110000e+01	3.101168e+10	7.993038e+10	1.620070e+01	5.969026e+01	4.892430e+01	3.019889e+00	3.966392e-01	0.000000e+00	0.000000e+00	0.000000e+00	7.443683e-04	1.196952e-08	3.818604e-03	2.308411e+07	3.711950e+02	1.184213e+08	
1.115000e+01	3.106123e+10	7.993932e+10	1.619436e+01	5.969026e+01	4.890515e+01	3.019889e+00	3.960616e-01	0.000000e+00	0.000000e+00	0.000000e+00	7.456147e-04	1.181803e-08	3.818625e-03	2.315971e+07	3.670825e+02	1.186112e+08	
1.120000e+01	3.111147e+10	8.029156e+10	1.618846e+01	5.969026e+01	4.888734e+01	3.019889e+00	3.772550e-01	0.000000e+00	0.000000e+00	0.000000e+00	7.465150e-04	1.162381e-08	3.818487e-03	2.322517e+07	3.616337e+02	1.187987e+08	
1.125000e+01	3.114755e+10	8.141507e+10	1.617530e+01	5.969026e+01	4.884760e+01	3.019889e+00	3.833056e-01	0.000000e+00	0.000000e+00	0.000000e+00	7.138698e-04	1.143800e-08	3.812358e-03	2.223529e+07	3.562658e+02	1.187456e+08	
1.130000e+01	3.119092e+10	8.138106e+10	1.616603e+01	5.969026e+01	4.881961e+01	3.019889e+00	3.906765e-01	0.000000e+00	0.000000e+00	0.000000e+00	7.175959e-04	1.122874e-08	3.812475e-03	2.238248e+07	3.502348e+02	1.189146e+08	
1.135000e+01	3.124193e+10	8.210036e+10	1.616081e+01	5.969026e+01	4.880386e+01	3.019889e+00	3.813673e-01	0.000000e+00	0.000000e+00	0.000000e+00	7.207810e-04	1.102839e-08	3.812429e-03	2.251859e+07	3.445483e+02	1.191076e+08	
1.140000e+01	3.128637e+10	8.279116e+10	1.615228e+01	5.969026e+01	4.877810e+01	3.019889e+00	3.929418e-01	0.000000e+00	0.000000e+00	0.000000e+00	7.233863e-04	1.081608e-08	3.812395e-03	2.263214e+07	3.383958e+02	1.192760e+08	
1.145000e+01	3.134171e+10	8.334076e+10	1.614947e+01	5.969026e+01	4.876959e+01	3.019889e+00	3.883454e-01	0.000000e+00	0.000000e+00	0.000000e+00	7.258470e-04	1.070413e-08	3.812527e-03	2.274929e+07	3.354859e+02	1.194911e+08	
1.150000e+01	3.139385e+10	8.453994e+10	1.614507e+01	5.969026e+01	4.875633e+01	3.019889e+00	3.985743e-01	0.000000e+00	0.000000e+00	0.000000e+00	7.279352e-04	1.056387e-08	3.812554e-03	2.285269e+07	3.316406e+02	1.196908e+08	
1.155000e+01	3.145505e+10	8.389517e+10	1.614540e+01	5.969026e+01	4.875733e+01	3.019889e+00	3.898335e-01	0.000000e+00	0.000000e+00	0.000000e+00	7.301169e-04	1.053264e-08	3.812924e-03	2.296586e+07	3.313045e+02	1.199357e+08	
1.160000e+01	3.150912e+10	8.445791e+10	1.614215e+01	5.969026e+01	4.874750e+01	3.019889e+00	3.908845e-01	0.000000e+00	0.000000e+00	0.000000e+00	7.321060e-04	1.051115e-08	3.813492e-03	2.306802e+07	3.311972e+02	1.201598e+08	
1.165000e+01	3.156464e+10	8.445737e+10	1.613970e+01	5.969026e+01	4.874010e+01	3.019889e+00	3.958005e-01	0.000000e+00	0.000000e+00	0.000000e+00	7.340262e-04	1.051319e-08	3.814174e-03	2.316927e+07	3.318452e+02	1.203930e+08	
1.170000e+01	3.162457e+10	8.652557e+10	1.613957e+01	5.969026e+01	4.873971e+01	3.019889e+00	3.899884e-01	0.000000e+00	0.000000e+00	0.000000e+00	7.356987e-04	1.048661e-08	3.814637e-03	2.326615e+07	3.316347e+02	1.206362e+08	
1.175000e+01	3.167983e+10	8.594272e+10	1.613712e+01	5.969026e+01	4.873232e+01	3.019889e+00	3.985953e-01	0.000000e+00	0.000000e+00	0.000000e+00	7.050243e-04	1.059294e-08	3.809933e-03	2.233505e+07	3.355826e+02	1.206980e+08	
1.180000e+01	3.174248e+10	8.754353e+10	1.613850e+01	5.969026e+01	4.873648e+01	3.019889e+00	4.210750e-01	0.000000e+00	0.000000e+00	0.000000e+00	7.124978e-04	1.064130e-08	3.811930e-03	2.261645e+07	3.377812e+02	1.210001e+08	
1.185000e+01	3.182302e+10	8.815618e+10	1.614901e+01	5.969026e+01	4.876821e+01	3.019889e+00	4.077898e-01	0.000000e+00	0.000000e+00	0.000000e+00	7.517482e-04	1.065075e-08	3.819537e-03	2.392290e+07	3.389390e+02	1.215492e+08	
1.190000e+01	3.189094e+10	8.900482e+10	1.615314e+01	5.969026e+01	4.878069e+01	3.019889e+00	4.154382e-01	0.000000e+00	0.000000e+00	0.000000e+00	7.517867e-04	1.066786e-08	3.820039e-03	2.397518e+07	3.402082e+02	1.218246e+08	
1.195000e+01	3.196429e+10	9.085945e+10	1.616006e+01	5.969026e+01	4.880159e+01	3.019889e+00	4.193248e-01	0.000000e+00	0.000000e+00	0.000000e+00	7.516028e-04	1.065239e-08	3.819809e-03	2.402445e+07	3.404960e+02	1.220975e+08	
1.200000e+01	3.203954e+10	8.865107e+10	1.616797e+01	5.969026e+01	4.882546e+01	3.019889e+00	4.050406e-01	0.000000e+00	0.000000e+00	0.000000e+00	7.547373e-04	1.071354e-08	3.820500e-03	2.418143e+07	3.432568e+02	1.224071e+08	
1.205000e+01	3.210182e+10	9.142779e+10	1.616937e+01	5.969026e+01	4.882969e+01	3.019889e+00	4.222680e-01	0.000000e+00	0.000000e+00	0.000000e+00	7.541034e-04	1.064385e-08	3.820441e-03	2.420809e+07	3.416869e+02	1.226431e+08	
1.210000e+01	3.217777e+10	9.242067e+10	1.617769e+01	5.969026e+01	4.885483e+01	3.019889e+00	4.291598e-01	0.000000e+00	0.000000e+00	0.000000e+00	7.545393e-04	1.082112e-08	3.821249e-03	2.427939e+07	3.481996e+02	1.229593e+08	
1.215000e+01	3.225779e+10	9.213684e+10	1.618809e+01	5.969026e+01	4.888622e+01	3.019889e+00	4.309521e-01	0.000000e+00	0.000000e+00	0.000000e+00	7.550223e-04	1.098555e-08	3.822079e-03	2.435535e+07	3.543697e+02	1.232918e+08	
1.220000e+01	3.233741e+10	9.497579e+10	1.619829e+01	5.969026e+01	4.891703e+01	3.019889e+00	4.510863e-01	0.000000e+00	0.000000e+00	0.000000e+00	7.554196e-04	1.112537e-08	3.823037e-03	2.442831e+07	3.597658e+02	1.236271e+08	
1.225000e+01	3.243149e+10	9.490550e+10	1.621575e+01	5.969026e+01	4.896975e+01	3.019889e+00	4.411780e-01	0.000000e+00	0.000000e+00	0.000000e+00	7.563738e-04	1.135710e-08	3.824240e-03	2.453033e+07	3.683278e+02	1.240258e+08	
1.230000e+01	3.251443e+10	9.686022e+10	1.622763e+01	5.969026e+01	4.900564e+01	3.019889e+00	4.337776e-01	0.000000e+00	0.000000e+00	0.000000e+00	7.573068e-04	1.159467e-08	3.825718e-03	2.462340e+07	3.769941e+02	1.243910e+08	
1.235000e+01	3.258924e+10	9.700572e+10	1.623548e+01	5.969026e+01	4.902933e+01	3.019889e+00	4.203905e-01	0.000000e+00	0.000000e+00	0.000000e+00	7.583662e-04	1.176142e-08	3.827155e-03	2.471458e+07	3.832956e+02	1.247241e+08	
1.240000e+01	3.265178e+10	9.701160e+10	1.623724e+01	5.969026e+01	4.903466e+01	3.019889e+00	4.258017e-01	0.000000e+00	0.000000e+00	0.000000e+00	7.593622e-04	1.188274e-08	3.828584e-03	2.479453e+07	3.879927e+02	1.250101e+08	
1.245000e+01	3.271839e+10	9.869350e+10	1.624108e+01	5.969026e+01	4.904624e+01	3.019889e+00	4.548497e-01	0.000000e+00	0.000000e+00	0.000000e+00	7.603807e-04	1.201502e-08	3.830054e-03	2.487843e+07	3.931121e+02	1.253132e+08	
