# COLUMN NUMBERS: 
#	0: time [Gyr]
#	1: mgas [Msun]			ISM gas mass
#	2: mstar [Msun]			Stellar mass
#	3: sfr [Msun/yr]		Star formation rate
#	4: ifr [Msun/yr]		Infall rate
#	5: ofr [Msun/yr]		Outfow rate
#	6: eta_0			Mass-loading factor
#	7: r_eff			Effective recycilng rate
#	8: z_in(fe)			Inflow fe metallicity
#	9: z_in(sr)			Inflow sr metallicity
#	10: z_in(o)			Inflow o metallicity
#	11: z_out(fe)			Outflow fe metallicity
#	12: z_out(sr)			Outflow sr metallicity
#	13: z_out(o)			Outflow o metallicity
#	14: mass(fe) [Msun]		mass of element fe in ISM
#	15: mass(sr) [Msun]		mass of element sr in ISM
#	16: mass(o) [Msun]		mass of element o in ISM
0.000000e+00	1.000000e-12	5.629552e-29	1.501913e-36	3.141593e+00	1.348051e-37	8.975559e-02	2.503490e-01	0.000000e+00	0.000000e+00	0.000000e+00	3.714927e-283	1.024280e-280	1.024282e-280	0.000000e+00	0.000000e+00	0.000000e+00	
5.000000e-02	1.570796e+08	8.896796e+06	2.373584e-01	3.141593e+00	2.130424e-02	8.975559e-02	2.503490e-01	0.000000e+00	0.000000e+00	0.000000e+00	8.324584e-05	9.295786e-10	1.040573e-03	1.307623e+04	1.460179e-01	1.634528e+05	
1.000000e-01	3.041973e+08	2.557790e+07	4.521887e-01	3.141593e+00	4.058647e-02	8.975559e-02	2.622061e-01	0.000000e+00	0.000000e+00	0.000000e+00	1.223488e-04	1.366228e-09	1.529360e-03	3.721817e+04	4.156029e-01	4.652271e+05	
1.500000e-01	4.425665e+08	4.917650e+07	6.475135e-01	3.141593e+00	5.811795e-02	8.975559e-02	2.711008e-01	0.000000e+00	0.000000e+00	0.000000e+00	1.598766e-04	1.789063e-09	1.998421e-03	7.075601e+04	7.917791e-01	8.844340e+05	
2.000000e-01	5.731416e+08	7.897347e+07	8.257532e-01	3.141593e+00	7.411596e-02	8.975559e-02	2.783080e-01	0.000000e+00	0.000000e+00	0.000000e+00	1.959110e-04	2.202300e-09	2.448758e-03	1.122847e+05	1.262230e+00	1.403485e+06	
2.500000e-01	6.967185e+08	1.143566e+08	9.889245e-01	3.141593e+00	8.876151e-02	8.975559e-02	2.844113e-01	0.000000e+00	0.000000e+00	0.000000e+00	2.314809e-04	2.614116e-09	2.881491e-03	1.612770e+05	1.821303e+00	2.007588e+06	
3.000000e-01	8.139769e+08	1.547972e+08	1.138737e+00	3.141593e+00	1.022080e-01	8.975559e-02	2.897294e-01	0.000000e+00	0.000000e+00	0.000000e+00	2.669102e-04	3.032447e-09	3.297555e-03	2.172587e+05	2.468342e+00	2.684134e+06	
3.500000e-01	9.255055e+08	1.998339e+08	1.276654e+00	3.141593e+00	1.145868e-01	8.975559e-02	2.944565e-01	0.000000e+00	0.000000e+00	0.000000e+00	3.023220e-04	3.461489e-09	3.697794e-03	2.798006e+05	3.203627e+00	3.422329e+06	
4.000000e-01	1.031819e+09	2.490616e+08	1.403938e+00	3.141593e+00	1.260113e-01	8.975559e-02	2.987207e-01	0.000000e+00	0.000000e+00	0.000000e+00	3.377645e-04	3.897138e-09	4.082990e-03	3.485119e+05	4.021141e+00	4.212907e+06	
4.500000e-01	1.133371e+09	3.021220e+08	1.521687e+00	3.141593e+00	1.365799e-01	8.975559e-02	3.026108e-01	0.000000e+00	0.000000e+00	0.000000e+00	3.732531e-04	4.339333e-09	4.453868e-03	4.230341e+05	4.918072e+00	5.047883e+06	
5.000000e-01	1.230561e+09	3.586971e+08	1.630858e+00	3.141593e+00	1.463786e-01	8.975559e-02	3.061914e-01	0.000000e+00	0.000000e+00	0.000000e+00	4.087868e-04	4.808343e-09	4.811117e-03	5.030370e+05	5.916958e+00	5.920371e+06	
5.500000e-01	1.323746e+09	4.185034e+08	1.732288e+00	3.141593e+00	1.554825e-01	8.975559e-02	3.095110e-01	0.000000e+00	0.000000e+00	0.000000e+00	4.443561e-04	5.331766e-09	5.155390e-03	5.882147e+05	7.057906e+00	6.824428e+06	
6.000000e-01	1.413246e+09	4.812870e+08	1.826716e+00	3.141593e+00	1.639580e-01	8.975559e-02	3.126068e-01	0.000000e+00	0.000000e+00	0.000000e+00	4.799468e-04	5.924739e-09	5.487300e-03	6.782826e+05	8.373111e+00	7.754903e+06	
6.500000e-01	1.499344e+09	5.468200e+08	1.914793e+00	3.141593e+00	1.718634e-01	8.975559e-02	3.155084e-01	0.000000e+00	0.000000e+00	0.000000e+00	5.155422e-04	6.592872e-09	5.807431e-03	7.729749e+05	9.884980e+00	8.707334e+06	
7.000000e-01	1.582297e+09	6.148971e+08	1.997097e+00	3.141593e+00	1.792506e-01	8.975559e-02	3.182396e-01	0.000000e+00	0.000000e+00	0.000000e+00	5.511244e-04	7.336122e-09	6.116329e-03	8.720426e+05	1.160792e+01	9.677850e+06	
7.500000e-01	1.662337e+09	6.853328e+08	2.074140e+00	3.141593e+00	1.861657e-01	8.975559e-02	3.208198e-01	0.000000e+00	0.000000e+00	0.000000e+00	5.866750e-04	8.151945e-09	6.414511e-03	9.752516e+05	1.355128e+01	1.066308e+07	
8.000000e-01	1.739673e+09	7.579593e+08	2.146380e+00	3.141593e+00	1.926496e-01	8.975559e-02	3.232650e-01	0.000000e+00	0.000000e+00	0.000000e+00	6.221752e-04	9.036357e-09	6.702461e-03	1.082381e+06	1.572030e+01	1.166009e+07	
8.500000e-01	1.814493e+09	8.326242e+08	2.214225e+00	3.141593e+00	1.987391e-01	8.975559e-02	3.255888e-01	0.000000e+00	0.000000e+00	0.000000e+00	6.576068e-04	9.984443e-09	6.980637e-03	1.193223e+06	1.811671e+01	1.266632e+07	
9.000000e-01	1.886971e+09	9.091889e+08	2.278041e+00	3.141593e+00	2.044670e-01	8.975559e-02	3.278027e-01	0.000000e+00	0.000000e+00	0.000000e+00	6.929516e-04	1.099382e-08	7.249477e-03	1.307580e+06	2.074502e+01	1.367955e+07	
9.500000e-01	1.957263e+09	9.875269e+08	2.338158e+00	3.141593e+00	2.098627e-01	8.975559e-02	3.299166e-01	0.000000e+00	0.000000e+00	0.000000e+00	7.281920e-04	1.206312e-08	7.509391e-03	1.425263e+06	2.361069e+01	1.469785e+07	
1.000000e+00	2.025511e+09	1.067523e+09	2.394870e+00	3.141593e+00	2.149530e-01	8.975559e-02	3.319390e-01	0.000000e+00	0.000000e+00	0.000000e+00	7.633113e-04	1.318743e-08	7.760768e-03	1.546096e+06	2.671129e+01	1.571952e+07	
1.050000e+00	2.091847e+09	1.149071e+09	2.448444e+00	3.141593e+00	2.197616e-01	8.975559e-02	3.338772e-01	0.000000e+00	0.000000e+00	0.000000e+00	7.982933e-04	1.436085e-08	8.003980e-03	1.669908e+06	3.004071e+01	1.674310e+07	
1.100000e+00	2.156391e+09	1.232075e+09	2.499123e+00	3.141593e+00	2.243103e-01	8.975559e-02	3.357380e-01	0.000000e+00	0.000000e+00	0.000000e+00	8.331223e-04	1.557750e-08	8.239377e-03	1.796537e+06	3.359118e+01	1.776731e+07	
1.150000e+00	2.219251e+09	1.316445e+09	2.547124e+00	3.141593e+00	2.286186e-01	8.975559e-02	3.375269e-01	0.000000e+00	0.000000e+00	0.000000e+00	8.677839e-04	1.683196e-08	8.467291e-03	1.925830e+06	3.735435e+01	1.879104e+07	
1.200000e+00	2.280530e+09	1.402099e+09	2.592645e+00	3.141593e+00	2.327044e-01	8.975559e-02	3.392491e-01	0.000000e+00	0.000000e+00	0.000000e+00	9.022640e-04	1.811924e-08	8.688039e-03	2.057640e+06	4.132147e+01	1.981333e+07	
1.250000e+00	2.340320e+09	1.488963e+09	2.635867e+00	3.141593e+00	2.365838e-01	8.975559e-02	3.409093e-01	0.000000e+00	0.000000e+00	0.000000e+00	9.365495e-04	1.943476e-08	8.901921e-03	2.191825e+06	4.548354e+01	2.083334e+07	
1.300000e+00	2.398706e+09	1.576967e+09	2.676955e+00	3.141593e+00	2.402716e-01	8.975559e-02	3.425114e-01	0.000000e+00	0.000000e+00	0.000000e+00	9.706281e-04	2.077432e-08	9.109223e-03	2.328252e+06	4.983150e+01	2.185035e+07	
1.350000e+00	2.455769e+09	1.597325e+09	2.716056e+00	3.141593e+00	2.437812e-01	8.975559e-02	3.419000e-01	0.000000e+00	0.000000e+00	0.000000e+00	1.004488e-03	2.213431e-08	9.310214e-03	2.466791e+06	5.435676e+01	2.286373e+07	
1.400000e+00	2.511288e+09	1.594936e+09	2.752988e+00	3.141593e+00	2.470961e-01	8.975559e-02	3.342288e-01	0.000000e+00	0.000000e+00	0.000000e+00	1.036454e-03	2.344205e-08	9.505144e-03	2.602834e+06	5.886974e+01	2.387015e+07	
1.450000e+00	2.564369e+09	1.655561e+09	2.786839e+00	3.141593e+00	2.501344e-01	8.975559e-02	3.374926e-01	0.000000e+00	0.000000e+00	0.000000e+00	1.065539e-03	2.454508e-08	9.693977e-03	2.732436e+06	6.294264e+01	2.485894e+07	
1.500000e+00	2.616627e+09	1.748540e+09	2.819429e+00	3.141593e+00	2.530595e-01	8.975559e-02	3.404414e-01	0.000000e+00	0.000000e+00	0.000000e+00	1.094366e-03	2.567742e-08	9.877046e-03	2.863548e+06	6.718824e+01	2.584455e+07	
1.550000e+00	2.668075e+09	1.842203e+09	2.850806e+00	3.141593e+00	2.558758e-01	8.975559e-02	3.429007e-01	0.000000e+00	0.000000e+00	0.000000e+00	1.123429e-03	2.685789e-08	1.005457e-02	2.997394e+06	7.165887e+01	2.682634e+07	
1.600000e+00	2.718698e+09	1.936549e+09	2.880987e+00	3.141593e+00	2.585847e-01	8.975559e-02	3.450462e-01	0.000000e+00	0.000000e+00	0.000000e+00	1.152665e-03	2.808867e-08	1.022681e-02	3.133749e+06	7.636461e+01	2.780362e+07	
1.650000e+00	2.768502e+09	2.031565e+09	2.910009e+00	3.141593e+00	2.611896e-01	8.975559e-02	3.469728e-01	0.000000e+00	0.000000e+00	0.000000e+00	1.182018e-03	2.935957e-08	1.039404e-02	3.272419e+06	8.128203e+01	2.877592e+07	
1.700000e+00	2.817507e+09	2.127232e+09	2.937920e+00	3.141593e+00	2.636948e-01	8.975559e-02	3.487372e-01	0.000000e+00	0.000000e+00	0.000000e+00	1.211436e-03	3.066231e-08	1.055647e-02	3.413230e+06	8.639128e+01	2.974292e+07	
1.750000e+00	2.865734e+09	2.223532e+09	2.964771e+00	3.141593e+00	2.661048e-01	8.975559e-02	3.503754e-01	0.000000e+00	0.000000e+00	0.000000e+00	1.240878e-03	3.199168e-08	1.071431e-02	3.556026e+06	9.167963e+01	3.070436e+07	
1.800000e+00	2.913209e+09	2.320441e+09	2.990613e+00	3.141593e+00	2.684242e-01	8.975559e-02	3.519119e-01	0.000000e+00	0.000000e+00	0.000000e+00	1.270304e-03	3.335327e-08	1.086775e-02	3.700662e+06	9.716503e+01	3.166003e+07	
1.850000e+00	2.959958e+09	2.346458e+09	3.015497e+00	3.141593e+00	2.706577e-01	8.975559e-02	3.520921e-01	0.000000e+00	0.000000e+00	0.000000e+00	1.299682e-03	3.473799e-08	1.101698e-02	3.847003e+06	1.028230e+02	3.260979e+07	
1.900000e+00	3.005817e+09	2.444696e+09	3.039278e+00	3.141593e+00	2.727922e-01	8.975559e-02	3.535475e-01	0.000000e+00	0.000000e+00	0.000000e+00	1.327851e-03	3.611331e-08	1.116217e-02	3.991275e+06	1.085500e+02	3.355145e+07	
1.950000e+00	3.051019e+09	2.485426e+09	3.062216e+00	3.141593e+00	2.748510e-01	8.975559e-02	3.541625e-01	0.000000e+00	0.000000e+00	0.000000e+00	1.356030e-03	3.750388e-08	1.130345e-02	4.137273e+06	1.144251e+02	3.448704e+07	
2.000000e+00	3.095472e+09	2.584812e+09	3.084236e+00	3.141593e+00	2.768274e-01	8.975559e-02	3.555222e-01	0.000000e+00	0.000000e+00	0.000000e+00	1.383475e-03	3.889483e-08	1.144103e-02	4.282507e+06	1.203978e+02	3.541539e+07	
2.050000e+00	3.139324e+09	2.684681e+09	3.105506e+00	3.141593e+00	2.787365e-01	8.975559e-02	3.568237e-01	0.000000e+00	0.000000e+00	0.000000e+00	1.410935e-03	4.029383e-08	1.157497e-02	4.429382e+06	1.264954e+02	3.633758e+07	
2.100000e+00	3.182597e+09	2.785016e+09	3.126064e+00	3.141593e+00	2.805817e-01	8.975559e-02	3.580734e-01	0.000000e+00	0.000000e+00	0.000000e+00	1.438375e-03	4.169748e-08	1.170541e-02	4.577768e+06	1.327063e+02	3.725360e+07	
2.150000e+00	3.225313e+09	2.885800e+09	3.145943e+00	3.141593e+00	2.823660e-01	8.975559e-02	3.592764e-01	0.000000e+00	0.000000e+00	0.000000e+00	1.465764e-03	4.310296e-08	1.183248e-02	4.727547e+06	1.390205e+02	3.816344e+07	
2.200000e+00	3.267490e+09	2.987017e+09	3.165178e+00	3.141593e+00	2.840924e-01	8.975559e-02	3.604369e-01	0.000000e+00	0.000000e+00	0.000000e+00	1.493075e-03	4.450791e-08	1.195631e-02	4.878607e+06	1.454291e+02	3.906712e+07	
2.250000e+00	3.309148e+09	3.088650e+09	3.183799e+00	3.141593e+00	2.857638e-01	8.975559e-02	3.615584e-01	0.000000e+00	0.000000e+00	0.000000e+00	1.520283e-03	4.591034e-08	1.207702e-02	5.030843e+06	1.519241e+02	3.996465e+07	
2.300000e+00	3.350306e+09	3.190686e+09	3.201837e+00	3.141593e+00	2.873828e-01	8.975559e-02	3.626440e-01	0.000000e+00	0.000000e+00	0.000000e+00	1.547367e-03	4.730854e-08	1.219472e-02	5.184154e+06	1.584981e+02	4.085606e+07	
2.350000e+00	3.390981e+09	3.471414e+09	3.219318e+00	3.141593e+00	2.889518e-01	8.975559e-02	3.655595e-01	0.000000e+00	0.000000e+00	0.000000e+00	1.574308e-03	4.870109e-08	1.230953e-02	5.338448e+06	1.651445e+02	4.174139e+07	
2.400000e+00	3.431490e+09	3.573931e+09	3.236553e+00	3.141593e+00	2.904987e-01	8.975559e-02	3.665064e-01	0.000000e+00	0.000000e+00	0.000000e+00	1.602699e-03	5.010446e-08	1.242133e-02	5.499646e+06	1.719330e+02	4.262368e+07	
2.450000e+00	3.471528e+09	3.676827e+09	3.253259e+00	3.141593e+00	2.919982e-01	8.975559e-02	3.674311e-01	0.000000e+00	0.000000e+00	0.000000e+00	1.630762e-03	5.149742e-08	1.253049e-02	5.661238e+06	1.787747e+02	4.349996e+07	
2.500000e+00	3.511112e+09	3.780087e+09	3.269463e+00	3.141593e+00	2.934526e-01	8.975559e-02	3.683339e-01	0.000000e+00	0.000000e+00	0.000000e+00	1.658498e-03	5.287940e-08	1.263710e-02	5.823174e+06	1.856655e+02	4.437028e+07	
2.550000e+00	3.550259e+09	3.883699e+09	3.285189e+00	3.141593e+00	2.948641e-01	8.975559e-02	3.692157e-01	0.000000e+00	0.000000e+00	0.000000e+00	1.685907e-03	5.424994e-08	1.274124e-02	5.985407e+06	1.926013e+02	4.523470e+07	
2.600000e+00	3.588983e+09	3.910441e+09	3.300458e+00	3.141593e+00	2.962345e-01	8.975559e-02	3.692427e-01	0.000000e+00	0.000000e+00	0.000000e+00	1.712989e-03	5.560866e-08	1.284299e-02	6.147887e+06	1.995785e+02	4.609327e+07	
2.650000e+00	3.627162e+09	4.014849e+09	3.315166e+00	3.141593e+00	2.975547e-01	8.975559e-02	3.701193e-01	0.000000e+00	0.000000e+00	0.000000e+00	1.739035e-03	5.694563e-08	1.294246e-02	6.307762e+06	2.065510e+02	4.694440e+07	
2.700000e+00	3.664955e+09	4.119565e+09	3.329469e+00	3.141593e+00	2.988384e-01	8.975559e-02	3.709744e-01	0.000000e+00	0.000000e+00	0.000000e+00	1.764820e-03	5.827152e-08	1.303968e-02	6.467988e+06	2.135625e+02	4.778984e+07	
2.750000e+00	3.702377e+09	4.224579e+09	3.343384e+00	3.141593e+00	3.000874e-01	8.975559e-02	3.718093e-01	0.000000e+00	0.000000e+00	0.000000e+00	1.790338e-03	5.958591e-08	1.313471e-02	6.628507e+06	2.206095e+02	4.862965e+07	
2.800000e+00	3.739438e+09	4.329882e+09	3.356929e+00	3.141593e+00	3.013032e-01	8.975559e-02	3.726253e-01	0.000000e+00	0.000000e+00	0.000000e+00	1.815585e-03	6.088841e-08	1.322763e-02	6.789269e+06	2.276884e+02	4.946390e+07	
2.850000e+00	3.776150e+09	4.668389e+09	3.370120e+00	3.141593e+00	3.024871e-01	8.975559e-02	3.758893e-01	0.000000e+00	0.000000e+00	0.000000e+00	1.840558e-03	6.217869e-08	1.331850e-02	6.950223e+06	2.347961e+02	5.029267e+07	
2.900000e+00	3.812939e+09	4.773852e+09	3.383339e+00	3.141593e+00	3.036736e-01	8.975559e-02	3.765704e-01	0.000000e+00	0.000000e+00	0.000000e+00	1.867288e-03	6.348513e-08	1.340731e-02	7.119855e+06	2.420649e+02	5.112126e+07	
2.950000e+00	3.849371e+09	5.311864e+09	3.396204e+00	3.141593e+00	3.048283e-01	8.975559e-02	3.816093e-01	0.000000e+00	0.000000e+00	0.000000e+00	1.893560e-03	6.477482e-08	1.349426e-02	7.289016e+06	2.493423e+02	5.194441e+07	
3.000000e+00	3.886200e+09	5.417197e+09	3.409381e+00	3.141593e+00	3.060110e-01	8.975559e-02	3.820967e-01	0.000000e+00	0.000000e+00	0.000000e+00	1.922841e-03	6.609981e-08	1.357918e-02	7.472546e+06	2.568771e+02	5.277140e+07	
3.050000e+00	3.922646e+09	5.522841e+09	3.422182e+00	3.141593e+00	3.071600e-01	8.975559e-02	3.825913e-01	0.000000e+00	0.000000e+00	0.000000e+00	1.951389e-03	6.740132e-08	1.366243e-02	7.654607e+06	2.643915e+02	5.359289e+07	
3.100000e+00	3.958724e+09	5.781268e+09	3.434628e+00	3.141593e+00	3.082771e-01	8.975559e-02	3.840751e-01	0.000000e+00	0.000000e+00	0.000000e+00	1.979240e-03	6.868059e-08	1.374407e-02	7.835265e+06	2.718875e+02	5.440897e+07	
3.150000e+00	3.994616e+09	5.887338e+09	3.446882e+00	3.141593e+00	3.093769e-01	8.975559e-02	3.845468e-01	0.000000e+00	0.000000e+00	0.000000e+00	2.007067e-03	6.994105e-08	1.382389e-02	8.017460e+06	2.793876e+02	5.522114e+07	
3.200000e+00	4.030157e+09	5.993692e+09	3.458802e+00	3.141593e+00	3.104469e-01	8.975559e-02	3.850214e-01	0.000000e+00	0.000000e+00	0.000000e+00	2.034205e-03	7.118098e-08	1.390220e-02	8.198164e+06	2.868705e+02	5.602806e+07	
3.250000e+00	4.065360e+09	6.100321e+09	3.470406e+00	3.141593e+00	3.114884e-01	8.975559e-02	3.854973e-01	0.000000e+00	0.000000e+00	0.000000e+00	2.060687e-03	7.240133e-08	1.397903e-02	8.377434e+06	2.943374e+02	5.682978e+07	
3.300000e+00	4.100236e+09	6.207214e+09	3.481708e+00	3.141593e+00	3.125028e-01	8.975559e-02	3.859735e-01	0.000000e+00	0.000000e+00	0.000000e+00	2.086543e-03	7.360296e-08	1.405441e-02	8.555320e+06	3.017895e+02	5.762639e+07	
3.350000e+00	4.134797e+09	6.314362e+09	3.492721e+00	3.141593e+00	3.134913e-01	8.975559e-02	3.864492e-01	0.000000e+00	0.000000e+00	0.000000e+00	2.111801e-03	7.478658e-08	1.412837e-02	8.731869e+06	3.092274e+02	5.841795e+07	
3.400000e+00	4.169054e+09	6.322236e+09	3.503459e+00	3.141593e+00	3.144550e-01	8.975559e-02	3.857286e-01	0.000000e+00	0.000000e+00	0.000000e+00	2.136485e-03	7.595282e-08	1.420095e-02	8.907123e+06	3.166514e+02	5.920453e+07	
3.450000e+00	4.202808e+09	6.542939e+09	3.513757e+00	3.141593e+00	3.153794e-01	8.975559e-02	3.868452e-01	0.000000e+00	0.000000e+00	0.000000e+00	2.159687e-03	7.708167e-08	1.427211e-02	9.076751e+06	3.239594e+02	5.998295e+07	
3.500000e+00	4.236394e+09	6.774504e+09	3.523904e+00	3.141593e+00	3.162901e-01	8.975559e-02	3.879943e-01	0.000000e+00	0.000000e+00	0.000000e+00	2.182737e-03	7.819655e-08	1.434176e-02	9.246937e+06	3.312714e+02	6.075733e+07	
3.550000e+00	4.269827e+09	6.882558e+09	3.533911e+00	3.141593e+00	3.171883e-01	8.975559e-02	3.884778e-01	0.000000e+00	0.000000e+00	0.000000e+00	2.205650e-03	7.929756e-08	1.440992e-02	9.417744e+06	3.385869e+02	6.152787e+07	
3.600000e+00	4.302994e+09	7.245679e+09	3.543687e+00	3.141593e+00	3.180657e-01	8.975559e-02	3.911852e-01	0.000000e+00	0.000000e+00	0.000000e+00	2.228089e-03	8.038510e-08	1.447686e-02	9.587455e+06	3.458966e+02	6.229386e+07	
3.650000e+00	4.336298e+09	7.353782e+09	3.553565e+00	3.141593e+00	3.189524e-01	8.975559e-02	3.915810e-01	0.000000e+00	0.000000e+00	0.000000e+00	2.251735e-03	8.147880e-08	1.454256e-02	9.764195e+06	3.533163e+02	6.306088e+07	
3.700000e+00	4.369327e+09	7.462107e+09	3.563209e+00	3.141593e+00	3.198179e-01	8.975559e-02	3.919788e-01	0.000000e+00	0.000000e+00	0.000000e+00	2.274805e-03	8.255649e-08	1.460713e-02	9.939368e+06	3.607163e+02	6.382335e+07	
3.750000e+00	4.402091e+09	7.485804e+09	3.572626e+00	3.141593e+00	3.206632e-01	8.975559e-02	3.918069e-01	0.000000e+00	0.000000e+00	0.000000e+00	2.297325e-03	8.361862e-08	1.467060e-02	1.011303e+07	3.680967e+02	6.458132e+07	
3.800000e+00	4.434495e+09	7.824636e+09	3.581746e+00	3.141593e+00	3.214817e-01	8.975559e-02	3.937034e-01	0.000000e+00	0.000000e+00	0.000000e+00	2.318946e-03	8.466371e-08	1.473303e-02	1.028335e+07	3.754408e+02	6.533354e+07	
3.850000e+00	4.466920e+09	7.933426e+09	3.590877e+00	3.141593e+00	3.223013e-01	8.975559e-02	3.940741e-01	0.000000e+00	0.000000e+00	0.000000e+00	2.341024e-03	8.569814e-08	1.479424e-02	1.045717e+07	3.828068e+02	6.608467e+07	
3.900000e+00	4.499095e+09	8.042420e+09	3.599801e+00	3.141593e+00	3.231023e-01	8.975559e-02	3.944460e-01	0.000000e+00	0.000000e+00	0.000000e+00	2.362571e-03	8.671773e-08	1.485443e-02	1.062943e+07	3.901513e+02	6.683148e+07	
3.950000e+00	4.531025e+09	7.954944e+09	3.608527e+00	3.141593e+00	3.238854e-01	8.975559e-02	3.931161e-01	0.000000e+00	0.000000e+00	0.000000e+00	2.383609e-03	8.772288e-08	1.491363e-02	1.080019e+07	3.974746e+02	6.757403e+07	
4.000000e+00	4.562413e+09	8.064615e+09	3.616818e+00	3.141593e+00	3.246296e-01	8.975559e-02	3.935484e-01	0.000000e+00	0.000000e+00	0.000000e+00	2.402928e-03	8.869775e-08	1.497181e-02	1.096315e+07	4.046758e+02	6.830757e+07	
4.050000e+00	4.593590e+09	8.174456e+09	3.624943e+00	3.141593e+00	3.253589e-01	8.975559e-02	3.939752e-01	0.000000e+00	0.000000e+00	0.000000e+00	2.421876e-03	8.966125e-08	1.502901e-02	1.112511e+07	4.118670e+02	6.903710e+07	
4.100000e+00	4.624561e+09	8.284461e+09	3.632907e+00	3.141593e+00	3.260738e-01	8.975559e-02	3.943971e-01	0.000000e+00	0.000000e+00	0.000000e+00	2.440465e-03	9.061363e-08	1.508525e-02	1.128608e+07	4.190483e+02	6.976267e+07	
4.150000e+00	4.655332e+09	8.394626e+09	3.640717e+00	3.141593e+00	3.267747e-01	8.975559e-02	3.948143e-01	0.000000e+00	0.000000e+00	0.000000e+00	2.458705e-03	9.155488e-08	1.514056e-02	1.144609e+07	4.262184e+02	7.048433e+07	
4.200000e+00	4.685908e+09	8.504948e+09	3.648378e+00	3.141593e+00	3.274623e-01	8.975559e-02	3.952272e-01	0.000000e+00	0.000000e+00	0.000000e+00	2.476606e-03	9.248504e-08	1.519496e-02	1.160515e+07	4.333763e+02	7.120215e+07	
4.250000e+00	4.716292e+09	8.615423e+09	3.655894e+00	3.141593e+00	3.281369e-01	8.975559e-02	3.956357e-01	0.000000e+00	0.000000e+00	0.000000e+00	2.494180e-03	9.340413e-08	1.524846e-02	1.176328e+07	4.405212e+02	7.191619e+07	
4.300000e+00	4.746490e+09	8.602620e+09	3.663270e+00	3.141593e+00	3.287990e-01	8.975559e-02	3.954508e-01	0.000000e+00	0.000000e+00	0.000000e+00	2.511434e-03	9.431222e-08	1.530109e-02	1.192050e+07	4.476521e+02	7.262649e+07	
4.350000e+00	4.776399e+09	8.896009e+09	3.670429e+00	3.141593e+00	3.294416e-01	8.975559e-02	3.966642e-01	0.000000e+00	0.000000e+00	0.000000e+00	2.528115e-03	9.521005e-08	1.535298e-02	1.207529e+07	4.547612e+02	7.333197e+07	
4.400000e+00	4.806281e+09	9.006878e+09	3.677575e+00	3.141593e+00	3.300829e-01	8.975559e-02	3.970556e-01	0.000000e+00	0.000000e+00	0.000000e+00	2.544824e-03	9.609608e-08	1.540384e-02	1.223114e+07	4.618648e+02	7.403517e+07	
4.450000e+00	4.835988e+09	9.117887e+09	3.684593e+00	3.141593e+00	3.307128e-01	8.975559e-02	3.974436e-01	0.000000e+00	0.000000e+00	0.000000e+00	2.561235e-03	9.697153e-08	1.545389e-02	1.238610e+07	4.689532e+02	7.473481e+07	
4.500000e+00	4.865523e+09	9.484219e+09	3.691487e+00	3.141593e+00	3.313316e-01	8.975559e-02	3.993625e-01	0.000000e+00	0.000000e+00	0.000000e+00	2.577356e-03	9.783649e-08	1.550315e-02	1.254019e+07	4.760257e+02	7.543094e+07	
4.550000e+00	4.895174e+09	9.595228e+09	3.698476e+00	3.141593e+00	3.319589e-01	8.975559e-02	3.997018e-01	0.000000e+00	0.000000e+00	0.000000e+00	2.594087e-03	9.869369e-08	1.555156e-02	1.269851e+07	4.831228e+02	7.612757e+07	
4.600000e+00	4.924646e+09	9.990190e+09	3.705336e+00	3.141593e+00	3.325747e-01	8.975559e-02	4.025455e-01	0.000000e+00	0.000000e+00	0.000000e+00	2.610476e-03	9.954010e-08	1.559924e-02	1.285567e+07	4.901998e+02	7.682073e+07	
4.650000e+00	4.954409e+09	1.036426e+10	3.712421e+00	3.141593e+00	3.332105e-01	8.975559e-02	4.044285e-01	0.000000e+00	0.000000e+00	0.000000e+00	2.628287e-03	1.004018e-07	1.564626e-02	1.302161e+07	4.974316e+02	7.751795e+07	
4.700000e+00	4.984277e+09	1.047498e+10	3.719589e+00	3.141593e+00	3.338539e-01	8.975559e-02	4.046358e-01	0.000000e+00	0.000000e+00	0.000000e+00	2.646618e-03	1.012537e-07	1.569255e-02	1.319148e+07	5.046765e+02	7.821600e+07	
4.750000e+00	5.013939e+09	1.075998e+10	3.726606e+00	3.141593e+00	3.344837e-01	8.975559e-02	4.059964e-01	0.000000e+00	0.000000e+00	0.000000e+00	2.664448e-03	1.020916e-07	1.573822e-02	1.335938e+07	5.118809e+02	7.891045e+07	
4.800000e+00	5.043613e+09	1.075206e+10	3.733637e+00	3.141593e+00	3.351148e-01	8.975559e-02	4.039641e-01	0.000000e+00	0.000000e+00	0.000000e+00	2.682509e-03	1.029193e-07	1.578324e-02	1.352954e+07	5.190850e+02	7.960455e+07	
4.850000e+00	5.072668e+09	1.086346e+10	3.740214e+00	3.141593e+00	3.357051e-01	8.975559e-02	4.043089e-01	0.000000e+00	0.000000e+00	0.000000e+00	2.698741e-03	1.036594e-07	1.582749e-02	1.368982e+07	5.258299e+02	8.028762e+07	
4.900000e+00	5.101562e+09	1.112263e+10	3.746680e+00	3.141593e+00	3.362855e-01	8.975559e-02	4.051891e-01	0.000000e+00	0.000000e+00	0.000000e+00	2.714586e-03	1.043975e-07	1.587114e-02	1.384863e+07	5.325903e+02	8.096761e+07	
4.950000e+00	5.130399e+09	1.123419e+10	3.753111e+00	3.141593e+00	3.368627e-01	8.975559e-02	4.055023e-01	0.000000e+00	0.000000e+00	0.000000e+00	2.730213e-03	1.051286e-07	1.591406e-02	1.400708e+07	5.393518e+02	8.164547e+07	
5.000000e+00	5.159075e+09	1.134588e+10	3.759432e+00	3.141593e+00	3.374300e-01	8.975559e-02	4.058080e-01	0.000000e+00	0.000000e+00	0.000000e+00	2.745470e-03	1.058567e-07	1.595641e-02	1.416409e+07	5.461224e+02	8.232029e+07	
5.050000e+00	5.187591e+09	1.145770e+10	3.765645e+00	3.141593e+00	3.379877e-01	8.975559e-02	4.061071e-01	0.000000e+00	0.000000e+00	0.000000e+00	2.760374e-03	1.065808e-07	1.599819e-02	1.431969e+07	5.528975e+02	8.299209e+07	
5.100000e+00	5.215952e+09	1.156965e+10	3.771753e+00	3.141593e+00	3.385359e-01	8.975559e-02	4.064007e-01	0.000000e+00	0.000000e+00	0.000000e+00	2.774938e-03	1.073004e-07	1.603943e-02	1.447394e+07	5.596739e+02	8.366089e+07	
5.150000e+00	5.244160e+09	1.168172e+10	3.777759e+00	3.141593e+00	3.390750e-01	8.975559e-02	4.066895e-01	0.000000e+00	0.000000e+00	0.000000e+00	2.789175e-03	1.080152e-07	1.608012e-02	1.462688e+07	5.664490e+02	8.432673e+07	
5.200000e+00	5.272216e+09	1.179391e+10	3.783665e+00	3.141593e+00	3.396051e-01	8.975559e-02	4.069741e-01	0.000000e+00	0.000000e+00	0.000000e+00	2.803099e-03	1.087247e-07	1.612028e-02	1.477854e+07	5.732199e+02	8.498962e+07	
5.250000e+00	5.300125e+09	1.190622e+10	3.789475e+00	3.141593e+00	3.401265e-01	8.975559e-02	4.072551e-01	0.000000e+00	0.000000e+00	0.000000e+00	2.816720e-03	1.094285e-07	1.615992e-02	1.492897e+07	5.799845e+02	8.564961e+07	
5.300000e+00	5.327889e+09	1.201865e+10	3.795190e+00	3.141593e+00	3.406395e-01	8.975559e-02	4.075327e-01	0.000000e+00	0.000000e+00	0.000000e+00	2.830051e-03	1.101263e-07	1.619904e-02	1.507820e+07	5.867408e+02	8.630671e+07	
5.350000e+00	5.355510e+09	1.202209e+10	3.800815e+00	3.141593e+00	3.411444e-01	8.975559e-02	4.069832e-01	0.000000e+00	0.000000e+00	0.000000e+00	2.843102e-03	1.108180e-07	1.623766e-02	1.522626e+07	5.934872e+02	8.696096e+07	
5.400000e+00	5.382835e+09	1.213489e+10	3.806239e+00	3.141593e+00	3.416313e-01	8.975559e-02	4.072817e-01	0.000000e+00	0.000000e+00	0.000000e+00	2.855355e-03	1.114972e-07	1.627573e-02	1.536991e+07	6.001708e+02	8.760959e+07	
5.450000e+00	5.410032e+09	1.224779e+10	3.811585e+00	3.141593e+00	3.421110e-01	8.975559e-02	4.075757e-01	0.000000e+00	0.000000e+00	0.000000e+00	2.867386e-03	1.121707e-07	1.631331e-02	1.551265e+07	6.068470e+02	8.825551e+07	
5.500000e+00	5.437102e+09	1.271205e+10	3.816853e+00	3.141593e+00	3.425839e-01	8.975559e-02	4.090833e-01	0.000000e+00	0.000000e+00	0.000000e+00	2.879201e-03	1.128383e-07	1.635039e-02	1.565451e+07	6.135135e+02	8.889875e+07	
5.550000e+00	5.464281e+09	1.323456e+10	3.822207e+00	3.141593e+00	3.430645e-01	8.975559e-02	4.108845e-01	0.000000e+00	0.000000e+00	0.000000e+00	2.891105e-03	1.134965e-07	1.638671e-02	1.579781e+07	6.201768e+02	8.954157e+07	
5.600000e+00	5.491621e+09	1.334726e+10	3.827686e+00	3.141593e+00	3.435562e-01	8.975559e-02	4.111195e-01	0.000000e+00	0.000000e+00	0.000000e+00	2.903244e-03	1.141398e-07	1.642234e-02	1.594352e+07	6.268126e+02	9.018524e+07	
5.650000e+00	5.518820e+09	1.346008e+10	3.833075e+00	3.141593e+00	3.440399e-01	8.975559e-02	4.113544e-01	0.000000e+00	0.000000e+00	0.000000e+00	2.915132e-03	1.147780e-07	1.645756e-02	1.608809e+07	6.334390e+02	9.082633e+07	
5.700000e+00	5.545882e+09	1.357301e+10	3.838379e+00	3.141593e+00	3.445160e-01	8.975559e-02	4.115887e-01	0.000000e+00	0.000000e+00	0.000000e+00	2.926777e-03	1.154109e-07	1.649239e-02	1.623156e+07	6.400554e+02	9.146487e+07	
5.750000e+00	5.572808e+09	1.368604e+10	3.843600e+00	3.141593e+00	3.449846e-01	8.975559e-02	4.118220e-01	0.000000e+00	0.000000e+00	0.000000e+00	2.938189e-03	1.160386e-07	1.652683e-02	1.637396e+07	6.466608e+02	9.210087e+07	
5.800000e+00	5.599603e+09	1.379919e+10	3.848739e+00	3.141593e+00	3.454459e-01	8.975559e-02	4.120544e-01	0.000000e+00	0.000000e+00	0.000000e+00	2.949375e-03	1.166608e-07	1.656088e-02	1.651533e+07	6.532543e+02	9.273437e+07	
5.850000e+00	5.626267e+09	1.391243e+10	3.853801e+00	3.141593e+00	3.459001e-01	8.975559e-02	4.122858e-01	0.000000e+00	0.000000e+00	0.000000e+00	2.960345e-03	1.172776e-07	1.659455e-02	1.665569e+07	6.598352e+02	9.336539e+07	
5.900000e+00	5.652805e+09	1.402578e+10	3.858786e+00	3.141593e+00	3.463476e-01	8.975559e-02	4.125161e-01	0.000000e+00	0.000000e+00	0.000000e+00	2.971105e-03	1.178889e-07	1.662784e-02	1.679508e+07	6.664028e+02	9.399395e+07	
5.950000e+00	5.679219e+09	1.413923e+10	3.863697e+00	3.141593e+00	3.467884e-01	8.975559e-02	4.127453e-01	0.000000e+00	0.000000e+00	0.000000e+00	2.981662e-03	1.184946e-07	1.666076e-02	1.693351e+07	6.729566e+02	9.462008e+07	
6.000000e+00	5.705510e+09	1.425278e+10	3.868536e+00	3.141593e+00	3.472228e-01	8.975559e-02	4.129734e-01	0.000000e+00	0.000000e+00	0.000000e+00	2.992024e-03	1.190947e-07	1.669330e-02	1.707102e+07	6.794959e+02	9.524381e+07	
6.050000e+00	5.731682e+09	1.436642e+10	3.873306e+00	3.141593e+00	3.476508e-01	8.975559e-02	4.132005e-01	0.000000e+00	0.000000e+00	0.000000e+00	3.002197e-03	1.196892e-07	1.672548e-02	1.720764e+07	6.860204e+02	9.586515e+07	
6.100000e+00	5.757737e+09	1.448016e+10	3.878007e+00	3.141593e+00	3.480728e-01	8.975559e-02	4.134265e-01	0.000000e+00	0.000000e+00	0.000000e+00	3.012187e-03	1.202781e-07	1.675730e-02	1.734338e+07	6.925296e+02	9.648414e+07	
6.150000e+00	5.783676e+09	1.484713e+10	3.882643e+00	3.141593e+00	3.484889e-01	8.975559e-02	4.145714e-01	0.000000e+00	0.000000e+00	0.000000e+00	3.022000e-03	1.208612e-07	1.678877e-02	1.747827e+07	6.990223e+02	9.710079e+07	
6.200000e+00	5.809681e+09	1.508974e+10	3.887334e+00	3.141593e+00	3.489099e-01	8.975559e-02	4.151061e-01	0.000000e+00	0.000000e+00	0.000000e+00	3.031897e-03	1.214366e-07	1.681977e-02	1.761435e+07	7.055078e+02	9.771748e+07	
6.250000e+00	5.835631e+09	1.520352e+10	3.891999e+00	3.141593e+00	3.493287e-01	8.975559e-02	4.153070e-01	0.000000e+00	0.000000e+00	0.000000e+00	3.041631e-03	1.220044e-07	1.685032e-02	1.774984e+07	7.119728e+02	9.833223e+07	
6.300000e+00	5.861463e+09	1.531740e+10	3.896597e+00	3.141593e+00	3.497413e-01	8.975559e-02	4.155081e-01	0.000000e+00	0.000000e+00	0.000000e+00	3.051186e-03	1.225666e-07	1.688055e-02	1.788441e+07	7.184197e+02	9.894472e+07	
6.350000e+00	5.887179e+09	1.573384e+10	3.901128e+00	3.141593e+00	3.501481e-01	8.975559e-02	4.180497e-01	0.000000e+00	0.000000e+00	0.000000e+00	3.060567e-03	1.231232e-07	1.691047e-02	1.801810e+07	7.248486e+02	9.955497e+07	
6.400000e+00	5.913238e+09	1.611088e+10	3.905897e+00	3.141593e+00	3.505761e-01	8.975559e-02	4.191610e-01	0.000000e+00	0.000000e+00	0.000000e+00	3.071212e-03	1.236932e-07	1.694013e-02	1.816081e+07	7.314274e+02	1.001710e+08	
6.450000e+00	5.939354e+09	1.622443e+10	3.910713e+00	3.141593e+00	3.510084e-01	8.975559e-02	4.192701e-01	0.000000e+00	0.000000e+00	0.000000e+00	3.081894e-03	1.242532e-07	1.696942e-02	1.830446e+07	7.379840e+02	1.007874e+08	
6.500000e+00	5.965330e+09	1.633810e+10	3.915445e+00	3.141593e+00	3.514331e-01	8.975559e-02	4.193851e-01	0.000000e+00	0.000000e+00	0.000000e+00	3.092307e-03	1.248055e-07	1.699844e-02	1.844663e+07	7.445058e+02	1.014013e+08	
6.550000e+00	5.991169e+09	1.645188e+10	3.920098e+00	3.141593e+00	3.518507e-01	8.975559e-02	4.195046e-01	0.000000e+00	0.000000e+00	0.000000e+00	3.102464e-03	1.253502e-07	1.702720e-02	1.858738e+07	7.509944e+02	1.020128e+08	
6.600000e+00	6.016877e+09	1.656577e+10	3.924673e+00	3.141593e+00	3.522613e-01	8.975559e-02	4.196283e-01	0.000000e+00	0.000000e+00	0.000000e+00	3.112375e-03	1.258878e-07	1.705570e-02	1.872678e+07	7.574515e+02	1.026220e+08	
6.650000e+00	6.042455e+09	1.667976e+10	3.929173e+00	3.141593e+00	3.526653e-01	8.975559e-02	4.197554e-01	0.000000e+00	0.000000e+00	0.000000e+00	3.122052e-03	1.264185e-07	1.708393e-02	1.886486e+07	7.638783e+02	1.032289e+08	
6.700000e+00	6.067907e+09	1.706304e+10	3.933602e+00	3.141593e+00	3.530628e-01	8.975559e-02	4.208880e-01	0.000000e+00	0.000000e+00	0.000000e+00	3.131504e-03	1.269427e-07	1.711191e-02	1.900168e+07	7.702763e+02	1.038335e+08	
6.750000e+00	6.093434e+09	1.717704e+10	3.938088e+00	3.141593e+00	3.534654e-01	8.975559e-02	4.210011e-01	0.000000e+00	0.000000e+00	0.000000e+00	3.141038e-03	1.274588e-07	1.713953e-02	1.913971e+07	7.766614e+02	1.044386e+08	
6.800000e+00	6.118833e+09	1.729116e+10	3.942502e+00	3.141593e+00	3.538616e-01	8.975559e-02	4.211181e-01	0.000000e+00	0.000000e+00	0.000000e+00	3.150345e-03	1.279685e-07	1.716691e-02	1.927643e+07	7.830180e+02	1.050415e+08	
6.850000e+00	6.144107e+09	1.740537e+10	3.946844e+00	3.141593e+00	3.542514e-01	8.975559e-02	4.212384e-01	0.000000e+00	0.000000e+00	0.000000e+00	3.159435e-03	1.284722e-07	1.719405e-02	1.941190e+07	7.893467e+02	1.056421e+08	
6.900000e+00	6.169260e+09	1.751968e+10	3.951119e+00	3.141593e+00	3.546350e-01	8.975559e-02	4.213614e-01	0.000000e+00	0.000000e+00	0.000000e+00	3.168316e-03	1.289699e-07	1.722095e-02	1.954617e+07	7.956487e+02	1.062405e+08	
6.950000e+00	6.194294e+09	1.763409e+10	3.955328e+00	3.141593e+00	3.550128e-01	8.975559e-02	4.214871e-01	0.000000e+00	0.000000e+00	0.000000e+00	3.176998e-03	1.294618e-07	1.724760e-02	1.967926e+07	8.019248e+02	1.068367e+08	
7.000000e+00	6.219213e+09	1.774860e+10	3.959473e+00	3.141593e+00	3.553848e-01	8.975559e-02	4.216150e-01	0.000000e+00	0.000000e+00	0.000000e+00	3.185488e-03	1.299482e-07	1.727401e-02	1.981123e+07	8.081758e+02	1.074307e+08	
7.050000e+00	6.244018e+09	1.830316e+10	3.963556e+00	3.141593e+00	3.557513e-01	8.975559e-02	4.233134e-01	0.000000e+00	0.000000e+00	0.000000e+00	3.193795e-03	1.304292e-07	1.730018e-02	1.994211e+07	8.144025e+02	1.080226e+08	
7.100000e+00	6.269024e+09	1.871167e+10	3.967776e+00	3.141593e+00	3.561301e-01	8.975559e-02	4.241007e-01	0.000000e+00	0.000000e+00	0.000000e+00	3.202368e-03	1.309020e-07	1.732596e-02	2.007572e+07	8.206277e+02	1.086169e+08	
7.150000e+00	6.294045e+09	1.882602e+10	3.972015e+00	3.141593e+00	3.565106e-01	8.975559e-02	4.241949e-01	0.000000e+00	0.000000e+00	0.000000e+00	3.210769e-03	1.313655e-07	1.735133e-02	2.020872e+07	8.268203e+02	1.092101e+08	
7.200000e+00	6.318944e+09	1.894048e+10	3.976186e+00	3.141593e+00	3.568850e-01	8.975559e-02	4.242931e-01	0.000000e+00	0.000000e+00	0.000000e+00	3.218977e-03	1.318241e-07	1.737650e-02	2.034053e+07	8.329893e+02	1.098012e+08	
7.250000e+00	6.343723e+09	1.905503e+10	3.980292e+00	3.141593e+00	3.572534e-01	8.975559e-02	4.243944e-01	0.000000e+00	0.000000e+00	0.000000e+00	3.226999e-03	1.322784e-07	1.740148e-02	2.047119e+07	8.391376e+02	1.103902e+08	
7.300000e+00	6.368386e+09	1.916968e+10	3.984333e+00	3.141593e+00	3.576162e-01	8.975559e-02	4.244986e-01	0.000000e+00	0.000000e+00	0.000000e+00	3.234843e-03	1.327285e-07	1.742625e-02	2.060073e+07	8.452664e+02	1.109771e+08	
7.350000e+00	6.392936e+09	1.959810e+10	3.988314e+00	3.141593e+00	3.579734e-01	8.975559e-02	4.272509e-01	0.000000e+00	0.000000e+00	0.000000e+00	3.242516e-03	1.331745e-07	1.745083e-02	2.072920e+07	8.513760e+02	1.115620e+08	
7.400000e+00	6.417902e+09	1.971243e+10	3.992562e+00	3.141593e+00	3.583548e-01	8.975559e-02	4.272650e-01	0.000000e+00	0.000000e+00	0.000000e+00	3.251586e-03	1.336438e-07	1.747527e-02	2.086836e+07	8.577125e+02	1.121545e+08	
7.450000e+00	6.442729e+09	2.010033e+10	3.996733e+00	3.141593e+00	3.587292e-01	8.975559e-02	4.281979e-01	0.000000e+00	0.000000e+00	0.000000e+00	3.260396e-03	1.341057e-07	1.749953e-02	2.100585e+07	8.640068e+02	1.127448e+08	
7.500000e+00	6.467606e+09	2.021471e+10	4.000942e+00	3.141593e+00	3.591070e-01	8.975559e-02	4.282123e-01	0.000000e+00	0.000000e+00	0.000000e+00	3.269175e-03	1.345589e-07	1.752355e-02	2.114374e+07	8.702740e+02	1.133354e+08	
7.550000e+00	6.492345e+09	2.060969e+10	4.005075e+00	3.141593e+00	3.594779e-01	8.975559e-02	4.288660e-01	0.000000e+00	0.000000e+00	0.000000e+00	3.277706e-03	1.350056e-07	1.754739e-02	2.128000e+07	8.765033e+02	1.139237e+08	
7.600000e+00	6.517079e+09	2.072418e+10	4.009212e+00	3.141593e+00	3.598492e-01	8.975559e-02	4.288861e-01	0.000000e+00	0.000000e+00	0.000000e+00	3.286020e-03	1.354424e-07	1.757091e-02	2.141525e+07	8.826890e+02	1.145110e+08	
7.650000e+00	6.541681e+09	2.083878e+10	4.013275e+00	3.141593e+00	3.602139e-01	8.975559e-02	4.289132e-01	0.000000e+00	0.000000e+00	0.000000e+00	3.294106e-03	1.358735e-07	1.759427e-02	2.154899e+07	8.888413e+02	1.150961e+08	
7.700000e+00	6.566153e+09	2.095348e+10	4.017268e+00	3.141593e+00	3.605722e-01	8.975559e-02	4.289466e-01	0.000000e+00	0.000000e+00	0.000000e+00	3.301975e-03	1.362993e-07	1.761747e-02	2.168127e+07	8.949621e+02	1.156790e+08	
7.750000e+00	6.590501e+09	2.106829e+10	4.021192e+00	3.141593e+00	3.609244e-01	8.975559e-02	4.289856e-01	0.000000e+00	0.000000e+00	0.000000e+00	3.309636e-03	1.367199e-07	1.764051e-02	2.181216e+07	9.010528e+02	1.162598e+08	
7.800000e+00	6.614726e+09	2.148092e+10	4.025050e+00	3.141593e+00	3.612707e-01	8.975559e-02	4.304553e-01	0.000000e+00	0.000000e+00	0.000000e+00	3.317098e-03	1.371357e-07	1.766339e-02	2.194170e+07	9.071151e+02	1.168385e+08	
7.850000e+00	6.639120e+09	2.192374e+10	4.029019e+00	3.141593e+00	3.616270e-01	8.975559e-02	4.346477e-01	0.000000e+00	0.000000e+00	0.000000e+00	3.324978e-03	1.375466e-07	1.768608e-02	2.207492e+07	9.131886e+02	1.174200e+08	
7.900000e+00	6.664227e+09	2.203780e+10	4.033428e+00	3.141593e+00	3.620227e-01	8.975559e-02	4.344569e-01	0.000000e+00	0.000000e+00	0.000000e+00	3.334928e-03	1.380373e-07	1.770872e-02	2.222471e+07	9.199117e+02	1.180149e+08	
7.950000e+00	6.689152e+09	2.215200e+10	4.037731e+00	3.141593e+00	3.624090e-01	8.975559e-02	4.342926e-01	0.000000e+00	0.000000e+00	0.000000e+00	3.344521e-03	1.385128e-07	1.773125e-02	2.237201e+07	9.265334e+02	1.186071e+08	
8.000000e+00	6.713902e+09	2.226636e+10	4.041936e+00	3.141593e+00	3.627863e-01	8.975559e-02	4.341506e-01	0.000000e+00	0.000000e+00	0.000000e+00	3.353778e-03	1.389749e-07	1.775367e-02	2.251694e+07	9.330636e+02	1.191964e+08	
8.050000e+00	6.738486e+09	2.238086e+10	4.046046e+00	3.141593e+00	3.631553e-01	8.975559e-02	4.340281e-01	0.000000e+00	0.000000e+00	0.000000e+00	3.362715e-03	1.394247e-07	1.777597e-02	2.265961e+07	9.395113e+02	1.197831e+08	
8.100000e+00	6.762911e+09	2.249549e+10	4.050068e+00	3.141593e+00	3.635162e-01	8.975559e-02	4.339230e-01	0.000000e+00	0.000000e+00	0.000000e+00	3.371347e-03	1.398635e-07	1.779814e-02	2.280012e+07	9.458842e+02	1.203672e+08	
8.150000e+00	6.787182e+09	2.261025e+10	4.054004e+00	3.141593e+00	3.638695e-01	8.975559e-02	4.338334e-01	0.000000e+00	0.000000e+00	0.000000e+00	3.379691e-03	1.402922e-07	1.782018e-02	2.293858e+07	9.521890e+02	1.209488e+08	
8.200000e+00	6.811306e+09	2.338361e+10	4.057860e+00	3.141593e+00	3.642156e-01	8.975559e-02	4.351464e-01	0.000000e+00	0.000000e+00	0.000000e+00	3.387760e-03	1.407119e-07	1.784208e-02	2.307507e+07	9.584316e+02	1.215279e+08	
8.250000e+00	6.835570e+09	2.381654e+10	4.061806e+00	3.141593e+00	3.645698e-01	8.975559e-02	4.376250e-01	0.000000e+00	0.000000e+00	0.000000e+00	3.395599e-03	1.411153e-07	1.786350e-02	2.321086e+07	9.646036e+02	1.221072e+08	
8.300000e+00	6.860208e+09	2.393090e+10	4.065981e+00	3.141593e+00	3.649445e-01	8.975559e-02	4.374648e-01	0.000000e+00	0.000000e+00	0.000000e+00	3.404616e-03	1.415351e-07	1.788486e-02	2.335637e+07	9.709605e+02	1.226939e+08	
8.350000e+00	6.884678e+09	2.404541e+10	4.070061e+00	3.141593e+00	3.653107e-01	8.975559e-02	4.373227e-01	0.000000e+00	0.000000e+00	0.000000e+00	3.413301e-03	1.419451e-07	1.790613e-02	2.349948e+07	9.772463e+02	1.232779e+08	
8.400000e+00	6.908986e+09	2.416006e+10	4.074051e+00	3.141593e+00	3.656689e-01	8.975559e-02	4.371965e-01	0.000000e+00	0.000000e+00	0.000000e+00	3.421673e-03	1.423460e-07	1.792729e-02	2.364029e+07	9.834665e+02	1.238594e+08	
8.450000e+00	6.933137e+09	2.427483e+10	4.077956e+00	3.141593e+00	3.660193e-01	8.975559e-02	4.370846e-01	0.000000e+00	0.000000e+00	0.000000e+00	3.429746e-03	1.427390e-07	1.794834e-02	2.377890e+07	9.896289e+02	1.244383e+08	
8.500000e+00	6.957139e+09	2.438974e+10	4.081778e+00	3.141593e+00	3.663624e-01	8.975559e-02	4.369857e-01	0.000000e+00	0.000000e+00	0.000000e+00	3.437537e-03	1.431247e-07	1.796928e-02	2.391542e+07	9.957385e+02	1.250148e+08	
8.550000e+00	6.980995e+09	2.450477e+10	4.085523e+00	3.141593e+00	3.666985e-01	8.975559e-02	4.368986e-01	0.000000e+00	0.000000e+00	0.000000e+00	3.445059e-03	1.435038e-07	1.799010e-02	2.404994e+07	1.001799e+03	1.255888e+08	
8.600000e+00	7.004712e+09	2.506321e+10	4.089192e+00	3.141593e+00	3.670279e-01	8.975559e-02	4.377345e-01	0.000000e+00	0.000000e+00	0.000000e+00	3.452324e-03	1.438766e-07	1.801080e-02	2.418254e+07	1.007814e+03	1.261604e+08	
8.650000e+00	7.028479e+09	2.517829e+10	4.092899e+00	3.141593e+00	3.673605e-01	8.975559e-02	4.376553e-01	0.000000e+00	0.000000e+00	0.000000e+00	3.459367e-03	1.442388e-07	1.803114e-02	2.431409e+07	1.013780e+03	1.267315e+08	
8.700000e+00	7.052110e+09	2.561696e+10	4.096532e+00	3.141593e+00	3.676867e-01	8.975559e-02	4.404037e-01	0.000000e+00	0.000000e+00	0.000000e+00	3.466175e-03	1.445957e-07	1.805138e-02	2.444385e+07	1.019705e+03	1.273003e+08	
8.750000e+00	7.076185e+09	2.573172e+10	4.100430e+00	3.141593e+00	3.680365e-01	8.975559e-02	4.402383e-01	0.000000e+00	0.000000e+00	0.000000e+00	3.474312e-03	1.449790e-07	1.807156e-02	2.458488e+07	1.025898e+03	1.278777e+08	
8.800000e+00	7.100100e+09	2.584662e+10	4.104241e+00	3.141593e+00	3.683785e-01	8.975559e-02	4.400897e-01	0.000000e+00	0.000000e+00	0.000000e+00	3.482141e-03	1.453539e-07	1.809165e-02	2.472355e+07	1.032027e+03	1.284526e+08	
8.850000e+00	7.123860e+09	2.596165e+10	4.107968e+00	3.141593e+00	3.687131e-01	8.975559e-02	4.399556e-01	0.000000e+00	0.000000e+00	0.000000e+00	3.489678e-03	1.457211e-07	1.811165e-02	2.485998e+07	1.038097e+03	1.290248e+08	
8.900000e+00	7.147472e+09	2.607681e+10	4.111616e+00	3.141593e+00	3.690405e-01	8.975559e-02	4.398349e-01	0.000000e+00	0.000000e+00	0.000000e+00	3.496937e-03	1.460813e-07	1.813154e-02	2.499426e+07	1.044112e+03	1.295947e+08	
8.950000e+00	7.170940e+09	2.619209e+10	4.115188e+00	3.141593e+00	3.693612e-01	8.975559e-02	4.397262e-01	0.000000e+00	0.000000e+00	0.000000e+00	3.503933e-03	1.464348e-07	1.815132e-02	2.512650e+07	1.050075e+03	1.301620e+08	
9.000000e+00	7.194270e+09	2.630749e+10	4.118688e+00	3.141593e+00	3.696753e-01	8.975559e-02	4.396287e-01	0.000000e+00	0.000000e+00	0.000000e+00	3.510680e-03	1.467823e-07	1.817099e-02	2.525678e+07	1.055992e+03	1.307270e+08	
9.050000e+00	7.217466e+09	2.655755e+10	4.122118e+00	3.141593e+00	3.699831e-01	8.975559e-02	4.397561e-01	0.000000e+00	0.000000e+00	0.000000e+00	3.517188e-03	1.471242e-07	1.819055e-02	2.538519e+07	1.061864e+03	1.312897e+08	
9.100000e+00	7.240577e+09	2.682282e+10	4.125506e+00	3.141593e+00	3.702873e-01	8.975559e-02	4.399157e-01	0.000000e+00	0.000000e+00	0.000000e+00	3.523459e-03	1.474591e-07	1.820990e-02	2.551188e+07	1.067689e+03	1.318502e+08	
9.150000e+00	7.263611e+09	2.693846e+10	4.128858e+00	3.141593e+00	3.705881e-01	8.975559e-02	4.398412e-01	0.000000e+00	0.000000e+00	0.000000e+00	3.529503e-03	1.477872e-07	1.822906e-02	2.563693e+07	1.073469e+03	1.324088e+08	
9.200000e+00	7.286520e+09	2.705421e+10	4.132146e+00	3.141593e+00	3.708832e-01	8.975559e-02	4.397754e-01	0.000000e+00	0.000000e+00	0.000000e+00	3.535343e-03	1.481108e-07	1.824811e-02	2.576035e+07	1.079213e+03	1.329652e+08	
9.250000e+00	7.309309e+09	2.717006e+10	4.135374e+00	3.141593e+00	3.711729e-01	8.975559e-02	4.397176e-01	0.000000e+00	0.000000e+00	0.000000e+00	3.540989e-03	1.484302e-07	1.826703e-02	2.588219e+07	1.084922e+03	1.335194e+08	
9.300000e+00	7.331982e+09	2.767633e+10	4.138543e+00	3.141593e+00	3.714573e-01	8.975559e-02	4.403151e-01	0.000000e+00	0.000000e+00	0.000000e+00	3.546452e-03	1.487459e-07	1.828585e-02	2.600252e+07	1.090602e+03	1.340715e+08	
9.350000e+00	7.354674e+09	2.767391e+10	4.141731e+00	3.141593e+00	3.717435e-01	8.975559e-02	4.397302e-01	0.000000e+00	0.000000e+00	0.000000e+00	3.551716e-03	1.490535e-07	1.830434e-02	2.612171e+07	1.096240e+03	1.346225e+08	
9.400000e+00	7.377142e+09	2.779002e+10	4.144800e+00	3.141593e+00	3.720190e-01	8.975559e-02	4.396975e-01	0.000000e+00	0.000000e+00	0.000000e+00	3.556607e-03	1.493579e-07	1.832271e-02	2.623759e+07	1.101835e+03	1.351693e+08	
9.450000e+00	7.399504e+09	2.790623e+10	4.147818e+00	3.141593e+00	3.722898e-01	8.975559e-02	4.396705e-01	0.000000e+00	0.000000e+00	0.000000e+00	3.561353e-03	1.496594e-07	1.834097e-02	2.635224e+07	1.107406e+03	1.357140e+08	
9.500000e+00	7.421762e+09	2.841750e+10	4.150785e+00	3.141593e+00	3.725562e-01	8.975559e-02	4.402902e-01	0.000000e+00	0.000000e+00	0.000000e+00	3.565960e-03	1.499582e-07	1.835910e-02	2.646571e+07	1.112954e+03	1.362569e+08	
9.550000e+00	7.444052e+09	2.917442e+10	4.153779e+00	3.141593e+00	3.728249e-01	8.975559e-02	4.454636e-01	0.000000e+00	0.000000e+00	0.000000e+00	3.570411e-03	1.502498e-07	1.837694e-02	2.657832e+07	1.118468e+03	1.367989e+08	
9.600000e+00	7.467319e+09	2.928974e+10	4.157324e+00	3.141593e+00	3.731431e-01	8.975559e-02	4.452248e-01	0.000000e+00	0.000000e+00	0.000000e+00	3.577160e-03	1.506105e-07	1.839469e-02	2.671179e+07	1.124657e+03	1.373591e+08	
9.650000e+00	7.490423e+09	2.940519e+10	4.160784e+00	3.141593e+00	3.734536e-01	8.975559e-02	4.450105e-01	0.000000e+00	0.000000e+00	0.000000e+00	3.583643e-03	1.509604e-07	1.841240e-02	2.684300e+07	1.130757e+03	1.379166e+08	
9.700000e+00	7.513370e+09	2.994016e+10	4.164162e+00	3.141593e+00	3.737568e-01	8.975559e-02	4.456506e-01	0.000000e+00	0.000000e+00	0.000000e+00	3.589876e-03	1.513006e-07	1.843004e-02	2.697206e+07	1.136777e+03	1.384717e+08	
9.750000e+00	7.536342e+09	3.086794e+10	4.167560e+00	3.141593e+00	3.740618e-01	8.975559e-02	4.469016e-01	0.000000e+00	0.000000e+00	0.000000e+00	3.595875e-03	1.516272e-07	1.844739e-02	2.709975e+07	1.142715e+03	1.390259e+08	
9.800000e+00	7.559465e+09	3.144440e+10	4.171047e+00	3.141593e+00	3.743748e-01	8.975559e-02	4.474443e-01	0.000000e+00	0.000000e+00	0.000000e+00	3.601636e-03	1.519380e-07	1.846436e-02	2.722644e+07	1.148570e+03	1.395807e+08	
9.850000e+00	7.582589e+09	3.155977e+10	4.174540e+00	3.141593e+00	3.746883e-01	8.975559e-02	4.472631e-01	0.000000e+00	0.000000e+00	0.000000e+00	3.607148e-03	1.522365e-07	1.848107e-02	2.735152e+07	1.154347e+03	1.401344e+08	
9.900000e+00	7.605563e+09	3.167527e+10	4.177955e+00	3.141593e+00	3.749948e-01	8.975559e-02	4.470975e-01	0.000000e+00	0.000000e+00	0.000000e+00	3.612456e-03	1.525296e-07	1.849776e-02	2.747476e+07	1.160073e+03	1.406859e+08	
9.950000e+00	7.628393e+09	3.210907e+10	4.181296e+00	3.141593e+00	3.752947e-01	8.975559e-02	4.487366e-01	0.000000e+00	0.000000e+00	0.000000e+00	3.617570e-03	1.528177e-07	1.851440e-02	2.759625e+07	1.165754e+03	1.412351e+08	
1.000000e+01	7.651458e+09	3.252658e+10	4.184772e+00	3.141593e+00	3.756066e-01	8.975559e-02	4.489689e-01	0.000000e+00	0.000000e+00	0.000000e+00	3.623312e-03	1.531051e-07	1.853101e-02	2.772362e+07	1.171477e+03	1.417892e+08	
1.005000e+01	7.674460e+09	3.363432e+10	4.188217e+00	3.141593e+00	3.759159e-01	8.975559e-02	4.556051e-01	0.000000e+00	0.000000e+00	0.000000e+00	3.628800e-03	1.533846e-07	1.854741e-02	2.784908e+07	1.177144e+03	1.423414e+08	
1.010000e+01	7.698742e+09	3.444477e+10	4.192365e+00	3.141593e+00	3.762882e-01	8.975559e-02	4.561141e-01	0.000000e+00	0.000000e+00	0.000000e+00	3.636604e-03	1.537872e-07	1.856362e-02	2.799728e+07	1.183968e+03	1.429165e+08	
1.015000e+01	7.722999e+09	3.487141e+10	4.196500e+00	3.141593e+00	3.766594e-01	8.975559e-02	4.570593e-01	0.000000e+00	0.000000e+00	0.000000e+00	3.644005e-03	1.541616e-07	1.857958e-02	2.814264e+07	1.190590e+03	1.434901e+08	
1.020000e+01	7.747323e+09	3.526821e+10	4.200674e+00	3.141593e+00	3.770340e-01	8.975559e-02	4.572431e-01	0.000000e+00	0.000000e+00	0.000000e+00	3.651620e-03	1.545173e-07	1.859557e-02	2.829028e+07	1.197095e+03	1.440659e+08	
1.025000e+01	7.771554e+09	3.571010e+10	4.204799e+00	3.141593e+00	3.774042e-01	8.975559e-02	4.591489e-01	0.000000e+00	0.000000e+00	0.000000e+00	3.658949e-03	1.548552e-07	1.861154e-02	2.843572e+07	1.203465e+03	1.446406e+08	
1.030000e+01	7.796055e+09	3.609197e+10	4.209071e+00	3.141593e+00	3.777876e-01	8.975559e-02	4.591773e-01	0.000000e+00	0.000000e+00	0.000000e+00	3.667119e-03	1.551957e-07	1.862760e-02	2.858906e+07	1.209914e+03	1.452218e+08	
1.035000e+01	7.820427e+09	3.710664e+10	4.213274e+00	3.141593e+00	3.781649e-01	8.975559e-02	4.632779e-01	0.000000e+00	0.000000e+00	0.000000e+00	3.674916e-03	1.555198e-07	1.864363e-02	2.873941e+07	1.216231e+03	1.458011e+08	
1.040000e+01	7.845530e+09	3.721996e+10	4.217872e+00	3.141593e+00	3.785776e-01	8.975559e-02	4.626974e-01	0.000000e+00	0.000000e+00	0.000000e+00	3.684121e-03	1.558709e-07	1.865963e-02	2.890388e+07	1.222890e+03	1.463947e+08	
1.045000e+01	7.870367e+09	3.751815e+10	4.222327e+00	3.141593e+00	3.789774e-01	8.975559e-02	4.623983e-01	0.000000e+00	0.000000e+00	0.000000e+00	3.692873e-03	1.562061e-07	1.867571e-02	2.906427e+07	1.229399e+03	1.469847e+08	
1.050000e+01	7.895002e+09	3.830721e+10	4.226672e+00	3.141593e+00	3.793675e-01	8.975559e-02	4.655897e-01	0.000000e+00	0.000000e+00	0.000000e+00	3.701176e-03	1.565256e-07	1.869174e-02	2.922079e+07	1.235770e+03	1.475713e+08	
1.055000e+01	7.920174e+09	3.873333e+10	4.231306e+00	3.141593e+00	3.797833e-01	8.975559e-02	4.654794e-01	0.000000e+00	0.000000e+00	0.000000e+00	3.710681e-03	1.568721e-07	1.870772e-02	2.938924e+07	1.242454e+03	1.481684e+08	
1.060000e+01	7.945179e+09	3.884666e+10	4.235849e+00	3.141593e+00	3.801911e-01	8.975559e-02	4.649036e-01	0.000000e+00	0.000000e+00	0.000000e+00	3.719692e-03	1.571997e-07	1.872366e-02	2.955362e+07	1.248980e+03	1.487628e+08	
1.065000e+01	7.969919e+09	3.896023e+10	4.240251e+00	3.141593e+00	3.805862e-01	8.975559e-02	4.643658e-01	0.000000e+00	0.000000e+00	0.000000e+00	3.728248e-03	1.575132e-07	1.873967e-02	2.971384e+07	1.255367e+03	1.493537e+08	
1.070000e+01	7.994408e+09	3.907401e+10	4.244519e+00	3.141593e+00	3.809693e-01	8.975559e-02	4.638624e-01	0.000000e+00	0.000000e+00	0.000000e+00	3.736372e-03	1.578141e-07	1.875574e-02	2.987009e+07	1.261630e+03	1.499410e+08	
1.075000e+01	8.018657e+09	3.918800e+10	4.248660e+00	3.141593e+00	3.813410e-01	8.975559e-02	4.633901e-01	0.000000e+00	0.000000e+00	0.000000e+00	3.744088e-03	1.581038e-07	1.877184e-02	3.002256e+07	1.267780e+03	1.505249e+08	
1.080000e+01	8.042676e+09	4.027058e+10	4.252681e+00	3.141593e+00	3.817019e-01	8.975559e-02	4.645771e-01	0.000000e+00	0.000000e+00	0.000000e+00	3.751417e-03	1.583836e-07	1.878797e-02	3.017143e+07	1.273828e+03	1.511055e+08	
1.085000e+01	8.066822e+09	4.085659e+10	4.256770e+00	3.141593e+00	3.820689e-01	8.975559e-02	4.647580e-01	0.000000e+00	0.000000e+00	0.000000e+00	3.758357e-03	1.586450e-07	1.880373e-02	3.031800e+07	1.279761e+03	1.516863e+08	
1.090000e+01	8.090878e+09	4.228587e+10	4.260813e+00	3.141593e+00	3.824318e-01	8.975559e-02	4.661295e-01	0.000000e+00	0.000000e+00	0.000000e+00	3.764906e-03	1.588935e-07	1.881931e-02	3.046140e+07	1.285588e+03	1.522647e+08	
1.095000e+01	8.115100e+09	4.272514e+10	4.264944e+00	3.141593e+00	3.828025e-01	8.975559e-02	4.675803e-01	0.000000e+00	0.000000e+00	0.000000e+00	3.771017e-03	1.591205e-07	1.883433e-02	3.060218e+07	1.291279e+03	1.528424e+08	
1.100000e+01	8.139502e+09	4.304754e+10	4.269170e+00	3.141593e+00	3.831819e-01	8.975559e-02	4.673791e-01	0.000000e+00	0.000000e+00	0.000000e+00	3.777651e-03	1.593470e-07	1.884941e-02	3.074820e+07	1.297005e+03	1.534248e+08	
1.105000e+01	8.163730e+09	4.316143e+10	4.273305e+00	3.141593e+00	3.835531e-01	8.975559e-02	4.669525e-01	0.000000e+00	0.000000e+00	0.000000e+00	3.783923e-03	1.595663e-07	1.886444e-02	3.089093e+07	1.302656e+03	1.540042e+08	
1.110000e+01	8.187738e+09	4.523251e+10	4.277326e+00	3.141593e+00	3.839140e-01	8.975559e-02	4.693380e-01	0.000000e+00	0.000000e+00	0.000000e+00	3.789875e-03	1.597802e-07	1.887953e-02	3.103050e+07	1.308238e+03	1.545807e+08	
1.115000e+01	8.212132e+09	4.623745e+10	4.281549e+00	3.141593e+00	3.842930e-01	8.975559e-02	4.700901e-01	0.000000e+00	0.000000e+00	0.000000e+00	3.795444e-03	1.599696e-07	1.889386e-02	3.116868e+07	1.313692e+03	1.551589e+08	
1.120000e+01	8.236555e+09	4.702943e+10	4.285787e+00	3.141593e+00	3.846734e-01	8.975559e-02	4.725788e-01	0.000000e+00	0.000000e+00	0.000000e+00	3.800654e-03	1.601479e-07	1.890791e-02	3.130430e+07	1.319067e+03	1.557361e+08	
1.125000e+01	8.261380e+09	4.714267e+10	4.290234e+00	3.141593e+00	3.850725e-01	8.975559e-02	4.720970e-01	0.000000e+00	0.000000e+00	0.000000e+00	3.806771e-03	1.603406e-07	1.892193e-02	3.144918e+07	1.324635e+03	1.563213e+08	
1.130000e+01	8.285965e+09	4.756744e+10	4.294556e+00	3.141593e+00	3.854604e-01	8.975559e-02	4.727747e-01	0.000000e+00	0.000000e+00	0.000000e+00	3.812563e-03	1.605291e-07	1.893606e-02	3.159077e+07	1.330139e+03	1.569036e+08	
1.135000e+01	8.310561e+09	4.848285e+10	4.298883e+00	3.141593e+00	3.858488e-01	8.975559e-02	4.733465e-01	0.000000e+00	0.000000e+00	0.000000e+00	3.818363e-03	1.607131e-07	1.895026e-02	3.173274e+07	1.335616e+03	1.574873e+08	
1.140000e+01	8.335147e+09	4.936943e+10	4.303205e+00	3.141593e+00	3.862367e-01	8.975559e-02	4.779901e-01	0.000000e+00	0.000000e+00	0.000000e+00	3.823785e-03	1.608856e-07	1.896422e-02	3.187182e+07	1.341005e+03	1.580695e+08	
1.145000e+01	8.360599e+09	4.948201e+10	4.307972e+00	3.141593e+00	3.866646e-01	8.975559e-02	4.773050e-01	0.000000e+00	0.000000e+00	0.000000e+00	3.830938e-03	1.611439e-07	1.897813e-02	3.202894e+07	1.347260e+03	1.586685e+08	
1.150000e+01	8.385758e+09	5.051323e+10	4.312586e+00	3.141593e+00	3.870787e-01	8.975559e-02	4.784793e-01	0.000000e+00	0.000000e+00	0.000000e+00	3.837699e-03	1.613892e-07	1.899218e-02	3.218201e+07	1.353371e+03	1.592639e+08	
1.155000e+01	8.411029e+09	5.100052e+10	4.317255e+00	3.141593e+00	3.874978e-01	8.975559e-02	4.782921e-01	0.000000e+00	0.000000e+00	0.000000e+00	3.844213e-03	1.616149e-07	1.900599e-02	3.233379e+07	1.359348e+03	1.598599e+08	
1.160000e+01	8.436116e+09	5.111338e+10	4.321829e+00	3.141593e+00	3.879083e-01	8.975559e-02	4.776974e-01	0.000000e+00	0.000000e+00	0.000000e+00	3.850335e-03	1.618270e-07	1.901977e-02	3.248187e+07	1.365191e+03	1.604530e+08	
1.165000e+01	8.460935e+09	5.176992e+10	4.326264e+00	3.141593e+00	3.883064e-01	8.975559e-02	4.817026e-01	0.000000e+00	0.000000e+00	0.000000e+00	3.856119e-03	1.620308e-07	1.903368e-02	3.262637e+07	1.370932e+03	1.610427e+08	
1.170000e+01	8.486485e+09	5.291918e+10	4.331071e+00	3.141593e+00	3.887378e-01	8.975559e-02	4.822377e-01	0.000000e+00	0.000000e+00	0.000000e+00	3.863527e-03	1.623081e-07	1.904765e-02	3.278776e+07	1.377425e+03	1.616476e+08	
1.175000e+01	8.512004e+09	5.379797e+10	4.335859e+00	3.141593e+00	3.891676e-01	8.975559e-02	4.861714e-01	0.000000e+00	0.000000e+00	0.000000e+00	3.870444e-03	1.625605e-07	1.906139e-02	3.294523e+07	1.383716e+03	1.622506e+08	
1.180000e+01	8.538231e+09	5.376212e+10	4.341005e+00	3.141593e+00	3.896295e-01	8.975559e-02	4.799444e-01	0.000000e+00	0.000000e+00	0.000000e+00	3.878827e-03	1.628690e-07	1.907517e-02	3.311833e+07	1.390613e+03	1.628682e+08	
1.185000e+01	8.562951e+09	5.519950e+10	4.345382e+00	3.141593e+00	3.900223e-01	8.975559e-02	4.875719e-01	0.000000e+00	0.000000e+00	0.000000e+00	3.885463e-03	1.629363e-07	1.908901e-02	3.327103e+07	1.395215e+03	1.634583e+08	
1.190000e+01	8.589195e+09	5.634799e+10	4.350529e+00	3.141593e+00	3.904843e-01	8.975559e-02	4.885348e-01	0.000000e+00	0.000000e+00	0.000000e+00	3.894072e-03	1.631922e-07	1.910249e-02	3.344694e+07	1.401689e+03	1.640750e+08	
1.195000e+01	8.615493e+09	5.645954e+10	4.355701e+00	3.141593e+00	3.909485e-01	8.975559e-02	4.877759e-01	0.000000e+00	0.000000e+00	0.000000e+00	3.902133e-03	1.634241e-07	1.911559e-02	3.361880e+07	1.407979e+03	1.646903e+08	
1.200000e+01	8.641471e+09	5.788869e+10	4.360706e+00	3.141593e+00	3.913977e-01	8.975559e-02	4.889466e-01	0.000000e+00	0.000000e+00	0.000000e+00	3.909728e-03	1.636452e-07	1.912891e-02	3.378580e+07	1.414135e+03	1.653019e+08	
1.205000e+01	8.667553e+09	5.800041e+10	4.365760e+00	3.141593e+00	3.918514e-01	8.975559e-02	4.882011e-01	0.000000e+00	0.000000e+00	0.000000e+00	3.916811e-03	1.638516e-07	1.914185e-02	3.394917e+07	1.420193e+03	1.659130e+08	
1.210000e+01	8.693320e+09	5.892964e+10	4.370653e+00	3.141593e+00	3.922905e-01	8.975559e-02	4.883813e-01	0.000000e+00	0.000000e+00	0.000000e+00	3.923478e-03	1.640535e-07	1.915499e-02	3.410805e+07	1.426169e+03	1.665205e+08	
1.215000e+01	8.718980e+09	5.985293e+10	4.375488e+00	3.141593e+00	3.927245e-01	8.975559e-02	4.887600e-01	0.000000e+00	0.000000e+00	0.000000e+00	3.929676e-03	1.642423e-07	1.916797e-02	3.426276e+07	1.432025e+03	1.671251e+08	
1.220000e+01	8.744577e+09	5.981618e+10	4.380289e+00	3.141593e+00	3.931554e-01	8.975559e-02	4.827551e-01	0.000000e+00	0.000000e+00	0.000000e+00	3.935452e-03	1.644208e-07	1.918081e-02	3.441386e+07	1.437790e+03	1.677280e+08	
1.225000e+01	8.768715e+09	6.033681e+10	4.384357e+00	3.141593e+00	3.935206e-01	8.975559e-02	4.832674e-01	0.000000e+00	0.000000e+00	0.000000e+00	3.939629e-03	1.643759e-07	1.919370e-02	3.454548e+07	1.441365e+03	1.683041e+08	
1.230000e+01	8.792841e+09	6.200578e+10	4.388420e+00	3.141593e+00	3.938852e-01	8.975559e-02	4.863638e-01	0.000000e+00	0.000000e+00	0.000000e+00	3.943510e-03	1.643599e-07	1.920654e-02	3.467466e+07	1.445191e+03	1.688801e+08	
1.235000e+01	8.817524e+09	6.211864e+10	4.392759e+00	3.141593e+00	3.942747e-01	8.975559e-02	4.861420e-01	0.000000e+00	0.000000e+00	0.000000e+00	3.947803e-03	1.643602e-07	1.921905e-02	3.480985e+07	1.449250e+03	1.694644e+08	
1.240000e+01	8.842027e+09	6.270336e+10	4.397008e+00	3.141593e+00	3.946561e-01	8.975559e-02	4.863837e-01	0.000000e+00	0.000000e+00	0.000000e+00	3.951827e-03	1.643792e-07	1.923170e-02	3.494217e+07	1.453445e+03	1.700472e+08	
1.245000e+01	8.866455e+09	6.316757e+10	4.401218e+00	3.141593e+00	3.950340e-01	8.975559e-02	4.864411e-01	0.000000e+00	0.000000e+00	0.000000e+00	3.955556e-03	1.644145e-07	1.924429e-02	3.507177e+07	1.457774e+03	1.706287e+08	
