# COLUMN NUMBERS: 
#	0: time [Gyr]
#	1: mgas [Msun]			ISM gas mass
#	2: mstar [Msun]			Stellar mass
#	3: sfr [Msun/yr]		Star formation rate
#	4: ifr [Msun/yr]		Infall rate
#	5: ofr [Msun/yr]		Outfow rate
#	6: eta_0			Mass-loading factor
#	7: r_eff			Effective recycilng rate
#	8: z_in(fe)			Inflow fe metallicity
#	9: z_in(sr)			Inflow sr metallicity
#	10: z_in(o)			Inflow o metallicity
#	11: z_out(fe)			Outflow fe metallicity
#	12: z_out(sr)			Outflow sr metallicity
#	13: z_out(o)			Outflow o metallicity
#	14: mass(fe) [Msun]		mass of element fe in ISM
#	15: mass(sr) [Msun]		mass of element sr in ISM
#	16: mass(o) [Msun]		mass of element o in ISM
0.000000e+00	1.000000e-12	6.269954e-30	1.672766e-37	7.225663e+01	7.748808e-37	4.632331e+00	2.503490e-01	0.000000e+00	0.000000e+00	0.000000e+00	1.785355e-281	1.785354e-281	0.000000e+00	0.000000e+00	0.000000e+00	0.000000e+00	
5.000000e-02	3.612832e+09	2.046263e+08	5.459242e+00	7.225663e+01	2.528902e+01	4.632331e+00	2.503490e-01	0.000000e+00	0.000000e+00	0.000000e+00	5.448017e-05	6.083619e-10	6.810021e-04	1.968277e+05	2.197909e+00	2.460346e+06	
1.000000e-01	5.756586e+09	5.192044e+08	8.557156e+00	7.225663e+01	3.963958e+01	4.632331e+00	2.647601e-01	0.000000e+00	0.000000e+00	0.000000e+00	7.553535e-05	8.434781e-10	9.441919e-04	4.348257e+05	4.855554e+00	5.435322e+06	
1.500000e-01	7.072860e+09	8.937110e+08	1.034821e+01	7.225663e+01	4.793635e+01	4.632331e+00	2.761908e-01	0.000000e+00	0.000000e+00	0.000000e+00	9.265381e-05	1.039407e-09	1.158152e-03	6.553275e+05	7.351579e+00	8.191446e+06	
2.000000e-01	7.914368e+09	1.317647e+09	1.140262e+01	7.225663e+01	5.282070e+01	4.632331e+00	2.861274e-01	0.000000e+00	0.000000e+00	0.000000e+00	1.062791e-04	1.200884e-09	1.328424e-03	8.411321e+05	9.504239e+00	1.051364e+07	
2.500000e-01	8.479163e+09	1.750028e+09	1.203535e+01	7.225663e+01	5.575174e+01	4.632331e+00	2.943132e-01	0.000000e+00	0.000000e+00	0.000000e+00	1.220992e-04	1.335640e-09	1.462686e-03	1.035299e+06	1.132511e+01	1.240235e+07	
3.000000e-01	8.879748e+09	2.170963e+09	1.242258e+01	7.225663e+01	5.754552e+01	4.632331e+00	3.008561e-01	0.000000e+00	0.000000e+00	0.000000e+00	1.392955e-04	1.448442e-09	1.567548e-03	1.236909e+06	1.286180e+01	1.391943e+07	
3.500000e-01	9.181045e+09	2.588211e+09	1.266444e+01	7.225663e+01	5.866590e+01	4.632331e+00	3.064192e-01	0.000000e+00	0.000000e+00	0.000000e+00	1.565846e-04	1.546002e-09	1.649229e-03	1.437610e+06	1.419391e+01	1.514165e+07	
4.000000e-01	9.421391e+09	3.001509e+09	1.281916e+01	7.225663e+01	5.938258e+01	4.632331e+00	3.112325e-01	0.000000e+00	0.000000e+00	0.000000e+00	1.730861e-04	1.631501e-09	1.712953e-03	1.630712e+06	1.537101e+01	1.613840e+07	
4.500000e-01	9.623623e+09	3.411223e+09	1.292088e+01	7.225663e+01	5.985379e+01	4.632331e+00	3.154600e-01	0.000000e+00	0.000000e+00	0.000000e+00	1.883470e-04	1.706850e-09	1.763011e-03	1.812581e+06	1.642608e+01	1.696655e+07	
5.000000e-01	9.801522e+09	3.817860e+09	1.298992e+01	7.225663e+01	6.017361e+01	4.632331e+00	3.192204e-01	0.000000e+00	0.000000e+00	0.000000e+00	2.022075e-04	1.774390e-09	1.802800e-03	1.981941e+06	1.739172e+01	1.767018e+07	
5.500000e-01	9.963509e+09	4.221892e+09	1.303850e+01	7.225663e+01	6.039865e+01	4.632331e+00	3.226017e-01	0.000000e+00	0.000000e+00	0.000000e+00	2.146798e-04	1.836782e-09	1.834933e-03	2.138965e+06	1.830079e+01	1.828237e+07	
6.000000e-01	1.011480e+10	4.583732e+09	1.307406e+01	7.225663e+01	6.056337e+01	4.632331e+00	3.237703e-01	0.000000e+00	0.000000e+00	0.000000e+00	2.258649e-04	1.896808e-09	1.861382e-03	2.284577e+06	1.918582e+01	1.882750e+07	
6.500000e-01	1.025740e+10	5.023560e+09	1.309960e+01	7.225663e+01	6.068170e+01	4.632331e+00	3.284863e-01	0.000000e+00	0.000000e+00	0.000000e+00	2.358463e-04	1.947479e-09	1.883056e-03	2.419171e+06	1.997608e+01	1.931526e+07	
7.000000e-01	1.039632e+10	5.421770e+09	1.312172e+01	7.225663e+01	6.078416e+01	4.632331e+00	3.310650e-01	0.000000e+00	0.000000e+00	0.000000e+00	2.448891e-04	2.011022e-09	1.902267e-03	2.545946e+06	2.090723e+01	1.977658e+07	
7.500000e-01	1.053107e+10	5.818517e+09	1.313988e+01	7.225663e+01	6.086827e+01	4.632331e+00	3.334563e-01	0.000000e+00	0.000000e+00	0.000000e+00	2.530590e-04	2.074528e-09	1.919089e-03	2.664982e+06	2.184700e+01	2.021005e+07	
8.000000e-01	1.066257e+10	6.213949e+09	1.315531e+01	7.225663e+01	6.093973e+01	4.632331e+00	3.356843e-01	0.000000e+00	0.000000e+00	0.000000e+00	2.604790e-04	2.138116e-09	1.934093e-03	2.777376e+06	2.279781e+01	2.062241e+07	
8.500000e-01	1.079145e+10	7.044383e+09	1.316880e+01	7.225663e+01	6.100225e+01	4.632331e+00	3.583512e-01	0.000000e+00	0.000000e+00	0.000000e+00	2.672544e-04	2.201639e-09	1.947699e-03	2.884062e+06	2.375888e+01	2.101850e+07	
9.000000e-01	1.093168e+10	6.949229e+09	1.319725e+01	7.225663e+01	6.113403e+01	4.632331e+00	3.375731e-01	0.000000e+00	0.000000e+00	0.000000e+00	2.734607e-04	2.277125e-09	1.960232e-03	2.989385e+06	2.489281e+01	2.142863e+07	
9.500000e-01	1.105070e+10	7.340881e+09	1.320124e+01	7.225663e+01	6.115249e+01	4.632331e+00	3.394590e-01	0.000000e+00	0.000000e+00	0.000000e+00	2.791499e-04	2.325418e-09	1.971828e-03	3.084803e+06	2.569750e+01	2.179008e+07	
1.000000e+00	1.116991e+10	8.071697e+09	1.320678e+01	7.225663e+01	6.117819e+01	4.632331e+00	3.472126e-01	0.000000e+00	0.000000e+00	0.000000e+00	2.844267e-04	2.377266e-09	1.982502e-03	3.177022e+06	2.655385e+01	2.214437e+07	
1.050000e+00	1.129277e+10	8.044726e+09	1.321785e+01	7.225663e+01	6.122947e+01	4.632331e+00	3.420376e-01	0.000000e+00	0.000000e+00	0.000000e+00	2.942483e-04	2.430049e-09	1.993204e-03	3.322879e+06	2.744200e+01	2.250880e+07	
1.100000e+00	1.140929e+10	8.761491e+09	1.322266e+01	7.225663e+01	6.125173e+01	4.632331e+00	3.487024e-01	0.000000e+00	0.000000e+00	0.000000e+00	2.967578e-04	2.470879e-09	2.002405e-03	3.385795e+06	2.819098e+01	2.284602e+07	
1.150000e+00	1.152894e+10	9.080580e+09	1.323223e+01	7.225663e+01	6.129606e+01	4.632331e+00	3.496773e-01	0.000000e+00	0.000000e+00	0.000000e+00	3.035264e-04	2.518339e-09	2.011812e-03	3.499337e+06	2.903378e+01	2.319406e+07	
1.200000e+00	1.164671e+10	9.433062e+09	1.324069e+01	7.225663e+01	6.133525e+01	4.632331e+00	3.503180e-01	0.000000e+00	0.000000e+00	0.000000e+00	3.089571e-04	2.555201e-09	2.020724e-03	3.598333e+06	2.975967e+01	2.353478e+07	
1.250000e+00	1.176266e+10	9.339062e+09	1.324812e+01	7.225663e+01	6.136966e+01	4.632331e+00	3.466593e-01	0.000000e+00	0.000000e+00	0.000000e+00	3.130947e-04	2.593340e-09	2.029252e-03	3.682828e+06	3.050459e+01	2.386941e+07	
1.300000e+00	1.187424e+10	9.966999e+09	1.325164e+01	7.225663e+01	6.138599e+01	4.632331e+00	3.526411e-01	0.000000e+00	0.000000e+00	0.000000e+00	3.134411e-04	2.606792e-09	2.036864e-03	3.721873e+06	3.095366e+01	2.418620e+07	
1.350000e+00	1.198884e+10	1.131827e+10	1.325954e+01	7.225663e+01	6.142258e+01	4.632331e+00	3.653004e-01	0.000000e+00	0.000000e+00	0.000000e+00	3.182477e-04	2.615321e-09	2.044694e-03	3.815420e+06	3.135466e+01	2.451351e+07	
1.400000e+00	1.210975e+10	1.152943e+10	1.327526e+01	7.225663e+01	6.149541e+01	4.632331e+00	3.601516e-01	0.000000e+00	0.000000e+00	0.000000e+00	3.304692e-04	2.640979e-09	2.053423e-03	4.001900e+06	3.198160e+01	2.486644e+07	
1.450000e+00	1.222310e+10	1.176940e+10	1.328351e+01	7.225663e+01	6.153362e+01	4.632331e+00	3.621342e-01	0.000000e+00	0.000000e+00	0.000000e+00	3.348298e-04	2.652695e-09	2.060962e-03	4.092660e+06	3.242416e+01	2.519136e+07	
1.500000e+00	1.233560e+10	1.211609e+10	1.329167e+01	7.225663e+01	6.157142e+01	4.632331e+00	3.623295e-01	0.000000e+00	0.000000e+00	0.000000e+00	3.397254e-04	2.647325e-09	2.068329e-03	4.190717e+06	3.265634e+01	2.551408e+07	
1.550000e+00	1.244608e+10	1.288823e+10	1.329848e+01	7.225663e+01	6.160298e+01	4.632331e+00	3.818960e-01	0.000000e+00	0.000000e+00	0.000000e+00	3.431561e-04	2.654808e-09	2.075498e-03	4.270947e+06	3.304195e+01	2.583181e+07	
1.600000e+00	1.256777e+10	1.360008e+10	1.331798e+01	7.225663e+01	6.169331e+01	4.632331e+00	3.864276e-01	0.000000e+00	0.000000e+00	0.000000e+00	3.431938e-04	2.689591e-09	2.082420e-03	4.313180e+06	3.380216e+01	2.617137e+07	
1.650000e+00	1.268735e+10	1.188703e+10	1.333584e+01	7.225663e+01	6.177605e+01	4.632331e+00	3.451785e-01	0.000000e+00	0.000000e+00	0.000000e+00	3.463908e-04	2.731209e-09	2.089971e-03	4.394783e+06	3.465182e+01	2.651621e+07	
1.700000e+00	1.277475e+10	1.239607e+10	1.332072e+01	7.225663e+01	6.170597e+01	4.632331e+00	3.685054e-01	0.000000e+00	0.000000e+00	0.000000e+00	3.360066e-04	2.690821e-09	2.094895e-03	4.292401e+06	3.437458e+01	2.676176e+07	
1.750000e+00	1.288169e+10	1.181283e+10	1.332687e+01	7.225663e+01	6.173447e+01	4.632331e+00	3.425535e-01	0.000000e+00	0.000000e+00	0.000000e+00	3.295142e-04	2.684930e-09	2.100088e-03	4.244699e+06	3.458643e+01	2.705268e+07	
1.800000e+00	1.296971e+10	1.216631e+10	1.331432e+01	7.225663e+01	6.167633e+01	4.632331e+00	3.456142e-01	0.000000e+00	0.000000e+00	0.000000e+00	3.226768e-04	2.651612e-09	2.104642e-03	4.185025e+06	3.439065e+01	2.729661e+07	
1.850000e+00	1.306309e+10	1.106359e+10	1.330820e+01	7.225663e+01	6.164799e+01	4.632331e+00	3.537923e-01	0.000000e+00	0.000000e+00	0.000000e+00	3.198607e-04	2.636262e-09	2.109293e-03	4.178370e+06	3.443774e+01	2.755388e+07	
1.900000e+00	1.316353e+10	1.285927e+10	1.331007e+01	7.225663e+01	6.165665e+01	4.632331e+00	3.751205e-01	0.000000e+00	0.000000e+00	0.000000e+00	3.090532e-04	2.601023e-09	2.112750e-03	4.068232e+06	3.423865e+01	2.781125e+07	
1.950000e+00	1.327767e+10	1.306161e+10	1.332640e+01	7.225663e+01	6.173228e+01	4.632331e+00	3.591529e-01	0.000000e+00	0.000000e+00	0.000000e+00	3.054848e-04	2.631896e-09	2.117359e-03	4.056126e+06	3.494545e+01	2.811360e+07	
2.000000e+00	1.337688e+10	1.279985e+10	1.332832e+01	7.225663e+01	6.174121e+01	4.632331e+00	3.433255e-01	0.000000e+00	0.000000e+00	0.000000e+00	3.074628e-04	2.650643e-09	2.122829e-03	4.112893e+06	3.545733e+01	2.839682e+07	
2.050000e+00	1.346503e+10	1.388760e+10	1.331998e+01	7.225663e+01	6.170257e+01	4.632331e+00	3.544672e-01	0.000000e+00	0.000000e+00	0.000000e+00	3.072331e-04	2.625040e-09	2.127394e-03	4.136904e+06	3.534625e+01	2.864543e+07	
2.100000e+00	1.356281e+10	1.452513e+10	1.332189e+01	7.225663e+01	6.171140e+01	4.632331e+00	3.579263e-01	0.000000e+00	0.000000e+00	0.000000e+00	3.144213e-04	2.628243e-09	2.132837e-03	4.264436e+06	3.564637e+01	2.892727e+07	
2.150000e+00	1.366239e+10	1.520167e+10	1.332618e+01	7.225663e+01	6.173129e+01	4.632331e+00	3.620333e-01	0.000000e+00	0.000000e+00	0.000000e+00	3.215154e-04	2.641492e-09	2.138232e-03	4.392669e+06	3.608910e+01	2.921336e+07	
2.200000e+00	1.376357e+10	1.679136e+10	1.333261e+01	7.225663e+01	6.176105e+01	4.632331e+00	3.947715e-01	0.000000e+00	0.000000e+00	0.000000e+00	3.290480e-04	2.671409e-09	2.143752e-03	4.528877e+06	3.676813e+01	2.950569e+07	
2.250000e+00	1.388489e+10	1.671529e+10	1.335894e+01	7.225663e+01	6.188301e+01	4.632331e+00	3.897725e-01	0.000000e+00	0.000000e+00	0.000000e+00	3.410883e-04	2.746695e-09	2.150530e-03	4.735974e+06	3.813755e+01	2.985987e+07	
2.300000e+00	1.399597e+10	1.641114e+10	1.337574e+01	7.225663e+01	6.196084e+01	4.632331e+00	3.858759e-01	0.000000e+00	0.000000e+00	0.000000e+00	3.470426e-04	2.788909e-09	2.156958e-03	4.857198e+06	3.903349e+01	3.018872e+07	
2.350000e+00	1.410004e+10	1.638133e+10	1.338625e+01	7.225663e+01	6.200954e+01	4.632331e+00	3.826972e-01	0.000000e+00	0.000000e+00	0.000000e+00	3.493346e-04	2.820167e-09	2.162960e-03	4.925633e+06	3.976447e+01	3.049783e+07	
2.400000e+00	1.419923e+10	1.641777e+10	1.339259e+01	7.225663e+01	6.203893e+01	4.632331e+00	3.773614e-01	0.000000e+00	0.000000e+00	0.000000e+00	3.491259e-04	2.831711e-09	2.168380e-03	4.957318e+06	4.020811e+01	3.078932e+07	
2.450000e+00	1.429318e+10	1.613395e+10	1.339451e+01	7.225663e+01	6.204779e+01	4.632331e+00	3.764425e-01	0.000000e+00	0.000000e+00	0.000000e+00	3.517586e-04	2.851568e-09	2.173912e-03	5.027748e+06	4.075796e+01	3.107210e+07	
2.500000e+00	1.438601e+10	1.507694e+10	1.339590e+01	7.225663e+01	6.205426e+01	4.632331e+00	3.634939e-01	0.000000e+00	0.000000e+00	0.000000e+00	3.634720e-04	2.857115e-09	2.180612e-03	5.228911e+06	4.110248e+01	3.137030e+07	
2.550000e+00	1.446980e+10	1.543366e+10	1.338945e+01	7.225663e+01	6.202436e+01	4.632331e+00	3.639874e-01	0.000000e+00	0.000000e+00	0.000000e+00	3.636014e-04	2.843480e-09	2.185245e-03	5.261237e+06	4.114457e+01	3.162004e+07	
2.600000e+00	1.455562e+10	1.529630e+10	1.338546e+01	7.225663e+01	6.200590e+01	4.632331e+00	3.585369e-01	0.000000e+00	0.000000e+00	0.000000e+00	3.634071e-04	2.851935e-09	2.189410e-03	5.289614e+06	4.151167e+01	3.186821e+07	
2.650000e+00	1.463884e+10	1.512770e+10	1.337966e+01	7.225663e+01	6.197901e+01	4.632331e+00	3.583274e-01	0.000000e+00	0.000000e+00	0.000000e+00	3.597669e-04	2.857709e-09	2.192656e-03	5.266570e+06	4.183354e+01	3.209794e+07	
2.700000e+00	1.472345e+10	1.461461e+10	1.337568e+01	7.225663e+01	6.196058e+01	4.632331e+00	3.540363e-01	0.000000e+00	0.000000e+00	0.000000e+00	3.569521e-04	2.864476e-09	2.195685e-03	5.255568e+06	4.217497e+01	3.232806e+07	
2.750000e+00	1.480624e+10	1.481863e+10	1.337059e+01	7.225663e+01	6.193700e+01	4.632331e+00	3.546445e-01	0.000000e+00	0.000000e+00	0.000000e+00	3.525251e-04	2.855516e-09	2.198264e-03	5.219573e+06	4.227947e+01	3.254803e+07	
2.800000e+00	1.489079e+10	1.512860e+10	1.336760e+01	7.225663e+01	6.192316e+01	4.632331e+00	3.583896e-01	0.000000e+00	0.000000e+00	0.000000e+00	3.494757e-04	2.847042e-09	2.200839e-03	5.203968e+06	4.239470e+01	3.277223e+07	
2.850000e+00	1.497862e+10	1.604122e+10	1.336804e+01	7.225663e+01	6.192521e+01	4.632331e+00	3.626697e-01	0.000000e+00	0.000000e+00	0.000000e+00	3.491902e-04	2.849398e-09	2.203749e-03	5.230387e+06	4.268005e+01	3.300912e+07	
2.900000e+00	1.506920e+10	1.632510e+10	1.337137e+01	7.225663e+01	6.194060e+01	4.632331e+00	3.645049e-01	0.000000e+00	0.000000e+00	0.000000e+00	3.511070e-04	2.860672e-09	2.207002e-03	5.290901e+06	4.310804e+01	3.325775e+07	
2.950000e+00	1.516013e+10	1.691839e+10	1.337540e+01	7.225663e+01	6.195929e+01	4.632331e+00	3.671865e-01	0.000000e+00	0.000000e+00	0.000000e+00	3.535864e-04	2.873502e-09	2.210449e-03	5.360415e+06	4.356265e+01	3.351069e+07	
3.000000e+00	1.525179e+10	1.744526e+10	1.338046e+01	7.225663e+01	6.198273e+01	4.632331e+00	3.655422e-01	0.000000e+00	0.000000e+00	0.000000e+00	3.568510e-04	2.889849e-09	2.214095e-03	5.442617e+06	4.407537e+01	3.376891e+07	
3.050000e+00	1.534102e+10	1.665973e+10	1.338376e+01	7.225663e+01	6.199802e+01	4.632331e+00	3.579982e-01	0.000000e+00	0.000000e+00	0.000000e+00	3.580945e-04	2.903810e-09	2.217524e-03	5.493533e+06	4.454740e+01	3.401908e+07	
3.100000e+00	1.542433e+10	1.576543e+10	1.338230e+01	7.225663e+01	6.199126e+01	4.632331e+00	3.511334e-01	0.000000e+00	0.000000e+00	0.000000e+00	3.551865e-04	2.894422e-09	2.220385e-03	5.478513e+06	4.464451e+01	3.424794e+07	
3.150000e+00	1.550343e+10	1.529933e+10	1.337763e+01	7.225663e+01	6.196961e+01	4.632331e+00	3.454191e-01	0.000000e+00	0.000000e+00	0.000000e+00	3.495231e-04	2.854675e-09	2.222635e-03	5.418806e+06	4.425726e+01	3.445847e+07	
3.200000e+00	1.557994e+10	1.559586e+10	1.337118e+01	7.225663e+01	6.193973e+01	4.632331e+00	3.636529e-01	0.000000e+00	0.000000e+00	0.000000e+00	3.421955e-04	2.808232e-09	2.224476e-03	5.331387e+06	4.375210e+01	3.465721e+07	
3.250000e+00	1.567035e+10	1.561314e+10	1.337704e+01	7.225663e+01	6.196690e+01	4.632331e+00	3.725201e-01	0.000000e+00	0.000000e+00	0.000000e+00	3.343070e-04	2.776100e-09	2.226291e-03	5.238709e+06	4.350246e+01	3.488677e+07	
3.300000e+00	1.576515e+10	1.593727e+10	1.338695e+01	7.225663e+01	6.201277e+01	4.632331e+00	3.788898e-01	0.000000e+00	0.000000e+00	0.000000e+00	3.260012e-04	2.767074e-09	2.228399e-03	5.139458e+06	4.362333e+01	3.513104e+07	
3.350000e+00	1.586160e+10	1.622341e+10	1.339852e+01	7.225663e+01	6.206637e+01	4.632331e+00	3.833471e-01	0.000000e+00	0.000000e+00	0.000000e+00	3.242011e-04	2.775221e-09	2.231921e-03	5.142349e+06	4.401945e+01	3.540185e+07	
3.400000e+00	1.595800e+10	1.615601e+10	1.341028e+01	7.225663e+01	6.212088e+01	4.632331e+00	3.678031e-01	0.000000e+00	0.000000e+00	0.000000e+00	3.258386e-04	2.793517e-09	2.236258e-03	5.199734e+06	4.457896e+01	3.568622e+07	
3.450000e+00	1.604089e+10	1.554882e+10	1.341099e+01	7.225663e+01	6.212415e+01	4.632331e+00	3.573461e-01	0.000000e+00	0.000000e+00	0.000000e+00	3.300312e-04	2.818541e-09	2.241299e-03	5.293996e+06	4.521192e+01	3.595244e+07	
3.500000e+00	1.611659e+10	1.611990e+10	1.340605e+01	7.225663e+01	6.210126e+01	4.632331e+00	3.547270e-01	0.000000e+00	0.000000e+00	0.000000e+00	3.345834e-04	2.848874e-09	2.246272e-03	5.392343e+06	4.591412e+01	3.620223e+07	
3.550000e+00	1.619183e+10	1.669564e+10	1.340112e+01	7.225663e+01	6.207844e+01	4.632331e+00	3.534086e-01	0.000000e+00	0.000000e+00	0.000000e+00	3.357190e-04	2.897278e-09	2.250216e-03	5.435904e+06	4.691223e+01	3.643511e+07	
3.600000e+00	1.626749e+10	1.686939e+10	1.339692e+01	7.225663e+01	6.205898e+01	4.632331e+00	3.560701e-01	0.000000e+00	0.000000e+00	0.000000e+00	3.353393e-04	2.963288e-09	2.253539e-03	5.455127e+06	4.820524e+01	3.665942e+07	
3.650000e+00	1.634603e+10	1.675445e+10	1.339546e+01	7.225663e+01	6.205220e+01	4.632331e+00	3.571096e-01	0.000000e+00	0.000000e+00	0.000000e+00	3.364224e-04	3.053193e-09	2.256920e-03	5.499172e+06	4.990759e+01	3.689170e+07	
3.700000e+00	1.642566e+10	1.691519e+10	1.339521e+01	7.225663e+01	6.205106e+01	4.632331e+00	3.588314e-01	0.000000e+00	0.000000e+00	0.000000e+00	3.379276e-04	3.154775e-09	2.260328e-03	5.550686e+06	5.181927e+01	3.712740e+07	
3.750000e+00	1.650651e+10	1.679970e+10	1.339627e+01	7.225663e+01	6.205597e+01	4.632331e+00	3.595643e-01	0.000000e+00	0.000000e+00	0.000000e+00	3.400050e-04	3.262811e-09	2.263786e-03	5.612296e+06	5.385764e+01	3.736722e+07	
3.800000e+00	1.658757e+10	1.641679e+10	1.339780e+01	7.225663e+01	6.206305e+01	4.632331e+00	3.596999e-01	0.000000e+00	0.000000e+00	0.000000e+00	3.421087e-04	3.372064e-09	2.267262e-03	5.674754e+06	5.593437e+01	3.760838e+07	
3.850000e+00	1.666832e+10	1.630050e+10	1.339937e+01	7.225663e+01	6.207030e+01	4.632331e+00	3.602192e-01	0.000000e+00	0.000000e+00	0.000000e+00	3.439865e-04	3.479690e-09	2.270729e-03	5.733678e+06	5.800059e+01	3.784925e+07	
3.900000e+00	1.674901e+10	1.618393e+10	1.340116e+01	7.225663e+01	6.207862e+01	4.632331e+00	3.606574e-01	0.000000e+00	0.000000e+00	0.000000e+00	3.458132e-04	3.584390e-09	2.274179e-03	5.792028e+06	6.003497e+01	3.809024e+07	
3.950000e+00	1.682951e+10	1.634414e+10	1.340309e+01	7.225663e+01	6.208754e+01	4.632331e+00	3.619299e-01	0.000000e+00	0.000000e+00	0.000000e+00	3.475561e-04	3.685216e-09	2.277603e-03	5.849199e+06	6.202039e+01	3.833095e+07	
4.000000e+00	1.691036e+10	1.568145e+10	1.340556e+01	7.225663e+01	6.209898e+01	4.632331e+00	3.607773e-01	0.000000e+00	0.000000e+00	0.000000e+00	3.495541e-04	3.782743e-09	2.281023e-03	5.911086e+06	6.396755e+01	3.857292e+07	
4.050000e+00	1.698978e+10	1.611726e+10	1.340716e+01	7.225663e+01	6.210641e+01	4.632331e+00	3.627898e-01	0.000000e+00	0.000000e+00	0.000000e+00	3.507979e-04	3.873863e-09	2.284364e-03	5.959981e+06	6.581610e+01	3.881085e+07	
4.100000e+00	1.707014e+10	1.627596e+10	1.340975e+01	7.225663e+01	6.211842e+01	4.632331e+00	3.638512e-01	0.000000e+00	0.000000e+00	0.000000e+00	3.526704e-04	3.962517e-09	2.287706e-03	6.020132e+06	6.764071e+01	3.905146e+07	
4.150000e+00	1.715052e+10	1.671054e+10	1.341262e+01	7.225663e+01	6.213168e+01	4.632331e+00	3.657125e-01	0.000000e+00	0.000000e+00	0.000000e+00	3.546633e-04	4.047284e-09	2.291034e-03	6.082660e+06	6.941301e+01	3.929242e+07	
4.200000e+00	1.723139e+10	1.679835e+10	1.341610e+01	7.225663e+01	6.214784e+01	4.632331e+00	3.566692e-01	0.000000e+00	0.000000e+00	0.000000e+00	3.570553e-04	4.129072e-09	2.294372e-03	6.152559e+06	7.114965e+01	3.953523e+07	
4.250000e+00	1.730528e+10	1.717983e+10	1.341441e+01	7.225663e+01	6.213999e+01	4.632331e+00	3.536828e-01	0.000000e+00	0.000000e+00	0.000000e+00	3.594709e-04	4.204909e-09	2.297433e-03	6.220746e+06	7.276713e+01	3.975773e+07	
4.300000e+00	1.737762e+10	1.788046e+10	1.341178e+01	7.225663e+01	6.212783e+01	4.632331e+00	3.587257e-01	0.000000e+00	0.000000e+00	0.000000e+00	3.672093e-04	4.264008e-09	2.301079e-03	6.381222e+06	7.409830e+01	3.998726e+07	
4.350000e+00	1.745402e+10	1.861930e+10	1.341257e+01	7.225663e+01	6.213145e+01	4.632331e+00	3.637012e-01	0.000000e+00	0.000000e+00	0.000000e+00	3.754078e-04	4.318136e-09	2.304460e-03	6.552377e+06	7.536885e+01	4.022211e+07	
4.400000e+00	1.753356e+10	1.933847e+10	1.341598e+01	7.225663e+01	6.214728e+01	4.632331e+00	3.677320e-01	0.000000e+00	0.000000e+00	0.000000e+00	3.840345e-04	4.372744e-09	2.307781e-03	6.733493e+06	7.666979e+01	4.046362e+07	
4.450000e+00	1.761491e+10	1.952105e+10	1.342099e+01	7.225663e+01	6.217048e+01	4.632331e+00	3.704855e-01	0.000000e+00	0.000000e+00	0.000000e+00	3.926366e-04	4.431358e-09	2.311108e-03	6.916257e+06	7.805796e+01	4.070995e+07	
4.500000e+00	1.769678e+10	2.000134e+10	1.342660e+01	7.225663e+01	6.219645e+01	4.632331e+00	3.734997e-01	0.000000e+00	0.000000e+00	0.000000e+00	4.007443e-04	4.488027e-09	2.314453e-03	7.091883e+06	7.942363e+01	4.095837e+07	
4.550000e+00	1.777920e+10	2.047986e+10	1.343281e+01	7.225663e+01	6.222522e+01	4.632331e+00	3.762825e-01	0.000000e+00	0.000000e+00	0.000000e+00	4.085244e-04	4.540877e-09	2.317833e-03	7.263237e+06	8.073315e+01	4.120922e+07	
4.600000e+00	1.786186e+10	2.095673e+10	1.343938e+01	7.225663e+01	6.225565e+01	4.632331e+00	3.788646e-01	0.000000e+00	0.000000e+00	0.000000e+00	4.159383e-04	4.588641e-09	2.321245e-03	7.429430e+06	8.196165e+01	4.146175e+07	
4.650000e+00	1.794452e+10	2.166161e+10	1.344613e+01	7.225663e+01	6.228692e+01	4.632331e+00	3.814978e-01	0.000000e+00	0.000000e+00	0.000000e+00	4.229692e-04	4.627839e-09	2.324681e-03	7.589980e+06	8.304436e+01	4.171528e+07	
4.700000e+00	1.802718e+10	2.236486e+10	1.345305e+01	7.225663e+01	6.231896e+01	4.632331e+00	3.839871e-01	0.000000e+00	0.000000e+00	0.000000e+00	4.296696e-04	4.656994e-09	2.328098e-03	7.745733e+06	8.395249e+01	4.196905e+07	
4.750000e+00	1.810970e+10	2.355566e+10	1.346002e+01	7.225663e+01	6.235129e+01	4.632331e+00	4.089254e-01	0.000000e+00	0.000000e+00	0.000000e+00	4.360443e-04	4.679522e-09	2.331499e-03	7.896633e+06	8.474477e+01	4.222275e+07	
4.800000e+00	1.820718e+10	2.473655e+10	1.347823e+01	7.225663e+01	6.243563e+01	4.632331e+00	4.245887e-01	0.000000e+00	0.000000e+00	0.000000e+00	4.421231e-04	4.716439e-09	2.335072e-03	8.049813e+06	8.587304e+01	4.251508e+07	
4.850000e+00	1.831045e+10	2.548421e+10	1.350079e+01	7.225663e+01	6.254011e+01	4.632331e+00	4.342044e-01	0.000000e+00	0.000000e+00	0.000000e+00	4.479285e-04	4.776264e-09	2.339047e-03	8.201773e+06	8.745555e+01	4.282901e+07	
4.900000e+00	1.841434e+10	2.543741e+10	1.352383e+01	7.225663e+01	6.264685e+01	4.632331e+00	4.273989e-01	0.000000e+00	0.000000e+00	0.000000e+00	4.580248e-04	4.840606e-09	2.344185e-03	8.434225e+06	8.913658e+01	4.316663e+07	
4.950000e+00	1.850764e+10	2.566744e+10	1.353915e+01	7.225663e+01	6.271783e+01	4.632331e+00	4.239367e-01	0.000000e+00	0.000000e+00	0.000000e+00	4.697909e-04	4.872093e-09	2.349782e-03	8.694723e+06	9.017096e+01	4.348894e+07	
5.000000e+00	1.859461e+10	2.522701e+10	1.354995e+01	7.225663e+01	6.276784e+01	4.632331e+00	4.189887e-01	0.000000e+00	0.000000e+00	0.000000e+00	4.770172e-04	4.888953e-09	2.354565e-03	8.869950e+06	9.090819e+01	4.378223e+07	
5.050000e+00	1.867542e+10	2.527665e+10	1.355639e+01	7.225663e+01	6.279768e+01	4.632331e+00	4.259656e-01	0.000000e+00	0.000000e+00	0.000000e+00	4.804668e-04	4.892841e-09	2.358586e-03	8.972918e+06	9.137586e+01	4.404757e+07	
5.100000e+00	1.875928e+10	2.532362e+10	1.356518e+01	7.225663e+01	6.283843e+01	4.632331e+00	4.300832e-01	0.000000e+00	0.000000e+00	0.000000e+00	4.801701e-04	4.895186e-09	2.361851e-03	9.007643e+06	9.183014e+01	4.430662e+07	
5.150000e+00	1.884363e+10	2.530824e+10	1.357447e+01	7.225663e+01	6.288146e+01	4.632331e+00	4.237353e-01	0.000000e+00	0.000000e+00	0.000000e+00	4.827171e-04	4.885856e-09	2.365544e-03	9.096145e+06	9.206728e+01	4.457545e+07	
5.200000e+00	1.892127e+10	2.534158e+10	1.357906e+01	7.225663e+01	6.290270e+01	4.632331e+00	4.212108e-01	0.000000e+00	0.000000e+00	0.000000e+00	4.885019e-04	4.865954e-09	2.369651e-03	9.243075e+06	9.207002e+01	4.483681e+07	
5.250000e+00	1.899599e+10	2.466194e+10	1.358172e+01	7.225663e+01	6.291505e+01	4.632331e+00	4.009993e-01	0.000000e+00	0.000000e+00	0.000000e+00	4.908943e-04	4.856655e-09	2.373164e-03	9.325025e+06	9.225699e+01	4.508061e+07	
5.300000e+00	1.905630e+10	2.412822e+10	1.357429e+01	7.225663e+01	6.288059e+01	4.632331e+00	3.933481e-01	0.000000e+00	0.000000e+00	0.000000e+00	4.895920e-04	4.802512e-09	2.375704e-03	9.329811e+06	9.151812e+01	4.527212e+07	
5.350000e+00	1.911336e+10	2.406267e+10	1.356478e+01	7.225663e+01	6.283657e+01	4.632331e+00	3.912833e-01	0.000000e+00	0.000000e+00	0.000000e+00	4.777853e-04	4.736003e-09	2.376172e-03	9.132083e+06	9.052092e+01	4.541662e+07	
5.400000e+00	1.917151e+10	2.353402e+10	1.355630e+01	7.225663e+01	6.279728e+01	4.632331e+00	3.837454e-01	0.000000e+00	0.000000e+00	0.000000e+00	4.676525e-04	4.684392e-09	2.376674e-03	8.965603e+06	8.980685e+01	4.556442e+07	
5.450000e+00	1.922677e+10	2.298983e+10	1.354603e+01	7.225663e+01	6.274970e+01	4.632331e+00	3.687682e-01	0.000000e+00	0.000000e+00	0.000000e+00	4.562219e-04	4.608435e-09	2.376671e-03	8.771672e+06	8.860530e+01	4.569569e+07	
5.500000e+00	1.927458e+10	2.198834e+10	1.353078e+01	7.225663e+01	6.267905e+01	4.632331e+00	3.522097e-01	0.000000e+00	0.000000e+00	0.000000e+00	4.464728e-04	4.506509e-09	2.376583e-03	8.605575e+06	8.686108e+01	4.580764e+07	
5.550000e+00	1.931520e+10	2.099572e+10	1.351078e+01	7.225663e+01	6.258643e+01	4.632331e+00	3.384969e-01	0.000000e+00	0.000000e+00	0.000000e+00	4.304145e-04	4.360212e-09	2.374932e-03	8.313544e+06	8.421839e+01	4.587229e+07	
5.600000e+00	1.935184e+10	1.964644e+10	1.348833e+01	7.225663e+01	6.248239e+01	4.632331e+00	3.246291e-01	0.000000e+00	0.000000e+00	0.000000e+00	4.109742e-04	4.180539e-09	2.372195e-03	7.953108e+06	8.090113e+01	4.590634e+07	
5.650000e+00	1.938507e+10	1.913584e+10	1.346383e+01	7.225663e+01	6.236891e+01	4.632331e+00	3.197782e-01	0.000000e+00	0.000000e+00	0.000000e+00	3.890713e-04	3.967407e-09	2.368583e-03	7.542176e+06	7.690848e+01	4.591515e+07	
5.700000e+00	1.942154e+10	1.866362e+10	1.344191e+01	7.225663e+01	6.226737e+01	4.632331e+00	3.154392e-01	0.000000e+00	0.000000e+00	0.000000e+00	3.691799e-04	3.766787e-09	2.364951e-03	7.170042e+06	7.315680e+01	4.593099e+07	
5.750000e+00	1.946091e+10	1.859890e+10	1.342231e+01	7.225663e+01	6.217658e+01	4.632331e+00	3.138146e-01	0.000000e+00	0.000000e+00	0.000000e+00	3.511635e-04	3.579689e-09	2.361409e-03	6.833963e+06	6.966401e+01	4.595517e+07	
5.800000e+00	1.950441e+10	1.826023e+10	1.340584e+01	7.225663e+01	6.210029e+01	4.632331e+00	3.116347e-01	0.000000e+00	0.000000e+00	0.000000e+00	3.357523e-04	3.419621e-09	2.358179e-03	6.548649e+06	6.669768e+01	4.599488e+07	
5.850000e+00	1.955082e+10	1.792311e+10	1.339164e+01	7.225663e+01	6.203451e+01	4.632331e+00	3.095783e-01	0.000000e+00	0.000000e+00	0.000000e+00	3.223058e-04	3.281364e-09	2.355273e-03	6.301341e+06	6.415336e+01	4.604751e+07	
5.900000e+00	1.959963e+10	1.842157e+10	1.337933e+01	7.225663e+01	6.197750e+01	4.632331e+00	3.234684e-01	0.000000e+00	0.000000e+00	0.000000e+00	3.105236e-04	3.161384e-09	2.352693e-03	6.086147e+06	6.196196e+01	4.611191e+07	
5.950000e+00	1.966101e+10	1.918867e+10	1.337581e+01	7.225663e+01	6.196120e+01	4.632331e+00	3.341044e-01	0.000000e+00	0.000000e+00	0.000000e+00	3.010614e-04	3.091761e-09	2.350705e-03	5.919170e+06	6.078715e+01	4.621723e+07	
6.000000e+00	1.973043e+10	1.968528e+10	1.337793e+01	7.225663e+01	6.197099e+01	4.632331e+00	3.421087e-01	0.000000e+00	0.000000e+00	0.000000e+00	2.986847e-04	3.060582e-09	2.350260e-03	5.893178e+06	6.038662e+01	4.637165e+07	
6.050000e+00	1.980466e+10	2.021361e+10	1.338342e+01	7.225663e+01	6.199641e+01	4.632331e+00	3.488298e-01	0.000000e+00	0.000000e+00	0.000000e+00	3.005624e-04	3.057442e-09	2.350948e-03	5.952535e+06	6.055159e+01	4.655972e+07	
6.100000e+00	1.988192e+10	2.073879e+10	1.339107e+01	7.225663e+01	6.203186e+01	4.632331e+00	3.545404e-01	0.000000e+00	0.000000e+00	0.000000e+00	3.051461e-04	3.079722e-09	2.352509e-03	6.066892e+06	6.123080e+01	4.677241e+07	
6.150000e+00	1.996099e+10	2.141457e+10	1.340002e+01	7.225663e+01	6.207335e+01	4.632331e+00	3.658276e-01	0.000000e+00	0.000000e+00	0.000000e+00	3.114014e-04	3.129692e-09	2.354739e-03	6.215881e+06	6.247176e+01	4.700292e+07	
6.200000e+00	2.004526e+10	2.282406e+10	1.341255e+01	7.225663e+01	6.213136e+01	4.632331e+00	3.772470e-01	0.000000e+00	0.000000e+00	0.000000e+00	3.217202e-04	3.219300e-09	2.358002e-03	6.448966e+06	6.453171e+01	4.726676e+07	
6.250000e+00	2.013389e+10	2.422780e+10	1.342804e+01	7.225663e+01	6.220312e+01	4.632331e+00	3.872673e-01	0.000000e+00	0.000000e+00	0.000000e+00	3.350241e-04	3.352402e-09	2.362163e-03	6.745338e+06	6.749689e+01	4.755952e+07	
6.300000e+00	2.022517e+10	2.607484e+10	1.344534e+01	7.225663e+01	6.228325e+01	4.632331e+00	4.169257e-01	0.000000e+00	0.000000e+00	0.000000e+00	3.500689e-04	3.525715e-09	2.367012e-03	7.080204e+06	7.130820e+01	4.787323e+07	
6.350000e+00	2.033186e+10	2.718620e+10	1.347287e+01	7.225663e+01	6.241080e+01	4.632331e+00	4.158943e-01	0.000000e+00	0.000000e+00	0.000000e+00	3.660662e-04	3.742052e-09	2.372241e-03	7.442806e+06	7.608287e+01	4.823207e+07	
6.400000e+00	2.043067e+10	2.856413e+10	1.349516e+01	7.225663e+01	6.251407e+01	4.632331e+00	4.113453e-01	0.000000e+00	0.000000e+00	0.000000e+00	3.821655e-04	3.984163e-09	2.378171e-03	7.807900e+06	8.139913e+01	4.858763e+07	
6.450000e+00	2.052060e+10	2.948965e+10	1.351160e+01	7.225663e+01	6.259022e+01	4.632331e+00	4.184021e-01	0.000000e+00	0.000000e+00	0.000000e+00	3.983339e-04	4.223434e-09	2.384392e-03	8.174051e+06	8.666742e+01	4.892916e+07	
6.500000e+00	2.061101e+10	3.169317e+10	1.352838e+01	7.225663e+01	6.266796e+01	4.632331e+00	4.449425e-01	0.000000e+00	0.000000e+00	0.000000e+00	4.111540e-04	4.443739e-09	2.389933e-03	8.474297e+06	9.158993e+01	4.925893e+07	
6.550000e+00	2.071499e+10	3.276406e+10	1.355408e+01	7.225663e+01	6.278698e+01	4.632331e+00	4.520750e-01	0.000000e+00	0.000000e+00	0.000000e+00	4.211132e-04	4.701230e-09	2.395066e-03	8.723355e+06	9.738593e+01	4.961377e+07	
6.600000e+00	2.081714e+10	3.253226e+10	1.357855e+01	7.225663e+01	6.290035e+01	4.632331e+00	3.961041e-01	0.000000e+00	0.000000e+00	0.000000e+00	4.326608e-04	4.942832e-09	2.400721e-03	9.006760e+06	1.028956e+02	4.997615e+07	
6.650000e+00	2.087495e+10	3.400530e+10	1.357417e+01	7.225663e+01	6.288005e+01	4.632331e+00	4.089294e-01	0.000000e+00	0.000000e+00	0.000000e+00	4.421298e-04	5.103109e-09	2.406094e-03	9.229440e+06	1.065272e+02	5.022709e+07	
6.700000e+00	2.094262e+10	3.487304e+10	1.357633e+01	7.225663e+01	6.289007e+01	4.632331e+00	4.205320e-01	0.000000e+00	0.000000e+00	0.000000e+00	4.505200e-04	5.249139e-09	2.410973e-03	9.435069e+06	1.099307e+02	5.049209e+07	
6.750000e+00	2.101759e+10	3.624087e+10	1.358333e+01	7.225663e+01	6.292250e+01	4.632331e+00	4.372123e-01	0.000000e+00	0.000000e+00	0.000000e+00	4.562698e-04	5.425064e-09	2.415655e-03	9.589692e+06	1.140218e+02	5.077125e+07	
6.800000e+00	2.110207e+10	3.684938e+10	1.359654e+01	7.225663e+01	6.298368e+01	4.632331e+00	4.315781e-01	0.000000e+00	0.000000e+00	0.000000e+00	4.652850e-04	5.582584e-09	2.420394e-03	9.818478e+06	1.178041e+02	5.107533e+07	
6.850000e+00	2.117929e+10	3.775073e+10	1.360513e+01	7.225663e+01	6.302347e+01	4.632331e+00	4.250222e-01	0.000000e+00	0.000000e+00	0.000000e+00	4.673949e-04	5.723487e-09	2.424149e-03	9.899094e+06	1.212194e+02	5.134176e+07	
6.900000e+00	2.124982e+10	3.775958e+10	1.360950e+01	7.225663e+01	6.304373e+01	4.632331e+00	4.142374e-01	0.000000e+00	0.000000e+00	0.000000e+00	4.718928e-04	5.820827e-09	2.428237e-03	1.002764e+07	1.236915e+02	5.159960e+07	
6.950000e+00	2.131187e+10	3.758973e+10	1.360856e+01	7.225663e+01	6.303935e+01	4.632331e+00	3.918714e-01	0.000000e+00	0.000000e+00	0.000000e+00	4.712708e-04	5.842322e-09	2.431297e-03	1.004366e+07	1.245108e+02	5.181548e+07	
7.000000e+00	2.135894e+10	3.870772e+10	1.359821e+01	7.225663e+01	6.299140e+01	4.632331e+00	4.086179e-01	0.000000e+00	0.000000e+00	0.000000e+00	4.709460e-04	5.833989e-09	2.433964e-03	1.005891e+07	1.246078e+02	5.198689e+07	
7.050000e+00	2.142012e+10	3.811114e+10	1.359699e+01	7.225663e+01	6.298575e+01	4.632331e+00	3.917446e-01	0.000000e+00	0.000000e+00	0.000000e+00	4.736575e-04	5.897488e-09	2.436912e-03	1.014580e+07	1.263249e+02	5.219895e+07	
7.100000e+00	2.147014e+10	3.768369e+10	1.358883e+01	7.225663e+01	6.294797e+01	4.632331e+00	3.765071e-01	0.000000e+00	0.000000e+00	0.000000e+00	4.683789e-04	5.862600e-09	2.438058e-03	1.005616e+07	1.258708e+02	5.234544e+07	
7.150000e+00	2.151195e+10	3.847183e+10	1.357565e+01	7.225663e+01	6.288693e+01	4.632331e+00	4.053507e-01	0.000000e+00	0.000000e+00	0.000000e+00	4.575750e-04	5.759473e-09	2.437926e-03	9.843330e+06	1.238975e+02	5.244454e+07	
7.200000e+00	2.157679e+10	3.911733e+10	1.357717e+01	7.225663e+01	6.289393e+01	4.632331e+00	4.103993e-01	0.000000e+00	0.000000e+00	0.000000e+00	4.464353e-04	5.676574e-09	2.437211e-03	9.632643e+06	1.224823e+02	5.258719e+07	
7.250000e+00	2.164467e+10	3.979906e+10	1.358069e+01	7.225663e+01	6.291023e+01	4.632331e+00	4.073151e-01	0.000000e+00	0.000000e+00	0.000000e+00	4.403836e-04	5.590836e-09	2.437230e-03	9.531959e+06	1.210118e+02	5.275305e+07	
7.300000e+00	2.170954e+10	4.048035e+10	1.358241e+01	7.225663e+01	6.291823e+01	4.632331e+00	4.078001e-01	0.000000e+00	0.000000e+00	0.000000e+00	4.371399e-04	5.521338e-09	2.437980e-03	9.490105e+06	1.198657e+02	5.292743e+07	
7.350000e+00	2.177428e+10	4.110639e+10	1.358416e+01	7.225663e+01	6.292634e+01	4.632331e+00	4.178790e-01	0.000000e+00	0.000000e+00	0.000000e+00	4.403393e-04	5.460613e-09	2.439896e-03	9.588074e+06	1.189009e+02	5.312699e+07	
7.400000e+00	2.184542e+10	4.178230e+10	1.358999e+01	7.225663e+01	6.295332e+01	4.632331e+00	4.161395e-01	0.000000e+00	0.000000e+00	0.000000e+00	4.419369e-04	5.393196e-09	2.441441e-03	9.654296e+06	1.178166e+02	5.333429e+07	
7.450000e+00	2.191385e+10	4.334914e+10	1.359421e+01	7.225663e+01	6.297289e+01	4.632331e+00	4.488986e-01	0.000000e+00	0.000000e+00	0.000000e+00	4.479568e-04	5.346487e-09	2.443898e-03	9.816458e+06	1.171621e+02	5.355521e+07	
7.500000e+00	2.200345e+10	4.481818e+10	1.361161e+01	7.225663e+01	6.305349e+01	4.632331e+00	4.512929e-01	0.000000e+00	0.000000e+00	0.000000e+00	4.524689e-04	5.351904e-09	2.445923e-03	9.955876e+06	1.177603e+02	5.381875e+07	
7.550000e+00	2.209017e+10	4.389495e+10	1.362724e+01	7.225663e+01	6.312591e+01	4.632331e+00	4.430915e-01	0.000000e+00	0.000000e+00	0.000000e+00	4.596665e-04	5.440116e-09	2.449448e-03	1.015411e+07	1.201731e+02	5.410871e+07	
7.600000e+00	2.216725e+10	4.248788e+10	1.363697e+01	7.225663e+01	6.317094e+01	4.632331e+00	4.175680e-01	0.000000e+00	0.000000e+00	0.000000e+00	4.717594e-04	5.467915e-09	2.453617e-03	1.045761e+07	1.212086e+02	5.438993e+07	
7.650000e+00	2.222440e+10	4.238153e+10	1.363451e+01	7.225663e+01	6.315958e+01	4.632331e+00	3.969959e-01	0.000000e+00	0.000000e+00	0.000000e+00	4.679717e-04	5.456820e-09	2.455092e-03	1.040039e+07	1.212746e+02	5.456295e+07	
7.700000e+00	2.226817e+10	4.353715e+10	1.362399e+01	7.225663e+01	6.311083e+01	4.632331e+00	3.998359e-01	0.000000e+00	0.000000e+00	0.000000e+00	4.675394e-04	5.417695e-09	2.456905e-03	1.041125e+07	1.206421e+02	5.471077e+07	
7.750000e+00	2.231663e+10	4.395071e+10	1.361648e+01	7.225663e+01	6.307606e+01	4.632331e+00	3.830975e-01	0.000000e+00	0.000000e+00	0.000000e+00	4.619935e-04	5.364053e-09	2.457480e-03	1.031014e+07	1.197076e+02	5.484267e+07	
7.800000e+00	2.235565e+10	4.438264e+10	1.360338e+01	7.225663e+01	6.301536e+01	4.632331e+00	3.894329e-01	0.000000e+00	0.000000e+00	0.000000e+00	4.562073e-04	5.280732e-09	2.457900e-03	1.019881e+07	1.180542e+02	5.494796e+07	
7.850000e+00	2.240243e+10	4.555334e+10	1.359515e+01	7.225663e+01	6.297723e+01	4.632331e+00	4.073220e-01	0.000000e+00	0.000000e+00	0.000000e+00	4.480843e-04	5.216006e-09	2.457605e-03	1.003818e+07	1.168512e+02	5.505632e+07	
7.900000e+00	2.246352e+10	4.674550e+10	1.359572e+01	7.225663e+01	6.297990e+01	4.632331e+00	4.222478e-01	0.000000e+00	0.000000e+00	0.000000e+00	4.438190e-04	5.186643e-09	2.457711e-03	9.969738e+06	1.165103e+02	5.520884e+07	
7.950000e+00	2.253461e+10	4.726472e+10	1.360243e+01	7.225663e+01	6.301095e+01	4.632331e+00	4.122738e-01	0.000000e+00	0.000000e+00	0.000000e+00	4.468843e-04	5.196797e-09	2.459234e-03	1.007036e+07	1.171078e+02	5.541789e+07	
8.000000e+00	2.259717e+10	4.752348e+10	1.360406e+01	7.225663e+01	6.301850e+01	4.632331e+00	4.221551e-01	0.000000e+00	0.000000e+00	0.000000e+00	4.498437e-04	5.202673e-09	2.460992e-03	1.016520e+07	1.175657e+02	5.561145e+07	
8.050000e+00	2.266602e+10	4.871329e+10	1.360955e+01	7.225663e+01	6.304396e+01	4.632331e+00	4.202312e-01	0.000000e+00	0.000000e+00	0.000000e+00	4.513149e-04	5.180269e-09	2.462221e-03	1.022951e+07	1.174161e+02	5.580876e+07	
8.100000e+00	2.273214e+10	4.964479e+10	1.361347e+01	7.225663e+01	6.306211e+01	4.632331e+00	4.332752e-01	0.000000e+00	0.000000e+00	0.000000e+00	4.565741e-04	5.198780e-09	2.464279e-03	1.037891e+07	1.181794e+02	5.601833e+07	
8.150000e+00	2.280611e+10	5.130199e+10	1.362216e+01	7.225663e+01	6.310235e+01	4.632331e+00	4.376557e-01	0.000000e+00	0.000000e+00	0.000000e+00	4.610517e-04	5.270383e-09	2.466388e-03	1.051480e+07	1.201969e+02	5.624871e+07	
8.200000e+00	2.288081e+10	5.135549e+10	1.363132e+01	7.225663e+01	6.314480e+01	4.632331e+00	4.280954e-01	0.000000e+00	0.000000e+00	0.000000e+00	4.714251e-04	5.375216e-09	2.469729e-03	1.078659e+07	1.229893e+02	5.650940e+07	
8.250000e+00	2.294661e+10	5.176720e+10	1.363524e+01	7.225663e+01	6.316297e+01	4.632331e+00	4.251004e-01	0.000000e+00	0.000000e+00	0.000000e+00	4.755468e-04	5.506662e-09	2.472320e-03	1.091219e+07	1.263592e+02	5.673135e+07	
8.300000e+00	2.300935e+10	5.241251e+10	1.363742e+01	7.225663e+01	6.317305e+01	4.632331e+00	4.249000e-01	0.000000e+00	0.000000e+00	0.000000e+00	4.778622e-04	5.612480e-09	2.474538e-03	1.099530e+07	1.291395e+02	5.693751e+07	
8.350000e+00	2.307138e+10	5.412767e+10	1.363926e+01	7.225663e+01	6.318158e+01	4.632331e+00	4.279004e-01	0.000000e+00	0.000000e+00	0.000000e+00	4.799147e-04	5.691695e-09	2.476767e-03	1.107230e+07	1.313153e+02	5.714243e+07	
8.400000e+00	2.313498e+10	5.382015e+10	1.364210e+01	7.225663e+01	6.319475e+01	4.632331e+00	4.464722e-01	0.000000e+00	0.000000e+00	0.000000e+00	4.826592e-04	5.754726e-09	2.479090e-03	1.116631e+07	1.331355e+02	5.735371e+07	
8.450000e+00	2.321051e+10	5.437224e+10	1.365204e+01	7.225663e+01	6.324075e+01	4.632331e+00	4.414489e-01	0.000000e+00	0.000000e+00	0.000000e+00	4.844370e-04	5.802891e-09	2.480907e-03	1.124403e+07	1.346881e+02	5.758313e+07	
8.500000e+00	2.328004e+10	5.504198e+10	1.365848e+01	7.225663e+01	6.327062e+01	4.632331e+00	4.389885e-01	0.000000e+00	0.000000e+00	0.000000e+00	4.837913e-04	5.834997e-09	2.482187e-03	1.126268e+07	1.358390e+02	5.778541e+07	
8.550000e+00	2.334621e+10	5.724291e+10	1.366302e+01	7.225663e+01	6.329163e+01	4.632331e+00	4.340298e-01	0.000000e+00	0.000000e+00	0.000000e+00	4.852398e-04	5.892699e-09	2.484065e-03	1.132851e+07	1.375722e+02	5.799350e+07	
8.600000e+00	2.340782e+10	6.018101e+10	1.366495e+01	7.225663e+01	6.330060e+01	4.632331e+00	4.405770e-01	0.000000e+00	0.000000e+00	0.000000e+00	4.890421e-04	5.957811e-09	2.486451e-03	1.144741e+07	1.394593e+02	5.820239e+07	
8.650000e+00	2.347340e+10	6.101124e+10	1.366928e+01	7.225663e+01	6.332062e+01	4.632331e+00	4.387216e-01	0.000000e+00	0.000000e+00	0.000000e+00	4.945054e-04	6.044093e-09	2.489430e-03	1.160772e+07	1.418754e+02	5.843539e+07	
8.700000e+00	2.353658e+10	6.043162e+10	1.367227e+01	7.225663e+01	6.333449e+01	4.632331e+00	4.131022e-01	0.000000e+00	0.000000e+00	0.000000e+00	4.985199e-04	6.097858e-09	2.492154e-03	1.173345e+07	1.435227e+02	5.865678e+07	
8.750000e+00	2.358148e+10	6.332841e+10	1.366474e+01	7.225663e+01	6.329958e+01	4.632331e+00	4.340150e-01	0.000000e+00	0.000000e+00	0.000000e+00	4.973813e-04	6.072836e-09	2.493870e-03	1.172899e+07	1.432064e+02	5.880915e+07	
8.800000e+00	2.364263e+10	6.285478e+10	1.366671e+01	7.225663e+01	6.330875e+01	4.632331e+00	4.202397e-01	0.000000e+00	0.000000e+00	0.000000e+00	4.987716e-04	6.113022e-09	2.495760e-03	1.179227e+07	1.445279e+02	5.900633e+07	
8.850000e+00	2.369385e+10	6.268491e+10	1.366304e+01	7.225663e+01	6.329173e+01	4.632331e+00	4.292733e-01	0.000000e+00	0.000000e+00	0.000000e+00	5.001085e-04	6.110439e-09	2.497557e-03	1.184950e+07	1.447798e+02	5.917675e+07	
8.900000e+00	2.375220e+10	6.333458e+10	1.366357e+01	7.225663e+01	6.329416e+01	4.632331e+00	4.292626e-01	0.000000e+00	0.000000e+00	0.000000e+00	4.997941e-04	6.084834e-09	2.498778e-03	1.187121e+07	1.445282e+02	5.935148e+07	
8.950000e+00	2.381041e+10	6.269018e+10	1.366408e+01	7.225663e+01	6.329657e+01	4.632331e+00	4.286066e-01	0.000000e+00	0.000000e+00	0.000000e+00	4.994898e-04	6.050767e-09	2.499867e-03	1.189306e+07	1.440713e+02	5.952287e+07	
9.000000e+00	2.386804e+10	6.384599e+10	1.366435e+01	7.225663e+01	6.329778e+01	4.632331e+00	4.257256e-01	0.000000e+00	0.000000e+00	0.000000e+00	4.991970e-04	6.018332e-09	2.500893e-03	1.191485e+07	1.436458e+02	5.969141e+07	
9.050000e+00	2.392363e+10	6.542318e+10	1.366352e+01	7.225663e+01	6.329396e+01	4.632331e+00	4.291128e-01	0.000000e+00	0.000000e+00	0.000000e+00	4.974355e-04	5.991660e-09	2.501634e-03	1.190046e+07	1.433422e+02	5.984817e+07	
9.100000e+00	2.398174e+10	6.580828e+10	1.366422e+01	7.225663e+01	6.329719e+01	4.632331e+00	4.085759e-01	0.000000e+00	0.000000e+00	0.000000e+00	4.966975e-04	6.027003e-09	2.502610e-03	1.191167e+07	1.445380e+02	6.001696e+07	
9.150000e+00	2.402565e+10	6.580373e+10	1.365691e+01	7.225663e+01	6.326333e+01	4.632331e+00	3.918688e-01	0.000000e+00	0.000000e+00	0.000000e+00	4.930611e-04	5.992714e-09	2.502988e-03	1.184611e+07	1.439788e+02	6.013591e+07	
9.200000e+00	2.406005e+10	6.576808e+10	1.364433e+01	7.225663e+01	6.320503e+01	4.632331e+00	4.035018e-01	0.000000e+00	0.000000e+00	0.000000e+00	4.870215e-04	5.929718e-09	2.502816e-03	1.171776e+07	1.426693e+02	6.021788e+07	
9.250000e+00	2.410569e+10	6.623832e+10	1.363823e+01	7.225663e+01	6.317680e+01	4.632331e+00	4.066581e-01	0.000000e+00	0.000000e+00	0.000000e+00	4.835337e-04	5.847855e-09	2.502795e-03	1.165592e+07	1.409666e+02	6.033160e+07	
9.300000e+00	2.415508e+10	6.679545e+10	1.363435e+01	7.225663e+01	6.315883e+01	4.632331e+00	4.117481e-01	0.000000e+00	0.000000e+00	0.000000e+00	4.764485e-04	5.742892e-09	2.502118e-03	1.150865e+07	1.387200e+02	6.043885e+07	
9.350000e+00	2.420895e+10	6.769280e+10	1.363309e+01	7.225663e+01	6.315299e+01	4.632331e+00	4.370320e-01	0.000000e+00	0.000000e+00	0.000000e+00	4.728183e-04	5.650325e-09	2.502069e-03	1.144643e+07	1.367884e+02	6.057244e+07	
9.400000e+00	2.428038e+10	6.758540e+10	1.364177e+01	7.225663e+01	6.319322e+01	4.632331e+00	4.082820e-01	0.000000e+00	0.000000e+00	0.000000e+00	4.712967e-04	5.584546e-09	2.502451e-03	1.144326e+07	1.355949e+02	6.076045e+07	
9.450000e+00	2.432994e+10	6.997605e+10	1.363823e+01	7.225663e+01	6.317682e+01	4.632331e+00	4.237159e-01	0.000000e+00	0.000000e+00	0.000000e+00	4.714553e-04	5.532724e-09	2.503315e-03	1.147048e+07	1.346109e+02	6.090551e+07	
9.500000e+00	2.439096e+10	7.047430e+10	1.364119e+01	7.225663e+01	6.319049e+01	4.632331e+00	4.350200e-01	0.000000e+00	0.000000e+00	0.000000e+00	4.788049e-04	5.511074e-09	2.505440e-03	1.167851e+07	1.344204e+02	6.111008e+07	
9.550000e+00	2.445892e+10	7.120034e+10	1.364807e+01	7.225663e+01	6.322237e+01	4.632331e+00	4.406996e-01	0.000000e+00	0.000000e+00	0.000000e+00	4.838694e-04	5.527795e-09	2.507211e-03	1.183492e+07	1.352039e+02	6.132366e+07	
9.600000e+00	2.452896e+10	7.119539e+10	1.365615e+01	7.225663e+01	6.325982e+01	4.632331e+00	4.378949e-01	0.000000e+00	0.000000e+00	0.000000e+00	4.905805e-04	5.546471e-09	2.509321e-03	1.203343e+07	1.360492e+02	6.155103e+07	
9.650000e+00	2.459499e+10	7.108936e+10	1.366204e+01	7.225663e+01	6.328709e+01	4.632331e+00	4.285262e-01	0.000000e+00	0.000000e+00	0.000000e+00	4.950464e-04	5.571212e-09	2.511233e-03	1.217566e+07	1.370239e+02	6.176375e+07	
9.700000e+00	2.465310e+10	7.377930e+10	1.366357e+01	7.225663e+01	6.329420e+01	4.632331e+00	4.662447e-01	0.000000e+00	0.000000e+00	0.000000e+00	4.982236e-04	5.611921e-09	2.513179e-03	1.228275e+07	1.383512e+02	6.195763e+07	
9.750000e+00	2.473657e+10	7.443843e+10	1.367920e+01	7.225663e+01	6.336659e+01	4.632331e+00	4.631289e-01	0.000000e+00	0.000000e+00	0.000000e+00	5.098992e-04	5.709060e-09	2.516456e-03	1.261316e+07	1.412225e+02	6.224848e+07	
9.800000e+00	2.481387e+10	7.508392e+10	1.369142e+01	7.225663e+01	6.342320e+01	4.632331e+00	4.621696e-01	0.000000e+00	0.000000e+00	0.000000e+00	5.160988e-04	5.774902e-09	2.519024e-03	1.280641e+07	1.432977e+02	6.250674e+07	
9.850000e+00	2.488736e+10	7.699216e+10	1.370156e+01	7.225663e+01	6.347014e+01	4.632331e+00	4.758286e-01	0.000000e+00	0.000000e+00	0.000000e+00	5.254939e-04	5.878936e-09	2.522411e-03	1.307816e+07	1.463112e+02	6.277616e+07	
9.900000e+00	2.496759e+10	7.579022e+10	1.371541e+01	7.225663e+01	6.353434e+01	4.632331e+00	4.336768e-01	0.000000e+00	0.000000e+00	0.000000e+00	5.380354e-04	6.051080e-09	2.526456e-03	1.343344e+07	1.510809e+02	6.307950e+07	
9.950000e+00	2.501533e+10	7.636208e+10	1.371147e+01	7.225663e+01	6.351609e+01	4.632331e+00	4.444173e-01	0.000000e+00	0.000000e+00	0.000000e+00	5.405288e-04	6.173044e-09	2.528910e-03	1.352151e+07	1.544207e+02	6.326151e+07	
