# COLUMN NUMBERS: 
#	0: time [Gyr]
#	1: mgas [Msun]			ISM gas mass
#	2: mstar [Msun]			Stellar mass
#	3: sfr [Msun/yr]		Star formation rate
#	4: ifr [Msun/yr]		Infall rate
#	5: ofr [Msun/yr]		Outfow rate
#	6: eta_0			Mass-loading factor
#	7: r_eff			Effective recycilng rate
#	8: z_in(fe)			Inflow fe metallicity
#	9: z_in(sr)			Inflow sr metallicity
#	10: z_in(o)			Inflow o metallicity
#	11: z_out(fe)			Outflow fe metallicity
#	12: z_out(sr)			Outflow sr metallicity
#	13: z_out(o)			Outflow o metallicity
#	14: mass(fe) [Msun]		mass of element fe in ISM
#	15: mass(sr) [Msun]		mass of element sr in ISM
#	16: mass(o) [Msun]		mass of element o in ISM
0.000000e+00	1.000000e-12	5.914470e-30	1.577926e-37	7.853982e+01	8.979421e-37	5.690646e+00	2.503490e-01	0.000000e+00	0.000000e+00	0.000000e+00	0.000000e+00	1.033669e-281	1.033669e-281	0.000000e+00	0.000000e+00	0.000000e+00	
5.000000e-02	3.926991e+09	2.224199e+08	5.933959e+00	7.853982e+01	3.376806e+01	5.690646e+00	2.503490e-01	0.000000e+00	0.000000e+00	0.000000e+00	4.777844e-05	5.335259e-10	5.972305e-04	1.876255e+05	2.095151e+00	2.345319e+06	
1.000000e-01	5.943159e+09	5.468573e+08	8.834496e+00	7.853982e+01	5.027399e+01	5.690646e+00	2.655215e-01	0.000000e+00	0.000000e+00	0.000000e+00	6.510158e-05	7.269677e-10	8.137698e-04	3.869090e+05	4.320484e+00	4.836363e+06	
1.500000e-01	7.032013e+09	9.184883e+08	1.028845e+01	7.853982e+01	5.854793e+01	5.690646e+00	2.775763e-01	0.000000e+00	0.000000e+00	0.000000e+00	7.832782e-05	8.798012e-10	9.790823e-04	5.508022e+05	6.186773e+00	6.884919e+06	
2.000000e-01	7.659976e+09	1.328333e+09	1.103610e+01	7.853982e+01	6.280255e+01	5.690646e+00	2.879551e-01	0.000000e+00	0.000000e+00	0.000000e+00	8.813215e-05	9.986862e-10	1.101606e-03	6.750902e+05	7.649913e+00	8.438273e+06	
2.500000e-01	8.053930e+09	1.722743e+09	1.143177e+01	7.853982e+01	6.505418e+01	5.690646e+00	2.959349e-01	0.000000e+00	0.000000e+00	0.000000e+00	9.750066e-05	1.092241e-09	1.191257e-03	7.852634e+05	8.796834e+00	9.594298e+06	
3.000000e-01	8.325776e+09	2.106238e+09	1.164759e+01	7.853982e+01	6.628229e+01	5.690646e+00	3.023703e-01	0.000000e+00	0.000000e+00	0.000000e+00	1.067726e-04	1.166396e-09	1.256594e-03	8.889650e+05	9.711150e+00	1.046212e+07	
3.500000e-01	8.532367e+09	2.483596e+09	1.176965e+01	7.853982e+01	6.697691e+01	5.690646e+00	3.077838e-01	0.000000e+00	0.000000e+00	0.000000e+00	1.158977e-04	1.227694e-09	1.304822e-03	9.888816e+05	1.047514e+01	1.113322e+07	
4.000000e-01	8.703155e+09	2.856255e+09	1.184189e+01	7.853982e+01	6.738802e+01	5.690646e+00	3.124391e-01	0.000000e+00	0.000000e+00	0.000000e+00	1.247898e-04	1.279982e-09	1.341213e-03	1.086065e+06	1.113988e+01	1.167278e+07	
4.500000e-01	8.853644e+09	3.225360e+09	1.188709e+01	7.853982e+01	6.764521e+01	5.690646e+00	3.165152e-01	0.000000e+00	0.000000e+00	0.000000e+00	1.334018e-04	1.326050e-09	1.369537e-03	1.181092e+06	1.174038e+01	1.212539e+07	
5.000000e-01	8.992142e+09	3.591714e+09	1.191725e+01	7.853982e+01	6.781686e+01	5.690646e+00	3.201370e-01	0.000000e+00	0.000000e+00	0.000000e+00	1.417180e-04	1.367654e-09	1.392394e-03	1.274349e+06	1.229814e+01	1.252060e+07	
5.500000e-01	9.123184e+09	3.955864e+09	1.193883e+01	7.853982e+01	6.793965e+01	5.690646e+00	3.233938e-01	0.000000e+00	0.000000e+00	0.000000e+00	1.497406e-04	1.405800e-09	1.411534e-03	1.366111e+06	1.282537e+01	1.287768e+07	
6.000000e-01	9.249299e+09	4.277404e+09	1.195535e+01	7.853982e+01	6.803364e+01	5.690646e+00	3.242321e-01	0.000000e+00	0.000000e+00	0.000000e+00	1.574798e-04	1.441606e-09	1.428119e-03	1.456577e+06	1.333384e+01	1.320910e+07	
6.500000e-01	9.370655e+09	4.678860e+09	1.196715e+01	7.853982e+01	6.810079e+01	5.690646e+00	3.290703e-01	0.000000e+00	0.000000e+00	0.000000e+00	1.649021e-04	1.471172e-09	1.442421e-03	1.545241e+06	1.378584e+01	1.351643e+07	
7.000000e-01	9.491151e+09	5.038176e+09	1.197926e+01	7.853982e+01	6.816972e+01	5.690646e+00	3.315602e-01	0.000000e+00	0.000000e+00	0.000000e+00	1.721288e-04	1.505844e-09	1.456072e-03	1.633700e+06	1.429220e+01	1.381979e+07	
7.500000e-01	9.609285e+09	5.396257e+09	1.198975e+01	7.853982e+01	6.822941e+01	5.690646e+00	3.338736e-01	0.000000e+00	0.000000e+00	0.000000e+00	1.791067e-04	1.539178e-09	1.468725e-03	1.721088e+06	1.479040e+01	1.411339e+07	
8.000000e-01	9.725471e+09	5.753205e+09	1.199913e+01	7.853982e+01	6.828279e+01	5.690646e+00	3.360322e-01	0.000000e+00	0.000000e+00	0.000000e+00	1.858487e-04	1.571774e-09	1.480607e-03	1.807466e+06	1.528624e+01	1.439960e+07	
8.500000e-01	9.839971e+09	6.067468e+09	1.200771e+01	7.853982e+01	6.833162e+01	5.690646e+00	3.359002e-01	0.000000e+00	0.000000e+00	0.000000e+00	1.923654e-04	1.603927e-09	1.491872e-03	1.892870e+06	1.578259e+01	1.467997e+07	
9.000000e-01	9.951665e+09	6.403334e+09	1.201412e+01	7.853982e+01	6.836812e+01	5.690646e+00	3.377004e-01	0.000000e+00	0.000000e+00	0.000000e+00	1.986158e-04	1.630227e-09	1.502147e-03	1.976557e+06	1.622347e+01	1.494886e+07	
9.500000e-01	1.006240e+10	6.757207e+09	1.202061e+01	7.853982e+01	6.840501e+01	5.690646e+00	3.395038e-01	0.000000e+00	0.000000e+00	0.000000e+00	2.045666e-04	1.656556e-09	1.512078e-03	2.058431e+06	1.666893e+01	1.521513e+07	
1.000000e+00	1.017216e+10	7.035161e+09	1.202709e+01	7.853982e+01	6.844192e+01	5.690646e+00	3.401692e-01	0.000000e+00	0.000000e+00	0.000000e+00	2.103750e-04	1.684287e-09	1.521742e-03	2.139969e+06	1.713285e+01	1.547941e+07	
1.050000e+00	1.028027e+10	7.727343e+09	1.203274e+01	7.853982e+01	6.847408e+01	5.690646e+00	3.481588e-01	0.000000e+00	0.000000e+00	0.000000e+00	2.154798e-04	1.705386e-09	1.530883e-03	2.215190e+06	1.753182e+01	1.573789e+07	
1.100000e+00	1.039138e+10	7.983199e+09	1.204297e+01	7.853982e+01	6.853226e+01	5.690646e+00	3.489010e-01	0.000000e+00	0.000000e+00	0.000000e+00	2.231620e-04	1.736714e-09	1.540251e-03	2.318961e+06	1.804686e+01	1.600533e+07	
1.150000e+00	1.049970e+10	8.263376e+09	1.205093e+01	7.853982e+01	6.857757e+01	5.690646e+00	3.497837e-01	0.000000e+00	0.000000e+00	0.000000e+00	2.293234e-04	1.759644e-09	1.549189e-03	2.407827e+06	1.847574e+01	1.626602e+07	
1.200000e+00	1.060603e+10	8.916790e+09	1.205758e+01	7.853982e+01	6.861541e+01	5.690646e+00	3.563417e-01	0.000000e+00	0.000000e+00	0.000000e+00	2.346079e-04	1.777553e-09	1.557768e-03	2.488258e+06	1.885278e+01	1.652174e+07	
1.250000e+00	1.071420e+10	9.530717e+09	1.206725e+01	7.853982e+01	6.867042e+01	5.690646e+00	3.617857e-01	0.000000e+00	0.000000e+00	0.000000e+00	2.419300e-04	1.800988e-09	1.566514e-03	2.592086e+06	1.929614e+01	1.678395e+07	
1.300000e+00	1.082260e+10	1.011962e+10	1.207801e+01	7.853982e+01	6.873167e+01	5.690646e+00	3.662785e-01	0.000000e+00	0.000000e+00	0.000000e+00	2.502238e-04	1.825998e-09	1.575306e-03	2.708071e+06	1.976203e+01	1.704890e+07	
1.350000e+00	1.093030e+10	9.231425e+09	1.208880e+01	7.853982e+01	6.879309e+01	5.690646e+00	3.497405e-01	0.000000e+00	0.000000e+00	0.000000e+00	2.588278e-04	1.849827e-09	1.584008e-03	2.829065e+06	2.021916e+01	1.731368e+07	
1.400000e+00	1.102459e+10	9.138254e+09	1.208566e+01	7.853982e+01	6.877521e+01	5.690646e+00	3.467163e-01	0.000000e+00	0.000000e+00	0.000000e+00	2.576746e-04	1.833926e-09	1.590835e-03	2.840758e+06	2.021829e+01	1.753830e+07	
1.450000e+00	1.111805e+10	8.999661e+09	1.208259e+01	7.853982e+01	6.875774e+01	5.690646e+00	3.416090e-01	0.000000e+00	0.000000e+00	0.000000e+00	2.556546e-04	1.813607e-09	1.597039e-03	2.842382e+06	2.016378e+01	1.775596e+07	
1.500000e+00	1.120940e+10	9.268611e+09	1.207819e+01	7.853982e+01	6.873269e+01	5.690646e+00	3.411827e-01	0.000000e+00	0.000000e+00	0.000000e+00	2.525966e-04	1.789589e-09	1.602622e-03	2.831457e+06	2.006023e+01	1.796444e+07	
1.550000e+00	1.130189e+10	9.537690e+09	1.207594e+01	7.853982e+01	6.871989e+01	5.690646e+00	3.410912e-01	0.000000e+00	0.000000e+00	0.000000e+00	2.514463e-04	1.776221e-09	1.608228e-03	2.841820e+06	2.007466e+01	1.817602e+07	
1.600000e+00	1.139504e+10	9.473621e+09	1.207526e+01	7.853982e+01	6.871601e+01	5.690646e+00	3.373251e-01	0.000000e+00	0.000000e+00	0.000000e+00	2.515190e-04	1.771192e-09	1.613862e-03	2.866070e+06	2.018281e+01	1.839003e+07	
1.650000e+00	1.148614e+10	1.010054e+10	1.207323e+01	7.853982e+01	6.870446e+01	5.690646e+00	3.299705e-01	0.000000e+00	0.000000e+00	0.000000e+00	2.502860e-04	1.761336e-09	1.619158e-03	2.874819e+06	2.023095e+01	1.859786e+07	
1.700000e+00	1.157343e+10	1.046786e+10	1.206805e+01	7.853982e+01	6.867501e+01	5.690646e+00	3.462825e-01	0.000000e+00	0.000000e+00	0.000000e+00	2.552629e-04	1.766839e-09	1.625362e-03	2.954268e+06	2.044839e+01	1.881102e+07	
1.750000e+00	1.167222e+10	1.046005e+10	1.207560e+01	7.853982e+01	6.871796e+01	5.690646e+00	3.456755e-01	0.000000e+00	0.000000e+00	0.000000e+00	2.574165e-04	1.775725e-09	1.630942e-03	3.004621e+06	2.072665e+01	1.903671e+07	
1.800000e+00	1.176824e+10	1.163792e+10	1.208093e+01	7.853982e+01	6.874827e+01	5.690646e+00	3.785994e-01	0.000000e+00	0.000000e+00	0.000000e+00	2.585005e-04	1.782973e-09	1.636528e-03	3.042096e+06	2.098246e+01	1.925906e+07	
1.850000e+00	1.188247e+10	1.061189e+10	1.210542e+01	7.853982e+01	6.888766e+01	5.690646e+00	3.491899e-01	0.000000e+00	0.000000e+00	0.000000e+00	2.635576e-04	1.820329e-09	1.643241e-03	3.131713e+06	2.162999e+01	1.952575e+07	
1.900000e+00	1.197116e+10	1.103705e+10	1.210442e+01	7.853982e+01	6.888197e+01	5.690646e+00	3.692179e-01	0.000000e+00	0.000000e+00	0.000000e+00	2.635860e-04	1.826108e-09	1.649174e-03	3.155430e+06	2.186062e+01	1.974252e+07	
1.950000e+00	1.207229e+10	1.101589e+10	1.211659e+01	7.853982e+01	6.895121e+01	5.690646e+00	3.581619e-01	0.000000e+00	0.000000e+00	0.000000e+00	2.631451e-04	1.847172e-09	1.655015e-03	3.176763e+06	2.229960e+01	1.997982e+07	
2.000000e+00	1.216287e+10	1.096335e+10	1.211872e+01	7.853982e+01	6.896336e+01	5.690646e+00	3.536783e-01	0.000000e+00	0.000000e+00	0.000000e+00	2.623786e-04	1.871008e-09	1.660638e-03	3.191277e+06	2.275683e+01	2.019813e+07	
2.050000e+00	1.225007e+10	1.160951e+10	1.211810e+01	7.853982e+01	6.895984e+01	5.690646e+00	3.590241e-01	0.000000e+00	0.000000e+00	0.000000e+00	2.640358e-04	1.882232e-09	1.666213e-03	3.234456e+06	2.305746e+01	2.041122e+07	
2.100000e+00	1.234069e+10	1.117831e+10	1.212148e+01	7.853982e+01	6.897905e+01	5.690646e+00	3.505483e-01	0.000000e+00	0.000000e+00	0.000000e+00	2.682627e-04	1.899095e-09	1.671912e-03	3.310548e+06	2.343615e+01	2.063255e+07	
2.150000e+00	1.242512e+10	1.068978e+10	1.211935e+01	7.853982e+01	6.896695e+01	5.690646e+00	3.383028e-01	0.000000e+00	0.000000e+00	0.000000e+00	2.680632e-04	1.894459e-09	1.676653e-03	3.330716e+06	2.353887e+01	2.083261e+07	
2.200000e+00	1.250279e+10	1.060275e+10	1.211130e+01	7.853982e+01	6.892113e+01	5.690646e+00	3.347656e-01	0.000000e+00	0.000000e+00	0.000000e+00	2.639292e-04	1.874422e-09	1.680446e-03	3.299852e+06	2.343551e+01	2.101027e+07	
2.250000e+00	1.258088e+10	1.093858e+10	1.210432e+01	7.853982e+01	6.888142e+01	5.690646e+00	3.418562e-01	0.000000e+00	0.000000e+00	0.000000e+00	2.598195e-04	1.857717e-09	1.683910e-03	3.268758e+06	2.337172e+01	2.118507e+07	
2.300000e+00	1.266548e+10	1.116991e+10	1.210421e+01	7.853982e+01	6.888077e+01	5.690646e+00	3.422575e-01	0.000000e+00	0.000000e+00	0.000000e+00	2.586478e-04	1.854032e-09	1.687650e-03	3.275899e+06	2.348221e+01	2.137490e+07	
2.350000e+00	1.275036e+10	1.144803e+10	1.210490e+01	7.853982e+01	6.888467e+01	5.690646e+00	3.440767e-01	0.000000e+00	0.000000e+00	0.000000e+00	2.581927e-04	1.846793e-09	1.691464e-03	3.292051e+06	2.354728e+01	2.156678e+07	
2.400000e+00	1.283613e+10	1.135282e+10	1.210693e+01	7.853982e+01	6.889623e+01	5.690646e+00	3.415752e-01	0.000000e+00	0.000000e+00	0.000000e+00	2.587606e-04	1.845004e-09	1.695457e-03	3.321483e+06	2.368271e+01	2.176309e+07	
2.450000e+00	1.291973e+10	1.093096e+10	1.210742e+01	7.853982e+01	6.889901e+01	5.690646e+00	3.340993e-01	0.000000e+00	0.000000e+00	0.000000e+00	2.578682e-04	1.839036e-09	1.699159e-03	3.331587e+06	2.375985e+01	2.195267e+07	
2.500000e+00	1.299865e+10	1.152772e+10	1.210403e+01	7.853982e+01	6.887977e+01	5.690646e+00	3.453861e-01	0.000000e+00	0.000000e+00	0.000000e+00	2.544066e-04	1.825292e-09	1.702352e-03	3.306943e+06	2.372634e+01	2.212828e+07	
2.550000e+00	1.308548e+10	1.272402e+10	1.210849e+01	7.853982e+01	6.890514e+01	5.690646e+00	3.579764e-01	0.000000e+00	0.000000e+00	0.000000e+00	2.550376e-04	1.826711e-09	1.706104e-03	3.337291e+06	2.390340e+01	2.232520e+07	
2.600000e+00	1.317852e+10	1.325926e+10	1.211907e+01	7.853982e+01	6.896535e+01	5.690646e+00	3.614555e-01	0.000000e+00	0.000000e+00	0.000000e+00	2.611271e-04	1.844663e-09	1.710862e-03	3.441268e+06	2.430993e+01	2.254663e+07	
2.650000e+00	1.327031e+10	1.291456e+10	1.212885e+01	7.853982e+01	6.902098e+01	5.690646e+00	3.595995e-01	0.000000e+00	0.000000e+00	0.000000e+00	2.675451e-04	1.864178e-09	1.715898e-03	3.550408e+06	2.473823e+01	2.277051e+07	
2.700000e+00	1.335789e+10	1.255243e+10	1.213512e+01	7.853982e+01	6.905668e+01	5.690646e+00	3.568172e-01	0.000000e+00	0.000000e+00	0.000000e+00	2.709474e-04	1.877518e-09	1.720599e-03	3.619285e+06	2.507968e+01	2.298358e+07	
2.750000e+00	1.344179e+10	1.219100e+10	1.213844e+01	7.853982e+01	6.907555e+01	5.690646e+00	3.542671e-01	0.000000e+00	0.000000e+00	0.000000e+00	2.716294e-04	1.883454e-09	1.724841e-03	3.651186e+06	2.531700e+01	2.318496e+07	
2.800000e+00	1.352310e+10	1.144217e+10	1.213981e+01	7.853982e+01	6.908337e+01	5.690646e+00	3.328180e-01	0.000000e+00	0.000000e+00	0.000000e+00	2.704399e-04	1.884197e-09	1.728663e-03	3.657184e+06	2.548018e+01	2.337688e+07	
2.850000e+00	1.359095e+10	1.077946e+10	1.212958e+01	7.853982e+01	6.902514e+01	5.690646e+00	3.196678e-01	0.000000e+00	0.000000e+00	0.000000e+00	2.682989e-04	1.875095e-09	1.732175e-03	3.646435e+06	2.548431e+01	2.354190e+07	
2.900000e+00	1.365407e+10	1.033880e+10	1.211568e+01	7.853982e+01	6.894605e+01	5.690646e+00	3.056114e-01	0.000000e+00	0.000000e+00	0.000000e+00	2.661758e-04	1.860158e-09	1.735235e-03	3.634384e+06	2.539873e+01	2.369302e+07	
2.950000e+00	1.371311e+10	9.611225e+09	1.209873e+01	7.853982e+01	6.884961e+01	5.690646e+00	2.919343e-01	0.000000e+00	0.000000e+00	0.000000e+00	2.617819e-04	1.838194e-09	1.737461e-03	3.589844e+06	2.520735e+01	2.382599e+07	
3.000000e+00	1.376929e+10	9.277248e+09	1.207985e+01	7.853982e+01	6.874217e+01	5.690646e+00	2.871980e-01	0.000000e+00	0.000000e+00	0.000000e+00	2.543615e-04	1.808458e-09	1.738784e-03	3.502377e+06	2.490117e+01	2.394182e+07	
3.050000e+00	1.382864e+10	8.935842e+09	1.206434e+01	7.853982e+01	6.865388e+01	5.690646e+00	2.824155e-01	0.000000e+00	0.000000e+00	0.000000e+00	2.473890e-04	1.782435e-09	1.739828e-03	3.421053e+06	2.464865e+01	2.405946e+07	
3.100000e+00	1.389008e+10	8.605209e+09	1.205117e+01	7.853982e+01	6.857895e+01	5.690646e+00	2.794555e-01	0.000000e+00	0.000000e+00	0.000000e+00	2.403639e-04	1.757564e-09	1.740688e-03	3.338674e+06	2.441270e+01	2.417829e+07	
3.150000e+00	1.395395e+10	8.598669e+09	1.204061e+01	7.853982e+01	6.851886e+01	5.690646e+00	2.789065e-01	0.000000e+00	0.000000e+00	0.000000e+00	2.336303e-04	1.734427e-09	1.741490e-03	3.260066e+06	2.420210e+01	2.430066e+07	
3.200000e+00	1.402088e+10	8.023656e+09	1.203314e+01	7.853982e+01	6.847635e+01	5.690646e+00	2.751188e-01	0.000000e+00	0.000000e+00	0.000000e+00	2.285462e-04	1.717882e-09	1.742556e-03	3.204418e+06	2.408622e+01	2.443216e+07	
3.250000e+00	1.408792e+10	7.735235e+09	1.202620e+01	7.853982e+01	6.843683e+01	5.690646e+00	2.732528e-01	0.000000e+00	0.000000e+00	0.000000e+00	2.223769e-04	1.701493e-09	1.743550e-03	3.132828e+06	2.397049e+01	2.456300e+07	
3.300000e+00	1.415607e+10	7.732339e+09	1.202060e+01	7.853982e+01	6.840499e+01	5.690646e+00	2.731598e-01	0.000000e+00	0.000000e+00	0.000000e+00	2.166442e-04	1.687732e-09	1.744670e-03	3.066830e+06	2.389165e+01	2.469768e+07	
3.350000e+00	1.422596e+10	7.453986e+09	1.201687e+01	7.853982e+01	6.838373e+01	5.690646e+00	2.721416e-01	0.000000e+00	0.000000e+00	0.000000e+00	2.124072e-04	1.678352e-09	1.746081e-03	3.021696e+06	2.387617e+01	2.483967e+07	
3.400000e+00	1.429644e+10	7.602620e+09	1.201399e+01	7.853982e+01	6.836735e+01	5.690646e+00	2.928895e-01	0.000000e+00	0.000000e+00	0.000000e+00	2.085065e-04	1.671085e-09	1.747630e-03	2.980900e+06	2.389055e+01	2.498488e+07	
3.450000e+00	1.438030e+10	8.035392e+09	1.202265e+01	7.853982e+01	6.841663e+01	5.690646e+00	3.057556e-01	0.000000e+00	0.000000e+00	0.000000e+00	2.044879e-04	1.676680e-09	1.749532e-03	2.940597e+06	2.411115e+01	2.515879e+07	
3.500000e+00	1.446912e+10	8.446247e+09	1.203566e+01	7.853982e+01	6.849068e+01	5.690646e+00	3.155787e-01	0.000000e+00	0.000000e+00	0.000000e+00	2.012356e-04	1.698560e-09	1.752056e-03	2.911703e+06	2.457668e+01	2.535071e+07	
3.550000e+00	1.455971e+10	8.864994e+09	1.205030e+01	7.853982e+01	6.857400e+01	5.690646e+00	3.232762e-01	0.000000e+00	0.000000e+00	0.000000e+00	2.012368e-04	1.732179e-09	1.755546e-03	2.929950e+06	2.522002e+01	2.556024e+07	
3.600000e+00	1.465026e+10	9.280382e+09	1.206507e+01	7.853982e+01	6.865806e+01	5.690646e+00	3.296029e-01	0.000000e+00	0.000000e+00	0.000000e+00	2.035399e-04	1.772689e-09	1.759738e-03	2.981912e+06	2.597036e+01	2.578062e+07	
3.650000e+00	1.473993e+10	9.693006e+09	1.207927e+01	7.853982e+01	6.873884e+01	5.690646e+00	3.349762e-01	0.000000e+00	0.000000e+00	0.000000e+00	2.074499e-04	1.819303e-09	1.764406e-03	3.057796e+06	2.681641e+01	2.600722e+07	
3.700000e+00	1.482833e+10	1.038996e+10	1.209258e+01	7.853982e+01	6.881458e+01	5.690646e+00	3.415303e-01	0.000000e+00	0.000000e+00	0.000000e+00	2.124655e-04	1.875057e-09	1.769376e-03	3.150508e+06	2.780397e+01	2.623689e+07	
3.750000e+00	1.491646e+10	1.051144e+10	1.210583e+01	7.853982e+01	6.888997e+01	5.690646e+00	3.437719e-01	0.000000e+00	0.000000e+00	0.000000e+00	2.193819e-04	1.942531e-09	1.774682e-03	3.272402e+06	2.897570e+01	2.647197e+07	
3.800000e+00	1.500174e+10	1.063152e+10	1.211692e+01	7.853982e+01	6.895313e+01	5.690646e+00	3.456955e-01	0.000000e+00	0.000000e+00	0.000000e+00	2.253297e-04	2.014803e-09	1.779874e-03	3.380339e+06	3.022556e+01	2.670121e+07	
3.850000e+00	1.508467e+10	1.102668e+10	1.212630e+01	7.853982e+01	6.900646e+01	5.690646e+00	3.483179e-01	0.000000e+00	0.000000e+00	0.000000e+00	2.305170e-04	2.090854e-09	1.784899e-03	3.477273e+06	3.153985e+01	2.692461e+07	
3.900000e+00	1.516621e+10	1.114482e+10	1.213474e+01	7.853982e+01	6.905453e+01	5.690646e+00	3.497965e-01	0.000000e+00	0.000000e+00	0.000000e+00	2.358333e-04	2.168326e-09	1.789840e-03	3.576699e+06	3.288530e+01	2.714510e+07	
3.950000e+00	1.524598e+10	1.126233e+10	1.214196e+01	7.853982e+01	6.909557e+01	5.690646e+00	3.511280e-01	0.000000e+00	0.000000e+00	0.000000e+00	2.404892e-04	2.243764e-09	1.794568e-03	3.666492e+06	3.420838e+01	2.735993e+07	
4.000000e+00	1.532426e+10	1.137930e+10	1.214819e+01	7.853982e+01	6.913104e+01	5.690646e+00	3.523360e-01	0.000000e+00	0.000000e+00	0.000000e+00	2.446348e-04	2.316194e-09	1.799086e-03	3.748847e+06	3.549396e+01	2.756966e+07	
4.050000e+00	1.540130e+10	1.177163e+10	1.215364e+01	7.853982e+01	6.916206e+01	5.690646e+00	3.543609e-01	0.000000e+00	0.000000e+00	0.000000e+00	2.483811e-04	2.385202e-09	1.803407e-03	3.825392e+06	3.673521e+01	2.777482e+07	
4.100000e+00	1.547785e+10	1.188706e+10	1.215890e+01	7.853982e+01	6.919200e+01	5.690646e+00	3.553368e-01	0.000000e+00	0.000000e+00	0.000000e+00	2.525094e-04	2.451793e-09	1.807649e-03	3.908302e+06	3.794847e+01	2.797851e+07	
4.150000e+00	1.555332e+10	1.212545e+10	1.216352e+01	7.853982e+01	6.921829e+01	5.690646e+00	3.757091e-01	0.000000e+00	0.000000e+00	0.000000e+00	2.561846e-04	2.514655e-09	1.811706e-03	3.984520e+06	3.911122e+01	2.817804e+07	
4.200000e+00	1.563971e+10	1.194218e+10	1.217685e+01	7.853982e+01	6.929413e+01	5.690646e+00	3.748573e-01	0.000000e+00	0.000000e+00	0.000000e+00	2.588080e-04	2.580618e-09	1.815435e-03	4.047683e+06	4.036012e+01	2.839289e+07	
4.250000e+00	1.572139e+10	1.201631e+10	1.218663e+01	7.853982e+01	6.934980e+01	5.690646e+00	3.746578e-01	0.000000e+00	0.000000e+00	0.000000e+00	2.612283e-04	2.634131e-09	1.819113e-03	4.106871e+06	4.141219e+01	2.859898e+07	
4.300000e+00	1.579985e+10	1.153029e+10	1.219408e+01	7.853982e+01	6.939222e+01	5.690646e+00	3.732376e-01	0.000000e+00	0.000000e+00	0.000000e+00	2.633828e-04	2.678809e-09	1.822669e-03	4.161407e+06	4.232477e+01	2.879788e+07	
4.350000e+00	1.587509e+10	1.130452e+10	1.219923e+01	7.853982e+01	6.942149e+01	5.690646e+00	3.723831e-01	0.000000e+00	0.000000e+00	0.000000e+00	2.648282e-04	2.713868e-09	1.825953e-03	4.204171e+06	4.308288e+01	2.898716e+07	
4.400000e+00	1.594818e+10	1.135550e+10	1.220291e+01	7.853982e+01	6.944245e+01	5.690646e+00	3.726325e-01	0.000000e+00	0.000000e+00	0.000000e+00	2.658865e-04	2.740098e-09	1.829007e-03	4.240406e+06	4.369958e+01	2.916933e+07	
4.450000e+00	1.602026e+10	1.140762e+10	1.220602e+01	7.853982e+01	6.946011e+01	5.690646e+00	3.729741e-01	0.000000e+00	0.000000e+00	0.000000e+00	2.673520e-04	2.756151e-09	1.831961e-03	4.283050e+06	4.415427e+01	2.934849e+07	
4.500000e+00	1.609157e+10	1.171846e+10	1.220873e+01	7.853982e+01	6.947553e+01	5.690646e+00	3.736629e-01	0.000000e+00	0.000000e+00	0.000000e+00	2.691288e-04	2.761740e-09	1.834831e-03	4.330706e+06	4.444074e+01	2.952532e+07	
4.550000e+00	1.616245e+10	1.230375e+10	1.221130e+01	7.853982e+01	6.949017e+01	5.690646e+00	3.752245e-01	0.000000e+00	0.000000e+00	0.000000e+00	2.712356e-04	2.757740e-09	1.837637e-03	4.383831e+06	4.457184e+01	2.970072e+07	
4.600000e+00	1.623347e+10	1.288801e+10	1.221417e+01	7.853982e+01	6.950650e+01	5.690646e+00	3.767603e-01	0.000000e+00	0.000000e+00	0.000000e+00	2.741898e-04	2.746639e-09	1.840481e-03	4.451051e+06	4.458746e+01	2.987738e+07	
4.650000e+00	1.630451e+10	1.316030e+10	1.221724e+01	7.853982e+01	6.952400e+01	5.690646e+00	3.771403e-01	0.000000e+00	0.000000e+00	0.000000e+00	2.777401e-04	2.731918e-09	1.843354e-03	4.528418e+06	4.454259e+01	3.005498e+07	
4.700000e+00	1.637482e+10	1.343221e+10	1.221995e+01	7.853982e+01	6.953939e+01	5.690646e+00	3.775437e-01	0.000000e+00	0.000000e+00	0.000000e+00	2.809351e-04	2.711940e-09	1.846113e-03	4.600262e+06	4.440753e+01	3.022977e+07	
4.750000e+00	1.644452e+10	1.370346e+10	1.222238e+01	7.853982e+01	6.955323e+01	5.690646e+00	3.779593e-01	0.000000e+00	0.000000e+00	0.000000e+00	2.838439e-04	2.689245e-09	1.848773e-03	4.667679e+06	4.422336e+01	3.040219e+07	
4.800000e+00	1.651371e+10	1.397400e+10	1.222461e+01	7.853982e+01	6.956593e+01	5.690646e+00	3.783818e-01	0.000000e+00	0.000000e+00	0.000000e+00	2.865173e-04	2.665457e-09	1.851348e-03	4.731465e+06	4.401659e+01	3.057262e+07	
4.850000e+00	1.658246e+10	1.398767e+10	1.222669e+01	7.853982e+01	6.957775e+01	5.690646e+00	3.785505e-01	0.000000e+00	0.000000e+00	0.000000e+00	2.889943e-04	2.641600e-09	1.853848e-03	4.792236e+06	4.380421e+01	3.074135e+07	
4.900000e+00	1.665065e+10	1.444478e+10	1.222854e+01	7.853982e+01	6.958827e+01	5.690646e+00	3.933942e-01	0.000000e+00	0.000000e+00	0.000000e+00	2.912351e-04	2.618280e-09	1.856280e-03	4.849252e+06	4.359605e+01	3.090826e+07	
4.950000e+00	1.672733e+10	1.467653e+10	1.223677e+01	7.853982e+01	6.963513e+01	5.690646e+00	4.040365e-01	0.000000e+00	0.000000e+00	0.000000e+00	2.932374e-04	2.626184e-09	1.859033e-03	4.905077e+06	4.392905e+01	3.109665e+07	
5.000000e+00	1.680793e+10	1.490362e+10	1.224798e+01	7.853982e+01	6.969894e+01	5.690646e+00	4.123198e-01	0.000000e+00	0.000000e+00	0.000000e+00	2.973546e-04	2.658073e-09	1.862510e-03	4.997914e+06	4.467670e+01	3.130494e+07	
5.050000e+00	1.689008e+10	1.515743e+10	1.226042e+01	7.853982e+01	6.976969e+01	5.690646e+00	4.046194e-01	0.000000e+00	0.000000e+00	0.000000e+00	3.029878e-04	2.705428e-09	1.866539e-03	5.117488e+06	4.569490e+01	3.152598e+07	
5.100000e+00	1.696360e+10	1.541373e+10	1.226670e+01	7.853982e+01	6.980544e+01	5.690646e+00	4.001505e-01	0.000000e+00	0.000000e+00	0.000000e+00	3.097314e-04	2.733187e-09	1.870551e-03	5.254161e+06	4.636469e+01	3.173129e+07	
5.150000e+00	1.703241e+10	1.547311e+10	1.226972e+01	7.853982e+01	6.982260e+01	5.690646e+00	3.908619e-01	0.000000e+00	0.000000e+00	0.000000e+00	3.150360e-04	2.758881e-09	1.874081e-03	5.365823e+06	4.699041e+01	3.192012e+07	
5.200000e+00	1.709458e+10	1.505121e+10	1.226811e+01	7.853982e+01	6.981349e+01	5.690646e+00	3.714483e-01	0.000000e+00	0.000000e+00	0.000000e+00	3.185988e-04	2.816490e-09	1.877584e-03	5.446311e+06	4.814670e+01	3.209650e+07	
5.250000e+00	1.714533e+10	1.435457e+10	1.225854e+01	7.853982e+01	6.975903e+01	5.690646e+00	3.567318e-01	0.000000e+00	0.000000e+00	0.000000e+00	3.229091e-04	2.858527e-09	1.880758e-03	5.536385e+06	4.901041e+01	3.224623e+07	
5.300000e+00	1.719010e+10	1.398788e+10	1.224494e+01	7.853982e+01	6.968163e+01	5.690646e+00	3.471537e-01	0.000000e+00	0.000000e+00	0.000000e+00	3.229491e-04	2.879277e-09	1.882697e-03	5.551527e+06	4.949505e+01	3.236374e+07	
5.350000e+00	1.723330e+10	1.362603e+10	1.223050e+01	7.853982e+01	6.959947e+01	5.690646e+00	3.394109e-01	0.000000e+00	0.000000e+00	0.000000e+00	3.207765e-04	2.885537e-09	1.883828e-03	5.528039e+06	4.972733e+01	3.246458e+07	
5.400000e+00	1.727635e+10	1.326833e+10	1.221623e+01	7.853982e+01	6.951822e+01	5.690646e+00	3.329191e-01	0.000000e+00	0.000000e+00	0.000000e+00	3.169622e-04	2.880945e-09	1.884326e-03	5.475952e+06	4.977222e+01	3.255429e+07	
5.450000e+00	1.731997e+10	1.379076e+10	1.220262e+01	7.853982e+01	6.944077e+01	5.690646e+00	3.546708e-01	0.000000e+00	0.000000e+00	0.000000e+00	3.119463e-04	2.859054e-09	1.884345e-03	5.402901e+06	4.951874e+01	3.263680e+07	
5.500000e+00	1.738119e+10	1.430464e+10	1.220162e+01	7.853982e+01	6.943508e+01	5.690646e+00	3.693924e-01	0.000000e+00	0.000000e+00	0.000000e+00	3.061623e-04	2.867337e-09	1.884408e-03	5.321466e+06	4.983774e+01	3.275325e+07	
5.550000e+00	1.745171e+10	1.481233e+10	1.220729e+01	7.853982e+01	6.946734e+01	5.690646e+00	3.803482e-01	0.000000e+00	0.000000e+00	0.000000e+00	3.037965e-04	2.894702e-09	1.885428e-03	5.301766e+06	5.051748e+01	3.290394e+07	
5.600000e+00	1.752712e+10	1.491107e+10	1.221648e+01	7.853982e+01	6.951968e+01	5.690646e+00	3.869006e-01	0.000000e+00	0.000000e+00	0.000000e+00	3.040014e-04	2.928238e-09	1.887294e-03	5.328268e+06	5.132356e+01	3.307881e+07	
5.650000e+00	1.760363e+10	1.472308e+10	1.222653e+01	7.853982e+01	6.957686e+01	5.690646e+00	3.906994e-01	0.000000e+00	0.000000e+00	0.000000e+00	3.048617e-04	2.955834e-09	1.889580e-03	5.366672e+06	5.203340e+01	3.326347e+07	
5.700000e+00	1.767929e+10	1.481392e+10	1.223608e+01	7.853982e+01	6.963117e+01	5.690646e+00	3.947880e-01	0.000000e+00	0.000000e+00	0.000000e+00	3.053941e-04	2.991393e-09	1.892073e-03	5.399152e+06	5.288571e+01	3.345051e+07	
5.750000e+00	1.775445e+10	1.534396e+10	1.224535e+01	7.853982e+01	6.968398e+01	5.690646e+00	4.005121e-01	0.000000e+00	0.000000e+00	0.000000e+00	3.064395e-04	3.043601e-09	1.894808e-03	5.440667e+06	5.403747e+01	3.364128e+07	
5.800000e+00	1.783020e+10	1.586275e+10	1.225512e+01	7.853982e+01	6.973953e+01	5.690646e+00	4.165611e-01	0.000000e+00	0.000000e+00	0.000000e+00	3.092446e-04	3.133005e-09	1.898020e-03	5.513893e+06	5.586211e+01	3.384208e+07	
5.850000e+00	1.791271e+10	1.681873e+10	1.226959e+01	7.853982e+01	6.982190e+01	5.690646e+00	4.308729e-01	0.000000e+00	0.000000e+00	0.000000e+00	3.119186e-04	3.248948e-09	1.901404e-03	5.587307e+06	5.819746e+01	3.405930e+07	
5.900000e+00	1.799946e+10	1.698553e+10	1.228700e+01	7.853982e+01	6.992099e+01	5.690646e+00	4.270077e-01	0.000000e+00	0.000000e+00	0.000000e+00	3.178087e-04	3.400123e-09	1.905646e-03	5.720383e+06	6.120036e+01	3.430060e+07	
5.950000e+00	1.807838e+10	1.715379e+10	1.229912e+01	7.853982e+01	6.998992e+01	5.690646e+00	4.256976e-01	0.000000e+00	0.000000e+00	0.000000e+00	3.256525e-04	3.536857e-09	1.910120e-03	5.887269e+06	6.394065e+01	3.453187e+07	
6.000000e+00	1.815270e+10	1.758781e+10	1.230817e+01	7.853982e+01	7.004143e+01	5.690646e+00	4.259502e-01	0.000000e+00	0.000000e+00	0.000000e+00	3.328577e-04	3.663300e-09	1.914345e-03	6.042268e+06	6.649880e+01	3.475055e+07	
6.050000e+00	1.822435e+10	1.830386e+10	1.231549e+01	7.853982e+01	7.008308e+01	5.690646e+00	4.280409e-01	0.000000e+00	0.000000e+00	0.000000e+00	3.397674e-04	3.786976e-09	1.918368e-03	6.192040e+06	6.901516e+01	3.496100e+07	
6.100000e+00	1.829499e+10	1.857370e+10	1.232222e+01	7.853982e+01	7.012138e+01	5.690646e+00	4.278249e-01	0.000000e+00	0.000000e+00	0.000000e+00	3.471856e-04	3.908786e-09	1.922316e-03	6.351756e+06	7.151119e+01	3.516874e+07	
6.150000e+00	1.836339e+10	1.841563e+10	1.232753e+01	7.853982e+01	7.015163e+01	5.690646e+00	4.202192e-01	0.000000e+00	0.000000e+00	0.000000e+00	3.535399e-04	3.999461e-09	1.925872e-03	6.492189e+06	7.344364e+01	3.536552e+07	
6.200000e+00	1.842543e+10	1.826099e+10	1.232870e+01	7.853982e+01	7.015825e+01	5.690646e+00	4.141705e-01	0.000000e+00	0.000000e+00	0.000000e+00	3.572448e-04	4.047387e-09	1.928701e-03	6.582390e+06	7.457485e+01	3.553715e+07	
6.250000e+00	1.848338e+10	1.810959e+10	1.232726e+01	7.853982e+01	7.015004e+01	5.690646e+00	4.091962e-01	0.000000e+00	0.000000e+00	0.000000e+00	3.589134e-04	4.055737e-09	1.930883e-03	6.633934e+06	7.496375e+01	3.568924e+07	
6.300000e+00	1.853872e+10	1.706913e+10	1.232421e+01	7.853982e+01	7.013274e+01	5.690646e+00	3.797276e-01	0.000000e+00	0.000000e+00	0.000000e+00	3.590215e-04	4.025416e-09	1.932507e-03	6.655800e+06	7.462606e+01	3.582621e+07	
6.350000e+00	1.857686e+10	1.693183e+10	1.230992e+01	7.853982e+01	7.005140e+01	5.690646e+00	3.852373e-01	0.000000e+00	0.000000e+00	0.000000e+00	3.564995e-04	3.930133e-09	1.933182e-03	6.622641e+06	7.300952e+01	3.591245e+07	
6.400000e+00	1.862289e+10	1.595192e+10	1.230106e+01	7.853982e+01	7.000099e+01	5.690646e+00	3.510770e-01	0.000000e+00	0.000000e+00	0.000000e+00	3.533726e-04	3.813052e-09	1.933351e-03	6.580821e+06	7.101006e+01	3.600459e+07	
6.450000e+00	1.865071e+10	1.541555e+10	1.228039e+01	7.853982e+01	6.988336e+01	5.690646e+00	3.357737e-01	0.000000e+00	0.000000e+00	0.000000e+00	3.479477e-04	3.665186e-09	1.932825e-03	6.489473e+06	6.835834e+01	3.604856e+07	
6.500000e+00	1.867569e+10	1.519071e+10	1.225811e+01	7.853982e+01	6.975654e+01	5.690646e+00	3.219541e-01	0.000000e+00	0.000000e+00	0.000000e+00	3.427600e-04	3.506563e-09	1.931888e-03	6.401280e+06	6.548748e+01	3.607934e+07	
6.550000e+00	1.869928e+10	1.543835e+10	1.223517e+01	7.853982e+01	6.962603e+01	5.690646e+00	3.169846e-01	0.000000e+00	0.000000e+00	0.000000e+00	3.365932e-04	3.349483e-09	1.930336e-03	6.294048e+06	6.263291e+01	3.609589e+07	
6.600000e+00	1.872712e+10	1.613357e+10	1.221528e+01	7.853982e+01	6.951283e+01	5.690646e+00	3.355162e-01	0.000000e+00	0.000000e+00	0.000000e+00	3.306345e-04	3.211193e-09	1.928596e-03	6.191833e+06	6.013642e+01	3.611705e+07	
6.650000e+00	1.877263e+10	1.693594e+10	1.220711e+01	7.853982e+01	6.946635e+01	5.690646e+00	3.458666e-01	0.000000e+00	0.000000e+00	0.000000e+00	3.249121e-04	3.098306e-09	1.926946e-03	6.099455e+06	5.816335e+01	3.617384e+07	
6.700000e+00	1.882705e+10	1.770971e+10	1.220489e+01	7.853982e+01	6.945369e+01	5.690646e+00	3.557964e-01	0.000000e+00	0.000000e+00	0.000000e+00	3.195588e-04	3.011195e-09	1.925670e-03	6.016350e+06	5.669191e+01	3.625468e+07	
6.750000e+00	1.888823e+10	1.829454e+10	1.220716e+01	7.853982e+01	6.946664e+01	5.690646e+00	3.535499e-01	0.000000e+00	0.000000e+00	0.000000e+00	3.174324e-04	2.949025e-09	1.925281e-03	5.995737e+06	5.570187e+01	3.636517e+07	
6.800000e+00	1.894733e+10	1.925277e+10	1.220819e+01	7.853982e+01	6.947248e+01	5.690646e+00	3.547177e-01	0.000000e+00	0.000000e+00	0.000000e+00	3.150117e-04	2.883362e-09	1.925140e-03	5.968629e+06	5.463200e+01	3.647625e+07	
6.850000e+00	1.900681e+10	2.084097e+10	1.220957e+01	7.853982e+01	6.948035e+01	5.690646e+00	3.668708e-01	0.000000e+00	0.000000e+00	0.000000e+00	3.136857e-04	2.829705e-09	1.925394e-03	5.962165e+06	5.378366e+01	3.659559e+07	
6.900000e+00	1.907327e+10	2.218589e+10	1.221553e+01	7.853982e+01	6.951423e+01	5.690646e+00	3.739528e-01	0.000000e+00	0.000000e+00	0.000000e+00	3.166020e-04	2.853393e-09	1.926870e-03	6.038635e+06	5.442353e+01	3.675171e+07	
6.950000e+00	1.914217e+10	2.316505e+10	1.222311e+01	7.853982e+01	6.955742e+01	5.690646e+00	3.795919e-01	0.000000e+00	0.000000e+00	0.000000e+00	3.210533e-04	2.879818e-09	1.928838e-03	6.145658e+06	5.512598e+01	3.692216e+07	
7.000000e+00	1.921213e+10	2.450511e+10	1.223143e+01	7.853982e+01	6.960476e+01	5.690646e+00	3.850962e-01	0.000000e+00	0.000000e+00	0.000000e+00	3.264383e-04	2.913839e-09	1.931179e-03	6.271575e+06	5.598105e+01	3.710206e+07	
7.050000e+00	1.928282e+10	2.551181e+10	1.224028e+01	7.853982e+01	6.965511e+01	5.690646e+00	3.896511e-01	0.000000e+00	0.000000e+00	0.000000e+00	3.327292e-04	2.958236e-09	1.933863e-03	6.415958e+06	5.704313e+01	3.729033e+07	
7.100000e+00	1.935352e+10	2.725069e+10	1.224918e+01	7.853982e+01	6.970576e+01	5.690646e+00	4.147243e-01	0.000000e+00	0.000000e+00	0.000000e+00	3.395168e-04	3.012744e-09	1.936791e-03	6.570844e+06	5.830720e+01	3.748371e+07	
7.150000e+00	1.943676e+10	2.849988e+10	1.226606e+01	7.853982e+01	6.980178e+01	5.690646e+00	4.084903e-01	0.000000e+00	0.000000e+00	0.000000e+00	3.468020e-04	3.083848e-09	1.939836e-03	6.740708e+06	5.994001e+01	3.770412e+07	
7.200000e+00	1.951089e+10	2.908478e+10	1.227720e+01	7.853982e+01	6.986519e+01	5.690646e+00	4.066621e-01	0.000000e+00	0.000000e+00	0.000000e+00	3.543606e-04	3.156729e-09	1.943062e-03	6.913891e+06	6.159058e+01	3.791087e+07	
7.250000e+00	1.958039e+10	2.966881e+10	1.228548e+01	7.853982e+01	6.991231e+01	5.690646e+00	4.064926e-01	0.000000e+00	0.000000e+00	0.000000e+00	3.633016e-04	3.221212e-09	1.946526e-03	7.113588e+06	6.307261e+01	3.811375e+07	
7.300000e+00	1.964719e+10	3.116038e+10	1.229212e+01	7.853982e+01	6.995010e+01	5.690646e+00	4.347635e-01	0.000000e+00	0.000000e+00	0.000000e+00	3.715006e-04	3.278320e-09	1.949823e-03	7.298945e+06	6.440978e+01	3.830854e+07	
7.350000e+00	1.972928e+10	3.077664e+10	1.230836e+01	7.853982e+01	7.004252e+01	5.690646e+00	4.034497e-01	0.000000e+00	0.000000e+00	0.000000e+00	3.807931e-04	3.381771e-09	1.953521e-03	7.512774e+06	6.671991e+01	3.854156e+07	
7.400000e+00	1.978702e+10	3.140373e+10	1.230946e+01	7.853982e+01	7.004878e+01	5.690646e+00	4.108194e-01	0.000000e+00	0.000000e+00	0.000000e+00	3.878947e-04	3.454671e-09	1.956918e-03	7.675279e+06	6.835763e+01	3.872157e+07	
7.450000e+00	1.984895e+10	3.209344e+10	1.231325e+01	7.853982e+01	7.007035e+01	5.690646e+00	4.312674e-01	0.000000e+00	0.000000e+00	0.000000e+00	3.962692e-04	3.518649e-09	1.960438e-03	7.865525e+06	6.984147e+01	3.891263e+07	
7.500000e+00	1.992227e+10	3.072454e+10	1.232417e+01	7.853982e+01	7.013248e+01	5.690646e+00	3.755908e-01	0.000000e+00	0.000000e+00	0.000000e+00	4.010501e-04	3.573324e-09	1.963242e-03	7.989828e+06	7.118874e+01	3.911224e+07	
7.550000e+00	1.995787e+10	3.031398e+10	1.231185e+01	7.853982e+01	7.006237e+01	5.690646e+00	3.784066e-01	0.000000e+00	0.000000e+00	0.000000e+00	4.019980e-04	3.554551e-09	1.965283e-03	8.023024e+06	7.094128e+01	3.922287e+07	
7.600000e+00	1.999910e+10	3.029781e+10	1.230315e+01	7.853982e+01	7.001288e+01	5.690646e+00	3.710347e-01	0.000000e+00	0.000000e+00	0.000000e+00	4.000172e-04	3.510241e-09	1.966507e-03	7.999982e+06	7.020164e+01	3.932837e+07	
7.650000e+00	2.003853e+10	3.141991e+10	1.229350e+01	7.853982e+01	6.995794e+01	5.690646e+00	3.975002e-01	0.000000e+00	0.000000e+00	0.000000e+00	3.971220e-04	3.479641e-09	1.967362e-03	7.957742e+06	6.972689e+01	3.942305e+07	
7.700000e+00	2.009728e+10	3.251735e+10	1.229581e+01	7.853982e+01	6.997109e+01	5.690646e+00	4.317537e-01	0.000000e+00	0.000000e+00	0.000000e+00	3.947081e-04	3.472354e-09	1.968063e-03	7.932560e+06	6.978489e+01	3.955272e+07	
7.750000e+00	2.017637e+10	3.283697e+10	1.231060e+01	7.853982e+01	7.005528e+01	5.690646e+00	4.198694e-01	0.000000e+00	0.000000e+00	0.000000e+00	3.944239e-04	3.478620e-09	1.969116e-03	7.958042e+06	7.018591e+01	3.972962e+07	
7.800000e+00	2.024351e+10	3.315996e+10	1.231814e+01	7.853982e+01	7.009817e+01	5.690646e+00	4.146427e-01	0.000000e+00	0.000000e+00	0.000000e+00	3.959476e-04	3.483804e-09	1.970979e-03	8.015367e+06	7.052440e+01	3.989953e+07	
7.850000e+00	2.030506e+10	3.261294e+10	1.232234e+01	7.853982e+01	7.012206e+01	5.690646e+00	3.884628e-01	0.000000e+00	0.000000e+00	0.000000e+00	3.988251e-04	3.488076e-09	1.973227e-03	8.098168e+06	7.082560e+01	4.006649e+07	
7.900000e+00	2.034917e+10	3.337786e+10	1.231604e+01	7.853982e+01	7.008624e+01	5.690646e+00	3.998025e-01	0.000000e+00	0.000000e+00	0.000000e+00	3.995006e-04	3.464973e-09	1.974928e-03	8.129507e+06	7.050933e+01	4.018815e+07	
7.950000e+00	2.040225e+10	3.368586e+10	1.231528e+01	7.853982e+01	7.008191e+01	5.690646e+00	4.090922e-01	0.000000e+00	0.000000e+00	0.000000e+00	4.002552e-04	3.478834e-09	1.976519e-03	8.166105e+06	7.097603e+01	4.032543e+07	
8.000000e+00	2.046128e+10	3.371533e+10	1.231820e+01	7.853982e+01	7.009851e+01	5.690646e+00	4.027830e-01	0.000000e+00	0.000000e+00	0.000000e+00	3.993161e-04	3.492377e-09	1.977714e-03	8.170519e+06	7.145851e+01	4.046656e+07	
8.050000e+00	2.051552e+10	3.281746e+10	1.231830e+01	7.853982e+01	7.009911e+01	5.690646e+00	3.838114e-01	0.000000e+00	0.000000e+00	0.000000e+00	3.990932e-04	3.505004e-09	1.979126e-03	8.187604e+06	7.190697e+01	4.060279e+07	
8.100000e+00	2.055803e+10	3.411552e+10	1.231148e+01	7.853982e+01	7.006025e+01	5.690646e+00	3.970568e-01	0.000000e+00	0.000000e+00	0.000000e+00	3.947650e-04	3.456447e-09	1.979543e-03	8.115591e+06	7.105775e+01	4.069550e+07	
8.150000e+00	2.061085e+10	3.448595e+10	1.231092e+01	7.853982e+01	7.005711e+01	5.690646e+00	3.981978e-01	0.000000e+00	0.000000e+00	0.000000e+00	3.945578e-04	3.477414e-09	1.980810e-03	8.132173e+06	7.167248e+01	4.082618e+07	
8.200000e+00	2.066455e+10	3.583083e+10	1.231098e+01	7.853982e+01	7.005743e+01	5.690646e+00	4.118521e-01	0.000000e+00	0.000000e+00	0.000000e+00	3.946360e-04	3.512122e-09	1.982111e-03	8.154977e+06	7.257643e+01	4.095943e+07	
8.250000e+00	2.072664e+10	3.704506e+10	1.231610e+01	7.853982e+01	7.008657e+01	5.690646e+00	4.269350e-01	0.000000e+00	0.000000e+00	0.000000e+00	3.984073e-04	3.625340e-09	1.984460e-03	8.257643e+06	7.514110e+01	4.113118e+07	
8.300000e+00	2.079640e+10	3.766094e+10	1.232583e+01	7.853982e+01	7.014194e+01	5.690646e+00	4.248509e-01	0.000000e+00	0.000000e+00	0.000000e+00	4.030374e-04	3.771239e-09	1.986980e-03	8.381728e+06	7.842820e+01	4.132203e+07	
8.350000e+00	2.086184e+10	3.638858e+10	1.233303e+01	7.853982e+01	7.018291e+01	5.690646e+00	4.131140e-01	0.000000e+00	0.000000e+00	0.000000e+00	4.095479e-04	3.929645e-09	1.990103e-03	8.543922e+06	8.197961e+01	4.151721e+07	
8.400000e+00	2.091778e+10	3.583555e+10	1.233468e+01	7.853982e+01	7.019227e+01	5.690646e+00	3.989555e-01	0.000000e+00	0.000000e+00	0.000000e+00	4.114114e-04	4.014650e-09	1.992350e-03	8.605812e+06	8.397756e+01	4.167553e+07	
8.450000e+00	2.096447e+10	3.560624e+10	1.233095e+01	7.853982e+01	7.017108e+01	5.690646e+00	4.079392e-01	0.000000e+00	0.000000e+00	0.000000e+00	4.104831e-04	4.058295e-09	1.993901e-03	8.605561e+06	8.508001e+01	4.180109e+07	
8.500000e+00	2.101787e+10	3.489889e+10	1.233126e+01	7.853982e+01	7.017285e+01	5.690646e+00	3.840356e-01	0.000000e+00	0.000000e+00	0.000000e+00	4.081219e-04	4.038837e-09	1.994782e-03	8.577854e+06	8.488777e+01	4.192608e+07	
8.550000e+00	2.105644e+10	3.554871e+10	1.232297e+01	7.853982e+01	7.012564e+01	5.690646e+00	3.898887e-01	0.000000e+00	0.000000e+00	0.000000e+00	4.080411e-04	4.042771e-09	1.996096e-03	8.591894e+06	8.512637e+01	4.203068e+07	
8.600000e+00	2.110123e+10	3.582398e+10	1.231842e+01	7.853982e+01	7.009978e+01	5.690646e+00	4.094442e-01	0.000000e+00	0.000000e+00	0.000000e+00	4.098339e-04	4.079335e-09	1.997717e-03	8.648000e+06	8.607899e+01	4.215429e+07	
8.650000e+00	2.115950e+10	3.569553e+10	1.232182e+01	7.853982e+01	7.011913e+01	5.690646e+00	4.085088e-01	0.000000e+00	0.000000e+00	0.000000e+00	4.111054e-04	4.113638e-09	1.999053e-03	8.698785e+06	8.704251e+01	4.229895e+07	
8.700000e+00	2.121612e+10	3.595806e+10	1.232433e+01	7.853982e+01	7.013338e+01	5.690646e+00	4.166083e-01	0.000000e+00	0.000000e+00	0.000000e+00	4.119127e-04	4.153817e-09	2.000409e-03	8.739190e+06	8.812788e+01	4.244092e+07	
8.750000e+00	2.127695e+10	3.682651e+10	1.232933e+01	7.853982e+01	7.016185e+01	5.690646e+00	4.241972e-01	0.000000e+00	0.000000e+00	0.000000e+00	4.140185e-04	4.203301e-09	2.002002e-03	8.809049e+06	8.943341e+01	4.259648e+07	
8.800000e+00	2.134088e+10	3.681810e+10	1.233618e+01	7.853982e+01	7.020083e+01	5.690646e+00	4.238862e-01	0.000000e+00	0.000000e+00	0.000000e+00	4.172629e-04	4.263611e-09	2.003997e-03	8.904758e+06	9.098921e+01	4.276707e+07	
8.850000e+00	2.140248e+10	3.733751e+10	1.234172e+01	7.853982e+01	7.023237e+01	5.690646e+00	4.289892e-01	0.000000e+00	0.000000e+00	0.000000e+00	4.190804e-04	4.289744e-09	2.005732e-03	8.969359e+06	9.181115e+01	4.292764e+07	
8.900000e+00	2.146549e+10	3.765987e+10	1.234812e+01	7.853982e+01	7.026878e+01	5.690646e+00	4.216263e-01	0.000000e+00	0.000000e+00	0.000000e+00	4.183024e-04	4.272116e-09	2.007171e-03	8.979065e+06	9.170306e+01	4.308490e+07	
8.950000e+00	2.152195e+10	3.772443e+10	1.235080e+01	7.853982e+01	7.028405e+01	5.690646e+00	4.259074e-01	0.000000e+00	0.000000e+00	0.000000e+00	4.190437e-04	4.258165e-09	2.008762e-03	9.018636e+06	9.164401e+01	4.323247e+07	
9.000000e+00	2.158021e+10	3.716425e+10	1.235458e+01	7.853982e+01	7.030552e+01	5.690646e+00	4.194011e-01	0.000000e+00	0.000000e+00	0.000000e+00	4.180089e-04	4.243834e-09	2.009879e-03	9.020720e+06	9.158284e+01	4.337361e+07	
9.050000e+00	2.163327e+10	3.748317e+10	1.235543e+01	7.853982e+01	7.031038e+01	5.690646e+00	4.178219e-01	0.000000e+00	0.000000e+00	0.000000e+00	4.151798e-04	4.214684e-09	2.010535e-03	8.981697e+06	9.117742e+01	4.349445e+07	
9.100000e+00	2.168509e+10	3.725308e+10	1.235564e+01	7.853982e+01	7.031159e+01	5.690646e+00	4.211747e-01	0.000000e+00	0.000000e+00	0.000000e+00	4.128544e-04	4.193607e-09	2.011198e-03	8.952786e+06	9.093876e+01	4.361301e+07	
9.150000e+00	2.173892e+10	3.836769e+10	1.235706e+01	7.853982e+01	7.031967e+01	5.690646e+00	4.218873e-01	0.000000e+00	0.000000e+00	0.000000e+00	4.097908e-04	4.166380e-09	2.011731e-03	8.908407e+06	9.057259e+01	4.373285e+07	
9.200000e+00	2.179274e+10	3.920332e+10	1.235854e+01	7.853982e+01	7.032808e+01	5.690646e+00	4.171616e-01	0.000000e+00	0.000000e+00	0.000000e+00	4.090758e-04	4.151155e-09	2.012667e-03	8.914880e+06	9.046503e+01	4.386153e+07	
9.250000e+00	2.184317e+10	4.105927e+10	1.235817e+01	7.853982e+01	7.032595e+01	5.690646e+00	4.459783e-01	0.000000e+00	0.000000e+00	0.000000e+00	4.104809e-04	4.131461e-09	2.013972e-03	8.966205e+06	9.024420e+01	4.399153e+07	
9.300000e+00	2.191153e+10	4.214975e+10	1.236798e+01	7.853982e+01	7.038179e+01	5.690646e+00	4.468392e-01	0.000000e+00	0.000000e+00	0.000000e+00	4.131974e-04	4.126455e-09	2.016038e-03	9.053788e+06	9.041694e+01	4.417448e+07	
9.350000e+00	2.197736e+10	4.333002e+10	1.237639e+01	7.853982e+01	7.042963e+01	5.690646e+00	4.390770e-01	0.000000e+00	0.000000e+00	0.000000e+00	4.157901e-04	4.149743e-09	2.018077e-03	9.137967e+06	9.120037e+01	4.435200e+07	
9.400000e+00	2.203576e+10	4.237007e+10	1.238065e+01	7.853982e+01	7.045388e+01	5.690646e+00	4.286578e-01	0.000000e+00	0.000000e+00	0.000000e+00	4.230786e-04	4.222840e-09	2.021140e-03	9.322857e+06	9.305347e+01	4.453735e+07	
9.450000e+00	2.208637e+10	4.384621e+10	1.238059e+01	7.853982e+01	7.045357e+01	5.690646e+00	4.586738e-01	0.000000e+00	0.000000e+00	0.000000e+00	4.263584e-04	4.261450e-09	2.023206e-03	9.416712e+06	9.411998e+01	4.468528e+07	
9.500000e+00	2.215559e+10	4.599418e+10	1.239100e+01	7.853982e+01	7.051282e+01	5.690646e+00	4.648702e-01	0.000000e+00	0.000000e+00	0.000000e+00	4.285854e-04	4.313289e-09	2.025236e-03	9.495561e+06	9.556345e+01	4.487029e+07	
9.550000e+00	2.222540e+10	4.484496e+10	1.240177e+01	7.853982e+01	7.057405e+01	5.690646e+00	4.568261e-01	0.000000e+00	0.000000e+00	0.000000e+00	4.340901e-04	4.407299e-09	2.028026e-03	9.647826e+06	9.795397e+01	4.507368e+07	
9.600000e+00	2.228687e+10	4.537389e+10	1.240790e+01	7.853982e+01	7.060896e+01	5.690646e+00	4.401848e-01	0.000000e+00	0.000000e+00	0.000000e+00	4.353580e-04	4.465475e-09	2.030180e-03	9.702767e+06	9.952146e+01	4.524635e+07	
9.650000e+00	2.233611e+10	4.496943e+10	1.240727e+01	7.853982e+01	7.060539e+01	5.690646e+00	4.116559e-01	0.000000e+00	0.000000e+00	0.000000e+00	4.395979e-04	4.538508e-09	2.032864e-03	9.818906e+06	1.013726e+02	4.540626e+07	
9.700000e+00	2.236784e+10	4.529614e+10	1.239701e+01	7.853982e+01	7.054699e+01	5.690646e+00	4.167518e-01	0.000000e+00	0.000000e+00	0.000000e+00	4.400371e-04	4.529087e-09	2.034427e-03	9.842680e+06	1.013059e+02	4.550573e+07	
9.750000e+00	2.240596e+10	4.494285e+10	1.239038e+01	7.853982e+01	7.050929e+01	5.690646e+00	4.141243e-01	0.000000e+00	0.000000e+00	0.000000e+00	4.416839e-04	4.518633e-09	2.035854e-03	9.896350e+06	1.012443e+02	4.561526e+07	
9.800000e+00	2.244452e+10	4.453847e+10	1.238410e+01	7.853982e+01	7.047351e+01	5.690646e+00	4.127644e-01	0.000000e+00	0.000000e+00	0.000000e+00	4.396660e-04	4.517156e-09	2.036546e-03	9.868094e+06	1.013854e+02	4.570930e+07	
9.850000e+00	2.248422e+10	4.421089e+10	1.237852e+01	7.853982e+01	7.044179e+01	5.690646e+00	4.249331e-01	0.000000e+00	0.000000e+00	0.000000e+00	4.345859e-04	4.493786e-09	2.036415e-03	9.771323e+06	1.010393e+02	4.578720e+07	
9.900000e+00	2.253319e+10	4.432807e+10	1.237813e+01	7.853982e+01	7.043957e+01	5.690646e+00	4.235640e-01	0.000000e+00	0.000000e+00	0.000000e+00	4.289219e-04	4.458099e-09	2.035981e-03	9.664982e+06	1.004552e+02	4.587715e+07	
9.950000e+00	2.258145e+10	4.325681e+10	1.237741e+01	7.853982e+01	7.043543e+01	5.690646e+00	4.336282e-01	0.000000e+00	0.000000e+00	0.000000e+00	4.243542e-04	4.434253e-09	2.036050e-03	9.582532e+06	1.001319e+02	4.597696e+07	
1.000000e+01	2.263616e+10	4.281490e+10	1.238027e+01	7.853982e+01	7.045175e+01	5.690646e+00	4.061758e-01	0.000000e+00	0.000000e+00	0.000000e+00	4.174809e-04	4.368506e-09	2.036131e-03	9.450162e+06	9.888618e+01	4.609017e+07	
1.005000e+01	2.267297e+10	4.281434e+10	1.237342e+01	7.853982e+01	7.041277e+01	5.690646e+00	4.020516e-01	0.000000e+00	0.000000e+00	0.000000e+00	4.113583e-04	4.308153e-09	2.036057e-03	9.326717e+06	9.767865e+01	4.616348e+07	
1.010000e+01	2.270939e+10	4.288020e+10	1.236644e+01	7.853982e+01	7.037305e+01	5.690646e+00	4.008858e-01	0.000000e+00	0.000000e+00	0.000000e+00	4.056701e-04	4.260429e-09	2.035787e-03	9.212523e+06	9.675177e+01	4.623148e+07	
1.015000e+01	2.274729e+10	4.325033e+10	1.236035e+01	7.853982e+01	7.033839e+01	5.690646e+00	4.010968e-01	0.000000e+00	0.000000e+00	0.000000e+00	4.006886e-04	4.232394e-09	2.035453e-03	9.114579e+06	9.627547e+01	4.630103e+07	
1.020000e+01	2.278722e+10	4.242618e+10	1.235546e+01	7.853982e+01	7.031052e+01	5.690646e+00	3.727302e-01	0.000000e+00	0.000000e+00	0.000000e+00	3.968821e-04	4.225687e-09	2.035196e-03	9.043842e+06	9.629167e+01	4.637647e+07	
1.025000e+01	2.281118e+10	4.292299e+10	1.234199e+01	7.853982e+01	7.023388e+01	5.690646e+00	3.815592e-01	0.000000e+00	0.000000e+00	0.000000e+00	3.917887e-04	4.206428e-09	2.034659e-03	8.937163e+06	9.595358e+01	4.641297e+07	
1.030000e+01	2.284484e+10	4.418763e+10	1.233387e+01	7.853982e+01	7.018769e+01	5.690646e+00	3.971434e-01	0.000000e+00	0.000000e+00	0.000000e+00	3.879608e-04	4.186118e-09	2.034154e-03	8.862901e+06	9.563117e+01	4.646993e+07	
1.035000e+01	2.289066e+10	4.594738e+10	1.233240e+01	7.853982e+01	7.017933e+01	5.690646e+00	3.915027e-01	0.000000e+00	0.000000e+00	0.000000e+00	3.864988e-04	4.230437e-09	2.034172e-03	8.847215e+06	9.683752e+01	4.656354e+07	
1.040000e+01	2.293348e+10	4.703552e+10	1.232937e+01	7.853982e+01	7.016210e+01	5.690646e+00	3.806627e-01	0.000000e+00	0.000000e+00	0.000000e+00	3.898702e-04	4.321362e-09	2.035275e-03	8.941079e+06	9.910385e+01	4.667592e+07	
1.045000e+01	2.297056e+10	4.854540e+10	1.232334e+01	7.853982e+01	7.012776e+01	5.690646e+00	4.014710e-01	0.000000e+00	0.000000e+00	0.000000e+00	3.938311e-04	4.418464e-09	2.036523e-03	9.046522e+06	1.014946e+02	4.678007e+07	
1.050000e+01	2.302237e+10	4.888067e+10	1.232527e+01	7.853982e+01	7.013873e+01	5.690646e+00	4.120031e-01	0.000000e+00	0.000000e+00	0.000000e+00	3.983464e-04	4.510064e-09	2.037715e-03	9.170879e+06	1.038324e+02	4.691303e+07	
1.055000e+01	2.308006e+10	4.921429e+10	1.233039e+01	7.853982e+01	7.016786e+01	5.690646e+00	4.310634e-01	0.000000e+00	0.000000e+00	0.000000e+00	3.992382e-04	4.573346e-09	2.038278e-03	9.214444e+06	1.055531e+02	4.704358e+07	
1.060000e+01	2.314790e+10	5.103752e+10	1.234094e+01	7.853982e+01	7.022794e+01	5.690646e+00	4.257535e-01	0.000000e+00	0.000000e+00	0.000000e+00	4.007789e-04	4.606714e-09	2.038976e-03	9.277190e+06	1.066358e+02	4.719802e+07	
1.065000e+01	2.320916e+10	5.076180e+10	1.234801e+01	7.853982e+01	7.026815e+01	5.690646e+00	4.108131e-01	0.000000e+00	0.000000e+00	0.000000e+00	4.033065e-04	4.618130e-09	2.040322e-03	9.360403e+06	1.071829e+02	4.735415e+07	
1.070000e+01	2.325898e+10	4.975133e+10	1.234903e+01	7.853982e+01	7.027394e+01	5.690646e+00	4.162114e-01	0.000000e+00	0.000000e+00	0.000000e+00	4.044231e-04	4.586767e-09	2.041567e-03	9.406468e+06	1.066835e+02	4.748475e+07	
1.075000e+01	2.331181e+10	4.863171e+10	1.235169e+01	7.853982e+01	7.028909e+01	5.690646e+00	3.823638e-01	0.000000e+00	0.000000e+00	0.000000e+00	4.056318e-04	4.558248e-09	2.042873e-03	9.456011e+06	1.062610e+02	4.762307e+07	
1.080000e+01	2.334290e+10	4.742822e+10	1.234290e+01	7.853982e+01	7.023906e+01	5.690646e+00	3.869327e-01	0.000000e+00	0.000000e+00	0.000000e+00	4.050269e-04	4.504471e-09	2.043697e-03	9.454504e+06	1.051474e+02	4.770583e+07	
1.085000e+01	2.337959e+10	4.612564e+10	1.233714e+01	7.853982e+01	7.020631e+01	5.690646e+00	3.846911e-01	0.000000e+00	0.000000e+00	0.000000e+00	4.020028e-04	4.410909e-09	2.043671e-03	9.398660e+06	1.031252e+02	4.778019e+07	
1.090000e+01	2.341671e+10	4.600096e+10	1.233169e+01	7.853982e+01	7.017529e+01	5.690646e+00	3.902746e-01	0.000000e+00	0.000000e+00	0.000000e+00	3.957358e-04	4.318802e-09	2.043006e-03	9.266830e+06	1.011321e+02	4.784047e+07	
1.095000e+01	2.345899e+10	4.745835e+10	1.232902e+01	7.853982e+01	7.016011e+01	5.690646e+00	4.173098e-01	0.000000e+00	0.000000e+00	0.000000e+00	3.907106e-04	4.247324e-09	2.042566e-03	9.165674e+06	9.963791e+01	4.791653e+07	
1.100000e+01	2.351877e+10	4.804729e+10	1.233560e+01	7.853982e+01	7.019753e+01	5.690646e+00	4.017943e-01	0.000000e+00	0.000000e+00	0.000000e+00	3.884257e-04	4.204297e-09	2.042543e-03	9.135295e+06	9.887990e+01	4.803811e+07	
1.105000e+01	2.356693e+10	4.969843e+10	1.233611e+01	7.853982e+01	7.020043e+01	5.690646e+00	4.399435e-01	0.000000e+00	0.000000e+00	0.000000e+00	3.900099e-04	4.194730e-09	2.043523e-03	9.191333e+06	9.885689e+01	4.815954e+07	
1.110000e+01	2.363845e+10	5.146794e+10	1.234888e+01	7.853982e+01	7.027307e+01	5.690646e+00	4.443476e-01	0.000000e+00	0.000000e+00	0.000000e+00	3.950329e-04	4.288982e-09	2.045892e-03	9.337966e+06	1.013849e+02	4.836171e+07	
1.115000e+01	2.370870e+10	5.128781e+10	1.236098e+01	7.853982e+01	7.034194e+01	5.690646e+00	4.129478e-01	0.000000e+00	0.000000e+00	0.000000e+00	4.016167e-04	4.430959e-09	2.048530e-03	9.521810e+06	1.050523e+02	4.856799e+07	
1.120000e+01	2.375577e+10	5.311218e+10	1.236101e+01	7.853982e+01	7.034215e+01	5.690646e+00	4.365316e-01	0.000000e+00	0.000000e+00	0.000000e+00	4.084172e-04	4.528803e-09	2.050982e-03	9.702266e+06	1.075852e+02	4.872265e+07	
1.125000e+01	2.381740e+10	5.429442e+10	1.236866e+01	7.853982e+01	7.038568e+01	5.690646e+00	4.358213e-01	0.000000e+00	0.000000e+00	0.000000e+00	4.154010e-04	4.630563e-09	2.053479e-03	9.893771e+06	1.102880e+02	4.890853e+07	
1.130000e+01	2.387620e+10	5.424574e+10	1.237486e+01	7.853982e+01	7.042096e+01	5.690646e+00	4.340636e-01	0.000000e+00	0.000000e+00	0.000000e+00	4.221743e-04	4.708509e-09	2.055908e-03	1.007992e+07	1.124213e+02	4.908728e+07	
1.135000e+01	2.393197e+10	5.692485e+10	1.237952e+01	7.853982e+01	7.044746e+01	5.690646e+00	4.669514e-01	0.000000e+00	0.000000e+00	0.000000e+00	4.276916e-04	4.758795e-09	2.057994e-03	1.023550e+07	1.138874e+02	4.925186e+07	
1.140000e+01	2.400665e+10	5.749941e+10	1.239396e+01	7.853982e+01	7.052966e+01	5.690646e+00	4.645426e-01	0.000000e+00	0.000000e+00	0.000000e+00	4.370945e-04	4.874186e-09	2.061246e-03	1.049317e+07	1.170129e+02	4.948361e+07	
1.145000e+01	2.407533e+10	5.685117e+10	1.240531e+01	7.853982e+01	7.059424e+01	5.690646e+00	4.293663e-01	0.000000e+00	0.000000e+00	0.000000e+00	4.474543e-04	4.968595e-09	2.064646e-03	1.077261e+07	1.196206e+02	4.970705e+07	
1.150000e+01	2.411867e+10	5.685138e+10	1.240363e+01	7.853982e+01	7.058465e+01	5.690646e+00	4.575284e-01	0.000000e+00	0.000000e+00	0.000000e+00	4.545151e-04	4.979646e-09	2.067323e-03	1.096230e+07	1.201024e+02	4.986107e+07	
1.155000e+01	2.417999e+10	5.776575e+10	1.241123e+01	7.853982e+01	7.062791e+01	5.690646e+00	4.546831e-01	0.000000e+00	0.000000e+00	0.000000e+00	4.592906e-04	4.998028e-09	2.069715e-03	1.110564e+07	1.208523e+02	5.004569e+07	
1.160000e+01	2.423719e+10	5.627018e+10	1.241673e+01	7.853982e+01	7.065921e+01	5.690646e+00	4.152877e-01	0.000000e+00	0.000000e+00	0.000000e+00	4.631636e-04	5.046055e-09	2.071732e-03	1.122578e+07	1.223022e+02	5.021296e+07	
1.165000e+01	2.426821e+10	5.698438e+10	1.240887e+01	7.853982e+01	7.061450e+01	5.690646e+00	4.141111e-01	0.000000e+00	0.000000e+00	0.000000e+00	4.641236e-04	5.027928e-09	2.073095e-03	1.126345e+07	1.220188e+02	5.031029e+07	
1.170000e+01	2.430096e+10	5.945753e+10	1.240198e+01	7.853982e+01	7.057525e+01	5.690646e+00	4.750502e-01	0.000000e+00	0.000000e+00	0.000000e+00	4.651974e-04	4.994211e-09	2.074032e-03	1.130474e+07	1.213641e+02	5.040098e+07	
1.175000e+01	2.437367e+10	5.908342e+10	1.241550e+01	7.853982e+01	7.065221e+01	5.690646e+00	4.550581e-01	0.000000e+00	0.000000e+00	0.000000e+00	4.691799e-04	5.024658e-09	2.075824e-03	1.143564e+07	1.224693e+02	5.059545e+07	
1.180000e+01	2.442976e+10	6.152579e+10	1.242057e+01	7.853982e+01	7.068108e+01	5.690646e+00	4.941412e-01	0.000000e+00	0.000000e+00	0.000000e+00	4.703580e-04	5.025636e-09	2.077160e-03	1.149073e+07	1.227751e+02	5.074453e+07	
1.185000e+01	2.450855e+10	6.100697e+10	1.243718e+01	7.853982e+01	7.077560e+01	5.690646e+00	4.902250e-01	0.000000e+00	0.000000e+00	0.000000e+00	4.776872e-04	5.089907e-09	2.079548e-03	1.170742e+07	1.247462e+02	5.096671e+07	
1.190000e+01	2.457975e+10	6.172322e+10	1.244994e+01	7.853982e+01	7.084817e+01	5.690646e+00	4.766012e-01	0.000000e+00	0.000000e+00	0.000000e+00	4.808185e-04	5.125376e-09	2.081725e-03	1.181840e+07	1.259805e+02	5.116829e+07	
1.195000e+01	2.463852e+10	6.221863e+10	1.245640e+01	7.853982e+01	7.088495e+01	5.690646e+00	4.756270e-01	0.000000e+00	0.000000e+00	0.000000e+00	4.855650e-04	5.192286e-09	2.084216e-03	1.196360e+07	1.279302e+02	5.135200e+07	
1.200000e+01	2.469467e+10	6.247846e+10	1.246156e+01	7.853982e+01	7.091432e+01	5.690646e+00	4.578551e-01	0.000000e+00	0.000000e+00	0.000000e+00	4.890970e-04	5.249391e-09	2.086874e-03	1.207809e+07	1.296320e+02	5.153466e+07	
1.205000e+01	2.473815e+10	6.116614e+10	1.246036e+01	7.853982e+01	7.090749e+01	5.690646e+00	4.171470e-01	0.000000e+00	0.000000e+00	0.000000e+00	4.917315e-04	5.254891e-09	2.088879e-03	1.216453e+07	1.299963e+02	5.167499e+07	
1.210000e+01	2.475664e+10	6.274171e+10	1.244664e+01	7.853982e+01	7.082944e+01	5.690646e+00	4.365277e-01	0.000000e+00	0.000000e+00	0.000000e+00	4.899742e-04	5.214019e-09	2.089726e-03	1.213011e+07	1.290816e+02	5.173458e+07	
1.215000e+01	2.479149e+10	6.125909e+10	1.244123e+01	7.853982e+01	7.079865e+01	5.690646e+00	4.151211e-01	0.000000e+00	0.000000e+00	0.000000e+00	4.894396e-04	5.233691e-09	2.090787e-03	1.213394e+07	1.297510e+02	5.183373e+07	
1.220000e+01	2.481472e+10	5.878939e+10	1.243006e+01	7.853982e+01	7.073507e+01	5.690646e+00	4.095986e-01	0.000000e+00	0.000000e+00	0.000000e+00	4.883819e-04	5.220392e-09	2.091336e-03	1.211906e+07	1.295425e+02	5.189591e+07	
1.225000e+01	2.483802e+10	5.890124e+10	1.241901e+01	7.853982e+01	7.067218e+01	5.690646e+00	4.153997e-01	0.000000e+00	0.000000e+00	0.000000e+00	4.841056e-04	5.160708e-09	2.090764e-03	1.202422e+07	1.281818e+02	5.193042e+07	
1.230000e+01	2.486839e+10	5.761479e+10	1.241157e+01	7.853982e+01	7.062983e+01	5.690646e+00	4.131474e-01	0.000000e+00	0.000000e+00	0.000000e+00	4.792285e-04	5.113630e-09	2.089953e-03	1.191764e+07	1.271677e+02	5.197377e+07	
1.235000e+01	2.489970e+10	5.834338e+10	1.240466e+01	7.853982e+01	7.059053e+01	5.690646e+00	4.172787e-01	0.000000e+00	0.000000e+00	0.000000e+00	4.726503e-04	5.047818e-09	2.088689e-03	1.176885e+07	1.256892e+02	5.200773e+07	
1.240000e+01	2.493574e+10	6.101529e+10	1.240017e+01	7.853982e+01	7.056499e+01	5.690646e+00	4.637435e-01	0.000000e+00	0.000000e+00	0.000000e+00	4.679920e-04	4.986245e-09	2.087703e-03	1.166973e+07	1.243357e+02	5.205843e+07	
1.245000e+01	2.500200e+10	6.128223e+10	1.241074e+01	7.853982e+01	7.062512e+01	5.690646e+00	4.437990e-01	0.000000e+00	0.000000e+00	0.000000e+00	4.644775e-04	4.965226e-09	2.086822e-03	1.161287e+07	1.241406e+02	5.217474e+07	
