# COLUMN NUMBERS: 
#	0: time [Gyr]
#	1: mgas [Msun]			ISM gas mass
#	2: mstar [Msun]			Stellar mass
#	3: sfr [Msun/yr]		Star formation rate
#	4: ifr [Msun/yr]		Infall rate
#	5: ofr [Msun/yr]		Outfow rate
#	6: eta_0			Mass-loading factor
#	7: r_eff			Effective recycilng rate
#	8: z_in(fe)			Inflow fe metallicity
#	9: z_in(sr)			Inflow sr metallicity
#	10: z_in(o)			Inflow o metallicity
#	11: z_out(fe)			Outflow fe metallicity
#	12: z_out(sr)			Outflow sr metallicity
#	13: z_out(o)			Outflow o metallicity
#	14: mass(fe) [Msun]		mass of element fe in ISM
#	15: mass(sr) [Msun]		mass of element sr in ISM
#	16: mass(o) [Msun]		mass of element o in ISM
0.000000e+00	1.000000e-12	5.087691e-30	1.357349e-37	9.738937e+01	1.402398e-36	1.033189e+01	2.503490e-01	0.000000e+00	0.000000e+00	0.000000e+00	2.723615e-285	4.236734e-285	0.000000e+00	0.000000e+00	0.000000e+00	0.000000e+00	
5.000000e-02	4.869469e+09	2.758007e+08	7.358109e+00	9.738937e+01	7.602317e+01	1.033189e+01	2.503490e-01	0.000000e+00	0.000000e+00	0.000000e+00	1.838796e-05	2.053322e-10	2.298494e-04	8.953957e+04	9.998585e-01	1.119245e+06	
1.000000e-01	5.661978e+09	5.829628e+08	8.416521e+00	9.738937e+01	8.695857e+01	1.033189e+01	2.700972e-01	0.000000e+00	0.000000e+00	0.000000e+00	2.285753e-05	2.552424e-10	2.857191e-04	1.294188e+05	1.445177e+00	1.617735e+06	
1.500000e-01	5.876356e+09	8.907226e+08	8.597623e+00	9.738937e+01	8.882969e+01	1.033189e+01	2.840816e-01	0.000000e+00	0.000000e+00	0.000000e+00	2.528689e-05	2.886575e-10	3.160992e-04	1.485948e+05	1.696255e+00	1.857511e+06	
2.000000e-01	5.996580e+09	9.366366e+08	8.639567e+00	9.738937e+01	8.926305e+01	1.033189e+01	2.860546e-01	0.000000e+00	0.000000e+00	0.000000e+00	2.689808e-05	3.138208e-10	3.362672e-04	1.612965e+05	1.881852e+00	2.016453e+06	
2.500000e-01	6.094488e+09	6.383203e+08	8.650536e+00	9.738937e+01	8.937638e+01	1.033189e+01	2.729093e-01	0.000000e+00	0.000000e+00	0.000000e+00	2.820191e-05	3.316586e-10	3.525709e-04	1.718762e+05	2.021289e+00	2.148739e+06	
3.000000e-01	6.180651e+09	6.385724e+08	8.646602e+00	9.738937e+01	8.933574e+01	1.033189e+01	2.729482e-01	0.000000e+00	0.000000e+00	0.000000e+00	2.935574e-05	3.399838e-10	3.669646e-04	1.814375e+05	2.101321e+00	2.268080e+06	
3.500000e-01	6.269006e+09	6.384655e+08	8.647543e+00	9.738937e+01	8.934546e+01	1.033189e+01	2.729355e-01	0.000000e+00	0.000000e+00	0.000000e+00	3.044103e-05	3.509724e-10	3.805215e-04	1.908350e+05	2.200248e+00	2.385491e+06	
4.000000e-01	6.356836e+09	6.385700e+08	8.649389e+00	9.738937e+01	8.936453e+01	1.033189e+01	2.729332e-01	0.000000e+00	0.000000e+00	0.000000e+00	3.148003e-05	3.623180e-10	3.935050e-04	2.001134e+05	2.303196e+00	2.501447e+06	
4.500000e-01	6.443644e+09	6.387127e+08	8.651373e+00	9.738937e+01	8.938502e+01	1.033189e+01	2.729328e-01	0.000000e+00	0.000000e+00	0.000000e+00	3.247825e-05	3.734530e-10	4.059803e-04	2.092783e+05	2.406398e+00	2.615992e+06	
5.000000e-01	6.529355e+09	6.388596e+08	8.653330e+00	9.738937e+01	8.940525e+01	1.033189e+01	2.729329e-01	0.000000e+00	0.000000e+00	0.000000e+00	3.343849e-05	3.842326e-10	4.179814e-04	2.183318e+05	2.508791e+00	2.729149e+06	
5.500000e-01	6.613984e+09	6.390034e+08	8.655226e+00	9.738937e+01	8.942484e+01	1.033189e+01	2.729331e-01	0.000000e+00	0.000000e+00	0.000000e+00	3.436308e-05	3.946322e-10	4.295369e-04	2.272769e+05	2.610091e+00	2.840950e+06	
6.000000e-01	6.697564e+09	3.245005e+08	8.657056e+00	9.738937e+01	8.944375e+01	1.033189e+01	2.503494e-01	0.000000e+00	0.000000e+00	0.000000e+00	3.525413e-05	4.046606e-10	4.406733e-04	2.361168e+05	2.710240e+00	2.951438e+06	
6.500000e-01	6.770357e+09	6.388095e+08	8.646338e+00	9.738937e+01	8.933301e+01	1.033189e+01	2.729662e-01	0.000000e+00	0.000000e+00	0.000000e+00	3.608127e-05	4.065454e-10	4.510136e-04	2.442831e+05	2.752458e+00	3.053523e+06	
7.000000e-01	6.858866e+09	6.388186e+08	8.656920e+00	9.738937e+01	8.944234e+01	1.033189e+01	2.729106e-01	0.000000e+00	0.000000e+00	0.000000e+00	3.691994e-05	4.209057e-10	4.614935e-04	2.532289e+05	2.886936e+00	3.165322e+06	
7.500000e-01	6.941500e+09	6.393617e+08	8.661085e+00	9.738937e+01	8.948537e+01	1.033189e+01	2.729274e-01	0.000000e+00	0.000000e+00	0.000000e+00	3.773313e-05	4.316790e-10	4.716561e-04	2.619245e+05	2.996500e+00	3.274001e+06	
8.000000e-01	7.021838e+09	6.396034e+08	8.663430e+00	9.738937e+01	8.950960e+01	1.033189e+01	2.729322e-01	0.000000e+00	0.000000e+00	0.000000e+00	3.851478e-05	4.410452e-10	4.814250e-04	2.704446e+05	3.096948e+00	3.380488e+06	
8.500000e-01	7.100882e+09	3.248182e+08	8.665202e+00	9.738937e+01	8.952790e+01	1.033189e+01	2.503497e-01	0.000000e+00	0.000000e+00	0.000000e+00	3.926792e-05	4.496975e-10	4.908371e-04	2.788369e+05	3.193249e+00	3.485376e+06	
9.000000e-01	7.169162e+09	3.244371e+08	8.654954e+00	9.738937e+01	8.942202e+01	1.033189e+01	2.503498e-01	0.000000e+00	0.000000e+00	0.000000e+00	3.996300e-05	4.503461e-10	4.995309e-04	2.865012e+05	3.228604e+00	3.581218e+06	
9.500000e-01	7.243120e+09	3.243548e+08	8.652674e+00	9.738937e+01	8.939847e+01	1.033189e+01	2.503498e-01	0.000000e+00	0.000000e+00	0.000000e+00	4.064167e-05	4.553494e-10	5.080158e-04	2.943725e+05	3.298150e+00	3.679620e+06	
1.000000e+00	7.318341e+09	3.243655e+08	8.652864e+00	9.738937e+01	8.940044e+01	1.033189e+01	2.503499e-01	0.000000e+00	0.000000e+00	0.000000e+00	4.130973e-05	4.618621e-10	5.163669e-04	3.023187e+05	3.380064e+00	3.778949e+06	
1.050000e+00	7.393457e+09	3.244050e+08	8.653819e+00	9.738937e+01	8.941030e+01	1.033189e+01	2.503500e-01	0.000000e+00	0.000000e+00	0.000000e+00	4.196418e-05	4.688158e-10	5.245473e-04	3.102604e+05	3.466169e+00	3.878218e+06	
1.100000e+00	7.468043e+09	3.244531e+08	8.654999e+00	9.738937e+01	8.942249e+01	1.033189e+01	2.503500e-01	0.000000e+00	0.000000e+00	0.000000e+00	4.260272e-05	4.758114e-10	5.325286e-04	3.181590e+05	3.553380e+00	3.976947e+06	
1.150000e+00	7.541976e+09	3.245034e+08	8.656230e+00	9.738937e+01	8.943521e+01	1.033189e+01	2.503501e-01	0.000000e+00	0.000000e+00	0.000000e+00	4.322447e-05	4.827020e-10	5.403000e-04	3.259979e+05	3.640527e+00	4.074929e+06	
1.200000e+00	7.615227e+09	3.245535e+08	8.657455e+00	9.738937e+01	8.944786e+01	1.033189e+01	2.503502e-01	0.000000e+00	0.000000e+00	0.000000e+00	4.382943e-05	4.894366e-10	5.478613e-04	3.337711e+05	3.727171e+00	4.172089e+06	
1.250000e+00	7.687800e+09	3.246031e+08	8.658656e+00	9.738937e+01	8.946027e+01	1.033189e+01	2.503502e-01	0.000000e+00	0.000000e+00	0.000000e+00	4.441801e-05	4.960005e-10	5.552179e-04	3.414767e+05	3.813153e+00	4.268404e+06	
1.300000e+00	7.759707e+09	3.246520e+08	8.659828e+00	9.738937e+01	8.947238e+01	1.033189e+01	2.503503e-01	0.000000e+00	0.000000e+00	0.000000e+00	4.499078e-05	5.023927e-10	5.623770e-04	3.491153e+05	3.898420e+00	4.363880e+06	
1.350000e+00	7.830964e+09	3.246998e+08	8.660970e+00	9.738937e+01	8.948418e+01	1.033189e+01	2.503504e-01	0.000000e+00	0.000000e+00	0.000000e+00	4.554839e-05	5.086175e-10	5.693464e-04	3.566878e+05	3.982965e+00	4.458531e+06	
1.400000e+00	7.901589e+09	3.247465e+08	8.662082e+00	9.738937e+01	8.949568e+01	1.033189e+01	2.503505e-01	0.000000e+00	0.000000e+00	0.000000e+00	4.609146e-05	5.146806e-10	5.761341e-04	3.641958e+05	4.066795e+00	4.552375e+06	
1.450000e+00	7.971598e+09	3.247925e+08	8.663167e+00	9.738937e+01	8.950688e+01	1.033189e+01	2.503505e-01	0.000000e+00	0.000000e+00	0.000000e+00	4.662060e-05	5.205885e-10	5.827476e-04	3.716407e+05	4.149922e+00	4.645430e+06	
1.500000e+00	8.041005e+09	3.248376e+08	8.664223e+00	9.738937e+01	8.951780e+01	1.033189e+01	2.503506e-01	0.000000e+00	0.000000e+00	0.000000e+00	4.713640e-05	5.263475e-10	5.891943e-04	3.790240e+05	4.232363e+00	4.737715e+06	
1.550000e+00	8.109828e+09	3.248818e+08	8.665254e+00	9.738937e+01	8.952844e+01	1.033189e+01	2.503507e-01	0.000000e+00	0.000000e+00	0.000000e+00	4.763940e-05	5.319636e-10	5.954811e-04	3.863473e+05	4.314133e+00	4.829249e+06	
1.600000e+00	8.178079e+09	3.249251e+08	8.666259e+00	9.738937e+01	8.953883e+01	1.033189e+01	2.503507e-01	0.000000e+00	0.000000e+00	0.000000e+00	4.813012e-05	5.374427e-10	6.016144e-04	3.936120e+05	4.395249e+00	4.920050e+06	
1.650000e+00	8.245773e+09	3.249676e+08	8.667240e+00	9.738937e+01	8.954897e+01	1.033189e+01	2.503508e-01	0.000000e+00	0.000000e+00	0.000000e+00	4.860907e-05	5.427903e-10	6.076005e-04	4.008194e+05	4.475725e+00	5.010136e+06	
1.700000e+00	8.312924e+09	3.250094e+08	8.668198e+00	9.738937e+01	8.955886e+01	1.033189e+01	2.503509e-01	0.000000e+00	0.000000e+00	0.000000e+00	4.907669e-05	5.480114e-10	6.134450e-04	4.079708e+05	4.555577e+00	5.099522e+06	
1.750000e+00	8.379544e+09	3.250508e+08	8.669134e+00	9.738937e+01	8.956853e+01	1.033189e+01	2.503510e-01	0.000000e+00	0.000000e+00	0.000000e+00	4.953344e-05	5.531111e-10	6.191536e-04	4.150676e+05	4.634819e+00	5.188225e+06	
1.800000e+00	8.445646e+09	3.250915e+08	8.670048e+00	9.738937e+01	8.957797e+01	1.033189e+01	2.503510e-01	0.000000e+00	0.000000e+00	0.000000e+00	4.997973e-05	5.580939e-10	6.247314e-04	4.221111e+05	4.713463e+00	5.276260e+06	
1.850000e+00	8.511241e+09	3.251318e+08	8.670941e+00	9.738937e+01	8.958720e+01	1.033189e+01	2.503511e-01	0.000000e+00	0.000000e+00	0.000000e+00	5.041595e-05	5.629643e-10	6.301833e-04	4.291023e+05	4.791525e+00	5.363642e+06	
1.900000e+00	8.576342e+09	3.251716e+08	8.671814e+00	9.738937e+01	8.959623e+01	1.033189e+01	2.503512e-01	0.000000e+00	0.000000e+00	0.000000e+00	5.084247e-05	5.677265e-10	6.355141e-04	4.360424e+05	4.869016e+00	5.450386e+06	
1.950000e+00	8.640958e+09	3.252108e+08	8.672668e+00	9.738937e+01	8.960505e+01	1.033189e+01	2.503513e-01	0.000000e+00	0.000000e+00	0.000000e+00	5.125967e-05	5.723843e-10	6.407281e-04	4.429326e+05	4.945949e+00	5.536505e+06	
2.000000e+00	8.705102e+09	3.252496e+08	8.673504e+00	9.738937e+01	8.961369e+01	1.033189e+01	2.503514e-01	0.000000e+00	0.000000e+00	0.000000e+00	5.166786e-05	5.769417e-10	6.458296e-04	4.497739e+05	5.022336e+00	5.622012e+06	
2.050000e+00	8.768782e+09	3.252876e+08	8.674322e+00	9.738937e+01	8.962214e+01	1.033189e+01	2.503514e-01	0.000000e+00	0.000000e+00	0.000000e+00	5.206736e-05	5.814021e-10	6.508225e-04	4.565674e+05	5.098188e+00	5.706921e+06	
2.100000e+00	8.832009e+09	3.253251e+08	8.675123e+00	9.738937e+01	8.963041e+01	1.033189e+01	2.503515e-01	0.000000e+00	0.000000e+00	0.000000e+00	5.245849e-05	5.857689e-10	6.557107e-04	4.633139e+05	5.173516e+00	5.791243e+06	
2.150000e+00	8.894793e+09	3.253623e+08	8.675907e+00	9.738937e+01	8.963851e+01	1.033189e+01	2.503516e-01	0.000000e+00	0.000000e+00	0.000000e+00	5.284153e-05	5.900454e-10	6.604978e-04	4.700145e+05	5.248331e+00	5.874991e+06	
2.200000e+00	8.957142e+09	3.253994e+08	8.676675e+00	9.738937e+01	8.964644e+01	1.033189e+01	2.503517e-01	0.000000e+00	0.000000e+00	0.000000e+00	5.321676e-05	5.942346e-10	6.651873e-04	4.766701e+05	5.322644e+00	5.958177e+06	
2.250000e+00	9.019066e+09	3.254439e+08	8.677427e+00	9.738937e+01	8.965422e+01	1.033189e+01	2.503520e-01	0.000000e+00	0.000000e+00	0.000000e+00	5.358444e-05	5.983395e-10	6.697823e-04	4.832816e+05	5.396463e+00	6.040811e+06	
2.300000e+00	9.080573e+09	3.254686e+08	8.678165e+00	9.738937e+01	8.966184e+01	1.033189e+01	2.503518e-01	0.000000e+00	0.000000e+00	0.000000e+00	5.394489e-05	6.023630e-10	6.742861e-04	4.898505e+05	5.469801e+00	6.122904e+06	
2.350000e+00	9.141671e+09	3.255262e+08	8.678888e+00	9.738937e+01	8.966931e+01	1.033189e+01	2.503527e-01	0.000000e+00	0.000000e+00	0.000000e+00	5.429816e-05	6.063075e-10	6.787016e-04	4.963759e+05	5.542663e+00	6.204467e+06	
2.400000e+00	9.202369e+09	3.255578e+08	8.679597e+00	9.738937e+01	8.967664e+01	1.033189e+01	2.503527e-01	0.000000e+00	0.000000e+00	0.000000e+00	5.464474e-05	6.101759e-10	6.830317e-04	5.028611e+05	5.615063e+00	6.285510e+06	
2.450000e+00	9.262674e+09	3.255797e+08	8.680292e+00	9.738937e+01	8.968382e+01	1.033189e+01	2.503523e-01	0.000000e+00	0.000000e+00	0.000000e+00	5.498465e-05	6.139703e-10	6.872791e-04	5.093048e+05	5.687007e+00	6.366043e+06	
2.500000e+00	9.322593e+09	3.255839e+08	8.680974e+00	9.738937e+01	8.969087e+01	1.033189e+01	2.503520e-01	0.000000e+00	0.000000e+00	0.000000e+00	5.531811e-05	6.176930e-10	6.914465e-04	5.157082e+05	5.758501e+00	6.446074e+06	
2.550000e+00	9.382135e+09	3.256150e+08	8.681644e+00	9.738937e+01	8.969778e+01	1.033189e+01	2.503522e-01	0.000000e+00	0.000000e+00	0.000000e+00	5.564516e-05	6.213464e-10	6.955362e-04	5.220704e+05	5.829556e+00	6.525614e+06	
2.600000e+00	9.441305e+09	3.256411e+08	8.682301e+00	9.738937e+01	8.970457e+01	1.033189e+01	2.503522e-01	0.000000e+00	0.000000e+00	0.000000e+00	5.596629e-05	6.249327e-10	6.995507e-04	5.283949e+05	5.900181e+00	6.604672e+06	
2.650000e+00	9.500112e+09	3.256656e+08	8.682946e+00	9.738937e+01	8.971124e+01	1.033189e+01	2.503519e-01	0.000000e+00	0.000000e+00	0.000000e+00	5.628159e-05	6.284539e-10	7.034922e-04	5.346814e+05	5.970382e+00	6.683255e+06	
2.700000e+00	9.558561e+09	3.257010e+08	8.683579e+00	9.738937e+01	8.971778e+01	1.033189e+01	2.503522e-01	0.000000e+00	0.000000e+00	0.000000e+00	5.659120e-05	6.319117e-10	7.073630e-04	5.409305e+05	6.040167e+00	6.761373e+06	
2.750000e+00	9.616660e+09	3.257647e+08	8.684201e+00	9.738937e+01	8.972421e+01	1.033189e+01	2.503533e-01	0.000000e+00	0.000000e+00	0.000000e+00	5.689542e-05	6.353084e-10	7.111652e-04	5.471439e+05	6.109544e+00	6.839034e+06	
2.800000e+00	9.674414e+09	3.257971e+08	8.684813e+00	9.738937e+01	8.973053e+01	1.033189e+01	2.503532e-01	0.000000e+00	0.000000e+00	0.000000e+00	5.719448e-05	6.386457e-10	7.149008e-04	5.533231e+05	6.178522e+00	6.916246e+06	
2.850000e+00	9.731829e+09	3.258085e+08	8.685414e+00	9.738937e+01	8.973674e+01	1.033189e+01	2.503522e-01	0.000000e+00	0.000000e+00	0.000000e+00	5.748839e-05	6.419250e-10	7.185716e-04	5.594672e+05	6.247104e+00	6.993016e+06	
2.900000e+00	9.788910e+09	3.258416e+08	8.686004e+00	9.738937e+01	8.974283e+01	1.033189e+01	2.503525e-01	0.000000e+00	0.000000e+00	0.000000e+00	5.777709e-05	6.451479e-10	7.221796e-04	5.655747e+05	6.315295e+00	7.069351e+06	
2.950000e+00	9.845665e+09	3.258965e+08	8.686584e+00	9.738937e+01	8.974883e+01	1.033189e+01	2.503535e-01	0.000000e+00	0.000000e+00	0.000000e+00	5.806084e-05	6.483164e-10	7.257265e-04	5.716476e+05	6.383106e+00	7.145260e+06	
3.000000e+00	9.902099e+09	3.258913e+08	8.687155e+00	9.738937e+01	8.975472e+01	1.033189e+01	2.503528e-01	0.000000e+00	0.000000e+00	0.000000e+00	5.833997e-05	6.514321e-10	7.292140e-04	5.776882e+05	6.450545e+00	7.220749e+06	
3.050000e+00	9.958217e+09	3.259487e+08	8.687716e+00	9.738937e+01	8.976052e+01	1.033189e+01	2.503539e-01	0.000000e+00	0.000000e+00	0.000000e+00	5.861430e-05	6.544959e-10	7.326437e-04	5.836939e+05	6.517613e+00	7.295825e+06	
3.100000e+00	1.001402e+10	3.259844e+08	8.688268e+00	9.738937e+01	8.976622e+01	1.033189e+01	2.503541e-01	0.000000e+00	0.000000e+00	0.000000e+00	5.888433e-05	6.575099e-10	7.360173e-04	5.896691e+05	6.584320e+00	7.370495e+06	
3.150000e+00	1.006952e+10	6.418212e+08	8.688811e+00	9.738937e+01	8.977184e+01	1.033189e+01	2.729410e-01	0.000000e+00	0.000000e+00	0.000000e+00	5.915001e-05	6.604750e-10	7.393363e-04	5.956125e+05	6.650669e+00	7.444765e+06	
3.200000e+00	1.013454e+10	6.421892e+08	8.697767e+00	9.738937e+01	8.986437e+01	1.033189e+01	2.729193e-01	0.000000e+00	0.000000e+00	0.000000e+00	5.943686e-05	6.690319e-10	7.428955e-04	6.023651e+05	6.780329e+00	7.528903e+06	
3.250000e+00	1.019459e+10	6.426582e+08	8.702641e+00	9.738937e+01	8.991473e+01	1.033189e+01	2.729293e-01	0.000000e+00	0.000000e+00	0.000000e+00	5.972269e-05	6.751003e-10	7.464532e-04	6.088483e+05	6.882371e+00	7.609784e+06	
3.300000e+00	1.025195e+10	9.532059e+08	8.705424e+00	9.738937e+01	8.994348e+01	1.033189e+01	2.864990e-01	0.000000e+00	0.000000e+00	0.000000e+00	5.999888e-05	6.797528e-10	7.499005e-04	6.151055e+05	6.968791e+00	7.687942e+06	
3.350000e+00	1.031368e+10	1.259712e+09	8.712107e+00	9.738937e+01	9.001253e+01	1.033189e+01	2.962484e-01	0.000000e+00	0.000000e+00	0.000000e+00	6.027974e-05	6.892376e-10	7.534146e-04	6.217058e+05	7.108575e+00	7.770475e+06	
3.400000e+00	1.037596e+10	1.563200e+09	8.719424e+00	9.738937e+01	9.008812e+01	1.033189e+01	3.038797e-01	0.000000e+00	0.000000e+00	0.000000e+00	6.290737e-05	7.020850e-10	7.573899e-04	6.527244e+05	7.284807e+00	7.858648e+06	
3.450000e+00	1.043754e+10	1.864177e+09	8.726302e+00	9.738937e+01	9.015919e+01	1.033189e+01	3.101588e-01	0.000000e+00	0.000000e+00	0.000000e+00	6.672413e-05	7.165872e-10	7.615700e-04	6.964355e+05	7.479405e+00	7.948915e+06	
3.500000e+00	1.049806e+10	2.163058e+09	8.732460e+00	9.738937e+01	9.022281e+01	1.033189e+01	3.154984e-01	0.000000e+00	0.000000e+00	0.000000e+00	7.110997e-05	7.316392e-10	7.658032e-04	7.465166e+05	7.680790e+00	8.039446e+06	
3.550000e+00	1.055752e+10	2.460084e+09	8.737899e+00	9.738937e+01	9.027901e+01	1.033189e+01	3.201449e-01	0.000000e+00	0.000000e+00	0.000000e+00	7.573396e-05	7.466329e-10	7.700074e-04	7.995625e+05	7.882588e+00	8.129366e+06	
3.600000e+00	1.061601e+10	2.755465e+09	8.742706e+00	9.738937e+01	9.032867e+01	1.033189e+01	3.242589e-01	0.000000e+00	0.000000e+00	0.000000e+00	8.041891e-05	7.612741e-10	7.741415e-04	8.537278e+05	8.081693e+00	8.218293e+06	
3.650000e+00	1.067365e+10	3.049391e+09	8.746983e+00	9.738937e+01	9.037287e+01	1.033189e+01	3.279504e-01	0.000000e+00	0.000000e+00	0.000000e+00	8.507054e-05	7.754437e-10	7.781873e-04	9.080135e+05	8.276817e+00	8.306102e+06	
3.700000e+00	1.073056e+10	3.341971e+09	8.750825e+00	9.738937e+01	9.041256e+01	1.033189e+01	3.312981e-01	0.000000e+00	0.000000e+00	0.000000e+00	8.963937e-05	7.891224e-10	7.821389e-04	9.618806e+05	8.467724e+00	8.392788e+06	
3.750000e+00	1.078681e+10	3.633335e+09	8.754308e+00	9.738937e+01	9.044854e+01	1.033189e+01	3.343605e-01	0.000000e+00	0.000000e+00	0.000000e+00	9.410008e-05	8.024062e-10	7.859973e-04	1.015040e+06	8.655407e+00	8.478407e+06	
3.800000e+00	1.084250e+10	3.923533e+09	8.757495e+00	9.738937e+01	9.048147e+01	1.033189e+01	3.371822e-01	0.000000e+00	0.000000e+00	0.000000e+00	9.844065e-05	8.153494e-10	7.897657e-04	1.067342e+06	8.840422e+00	8.563031e+06	
3.850000e+00	1.089766e+10	4.212698e+09	8.760433e+00	9.738937e+01	9.051183e+01	1.033189e+01	3.397983e-01	0.000000e+00	0.000000e+00	0.000000e+00	1.026561e-04	8.279863e-10	7.934485e-04	1.118711e+06	9.023113e+00	8.646732e+06	
3.900000e+00	1.095235e+10	4.500884e+09	8.763163e+00	9.738937e+01	9.054003e+01	1.033189e+01	3.422365e-01	0.000000e+00	0.000000e+00	0.000000e+00	1.067458e-04	8.403410e-10	7.970501e-04	1.169117e+06	9.203712e+00	8.729575e+06	
3.950000e+00	1.100662e+10	4.788177e+09	8.765713e+00	9.738937e+01	9.056638e+01	1.033189e+01	3.445195e-01	0.000000e+00	0.000000e+00	0.000000e+00	1.107108e-04	8.524324e-10	8.005748e-04	1.218551e+06	9.382397e+00	8.811620e+06	
4.000000e+00	1.106048e+10	5.074590e+09	8.768110e+00	9.738937e+01	9.059114e+01	1.033189e+01	3.466655e-01	0.000000e+00	0.000000e+00	0.000000e+00	1.145539e-04	8.642764e-10	8.040264e-04	1.267020e+06	9.559311e+00	8.892917e+06	
4.050000e+00	1.111397e+10	5.360195e+09	8.770371e+00	9.738937e+01	9.061450e+01	1.033189e+01	3.486899e-01	0.000000e+00	0.000000e+00	0.000000e+00	1.182778e-04	8.758871e-10	8.074086e-04	1.314535e+06	9.734579e+00	8.973511e+06	
4.100000e+00	1.116710e+10	5.645019e+09	8.772514e+00	9.738937e+01	9.063665e+01	1.033189e+01	3.506057e-01	0.000000e+00	0.000000e+00	0.000000e+00	1.218858e-04	8.872770e-10	8.107244e-04	1.361111e+06	9.908308e+00	9.053438e+06	
4.150000e+00	1.121989e+10	5.610229e+09	8.774552e+00	9.738937e+01	9.065770e+01	1.033189e+01	3.298412e-01	0.000000e+00	0.000000e+00	0.000000e+00	1.253814e-04	8.984577e-10	8.139768e-04	1.406766e+06	1.008060e+01	9.132732e+06	
4.200000e+00	1.126246e+10	5.580327e+09	8.768782e+00	9.738937e+01	9.059808e+01	1.033189e+01	3.180601e-01	0.000000e+00	0.000000e+00	0.000000e+00	1.287508e-04	9.042284e-10	8.169189e-04	1.450050e+06	1.018384e+01	9.200516e+06	
4.250000e+00	1.130303e+10	5.553943e+09	8.761690e+00	9.738937e+01	9.052481e+01	1.033189e+01	3.099900e-01	0.000000e+00	0.000000e+00	0.000000e+00	1.319993e-04	9.061705e-10	8.195584e-04	1.491992e+06	1.024248e+01	9.263496e+06	
4.300000e+00	1.134398e+10	5.530242e+09	8.755114e+00	9.738937e+01	9.045686e+01	1.033189e+01	3.039499e-01	0.000000e+00	0.000000e+00	0.000000e+00	1.329759e-04	9.046687e-10	8.216354e-04	1.508475e+06	1.026254e+01	9.320615e+06	
4.350000e+00	1.138590e+10	5.508682e+09	8.749512e+00	9.738937e+01	9.039899e+01	1.033189e+01	2.991866e-01	0.000000e+00	0.000000e+00	0.000000e+00	1.326677e-04	9.010579e-10	8.234112e-04	1.510542e+06	1.025936e+01	9.375282e+06	
4.400000e+00	1.142883e+10	5.488874e+09	8.744889e+00	9.738937e+01	9.035123e+01	1.033189e+01	2.952972e-01	0.000000e+00	0.000000e+00	0.000000e+00	1.316443e-04	8.963676e-10	8.250403e-04	1.504541e+06	1.024444e+01	9.429250e+06	
4.450000e+00	1.147261e+10	5.470528e+09	8.741112e+00	9.738937e+01	9.031220e+01	1.033189e+01	2.920415e-01	0.000000e+00	0.000000e+00	0.000000e+00	1.302343e-04	8.912454e-10	8.266085e-04	1.494128e+06	1.022492e+01	9.483360e+06	
4.500000e+00	1.151706e+10	5.453429e+09	8.738025e+00	9.738937e+01	9.028031e+01	1.033189e+01	2.892643e-01	0.000000e+00	0.000000e+00	0.000000e+00	1.286275e-04	8.860657e-10	8.281604e-04	1.481411e+06	1.020487e+01	9.537970e+06	
4.550000e+00	1.156199e+10	5.437413e+09	8.735488e+00	9.738937e+01	9.025410e+01	1.033189e+01	2.868602e-01	0.000000e+00	0.000000e+00	0.000000e+00	1.269332e-04	8.810276e-10	8.297174e-04	1.467600e+06	1.018643e+01	9.593182e+06	
4.600000e+00	1.160727e+10	5.422328e+09	8.733387e+00	9.738937e+01	9.023239e+01	1.033189e+01	2.847539e-01	0.000000e+00	0.000000e+00	0.000000e+00	1.252141e-04	8.762158e-10	8.312876e-04	1.453394e+06	1.017047e+01	9.648980e+06	
4.650000e+00	1.165279e+10	5.408093e+09	8.731632e+00	9.738937e+01	9.021426e+01	1.033189e+01	2.828901e-01	0.000000e+00	0.000000e+00	0.000000e+00	1.235058e-04	8.715880e-10	8.328720e-04	1.439187e+06	1.015644e+01	9.705285e+06	
4.700000e+00	1.169847e+10	5.394588e+09	8.730154e+00	9.738937e+01	9.019898e+01	1.033189e+01	2.812270e-01	0.000000e+00	0.000000e+00	0.000000e+00	1.218283e-04	8.671225e-10	8.344688e-04	1.425205e+06	1.014401e+01	9.762011e+06	
4.750000e+00	1.174424e+10	5.381742e+09	8.728898e+00	9.738937e+01	9.018601e+01	1.033189e+01	2.797322e-01	0.000000e+00	0.000000e+00	0.000000e+00	1.201926e-04	8.628059e-10	8.360752e-04	1.411571e+06	1.013300e+01	9.819070e+06	
4.800000e+00	1.179005e+10	5.369499e+09	8.727825e+00	9.738937e+01	9.017492e+01	1.033189e+01	2.783804e-01	0.000000e+00	0.000000e+00	0.000000e+00	1.186040e-04	8.586277e-10	8.376881e-04	1.398347e+06	1.012327e+01	9.876387e+06	
4.850000e+00	1.183587e+10	5.357809e+09	8.726902e+00	9.738937e+01	9.016538e+01	1.033189e+01	2.771510e-01	0.000000e+00	0.000000e+00	0.000000e+00	1.170652e-04	8.545784e-10	8.393046e-04	1.385568e+06	1.011468e+01	9.933898e+06	
4.900000e+00	1.188165e+10	5.346607e+09	8.726103e+00	9.738937e+01	9.015713e+01	1.033189e+01	2.760276e-01	0.000000e+00	0.000000e+00	0.000000e+00	1.155768e-04	8.506488e-10	8.409222e-04	1.373244e+06	1.010712e+01	9.991547e+06	
4.950000e+00	1.192739e+10	5.335859e+09	8.725410e+00	9.738937e+01	9.014997e+01	1.033189e+01	2.749964e-01	0.000000e+00	0.000000e+00	0.000000e+00	1.141387e-04	8.468302e-10	8.425387e-04	1.361377e+06	1.010048e+01	1.004929e+07	
5.000000e+00	1.197307e+10	5.325522e+09	8.724806e+00	9.738937e+01	9.014374e+01	1.033189e+01	2.740462e-01	0.000000e+00	0.000000e+00	0.000000e+00	1.127498e-04	8.431138e-10	8.441523e-04	1.349960e+06	1.009466e+01	1.010709e+07	
5.050000e+00	1.201866e+10	5.315591e+09	8.724279e+00	9.738937e+01	9.013829e+01	1.033189e+01	2.731676e-01	0.000000e+00	0.000000e+00	0.000000e+00	1.114090e-04	8.394914e-10	8.457615e-04	1.338987e+06	1.008956e+01	1.016492e+07	
5.100000e+00	1.206416e+10	5.306008e+09	8.723818e+00	9.738937e+01	9.013353e+01	1.033189e+01	2.723525e-01	0.000000e+00	0.000000e+00	0.000000e+00	1.101151e-04	8.359554e-10	8.473652e-04	1.328446e+06	1.008510e+01	1.022275e+07	
5.150000e+00	1.210956e+10	5.613879e+09	8.723415e+00	9.738937e+01	9.012936e+01	1.033189e+01	2.941825e-01	0.000000e+00	0.000000e+00	0.000000e+00	1.088665e-04	8.325826e-10	8.489627e-04	1.318325e+06	1.008221e+01	1.028056e+07	
5.200000e+00	1.216470e+10	6.266806e+09	8.730133e+00	9.738937e+01	9.019877e+01	1.033189e+01	3.222816e-01	0.000000e+00	0.000000e+00	0.000000e+00	1.076848e-04	8.343004e-10	8.507769e-04	1.309954e+06	1.014901e+01	1.034945e+07	
5.250000e+00	1.222840e+10	6.911391e+09	8.743042e+00	9.738937e+01	9.033214e+01	1.033189e+01	3.422745e-01	0.000000e+00	0.000000e+00	0.000000e+00	1.066107e-04	8.478047e-10	8.531341e-04	1.303678e+06	1.036730e+01	1.043247e+07	
5.300000e+00	1.229374e+10	7.549656e+09	8.757140e+00	9.738937e+01	9.047780e+01	1.033189e+01	3.577770e-01	0.000000e+00	0.000000e+00	0.000000e+00	1.098303e-04	8.698927e-10	8.565761e-04	1.350225e+06	1.069423e+01	1.053052e+07	
5.350000e+00	1.235811e+10	8.182831e+09	8.770574e+00	9.738937e+01	9.061660e+01	1.033189e+01	3.704300e-01	0.000000e+00	0.000000e+00	0.000000e+00	1.155230e-04	8.967660e-10	8.606114e-04	1.427647e+06	1.108234e+01	1.063553e+07	
5.400000e+00	1.242067e+10	8.513243e+09	8.782738e+00	9.738937e+01	9.074228e+01	1.033189e+01	3.757920e-01	0.000000e+00	0.000000e+00	0.000000e+00	1.225954e-04	9.264668e-10	8.649230e-04	1.522716e+06	1.150734e+01	1.074292e+07	
5.450000e+00	1.247891e+10	8.178579e+09	8.791893e+00	9.738937e+01	9.083686e+01	1.033189e+01	3.517285e-01	0.000000e+00	0.000000e+00	0.000000e+00	1.286224e-04	9.533886e-10	8.689438e-04	1.605068e+06	1.189725e+01	1.084347e+07	
5.500000e+00	1.252156e+10	7.850429e+09	8.790149e+00	9.738937e+01	9.081885e+01	1.033189e+01	3.352484e-01	0.000000e+00	0.000000e+00	0.000000e+00	1.339270e-04	9.662495e-10	8.722404e-04	1.676975e+06	1.209895e+01	1.092181e+07	
5.550000e+00	1.255792e+10	7.526775e+09	8.784135e+00	9.738937e+01	9.075671e+01	1.033189e+01	3.227851e-01	0.000000e+00	0.000000e+00	0.000000e+00	1.345938e-04	9.691812e-10	8.742053e-04	1.690218e+06	1.217090e+01	1.097820e+07	
5.600000e+00	1.259212e+10	7.206828e+09	8.776765e+00	9.738937e+01	9.068056e+01	1.033189e+01	3.128015e-01	0.000000e+00	0.000000e+00	0.000000e+00	1.324725e-04	9.663347e-10	8.753069e-04	1.668109e+06	1.216820e+01	1.102197e+07	
5.650000e+00	1.262599e+10	7.190126e+09	8.769331e+00	9.738937e+01	9.060376e+01	1.033189e+01	3.098544e-01	0.000000e+00	0.000000e+00	0.000000e+00	1.286969e-04	9.593124e-10	8.758808e-04	1.624925e+06	1.211227e+01	1.105886e+07	
5.700000e+00	1.266266e+10	7.174584e+09	8.763999e+00	9.738937e+01	9.054867e+01	1.033189e+01	3.074199e-01	0.000000e+00	0.000000e+00	0.000000e+00	1.257225e-04	9.537238e-10	8.765258e-04	1.591982e+06	1.207668e+01	1.109915e+07	
5.750000e+00	1.270121e+10	7.160066e+09	8.760101e+00	9.738937e+01	9.050840e+01	1.033189e+01	3.053676e-01	0.000000e+00	0.000000e+00	0.000000e+00	1.232714e-04	9.481507e-10	8.772705e-04	1.565696e+06	1.204266e+01	1.114240e+07	
5.800000e+00	1.274101e+10	7.146398e+09	8.757195e+00	9.738937e+01	9.047837e+01	1.033189e+01	3.036056e-01	0.000000e+00	0.000000e+00	0.000000e+00	1.211705e-04	9.420875e-10	8.781152e-04	1.543834e+06	1.200314e+01	1.118807e+07	
5.850000e+00	1.278163e+10	7.171802e+09	8.754981e+00	9.738937e+01	9.045549e+01	1.033189e+01	3.023759e-01	0.000000e+00	0.000000e+00	0.000000e+00	1.193103e-04	9.354907e-10	8.790482e-04	1.524981e+06	1.195710e+01	1.123567e+07	
5.900000e+00	1.282294e+10	7.197688e+09	8.753350e+00	9.738937e+01	9.043865e+01	1.033189e+01	3.013085e-01	0.000000e+00	0.000000e+00	0.000000e+00	1.178009e-04	9.337285e-10	8.801215e-04	1.510554e+06	1.197315e+01	1.128575e+07	
5.950000e+00	1.286468e+10	7.224023e+09	8.752126e+00	9.738937e+01	9.042600e+01	1.033189e+01	3.003722e-01	0.000000e+00	0.000000e+00	0.000000e+00	1.165244e-04	9.348838e-10	8.812934e-04	1.499049e+06	1.202698e+01	1.133756e+07	
6.000000e+00	1.290669e+10	7.250738e+09	8.751189e+00	9.738937e+01	9.041632e+01	1.033189e+01	2.995435e-01	0.000000e+00	0.000000e+00	0.000000e+00	1.154066e-04	9.377665e-10	8.825336e-04	1.489518e+06	1.210346e+01	1.139059e+07	
6.050000e+00	1.294885e+10	7.277791e+09	8.750461e+00	9.738937e+01	9.040880e+01	1.033189e+01	2.988040e-01	0.000000e+00	0.000000e+00	0.000000e+00	1.144006e-04	9.416378e-10	8.838202e-04	1.481356e+06	1.219313e+01	1.144446e+07	
6.100000e+00	1.299109e+10	6.948767e+09	8.749887e+00	9.738937e+01	9.040287e+01	1.033189e+01	2.752455e-01	0.000000e+00	0.000000e+00	0.000000e+00	1.134760e-04	9.460432e-10	8.851373e-04	1.474177e+06	1.229013e+01	1.149890e+07	
6.150000e+00	1.302334e+10	6.937968e+09	8.742707e+00	9.738937e+01	9.032868e+01	1.033189e+01	2.743765e-01	0.000000e+00	0.000000e+00	0.000000e+00	1.124170e-04	9.413991e-10	8.862064e-04	1.464045e+06	1.226016e+01	1.154137e+07	
6.200000e+00	1.305918e+10	6.927647e+09	8.738069e+00	9.738937e+01	9.028076e+01	1.033189e+01	2.735709e-01	0.000000e+00	0.000000e+00	0.000000e+00	1.112956e-04	9.355297e-10	8.871592e-04	1.453430e+06	1.221725e+01	1.158557e+07	
6.250000e+00	1.309723e+10	6.917708e+09	8.735030e+00	9.738937e+01	9.024937e+01	1.033189e+01	2.728225e-01	0.000000e+00	0.000000e+00	0.000000e+00	1.101553e-04	9.290399e-10	8.880967e-04	1.442729e+06	1.216785e+01	1.163161e+07	
6.300000e+00	1.313664e+10	6.908121e+09	8.733002e+00	9.738937e+01	9.022842e+01	1.033189e+01	2.721258e-01	0.000000e+00	0.000000e+00	0.000000e+00	1.090209e-04	9.222761e-10	8.890608e-04	1.432168e+06	1.211560e+01	1.167927e+07	
6.350000e+00	1.317686e+10	6.898816e+09	8.731620e+00	9.738937e+01	9.021413e+01	1.033189e+01	2.714755e-01	0.000000e+00	0.000000e+00	0.000000e+00	1.079067e-04	9.154325e-10	8.900640e-04	1.421870e+06	1.206252e+01	1.172825e+07	
6.400000e+00	1.321756e+10	6.889821e+09	8.730653e+00	9.738937e+01	9.020414e+01	1.033189e+01	2.708670e-01	0.000000e+00	0.000000e+00	0.000000e+00	1.068202e-04	9.087426e-10	8.911059e-04	1.411902e+06	1.201136e+01	1.177825e+07	
6.450000e+00	1.325853e+10	6.881068e+09	8.729957e+00	9.738937e+01	9.019696e+01	1.033189e+01	2.702963e-01	0.000000e+00	0.000000e+00	0.000000e+00	1.057655e-04	9.024185e-10	8.921814e-04	1.402295e+06	1.196474e+01	1.182901e+07	
6.500000e+00	1.329964e+10	6.872576e+09	8.729443e+00	9.738937e+01	9.019164e+01	1.033189e+01	2.697598e-01	0.000000e+00	0.000000e+00	0.000000e+00	1.047444e-04	8.965576e-10	8.932833e-04	1.393062e+06	1.192389e+01	1.188034e+07	
6.550000e+00	1.334079e+10	6.864277e+09	8.729050e+00	9.738937e+01	9.018758e+01	1.033189e+01	2.692540e-01	0.000000e+00	0.000000e+00	0.000000e+00	1.037574e-04	8.911911e-10	8.944050e-04	1.384206e+06	1.188920e+01	1.193207e+07	
6.600000e+00	1.338195e+10	6.856228e+09	8.728743e+00	9.738937e+01	9.018440e+01	1.033189e+01	2.687765e-01	0.000000e+00	0.000000e+00	0.000000e+00	1.028042e-04	8.863138e-10	8.955406e-04	1.375721e+06	1.186061e+01	1.198408e+07	
6.650000e+00	1.342306e+10	6.848388e+09	8.728496e+00	9.738937e+01	9.018186e+01	1.033189e+01	2.683247e-01	0.000000e+00	0.000000e+00	0.000000e+00	1.018844e-04	8.819011e-10	8.966857e-04	1.367601e+06	1.183781e+01	1.203627e+07	
6.700000e+00	1.346412e+10	6.840723e+09	8.728294e+00	9.738937e+01	9.017977e+01	1.033189e+01	2.678963e-01	0.000000e+00	0.000000e+00	0.000000e+00	1.009972e-04	8.779196e-10	8.978364e-04	1.359838e+06	1.182041e+01	1.208858e+07	
6.750000e+00	1.350510e+10	6.833261e+09	8.728127e+00	9.738937e+01	9.017805e+01	1.033189e+01	2.674894e-01	0.000000e+00	0.000000e+00	0.000000e+00	1.001415e-04	8.743325e-10	8.989901e-04	1.352420e+06	1.180795e+01	1.214095e+07	
6.800000e+00	1.354599e+10	6.825972e+09	8.727987e+00	9.738937e+01	9.017660e+01	1.033189e+01	2.671024e-01	0.000000e+00	0.000000e+00	0.000000e+00	9.931640e-05	8.711038e-10	9.001446e-04	1.345339e+06	1.179996e+01	1.219335e+07	
6.850000e+00	1.358679e+10	6.557357e+09	8.727869e+00	9.738937e+01	9.017538e+01	1.033189e+01	2.662651e-01	0.000000e+00	0.000000e+00	0.000000e+00	9.852093e-05	8.681993e-10	9.012984e-04	1.338584e+06	1.179604e+01	1.224576e+07	
6.900000e+00	1.362730e+10	6.027046e+09	8.727639e+00	9.738937e+01	9.017300e+01	1.033189e+01	2.649755e-01	0.000000e+00	0.000000e+00	0.000000e+00	9.758127e-05	8.654130e-10	9.024168e-04	1.329769e+06	1.179324e+01	1.229750e+07	
6.950000e+00	1.366736e+10	5.758702e+09	8.727209e+00	9.738937e+01	9.016856e+01	1.033189e+01	2.641835e-01	0.000000e+00	0.000000e+00	0.000000e+00	9.638409e-05	8.625965e-10	9.034739e-04	1.317316e+06	1.178942e+01	1.234811e+07	
7.000000e+00	1.370732e+10	5.227698e+09	8.726791e+00	9.738937e+01	9.016424e+01	1.033189e+01	2.629261e-01	0.000000e+00	0.000000e+00	0.000000e+00	9.521088e-05	8.600095e-10	9.045200e-04	1.305086e+06	1.178843e+01	1.239855e+07	
7.050000e+00	1.374697e+10	5.276623e+09	8.726250e+00	9.738937e+01	9.015865e+01	1.033189e+01	2.847628e-01	0.000000e+00	0.000000e+00	0.000000e+00	9.388288e-05	8.574392e-10	9.055222e-04	1.290605e+06	1.178719e+01	1.244818e+07	
7.100000e+00	1.379643e+10	5.056569e+09	8.732007e+00	9.738937e+01	9.021813e+01	1.033189e+01	2.970813e-01	0.000000e+00	0.000000e+00	0.000000e+00	9.266906e-05	8.594057e-10	9.067101e-04	1.278503e+06	1.185673e+01	1.250937e+07	
7.150000e+00	1.384810e+10	4.832092e+09	8.739192e+00	9.738937e+01	9.029237e+01	1.033189e+01	3.056069e-01	0.000000e+00	0.000000e+00	0.000000e+00	9.135845e-05	8.647435e-10	9.080787e-04	1.265141e+06	1.197506e+01	1.257517e+07	
7.200000e+00	1.389953e+10	5.211767e+09	8.746259e+00	9.738937e+01	9.036538e+01	1.033189e+01	3.132788e-01	0.000000e+00	0.000000e+00	0.000000e+00	9.174506e-05	8.732842e-10	9.098720e-04	1.275213e+06	1.213824e+01	1.264679e+07	
7.250000e+00	1.395042e+10	5.549349e+09	8.753019e+00	9.738937e+01	9.043522e+01	1.033189e+01	3.194786e-01	0.000000e+00	0.000000e+00	0.000000e+00	9.372965e-05	8.865098e-10	9.120491e-04	1.307568e+06	1.236718e+01	1.272347e+07	
7.300000e+00	1.400029e+10	5.884513e+09	8.759179e+00	9.738937e+01	9.049887e+01	1.033189e+01	3.247422e-01	0.000000e+00	0.000000e+00	0.000000e+00	9.663216e-05	9.014467e-10	9.144156e-04	1.352879e+06	1.262052e+01	1.280209e+07	
7.350000e+00	1.404908e+10	6.597720e+09	8.764698e+00	9.738937e+01	9.055589e+01	1.033189e+01	3.305327e-01	0.000000e+00	0.000000e+00	0.000000e+00	1.000854e-04	9.172069e-10	9.168717e-04	1.406109e+06	1.288592e+01	1.288121e+07	
7.400000e+00	1.409737e+10	7.269480e+09	8.769945e+00	9.738937e+01	9.061010e+01	1.033189e+01	3.356386e-01	0.000000e+00	0.000000e+00	0.000000e+00	1.045666e-04	9.362898e-10	9.195266e-04	1.474114e+06	1.319923e+01	1.296291e+07	
7.450000e+00	1.414502e+10	7.938935e+09	8.774831e+00	9.738937e+01	9.066058e+01	1.033189e+01	3.402976e-01	0.000000e+00	0.000000e+00	0.000000e+00	1.095789e-04	9.559789e-10	9.222533e-04	1.549996e+06	1.352234e+01	1.304529e+07	
7.500000e+00	1.419202e+10	8.986753e+09	8.779361e+00	9.738937e+01	9.070739e+01	1.033189e+01	3.458350e-01	0.000000e+00	0.000000e+00	0.000000e+00	1.148751e-04	9.757150e-10	9.249993e-04	1.630310e+06	1.384736e+01	1.312761e+07	
7.550000e+00	1.423896e+10	9.653301e+09	8.783898e+00	9.738937e+01	9.075426e+01	1.033189e+01	3.498212e-01	0.000000e+00	0.000000e+00	0.000000e+00	1.210252e-04	9.984110e-10	9.279080e-04	1.723273e+06	1.421633e+01	1.321244e+07	
7.600000e+00	1.428516e+10	1.031866e+10	8.788021e+00	9.738937e+01	9.079686e+01	1.033189e+01	3.535510e-01	0.000000e+00	0.000000e+00	0.000000e+00	1.269521e-04	1.019686e-09	9.307322e-04	1.813531e+06	1.456637e+01	1.329566e+07	
7.650000e+00	1.433073e+10	1.060186e+10	8.791805e+00	9.738937e+01	9.083596e+01	1.033189e+01	3.558147e-01	0.000000e+00	0.000000e+00	0.000000e+00	1.326734e-04	1.039840e-09	9.334747e-04	1.901307e+06	1.490168e+01	1.337738e+07	
7.700000e+00	1.437523e+10	1.088425e+10	8.794972e+00	9.738937e+01	9.086868e+01	1.033189e+01	3.579201e-01	0.000000e+00	0.000000e+00	0.000000e+00	1.374783e-04	1.055919e-09	9.359651e-04	1.976282e+06	1.517908e+01	1.345471e+07	
7.750000e+00	1.441891e+10	1.151634e+10	8.797692e+00	9.738937e+01	9.089678e+01	1.033189e+01	3.613997e-01	0.000000e+00	0.000000e+00	0.000000e+00	1.416437e-04	1.069313e-09	9.382644e-04	2.042348e+06	1.541832e+01	1.352875e+07	
7.800000e+00	1.446263e+10	1.249835e+10	8.800485e+00	9.738937e+01	9.092564e+01	1.033189e+01	3.662673e-01	0.000000e+00	0.000000e+00	0.000000e+00	1.462612e-04	1.084905e-09	9.406186e-04	2.115322e+06	1.569057e+01	1.360382e+07	
7.850000e+00	1.450696e+10	1.312811e+10	8.803698e+00	9.738937e+01	9.095883e+01	1.033189e+01	3.694037e-01	0.000000e+00	0.000000e+00	0.000000e+00	1.520562e-04	1.105990e-09	9.432033e-04	2.205873e+06	1.604454e+01	1.368301e+07	
7.900000e+00	1.455090e+10	1.375695e+10	8.806726e+00	9.738937e+01	9.099012e+01	1.033189e+01	3.724012e-01	0.000000e+00	0.000000e+00	0.000000e+00	1.576472e-04	1.126355e-09	9.457293e-04	2.293910e+06	1.638948e+01	1.376122e+07	
7.950000e+00	1.459451e+10	1.438485e+10	8.809595e+00	9.738937e+01	9.101977e+01	1.033189e+01	3.752714e-01	0.000000e+00	0.000000e+00	0.000000e+00	1.630487e-04	1.146104e-09	9.481979e-04	2.379616e+06	1.672683e+01	1.383849e+07	
8.000000e+00	1.463781e+10	1.478999e+10	8.812326e+00	9.738937e+01	9.104798e+01	1.033189e+01	3.749528e-01	0.000000e+00	0.000000e+00	0.000000e+00	1.682712e-04	1.165307e-09	9.506106e-04	2.463123e+06	1.705754e+01	1.391486e+07	
8.050000e+00	1.467948e+10	1.512979e+10	8.814122e+00	9.738937e+01	9.106653e+01	1.033189e+01	3.754744e-01	0.000000e+00	0.000000e+00	0.000000e+00	1.720164e-04	1.181979e-09	9.527312e-04	2.525110e+06	1.735083e+01	1.398560e+07	
8.100000e+00	1.472039e+10	1.546926e+10	8.815517e+00	9.738937e+01	9.108095e+01	1.033189e+01	3.760190e-01	0.000000e+00	0.000000e+00	0.000000e+00	1.749498e-04	1.195487e-09	9.546448e-04	2.575328e+06	1.759803e+01	1.405274e+07	
8.150000e+00	1.476077e+10	1.580841e+10	8.816653e+00	9.738937e+01	9.109268e+01	1.033189e+01	3.765804e-01	0.000000e+00	0.000000e+00	0.000000e+00	1.773241e-04	1.206678e-09	9.564045e-04	2.617441e+06	1.781151e+01	1.411727e+07	
8.200000e+00	1.480078e+10	1.650088e+10	8.817618e+00	9.738937e+01	9.110266e+01	1.033189e+01	3.788410e-01	0.000000e+00	0.000000e+00	0.000000e+00	1.793093e-04	1.216134e-09	9.580489e-04	2.653918e+06	1.799974e+01	1.417987e+07	
8.250000e+00	1.484126e+10	1.683913e+10	8.818916e+00	9.738937e+01	9.111607e+01	1.033189e+01	3.794139e-01	0.000000e+00	0.000000e+00	0.000000e+00	1.819991e-04	1.229143e-09	9.598249e-04	2.701096e+06	1.824203e+01	1.424501e+07	
8.300000e+00	1.488128e+10	1.717695e+10	8.819994e+00	9.738937e+01	9.112721e+01	1.033189e+01	3.799944e-01	0.000000e+00	0.000000e+00	0.000000e+00	1.841735e-04	1.239586e-09	9.614742e-04	2.740738e+06	1.844662e+01	1.430797e+07	
8.350000e+00	1.492097e+10	1.687052e+10	8.820927e+00	9.738937e+01	9.113684e+01	1.033189e+01	3.762789e-01	0.000000e+00	0.000000e+00	0.000000e+00	1.859882e-04	1.248268e-09	9.630282e-04	2.775124e+06	1.862537e+01	1.436931e+07	
8.400000e+00	1.495850e+10	1.685458e+10	8.820645e+00	9.738937e+01	9.113393e+01	1.033189e+01	3.752558e-01	0.000000e+00	0.000000e+00	0.000000e+00	1.854010e-04	1.247087e-09	9.640586e-04	2.773322e+06	1.865455e+01	1.442087e+07	
8.450000e+00	1.499574e+10	1.683896e+10	8.820246e+00	9.738937e+01	9.112981e+01	1.033189e+01	3.742879e-01	0.000000e+00	0.000000e+00	0.000000e+00	1.843803e-04	1.243243e-09	9.649432e-04	2.764919e+06	1.864336e+01	1.447004e+07	
8.500000e+00	1.503278e+10	1.682362e+10	8.819783e+00	9.738937e+01	9.112503e+01	1.033189e+01	3.733706e-01	0.000000e+00	0.000000e+00	0.000000e+00	1.830845e-04	1.237817e-09	9.657290e-04	2.752268e+06	1.860782e+01	1.451759e+07	
8.550000e+00	1.506966e+10	1.680854e+10	8.819290e+00	9.738937e+01	9.111993e+01	1.033189e+01	3.724996e-01	0.000000e+00	0.000000e+00	0.000000e+00	1.816206e-04	1.231494e-09	9.664485e-04	2.736960e+06	1.855819e+01	1.456405e+07	
8.600000e+00	1.510642e+10	1.679375e+10	8.818788e+00	9.738937e+01	9.111474e+01	1.033189e+01	3.716713e-01	0.000000e+00	0.000000e+00	0.000000e+00	1.800602e-04	1.224726e-09	9.671242e-04	2.720066e+06	1.850123e+01	1.460979e+07	
8.650000e+00	1.514310e+10	1.677920e+10	8.818290e+00	9.738937e+01	9.110960e+01	1.033189e+01	3.708821e-01	0.000000e+00	0.000000e+00	0.000000e+00	1.784518e-04	1.217806e-09	9.677720e-04	2.702313e+06	1.844135e+01	1.465507e+07	
8.700000e+00	1.517970e+10	1.676491e+10	8.817805e+00	9.738937e+01	9.110458e+01	1.033189e+01	3.701294e-01	0.000000e+00	0.000000e+00	0.000000e+00	1.768274e-04	1.210915e-09	9.684025e-04	2.684187e+06	1.838133e+01	1.470006e+07	
8.750000e+00	1.521624e+10	1.645879e+10	8.817337e+00	9.738937e+01	9.109975e+01	1.033189e+01	3.665837e-01	0.000000e+00	0.000000e+00	0.000000e+00	1.752089e-04	1.204164e-09	9.690232e-04	2.666020e+06	1.832285e+01	1.474489e+07	
8.800000e+00	1.525147e+10	1.615016e+10	8.816169e+00	9.738937e+01	9.108769e+01	1.033189e+01	3.625485e-01	0.000000e+00	0.000000e+00	0.000000e+00	1.724114e-04	1.193274e-09	9.693992e-04	2.629526e+06	1.819918e+01	1.478476e+07	
8.850000e+00	1.528556e+10	1.613519e+10	8.814403e+00	9.738937e+01	9.106944e+01	1.033189e+01	3.616626e-01	0.000000e+00	0.000000e+00	0.000000e+00	1.687382e-04	1.178974e-09	9.695741e-04	2.579258e+06	1.802127e+01	1.482048e+07	
8.900000e+00	1.532022e+10	1.590292e+10	8.813030e+00	9.738937e+01	9.105525e+01	1.033189e+01	3.489682e-01	0.000000e+00	0.000000e+00	0.000000e+00	1.657160e-04	1.167033e-09	9.698468e-04	2.538807e+06	1.787920e+01	1.485827e+07	
8.950000e+00	1.535005e+10	1.607389e+10	8.808936e+00	9.738937e+01	9.101296e+01	1.033189e+01	3.416755e-01	0.000000e+00	0.000000e+00	0.000000e+00	1.611435e-04	1.151644e-09	9.697892e-04	2.473560e+06	1.767780e+01	1.488631e+07	
9.000000e+00	1.537892e+10	1.676307e+10	8.804362e+00	9.738937e+01	9.096569e+01	1.033189e+01	3.487049e-01	0.000000e+00	0.000000e+00	0.000000e+00	1.564911e-04	1.136626e-09	9.696965e-04	2.406664e+06	1.748007e+01	1.491288e+07	
9.050000e+00	1.541339e+10	1.785422e+10	8.803062e+00	9.738937e+01	9.095226e+01	1.033189e+01	3.548463e-01	0.000000e+00	0.000000e+00	0.000000e+00	1.543736e-04	1.129967e-09	9.700761e-04	2.379421e+06	1.741662e+01	1.495216e+07	
9.100000e+00	1.545128e+10	1.813647e+10	8.803765e+00	9.738937e+01	9.095953e+01	1.033189e+01	3.587919e-01	0.000000e+00	0.000000e+00	0.000000e+00	1.541431e-04	1.128956e-09	9.708990e-04	2.381708e+06	1.744382e+01	1.500163e+07	
9.150000e+00	1.549052e+10	1.845567e+10	8.805282e+00	9.738937e+01	9.097520e+01	1.033189e+01	3.621722e-01	0.000000e+00	0.000000e+00	0.000000e+00	1.548271e-04	1.130611e-09	9.719406e-04	2.398352e+06	1.751374e+01	1.505586e+07	
9.200000e+00	1.553041e+10	1.800165e+10	8.807213e+00	9.738937e+01	9.099515e+01	1.033189e+01	3.638696e-01	0.000000e+00	0.000000e+00	0.000000e+00	1.561289e-04	1.134462e-09	9.731539e-04	2.424746e+06	1.761866e+01	1.511348e+07	
9.250000e+00	1.557000e+10	1.754760e+10	8.809007e+00	9.738937e+01	9.101368e+01	1.033189e+01	3.652356e-01	0.000000e+00	0.000000e+00	0.000000e+00	1.574769e-04	1.138976e-09	9.743751e-04	2.451914e+06	1.773385e+01	1.517102e+07	
9.300000e+00	1.560920e+10	1.759282e+10	8.810625e+00	9.738937e+01	9.103040e+01	1.033189e+01	3.541146e-01	0.000000e+00	0.000000e+00	0.000000e+00	1.588321e-04	1.143997e-09	9.755895e-04	2.479242e+06	1.785687e+01	1.522817e+07	
9.350000e+00	1.564262e+10	1.764129e+10	8.809024e+00	9.738937e+01	9.101386e+01	1.033189e+01	3.466115e-01	0.000000e+00	0.000000e+00	0.000000e+00	1.605663e-04	1.145878e-09	9.768145e-04	2.511677e+06	1.792453e+01	1.527993e+07	
9.400000e+00	1.567361e+10	1.816321e+10	8.806115e+00	9.738937e+01	9.098380e+01	1.033189e+01	3.431581e-01	0.000000e+00	0.000000e+00	0.000000e+00	1.609649e-04	1.144794e-09	9.777162e-04	2.522900e+06	1.794304e+01	1.532434e+07	
9.450000e+00	1.570467e+10	1.857510e+10	8.803309e+00	9.738937e+01	9.095481e+01	1.033189e+01	3.393454e-01	0.000000e+00	0.000000e+00	0.000000e+00	1.616541e-04	1.153666e-09	9.787226e-04	2.538725e+06	1.811795e+01	1.537052e+07	
9.500000e+00	1.573560e+10	1.895042e+10	8.800485e+00	9.738937e+01	9.092564e+01	1.033189e+01	3.362776e-01	0.000000e+00	0.000000e+00	0.000000e+00	1.615420e-04	1.157094e-09	9.795151e-04	2.541961e+06	1.820757e+01	1.541326e+07	
9.550000e+00	1.576674e+10	1.892383e+10	8.797834e+00	9.738937e+01	9.089824e+01	1.033189e+01	3.330907e-01	0.000000e+00	0.000000e+00	0.000000e+00	1.608719e-04	1.156302e-09	9.801511e-04	2.536425e+06	1.823111e+01	1.545378e+07	
9.600000e+00	1.579792e+10	1.925376e+10	8.795270e+00	9.738937e+01	9.087176e+01	1.033189e+01	3.457197e-01	0.000000e+00	0.000000e+00	0.000000e+00	1.596137e-04	1.151789e-09	9.806178e-04	2.521566e+06	1.819588e+01	1.549173e+07	
9.650000e+00	1.583608e+10	1.922475e+10	8.796631e+00	9.738937e+01	9.088582e+01	1.033189e+01	3.389822e-01	0.000000e+00	0.000000e+00	0.000000e+00	1.580435e-04	1.153243e-09	9.812071e-04	2.502790e+06	1.826284e+01	1.553847e+07	
9.700000e+00	1.587052e+10	1.919780e+10	8.795974e+00	9.738937e+01	9.087903e+01	1.033189e+01	3.344515e-01	0.000000e+00	0.000000e+00	0.000000e+00	1.579546e-04	1.149917e-09	9.819914e-04	2.506822e+06	1.824977e+01	1.558471e+07	
9.750000e+00	1.590333e+10	1.948608e+10	8.794462e+00	9.738937e+01	9.086341e+01	1.033189e+01	3.445878e-01	0.000000e+00	0.000000e+00	0.000000e+00	1.571170e-04	1.143192e-09	9.825817e-04	2.498684e+06	1.818056e+01	1.562632e+07	
9.800000e+00	1.594143e+10	1.980448e+10	8.795918e+00	9.738937e+01	9.087845e+01	1.033189e+01	3.466511e-01	0.000000e+00	0.000000e+00	0.000000e+00	1.557958e-04	1.140202e-09	9.831352e-04	2.483608e+06	1.817645e+01	1.567258e+07	
9.850000e+00	1.597963e+10	2.008855e+10	8.797471e+00	9.738937e+01	9.089449e+01	1.033189e+01	3.541827e-01	0.000000e+00	0.000000e+00	0.000000e+00	1.574256e-04	1.144913e-09	9.843154e-04	2.515604e+06	1.829529e+01	1.572900e+07	
9.900000e+00	1.602030e+10	1.974119e+10	8.800410e+00	9.738937e+01	9.092487e+01	1.033189e+01	3.270919e-01	0.000000e+00	0.000000e+00	0.000000e+00	1.577752e-04	1.151231e-09	9.853189e-04	2.527606e+06	1.844307e+01	1.578510e+07	
9.950000e+00	1.604743e+10	2.117748e+10	8.795962e+00	9.738937e+01	9.087890e+01	1.033189e+01	3.551776e-01	0.000000e+00	0.000000e+00	0.000000e+00	1.572431e-04	1.151247e-09	9.860136e-04	2.523347e+06	1.847456e+01	1.582298e+07	
1.000000e+01	1.608936e+10	2.112521e+10	8.799669e+00	9.738937e+01	9.091721e+01	1.033189e+01	3.584021e-01	0.000000e+00	0.000000e+00	0.000000e+00	1.617203e-04	1.181009e-09	9.878356e-04	2.601976e+06	1.900168e+01	1.589364e+07	
1.005000e+01	1.613068e+10	2.060196e+10	8.803066e+00	9.738937e+01	9.095230e+01	1.033189e+01	3.400909e-01	0.000000e+00	0.000000e+00	0.000000e+00	1.625890e-04	1.193898e-09	9.890068e-04	2.622670e+06	1.925838e+01	1.595335e+07	
1.010000e+01	1.616207e+10	2.048015e+10	8.801086e+00	9.738937e+01	9.093184e+01	1.033189e+01	3.275440e-01	0.000000e+00	0.000000e+00	0.000000e+00	1.636443e-04	1.200441e-09	9.900478e-04	2.644830e+06	1.940160e+01	1.600122e+07	
1.015000e+01	1.618903e+10	2.111130e+10	8.796746e+00	9.738937e+01	9.088701e+01	1.033189e+01	3.457781e-01	0.000000e+00	0.000000e+00	0.000000e+00	1.650264e-04	1.201205e-09	9.909699e-04	2.671616e+06	1.944633e+01	1.604284e+07	
1.020000e+01	1.622640e+10	2.145776e+10	8.798110e+00	9.738937e+01	9.090110e+01	1.033189e+01	3.480516e-01	0.000000e+00	0.000000e+00	0.000000e+00	1.657230e-04	1.205356e-09	9.918005e-04	2.689087e+06	1.955858e+01	1.609335e+07	
1.025000e+01	1.626401e+10	2.176812e+10	8.799643e+00	9.738937e+01	9.091694e+01	1.033189e+01	3.449520e-01	0.000000e+00	0.000000e+00	0.000000e+00	1.671062e-04	1.219257e-09	9.929090e-04	2.717818e+06	1.983002e+01	1.614868e+07	
1.030000e+01	1.629943e+10	2.173926e+10	8.800020e+00	9.738937e+01	9.092083e+01	1.033189e+01	3.686226e-01	0.000000e+00	0.000000e+00	0.000000e+00	1.700768e-04	1.245612e-09	9.943643e-04	2.772154e+06	2.030277e+01	1.620757e+07	
1.035000e+01	1.634505e+10	2.143804e+10	8.805934e+00	9.738937e+01	9.098194e+01	1.033189e+01	3.886070e-01	0.000000e+00	0.000000e+00	0.000000e+00	1.742143e-04	1.274745e-09	9.961504e-04	2.847540e+06	2.083576e+01	1.628212e+07	
1.040000e+01	1.639622e+10	2.104136e+10	8.814850e+00	9.738937e+01	9.107406e+01	1.033189e+01	3.862503e-01	0.000000e+00	0.000000e+00	0.000000e+00	1.766270e-04	1.315098e-09	9.979393e-04	2.896015e+06	2.156264e+01	1.636244e+07	
1.045000e+01	1.644148e+10	2.064448e+10	8.820593e+00	9.738937e+01	9.113340e+01	1.033189e+01	3.851221e-01	0.000000e+00	0.000000e+00	0.000000e+00	1.802091e-04	1.340348e-09	9.998670e-04	2.962904e+06	2.203730e+01	1.643930e+07	
1.050000e+01	1.648310e+10	2.026867e+10	8.824402e+00	9.738937e+01	9.117275e+01	1.033189e+01	3.991870e-01	0.000000e+00	0.000000e+00	0.000000e+00	1.828530e-04	1.357156e-09	1.001541e-03	3.013985e+06	2.237013e+01	1.650850e+07	
1.055000e+01	1.652884e+10	1.928738e+10	8.830435e+00	9.738937e+01	9.123508e+01	1.033189e+01	3.577930e-01	0.000000e+00	0.000000e+00	0.000000e+00	1.846989e-04	1.375864e-09	1.003175e-03	3.052860e+06	2.274145e+01	1.658132e+07	
1.060000e+01	1.655301e+10	1.965348e+10	8.824980e+00	9.738937e+01	9.117872e+01	1.033189e+01	3.636956e-01	0.000000e+00	0.000000e+00	0.000000e+00	1.858931e-04	1.381400e-09	1.004379e-03	3.077091e+06	2.286632e+01	1.662550e+07	
1.065000e+01	1.658277e+10	1.992574e+10	8.822563e+00	9.738937e+01	9.115375e+01	1.033189e+01	3.689158e-01	0.000000e+00	0.000000e+00	0.000000e+00	1.866929e-04	1.384618e-09	1.005330e-03	3.095886e+06	2.296081e+01	1.667116e+07	
1.070000e+01	1.661617e+10	2.106704e+10	8.822120e+00	9.738937e+01	9.114917e+01	1.033189e+01	3.766146e-01	0.000000e+00	0.000000e+00	0.000000e+00	1.860164e-04	1.381315e-09	1.005937e-03	3.090879e+06	2.295216e+01	1.671482e+07	
1.075000e+01	1.665320e+10	2.061148e+10	8.823644e+00	9.738937e+01	9.116492e+01	1.033189e+01	3.570726e-01	0.000000e+00	0.000000e+00	0.000000e+00	1.879789e-04	1.394911e-09	1.007178e-03	3.130449e+06	2.322973e+01	1.677273e+07	
1.080000e+01	1.668077e+10	2.098497e+10	8.820199e+00	9.738937e+01	9.112932e+01	1.033189e+01	3.478507e-01	0.000000e+00	0.000000e+00	0.000000e+00	1.887941e-04	1.395865e-09	1.008020e-03	3.149232e+06	2.328411e+01	1.681455e+07	
1.085000e+01	1.670617e+10	2.148382e+10	8.815656e+00	9.738937e+01	9.108238e+01	1.033189e+01	3.448741e-01	0.000000e+00	0.000000e+00	0.000000e+00	1.900530e-04	1.421690e-09	1.008951e-03	3.175057e+06	2.375099e+01	1.685570e+07	
1.090000e+01	1.673275e+10	2.143245e+10	8.811790e+00	9.738937e+01	9.104244e+01	1.033189e+01	3.565513e-01	0.000000e+00	0.000000e+00	0.000000e+00	1.925462e-04	1.453369e-09	1.010163e-03	3.221827e+06	2.431886e+01	1.690280e+07	
1.095000e+01	1.676660e+10	2.171237e+10	8.811797e+00	9.738937e+01	9.104251e+01	1.033189e+01	3.648642e-01	0.000000e+00	0.000000e+00	0.000000e+00	1.918924e-04	1.459924e-09	1.010679e-03	3.217383e+06	2.447797e+01	1.694565e+07	
1.100000e+01	1.680411e+10	2.166965e+10	8.813758e+00	9.738937e+01	9.106277e+01	1.033189e+01	3.477319e-01	0.000000e+00	0.000000e+00	0.000000e+00	1.904167e-04	1.460639e-09	1.011086e-03	3.199782e+06	2.454474e+01	1.699039e+07	
1.105000e+01	1.683299e+10	2.120358e+10	8.811232e+00	9.738937e+01	9.103667e+01	1.033189e+01	3.367451e-01	0.000000e+00	0.000000e+00	0.000000e+00	1.898418e-04	1.454197e-09	1.011588e-03	3.195606e+06	2.447848e+01	1.702805e+07	
1.110000e+01	1.685842e+10	2.116823e+10	8.806947e+00	9.738937e+01	9.099240e+01	1.033189e+01	3.301963e-01	0.000000e+00	0.000000e+00	0.000000e+00	1.891432e-04	1.436149e-09	1.011879e-03	3.188656e+06	2.421120e+01	1.705869e+07	
1.115000e+01	1.688333e+10	2.151034e+10	8.802439e+00	9.738937e+01	9.094582e+01	1.033189e+01	3.592195e-01	0.000000e+00	0.000000e+00	0.000000e+00	1.876495e-04	1.413495e-09	1.011944e-03	3.168148e+06	2.386450e+01	1.708499e+07	
1.120000e+01	1.692348e+10	2.102330e+10	8.805920e+00	9.738937e+01	9.098179e+01	1.033189e+01	3.539829e-01	0.000000e+00	0.000000e+00	0.000000e+00	1.820579e-04	1.386775e-09	1.011631e-03	3.081054e+06	2.346906e+01	1.712032e+07	
1.125000e+01	1.695942e+10	2.130603e+10	8.807233e+00	9.738937e+01	9.099535e+01	1.033189e+01	3.578895e-01	0.000000e+00	0.000000e+00	0.000000e+00	1.745950e-04	1.339340e-09	1.010854e-03	2.961030e+06	2.271444e+01	1.714349e+07	
1.130000e+01	1.699636e+10	2.126759e+10	8.809092e+00	9.738937e+01	9.101457e+01	1.033189e+01	3.479362e-01	0.000000e+00	0.000000e+00	0.000000e+00	1.716496e-04	1.305341e-09	1.010927e-03	2.917419e+06	2.218605e+01	1.718208e+07	
1.135000e+01	1.702790e+10	2.191206e+10	8.808183e+00	9.738937e+01	9.100517e+01	1.033189e+01	3.799572e-01	0.000000e+00	0.000000e+00	0.000000e+00	1.685654e-04	1.279389e-09	1.010932e-03	2.870314e+06	2.178530e+01	1.721405e+07	
1.140000e+01	1.707403e+10	2.101684e+10	8.814849e+00	9.738937e+01	9.107405e+01	1.033189e+01	3.701773e-01	0.000000e+00	0.000000e+00	0.000000e+00	1.671433e-04	1.267669e-09	1.011561e-03	2.853810e+06	2.164422e+01	1.727144e+07	
1.145000e+01	1.711221e+10	2.203197e+10	8.817421e+00	9.738937e+01	9.110062e+01	1.033189e+01	3.727285e-01	0.000000e+00	0.000000e+00	0.000000e+00	1.645503e-04	1.246442e-09	1.011846e-03	2.815819e+06	2.132938e+01	1.731492e+07	
1.150000e+01	1.715010e+10	2.274263e+10	8.819869e+00	9.738937e+01	9.112591e+01	1.033189e+01	3.530741e-01	0.000000e+00	0.000000e+00	0.000000e+00	1.662506e-04	1.237908e-09	1.012960e-03	2.851215e+06	2.123024e+01	1.737237e+07	
1.155000e+01	1.717799e+10	2.348942e+10	8.817203e+00	9.738937e+01	9.109837e+01	1.033189e+01	3.695311e-01	0.000000e+00	0.000000e+00	0.000000e+00	1.688453e-04	1.231951e-09	1.014177e-03	2.900422e+06	2.116244e+01	1.742152e+07	
1.160000e+01	1.721459e+10	2.389941e+10	8.819047e+00	9.738937e+01	9.111742e+01	1.033189e+01	3.466935e-01	0.000000e+00	0.000000e+00	0.000000e+00	1.722189e-04	1.237736e-09	1.015662e-03	2.964678e+06	2.130712e+01	1.748420e+07	
1.165000e+01	1.724011e+10	2.354750e+10	8.815250e+00	9.738937e+01	9.107819e+01	1.033189e+01	3.501767e-01	0.000000e+00	0.000000e+00	0.000000e+00	1.732227e-04	1.240561e-09	1.016601e-03	2.986378e+06	2.138741e+01	1.752631e+07	
1.170000e+01	1.726925e+10	2.424942e+10	8.813347e+00	9.738937e+01	9.105853e+01	1.033189e+01	3.600878e-01	0.000000e+00	0.000000e+00	0.000000e+00	1.718941e-04	1.233904e-09	1.016935e-03	2.968483e+06	2.130860e+01	1.756170e+07	
1.175000e+01	1.730380e+10	2.335406e+10	8.814241e+00	9.738937e+01	9.106776e+01	1.033189e+01	3.641806e-01	0.000000e+00	0.000000e+00	0.000000e+00	1.707992e-04	1.238473e-09	1.017394e-03	2.955476e+06	2.143029e+01	1.760479e+07	
1.180000e+01	1.733967e+10	2.318667e+10	8.815830e+00	9.738937e+01	9.108418e+01	1.033189e+01	3.651795e-01	0.000000e+00	0.000000e+00	0.000000e+00	1.705783e-04	1.245951e-09	1.017998e-03	2.957772e+06	2.160438e+01	1.765175e+07	
1.185000e+01	1.737511e+10	2.169727e+10	8.817226e+00	9.738937e+01	9.109860e+01	1.033189e+01	3.675218e-01	0.000000e+00	0.000000e+00	0.000000e+00	1.704753e-04	1.239439e-09	1.018584e-03	2.962027e+06	2.153539e+01	1.769800e+07	
1.190000e+01	1.741081e+10	2.046691e+10	8.818783e+00	9.738937e+01	9.111469e+01	1.033189e+01	3.726041e-01	0.000000e+00	0.000000e+00	0.000000e+00	1.709924e-04	1.259160e-09	1.019448e-03	2.977116e+06	2.192300e+01	1.774941e+07	
1.195000e+01	1.744790e+10	1.980608e+10	8.821066e+00	9.738937e+01	9.113828e+01	1.033189e+01	3.506256e-01	0.000000e+00	0.000000e+00	0.000000e+00	1.736161e-04	1.301134e-09	1.020746e-03	3.029237e+06	2.270205e+01	1.780988e+07	
1.200000e+01	1.747405e+10	2.009277e+10	8.817849e+00	9.738937e+01	9.110504e+01	1.033189e+01	3.646346e-01	0.000000e+00	0.000000e+00	0.000000e+00	1.741390e-04	1.322348e-09	1.021497e-03	3.042914e+06	2.310677e+01	1.784969e+07	
1.205000e+01	1.750814e+10	2.002363e+10	8.818675e+00	9.738937e+01	9.111357e+01	1.033189e+01	3.714434e-01	0.000000e+00	0.000000e+00	0.000000e+00	1.749874e-04	1.352964e-09	1.022367e-03	3.063704e+06	2.368788e+01	1.789974e+07	
1.210000e+01	1.754477e+10	2.097590e+10	8.820809e+00	9.738937e+01	9.113562e+01	1.033189e+01	3.773712e-01	0.000000e+00	0.000000e+00	0.000000e+00	1.756110e-04	1.354910e-09	1.023179e-03	3.081056e+06	2.377158e+01	1.795145e+07	
1.215000e+01	1.758286e+10	2.134734e+10	8.823691e+00	9.738937e+01	9.116540e+01	1.033189e+01	3.575335e-01	0.000000e+00	0.000000e+00	0.000000e+00	1.784409e-04	1.365993e-09	1.024459e-03	3.137501e+06	2.401806e+01	1.801292e+07	
1.220000e+01	1.761061e+10	2.203354e+10	8.821417e+00	9.738937e+01	9.114190e+01	1.033189e+01	3.717962e-01	0.000000e+00	0.000000e+00	0.000000e+00	1.813733e-04	1.372113e-09	1.025695e-03	3.194095e+06	2.416374e+01	1.806311e+07	
1.225000e+01	1.764590e+10	2.288124e+10	8.822950e+00	9.738937e+01	9.115775e+01	1.033189e+01	3.919067e-01	0.000000e+00	0.000000e+00	0.000000e+00	1.855033e-04	1.399569e-09	1.027211e-03	3.273372e+06	2.469665e+01	1.812606e+07	
1.230000e+01	1.768922e+10	2.272473e+10	8.828516e+00	9.738937e+01	9.121525e+01	1.033189e+01	3.512104e-01	0.000000e+00	0.000000e+00	0.000000e+00	1.890490e-04	1.437189e-09	1.028982e-03	3.344129e+06	2.542276e+01	1.820189e+07	
1.235000e+01	1.771154e+10	2.300504e+10	8.823624e+00	9.738937e+01	9.116471e+01	1.033189e+01	3.646241e-01	0.000000e+00	0.000000e+00	0.000000e+00	1.905069e-04	1.458984e-09	1.030170e-03	3.374169e+06	2.584085e+01	1.824590e+07	
1.240000e+01	1.774245e+10	2.367079e+10	8.823057e+00	9.738937e+01	9.115885e+01	1.033189e+01	3.731798e-01	0.000000e+00	0.000000e+00	0.000000e+00	1.921422e-04	1.468932e-09	1.031181e-03	3.409074e+06	2.606245e+01	1.829569e+07	
1.245000e+01	1.777746e+10	2.364971e+10	8.824549e+00	9.738937e+01	9.117426e+01	1.033189e+01	3.597665e-01	0.000000e+00	0.000000e+00	0.000000e+00	1.930752e-04	1.474976e-09	1.032070e-03	3.432385e+06	2.622133e+01	1.834758e+07	
