# COLUMN NUMBERS: 
#	0: time [Gyr]
#	1: mgas [Msun]			ISM gas mass
#	2: mstar [Msun]			Stellar mass
#	3: sfr [Msun/yr]		Star formation rate
#	4: ifr [Msun/yr]		Infall rate
#	5: ofr [Msun/yr]		Outfow rate
#	6: eta_0			Mass-loading factor
#	7: r_eff			Effective recycilng rate
#	8: z_in(fe)			Inflow fe metallicity
#	9: z_in(sr)			Inflow sr metallicity
#	10: z_in(o)			Inflow o metallicity
#	11: z_out(fe)			Outflow fe metallicity
#	12: z_out(sr)			Outflow sr metallicity
#	13: z_out(o)			Outflow o metallicity
#	14: mass(fe) [Msun]		mass of element fe in ISM
#	15: mass(sr) [Msun]		mass of element sr in ISM
#	16: mass(o) [Msun]		mass of element o in ISM
0.000000e+00	1.000000e-12	2.609090e-29	6.960812e-37	9.424778e+00	1.168023e-12	2.292686e-01	2.503490e-01	0.000000e+00	0.000000e+00	0.000000e+00	0.000000e+00	1.000000e+00	3.996833e-309	0.000000e+00	0.000000e+00	0.000000e+00	
5.000000e-02	4.712389e+08	2.669039e+07	7.120751e-01	9.424778e+00	1.632565e-01	2.292686e-01	2.503490e-01	0.000000e+00	0.000000e+00	0.000000e+00	8.236238e-05	9.197133e-10	1.029530e-03	3.881236e+04	4.334047e-01	4.851545e+05	
1.000000e-01	9.076246e+08	7.645694e+07	1.349182e+00	9.424778e+00	3.093252e-01	2.292686e-01	2.622710e-01	0.000000e+00	0.000000e+00	0.000000e+00	1.208726e-04	1.349744e-09	1.510907e-03	1.097069e+05	1.225060e+00	1.371336e+06	
1.500000e-01	1.313631e+09	1.464896e+08	1.921957e+00	9.424778e+00	4.406443e-01	2.292686e-01	2.712362e-01	0.000000e+00	0.000000e+00	0.000000e+00	1.577095e-04	1.764873e-09	1.971333e-03	2.071721e+05	2.318392e+00	2.589603e+06	
2.000000e-01	1.692805e+09	2.344712e+08	2.438907e+00	9.424778e+00	5.591648e-01	2.292686e-01	2.785159e-01	0.000000e+00	0.000000e+00	0.000000e+00	1.929581e-04	2.169219e-09	2.411848e-03	3.266404e+05	3.672064e+00	4.082788e+06	
2.500000e-01	2.048104e+09	3.384443e+08	2.907085e+00	9.424778e+00	6.665034e-01	2.292686e-01	2.846917e-01	0.000000e+00	0.000000e+00	0.000000e+00	2.276705e-04	2.570908e-09	2.833622e-03	4.662927e+05	5.265486e+00	5.803552e+06	
3.000000e-01	2.382044e+09	4.567320e+08	3.332431e+00	9.424778e+00	7.640218e-01	2.292686e-01	2.900812e-01	0.000000e+00	0.000000e+00	0.000000e+00	2.621776e-04	2.977843e-09	3.237640e-03	6.245187e+05	7.093355e+00	7.712203e+06	
3.500000e-01	2.696794e+09	5.878844e+08	3.719991e+00	9.424778e+00	8.528772e-01	2.292686e-01	2.948781e-01	0.000000e+00	0.000000e+00	0.000000e+00	2.966056e-04	3.395229e-09	3.624802e-03	7.998842e+05	9.156235e+00	9.775346e+06	
4.000000e-01	2.994237e+09	7.306385e+08	4.074090e+00	9.424778e+00	9.340610e-01	2.292686e-01	2.992100e-01	0.000000e+00	0.000000e+00	0.000000e+00	3.310037e-04	3.819114e-09	3.995946e-03	9.911036e+05	1.143533e+01	1.196481e+07	
4.500000e-01	3.276019e+09	8.838881e+08	4.398452e+00	9.424778e+00	1.008427e+00	2.292686e-01	3.031656e-01	0.000000e+00	0.000000e+00	0.000000e+00	3.653878e-04	4.247748e-09	4.351853e-03	1.197017e+06	1.391570e+01	1.425675e+07	
5.000000e-01	3.543587e+09	1.046660e+09	4.696302e+00	9.424778e+00	1.076715e+00	2.292686e-01	3.068092e-01	0.000000e+00	0.000000e+00	0.000000e+00	3.997571e-04	4.699709e-09	4.693271e-03	1.416574e+06	1.665383e+01	1.663101e+07	
5.500000e-01	3.798218e+09	1.218093e+09	4.970444e+00	9.424778e+00	1.139567e+00	2.292686e-01	3.101892e-01	0.000000e+00	0.000000e+00	0.000000e+00	4.341019e-04	5.201460e-09	5.020910e-03	1.648814e+06	1.975628e+01	1.907051e+07	
6.000000e-01	4.041046e+09	1.397425e+09	5.223326e+00	9.424778e+00	1.197545e+00	2.292686e-01	3.133430e-01	0.000000e+00	0.000000e+00	0.000000e+00	4.684082e-04	5.770270e-09	5.335443e-03	1.892859e+06	2.331792e+01	2.156077e+07	
6.500000e-01	4.273076e+09	1.583975e+09	5.457091e+00	9.424778e+00	1.251140e+00	2.292686e-01	3.163000e-01	0.000000e+00	0.000000e+00	0.000000e+00	5.026591e-04	6.412750e-09	5.637503e-03	2.147900e+06	2.740217e+01	2.408948e+07	
7.000000e-01	4.495207e+09	1.777139e+09	5.673626e+00	9.424778e+00	1.300784e+00	2.292686e-01	3.190840e-01	0.000000e+00	0.000000e+00	0.000000e+00	5.368369e-04	7.128888e-09	5.927697e-03	2.413193e+06	3.204583e+01	2.664623e+07	
7.500000e-01	4.708243e+09	1.976371e+09	5.874594e+00	9.424778e+00	1.346860e+00	2.292686e-01	3.217146e-01	0.000000e+00	0.000000e+00	0.000000e+00	5.709230e-04	7.915619e-09	6.206593e-03	2.688044e+06	3.726866e+01	2.922215e+07	
8.000000e-01	4.912907e+09	2.313355e+09	6.061464e+00	9.424778e+00	1.389703e+00	2.292686e-01	3.260685e-01	0.000000e+00	0.000000e+00	0.000000e+00	6.048991e-04	8.768414e-09	6.474727e-03	2.971813e+06	4.307840e+01	3.180973e+07	
8.500000e-01	5.110410e+09	2.522816e+09	6.236230e+00	9.424778e+00	1.429772e+00	2.292686e-01	3.282453e-01	0.000000e+00	0.000000e+00	0.000000e+00	6.403213e-04	9.706397e-09	6.732505e-03	3.272304e+06	4.960367e+01	3.440586e+07	
9.000000e-01	5.300699e+09	2.737081e+09	6.399257e+00	9.424778e+00	1.467149e+00	2.292686e-01	3.303438e-01	0.000000e+00	0.000000e+00	0.000000e+00	6.753484e-04	1.069417e-08	6.980578e-03	3.579819e+06	5.668656e+01	3.700195e+07	
9.500000e-01	5.484316e+09	2.955784e+09	6.551596e+00	9.424778e+00	1.502075e+00	2.292686e-01	3.323656e-01	0.000000e+00	0.000000e+00	0.000000e+00	7.100065e-04	1.173032e-08	7.219386e-03	3.893900e+06	6.433280e+01	3.959339e+07	
1.000000e+00	5.661747e+09	3.178596e+09	6.694185e+00	9.424778e+00	1.534767e+00	2.292686e-01	3.343139e-01	0.000000e+00	0.000000e+00	0.000000e+00	7.443130e-04	1.281312e-08	7.449349e-03	4.214112e+06	7.254467e+01	4.217633e+07	
1.050000e+00	5.833436e+09	3.405215e+09	6.827862e+00	9.424778e+00	1.565415e+00	2.292686e-01	3.361920e-01	0.000000e+00	0.000000e+00	0.000000e+00	7.782796e-04	1.393790e-08	7.670867e-03	4.540045e+06	8.130587e+01	4.474752e+07	
1.100000e+00	5.999785e+09	3.635371e+09	6.953379e+00	9.424778e+00	1.594192e+00	2.292686e-01	3.380035e-01	0.000000e+00	0.000000e+00	0.000000e+00	8.119136e-04	1.509930e-08	7.884323e-03	4.871307e+06	9.059253e+01	4.730424e+07	
1.150000e+00	6.161159e+09	3.868815e+09	7.071410e+00	9.424778e+00	1.621252e+00	2.292686e-01	3.397519e-01	0.000000e+00	0.000000e+00	0.000000e+00	8.452191e-04	1.629200e-08	8.090080e-03	5.207529e+06	1.003776e+02	4.984427e+07	
1.200000e+00	6.317891e+09	4.105322e+09	7.182563e+00	9.424778e+00	1.646736e+00	2.292686e-01	3.414406e-01	0.000000e+00	0.000000e+00	0.000000e+00	8.781980e-04	1.751109e-08	8.288484e-03	5.548359e+06	1.106331e+02	5.236574e+07	
1.250000e+00	6.470286e+09	4.344686e+09	7.287388e+00	9.424778e+00	1.670769e+00	2.292686e-01	3.430728e-01	0.000000e+00	0.000000e+00	0.000000e+00	9.108506e-04	1.875195e-08	8.479864e-03	5.893464e+06	1.213305e+02	5.486714e+07	
1.300000e+00	6.618622e+09	4.586719e+09	7.386378e+00	9.424778e+00	1.693465e+00	2.292686e-01	3.446515e-01	0.000000e+00	0.000000e+00	0.000000e+00	9.431760e-04	2.001040e-08	8.664534e-03	6.242525e+06	1.324413e+02	5.734727e+07	
1.350000e+00	6.763155e+09	4.899967e+09	7.479983e+00	9.424778e+00	1.714925e+00	2.292686e-01	3.469636e-01	0.000000e+00	0.000000e+00	0.000000e+00	9.751723e-04	2.128274e-08	8.842790e-03	6.595242e+06	1.439385e+02	5.980516e+07	
1.400000e+00	6.904413e+09	5.239316e+09	7.568932e+00	9.424778e+00	1.735319e+00	2.292686e-01	3.517796e-01	0.000000e+00	0.000000e+00	0.000000e+00	1.007444e-03	2.259117e-08	9.014941e-03	6.955811e+06	1.559788e+02	6.224287e+07	
1.450000e+00	7.043569e+09	5.619478e+09	7.654627e+00	9.424778e+00	1.754966e+00	2.292686e-01	3.531104e-01	0.000000e+00	0.000000e+00	0.000000e+00	1.040347e-03	2.398746e-08	9.181426e-03	7.327756e+06	1.689573e+02	6.467000e+07	
1.500000e+00	7.179474e+09	5.869382e+09	7.735919e+00	9.424778e+00	1.773604e+00	2.292686e-01	3.539135e-01	0.000000e+00	0.000000e+00	0.000000e+00	1.073455e-03	2.538509e-08	9.342261e-03	7.706845e+06	1.822516e+02	6.707253e+07	
1.550000e+00	7.312130e+09	6.121411e+09	7.812923e+00	9.424778e+00	1.791258e+00	2.292686e-01	3.548410e-01	0.000000e+00	0.000000e+00	0.000000e+00	1.105973e-03	2.677106e-08	9.497811e-03	8.087014e+06	1.957535e+02	6.944923e+07	
1.600000e+00	7.441777e+09	6.375407e+09	7.886004e+00	9.424778e+00	1.808013e+00	2.292686e-01	3.558313e-01	0.000000e+00	0.000000e+00	0.000000e+00	1.137926e-03	2.814198e-08	9.648283e-03	8.468190e+06	2.094263e+02	7.180037e+07	
1.650000e+00	7.568619e+09	6.962560e+09	7.955475e+00	9.424778e+00	1.823941e+00	2.292686e-01	3.599459e-01	0.000000e+00	0.000000e+00	0.000000e+00	1.169339e-03	2.949928e-08	9.793878e-03	8.850278e+06	2.232688e+02	7.412613e+07	
1.700000e+00	7.694064e+09	7.218996e+09	8.022890e+00	9.424778e+00	1.839397e+00	2.292686e-01	3.607398e-01	0.000000e+00	0.000000e+00	0.000000e+00	1.202694e-03	3.093196e-08	9.934839e-03	9.253601e+06	2.379925e+02	7.643929e+07	
1.750000e+00	7.816898e+09	7.477147e+09	8.087042e+00	9.424778e+00	1.854105e+00	2.292686e-01	3.615684e-01	0.000000e+00	0.000000e+00	0.000000e+00	1.235269e-03	3.233493e-08	1.007138e-02	9.655974e+06	2.527589e+02	7.872698e+07	
1.800000e+00	7.937280e+09	7.736903e+09	8.148174e+00	9.424778e+00	1.868121e+00	2.292686e-01	3.624177e-01	0.000000e+00	0.000000e+00	0.000000e+00	1.267112e-03	3.370774e-08	1.020368e-02	1.005743e+07	2.675477e+02	8.098945e+07	
1.850000e+00	8.055356e+09	8.332064e+09	8.206502e+00	9.424778e+00	1.881493e+00	2.292686e-01	3.651413e-01	0.000000e+00	0.000000e+00	0.000000e+00	1.298262e-03	3.505483e-08	1.033188e-02	1.045797e+07	2.823791e+02	8.322697e+07	
1.900000e+00	8.172022e+09	8.946668e+09	8.262994e+00	9.424778e+00	1.894445e+00	2.292686e-01	3.688879e-01	0.000000e+00	0.000000e+00	0.000000e+00	1.330464e-03	3.640865e-08	1.045607e-02	1.087258e+07	2.975323e+02	8.544720e+07	
1.950000e+00	8.287795e+09	9.266956e+09	8.318209e+00	9.424778e+00	1.907104e+00	2.292686e-01	3.697356e-01	0.000000e+00	0.000000e+00	0.000000e+00	1.364211e-03	3.781973e-08	1.057659e-02	1.130630e+07	3.134422e+02	8.765663e+07	
2.000000e+00	8.401545e+09	9.530510e+09	8.371049e+00	9.424778e+00	1.919219e+00	2.292686e-01	3.703204e-01	0.000000e+00	0.000000e+00	0.000000e+00	1.397205e-03	3.919712e-08	1.069358e-02	1.173868e+07	3.293164e+02	8.984255e+07	
2.050000e+00	8.513269e+09	9.795397e+09	8.421562e+00	9.424778e+00	1.930800e+00	2.292686e-01	3.709307e-01	0.000000e+00	0.000000e+00	0.000000e+00	1.429225e-03	4.054118e-08	1.080715e-02	1.216738e+07	3.451380e+02	9.200421e+07	
2.100000e+00	8.623081e+09	1.006154e+10	8.469906e+00	9.424778e+00	1.941884e+00	2.292686e-01	3.715594e-01	0.000000e+00	0.000000e+00	0.000000e+00	1.460333e-03	4.185559e-08	1.091744e-02	1.259257e+07	3.609241e+02	9.414199e+07	
2.150000e+00	8.731084e+09	1.032886e+10	8.516226e+00	9.424778e+00	1.952503e+00	2.292686e-01	3.722012e-01	0.000000e+00	0.000000e+00	0.000000e+00	1.490585e-03	4.314327e-08	1.102456e-02	1.301442e+07	3.766875e+02	9.625632e+07	
2.200000e+00	8.837374e+09	1.059730e+10	8.560657e+00	9.424778e+00	1.962690e+00	2.292686e-01	3.728518e-01	0.000000e+00	0.000000e+00	0.000000e+00	1.520030e-03	4.440664e-08	1.112860e-02	1.343307e+07	3.924381e+02	9.834761e+07	
2.250000e+00	8.942038e+09	1.093598e+10	8.603317e+00	9.424778e+00	1.972471e+00	2.292686e-01	3.737184e-01	0.000000e+00	0.000000e+00	0.000000e+00	1.548713e-03	4.564760e-08	1.122969e-02	1.384865e+07	4.081825e+02	1.004163e+08	
2.300000e+00	9.045249e+09	1.120639e+10	8.644406e+00	9.424778e+00	1.981891e+00	2.292686e-01	3.743706e-01	0.000000e+00	0.000000e+00	0.000000e+00	1.576842e-03	4.686759e-08	1.132786e-02	1.426293e+07	4.239290e+02	1.024633e+08	
2.350000e+00	9.146983e+09	1.164897e+10	8.683931e+00	9.424778e+00	1.990953e+00	2.292686e-01	3.762316e-01	0.000000e+00	0.000000e+00	0.000000e+00	1.604268e-03	4.806776e-08	1.142329e-02	1.467421e+07	4.396750e+02	1.044887e+08	
2.400000e+00	9.247836e+09	1.183629e+10	8.722482e+00	9.424778e+00	1.999791e+00	2.292686e-01	3.763588e-01	0.000000e+00	0.000000e+00	0.000000e+00	1.632054e-03	4.927565e-08	1.151615e-02	1.509297e+07	4.556931e+02	1.064995e+08	
2.450000e+00	9.347101e+09	1.190219e+10	8.759411e+00	9.424778e+00	2.008258e+00	2.292686e-01	3.761022e-01	0.000000e+00	0.000000e+00	0.000000e+00	1.658713e-03	5.045268e-08	1.160645e-02	1.550415e+07	4.715863e+02	1.084866e+08	
2.500000e+00	9.444678e+09	1.217625e+10	8.794657e+00	9.424778e+00	2.016339e+00	2.292686e-01	3.767524e-01	0.000000e+00	0.000000e+00	0.000000e+00	1.683959e-03	5.159970e-08	1.169432e-02	1.590445e+07	4.873426e+02	1.104491e+08	
2.550000e+00	9.541037e+09	1.245109e+10	8.828682e+00	9.424778e+00	2.024140e+00	2.292686e-01	3.773986e-01	0.000000e+00	0.000000e+00	0.000000e+00	1.708647e-03	5.272933e-08	1.177980e-02	1.630227e+07	5.030925e+02	1.123915e+08	
2.600000e+00	9.636232e+09	1.316866e+10	8.861557e+00	9.424778e+00	2.031677e+00	2.292686e-01	3.802172e-01	0.000000e+00	0.000000e+00	0.000000e+00	1.732800e-03	5.384206e-08	1.186298e-02	1.669767e+07	5.188346e+02	1.143144e+08	
2.650000e+00	9.731275e+09	1.366593e+10	8.894225e+00	9.424778e+00	2.039167e+00	2.292686e-01	3.814299e-01	0.000000e+00	0.000000e+00	0.000000e+00	1.758266e-03	5.497358e-08	1.194398e-02	1.711017e+07	5.349630e+02	1.162302e+08	
2.700000e+00	9.825470e+09	1.418423e+10	8.926056e+00	9.424778e+00	2.046464e+00	2.292686e-01	3.828181e-01	0.000000e+00	0.000000e+00	0.000000e+00	1.783592e-03	5.608764e-08	1.202279e-02	1.752463e+07	5.510874e+02	1.181296e+08	
2.750000e+00	9.918936e+09	1.438560e+10	8.957168e+00	9.424778e+00	2.053598e+00	2.292686e-01	3.831202e-01	0.000000e+00	0.000000e+00	0.000000e+00	1.808956e-03	5.718855e-08	1.209957e-02	1.794292e+07	5.672496e+02	1.200148e+08	
2.800000e+00	1.001122e+10	1.485760e+10	8.987168e+00	9.424778e+00	2.060475e+00	2.292686e-01	3.842638e-01	0.000000e+00	0.000000e+00	0.000000e+00	1.833476e-03	5.826826e-08	1.217447e-02	1.835533e+07	5.833363e+02	1.218813e+08	
2.850000e+00	1.010275e+10	1.530434e+10	9.016451e+00	9.424778e+00	2.067189e+00	2.292686e-01	3.864577e-01	0.000000e+00	0.000000e+00	0.000000e+00	1.857844e-03	5.933269e-08	1.224748e-02	1.876933e+07	5.994233e+02	1.237332e+08	
2.900000e+00	1.019403e+10	1.558167e+10	9.045479e+00	9.424778e+00	2.073844e+00	2.292686e-01	3.868183e-01	0.000000e+00	0.000000e+00	0.000000e+00	1.882775e-03	6.043198e-08	1.231879e-02	1.919306e+07	6.160454e+02	1.255781e+08	
2.950000e+00	1.028425e+10	1.542742e+10	9.073537e+00	9.424778e+00	2.080277e+00	2.292686e-01	3.855617e-01	0.000000e+00	0.000000e+00	0.000000e+00	1.906942e-03	6.150344e-08	1.238840e-02	1.961147e+07	6.325168e+02	1.274055e+08	
3.000000e+00	1.037272e+10	1.643774e+10	9.100032e+00	9.424778e+00	2.086352e+00	2.292686e-01	3.895516e-01	0.000000e+00	0.000000e+00	0.000000e+00	1.929094e-03	6.252955e-08	1.245636e-02	2.000995e+07	6.486014e+02	1.292063e+08	
3.050000e+00	1.046189e+10	1.706161e+10	9.127125e+00	9.424778e+00	2.092563e+00	2.292686e-01	3.910052e-01	0.000000e+00	0.000000e+00	0.000000e+00	1.953386e-03	6.360092e-08	1.252272e-02	2.043610e+07	6.653855e+02	1.310113e+08	
3.100000e+00	1.055058e+10	1.760348e+10	9.153787e+00	9.424778e+00	2.098676e+00	2.292686e-01	3.937249e-01	0.000000e+00	0.000000e+00	0.000000e+00	1.977812e-03	6.465208e-08	1.258753e-02	2.086706e+07	6.821168e+02	1.328057e+08	
3.150000e+00	1.063940e+10	1.769489e+10	9.180543e+00	9.424778e+00	2.104810e+00	2.292686e-01	3.846672e-01	0.000000e+00	0.000000e+00	0.000000e+00	2.003235e-03	6.574874e-08	1.265108e-02	2.131322e+07	6.995269e+02	1.345998e+08	
3.200000e+00	1.072294e+10	1.797696e+10	9.202752e+00	9.424778e+00	2.109902e+00	2.292686e-01	3.869766e-01	0.000000e+00	0.000000e+00	0.000000e+00	2.025792e-03	6.651329e-08	1.271298e-02	2.172244e+07	7.132181e+02	1.363205e+08	
3.250000e+00	1.080661e+10	1.891260e+10	9.225094e+00	9.424778e+00	2.115025e+00	2.292686e-01	3.905114e-01	0.000000e+00	0.000000e+00	0.000000e+00	2.047632e-03	6.725714e-08	1.277333e-02	2.212796e+07	7.268216e+02	1.380363e+08	
3.300000e+00	1.089097e+10	1.919393e+10	9.248045e+00	9.424778e+00	2.120287e+00	2.292686e-01	3.916016e-01	0.000000e+00	0.000000e+00	0.000000e+00	2.070249e-03	6.801930e-08	1.283211e-02	2.254701e+07	7.407960e+02	1.397541e+08	
3.350000e+00	1.097487e+10	1.979195e+10	9.270624e+00	9.424778e+00	2.125463e+00	2.292686e-01	3.932830e-01	0.000000e+00	0.000000e+00	0.000000e+00	2.092096e-03	6.879921e-08	1.288956e-02	2.296048e+07	7.550622e+02	1.414613e+08	
3.400000e+00	1.105860e+10	2.017307e+10	9.293078e+00	9.424778e+00	2.130611e+00	2.292686e-01	3.944275e-01	0.000000e+00	0.000000e+00	0.000000e+00	2.113771e-03	6.959061e-08	1.294566e-02	2.337535e+07	7.695748e+02	1.431609e+08	
3.450000e+00	1.114193e+10	2.034197e+10	9.315209e+00	9.424778e+00	2.135685e+00	2.292686e-01	3.947856e-01	0.000000e+00	0.000000e+00	0.000000e+00	2.135063e-03	7.039196e-08	1.300059e-02	2.378872e+07	7.843021e+02	1.448517e+08	
3.500000e+00	1.122450e+10	2.050064e+10	9.336726e+00	9.424778e+00	2.140618e+00	2.292686e-01	3.950668e-01	0.000000e+00	0.000000e+00	0.000000e+00	2.155519e-03	7.119184e-08	1.305442e-02	2.419461e+07	7.990926e+02	1.465293e+08	
3.550000e+00	1.130630e+10	2.078345e+10	9.357629e+00	9.424778e+00	2.145411e+00	2.292686e-01	3.955530e-01	0.000000e+00	0.000000e+00	0.000000e+00	2.175178e-03	7.199783e-08	1.310717e-02	2.459322e+07	8.140291e+02	1.481937e+08	
3.600000e+00	1.138746e+10	2.081181e+10	9.378026e+00	9.424778e+00	2.150087e+00	2.292686e-01	3.951649e-01	0.000000e+00	0.000000e+00	0.000000e+00	2.194211e-03	7.280448e-08	1.315881e-02	2.498649e+07	8.290581e+02	1.498455e+08	
3.650000e+00	1.146759e+10	2.109580e+10	9.397605e+00	9.424778e+00	2.154576e+00	2.292686e-01	3.956245e-01	0.000000e+00	0.000000e+00	0.000000e+00	2.212020e-03	7.360039e-08	1.320935e-02	2.536653e+07	8.440188e+02	1.514793e+08	
3.700000e+00	1.154711e+10	2.177131e+10	9.416729e+00	9.424778e+00	2.158960e+00	2.292686e-01	3.974220e-01	0.000000e+00	0.000000e+00	0.000000e+00	2.229319e-03	7.439167e-08	1.325882e-02	2.574220e+07	8.590089e+02	1.531011e+08	
3.750000e+00	1.162669e+10	2.214027e+10	9.435928e+00	9.424778e+00	2.163362e+00	2.292686e-01	3.980115e-01	0.000000e+00	0.000000e+00	0.000000e+00	2.247157e-03	7.519018e-08	1.330729e-02	2.612699e+07	8.742127e+02	1.547197e+08	
3.800000e+00	1.170574e+10	2.202123e+10	9.454740e+00	9.424778e+00	2.167675e+00	2.292686e-01	3.845669e-01	0.000000e+00	0.000000e+00	0.000000e+00	2.264587e-03	7.597969e-08	1.335478e-02	2.650867e+07	8.893987e+02	1.563276e+08	
3.850000e+00	1.177766e+10	2.231057e+10	9.467849e+00	9.424778e+00	2.170681e+00	2.292686e-01	3.888047e-01	0.000000e+00	0.000000e+00	0.000000e+00	2.281248e-03	7.651042e-08	1.340146e-02	2.686776e+07	9.011137e+02	1.578378e+08	
3.900000e+00	1.185103e+10	2.346281e+10	9.482207e+00	9.424778e+00	2.173973e+00	2.292686e-01	3.941909e-01	0.000000e+00	0.000000e+00	0.000000e+00	2.295190e-03	7.698269e-08	1.344650e-02	2.720036e+07	9.123241e+02	1.593549e+08	
3.950000e+00	1.192635e+10	2.394641e+10	9.498191e+00	9.424778e+00	2.177637e+00	2.292686e-01	3.964633e-01	0.000000e+00	0.000000e+00	0.000000e+00	2.310879e-03	7.748874e-08	1.349047e-02	2.756034e+07	9.241578e+02	1.608921e+08	
4.000000e+00	1.200208e+10	2.503485e+10	9.514557e+00	9.424778e+00	2.181389e+00	2.292686e-01	4.008450e-01	0.000000e+00	0.000000e+00	0.000000e+00	2.326593e-03	7.802174e-08	1.353357e-02	2.792396e+07	9.364232e+02	1.624310e+08	
4.050000e+00	1.207922e+10	2.573362e+10	9.532080e+00	9.424778e+00	2.185407e+00	2.292686e-01	4.024786e-01	0.000000e+00	0.000000e+00	0.000000e+00	2.344103e-03	7.863789e-08	1.357589e-02	2.831493e+07	9.498840e+02	1.639861e+08	
4.100000e+00	1.215640e+10	2.642895e+10	9.549681e+00	9.424778e+00	2.189442e+00	2.292686e-01	4.045953e-01	0.000000e+00	0.000000e+00	0.000000e+00	2.361425e-03	7.926930e-08	1.361732e-02	2.870643e+07	9.636295e+02	1.655377e+08	
4.150000e+00	1.223387e+10	2.683421e+10	9.567539e+00	9.424778e+00	2.193536e+00	2.292686e-01	4.041484e-01	0.000000e+00	0.000000e+00	0.000000e+00	2.379220e-03	7.992568e-08	1.365809e-02	2.910708e+07	9.778006e+02	1.670914e+08	
4.200000e+00	1.231039e+10	2.711953e+10	9.584688e+00	9.424778e+00	2.197468e+00	2.292686e-01	4.046387e-01	0.000000e+00	0.000000e+00	0.000000e+00	2.395554e-03	8.053974e-08	1.369790e-02	2.949021e+07	9.914759e+02	1.686266e+08	
4.250000e+00	1.238644e+10	2.783616e+10	9.601507e+00	9.424778e+00	2.201324e+00	2.292686e-01	4.071924e-01	0.000000e+00	0.000000e+00	0.000000e+00	2.411309e-03	8.116872e-08	1.373706e-02	2.986754e+07	1.005392e+03	1.701532e+08	
4.300000e+00	1.246302e+10	2.871402e+10	9.618774e+00	9.424778e+00	2.205283e+00	2.292686e-01	4.088373e-01	0.000000e+00	0.000000e+00	0.000000e+00	2.428039e-03	8.184726e-08	1.377567e-02	3.026070e+07	1.020064e+03	1.716865e+08	
4.350000e+00	1.253968e+10	2.881621e+10	9.636135e+00	9.424778e+00	2.209263e+00	2.292686e-01	4.087704e-01	0.000000e+00	0.000000e+00	0.000000e+00	2.444920e-03	8.252767e-08	1.381359e-02	3.065852e+07	1.034871e+03	1.732181e+08	
4.400000e+00	1.261560e+10	2.910145e+10	9.652955e+00	9.424778e+00	2.213120e+00	2.292686e-01	4.090029e-01	0.000000e+00	0.000000e+00	0.000000e+00	2.461016e-03	8.320354e-08	1.385100e-02	3.104720e+07	1.049663e+03	1.747387e+08	
4.450000e+00	1.269094e+10	2.938707e+10	9.669368e+00	9.424778e+00	2.216883e+00	2.292686e-01	4.092263e-01	0.000000e+00	0.000000e+00	0.000000e+00	2.476495e-03	8.387287e-08	1.388785e-02	3.142905e+07	1.064426e+03	1.762499e+08	
4.500000e+00	1.276571e+10	2.941787e+10	9.685386e+00	9.424778e+00	2.220555e+00	2.292686e-01	4.088585e-01	0.000000e+00	0.000000e+00	0.000000e+00	2.491392e-03	8.453458e-08	1.392414e-02	3.180440e+07	1.079144e+03	1.777516e+08	
4.550000e+00	1.283965e+10	3.014438e+10	9.700810e+00	9.424778e+00	2.224091e+00	2.292686e-01	4.114130e-01	0.000000e+00	0.000000e+00	0.000000e+00	2.505397e-03	8.518657e-08	1.395988e-02	3.216843e+07	1.093766e+03	1.792400e+08	
4.600000e+00	1.291420e+10	2.982932e+10	9.716729e+00	9.424778e+00	2.227741e+00	2.292686e-01	4.075504e-01	0.000000e+00	0.000000e+00	0.000000e+00	2.520506e-03	8.587962e-08	1.399518e-02	3.255032e+07	1.109067e+03	1.807365e+08	
4.650000e+00	1.298622e+10	2.985416e+10	9.730789e+00	9.424778e+00	2.230965e+00	2.292686e-01	4.073327e-01	0.000000e+00	0.000000e+00	0.000000e+00	2.532797e-03	8.642706e-08	1.402966e-02	3.289146e+07	1.122361e+03	1.821922e+08	
4.700000e+00	1.305755e+10	3.014273e+10	9.744387e+00	9.424778e+00	2.234082e+00	2.292686e-01	4.077217e-01	0.000000e+00	0.000000e+00	0.000000e+00	2.544333e-03	8.698002e-08	1.406357e-02	3.322276e+07	1.135746e+03	1.836359e+08	
4.750000e+00	1.312852e+10	3.072759e+10	9.757760e+00	9.424778e+00	2.237148e+00	2.292686e-01	4.086227e-01	0.000000e+00	0.000000e+00	0.000000e+00	2.555532e-03	8.753735e-08	1.409693e-02	3.355035e+07	1.149236e+03	1.850718e+08	
4.800000e+00	1.319937e+10	3.113512e+10	9.771103e+00	9.424778e+00	2.240207e+00	2.292686e-01	4.097991e-01	0.000000e+00	0.000000e+00	0.000000e+00	2.566656e-03	8.809634e-08	1.412966e-02	3.387825e+07	1.162817e+03	1.865027e+08	
4.850000e+00	1.327026e+10	3.110164e+10	9.784516e+00	9.424778e+00	2.243282e+00	2.292686e-01	4.067494e-01	0.000000e+00	0.000000e+00	0.000000e+00	2.577963e-03	8.868389e-08	1.416200e-02	3.421023e+07	1.176858e+03	1.879334e+08	
4.900000e+00	1.333910e+10	3.124431e+10	9.796476e+00	9.424778e+00	2.246025e+00	2.292686e-01	4.070945e-01	0.000000e+00	0.000000e+00	0.000000e+00	2.587336e-03	8.912667e-08	1.419362e-02	3.451273e+07	1.188869e+03	1.893300e+08	
4.950000e+00	1.340762e+10	3.250020e+10	9.808258e+00	9.424778e+00	2.248726e+00	2.292686e-01	4.090683e-01	0.000000e+00	0.000000e+00	0.000000e+00	2.596438e-03	8.958964e-08	1.422474e-02	3.481204e+07	1.201184e+03	1.907198e+08	
5.000000e+00	1.347662e+10	3.279015e+10	9.820449e+00	9.424778e+00	2.251521e+00	2.292686e-01	4.094983e-01	0.000000e+00	0.000000e+00	0.000000e+00	2.605832e-03	9.006343e-08	1.425508e-02	3.511780e+07	1.213750e+03	1.921102e+08	
5.050000e+00	1.354533e+10	3.288927e+10	9.832484e+00	9.424778e+00	2.254280e+00	2.292686e-01	4.096294e-01	0.000000e+00	0.000000e+00	0.000000e+00	2.614996e-03	9.054607e-08	1.428495e-02	3.542099e+07	1.226477e+03	1.934944e+08	
5.100000e+00	1.361362e+10	3.362906e+10	9.844261e+00	9.424778e+00	2.256980e+00	2.292686e-01	4.124569e-01	0.000000e+00	0.000000e+00	0.000000e+00	2.623868e-03	9.103510e-08	1.431443e-02	3.572033e+07	1.239317e+03	1.948711e+08	
5.150000e+00	1.368281e+10	3.391851e+10	9.856747e+00	9.424778e+00	2.259843e+00	2.292686e-01	4.126829e-01	0.000000e+00	0.000000e+00	0.000000e+00	2.634125e-03	9.158167e-08	1.434357e-02	3.604223e+07	1.253095e+03	1.962604e+08	
5.200000e+00	1.375160e+10	3.464914e+10	9.868993e+00	9.424778e+00	2.262650e+00	2.292686e-01	4.135943e-01	0.000000e+00	0.000000e+00	0.000000e+00	2.644064e-03	9.212208e-08	1.437232e-02	3.636013e+07	1.266826e+03	1.976424e+08	
5.250000e+00	1.382035e+10	3.493876e+10	9.881250e+00	9.424778e+00	2.265461e+00	2.292686e-01	4.137981e-01	0.000000e+00	0.000000e+00	0.000000e+00	2.653946e-03	9.265519e-08	1.440057e-02	3.667846e+07	1.280527e+03	1.990210e+08	
5.300000e+00	1.388869e+10	3.623683e+10	9.893269e+00	9.424778e+00	2.268216e+00	2.292686e-01	4.153037e-01	0.000000e+00	0.000000e+00	0.000000e+00	2.663522e-03	9.318154e-08	1.442846e-02	3.699285e+07	1.294170e+03	2.003924e+08	
5.350000e+00	1.395729e+10	3.631385e+10	9.905516e+00	9.424778e+00	2.271024e+00	2.292686e-01	4.132173e-01	0.000000e+00	0.000000e+00	0.000000e+00	2.673107e-03	9.369757e-08	1.445564e-02	3.730934e+07	1.307765e+03	2.017616e+08	
5.400000e+00	1.402436e+10	3.660462e+10	9.916722e+00	9.424778e+00	2.273593e+00	2.292686e-01	4.135769e-01	0.000000e+00	0.000000e+00	0.000000e+00	2.681215e-03	9.412045e-08	1.448232e-02	3.760233e+07	1.319979e+03	2.031054e+08	
5.450000e+00	1.409115e+10	3.758454e+10	9.927783e+00	9.424778e+00	2.276129e+00	2.292686e-01	4.167424e-01	0.000000e+00	0.000000e+00	0.000000e+00	2.689128e-03	9.455020e-08	1.450865e-02	3.789291e+07	1.332321e+03	2.044437e+08	
5.500000e+00	1.415906e+10	3.752307e+10	9.939680e+00	9.424778e+00	2.278857e+00	2.292686e-01	4.164420e-01	0.000000e+00	0.000000e+00	0.000000e+00	2.698483e-03	9.504222e-08	1.453466e-02	3.820799e+07	1.345709e+03	2.057971e+08	
5.550000e+00	1.422634e+10	3.740371e+10	9.951177e+00	9.424778e+00	2.281493e+00	2.292686e-01	4.160264e-01	0.000000e+00	0.000000e+00	0.000000e+00	2.707420e-03	9.552978e-08	1.456044e-02	3.851668e+07	1.359039e+03	2.071418e+08	
5.600000e+00	1.429294e+10	3.770607e+10	9.962249e+00	9.424778e+00	2.284031e+00	2.292686e-01	4.112807e-01	0.000000e+00	0.000000e+00	0.000000e+00	2.715900e-03	9.601436e-08	1.458598e-02	3.881820e+07	1.372328e+03	2.084766e+08	
5.650000e+00	1.435673e+10	3.847803e+10	9.971413e+00	9.424778e+00	2.286132e+00	2.292686e-01	4.128147e-01	0.000000e+00	0.000000e+00	0.000000e+00	2.722446e-03	9.625914e-08	1.461086e-02	3.908543e+07	1.381967e+03	2.097643e+08	
5.700000e+00	1.442091e+10	3.877070e+10	9.980906e+00	9.424778e+00	2.288308e+00	2.292686e-01	4.135349e-01	0.000000e+00	0.000000e+00	0.000000e+00	2.729027e-03	9.653436e-08	1.463524e-02	3.935505e+07	1.392113e+03	2.110535e+08	
5.750000e+00	1.448506e+10	3.906335e+10	9.990435e+00	9.424778e+00	2.290493e+00	2.292686e-01	4.141390e-01	0.000000e+00	0.000000e+00	0.000000e+00	2.735484e-03	9.683300e-08	1.465928e-02	3.962365e+07	1.402632e+03	2.123405e+08	
5.800000e+00	1.454913e+10	3.899518e+10	9.999958e+00	9.424778e+00	2.292676e+00	2.292686e-01	4.136109e-01	0.000000e+00	0.000000e+00	0.000000e+00	2.741822e-03	9.715013e-08	1.468299e-02	3.989110e+07	1.413449e+03	2.136247e+08	
5.850000e+00	1.461254e+10	3.971559e+10	1.000909e+01	9.424778e+00	2.294770e+00	2.292686e-01	4.152478e-01	0.000000e+00	0.000000e+00	0.000000e+00	2.747396e-03	9.747962e-08	1.470632e-02	4.014642e+07	1.424425e+03	2.148966e+08	
5.900000e+00	1.467640e+10	4.043000e+10	1.001858e+01	9.424778e+00	2.296945e+00	2.292686e-01	4.161821e-01	0.000000e+00	0.000000e+00	0.000000e+00	2.753602e-03	9.783347e-08	1.472936e-02	4.041295e+07	1.435843e+03	2.161740e+08	
5.950000e+00	1.474034e+10	4.107151e+10	1.002817e+01	9.424778e+00	2.299145e+00	2.292686e-01	4.170000e-01	0.000000e+00	0.000000e+00	0.000000e+00	2.759803e-03	9.819758e-08	1.475203e-02	4.068042e+07	1.447465e+03	2.174498e+08	
6.000000e+00	1.480430e+10	4.136395e+10	1.003783e+01	9.424778e+00	2.301360e+00	2.292686e-01	4.173294e-01	0.000000e+00	0.000000e+00	0.000000e+00	2.765990e-03	9.856880e-08	1.477437e-02	4.094854e+07	1.459242e+03	2.187241e+08	
6.050000e+00	1.486803e+10	4.207795e+10	1.004739e+01	9.424778e+00	2.303550e+00	2.292686e-01	4.182936e-01	0.000000e+00	0.000000e+00	0.000000e+00	2.772056e-03	9.894558e-08	1.479645e-02	4.121501e+07	1.471126e+03	2.199941e+08	
6.100000e+00	1.493186e+10	4.237033e+10	1.005705e+01	9.424778e+00	2.305767e+00	2.292686e-01	4.185681e-01	0.000000e+00	0.000000e+00	0.000000e+00	2.778252e-03	9.932602e-08	1.481815e-02	4.148447e+07	1.483122e+03	2.212626e+08	
6.150000e+00	1.499544e+10	4.212582e+10	1.006659e+01	9.424778e+00	2.307954e+00	2.292686e-01	4.178920e-01	0.000000e+00	0.000000e+00	0.000000e+00	2.784318e-03	9.970834e-08	1.483962e-02	4.175206e+07	1.495170e+03	2.225266e+08	
6.200000e+00	1.505828e+10	4.273396e+10	1.007570e+01	9.424778e+00	2.310041e+00	2.292686e-01	4.185887e-01	0.000000e+00	0.000000e+00	0.000000e+00	2.789865e-03	1.000912e-07	1.486087e-02	4.201058e+07	1.507202e+03	2.237792e+08	
6.250000e+00	1.512112e+10	4.438633e+10	1.008483e+01	9.424778e+00	2.312136e+00	2.292686e-01	4.206234e-01	0.000000e+00	0.000000e+00	0.000000e+00	2.795429e-03	1.004732e-07	1.488184e-02	4.227001e+07	1.519267e+03	2.250301e+08	
6.300000e+00	1.518460e+10	4.554852e+10	1.009445e+01	9.424778e+00	2.314342e+00	2.292686e-01	4.227940e-01	0.000000e+00	0.000000e+00	0.000000e+00	2.801339e-03	1.008502e-07	1.490229e-02	4.253722e+07	1.531371e+03	2.262853e+08	
6.350000e+00	1.524879e+10	4.553759e+10	1.010459e+01	9.424778e+00	2.316664e+00	2.292686e-01	4.220300e-01	0.000000e+00	0.000000e+00	0.000000e+00	2.808131e-03	1.012405e-07	1.492250e-02	4.282061e+07	1.543796e+03	2.275501e+08	
6.400000e+00	1.531219e+10	4.606360e+10	1.011423e+01	9.424778e+00	2.318876e+00	2.292686e-01	4.226799e-01	0.000000e+00	0.000000e+00	0.000000e+00	2.814169e-03	1.016190e-07	1.494248e-02	4.309110e+07	1.556010e+03	2.288022e+08	
6.450000e+00	1.537553e+10	4.603275e+10	1.012388e+01	9.424778e+00	2.321087e+00	2.292686e-01	4.209496e-01	0.000000e+00	0.000000e+00	0.000000e+00	2.820302e-03	1.019951e-07	1.496226e-02	4.336364e+07	1.568229e+03	2.300527e+08	
6.500000e+00	1.543760e+10	4.632598e+10	1.013273e+01	9.424778e+00	2.323118e+00	2.292686e-01	4.212122e-01	0.000000e+00	0.000000e+00	0.000000e+00	2.825193e-03	1.023196e-07	1.498171e-02	4.361421e+07	1.579569e+03	2.312817e+08	
6.550000e+00	1.549945e+10	4.707725e+10	1.014149e+01	9.424778e+00	2.325125e+00	2.292686e-01	4.236805e-01	0.000000e+00	0.000000e+00	0.000000e+00	2.830015e-03	1.026470e-07	1.500099e-02	4.386367e+07	1.590972e+03	2.325071e+08	
6.600000e+00	1.556220e+10	4.736970e+10	1.015087e+01	9.424778e+00	2.327276e+00	2.292686e-01	4.238106e-01	0.000000e+00	0.000000e+00	0.000000e+00	2.836103e-03	1.030175e-07	1.502019e-02	4.413600e+07	1.603179e+03	2.337471e+08	
6.650000e+00	1.562463e+10	4.819118e+10	1.016009e+01	9.424778e+00	2.329390e+00	2.292686e-01	4.258820e-01	0.000000e+00	0.000000e+00	0.000000e+00	2.842032e-03	1.033839e-07	1.503924e-02	4.440570e+07	1.615336e+03	2.349826e+08	
6.700000e+00	1.568775e+10	4.928825e+10	1.016979e+01	9.424778e+00	2.331614e+00	2.292686e-01	4.272150e-01	0.000000e+00	0.000000e+00	0.000000e+00	2.848965e-03	1.037740e-07	1.505820e-02	4.469383e+07	1.627980e+03	2.362292e+08	
6.750000e+00	1.575115e+10	4.957977e+10	1.017971e+01	9.424778e+00	2.333889e+00	2.292686e-01	4.272442e-01	0.000000e+00	0.000000e+00	0.000000e+00	2.856151e-03	1.041558e-07	1.507689e-02	4.498766e+07	1.640573e+03	2.374784e+08	
6.800000e+00	1.581417e+10	4.987156e+10	1.018943e+01	9.424778e+00	2.336115e+00	2.292686e-01	4.272819e-01	0.000000e+00	0.000000e+00	0.000000e+00	2.863089e-03	1.045301e-07	1.509547e-02	4.527737e+07	1.653057e+03	2.387224e+08	
6.850000e+00	1.587682e+10	5.109947e+10	1.019893e+01	9.424778e+00	2.338295e+00	2.292686e-01	4.281562e-01	0.000000e+00	0.000000e+00	0.000000e+00	2.869791e-03	1.048974e-07	1.511394e-02	4.556315e+07	1.665437e+03	2.399613e+08	
6.900000e+00	1.593953e+10	5.151732e+10	1.020852e+01	9.424778e+00	2.340492e+00	2.292686e-01	4.283351e-01	0.000000e+00	0.000000e+00	0.000000e+00	2.876301e-03	1.052539e-07	1.513203e-02	4.584689e+07	1.677698e+03	2.411975e+08	
6.950000e+00	1.600195e+10	5.352914e+10	1.021795e+01	9.424778e+00	2.342655e+00	2.292686e-01	4.300564e-01	0.000000e+00	0.000000e+00	0.000000e+00	2.882616e-03	1.056018e-07	1.514996e-02	4.612749e+07	1.689836e+03	2.424290e+08	
7.000000e+00	1.606488e+10	5.522064e+10	1.022773e+01	9.424778e+00	2.344898e+00	2.292686e-01	4.318829e-01	0.000000e+00	0.000000e+00	0.000000e+00	2.888876e-03	1.059371e-07	1.516741e-02	4.640944e+07	1.701867e+03	2.436626e+08	
7.050000e+00	1.612834e+10	5.598931e+10	1.023789e+01	9.424778e+00	2.347228e+00	2.292686e-01	4.320889e-01	0.000000e+00	0.000000e+00	0.000000e+00	2.895436e-03	1.062641e-07	1.518451e-02	4.669860e+07	1.713863e+03	2.449010e+08	
7.100000e+00	1.619151e+10	5.645410e+10	1.024789e+01	9.424778e+00	2.349520e+00	2.292686e-01	4.322440e-01	0.000000e+00	0.000000e+00	0.000000e+00	2.901622e-03	1.065823e-07	1.520135e-02	4.698165e+07	1.725728e+03	2.461329e+08	
7.150000e+00	1.625436e+10	5.674529e+10	1.025772e+01	9.424778e+00	2.351774e+00	2.292686e-01	4.322508e-01	0.000000e+00	0.000000e+00	0.000000e+00	2.907604e-03	1.068949e-07	1.521810e-02	4.726124e+07	1.737508e+03	2.473605e+08	
7.200000e+00	1.631682e+10	5.745692e+10	1.026733e+01	9.424778e+00	2.353978e+00	2.292686e-01	4.326101e-01	0.000000e+00	0.000000e+00	0.000000e+00	2.913387e-03	1.072031e-07	1.523481e-02	4.753720e+07	1.749213e+03	2.485836e+08	
7.250000e+00	1.637908e+10	5.813688e+10	1.027685e+01	9.424778e+00	2.356160e+00	2.292686e-01	4.329428e-01	0.000000e+00	0.000000e+00	0.000000e+00	2.918984e-03	1.075051e-07	1.525135e-02	4.781028e+07	1.760834e+03	2.498031e+08	
7.300000e+00	1.644113e+10	5.930525e+10	1.028627e+01	9.424778e+00	2.358319e+00	2.292686e-01	4.363192e-01	0.000000e+00	0.000000e+00	0.000000e+00	2.924406e-03	1.078013e-07	1.526774e-02	4.808054e+07	1.772376e+03	2.510190e+08	
7.350000e+00	1.650455e+10	5.928187e+10	1.029657e+01	9.424778e+00	2.360680e+00	2.292686e-01	4.351192e-01	0.000000e+00	0.000000e+00	0.000000e+00	2.931220e-03	1.081657e-07	1.528406e-02	4.837846e+07	1.785226e+03	2.522564e+08	
7.400000e+00	1.656693e+10	6.004564e+10	1.030625e+01	9.424778e+00	2.362900e+00	2.292686e-01	4.378647e-01	0.000000e+00	0.000000e+00	0.000000e+00	2.937152e-03	1.085046e-07	1.530027e-02	4.865960e+07	1.797589e+03	2.534786e+08	
7.450000e+00	1.663035e+10	6.006230e+10	1.031660e+01	9.424778e+00	2.365273e+00	2.292686e-01	4.372499e-01	0.000000e+00	0.000000e+00	0.000000e+00	2.944372e-03	1.088982e-07	1.531653e-02	4.896595e+07	1.811015e+03	2.547193e+08	
7.500000e+00	1.669304e+10	6.084300e+10	1.032653e+01	9.424778e+00	2.367549e+00	2.292686e-01	4.376619e-01	0.000000e+00	0.000000e+00	0.000000e+00	2.951203e-03	1.092734e-07	1.533280e-02	4.926456e+07	1.824105e+03	2.559511e+08	
7.550000e+00	1.675556e+10	6.133600e+10	1.033637e+01	9.424778e+00	2.369804e+00	2.292686e-01	4.376164e-01	0.000000e+00	0.000000e+00	0.000000e+00	2.957909e-03	1.096311e-07	1.534898e-02	4.956142e+07	1.836931e+03	2.571807e+08	
7.600000e+00	1.681765e+10	6.162701e+10	1.034598e+01	9.424778e+00	2.372007e+00	2.292686e-01	4.374416e-01	0.000000e+00	0.000000e+00	0.000000e+00	2.964337e-03	1.099731e-07	1.536507e-02	4.985320e+07	1.849490e+03	2.584044e+08	
7.650000e+00	1.687928e+10	6.359609e+10	1.035532e+01	9.424778e+00	2.374150e+00	2.292686e-01	4.396202e-01	0.000000e+00	0.000000e+00	0.000000e+00	2.970506e-03	1.103019e-07	1.538112e-02	5.014001e+07	1.861817e+03	2.596222e+08	
7.700000e+00	1.694167e+10	6.479349e+10	1.036516e+01	9.424778e+00	2.376405e+00	2.292686e-01	4.401193e-01	0.000000e+00	0.000000e+00	0.000000e+00	2.977208e-03	1.106240e-07	1.539687e-02	5.043888e+07	1.874155e+03	2.608487e+08	
7.750000e+00	1.700392e+10	6.605022e+10	1.037494e+01	9.424778e+00	2.378648e+00	2.292686e-01	4.398435e-01	0.000000e+00	0.000000e+00	0.000000e+00	2.983616e-03	1.109300e-07	1.541239e-02	5.073317e+07	1.886246e+03	2.620711e+08	
7.800000e+00	1.706565e+10	6.605108e+10	1.038442e+01	9.424778e+00	2.380822e+00	2.292686e-01	4.382353e-01	0.000000e+00	0.000000e+00	0.000000e+00	2.989091e-03	1.112043e-07	1.542749e-02	5.101079e+07	1.897773e+03	2.632802e+08	
7.850000e+00	1.712617e+10	6.737017e+10	1.039319e+01	9.424778e+00	2.382833e+00	2.292686e-01	4.381887e-01	0.000000e+00	0.000000e+00	0.000000e+00	2.993421e-03	1.114537e-07	1.544237e-02	5.126584e+07	1.908775e+03	2.644686e+08	
7.900000e+00	1.718632e+10	6.864753e+10	1.040177e+01	9.424778e+00	2.384800e+00	2.292686e-01	4.390900e-01	0.000000e+00	0.000000e+00	0.000000e+00	2.997127e-03	1.116617e-07	1.545689e-02	5.150956e+07	1.919053e+03	2.656470e+08	
7.950000e+00	1.724659e+10	7.057580e+10	1.041045e+01	9.424778e+00	2.386790e+00	2.292686e-01	4.414903e-01	0.000000e+00	0.000000e+00	0.000000e+00	3.000792e-03	1.118658e-07	1.547122e-02	5.175343e+07	1.929304e+03	2.668259e+08	
8.000000e+00	1.730777e+10	7.086681e+10	1.041971e+01	9.424778e+00	2.388912e+00	2.292686e-01	4.414251e-01	0.000000e+00	0.000000e+00	0.000000e+00	3.005203e-03	1.120782e-07	1.548537e-02	5.201337e+07	1.939824e+03	2.680173e+08	
8.050000e+00	1.736856e+10	7.214059e+10	1.042875e+01	9.424778e+00	2.390985e+00	2.292686e-01	4.421734e-01	0.000000e+00	0.000000e+00	0.000000e+00	3.009462e-03	1.122890e-07	1.549954e-02	5.227002e+07	1.950298e+03	2.692047e+08	
8.100000e+00	1.742938e+10	7.328121e+10	1.043784e+01	9.424778e+00	2.393068e+00	2.292686e-01	4.427904e-01	0.000000e+00	0.000000e+00	0.000000e+00	3.013598e-03	1.124939e-07	1.551353e-02	5.252513e+07	1.960699e+03	2.703911e+08	
8.150000e+00	1.749016e+10	7.357230e+10	1.044692e+01	9.424778e+00	2.395152e+00	2.292686e-01	4.427275e-01	0.000000e+00	0.000000e+00	0.000000e+00	3.017610e-03	1.126938e-07	1.552738e-02	5.277847e+07	1.971032e+03	2.715764e+08	
8.200000e+00	1.755055e+10	7.359307e+10	1.045580e+01	9.424778e+00	2.397187e+00	2.292686e-01	4.425182e-01	0.000000e+00	0.000000e+00	0.000000e+00	3.021490e-03	1.128926e-07	1.554126e-02	5.302882e+07	1.981328e+03	2.727577e+08	
8.250000e+00	1.761048e+10	7.480059e+10	1.046443e+01	9.424778e+00	2.399166e+00	2.292686e-01	4.436106e-01	0.000000e+00	0.000000e+00	0.000000e+00	3.025275e-03	1.130921e-07	1.555521e-02	5.327656e+07	1.991606e+03	2.739348e+08	
8.300000e+00	1.767065e+10	7.687104e+10	1.047323e+01	9.424778e+00	2.401182e+00	2.292686e-01	4.460544e-01	0.000000e+00	0.000000e+00	0.000000e+00	3.029251e-03	1.132884e-07	1.556892e-02	5.352884e+07	2.001879e+03	2.751129e+08	
8.350000e+00	1.773175e+10	7.809695e+10	1.048260e+01	9.424778e+00	2.403330e+00	2.292686e-01	4.481433e-01	0.000000e+00	0.000000e+00	0.000000e+00	3.033962e-03	1.134829e-07	1.558248e-02	5.379745e+07	2.012250e+03	2.763046e+08	
8.400000e+00	1.779358e+10	7.953201e+10	1.049241e+01	9.424778e+00	2.405581e+00	2.292686e-01	4.503493e-01	0.000000e+00	0.000000e+00	0.000000e+00	3.039527e-03	1.136997e-07	1.559605e-02	5.408405e+07	2.023125e+03	2.775094e+08	
8.450000e+00	1.785618e+10	8.037136e+10	1.050271e+01	9.424778e+00	2.407941e+00	2.292686e-01	4.504426e-01	0.000000e+00	0.000000e+00	0.000000e+00	3.045910e-03	1.139381e-07	1.560957e-02	5.438831e+07	2.034500e+03	2.787273e+08	
8.500000e+00	1.791843e+10	8.158472e+10	1.051281e+01	9.424778e+00	2.410257e+00	2.292686e-01	4.514828e-01	0.000000e+00	0.000000e+00	0.000000e+00	3.051977e-03	1.141671e-07	1.562304e-02	5.468663e+07	2.045695e+03	2.799404e+08	
8.550000e+00	1.798083e+10	8.318324e+10	1.052301e+01	9.424778e+00	2.412596e+00	2.292686e-01	4.533508e-01	0.000000e+00	0.000000e+00	0.000000e+00	3.058218e-03	1.143897e-07	1.563649e-02	5.498931e+07	2.056823e+03	2.811570e+08	
8.600000e+00	1.804382e+10	8.369365e+10	1.053357e+01	9.424778e+00	2.415018e+00	2.292686e-01	4.528410e-01	0.000000e+00	0.000000e+00	0.000000e+00	3.065014e-03	1.146189e-07	1.564988e-02	5.530456e+07	2.068162e+03	2.823836e+08	
8.650000e+00	1.810613e+10	8.526837e+10	1.054375e+01	9.424778e+00	2.417352e+00	2.292686e-01	4.546939e-01	0.000000e+00	0.000000e+00	0.000000e+00	3.071253e-03	1.148378e-07	1.566320e-02	5.560852e+07	2.079268e+03	2.836000e+08	
8.700000e+00	1.816902e+10	8.682843e+10	1.055429e+01	9.424778e+00	2.419767e+00	2.292686e-01	4.544636e-01	0.000000e+00	0.000000e+00	0.000000e+00	3.078042e-03	1.150631e-07	1.567649e-02	5.592502e+07	2.090584e+03	2.848265e+08	
8.750000e+00	1.823139e+10	8.711674e+10	1.056452e+01	9.424778e+00	2.422114e+00	2.292686e-01	4.541874e-01	0.000000e+00	0.000000e+00	0.000000e+00	3.083878e-03	1.152614e-07	1.568948e-02	5.622338e+07	2.101376e+03	2.860411e+08	
8.800000e+00	1.829321e+10	8.787042e+10	1.057446e+01	9.424778e+00	2.424392e+00	2.292686e-01	4.556005e-01	0.000000e+00	0.000000e+00	0.000000e+00	3.089431e-03	1.154551e-07	1.570256e-02	5.651560e+07	2.112044e+03	2.872503e+08	
8.850000e+00	1.835539e+10	8.963484e+10	1.058462e+01	9.424778e+00	2.426722e+00	2.292686e-01	4.571004e-01	0.000000e+00	0.000000e+00	0.000000e+00	3.095636e-03	1.156641e-07	1.571577e-02	5.682160e+07	2.123059e+03	2.884691e+08	
8.900000e+00	1.841798e+10	9.042932e+10	1.059503e+01	9.424778e+00	2.429107e+00	2.292686e-01	4.574348e-01	0.000000e+00	0.000000e+00	0.000000e+00	3.102004e-03	1.158647e-07	1.572887e-02	5.713263e+07	2.133993e+03	2.896939e+08	
8.950000e+00	1.848033e+10	9.071719e+10	1.060531e+01	9.424778e+00	2.431465e+00	2.292686e-01	4.571195e-01	0.000000e+00	0.000000e+00	0.000000e+00	3.108209e-03	1.160590e-07	1.574199e-02	5.744073e+07	2.144808e+03	2.909172e+08	
9.000000e+00	1.854213e+10	9.201465e+10	1.061529e+01	9.424778e+00	2.433752e+00	2.292686e-01	4.590410e-01	0.000000e+00	0.000000e+00	0.000000e+00	3.114094e-03	1.162483e-07	1.575519e-02	5.774194e+07	2.155491e+03	2.921347e+08	
9.050000e+00	1.860456e+10	9.370029e+10	1.062564e+01	9.424778e+00	2.436125e+00	2.292686e-01	4.598184e-01	0.000000e+00	0.000000e+00	0.000000e+00	3.120655e-03	1.164524e-07	1.576840e-02	5.805840e+07	2.166545e+03	2.933642e+08	
9.100000e+00	1.866700e+10	9.529284e+10	1.063601e+01	9.424778e+00	2.438503e+00	2.292686e-01	4.627947e-01	0.000000e+00	0.000000e+00	0.000000e+00	3.126909e-03	1.166445e-07	1.578144e-02	5.837002e+07	2.177403e+03	2.945922e+08	
9.150000e+00	1.873063e+10	9.611180e+10	1.064706e+01	9.424778e+00	2.441037e+00	2.292686e-01	4.627707e-01	0.000000e+00	0.000000e+00	0.000000e+00	3.134261e-03	1.168706e-07	1.579454e-02	5.870669e+07	2.189060e+03	2.958417e+08	
9.200000e+00	1.879382e+10	9.733964e+10	1.065787e+01	9.424778e+00	2.443516e+00	2.292686e-01	4.630508e-01	0.000000e+00	0.000000e+00	0.000000e+00	3.141226e-03	1.170847e-07	1.580765e-02	5.903563e+07	2.200470e+03	2.970861e+08	
9.250000e+00	1.885675e+10	9.823958e+10	1.066854e+01	9.424778e+00	2.445963e+00	2.292686e-01	4.640494e-01	0.000000e+00	0.000000e+00	0.000000e+00	3.147826e-03	1.172871e-07	1.582066e-02	5.935776e+07	2.211653e+03	2.983262e+08	
9.300000e+00	1.891980e+10	9.784597e+10	1.067929e+01	9.424778e+00	2.448427e+00	2.292686e-01	4.629784e-01	0.000000e+00	0.000000e+00	0.000000e+00	3.154507e-03	1.175035e-07	1.583359e-02	5.968264e+07	2.223143e+03	2.995683e+08	
9.350000e+00	1.898186e+10	9.871304e+10	1.068950e+01	9.424778e+00	2.450766e+00	2.292686e-01	4.631030e-01	0.000000e+00	0.000000e+00	0.000000e+00	3.160754e-03	1.177120e-07	1.584668e-02	5.999700e+07	2.234393e+03	3.007995e+08	
9.400000e+00	1.904361e+10	9.950260e+10	1.069953e+01	9.424778e+00	2.453066e+00	2.292686e-01	4.632534e-01	0.000000e+00	0.000000e+00	0.000000e+00	3.166749e-03	1.179106e-07	1.585981e-02	6.030633e+07	2.245443e+03	3.020279e+08	
9.450000e+00	1.910505e+10	1.003171e+11	1.070940e+01	9.424778e+00	2.455329e+00	2.292686e-01	4.639287e-01	0.000000e+00	0.000000e+00	0.000000e+00	3.172515e-03	1.181010e-07	1.587294e-02	6.061105e+07	2.256325e+03	3.032533e+08	
9.500000e+00	1.916647e+10	1.002097e+11	1.071927e+01	9.424778e+00	2.457593e+00	2.292686e-01	4.632815e-01	0.000000e+00	0.000000e+00	0.000000e+00	3.178427e-03	1.182859e-07	1.588610e-02	6.091922e+07	2.267124e+03	3.044804e+08	
9.550000e+00	1.922717e+10	9.985711e+10	1.072875e+01	9.424778e+00	2.459766e+00	2.292686e-01	4.608985e-01	0.000000e+00	0.000000e+00	0.000000e+00	3.184015e-03	1.184662e-07	1.589936e-02	6.121958e+07	2.277770e+03	3.056996e+08	
9.600000e+00	1.928622e+10	1.001467e+11	1.073733e+01	9.424778e+00	2.461733e+00	2.292686e-01	4.606364e-01	0.000000e+00	0.000000e+00	0.000000e+00	3.188331e-03	1.186117e-07	1.591250e-02	6.149086e+07	2.287572e+03	3.068920e+08	
9.650000e+00	1.934481e+10	1.021936e+11	1.074566e+01	9.424778e+00	2.463643e+00	2.292686e-01	4.615767e-01	0.000000e+00	0.000000e+00	0.000000e+00	3.192415e-03	1.187560e-07	1.592566e-02	6.175665e+07	2.297311e+03	3.080788e+08	
9.700000e+00	1.940358e+10	1.030552e+11	1.075412e+01	9.424778e+00	2.465581e+00	2.292686e-01	4.618652e-01	0.000000e+00	0.000000e+00	0.000000e+00	3.196119e-03	1.188908e-07	1.593838e-02	6.201614e+07	2.306907e+03	3.092615e+08	
9.750000e+00	1.946218e+10	1.023515e+11	1.076249e+01	9.424778e+00	2.467501e+00	2.292686e-01	4.599521e-01	0.000000e+00	0.000000e+00	0.000000e+00	3.199683e-03	1.190238e-07	1.595105e-02	6.227281e+07	2.316463e+03	3.104421e+08	
9.800000e+00	1.951943e+10	1.026388e+11	1.077014e+01	9.424778e+00	2.469254e+00	2.292686e-01	4.597994e-01	0.000000e+00	0.000000e+00	0.000000e+00	3.202577e-03	1.191233e-07	1.596369e-02	6.251248e+07	2.325218e+03	3.116022e+08	
9.850000e+00	1.957631e+10	1.028668e+11	1.077759e+01	9.424778e+00	2.470964e+00	2.292686e-01	4.596163e-01	0.000000e+00	0.000000e+00	0.000000e+00	3.205322e-03	1.192270e-07	1.597634e-02	6.274836e+07	2.334025e+03	3.127578e+08	
9.900000e+00	1.963280e+10	1.031582e+11	1.078486e+01	9.424778e+00	2.472630e+00	2.292686e-01	4.594733e-01	0.000000e+00	0.000000e+00	0.000000e+00	3.207928e-03	1.193349e-07	1.598899e-02	6.298060e+07	2.342878e+03	3.139085e+08	
9.950000e+00	1.968893e+10	1.039403e+11	1.079195e+01	9.424778e+00	2.474255e+00	2.292686e-01	4.591202e-01	0.000000e+00	0.000000e+00	0.000000e+00	3.210403e-03	1.194462e-07	1.600162e-02	6.320939e+07	2.351767e+03	3.150547e+08	
1.000000e+01	1.974460e+10	1.043894e+11	1.079881e+01	9.424778e+00	2.475828e+00	2.292686e-01	4.590920e-01	0.000000e+00	0.000000e+00	0.000000e+00	3.212409e-03	1.195554e-07	1.601403e-02	6.342772e+07	2.360573e+03	3.161906e+08	
1.005000e+01	1.979999e+10	1.039291e+11	1.080553e+01	9.424778e+00	2.477370e+00	2.292686e-01	4.564549e-01	0.000000e+00	0.000000e+00	0.000000e+00	3.214316e-03	1.196666e-07	1.602640e-02	6.364341e+07	2.369398e+03	3.173224e+08	
1.010000e+01	1.985369e+10	1.043898e+11	1.081137e+01	9.424778e+00	2.478707e+00	2.292686e-01	4.570815e-01	0.000000e+00	0.000000e+00	0.000000e+00	3.215115e-03	1.197283e-07	1.603857e-02	6.383190e+07	2.377048e+03	3.184249e+08	
1.015000e+01	1.990751e+10	1.048466e+11	1.081728e+01	9.424778e+00	2.480064e+00	2.292686e-01	4.568101e-01	0.000000e+00	0.000000e+00	0.000000e+00	3.216153e-03	1.198004e-07	1.605071e-02	6.402560e+07	2.384927e+03	3.195296e+08	
1.020000e+01	1.996095e+10	1.057698e+11	1.082302e+01	9.424778e+00	2.481380e+00	2.292686e-01	4.571827e-01	0.000000e+00	0.000000e+00	0.000000e+00	3.216930e-03	1.198785e-07	1.606271e-02	6.421298e+07	2.392890e+03	3.206269e+08	
1.025000e+01	2.001438e+10	1.061820e+11	1.082878e+01	9.424778e+00	2.482699e+00	2.292686e-01	4.565379e-01	0.000000e+00	0.000000e+00	0.000000e+00	3.217675e-03	1.199619e-07	1.607454e-02	6.439976e+07	2.400964e+03	3.217220e+08	
1.030000e+01	2.006723e+10	1.065276e+11	1.083425e+01	9.424778e+00	2.483953e+00	2.292686e-01	4.565276e-01	0.000000e+00	0.000000e+00	0.000000e+00	3.217934e-03	1.200430e-07	1.608622e-02	6.457502e+07	2.408930e+03	3.228059e+08	
1.035000e+01	2.011987e+10	1.064209e+11	1.083963e+01	9.424778e+00	2.485186e+00	2.292686e-01	4.550461e-01	0.000000e+00	0.000000e+00	0.000000e+00	3.218193e-03	1.201300e-07	1.609783e-02	6.474961e+07	2.416999e+03	3.238862e+08	
1.040000e+01	2.017149e+10	1.075228e+11	1.084449e+01	9.424778e+00	2.486301e+00	2.292686e-01	4.564930e-01	0.000000e+00	0.000000e+00	0.000000e+00	3.217742e-03	1.202038e-07	1.610923e-02	6.490666e+07	2.424690e+03	3.249472e+08	
1.045000e+01	2.022371e+10	1.086696e+11	1.084970e+01	9.424778e+00	2.487495e+00	2.292686e-01	4.570554e-01	0.000000e+00	0.000000e+00	0.000000e+00	3.217922e-03	1.202907e-07	1.612053e-02	6.507832e+07	2.432724e+03	3.260169e+08	
1.050000e+01	2.027604e+10	1.087402e+11	1.085499e+01	9.424778e+00	2.488708e+00	2.292686e-01	4.558484e-01	0.000000e+00	0.000000e+00	0.000000e+00	3.218113e-03	1.203795e-07	1.613166e-02	6.525058e+07	2.440820e+03	3.270861e+08	
1.055000e+01	2.032750e+10	1.089599e+11	1.085985e+01	9.424778e+00	2.489822e+00	2.292686e-01	4.542547e-01	0.000000e+00	0.000000e+00	0.000000e+00	3.217667e-03	1.204549e-07	1.614263e-02	6.540713e+07	2.448547e+03	3.281393e+08	
1.060000e+01	2.037791e+10	1.097206e+11	1.086417e+01	9.424778e+00	2.490813e+00	2.292686e-01	4.557049e-01	0.000000e+00	0.000000e+00	0.000000e+00	3.216411e-03	1.205011e-07	1.615329e-02	6.554375e+07	2.455562e+03	3.291704e+08	
1.065000e+01	2.042895e+10	1.099109e+11	1.086885e+01	9.424778e+00	2.491886e+00	2.292686e-01	4.556897e-01	0.000000e+00	0.000000e+00	0.000000e+00	3.215925e-03	1.205670e-07	1.616394e-02	6.569796e+07	2.463057e+03	3.302123e+08	
1.070000e+01	2.047979e+10	1.110963e+11	1.087346e+01	9.424778e+00	2.492942e+00	2.292686e-01	4.562527e-01	0.000000e+00	0.000000e+00	0.000000e+00	3.215500e-03	1.206409e-07	1.617456e-02	6.585277e+07	2.470699e+03	3.312516e+08	
1.075000e+01	2.053076e+10	1.116059e+11	1.087816e+01	9.424778e+00	2.494021e+00	2.292686e-01	4.564023e-01	0.000000e+00	0.000000e+00	0.000000e+00	3.215118e-03	1.207187e-07	1.618501e-02	6.600881e+07	2.478448e+03	3.322905e+08	
1.080000e+01	2.058163e+10	1.121245e+11	1.088284e+01	9.424778e+00	2.495093e+00	2.292686e-01	4.564947e-01	0.000000e+00	0.000000e+00	0.000000e+00	3.214790e-03	1.208024e-07	1.619539e-02	6.616562e+07	2.486311e+03	3.333275e+08	
1.085000e+01	2.063237e+10	1.130671e+11	1.088747e+01	9.424778e+00	2.496155e+00	2.292686e-01	4.569447e-01	0.000000e+00	0.000000e+00	0.000000e+00	3.214494e-03	1.208911e-07	1.620566e-02	6.632263e+07	2.494270e+03	3.343611e+08	
1.090000e+01	2.068318e+10	1.125369e+11	1.089216e+01	9.424778e+00	2.497231e+00	2.292686e-01	4.596046e-01	0.000000e+00	0.000000e+00	0.000000e+00	3.214245e-03	1.209836e-07	1.621578e-02	6.648080e+07	2.502325e+03	3.353939e+08	
1.095000e+01	2.073525e+10	1.125062e+11	1.089755e+01	9.424778e+00	2.498466e+00	2.292686e-01	4.586687e-01	0.000000e+00	0.000000e+00	0.000000e+00	3.215425e-03	1.211631e-07	1.622609e-02	6.667264e+07	2.512348e+03	3.364520e+08	
1.100000e+01	2.078661e+10	1.143381e+11	1.090258e+01	9.424778e+00	2.499619e+00	2.292686e-01	4.592954e-01	0.000000e+00	0.000000e+00	0.000000e+00	3.216241e-03	1.213326e-07	1.623634e-02	6.685473e+07	2.522094e+03	3.374985e+08	
1.105000e+01	2.083811e+10	1.155700e+11	1.090771e+01	9.424778e+00	2.500796e+00	2.292686e-01	4.588444e-01	0.000000e+00	0.000000e+00	0.000000e+00	3.217002e-03	1.214931e-07	1.624631e-02	6.703625e+07	2.531686e+03	3.385425e+08	
1.110000e+01	2.088917e+10	1.164974e+11	1.091264e+01	9.424778e+00	2.501925e+00	2.292686e-01	4.589254e-01	0.000000e+00	0.000000e+00	0.000000e+00	3.217263e-03	1.216383e-07	1.625600e-02	6.720596e+07	2.540924e+03	3.395744e+08	
1.115000e+01	2.094009e+10	1.182553e+11	1.091751e+01	9.424778e+00	2.503042e+00	2.292686e-01	4.596342e-01	0.000000e+00	0.000000e+00	0.000000e+00	3.217485e-03	1.217804e-07	1.626551e-02	6.737442e+07	2.550092e+03	3.406011e+08	
1.120000e+01	2.099120e+10	1.182579e+11	1.092251e+01	9.424778e+00	2.504188e+00	2.292686e-01	4.585867e-01	0.000000e+00	0.000000e+00	0.000000e+00	3.217700e-03	1.219152e-07	1.627476e-02	6.754340e+07	2.559147e+03	3.416268e+08	
1.125000e+01	2.104155e+10	1.192443e+11	1.092713e+01	9.424778e+00	2.505249e+00	2.292686e-01	4.589038e-01	0.000000e+00	0.000000e+00	0.000000e+00	3.217457e-03	1.220390e-07	1.628395e-02	6.770029e+07	2.567890e+03	3.426396e+08	
1.130000e+01	2.109190e+10	1.201652e+11	1.093178e+01	9.424778e+00	2.506314e+00	2.292686e-01	4.589319e-01	0.000000e+00	0.000000e+00	0.000000e+00	3.217251e-03	1.221606e-07	1.629302e-02	6.785794e+07	2.576598e+03	3.436507e+08	
1.135000e+01	2.114208e+10	1.200040e+11	1.093636e+01	9.424778e+00	2.507365e+00	2.292686e-01	4.586702e-01	0.000000e+00	0.000000e+00	0.000000e+00	3.216960e-03	1.222786e-07	1.630199e-02	6.801322e+07	2.585224e+03	3.446579e+08	
1.140000e+01	2.119194e+10	1.195270e+11	1.094081e+01	9.424778e+00	2.508384e+00	2.292686e-01	4.566313e-01	0.000000e+00	0.000000e+00	0.000000e+00	3.216742e-03	1.223985e-07	1.631100e-02	6.816900e+07	2.593862e+03	3.456618e+08	
1.145000e+01	2.124052e+10	1.207184e+11	1.094462e+01	9.424778e+00	2.509257e+00	2.292686e-01	4.580940e-01	0.000000e+00	0.000000e+00	0.000000e+00	3.215757e-03	1.224814e-07	1.631995e-02	6.830434e+07	2.601568e+03	3.466441e+08	
1.150000e+01	2.128974e+10	1.204775e+11	1.094878e+01	9.424778e+00	2.510212e+00	2.292686e-01	4.552220e-01	0.000000e+00	0.000000e+00	0.000000e+00	3.215327e-03	1.225687e-07	1.632886e-02	6.845349e+07	2.609457e+03	3.476374e+08	
1.155000e+01	2.133724e+10	1.197607e+11	1.095209e+01	9.424778e+00	2.510970e+00	2.292686e-01	4.524592e-01	0.000000e+00	0.000000e+00	0.000000e+00	3.213881e-03	1.225867e-07	1.633767e-02	6.857535e+07	2.615663e+03	3.486008e+08	
1.160000e+01	2.138309e+10	1.208785e+11	1.095458e+01	9.424778e+00	2.511541e+00	2.292686e-01	4.536057e-01	0.000000e+00	0.000000e+00	0.000000e+00	3.211552e-03	1.225472e-07	1.634635e-02	6.867292e+07	2.620438e+03	3.495356e+08	
1.165000e+01	2.142948e+10	1.204579e+11	1.095737e+01	9.424778e+00	2.512181e+00	2.292686e-01	4.520521e-01	0.000000e+00	0.000000e+00	0.000000e+00	3.209534e-03	1.225287e-07	1.635490e-02	6.877864e+07	2.625727e+03	3.504770e+08	
1.170000e+01	2.147491e+10	1.218571e+11	1.095970e+01	9.424778e+00	2.512715e+00	2.292686e-01	4.528667e-01	0.000000e+00	0.000000e+00	0.000000e+00	3.206897e-03	1.224962e-07	1.636334e-02	6.886781e+07	2.630595e+03	3.514011e+08	
1.175000e+01	2.152069e+10	1.229897e+11	1.096224e+01	9.424778e+00	2.513299e+00	2.292686e-01	4.520880e-01	0.000000e+00	0.000000e+00	0.000000e+00	3.204430e-03	1.224817e-07	1.637153e-02	6.896154e+07	2.635890e+03	3.523265e+08	
1.180000e+01	2.156595e+10	1.274562e+11	1.096455e+01	9.424778e+00	2.513827e+00	2.292686e-01	4.621856e-01	0.000000e+00	0.000000e+00	0.000000e+00	3.201285e-03	1.224502e-07	1.637925e-02	6.903874e+07	2.640755e+03	3.532340e+08	
1.185000e+01	2.161665e+10	1.306490e+11	1.096965e+01	9.424778e+00	2.514997e+00	2.292686e-01	4.609659e-01	0.000000e+00	0.000000e+00	0.000000e+00	3.199848e-03	1.226939e-07	1.638602e-02	6.917000e+07	2.652231e+03	3.542109e+08	
1.190000e+01	2.166649e+10	1.326430e+11	1.097433e+01	9.424778e+00	2.516070e+00	2.292686e-01	4.609820e-01	0.000000e+00	0.000000e+00	0.000000e+00	3.197479e-03	1.228336e-07	1.639204e-02	6.927813e+07	2.661373e+03	3.551579e+08	
1.195000e+01	2.171615e+10	1.340417e+11	1.097895e+01	9.424778e+00	2.517129e+00	2.292686e-01	4.612652e-01	0.000000e+00	0.000000e+00	0.000000e+00	3.194949e-03	1.229610e-07	1.639778e-02	6.938201e+07	2.670240e+03	3.560967e+08	
1.200000e+01	2.176580e+10	1.345531e+11	1.098358e+01	9.424778e+00	2.518189e+00	2.292686e-01	4.587507e-01	0.000000e+00	0.000000e+00	0.000000e+00	3.192601e-03	1.230737e-07	1.640348e-02	6.948950e+07	2.678797e+03	3.570349e+08	
1.205000e+01	2.181389e+10	1.373337e+11	1.098744e+01	9.424778e+00	2.519075e+00	2.292686e-01	4.733532e-01	0.000000e+00	0.000000e+00	0.000000e+00	3.189457e-03	1.230928e-07	1.640903e-02	6.957445e+07	2.685133e+03	3.579447e+08	
1.210000e+01	2.186985e+10	1.374990e+11	1.099528e+01	9.424778e+00	2.520873e+00	2.292686e-01	4.724764e-01	0.000000e+00	0.000000e+00	0.000000e+00	3.188260e-03	1.233870e-07	1.641360e-02	6.972676e+07	2.698454e+03	3.589630e+08	
1.215000e+01	2.192503e+10	1.377835e+11	1.100274e+01	9.424778e+00	2.522584e+00	2.292686e-01	4.713657e-01	0.000000e+00	0.000000e+00	0.000000e+00	3.187957e-03	1.237360e-07	1.641863e-02	6.989606e+07	2.712915e+03	3.599789e+08	
1.220000e+01	2.197932e+10	1.396113e+11	1.100977e+01	9.424778e+00	2.524194e+00	2.292686e-01	4.767328e-01	0.000000e+00	0.000000e+00	0.000000e+00	3.188271e-03	1.240612e-07	1.642410e-02	7.007602e+07	2.726781e+03	3.609905e+08	
1.225000e+01	2.203629e+10	1.394932e+11	1.101815e+01	9.424778e+00	2.526115e+00	2.292686e-01	4.749192e-01	0.000000e+00	0.000000e+00	0.000000e+00	3.190658e-03	1.245263e-07	1.642995e-02	7.031026e+07	2.744099e+03	3.620551e+08	
1.230000e+01	2.209196e+10	1.384152e+11	1.102588e+01	9.424778e+00	2.527887e+00	2.292686e-01	4.769560e-01	0.000000e+00	0.000000e+00	0.000000e+00	3.192996e-03	1.249302e-07	1.643616e-02	7.053952e+07	2.759951e+03	3.631070e+08	
1.235000e+01	2.214845e+10	1.383895e+11	1.103403e+01	9.424778e+00	2.529756e+00	2.292686e-01	4.750254e-01	0.000000e+00	0.000000e+00	0.000000e+00	3.196331e-03	1.254387e-07	1.644261e-02	7.079377e+07	2.778272e+03	3.641784e+08	
1.240000e+01	2.220357e+10	1.379003e+11	1.104150e+01	9.424778e+00	2.531470e+00	2.292686e-01	4.732421e-01	0.000000e+00	0.000000e+00	0.000000e+00	3.199440e-03	1.258799e-07	1.644933e-02	7.103900e+07	2.794983e+03	3.652339e+08	
1.245000e+01	2.225743e+10	1.387419e+11	1.104836e+01	9.424778e+00	2.533042e+00	2.292686e-01	4.737408e-01	0.000000e+00	0.000000e+00	0.000000e+00	3.202393e-03	1.262577e-07	1.645634e-02	7.127703e+07	2.810171e+03	3.662759e+08	
