# COLUMN NUMBERS: 
#	0: time [Gyr]
#	1: mgas [Msun]			ISM gas mass
#	2: mstar [Msun]			Stellar mass
#	3: sfr [Msun/yr]		Star formation rate
#	4: ifr [Msun/yr]		Infall rate
#	5: ofr [Msun/yr]		Outfow rate
#	6: eta_0			Mass-loading factor
#	7: r_eff			Effective recycilng rate
#	8: z_in(fe)			Inflow fe metallicity
#	9: z_in(sr)			Inflow sr metallicity
#	10: z_in(o)			Inflow o metallicity
#	11: z_out(fe)			Outflow fe metallicity
#	12: z_out(sr)			Outflow sr metallicity
#	13: z_out(o)			Outflow o metallicity
#	14: mass(fe) [Msun]		mass of element fe in ISM
#	15: mass(sr) [Msun]		mass of element sr in ISM
#	16: mass(o) [Msun]		mass of element o in ISM
0.000000e+00	1.000000e-12	6.682214e-30	1.782753e-37	6.597345e+01	8.970245e-09	3.752064e+00	2.503490e-01	0.000000e+00	0.000000e+00	0.000000e+00	2.838713e-313	1.419356e-313	1.000000e+00	0.000000e+00	0.000000e+00	0.000000e+00	
5.000000e-02	3.298672e+09	1.868327e+08	4.984526e+00	6.597345e+01	1.870226e+01	3.752064e+00	2.503490e-01	0.000000e+00	0.000000e+00	0.000000e+00	6.005443e-05	6.706078e-10	7.506804e-04	1.980999e+05	2.212115e+00	2.476249e+06	
1.000000e-01	5.475399e+09	4.862799e+08	8.139172e+00	6.597345e+01	3.053869e+01	3.752064e+00	2.641827e-01	0.000000e+00	0.000000e+00	0.000000e+00	8.437255e-05	9.421601e-10	1.054657e-03	4.619734e+05	5.158703e+00	5.774667e+06	
1.500000e-01	6.947690e+09	8.547165e+08	1.016508e+01	6.597345e+01	3.814002e+01	3.752064e+00	2.750935e-01	0.000000e+00	0.000000e+00	0.000000e+00	1.510668e-04	1.177318e-09	1.320741e-03	1.049565e+06	8.179643e+00	9.176101e+06	
2.000000e-01	7.970924e+09	1.282429e+09	1.148410e+01	6.597345e+01	4.308908e+01	3.752064e+00	2.846149e-01	0.000000e+00	0.000000e+00	0.000000e+00	2.158475e-04	1.380036e-09	1.545025e-03	1.720504e+06	1.100016e+01	1.231528e+07	
2.500000e-01	8.704365e+09	1.734291e+09	1.235501e+01	6.597345e+01	4.635676e+01	3.752064e+00	2.926752e-01	0.000000e+00	0.000000e+00	0.000000e+00	2.718375e-04	1.557080e-09	1.730972e-03	2.366173e+06	1.355339e+01	1.506702e+07	
3.000000e-01	9.248249e+09	2.193967e+09	1.293811e+01	6.597345e+01	4.854460e+01	3.752064e+00	2.995214e-01	0.000000e+00	0.000000e+00	0.000000e+00	3.183159e-04	1.716809e-09	1.883537e-03	2.943865e+06	1.587748e+01	1.741942e+07	
3.500000e-01	9.666548e+09	2.642754e+09	1.333415e+01	6.597345e+01	5.003059e+01	3.752064e+00	3.050721e-01	0.000000e+00	0.000000e+00	0.000000e+00	3.561694e-04	1.865958e-09	2.007869e-03	3.442929e+06	1.803737e+01	1.940916e+07	
4.000000e-01	1.000038e+10	3.093462e+09	1.360695e+01	6.597345e+01	5.105414e+01	3.752064e+00	3.099887e-01	0.000000e+00	0.000000e+00	0.000000e+00	3.866784e-04	1.997004e-09	2.108623e-03	3.866930e+06	1.997079e+01	2.108702e+07	
4.500000e-01	1.027689e+10	3.542172e+09	1.379798e+01	6.597345e+01	5.177088e+01	3.752064e+00	3.143311e-01	0.000000e+00	0.000000e+00	0.000000e+00	4.111666e-04	2.121625e-09	2.190331e-03	4.225516e+06	2.180372e+01	2.250980e+07	
5.000000e-01	1.051398e+10	3.988551e+09	1.393414e+01	6.597345e+01	5.228178e+01	3.752064e+00	3.182082e-01	0.000000e+00	0.000000e+00	0.000000e+00	4.308101e-04	2.243439e-09	2.256709e-03	4.529529e+06	2.358747e+01	2.372699e+07	
5.500000e-01	1.072355e+10	4.432603e+09	1.403311e+01	6.597345e+01	5.265314e+01	3.752064e+00	3.217024e-01	0.000000e+00	0.000000e+00	0.000000e+00	4.466108e-04	2.365803e-09	2.310866e-03	4.789255e+06	2.536981e+01	2.478070e+07	
6.000000e-01	1.091364e+10	4.908147e+09	1.410662e+01	6.597345e+01	5.292893e+01	3.752064e+00	3.257863e-01	0.000000e+00	0.000000e+00	0.000000e+00	4.593925e-04	2.491400e-09	2.355350e-03	5.013644e+06	2.719024e+01	2.570544e+07	
6.500000e-01	1.109032e+10	5.383053e+09	1.416331e+01	6.597345e+01	5.314164e+01	3.752064e+00	3.293844e-01	0.000000e+00	0.000000e+00	0.000000e+00	4.698760e-04	2.638002e-09	2.392558e-03	5.211076e+06	2.925628e+01	2.653423e+07	
7.000000e-01	1.125700e+10	5.857154e+09	1.420803e+01	6.597345e+01	5.330944e+01	3.752064e+00	3.326302e-01	0.000000e+00	0.000000e+00	0.000000e+00	4.785697e-04	2.799481e-09	2.423969e-03	5.387262e+06	3.151377e+01	2.728663e+07	
7.500000e-01	1.141610e+10	6.330348e+09	1.424416e+01	6.597345e+01	5.344500e+01	3.752064e+00	3.355963e-01	0.000000e+00	0.000000e+00	0.000000e+00	4.858787e-04	2.970638e-09	2.450787e-03	5.546842e+06	3.391312e+01	2.797844e+07	
8.000000e-01	1.156933e+10	6.802583e+09	1.427405e+01	6.597345e+01	5.355716e+01	3.752064e+00	3.383300e-01	0.000000e+00	0.000000e+00	0.000000e+00	4.921141e-04	3.149320e-09	2.473968e-03	5.693432e+06	3.643553e+01	2.862216e+07	
8.500000e-01	1.171791e+10	7.233368e+09	1.429936e+01	6.597345e+01	5.365211e+01	3.752064e+00	3.391075e-01	0.000000e+00	0.000000e+00	0.000000e+00	4.975145e-04	3.336707e-09	2.494266e-03	5.829831e+06	3.909924e+01	2.922759e+07	
9.000000e-01	1.186146e+10	7.704353e+09	1.431972e+01	6.597345e+01	5.372850e+01	3.752064e+00	3.421859e-01	0.000000e+00	0.000000e+00	0.000000e+00	4.961322e-04	3.519411e-09	2.510610e-03	5.884853e+06	4.174536e+01	2.977951e+07	
9.500000e-01	1.200272e+10	8.633694e+09	1.433852e+01	6.597345e+01	5.379905e+01	3.752064e+00	3.653709e-01	0.000000e+00	0.000000e+00	0.000000e+00	5.019031e-04	3.703223e-09	2.526768e-03	6.024204e+06	4.444876e+01	3.032810e+07	
1.000000e+00	1.215646e+10	9.509591e+09	1.437323e+01	6.597345e+01	5.392927e+01	3.752064e+00	3.790613e-01	0.000000e+00	0.000000e+00	0.000000e+00	5.763734e-04	3.913033e-09	2.553342e-03	7.006660e+06	4.756863e+01	3.103960e+07	
1.050000e+00	1.231242e+10	9.911652e+09	1.441132e+01	6.597345e+01	5.407220e+01	3.752064e+00	3.802261e-01	0.000000e+00	0.000000e+00	0.000000e+00	6.315691e-04	4.132546e-09	2.575850e-03	7.776147e+06	5.088167e+01	3.171495e+07	
1.100000e+00	1.246090e+10	1.024503e+10	1.444141e+01	6.597345e+01	5.418508e+01	3.752064e+00	3.810425e-01	0.000000e+00	0.000000e+00	0.000000e+00	6.728229e-04	4.321211e-09	2.595509e-03	8.383978e+06	5.384618e+01	3.234237e+07	
1.150000e+00	1.260339e+10	1.055918e+10	1.446541e+01	6.597345e+01	5.427515e+01	3.752064e+00	3.805651e-01	0.000000e+00	0.000000e+00	0.000000e+00	7.038467e-04	4.456256e-09	2.612673e-03	8.870852e+06	5.616392e+01	3.292852e+07	
1.200000e+00	1.274028e+10	1.039987e+10	1.448393e+01	6.597345e+01	5.434462e+01	3.752064e+00	3.582627e-01	0.000000e+00	0.000000e+00	0.000000e+00	7.273812e-04	4.539637e-09	2.627679e-03	9.267041e+06	5.783625e+01	3.347737e+07	
1.250000e+00	1.285698e+10	1.076550e+10	1.448063e+01	6.597345e+01	5.433223e+01	3.752064e+00	3.678009e-01	0.000000e+00	0.000000e+00	0.000000e+00	6.732052e-04	4.559651e-09	2.628162e-03	8.655385e+06	5.862333e+01	3.379022e+07	
1.300000e+00	1.298131e+10	1.111237e+10	1.448713e+01	6.597345e+01	5.435664e+01	3.752064e+00	3.682667e-01	0.000000e+00	0.000000e+00	0.000000e+00	7.047043e-04	4.536356e-09	2.642251e-03	9.147984e+06	5.888783e+01	3.429987e+07	
1.350000e+00	1.310455e+10	1.104682e+10	1.449350e+01	6.597345e+01	5.438054e+01	3.752064e+00	3.643492e-01	0.000000e+00	0.000000e+00	0.000000e+00	7.284359e-04	4.504444e-09	2.654411e-03	9.545824e+06	5.902871e+01	3.478486e+07	
1.400000e+00	1.322355e+10	1.264744e+10	1.449626e+01	6.597345e+01	5.439090e+01	3.752064e+00	3.776323e-01	0.000000e+00	0.000000e+00	0.000000e+00	7.463179e-04	4.442505e-09	2.665185e-03	9.868974e+06	5.874570e+01	3.524321e+07	
1.450000e+00	1.335158e+10	1.290342e+10	1.450988e+01	6.597345e+01	5.444201e+01	3.752064e+00	3.583409e-01	0.000000e+00	0.000000e+00	0.000000e+00	7.608374e-04	4.451689e-09	2.674706e-03	1.015838e+07	5.943708e+01	3.571156e+07	
1.500000e+00	1.346263e+10	1.405340e+10	1.450605e+01	6.597345e+01	5.442763e+01	3.752064e+00	3.655906e-01	0.000000e+00	0.000000e+00	0.000000e+00	7.033068e-04	4.456308e-09	2.671517e-03	9.468361e+06	5.999364e+01	3.596565e+07	
1.550000e+00	1.357978e+10	1.430690e+10	1.450984e+01	6.597345e+01	5.444183e+01	3.752064e+00	3.475197e-01	0.000000e+00	0.000000e+00	0.000000e+00	6.605725e-04	4.488527e-09	2.670213e-03	8.970432e+06	6.095323e+01	3.626091e+07	
1.600000e+00	1.368300e+10	1.684548e+10	1.449978e+01	6.597345e+01	5.440411e+01	3.752064e+00	4.046967e-01	0.000000e+00	0.000000e+00	0.000000e+00	5.666500e-04	4.502217e-09	2.660112e-03	7.753470e+06	6.160381e+01	3.639830e+07	
1.650000e+00	1.382987e+10	1.584029e+10	1.453676e+01	6.597345e+01	5.454285e+01	3.752064e+00	3.742572e-01	0.000000e+00	0.000000e+00	0.000000e+00	6.253038e-04	4.589474e-09	2.675486e-03	8.647873e+06	6.347185e+01	3.700164e+07	
1.700000e+00	1.394659e+10	1.535124e+10	1.454263e+01	6.597345e+01	5.456488e+01	3.752064e+00	3.654349e-01	0.000000e+00	0.000000e+00	0.000000e+00	6.028719e-04	4.593201e-09	2.677730e-03	8.408007e+06	6.405949e+01	3.734520e+07	
1.750000e+00	1.405561e+10	1.540866e+10	1.454135e+01	6.597345e+01	5.456009e+01	3.752064e+00	3.763592e-01	0.000000e+00	0.000000e+00	0.000000e+00	5.913323e-04	4.553217e-09	2.682399e-03	8.311534e+06	6.399822e+01	3.770275e+07	
1.800000e+00	1.417284e+10	1.691366e+10	1.454942e+01	6.597345e+01	5.459034e+01	3.752064e+00	3.773168e-01	0.000000e+00	0.000000e+00	0.000000e+00	6.423739e-04	4.519782e-09	2.697262e-03	9.104265e+06	6.405817e+01	3.822787e+07	
1.850000e+00	1.428902e+10	1.639780e+10	1.455713e+01	6.597345e+01	5.461926e+01	3.752064e+00	3.523049e-01	0.000000e+00	0.000000e+00	0.000000e+00	6.172581e-04	4.556063e-09	2.698341e-03	8.820010e+06	6.510165e+01	3.855663e+07	
1.900000e+00	1.438530e+10	1.558997e+10	1.454543e+01	6.597345e+01	5.457539e+01	3.752064e+00	3.542984e-01	0.000000e+00	0.000000e+00	0.000000e+00	5.388445e-04	4.570039e-09	2.690593e-03	7.751438e+06	6.574136e+01	3.870498e+07	
1.950000e+00	1.448560e+10	1.610703e+10	1.453876e+01	6.597345e+01	5.455034e+01	3.752064e+00	3.749064e-01	0.000000e+00	0.000000e+00	0.000000e+00	5.422302e-04	4.530072e-09	2.696792e-03	7.854529e+06	6.562080e+01	3.906465e+07	
2.000000e+00	1.460235e+10	1.616653e+10	1.454935e+01	6.597345e+01	5.459007e+01	3.752064e+00	3.875689e-01	0.000000e+00	0.000000e+00	0.000000e+00	6.031739e-04	4.535159e-09	2.712289e-03	8.807756e+06	6.622398e+01	3.960579e+07	
2.050000e+00	1.472599e+10	1.762600e+10	1.456736e+01	6.597345e+01	5.465767e+01	3.752064e+00	3.990091e-01	0.000000e+00	0.000000e+00	0.000000e+00	6.501226e-04	4.564296e-09	2.725487e-03	9.573702e+06	6.721379e+01	4.013551e+07	
2.100000e+00	1.485404e+10	1.752956e+10	1.459018e+01	6.597345e+01	5.474329e+01	3.752064e+00	3.987839e-01	0.000000e+00	0.000000e+00	0.000000e+00	6.875603e-04	4.624895e-09	2.737026e-03	1.021305e+07	6.869839e+01	4.065589e+07	
2.150000e+00	1.497696e+10	1.822043e+10	1.460840e+01	6.597345e+01	5.481164e+01	3.752064e+00	4.029312e-01	0.000000e+00	0.000000e+00	0.000000e+00	7.166475e-04	4.665896e-09	2.747539e-03	1.073320e+07	6.988092e+01	4.114976e+07	
2.200000e+00	1.509894e+10	1.891556e+10	1.462616e+01	6.597345e+01	5.487826e+01	3.752064e+00	4.023307e-01	0.000000e+00	0.000000e+00	0.000000e+00	7.397834e-04	4.726552e-09	2.757181e-03	1.116994e+07	7.136591e+01	4.163050e+07	
2.250000e+00	1.521661e+10	1.795341e+10	1.464022e+01	6.597345e+01	5.493102e+01	3.752064e+00	3.782317e-01	0.000000e+00	0.000000e+00	0.000000e+00	7.584521e-04	4.814690e-09	2.766299e-03	1.154107e+07	7.326328e+01	4.209371e+07	
2.300000e+00	1.531359e+10	1.940758e+10	1.463497e+01	6.597345e+01	5.491133e+01	3.752064e+00	4.007840e-01	0.000000e+00	0.000000e+00	0.000000e+00	7.171465e-04	4.851717e-09	2.765327e-03	1.098209e+07	7.429722e+01	4.234709e+07	
2.350000e+00	1.542822e+10	1.889173e+10	1.464719e+01	6.597345e+01	5.495720e+01	3.752064e+00	3.830164e-01	0.000000e+00	0.000000e+00	0.000000e+00	7.409560e-04	4.896547e-09	2.774762e-03	1.143164e+07	7.554503e+01	4.280965e+07	
2.400000e+00	1.552718e+10	1.913125e+10	1.464511e+01	6.597345e+01	5.494938e+01	3.752064e+00	3.781132e-01	0.000000e+00	0.000000e+00	0.000000e+00	7.045347e-04	4.909645e-09	2.774055e-03	1.093944e+07	7.623296e+01	4.307326e+07	
2.450000e+00	1.562301e+10	2.020852e+10	1.464073e+01	6.597345e+01	5.493293e+01	3.752064e+00	3.805195e-01	0.000000e+00	0.000000e+00	0.000000e+00	6.760871e-04	4.887397e-09	2.774140e-03	1.056251e+07	7.635583e+01	4.334040e+07	
2.500000e+00	1.572155e+10	1.929594e+10	1.463953e+01	6.597345e+01	5.492844e+01	3.752064e+00	3.720288e-01	0.000000e+00	0.000000e+00	0.000000e+00	6.542937e-04	4.898228e-09	2.774981e-03	1.028651e+07	7.700773e+01	4.362701e+07	
2.550000e+00	1.581414e+10	2.078605e+10	1.463342e+01	6.597345e+01	5.490553e+01	3.752064e+00	3.821486e-01	0.000000e+00	0.000000e+00	0.000000e+00	6.363712e-04	4.851290e-09	2.776412e-03	1.006366e+07	7.671899e+01	4.390656e+07	
2.600000e+00	1.591547e+10	2.134748e+10	1.463600e+01	6.597345e+01	5.491519e+01	3.752064e+00	3.812735e-01	0.000000e+00	0.000000e+00	0.000000e+00	6.230416e-04	4.872520e-09	2.778029e-03	9.916001e+06	7.754845e+01	4.421364e+07	
2.650000e+00	1.601560e+10	2.161034e+10	1.463799e+01	6.597345e+01	5.492269e+01	3.752064e+00	3.812010e-01	0.000000e+00	0.000000e+00	0.000000e+00	6.127451e-04	4.879442e-09	2.780074e-03	9.813481e+06	7.814719e+01	4.452455e+07	
2.700000e+00	1.611524e+10	2.190205e+10	1.464007e+01	6.597345e+01	5.493046e+01	3.752064e+00	3.805788e-01	0.000000e+00	0.000000e+00	0.000000e+00	6.046662e-04	4.895268e-09	2.782503e-03	9.744340e+06	7.888842e+01	4.484071e+07	
2.750000e+00	1.621397e+10	2.173459e+10	1.464182e+01	6.597345e+01	5.493704e+01	3.752064e+00	3.786765e-01	0.000000e+00	0.000000e+00	0.000000e+00	5.983238e-04	4.917791e-09	2.785257e-03	9.701204e+06	7.973691e+01	4.516007e+07	
2.800000e+00	1.631093e+10	2.196015e+10	1.464247e+01	6.597345e+01	5.493949e+01	3.752064e+00	3.788632e-01	0.000000e+00	0.000000e+00	0.000000e+00	5.930929e-04	4.931101e-09	2.788170e-03	9.673895e+06	8.043083e+01	4.547763e+07	
2.850000e+00	1.640787e+10	2.301651e+10	1.464362e+01	6.597345e+01	5.494379e+01	3.752064e+00	3.828540e-01	0.000000e+00	0.000000e+00	0.000000e+00	5.889658e-04	4.946994e-09	2.791135e-03	9.663677e+06	8.116966e+01	4.579660e+07	
2.900000e+00	1.650750e+10	2.304073e+10	1.464761e+01	6.597345e+01	5.495877e+01	3.752064e+00	3.818748e-01	0.000000e+00	0.000000e+00	0.000000e+00	5.862504e-04	4.991849e-09	2.794197e-03	9.677526e+06	8.240292e+01	4.612520e+07	
2.950000e+00	1.660553e+10	2.306883e+10	1.465064e+01	6.597345e+01	5.497013e+01	3.752064e+00	3.811592e-01	0.000000e+00	0.000000e+00	0.000000e+00	5.840334e-04	5.041251e-09	2.797492e-03	9.698183e+06	8.371262e+01	4.645382e+07	
3.000000e+00	1.670237e+10	2.344362e+10	1.465306e+01	6.597345e+01	5.497922e+01	3.752064e+00	3.814220e-01	0.000000e+00	0.000000e+00	0.000000e+00	5.822413e-04	5.093646e-09	2.800923e-03	9.724811e+06	8.507596e+01	4.678205e+07	
3.050000e+00	1.679888e+10	2.346613e+10	1.465562e+01	6.597345e+01	5.498884e+01	3.752064e+00	3.804142e-01	0.000000e+00	0.000000e+00	0.000000e+00	5.809459e-04	5.149349e-09	2.804420e-03	9.759239e+06	8.650330e+01	4.711111e+07	
3.100000e+00	1.689409e+10	2.275547e+10	1.465748e+01	6.597345e+01	5.499580e+01	3.752064e+00	3.772647e-01	0.000000e+00	0.000000e+00	0.000000e+00	5.798381e-04	5.201627e-09	2.807967e-03	9.795837e+06	8.787676e+01	4.743805e+07	
3.150000e+00	1.698658e+10	2.213544e+10	1.465742e+01	6.597345e+01	5.499556e+01	3.752064e+00	3.749872e-01	0.000000e+00	0.000000e+00	0.000000e+00	5.785119e-04	5.244332e-09	2.811527e-03	9.826941e+06	8.908330e+01	4.775824e+07	
3.200000e+00	1.707743e+10	2.171540e+10	1.465636e+01	6.597345e+01	5.499160e+01	3.752064e+00	3.525242e-01	0.000000e+00	0.000000e+00	0.000000e+00	5.771082e-04	5.281584e-09	2.815027e-03	9.855523e+06	9.019585e+01	4.807341e+07	
3.250000e+00	1.715204e+10	2.130192e+10	1.464189e+01	6.597345e+01	5.493729e+01	3.752064e+00	3.391473e-01	0.000000e+00	0.000000e+00	0.000000e+00	5.211489e-04	5.300149e-09	2.808780e-03	8.938764e+06	9.090835e+01	4.817630e+07	
3.300000e+00	1.722004e+10	2.202546e+10	1.462236e+01	6.597345e+01	5.486403e+01	3.752064e+00	3.410120e-01	0.000000e+00	0.000000e+00	0.000000e+00	4.757708e-04	5.287540e-09	2.803682e-03	8.192791e+06	9.105164e+01	4.827951e+07	
3.350000e+00	1.729371e+10	2.220164e+10	1.460824e+01	6.597345e+01	5.481104e+01	3.752064e+00	3.414235e-01	0.000000e+00	0.000000e+00	0.000000e+00	4.393270e-04	5.289655e-09	2.799536e-03	7.597593e+06	9.147775e+01	4.841437e+07	
3.400000e+00	1.737080e+10	2.295827e+10	1.459752e+01	6.597345e+01	5.477084e+01	3.752064e+00	3.432442e-01	0.000000e+00	0.000000e+00	0.000000e+00	4.098767e-04	5.301704e-09	2.796351e-03	7.119885e+06	9.209483e+01	4.857485e+07	
3.450000e+00	1.745158e+10	2.373195e+10	1.459039e+01	6.597345e+01	5.474408e+01	3.752064e+00	3.450779e-01	0.000000e+00	0.000000e+00	0.000000e+00	3.863233e-04	5.323389e-09	2.793995e-03	6.741952e+06	9.290154e+01	4.875962e+07	
3.500000e+00	1.753527e+10	2.444607e+10	1.458613e+01	6.597345e+01	5.472809e+01	3.752064e+00	3.465990e-01	0.000000e+00	0.000000e+00	0.000000e+00	3.675532e-04	5.353593e-09	2.792413e-03	6.445144e+06	9.387668e+01	4.896571e+07	
3.550000e+00	1.762101e+10	2.519644e+10	1.458398e+01	6.597345e+01	5.472001e+01	3.752064e+00	3.481952e-01	0.000000e+00	0.000000e+00	0.000000e+00	3.525928e-04	5.385882e-09	2.791501e-03	6.213039e+06	9.490465e+01	4.918905e+07	
3.600000e+00	1.770838e+10	2.537507e+10	1.458356e+01	6.597345e+01	5.471844e+01	3.752064e+00	3.487086e-01	0.000000e+00	0.000000e+00	0.000000e+00	3.407410e-04	5.420067e-09	2.791189e-03	6.033972e+06	9.598062e+01	4.942744e+07	
3.650000e+00	1.779623e+10	2.617709e+10	1.458388e+01	6.597345e+01	5.471965e+01	3.752064e+00	3.510903e-01	0.000000e+00	0.000000e+00	0.000000e+00	3.312296e-04	5.454891e-09	2.791434e-03	5.894637e+06	9.707648e+01	4.967700e+07	
3.700000e+00	1.788573e+10	2.680998e+10	1.458591e+01	6.597345e+01	5.472725e+01	3.752064e+00	3.751622e-01	0.000000e+00	0.000000e+00	0.000000e+00	3.239142e-04	5.495515e-09	2.792119e-03	5.793443e+06	9.829132e+01	4.993911e+07	
3.750000e+00	1.799235e+10	2.666283e+10	1.460214e+01	6.597345e+01	5.478817e+01	3.752064e+00	3.872959e-01	0.000000e+00	0.000000e+00	0.000000e+00	3.749655e-04	5.549910e-09	2.803788e-03	6.746512e+06	9.985594e+01	5.044674e+07	
3.800000e+00	1.810428e+10	2.785021e+10	1.462284e+01	6.597345e+01	5.486584e+01	3.752064e+00	4.206721e-01	0.000000e+00	0.000000e+00	0.000000e+00	4.118207e-04	5.637669e-09	2.813344e-03	7.455716e+06	1.020659e+02	5.093355e+07	
3.850000e+00	1.823609e+10	2.868374e+10	1.465966e+01	6.597345e+01	5.500399e+01	3.752064e+00	4.413304e-01	0.000000e+00	0.000000e+00	0.000000e+00	4.981953e-04	5.794704e-09	2.832682e-03	9.085134e+06	1.056727e+02	5.165703e+07	
3.900000e+00	1.837506e+10	2.876598e+10	1.470220e+01	6.597345e+01	5.516358e+01	3.752064e+00	4.239118e-01	0.000000e+00	0.000000e+00	0.000000e+00	5.688361e-04	6.000447e-09	2.850555e-03	1.045240e+07	1.102586e+02	5.237913e+07	
3.950000e+00	1.849207e+10	2.916374e+10	1.472716e+01	6.597345e+01	5.525723e+01	3.752064e+00	4.338037e-01	0.000000e+00	0.000000e+00	0.000000e+00	5.719183e-04	6.225316e-09	2.857115e-03	1.057595e+07	1.151190e+02	5.283397e+07	
4.000000e+00	1.861096e+10	2.914031e+10	1.475369e+01	6.597345e+01	5.535679e+01	3.752064e+00	4.191026e-01	0.000000e+00	0.000000e+00	0.000000e+00	6.292711e-04	6.448357e-09	2.873545e-03	1.171134e+07	1.200101e+02	5.347942e+07	
4.050000e+00	1.871327e+10	2.818859e+10	1.476722e+01	6.597345e+01	5.540753e+01	3.752064e+00	4.014758e-01	0.000000e+00	0.000000e+00	0.000000e+00	6.224399e-04	6.663435e-09	2.878516e-03	1.164789e+07	1.246947e+02	5.386645e+07	
4.100000e+00	1.879964e+10	2.774612e+10	1.476840e+01	6.597345e+01	5.541196e+01	3.752064e+00	3.922350e-01	0.000000e+00	0.000000e+00	0.000000e+00	6.166250e-04	6.776125e-09	2.882977e-03	1.159233e+07	1.273887e+02	5.419893e+07	
4.150000e+00	1.887893e+10	2.680671e+10	1.476433e+01	6.597345e+01	5.539669e+01	3.752064e+00	3.806117e-01	0.000000e+00	0.000000e+00	0.000000e+00	6.117546e-04	6.853625e-09	2.886970e-03	1.154927e+07	1.293891e+02	5.450290e+07	
4.200000e+00	1.895052e+10	2.613635e+10	1.475459e+01	6.597345e+01	5.536018e+01	3.752064e+00	3.711624e-01	0.000000e+00	0.000000e+00	0.000000e+00	6.071938e-04	6.811055e-09	2.890216e-03	1.150664e+07	1.290731e+02	5.477110e+07	
4.250000e+00	1.901727e+10	2.547493e+10	1.474148e+01	6.597345e+01	5.531098e+01	3.752064e+00	3.624415e-01	0.000000e+00	0.000000e+00	0.000000e+00	6.028860e-04	6.667278e-09	2.892673e-03	1.146525e+07	1.267935e+02	5.501075e+07	
4.300000e+00	1.908047e+10	2.535569e+10	1.472602e+01	6.597345e+01	5.525297e+01	3.752064e+00	3.597706e-01	0.000000e+00	0.000000e+00	0.000000e+00	5.987501e-04	6.438599e-09	2.894399e-03	1.142443e+07	1.228515e+02	5.522649e+07	
4.350000e+00	1.914509e+10	2.520345e+10	1.471207e+01	6.597345e+01	5.520062e+01	3.752064e+00	3.572641e-01	0.000000e+00	0.000000e+00	0.000000e+00	5.950321e-04	6.217457e-09	2.895713e-03	1.139194e+07	1.190338e+02	5.543869e+07	
4.400000e+00	1.921093e+10	2.508849e+10	1.469944e+01	6.597345e+01	5.515324e+01	3.752064e+00	3.550315e-01	0.000000e+00	0.000000e+00	0.000000e+00	5.916408e-04	6.005732e-09	2.896711e-03	1.136597e+07	1.153757e+02	5.564853e+07	
4.450000e+00	1.927791e+10	2.550266e+10	1.468805e+01	6.597345e+01	5.511051e+01	3.752064e+00	3.565799e-01	0.000000e+00	0.000000e+00	0.000000e+00	5.885405e-04	5.805177e-09	2.897486e-03	1.134583e+07	1.119117e+02	5.585748e+07	
4.500000e+00	1.934853e+10	2.538894e+10	1.467979e+01	6.597345e+01	5.507949e+01	3.752064e+00	3.543599e-01	0.000000e+00	0.000000e+00	0.000000e+00	5.860157e-04	5.677853e-09	2.898304e-03	1.133854e+07	1.098581e+02	5.607792e+07	
4.550000e+00	1.941933e+10	2.527692e+10	1.467199e+01	6.597345e+01	5.505023e+01	3.752064e+00	3.523315e-01	0.000000e+00	0.000000e+00	0.000000e+00	5.836564e-04	5.543435e-09	2.899028e-03	1.133422e+07	1.076498e+02	5.629719e+07	
4.600000e+00	1.949036e+10	2.519752e+10	1.466468e+01	6.597345e+01	5.502281e+01	3.752064e+00	3.504048e-01	0.000000e+00	0.000000e+00	0.000000e+00	5.814475e-04	5.406695e-09	2.899686e-03	1.133262e+07	1.053785e+02	5.651593e+07	
4.650000e+00	1.956159e+10	2.591547e+10	1.465783e+01	6.597345e+01	5.499709e+01	3.752064e+00	3.528395e-01	0.000000e+00	0.000000e+00	0.000000e+00	5.793653e-04	5.271025e-09	2.900306e-03	1.133331e+07	1.031096e+02	5.673460e+07	
4.700000e+00	1.963611e+10	2.614540e+10	1.465373e+01	6.597345e+01	5.498173e+01	3.752064e+00	3.515958e-01	0.000000e+00	0.000000e+00	0.000000e+00	5.778012e-04	5.195997e-09	2.901059e-03	1.134577e+07	1.020292e+02	5.696552e+07	
4.750000e+00	1.971062e+10	2.643239e+10	1.464990e+01	6.597345e+01	5.496736e+01	3.752064e+00	3.465754e-01	0.000000e+00	0.000000e+00	0.000000e+00	5.763811e-04	5.108698e-09	2.901816e-03	1.136083e+07	1.006956e+02	5.719659e+07	
4.800000e+00	1.978229e+10	2.670178e+10	1.464424e+01	6.597345e+01	5.494613e+01	3.752064e+00	3.454375e-01	0.000000e+00	0.000000e+00	0.000000e+00	5.752113e-04	5.039165e-09	2.902679e-03	1.137900e+07	9.968625e+01	5.742165e+07	
4.850000e+00	1.985438e+10	2.780619e+10	1.463917e+01	6.597345e+01	5.492708e+01	3.752064e+00	3.487053e-01	0.000000e+00	0.000000e+00	0.000000e+00	5.741493e-04	4.957712e-09	2.903501e-03	1.139938e+07	9.843229e+01	5.764721e+07	
4.900000e+00	1.992998e+10	2.884392e+10	1.463694e+01	6.597345e+01	5.491872e+01	3.752064e+00	3.573017e-01	0.000000e+00	0.000000e+00	0.000000e+00	5.735966e-04	4.932328e-09	2.904484e-03	1.143177e+07	9.830119e+01	5.788630e+07	
4.950000e+00	2.001236e+10	2.931634e+10	1.463991e+01	6.597345e+01	5.492989e+01	3.752064e+00	3.610426e-01	0.000000e+00	0.000000e+00	0.000000e+00	5.735348e-04	5.009884e-09	2.905964e-03	1.147778e+07	1.002596e+02	5.815518e+07	
5.000000e+00	2.009682e+10	3.026529e+10	1.464461e+01	6.597345e+01	5.494751e+01	3.752064e+00	3.718520e-01	0.000000e+00	0.000000e+00	0.000000e+00	5.735968e-04	5.113875e-09	2.907769e-03	1.152747e+07	1.027726e+02	5.843691e+07	
5.050000e+00	2.018817e+10	3.221596e+10	1.465448e+01	6.597345e+01	5.498456e+01	3.752064e+00	3.836675e-01	0.000000e+00	0.000000e+00	0.000000e+00	5.740255e-04	5.287146e-09	2.909998e-03	1.158852e+07	1.067378e+02	5.874753e+07	
5.100000e+00	2.028601e+10	3.354194e+10	1.466920e+01	6.597345e+01	5.503976e+01	3.752064e+00	3.921053e-01	0.000000e+00	0.000000e+00	0.000000e+00	5.752724e-04	5.549376e-09	2.912876e-03	1.166998e+07	1.125747e+02	5.909063e+07	
5.150000e+00	2.038683e+10	3.489590e+10	1.468615e+01	6.597345e+01	5.510338e+01	3.752064e+00	3.996165e-01	0.000000e+00	0.000000e+00	0.000000e+00	5.769501e-04	5.859233e-09	2.916158e-03	1.176218e+07	1.194512e+02	5.945123e+07	
5.200000e+00	2.048947e+10	3.627854e+10	1.470450e+01	6.597345e+01	5.517220e+01	3.752064e+00	4.064056e-01	0.000000e+00	0.000000e+00	0.000000e+00	5.790269e-04	6.204999e-09	2.919839e-03	1.186395e+07	1.271371e+02	5.982594e+07	
5.250000e+00	2.059310e+10	3.710654e+10	1.472362e+01	6.597345e+01	5.524397e+01	3.752064e+00	4.057384e-01	0.000000e+00	0.000000e+00	0.000000e+00	5.814583e-04	6.576672e-09	2.923884e-03	1.197403e+07	1.354341e+02	6.021184e+07	
5.300000e+00	2.069209e+10	3.852573e+10	1.473950e+01	6.597345e+01	5.530355e+01	3.752064e+00	4.129001e-01	0.000000e+00	0.000000e+00	0.000000e+00	5.839138e-04	6.898318e-09	2.927979e-03	1.208240e+07	1.427407e+02	6.058601e+07	
5.350000e+00	2.079291e+10	4.008196e+10	1.475676e+01	6.597345e+01	5.536831e+01	3.752064e+00	4.140894e-01	0.000000e+00	0.000000e+00	0.000000e+00	5.866775e-04	7.248391e-09	2.932411e-03	1.219873e+07	1.507151e+02	6.097336e+07	
5.400000e+00	2.089086e+10	4.120861e+10	1.477207e+01	6.597345e+01	5.542574e+01	3.752064e+00	4.144281e-01	0.000000e+00	0.000000e+00	0.000000e+00	5.896371e-04	7.559420e-09	2.936888e-03	1.231803e+07	1.579228e+02	6.135411e+07	
5.450000e+00	2.098574e+10	4.259828e+10	1.478530e+01	6.597345e+01	5.547537e+01	3.752064e+00	4.153945e-01	0.000000e+00	0.000000e+00	0.000000e+00	5.925469e-04	7.819427e-09	2.941324e-03	1.243503e+07	1.640965e+02	6.172586e+07	
5.500000e+00	2.107847e+10	4.292662e+10	1.479711e+01	6.597345e+01	5.551969e+01	3.752064e+00	4.105676e-01	0.000000e+00	0.000000e+00	0.000000e+00	5.954230e-04	8.031219e-09	2.945662e-03	1.255060e+07	1.692858e+02	6.209004e+07	
5.550000e+00	2.116506e+10	4.376138e+10	1.480474e+01	6.597345e+01	5.554832e+01	3.752064e+00	4.119431e-01	0.000000e+00	0.000000e+00	0.000000e+00	5.979067e-04	8.156747e-09	2.949799e-03	1.265473e+07	1.726380e+02	6.243266e+07	
5.600000e+00	2.125101e+10	4.332373e+10	1.481206e+01	6.597345e+01	5.557578e+01	3.752064e+00	4.070113e-01	0.000000e+00	0.000000e+00	0.000000e+00	6.002793e-04	8.248051e-09	2.953763e-03	1.275654e+07	1.752794e+02	6.277046e+07	
5.650000e+00	2.133173e+10	4.368946e+10	1.481587e+01	6.597345e+01	5.559008e+01	3.752064e+00	4.045941e-01	0.000000e+00	0.000000e+00	0.000000e+00	6.021678e-04	8.268262e-09	2.957471e-03	1.284528e+07	1.763763e+02	6.308797e+07	
5.700000e+00	2.140982e+10	4.369415e+10	1.481803e+01	6.597345e+01	5.559817e+01	3.752064e+00	4.061468e-01	0.000000e+00	0.000000e+00	0.000000e+00	6.038737e-04	8.239423e-09	2.960902e-03	1.292883e+07	1.764046e+02	6.339239e+07	
5.750000e+00	2.148860e+10	4.367944e+10	1.482082e+01	6.597345e+01	5.560865e+01	3.752064e+00	4.070849e-01	0.000000e+00	0.000000e+00	0.000000e+00	6.053947e-04	8.214891e-09	2.964125e-03	1.300908e+07	1.765265e+02	6.369490e+07	
5.800000e+00	2.156747e+10	4.407666e+10	1.482383e+01	6.597345e+01	5.561995e+01	3.752064e+00	4.085952e-01	0.000000e+00	0.000000e+00	0.000000e+00	6.067086e-04	8.195687e-09	2.967172e-03	1.308517e+07	1.767602e+02	6.399438e+07	
5.850000e+00	2.164680e+10	4.406666e+10	1.482731e+01	6.597345e+01	5.563302e+01	3.752064e+00	4.094285e-01	0.000000e+00	0.000000e+00	0.000000e+00	6.079649e-04	8.192042e-09	2.970090e-03	1.316049e+07	1.773315e+02	6.429294e+07	
5.900000e+00	2.172599e+10	4.541663e+10	1.483085e+01	6.597345e+01	5.564630e+01	3.752064e+00	4.169381e-01	0.000000e+00	0.000000e+00	0.000000e+00	6.091025e-04	8.205573e-09	2.972907e-03	1.323335e+07	1.782742e+02	6.458933e+07	
5.950000e+00	2.180998e+10	4.574682e+10	1.483781e+01	6.597345e+01	5.567239e+01	3.752064e+00	4.163265e-01	0.000000e+00	0.000000e+00	0.000000e+00	6.105766e-04	8.304900e-09	2.975878e-03	1.331666e+07	1.811297e+02	6.490383e+07	
6.000000e+00	2.189201e+10	4.556503e+10	1.484355e+01	6.597345e+01	5.569395e+01	3.752064e+00	4.095813e-01	0.000000e+00	0.000000e+00	0.000000e+00	6.118605e-04	8.394707e-09	2.978781e-03	1.339486e+07	1.837770e+02	6.521149e+07	
6.050000e+00	2.196779e+10	4.696706e+10	1.484520e+01	6.597345e+01	5.570013e+01	3.752064e+00	4.332502e-01	0.000000e+00	0.000000e+00	0.000000e+00	6.127599e-04	8.432636e-09	2.981495e-03	1.346098e+07	1.852464e+02	6.549686e+07	
6.100000e+00	2.206078e+10	4.785104e+10	1.485859e+01	6.597345e+01	5.575038e+01	3.752064e+00	4.384133e-01	0.000000e+00	0.000000e+00	0.000000e+00	6.138136e-04	8.544739e-09	2.984293e-03	1.354121e+07	1.885036e+02	6.583584e+07	
6.150000e+00	2.215471e+10	4.871753e+10	1.487269e+01	6.597345e+01	5.580329e+01	3.752064e+00	4.447087e-01	0.000000e+00	0.000000e+00	0.000000e+00	6.149698e-04	8.687290e-09	2.987198e-03	1.362448e+07	1.924644e+02	6.618052e+07	
6.200000e+00	2.225029e+10	5.012863e+10	1.488796e+01	6.597345e+01	5.586057e+01	3.752064e+00	4.646329e-01	0.000000e+00	0.000000e+00	0.000000e+00	6.161933e-04	8.814204e-09	2.990154e-03	1.371048e+07	1.961186e+02	6.653178e+07	
6.250000e+00	2.235740e+10	5.118315e+10	1.491098e+01	6.597345e+01	5.594696e+01	3.752064e+00	4.652078e-01	0.000000e+00	0.000000e+00	0.000000e+00	6.176866e-04	8.967963e-09	2.993652e-03	1.380987e+07	2.005004e+02	6.693030e+07	
6.300000e+00	2.246002e+10	5.221484e+10	1.493102e+01	6.597345e+01	5.602214e+01	3.752064e+00	4.809699e-01	0.000000e+00	0.000000e+00	0.000000e+00	6.193392e-04	9.146373e-09	2.997275e-03	1.391037e+07	2.054277e+02	6.731885e+07	
6.350000e+00	2.257010e+10	5.235271e+10	1.495603e+01	6.597345e+01	5.611599e+01	3.752064e+00	4.778333e-01	0.000000e+00	0.000000e+00	0.000000e+00	6.212319e-04	9.367499e-09	3.001440e-03	1.402127e+07	2.114254e+02	6.774280e+07	
6.400000e+00	2.267249e+10	5.286379e+10	1.497596e+01	6.597345e+01	5.619076e+01	3.752064e+00	4.772119e-01	0.000000e+00	0.000000e+00	0.000000e+00	6.231297e-04	9.616166e-09	3.005692e-03	1.412791e+07	2.180225e+02	6.814653e+07	
6.450000e+00	2.277017e+10	5.301138e+10	1.499281e+01	6.597345e+01	5.625396e+01	3.752064e+00	4.850677e-01	0.000000e+00	0.000000e+00	0.000000e+00	6.250942e-04	9.863863e-09	3.009956e-03	1.423350e+07	2.246018e+02	6.853720e+07	
6.500000e+00	2.287013e+10	5.438329e+10	1.501120e+01	6.597345e+01	5.632296e+01	3.752064e+00	4.670221e-01	0.000000e+00	0.000000e+00	0.000000e+00	6.648882e-04	1.009114e-08	3.020541e-03	1.520608e+07	2.307857e+02	6.908016e+07	
6.550000e+00	2.295262e+10	5.481141e+10	1.501819e+01	6.597345e+01	5.634919e+01	3.752064e+00	4.566416e-01	0.000000e+00	0.000000e+00	0.000000e+00	6.615963e-04	1.031665e-08	3.023936e-03	1.518537e+07	2.367942e+02	6.940725e+07	
6.600000e+00	2.302582e+10	5.380118e+10	1.501922e+01	6.597345e+01	5.635307e+01	3.752064e+00	4.408204e-01	0.000000e+00	0.000000e+00	0.000000e+00	6.591620e-04	1.050091e-08	3.027463e-03	1.517774e+07	2.417920e+02	6.970981e+07	
6.650000e+00	2.308691e+10	5.430616e+10	1.501252e+01	6.597345e+01	5.632794e+01	3.752064e+00	4.468081e-01	0.000000e+00	0.000000e+00	0.000000e+00	6.565182e-04	1.054573e-08	3.030596e-03	1.515698e+07	2.434684e+02	6.996711e+07	
6.700000e+00	2.315395e+10	5.491508e+10	1.500986e+01	6.597345e+01	5.631794e+01	3.752064e+00	4.536699e-01	0.000000e+00	0.000000e+00	0.000000e+00	6.543096e-04	1.060042e-08	3.033400e-03	1.514985e+07	2.454415e+02	7.023520e+07	
6.750000e+00	2.322671e+10	5.456042e+10	1.501105e+01	6.597345e+01	5.632241e+01	3.752064e+00	4.388318e-01	0.000000e+00	0.000000e+00	0.000000e+00	6.524082e-04	1.065177e-08	3.036073e-03	1.515330e+07	2.474054e+02	7.051797e+07	
6.800000e+00	2.328807e+10	5.405858e+10	1.500503e+01	6.597345e+01	5.629983e+01	3.752064e+00	4.267303e-01	0.000000e+00	0.000000e+00	0.000000e+00	6.505749e-04	1.058951e-08	3.038341e-03	1.515064e+07	2.466093e+02	7.075711e+07	
6.850000e+00	2.334166e+10	5.450209e+10	1.499419e+01	6.597345e+01	5.625915e+01	3.752064e+00	4.254086e-01	0.000000e+00	0.000000e+00	0.000000e+00	6.486208e-04	1.043258e-08	3.040367e-03	1.513988e+07	2.435137e+02	7.096720e+07	
6.900000e+00	2.339660e+10	5.481249e+10	1.498441e+01	6.597345e+01	5.622247e+01	3.752064e+00	4.422057e-01	0.000000e+00	0.000000e+00	0.000000e+00	6.469163e-04	1.027905e-08	3.042178e-03	1.513564e+07	2.404948e+02	7.117662e+07	
6.950000e+00	2.346623e+10	5.386126e+10	1.498422e+01	6.597345e+01	5.622173e+01	3.752064e+00	4.384611e-01	0.000000e+00	0.000000e+00	0.000000e+00	6.820808e-04	1.010986e-08	3.049597e-03	1.600587e+07	2.372403e+02	7.156255e+07	
7.000000e+00	2.353311e+10	5.365922e+10	1.498239e+01	6.597345e+01	5.621490e+01	3.752064e+00	4.298098e-01	0.000000e+00	0.000000e+00	0.000000e+00	7.114342e-04	9.873855e-09	3.055698e-03	1.674226e+07	2.323625e+02	7.191007e+07	
7.050000e+00	2.359390e+10	5.421425e+10	1.497685e+01	6.597345e+01	5.619409e+01	3.752064e+00	4.314277e-01	0.000000e+00	0.000000e+00	0.000000e+00	7.000083e-04	9.688489e-09	3.054986e-03	1.651592e+07	2.285892e+02	7.207903e+07	
7.100000e+00	2.365709e+10	5.485357e+10	1.497299e+01	6.597345e+01	5.617962e+01	3.752064e+00	4.339391e-01	0.000000e+00	0.000000e+00	0.000000e+00	6.906038e-04	9.598375e-09	3.054505e-03	1.633768e+07	2.270696e+02	7.226069e+07	
7.150000e+00	2.372300e+10	5.391907e+10	1.497100e+01	6.597345e+01	5.617213e+01	3.752064e+00	4.166068e-01	0.000000e+00	0.000000e+00	0.000000e+00	6.830998e-04	9.546036e-09	3.054325e-03	1.620518e+07	2.264606e+02	7.245776e+07	
7.200000e+00	2.377637e+10	5.433632e+10	1.496125e+01	6.597345e+01	5.613555e+01	3.752064e+00	4.245841e-01	0.000000e+00	0.000000e+00	0.000000e+00	6.764963e-04	9.467157e-09	3.054250e-03	1.608462e+07	2.250946e+02	7.261897e+07	
7.250000e+00	2.383782e+10	5.468608e+10	1.495675e+01	6.597345e+01	5.611867e+01	3.752064e+00	4.490043e-01	0.000000e+00	0.000000e+00	0.000000e+00	6.709597e-04	9.441235e-09	3.054373e-03	1.599421e+07	2.250584e+02	7.280958e+07	
7.300000e+00	2.391850e+10	5.501712e+10	1.496443e+01	6.597345e+01	5.614750e+01	3.752064e+00	4.266696e-01	0.000000e+00	0.000000e+00	0.000000e+00	7.093970e-04	9.459847e-09	3.062832e-03	1.696771e+07	2.262654e+02	7.325835e+07	
7.350000e+00	2.398082e+10	5.436074e+10	1.496074e+01	6.597345e+01	5.613364e+01	3.752064e+00	4.257196e-01	0.000000e+00	0.000000e+00	0.000000e+00	6.994259e-04	9.482632e-09	3.062877e-03	1.677281e+07	2.274013e+02	7.345031e+07	
7.400000e+00	2.404323e+10	5.504447e+10	1.495724e+01	6.597345e+01	5.612051e+01	3.752064e+00	4.143870e-01	0.000000e+00	0.000000e+00	0.000000e+00	6.906400e-04	9.490343e-09	3.062801e-03	1.660522e+07	2.281785e+02	7.363962e+07	
7.450000e+00	2.409792e+10	5.532286e+10	1.494909e+01	6.597345e+01	5.608994e+01	3.752064e+00	4.110623e-01	0.000000e+00	0.000000e+00	0.000000e+00	6.829819e-04	9.436130e-09	3.062687e-03	1.645844e+07	2.273911e+02	7.380438e+07	
7.500000e+00	2.415189e+10	5.635645e+10	1.494066e+01	6.597345e+01	5.605832e+01	3.752064e+00	4.398523e-01	0.000000e+00	0.000000e+00	0.000000e+00	6.763118e-04	9.344736e-09	3.062413e-03	1.633421e+07	2.256930e+02	7.396306e+07	
7.550000e+00	2.422920e+10	5.818522e+10	1.494679e+01	6.597345e+01	5.608132e+01	3.752064e+00	4.205314e-01	0.000000e+00	0.000000e+00	0.000000e+00	7.062442e-04	9.269643e-09	3.067767e-03	1.711173e+07	2.245960e+02	7.432952e+07	
7.600000e+00	2.429074e+10	5.904579e+10	1.494331e+01	6.597345e+01	5.606825e+01	3.752064e+00	4.433599e-01	0.000000e+00	0.000000e+00	0.000000e+00	6.967011e-04	9.234166e-09	3.066949e-03	1.692339e+07	2.243048e+02	7.449846e+07	
7.650000e+00	2.437010e+10	6.021519e+10	1.495088e+01	6.597345e+01	5.609667e+01	3.752064e+00	4.471678e-01	0.000000e+00	0.000000e+00	0.000000e+00	7.308470e-04	9.147150e-09	3.073943e-03	1.781082e+07	2.229170e+02	7.491229e+07	
7.700000e+00	2.445067e+10	6.247382e+10	1.495927e+01	6.597345e+01	5.612815e+01	3.752064e+00	4.694523e-01	0.000000e+00	0.000000e+00	0.000000e+00	7.179606e-04	9.111163e-09	3.072683e-03	1.755462e+07	2.227740e+02	7.512917e+07	
7.750000e+00	2.454611e+10	6.244019e+10	1.497680e+01	6.597345e+01	5.619390e+01	3.752064e+00	4.491315e-01	0.000000e+00	0.000000e+00	0.000000e+00	7.496051e-04	9.148583e-09	3.079678e-03	1.839989e+07	2.245621e+02	7.559410e+07	
7.800000e+00	2.462257e+10	6.316013e+10	1.498279e+01	6.597345e+01	5.621640e+01	3.752064e+00	4.448055e-01	0.000000e+00	0.000000e+00	0.000000e+00	7.347198e-04	9.165597e-09	3.078931e-03	1.809069e+07	2.256806e+02	7.581120e+07	
7.850000e+00	2.469451e+10	6.239885e+10	1.498612e+01	6.597345e+01	5.622887e+01	3.752064e+00	4.195911e-01	0.000000e+00	0.000000e+00	0.000000e+00	7.220974e-04	9.204985e-09	3.078395e-03	1.783184e+07	2.273126e+02	7.601945e+07	
7.900000e+00	2.474683e+10	6.257075e+10	1.497766e+01	6.597345e+01	5.619715e+01	3.752064e+00	4.115940e-01	0.000000e+00	0.000000e+00	0.000000e+00	7.109320e-04	9.141772e-09	3.077681e-03	1.759331e+07	2.262299e+02	7.616285e+07	
7.950000e+00	2.479500e+10	6.261840e+10	1.496685e+01	6.597345e+01	5.615658e+01	3.752064e+00	3.801323e-01	0.000000e+00	0.000000e+00	0.000000e+00	7.010607e-04	8.988800e-09	3.076804e-03	1.738280e+07	2.228773e+02	7.628934e+07	
8.000000e+00	2.482197e+10	6.387682e+10	1.494344e+01	6.597345e+01	5.606874e+01	3.752064e+00	3.991830e-01	0.000000e+00	0.000000e+00	0.000000e+00	6.537527e-04	8.828319e-09	3.069142e-03	1.622743e+07	2.191363e+02	7.618214e+07	
8.050000e+00	2.486829e+10	6.422284e+10	1.493188e+01	6.597345e+01	5.602535e+01	3.752064e+00	4.047443e-01	0.000000e+00	0.000000e+00	0.000000e+00	6.515973e-04	8.695627e-09	3.068761e-03	1.620411e+07	2.162454e+02	7.631483e+07	
8.100000e+00	2.492128e+10	6.502016e+10	1.492447e+01	6.597345e+01	5.599756e+01	3.752064e+00	4.107335e-01	0.000000e+00	0.000000e+00	0.000000e+00	6.494434e-04	8.542312e-09	3.068292e-03	1.618496e+07	2.128854e+02	7.646576e+07	
8.150000e+00	2.498035e+10	6.545746e+10	1.492084e+01	6.597345e+01	5.598393e+01	3.752064e+00	4.138534e-01	0.000000e+00	0.000000e+00	0.000000e+00	6.475730e-04	8.410928e-09	3.067858e-03	1.617660e+07	2.101079e+02	7.663617e+07	
8.200000e+00	2.504254e+10	6.668679e+10	1.491918e+01	6.597345e+01	5.597771e+01	3.752064e+00	4.219377e-01	0.000000e+00	0.000000e+00	0.000000e+00	6.458541e-04	8.291704e-09	3.067550e-03	1.617383e+07	2.076453e+02	7.681922e+07	
8.250000e+00	2.511111e+10	6.829178e+10	1.492143e+01	6.597345e+01	5.598614e+01	3.752064e+00	4.626246e-01	0.000000e+00	0.000000e+00	0.000000e+00	6.446586e-04	8.227677e-09	3.067348e-03	1.618809e+07	2.066061e+02	7.702451e+07	
8.300000e+00	2.520956e+10	6.860158e+10	1.494147e+01	6.597345e+01	5.606133e+01	3.752064e+00	4.578114e-01	0.000000e+00	0.000000e+00	0.000000e+00	6.848271e-04	8.232834e-09	3.075303e-03	1.726419e+07	2.075461e+02	7.752702e+07	
8.350000e+00	2.530011e+10	6.943522e+10	1.495683e+01	6.597345e+01	5.611899e+01	3.752064e+00	4.495326e-01	0.000000e+00	0.000000e+00	0.000000e+00	7.195308e-04	8.228652e-09	3.082888e-03	1.820421e+07	2.081858e+02	7.799740e+07	
8.400000e+00	2.538117e+10	7.007047e+10	1.496662e+01	6.597345e+01	5.615572e+01	3.752064e+00	4.516916e-01	0.000000e+00	0.000000e+00	0.000000e+00	7.091433e-04	8.291737e-09	3.082672e-03	1.799889e+07	2.104540e+02	7.824183e+07	
8.450000e+00	2.546174e+10	6.860541e+10	1.497617e+01	6.597345e+01	5.619154e+01	3.752064e+00	4.335749e-01	0.000000e+00	0.000000e+00	0.000000e+00	7.003330e-04	8.393606e-09	3.083153e-03	1.783170e+07	2.137158e+02	7.850244e+07	
8.500000e+00	2.552669e+10	6.794443e+10	1.497660e+01	6.597345e+01	5.619316e+01	3.752064e+00	4.143471e-01	0.000000e+00	0.000000e+00	0.000000e+00	6.925398e-04	8.537119e-09	3.083736e-03	1.767825e+07	2.179244e+02	7.871758e+07	
8.550000e+00	2.557715e+10	6.870206e+10	1.496864e+01	6.597345e+01	5.616330e+01	3.752064e+00	4.193018e-01	0.000000e+00	0.000000e+00	0.000000e+00	6.855007e-04	8.573122e-09	3.084031e-03	1.753315e+07	2.192760e+02	7.888071e+07	
8.600000e+00	2.563304e+10	6.759141e+10	1.496399e+01	6.597345e+01	5.614585e+01	3.752064e+00	4.064177e-01	0.000000e+00	0.000000e+00	0.000000e+00	6.796563e-04	8.590563e-09	3.084105e-03	1.742166e+07	2.202023e+02	7.905501e+07	
8.650000e+00	2.568031e+10	6.803226e+10	1.495443e+01	6.597345e+01	5.610996e+01	3.752064e+00	4.143455e-01	0.000000e+00	0.000000e+00	0.000000e+00	6.740938e-04	8.520788e-09	3.084001e-03	1.731093e+07	2.188164e+02	7.919809e+07	
8.700000e+00	2.573557e+10	6.720946e+10	1.494965e+01	6.597345e+01	5.609205e+01	3.752064e+00	3.854543e-01	0.000000e+00	0.000000e+00	0.000000e+00	6.694797e-04	8.529825e-09	3.083885e-03	1.722945e+07	2.195199e+02	7.936554e+07	
8.750000e+00	2.577028e+10	6.593810e+10	1.493308e+01	6.597345e+01	5.602986e+01	3.752064e+00	3.930903e-01	0.000000e+00	0.000000e+00	0.000000e+00	6.279316e-04	8.418108e-09	3.077327e-03	1.618197e+07	2.169370e+02	7.930358e+07	
8.800000e+00	2.581431e+10	6.480408e+10	1.492206e+01	6.597345e+01	5.598853e+01	3.752064e+00	3.854177e-01	0.000000e+00	0.000000e+00	0.000000e+00	6.283285e-04	8.244880e-09	3.077587e-03	1.621987e+07	2.128359e+02	7.944578e+07	
8.850000e+00	2.585501e+10	6.473993e+10	1.490927e+01	6.597345e+01	5.594054e+01	3.752064e+00	3.965605e-01	0.000000e+00	0.000000e+00	0.000000e+00	6.282991e-04	8.052936e-09	3.077610e-03	1.624468e+07	2.082088e+02	7.957165e+07	
8.900000e+00	2.590682e+10	6.339217e+10	1.490302e+01	6.597345e+01	5.591706e+01	3.752064e+00	3.993379e-01	0.000000e+00	0.000000e+00	0.000000e+00	6.282400e-04	7.904504e-09	3.077476e-03	1.627570e+07	2.047805e+02	7.972761e+07	
8.950000e+00	2.596205e+10	6.462954e+10	1.489885e+01	6.597345e+01	5.590142e+01	3.752064e+00	4.082639e-01	0.000000e+00	0.000000e+00	0.000000e+00	6.278755e-04	7.787732e-09	3.077594e-03	1.630094e+07	2.021855e+02	7.990065e+07	
9.000000e+00	2.602484e+10	6.385207e+10	1.489911e+01	6.597345e+01	5.590240e+01	3.752064e+00	4.069057e-01	0.000000e+00	0.000000e+00	0.000000e+00	6.278574e-04	7.727992e-09	3.077716e-03	1.633989e+07	2.011198e+02	8.009708e+07	
9.050000e+00	2.608657e+10	6.520610e+10	1.489884e+01	6.597345e+01	5.590141e+01	3.752064e+00	4.160954e-01	0.000000e+00	0.000000e+00	0.000000e+00	6.274094e-04	7.670856e-09	3.077944e-03	1.636696e+07	2.001063e+02	8.029300e+07	
9.100000e+00	2.615519e+10	6.414959e+10	1.490260e+01	6.597345e+01	5.591550e+01	3.752064e+00	4.124432e-01	0.000000e+00	0.000000e+00	0.000000e+00	6.274050e-04	7.699668e-09	3.078438e-03	1.640990e+07	2.013863e+02	8.051714e+07	
9.150000e+00	2.622029e+10	6.384951e+10	1.490441e+01	6.597345e+01	5.592229e+01	3.752064e+00	4.402989e-01	0.000000e+00	0.000000e+00	0.000000e+00	6.269502e-04	7.701474e-09	3.078883e-03	1.643881e+07	2.019348e+02	8.072920e+07	
9.200000e+00	2.630574e+10	6.312541e+10	1.491784e+01	6.597345e+01	5.597270e+01	3.752064e+00	4.314781e-01	0.000000e+00	0.000000e+00	0.000000e+00	6.663043e-04	7.799269e-09	3.086845e-03	1.752763e+07	2.051655e+02	8.120174e+07	
9.250000e+00	2.638172e+10	6.287623e+10	1.492594e+01	6.597345e+01	5.600306e+01	3.752064e+00	4.099075e-01	0.000000e+00	0.000000e+00	0.000000e+00	6.610154e-04	7.880596e-09	3.087144e-03	1.743872e+07	2.079037e+02	8.144419e+07	
9.300000e+00	2.643986e+10	6.331530e+10	1.492400e+01	6.597345e+01	5.599579e+01	3.752064e+00	4.115815e-01	0.000000e+00	0.000000e+00	0.000000e+00	6.564340e-04	7.899400e-09	3.087174e-03	1.735602e+07	2.088590e+02	8.162443e+07	
9.350000e+00	2.649966e+10	6.462023e+10	1.492309e+01	6.597345e+01	5.599238e+01	3.752064e+00	4.203457e-01	0.000000e+00	0.000000e+00	0.000000e+00	6.524932e-04	7.910342e-09	3.087339e-03	1.729085e+07	2.096214e+02	8.181344e+07	
9.400000e+00	2.656621e+10	6.350219e+10	1.492605e+01	6.597345e+01	5.600349e+01	3.752064e+00	3.927034e-01	0.000000e+00	0.000000e+00	0.000000e+00	6.493697e-04	7.963865e-09	3.087776e-03	1.725129e+07	2.115697e+02	8.203049e+07	
9.450000e+00	2.661148e+10	6.288690e+10	1.491715e+01	6.597345e+01	5.597011e+01	3.752064e+00	3.929965e-01	0.000000e+00	0.000000e+00	0.000000e+00	6.107562e-04	8.068708e-09	3.082165e-03	1.625312e+07	2.147202e+02	8.202095e+07	
9.500000e+00	2.665890e+10	6.244270e+10	1.490958e+01	6.597345e+01	5.594171e+01	3.752064e+00	3.895535e-01	0.000000e+00	0.000000e+00	0.000000e+00	6.126520e-04	8.121465e-09	3.083212e-03	1.633263e+07	2.165094e+02	8.219506e+07	
9.550000e+00	2.670542e+10	6.250661e+10	1.490161e+01	6.597345e+01	5.591180e+01	3.752064e+00	4.050732e-01	0.000000e+00	0.000000e+00	0.000000e+00	6.142674e-04	8.207867e-09	3.084304e-03	1.640427e+07	2.191945e+02	8.236761e+07	
9.600000e+00	2.676523e+10	6.206743e+10	1.490116e+01	6.597345e+01	5.591011e+01	3.752064e+00	4.067005e-01	0.000000e+00	0.000000e+00	0.000000e+00	6.154061e-04	8.283747e-09	3.085316e-03	1.647149e+07	2.217164e+02	8.257920e+07	
9.650000e+00	2.682635e+10	6.184891e+10	1.490152e+01	6.597345e+01	5.591144e+01	3.752064e+00	4.200216e-01	0.000000e+00	0.000000e+00	0.000000e+00	6.162839e-04	8.326780e-09	3.086208e-03	1.653265e+07	2.233771e+02	8.279171e+07	
9.700000e+00	2.689733e+10	6.271584e+10	1.490740e+01	6.597345e+01	5.593352e+01	3.752064e+00	4.257685e-01	0.000000e+00	0.000000e+00	0.000000e+00	6.170653e-04	8.372545e-09	3.087029e-03	1.659741e+07	2.251991e+02	8.303282e+07	
9.750000e+00	2.697131e+10	6.199551e+10	1.491500e+01	6.597345e+01	5.596203e+01	3.752064e+00	4.081740e-01	0.000000e+00	0.000000e+00	0.000000e+00	6.180570e-04	8.420611e-09	3.087944e-03	1.666981e+07	2.271149e+02	8.328590e+07	
9.800000e+00	2.703052e+10	6.250859e+10	1.491449e+01	6.597345e+01	5.596013e+01	3.752064e+00	4.121979e-01	0.000000e+00	0.000000e+00	0.000000e+00	6.187447e-04	8.419519e-09	3.088858e-03	1.672499e+07	2.275840e+02	8.349346e+07	
9.850000e+00	2.709285e+10	6.182084e+10	1.491577e+01	6.597345e+01	5.596493e+01	3.752064e+00	4.057013e-01	0.000000e+00	0.000000e+00	0.000000e+00	6.195721e-04	8.432813e-09	3.089889e-03	1.678597e+07	2.284690e+02	8.371391e+07	
9.900000e+00	2.715006e+10	6.390022e+10	1.491431e+01	6.597345e+01	5.595943e+01	3.752064e+00	4.517703e-01	0.000000e+00	0.000000e+00	0.000000e+00	6.198296e-04	8.384177e-09	3.090616e-03	1.682841e+07	2.276309e+02	8.391041e+07	
9.950000e+00	2.724193e+10	6.141413e+10	1.493192e+01	6.597345e+01	5.602553e+01	3.752064e+00	3.962082e-01	0.000000e+00	0.000000e+00	0.000000e+00	6.524990e-04	8.442153e-09	3.096788e-03	1.777533e+07	2.299806e+02	8.436250e+07	
1.000000e+01	2.728854e+10	6.201054e+10	1.492478e+01	6.597345e+01	5.599871e+01	3.752064e+00	4.110961e-01	0.000000e+00	0.000000e+00	0.000000e+00	6.135887e-04	8.413192e-09	3.091068e-03	1.674394e+07	2.295837e+02	8.435074e+07	
1.005000e+01	2.734781e+10	6.287170e+10	1.492464e+01	6.597345e+01	5.599821e+01	3.752064e+00	4.233968e-01	0.000000e+00	0.000000e+00	0.000000e+00	6.145026e-04	8.346614e-09	3.092409e-03	1.680530e+07	2.282617e+02	8.457063e+07	
1.010000e+01	2.741630e+10	6.121454e+10	1.492960e+01	6.597345e+01	5.601680e+01	3.752064e+00	4.181288e-01	0.000000e+00	0.000000e+00	0.000000e+00	6.154096e-04	8.324564e-09	3.093661e-03	1.687225e+07	2.282287e+02	8.481671e+07	
1.015000e+01	2.747977e+10	6.211216e+10	1.493188e+01	6.597345e+01	5.602536e+01	3.752064e+00	4.070319e-01	0.000000e+00	0.000000e+00	0.000000e+00	6.161154e-04	8.314317e-09	3.094951e-03	1.693071e+07	2.284755e+02	8.504856e+07	
1.020000e+01	2.753447e+10	6.398516e+10	1.492946e+01	6.597345e+01	5.601628e+01	3.752064e+00	4.161286e-01	0.000000e+00	0.000000e+00	0.000000e+00	5.821381e-04	8.330597e-09	3.090163e-03	1.602887e+07	2.293786e+02	8.508601e+07	
1.025000e+01	2.759649e+10	6.387475e+10	1.493108e+01	6.597345e+01	5.602235e+01	3.752064e+00	4.148759e-01	0.000000e+00	0.000000e+00	0.000000e+00	5.876030e-04	8.379852e-09	3.092153e-03	1.621578e+07	2.312545e+02	8.533256e+07	
1.030000e+01	2.765721e+10	6.543001e+10	1.493206e+01	6.597345e+01	5.602605e+01	3.752064e+00	4.341636e-01	0.000000e+00	0.000000e+00	0.000000e+00	5.920903e-04	8.399738e-09	3.093844e-03	1.637557e+07	2.323133e+02	8.556712e+07	
1.035000e+01	2.773213e+10	6.602587e+10	1.494075e+01	6.597345e+01	5.605866e+01	3.752064e+00	4.243935e-01	0.000000e+00	0.000000e+00	0.000000e+00	6.275538e-04	8.413187e-09	3.100657e-03	1.740340e+07	2.333156e+02	8.598782e+07	
1.040000e+01	2.779787e+10	6.736114e+10	1.494454e+01	6.597345e+01	5.607287e+01	3.752064e+00	4.223755e-01	0.000000e+00	0.000000e+00	0.000000e+00	6.272952e-04	8.468712e-09	3.101813e-03	1.743747e+07	2.354121e+02	8.622378e+07	
1.045000e+01	2.786128e+10	6.780218e+10	1.494713e+01	6.597345e+01	5.608259e+01	3.752064e+00	4.123380e-01	0.000000e+00	0.000000e+00	0.000000e+00	6.272939e-04	8.498562e-09	3.103022e-03	1.747721e+07	2.367808e+02	8.645416e+07	
1.050000e+01	2.791663e+10	6.844156e+10	1.494546e+01	6.597345e+01	5.607632e+01	3.752064e+00	4.143984e-01	0.000000e+00	0.000000e+00	0.000000e+00	6.273192e-04	8.483337e-09	3.104161e-03	1.751264e+07	2.368262e+02	8.665771e+07	
1.055000e+01	2.797388e+10	6.970024e+10	1.494488e+01	6.597345e+01	5.607414e+01	3.752064e+00	4.075900e-01	0.000000e+00	0.000000e+00	0.000000e+00	6.273983e-04	8.466139e-09	3.105217e-03	1.755077e+07	2.368308e+02	8.686496e+07	
1.060000e+01	2.802617e+10	6.889740e+10	1.494172e+01	6.597345e+01	5.606228e+01	3.752064e+00	4.156256e-01	0.000000e+00	0.000000e+00	0.000000e+00	6.277552e-04	8.510597e-09	3.106472e-03	1.759358e+07	2.385195e+02	8.706253e+07	
1.065000e+01	2.808515e+10	7.024599e+10	1.494219e+01	6.597345e+01	5.606407e+01	3.752064e+00	4.157619e-01	0.000000e+00	0.000000e+00	0.000000e+00	6.273826e-04	8.491997e-09	3.107731e-03	1.762014e+07	2.384990e+02	8.728110e+07	
1.070000e+01	2.814413e+10	7.303176e+10	1.494273e+01	6.597345e+01	5.606608e+01	3.752064e+00	4.465148e-01	0.000000e+00	0.000000e+00	0.000000e+00	6.271301e-04	8.532511e-09	3.109070e-03	1.765003e+07	2.401401e+02	8.750208e+07	
1.075000e+01	2.822597e+10	7.642267e+10	1.495544e+01	6.597345e+01	5.611377e+01	3.752064e+00	4.426964e-01	0.000000e+00	0.000000e+00	0.000000e+00	6.644719e-04	8.612708e-09	3.117101e-03	1.875536e+07	2.431020e+02	8.798319e+07	
1.080000e+01	2.830222e+10	7.754999e+10	1.496521e+01	6.597345e+01	5.615041e+01	3.752064e+00	4.396640e-01	0.000000e+00	0.000000e+00	0.000000e+00	6.610770e-04	8.734769e-09	3.118226e-03	1.870994e+07	2.472134e+02	8.825270e+07	
1.085000e+01	2.837409e+10	7.858439e+10	1.497269e+01	6.597345e+01	5.617847e+01	3.752064e+00	4.451846e-01	0.000000e+00	0.000000e+00	0.000000e+00	6.582566e-04	8.846681e-09	3.119333e-03	1.867743e+07	2.510166e+02	8.850824e+07	
1.090000e+01	2.844849e+10	7.836988e+10	1.498152e+01	6.597345e+01	5.621163e+01	3.752064e+00	4.181975e-01	0.000000e+00	0.000000e+00	0.000000e+00	6.561614e-04	9.019179e-09	3.120941e-03	1.866680e+07	2.565820e+02	8.878606e+07	
1.095000e+01	2.850076e+10	7.779012e+10	1.497876e+01	6.597345e+01	5.620127e+01	3.752064e+00	4.139868e-01	0.000000e+00	0.000000e+00	0.000000e+00	6.540779e-04	9.090176e-09	3.122352e-03	1.864172e+07	2.590770e+02	8.898943e+07	
1.100000e+01	2.855049e+10	7.866799e+10	1.497473e+01	6.597345e+01	5.618615e+01	3.752064e+00	4.246886e-01	0.000000e+00	0.000000e+00	0.000000e+00	6.517769e-04	9.066433e-09	3.123303e-03	1.860855e+07	2.588511e+02	8.917182e+07	
1.105000e+01	2.860909e+10	7.869001e+10	1.497543e+01	6.597345e+01	5.618878e+01	3.752064e+00	4.240530e-01	0.000000e+00	0.000000e+00	0.000000e+00	6.499635e-04	9.065172e-09	3.124224e-03	1.859487e+07	2.593464e+02	8.938122e+07	
1.110000e+01	2.866707e+10	8.085058e+10	1.497586e+01	6.597345e+01	5.619038e+01	3.752064e+00	4.429097e-01	0.000000e+00	0.000000e+00	0.000000e+00	6.482367e-04	9.047575e-09	3.125099e-03	1.858305e+07	2.593675e+02	8.958744e+07	
1.115000e+01	2.873908e+10	8.263681e+10	1.498366e+01	6.597345e+01	5.621964e+01	3.752064e+00	4.472205e-01	0.000000e+00	0.000000e+00	0.000000e+00	6.472077e-04	9.071060e-09	3.126243e-03	1.860016e+07	2.606939e+02	8.984536e+07	
1.120000e+01	2.881264e+10	8.253313e+10	1.499229e+01	6.597345e+01	5.625204e+01	3.752064e+00	4.650146e-01	0.000000e+00	0.000000e+00	0.000000e+00	6.467040e-04	9.169841e-09	3.127601e-03	1.863325e+07	2.642073e+02	9.011445e+07	
1.125000e+01	2.889768e+10	8.326190e+10	1.500691e+01	6.597345e+01	5.630689e+01	3.752064e+00	4.451580e-01	0.000000e+00	0.000000e+00	0.000000e+00	6.820790e-04	9.258957e-09	3.135267e-03	1.971050e+07	2.675623e+02	9.060193e+07	
1.130000e+01	2.896468e+10	8.501389e+10	1.501219e+01	6.597345e+01	5.632668e+01	3.752064e+00	4.458860e-01	0.000000e+00	0.000000e+00	0.000000e+00	6.776655e-04	9.339552e-09	3.136056e-03	1.962837e+07	2.705172e+02	9.083486e+07	
1.135000e+01	2.903110e+10	8.605520e+10	1.501719e+01	6.597345e+01	5.634546e+01	3.752064e+00	4.364267e-01	0.000000e+00	0.000000e+00	0.000000e+00	6.740333e-04	9.420316e-09	3.136695e-03	1.956793e+07	2.734821e+02	9.106169e+07	
1.140000e+01	2.908933e+10	8.723757e+10	1.501801e+01	6.597345e+01	5.634854e+01	3.752064e+00	4.169417e-01	0.000000e+00	0.000000e+00	0.000000e+00	6.709628e-04	9.464114e-09	3.137309e-03	1.951786e+07	2.753047e+02	9.126222e+07	
1.145000e+01	2.913276e+10	8.793792e+10	1.501126e+01	6.597345e+01	5.632319e+01	3.752064e+00	4.280154e-01	0.000000e+00	0.000000e+00	0.000000e+00	6.353737e-04	9.477225e-09	3.132100e-03	1.851019e+07	2.760977e+02	9.124672e+07	
1.150000e+01	2.918596e+10	8.839505e+10	1.500961e+01	6.597345e+01	5.631701e+01	3.752064e+00	4.287428e-01	0.000000e+00	0.000000e+00	0.000000e+00	6.370404e-04	9.469482e-09	3.133003e-03	1.859264e+07	2.763759e+02	9.143971e+07	
1.155000e+01	2.924006e+10	9.068549e+10	1.500849e+01	6.597345e+01	5.631280e+01	3.752064e+00	4.701423e-01	0.000000e+00	0.000000e+00	0.000000e+00	6.383942e-04	9.378173e-09	3.133651e-03	1.866669e+07	2.742184e+02	9.162815e+07	
1.160000e+01	2.932548e+10	9.206400e+10	1.502347e+01	6.597345e+01	5.636900e+01	3.752064e+00	4.785729e-01	0.000000e+00	0.000000e+00	0.000000e+00	6.695906e-04	9.310208e-09	3.139320e-03	1.963606e+07	2.730263e+02	9.206207e+07	
1.165000e+01	2.941402e+10	9.100418e+10	1.504004e+01	6.597345e+01	5.643119e+01	3.752064e+00	4.529463e-01	0.000000e+00	0.000000e+00	0.000000e+00	6.675227e-04	9.313297e-09	3.139871e-03	1.963453e+07	2.739415e+02	9.235624e+07	
1.170000e+01	2.947975e+10	9.144552e+10	1.504496e+01	6.597345e+01	5.644966e+01	3.752064e+00	4.628382e-01	0.000000e+00	0.000000e+00	0.000000e+00	6.654356e-04	9.307591e-09	3.140702e-03	1.961687e+07	2.743854e+02	9.258709e+07	
1.175000e+01	2.955186e+10	9.297321e+10	1.505317e+01	6.597345e+01	5.648047e+01	3.752064e+00	4.595271e-01	0.000000e+00	0.000000e+00	0.000000e+00	6.987781e-04	9.297692e-09	3.147779e-03	2.065019e+07	2.747641e+02	9.302272e+07	
1.180000e+01	2.961971e+10	9.213889e+10	1.505925e+01	6.597345e+01	5.650325e+01	3.752064e+00	4.539963e-01	0.000000e+00	0.000000e+00	0.000000e+00	6.937614e-04	9.356433e-09	3.148484e-03	2.054902e+07	2.771349e+02	9.325721e+07	
1.185000e+01	2.968210e+10	9.199843e+10	1.506257e+01	6.597345e+01	5.651573e+01	3.752064e+00	4.617218e-01	0.000000e+00	0.000000e+00	0.000000e+00	6.892432e-04	9.424854e-09	3.149224e-03	2.045819e+07	2.797495e+02	9.347559e+07	
1.190000e+01	2.974960e+10	9.048350e+10	1.506852e+01	6.597345e+01	5.653806e+01	3.752064e+00	4.243649e-01	0.000000e+00	0.000000e+00	0.000000e+00	6.853145e-04	9.445450e-09	3.150098e-03	2.038783e+07	2.809983e+02	9.371415e+07	
1.195000e+01	2.978767e+10	8.929157e+10	1.505963e+01	6.597345e+01	5.650470e+01	3.752064e+00	4.318762e-01	0.000000e+00	0.000000e+00	0.000000e+00	6.494724e-04	9.481994e-09	3.145953e-03	1.934627e+07	2.824465e+02	9.371061e+07	
1.200000e+01	2.983332e+10	9.022311e+10	1.505465e+01	6.597345e+01	5.648601e+01	3.752064e+00	4.344115e-01	0.000000e+00	0.000000e+00	0.000000e+00	6.519851e-04	9.446685e-09	3.148621e-03	1.945088e+07	2.818260e+02	9.393382e+07	
1.205000e+01	2.988195e+10	9.065698e+10	1.505124e+01	6.597345e+01	5.647322e+01	3.752064e+00	4.495493e-01	0.000000e+00	0.000000e+00	0.000000e+00	6.518509e-04	9.384535e-09	3.150275e-03	1.947858e+07	2.804282e+02	9.413636e+07	
1.210000e+01	2.994272e+10	9.210995e+10	1.505400e+01	6.597345e+01	5.648355e+01	3.752064e+00	4.595411e-01	0.000000e+00	0.000000e+00	0.000000e+00	6.516107e-04	9.375917e-09	3.151428e-03	1.951099e+07	2.807404e+02	9.436231e+07	
1.215000e+01	3.001041e+10	9.387430e+10	1.506027e+01	6.597345e+01	5.650709e+01	3.752064e+00	4.619391e-01	0.000000e+00	0.000000e+00	0.000000e+00	6.517758e-04	9.453482e-09	3.152616e-03	1.956006e+07	2.837028e+02	9.461128e+07	
1.220000e+01	3.007856e+10	9.277195e+10	1.506680e+01	6.597345e+01	5.653158e+01	3.752064e+00	4.209486e-01	0.000000e+00	0.000000e+00	0.000000e+00	6.521879e-04	9.597614e-09	3.154252e-03	1.961687e+07	2.886824e+02	9.487534e+07	
1.225000e+01	3.011443e+10	9.556330e+10	1.505721e+01	6.597345e+01	5.649562e+01	3.752064e+00	4.480698e-01	0.000000e+00	0.000000e+00	0.000000e+00	6.519750e-04	9.573269e-09	3.155538e-03	1.963385e+07	2.882935e+02	9.502722e+07	
1.230000e+01	3.017279e+10	9.502838e+10	1.505894e+01	6.597345e+01	5.650211e+01	3.752064e+00	4.477286e-01	0.000000e+00	0.000000e+00	0.000000e+00	6.811320e-04	9.503532e-09	3.161283e-03	2.055166e+07	2.867481e+02	9.538474e+07	
1.235000e+01	3.023053e+10	9.691334e+10	1.506040e+01	6.597345e+01	5.650758e+01	3.752064e+00	4.528509e-01	0.000000e+00	0.000000e+00	0.000000e+00	6.776777e-04	9.460350e-09	3.161534e-03	2.048656e+07	2.859914e+02	9.557485e+07	
1.240000e+01	3.029181e+10	9.494998e+10	1.506366e+01	6.597345e+01	5.651982e+01	3.752064e+00	4.355120e-01	0.000000e+00	0.000000e+00	0.000000e+00	6.750547e-04	9.448270e-09	3.161912e-03	2.044863e+07	2.862052e+02	9.578002e+07	
1.245000e+01	3.033933e+10	9.537469e+10	1.506013e+01	6.597345e+01	5.650658e+01	3.752064e+00	4.359649e-01	0.000000e+00	0.000000e+00	0.000000e+00	6.720360e-04	9.318586e-09	3.162036e-03	2.038912e+07	2.827196e+02	9.593403e+07	
