# bin_edge_left	bin_edge_right	dN/d[fe/H]	dN/d[o/H]	dN/d[mg/H]	dN/d[o/fe]	dN/d[mg/fe]	dN/d[mg/o]	
-3.000000e+00	-2.950000e+00	0.000000e+00	0.000000e+00	0.000000e+00	0.000000e+00	0.000000e+00	0.000000e+00	
-2.950000e+00	-2.900000e+00	0.000000e+00	0.000000e+00	0.000000e+00	0.000000e+00	0.000000e+00	0.000000e+00	
-2.900000e+00	-2.850000e+00	0.000000e+00	0.000000e+00	0.000000e+00	0.000000e+00	0.000000e+00	0.000000e+00	
-2.850000e+00	-2.800000e+00	0.000000e+00	0.000000e+00	0.000000e+00	0.000000e+00	0.000000e+00	0.000000e+00	
-2.800000e+00	-2.750000e+00	0.000000e+00	0.000000e+00	3.557860e-05	0.000000e+00	0.000000e+00	0.000000e+00	
-2.750000e+00	-2.700000e+00	0.000000e+00	0.000000e+00	0.000000e+00	0.000000e+00	0.000000e+00	0.000000e+00	
-2.700000e+00	-2.650000e+00	0.000000e+00	0.000000e+00	0.000000e+00	0.000000e+00	0.000000e+00	0.000000e+00	
-2.650000e+00	-2.600000e+00	0.000000e+00	0.000000e+00	0.000000e+00	0.000000e+00	0.000000e+00	0.000000e+00	
-2.600000e+00	-2.550000e+00	3.557860e-05	0.000000e+00	7.104468e-05	0.000000e+00	0.000000e+00	0.000000e+00	
-2.550000e+00	-2.500000e+00	0.000000e+00	0.000000e+00	0.000000e+00	0.000000e+00	0.000000e+00	0.000000e+00	
-2.500000e+00	-2.450000e+00	0.000000e+00	0.000000e+00	1.063986e-04	0.000000e+00	0.000000e+00	0.000000e+00	
-2.450000e+00	-2.400000e+00	0.000000e+00	0.000000e+00	0.000000e+00	0.000000e+00	0.000000e+00	0.000000e+00	
-2.400000e+00	-2.350000e+00	7.104468e-05	0.000000e+00	1.416406e-04	0.000000e+00	0.000000e+00	0.000000e+00	
-2.350000e+00	-2.300000e+00	0.000000e+00	0.000000e+00	0.000000e+00	0.000000e+00	0.000000e+00	0.000000e+00	
-2.300000e+00	-2.250000e+00	1.063986e-04	0.000000e+00	1.767710e-04	0.000000e+00	0.000000e+00	0.000000e+00	
-2.250000e+00	-2.200000e+00	0.000000e+00	0.000000e+00	2.117902e-04	0.000000e+00	0.000000e+00	0.000000e+00	
-2.200000e+00	-2.150000e+00	1.416406e-04	3.557860e-05	2.466985e-04	0.000000e+00	0.000000e+00	0.000000e+00	
-2.150000e+00	-2.100000e+00	0.000000e+00	0.000000e+00	2.814962e-04	0.000000e+00	0.000000e+00	0.000000e+00	
-2.100000e+00	-2.050000e+00	1.767710e-04	0.000000e+00	3.161836e-04	0.000000e+00	0.000000e+00	0.000000e+00	
-2.050000e+00	-2.000000e+00	2.117902e-04	7.104468e-05	3.507611e-04	0.000000e+00	0.000000e+00	0.000000e+00	
-2.000000e+00	-1.950000e+00	2.466985e-04	0.000000e+00	8.048161e-04	0.000000e+00	0.000000e+00	0.000000e+00	
-1.950000e+00	-1.900000e+00	2.814962e-04	0.000000e+00	4.538367e-04	0.000000e+00	0.000000e+00	0.000000e+00	
-1.900000e+00	-1.850000e+00	3.161836e-04	1.063986e-04	1.009987e-03	0.000000e+00	0.000000e+00	0.000000e+00	
-1.850000e+00	-1.800000e+00	3.507611e-04	0.000000e+00	1.145684e-03	0.000000e+00	0.000000e+00	0.000000e+00	
-1.800000e+00	-1.750000e+00	8.048161e-04	1.416406e-04	1.971077e-03	0.000000e+00	0.000000e+00	0.000000e+00	
-1.750000e+00	-1.700000e+00	4.538367e-04	1.767710e-04	1.481171e-03	0.000000e+00	0.000000e+00	0.000000e+00	
-1.700000e+00	-1.650000e+00	1.009987e-03	0.000000e+00	2.470315e-03	0.000000e+00	0.000000e+00	0.000000e+00	
-1.650000e+00	-1.600000e+00	1.145684e-03	2.117902e-04	3.753311e-03	0.000000e+00	0.000000e+00	0.000000e+00	
-1.600000e+00	-1.550000e+00	6.234594e-04	2.466985e-04	4.272406e-03	0.000000e+00	0.000000e+00	0.000000e+00	
-1.550000e+00	-1.500000e+00	2.071562e-03	2.814962e-04	4.784903e-03	0.000000e+00	0.000000e+00	0.000000e+00	
-1.500000e+00	-1.450000e+00	1.547629e-03	6.669447e-04	6.691899e-03	0.000000e+00	0.000000e+00	0.000000e+00	
-1.450000e+00	-1.400000e+00	1.679912e-03	3.852288e-04	9.056164e-03	0.000000e+00	0.000000e+00	0.000000e+00	
-1.400000e+00	-1.350000e+00	2.766059e-03	8.734240e-04	1.195301e-02	0.000000e+00	0.000000e+00	0.000000e+00	
-1.350000e+00	-1.300000e+00	4.143254e-03	4.879774e-04	1.544946e-02	0.000000e+00	0.000000e+00	0.000000e+00	
-1.300000e+00	-1.250000e+00	3.445203e-03	1.077944e-03	1.960333e-02	0.000000e+00	0.000000e+00	0.000000e+00	
-1.250000e+00	-1.200000e+00	5.038701e-03	1.870271e-03	2.446242e-02	0.000000e+00	0.000000e+00	0.000000e+00	
-1.200000e+00	-1.150000e+00	7.004604e-03	1.414501e-03	3.295705e-02	0.000000e+00	0.000000e+00	0.000000e+00	
-1.150000e+00	-1.100000e+00	7.777639e-03	2.371103e-03	4.650453e-02	0.000000e+00	0.000000e+00	0.000000e+00	
-1.100000e+00	-1.050000e+00	1.033623e-02	2.667792e-03	5.950049e-02	0.000000e+00	0.000000e+00	0.000000e+00	
-1.050000e+00	-1.000000e+00	1.341549e-02	4.013688e-03	7.873042e-02	0.000000e+00	0.000000e+00	0.000000e+00	
-1.000000e+00	-9.500000e-01	1.708090e-02	4.529475e-03	1.108035e-01	0.000000e+00	0.000000e+00	0.000000e+00	
-9.500000e-01	-9.000000e-01	2.138889e-02	6.377182e-03	1.496734e-01	0.000000e+00	0.000000e+00	0.000000e+00	
-9.000000e-01	-8.500000e-01	2.638610e-02	8.685109e-03	2.131337e-01	0.000000e+00	0.000000e+00	0.000000e+00	
-8.500000e-01	-8.000000e-01	3.518417e-02	9.791159e-03	3.154276e-01	0.000000e+00	0.000000e+00	0.000000e+00	
-8.000000e-01	-7.500000e-01	4.571590e-02	1.473890e-02	4.745425e-01	0.000000e+00	0.000000e+00	0.000000e+00	
-7.500000e-01	-7.000000e-01	5.812511e-02	1.661853e-02	7.595055e-01	0.000000e+00	0.000000e+00	0.000000e+00	
-7.000000e-01	-6.500000e-01	7.673928e-02	2.334336e-02	1.364760e+00	0.000000e+00	0.000000e+00	0.000000e+00	
-6.500000e-01	-6.000000e-01	1.034038e-01	3.166138e-02	3.044483e+00	0.000000e+00	0.000000e+00	0.000000e+00	
-6.000000e-01	-5.500000e-01	1.297329e-01	3.862490e-02	1.323868e+01	0.000000e+00	0.000000e+00	2.000000e+01	
-5.500000e-01	-5.000000e-01	1.825424e-01	5.344317e-02	0.000000e+00	0.000000e+00	9.036864e+00	0.000000e+00	
-5.000000e-01	-4.500000e-01	2.387654e-01	7.149253e-02	0.000000e+00	0.000000e+00	4.919732e+00	0.000000e+00	
-4.500000e-01	-4.000000e-01	3.306588e-01	9.748259e-02	0.000000e+00	0.000000e+00	3.464634e+00	0.000000e+00	
-4.000000e-01	-3.500000e-01	4.514685e-01	1.386900e-01	0.000000e+00	0.000000e+00	2.061311e+00	0.000000e+00	
-3.500000e-01	-3.000000e-01	6.279828e-01	1.886286e-01	0.000000e+00	0.000000e+00	4.619873e-01	0.000000e+00	
-3.000000e-01	-2.500000e-01	8.919238e-01	2.790601e-01	0.000000e+00	0.000000e+00	4.330760e-02	0.000000e+00	
-2.500000e-01	-2.000000e-01	1.263040e+00	4.090484e-01	0.000000e+00	0.000000e+00	8.967533e-03	0.000000e+00	
-2.000000e-01	-1.500000e-01	1.818362e+00	6.567292e-01	0.000000e+00	0.000000e+00	3.197016e-03	0.000000e+00	
-1.500000e-01	-1.000000e-01	2.646393e+00	1.147262e+00	0.000000e+00	0.000000e+00	0.000000e+00	0.000000e+00	
-1.000000e-01	-5.000000e-02	4.128994e+00	2.404754e+00	0.000000e+00	0.000000e+00	0.000000e+00	0.000000e+00	
-5.000000e-02	0.000000e+00	6.840909e+00	1.054707e+01	0.000000e+00	0.000000e+00	0.000000e+00	0.000000e+00	
0.000000e+00	5.000000e-02	0.000000e+00	3.834869e+00	0.000000e+00	7.618731e+00	0.000000e+00	0.000000e+00	
5.000000e-02	1.000000e-01	0.000000e+00	0.000000e+00	0.000000e+00	5.243301e+00	0.000000e+00	0.000000e+00	
1.000000e-01	1.500000e-01	0.000000e+00	0.000000e+00	0.000000e+00	3.665421e+00	0.000000e+00	0.000000e+00	
1.500000e-01	2.000000e-01	0.000000e+00	0.000000e+00	0.000000e+00	2.452968e+00	0.000000e+00	0.000000e+00	
2.000000e-01	2.500000e-01	0.000000e+00	0.000000e+00	0.000000e+00	8.977216e-01	0.000000e+00	0.000000e+00	
2.500000e-01	3.000000e-01	0.000000e+00	0.000000e+00	0.000000e+00	1.014084e-01	0.000000e+00	0.000000e+00	
3.000000e-01	3.500000e-01	0.000000e+00	0.000000e+00	0.000000e+00	1.447326e-02	0.000000e+00	0.000000e+00	
3.500000e-01	4.000000e-01	0.000000e+00	0.000000e+00	0.000000e+00	5.976147e-03	0.000000e+00	0.000000e+00	
4.000000e-01	4.500000e-01	0.000000e+00	0.000000e+00	0.000000e+00	0.000000e+00	0.000000e+00	0.000000e+00	
4.500000e-01	5.000000e-01	0.000000e+00	0.000000e+00	0.000000e+00	0.000000e+00	0.000000e+00	0.000000e+00	
5.000000e-01	5.500000e-01	0.000000e+00	0.000000e+00	0.000000e+00	0.000000e+00	0.000000e+00	0.000000e+00	
5.500000e-01	6.000000e-01	0.000000e+00	0.000000e+00	0.000000e+00	0.000000e+00	0.000000e+00	0.000000e+00	
6.000000e-01	6.500000e-01	0.000000e+00	0.000000e+00	0.000000e+00	0.000000e+00	0.000000e+00	0.000000e+00	
6.500000e-01	7.000000e-01	0.000000e+00	0.000000e+00	0.000000e+00	0.000000e+00	0.000000e+00	0.000000e+00	
7.000000e-01	7.500000e-01	0.000000e+00	0.000000e+00	0.000000e+00	0.000000e+00	0.000000e+00	0.000000e+00	
7.500000e-01	8.000000e-01	0.000000e+00	0.000000e+00	0.000000e+00	0.000000e+00	0.000000e+00	0.000000e+00	
8.000000e-01	8.500000e-01	0.000000e+00	0.000000e+00	0.000000e+00	0.000000e+00	0.000000e+00	0.000000e+00	
8.500000e-01	9.000000e-01	0.000000e+00	0.000000e+00	0.000000e+00	0.000000e+00	0.000000e+00	0.000000e+00	
9.000000e-01	9.500000e-01	0.000000e+00	0.000000e+00	0.000000e+00	0.000000e+00	0.000000e+00	0.000000e+00	
9.500000e-01	1.000000e+00	0.000000e+00	0.000000e+00	0.000000e+00	0.000000e+00	0.000000e+00	0.000000e+00	
