# bin_edge_left	bin_edge_right	dN/d[fe/H]	dN/d[sr/H]	dN/d[o/H]	dN/d[sr/fe]	dN/d[o/fe]	dN/d[o/sr]	
-3.000000e+00	-2.950000e+00	0.000000e+00	0.000000e+00	0.000000e+00	1.558999e-05	1.558999e-05	1.558999e-05	
-2.950000e+00	-2.900000e+00	0.000000e+00	0.000000e+00	0.000000e+00	0.000000e+00	0.000000e+00	0.000000e+00	
-2.900000e+00	-2.850000e+00	0.000000e+00	0.000000e+00	0.000000e+00	0.000000e+00	0.000000e+00	0.000000e+00	
-2.850000e+00	-2.800000e+00	0.000000e+00	0.000000e+00	0.000000e+00	0.000000e+00	0.000000e+00	0.000000e+00	
-2.800000e+00	-2.750000e+00	0.000000e+00	0.000000e+00	0.000000e+00	0.000000e+00	0.000000e+00	0.000000e+00	
-2.750000e+00	-2.700000e+00	0.000000e+00	0.000000e+00	0.000000e+00	0.000000e+00	0.000000e+00	0.000000e+00	
-2.700000e+00	-2.650000e+00	0.000000e+00	0.000000e+00	0.000000e+00	0.000000e+00	0.000000e+00	0.000000e+00	
-2.650000e+00	-2.600000e+00	0.000000e+00	0.000000e+00	0.000000e+00	0.000000e+00	0.000000e+00	0.000000e+00	
-2.600000e+00	-2.550000e+00	0.000000e+00	0.000000e+00	0.000000e+00	0.000000e+00	0.000000e+00	0.000000e+00	
-2.550000e+00	-2.500000e+00	0.000000e+00	0.000000e+00	0.000000e+00	0.000000e+00	0.000000e+00	0.000000e+00	
-2.500000e+00	-2.450000e+00	0.000000e+00	0.000000e+00	0.000000e+00	0.000000e+00	0.000000e+00	0.000000e+00	
-2.450000e+00	-2.400000e+00	0.000000e+00	0.000000e+00	0.000000e+00	0.000000e+00	0.000000e+00	0.000000e+00	
-2.400000e+00	-2.350000e+00	0.000000e+00	0.000000e+00	0.000000e+00	0.000000e+00	0.000000e+00	0.000000e+00	
-2.350000e+00	-2.300000e+00	0.000000e+00	0.000000e+00	0.000000e+00	0.000000e+00	0.000000e+00	0.000000e+00	
-2.300000e+00	-2.250000e+00	0.000000e+00	0.000000e+00	0.000000e+00	0.000000e+00	0.000000e+00	0.000000e+00	
-2.250000e+00	-2.200000e+00	0.000000e+00	0.000000e+00	0.000000e+00	0.000000e+00	0.000000e+00	0.000000e+00	
-2.200000e+00	-2.150000e+00	0.000000e+00	0.000000e+00	0.000000e+00	0.000000e+00	0.000000e+00	0.000000e+00	
-2.150000e+00	-2.100000e+00	0.000000e+00	0.000000e+00	0.000000e+00	0.000000e+00	0.000000e+00	0.000000e+00	
-2.100000e+00	-2.050000e+00	0.000000e+00	0.000000e+00	0.000000e+00	0.000000e+00	0.000000e+00	0.000000e+00	
-2.050000e+00	-2.000000e+00	0.000000e+00	0.000000e+00	0.000000e+00	0.000000e+00	0.000000e+00	0.000000e+00	
-2.000000e+00	-1.950000e+00	0.000000e+00	9.604998e-04	0.000000e+00	0.000000e+00	0.000000e+00	0.000000e+00	
-1.950000e+00	-1.900000e+00	0.000000e+00	0.000000e+00	0.000000e+00	0.000000e+00	0.000000e+00	0.000000e+00	
-1.900000e+00	-1.850000e+00	9.604998e-04	0.000000e+00	0.000000e+00	0.000000e+00	0.000000e+00	0.000000e+00	
-1.850000e+00	-1.800000e+00	0.000000e+00	0.000000e+00	0.000000e+00	0.000000e+00	0.000000e+00	0.000000e+00	
-1.800000e+00	-1.750000e+00	0.000000e+00	1.880250e-03	0.000000e+00	0.000000e+00	0.000000e+00	0.000000e+00	
-1.750000e+00	-1.700000e+00	0.000000e+00	0.000000e+00	0.000000e+00	0.000000e+00	0.000000e+00	0.000000e+00	
-1.700000e+00	-1.650000e+00	1.880250e-03	2.761465e-03	0.000000e+00	0.000000e+00	0.000000e+00	0.000000e+00	
-1.650000e+00	-1.600000e+00	0.000000e+00	0.000000e+00	0.000000e+00	0.000000e+00	0.000000e+00	0.000000e+00	
-1.600000e+00	-1.550000e+00	2.761465e-03	3.606119e-03	0.000000e+00	0.000000e+00	0.000000e+00	0.000000e+00	
-1.550000e+00	-1.500000e+00	0.000000e+00	4.416029e-03	0.000000e+00	0.000000e+00	0.000000e+00	0.000000e+00	
-1.500000e+00	-1.450000e+00	3.606119e-03	0.000000e+00	0.000000e+00	0.000000e+00	0.000000e+00	0.000000e+00	
-1.450000e+00	-1.400000e+00	4.416029e-03	5.192885e-03	9.604998e-04	0.000000e+00	0.000000e+00	0.000000e+00	
-1.400000e+00	-1.350000e+00	0.000000e+00	5.938274e-03	0.000000e+00	0.000000e+00	0.000000e+00	0.000000e+00	
-1.350000e+00	-1.300000e+00	5.192885e-03	1.080812e-02	0.000000e+00	0.000000e+00	0.000000e+00	0.000000e+00	
-1.300000e+00	-1.250000e+00	5.938274e-03	1.118621e-02	0.000000e+00	0.000000e+00	0.000000e+00	0.000000e+00	
-1.250000e+00	-1.200000e+00	6.653686e-03	1.340710e+00	1.880250e-03	0.000000e+00	0.000000e+00	0.000000e+00	
-1.200000e+00	-1.150000e+00	7.340526e-03	1.726142e-02	0.000000e+00	0.000000e+00	0.000000e+00	0.000000e+00	
-1.150000e+00	-1.100000e+00	1.299322e+00	5.140259e-02	2.761465e-03	0.000000e+00	0.000000e+00	0.000000e+00	
-1.100000e+00	-1.050000e+00	5.682157e-02	2.392399e-02	0.000000e+00	0.000000e+00	0.000000e+00	0.000000e+00	
-1.050000e+00	-1.000000e+00	1.564413e-02	4.522151e-01	3.606119e-03	0.000000e+00	0.000000e+00	0.000000e+00	
-1.000000e+00	-9.500000e-01	2.287101e-02	1.093950e-01	4.416029e-03	0.000000e+00	0.000000e+00	0.000000e+00	
-9.500000e-01	-9.000000e-01	3.443240e-02	3.942355e-01	0.000000e+00	0.000000e+00	0.000000e+00	0.000000e+00	
-9.000000e-01	-8.500000e-01	2.488464e-02	3.283576e-01	5.192885e-03	0.000000e+00	0.000000e+00	0.000000e+00	
-8.500000e-01	-8.000000e-01	4.031768e-02	1.013468e-01	5.938274e-03	0.000000e+00	0.000000e+00	0.000000e+00	
-8.000000e-01	-7.500000e-01	3.309655e-02	3.881204e-01	1.080812e-02	0.000000e+00	0.000000e+00	0.000000e+00	
-7.500000e-01	-7.000000e-01	1.645886e-01	7.152202e-01	1.118621e-02	0.000000e+00	0.000000e+00	0.000000e+00	
-7.000000e-01	-6.500000e-01	4.013681e-01	3.368148e-01	1.340710e+00	0.000000e+00	0.000000e+00	0.000000e+00	
-6.500000e-01	-6.000000e-01	2.932509e-01	2.428185e-01	1.726142e-02	0.000000e+00	0.000000e+00	0.000000e+00	
-6.000000e-01	-5.500000e-01	4.512617e-01	4.000885e-01	5.140259e-02	0.000000e+00	0.000000e+00	0.000000e+00	
-5.500000e-01	-5.000000e-01	5.370879e-02	5.066246e-01	4.994419e-01	0.000000e+00	0.000000e+00	0.000000e+00	
-5.000000e-01	-4.500000e-01	6.158560e-01	6.575148e-01	3.052443e-02	0.000000e+00	0.000000e+00	0.000000e+00	
-4.500000e-01	-4.000000e-01	8.758630e-01	2.507738e-01	6.570673e-01	0.000000e+00	0.000000e+00	0.000000e+00	
-4.000000e-01	-3.500000e-01	4.569828e-01	4.244184e-01	6.676893e-02	0.000000e+00	0.000000e+00	0.000000e+00	
-3.500000e-01	-3.000000e-01	5.400822e-01	5.572069e-02	7.209503e-01	1.290849e+00	0.000000e+00	0.000000e+00	
-3.000000e-01	-2.500000e-01	7.700473e-01	3.486993e-02	6.561272e-01	1.043353e+00	0.000000e+00	0.000000e+00	
-2.500000e-01	-2.000000e-01	5.365044e-01	2.275530e-01	6.469706e-02	1.391239e+00	0.000000e+00	0.000000e+00	
-2.000000e-01	-1.500000e-01	9.503682e-02	4.070894e-01	1.394549e+00	1.725010e+00	0.000000e+00	0.000000e+00	
-1.500000e-01	-1.000000e-01	3.529997e-01	4.027552e-01	3.219862e-01	1.615505e+00	0.000000e+00	0.000000e+00	
-1.000000e-01	-5.000000e-02	6.786115e-01	3.222840e-01	6.064078e-01	8.350675e-01	0.000000e+00	1.284048e-01	
-5.000000e-02	0.000000e+00	5.068789e-01	5.880273e-01	5.668419e-01	1.485804e+00	0.000000e+00	4.613532e-01	
0.000000e+00	5.000000e-02	7.962697e-01	5.120048e-01	3.002899e-01	3.600296e+00	4.233212e-01	7.758527e+00	
5.000000e-02	1.000000e-01	7.395844e-01	3.544311e-01	5.048276e-01	6.324862e+00	9.406511e+00	1.832078e+00	
1.000000e-01	1.500000e-01	1.380981e+00	6.747671e-01	1.018448e+00	6.879990e-01	3.899917e+00	1.278584e+00	
1.500000e-01	2.000000e-01	9.243181e-01	9.982857e-01	7.622904e-01	0.000000e+00	2.427922e+00	9.933788e-01	
2.000000e-01	2.500000e-01	2.747226e+00	5.612911e-01	1.390573e+00	0.000000e+00	1.520834e+00	7.579528e-01	
2.500000e-01	3.000000e-01	2.326157e+00	2.562995e+00	1.924544e+00	0.000000e+00	5.851932e-01	5.056553e-01	
3.000000e-01	3.500000e-01	2.375071e+00	9.823601e-01	2.022430e+00	0.000000e+00	2.015113e-01	2.651090e-01	
3.500000e-01	4.000000e-01	2.653351e-01	3.911684e+00	4.354787e+00	0.000000e+00	1.283156e-01	6.191653e-01	
4.000000e-01	4.500000e-01	8.587663e-02	2.081708e-01	5.773892e-01	0.000000e+00	1.392834e+00	1.452823e+00	
4.500000e-01	5.000000e-01	0.000000e+00	2.962741e-01	1.029352e-01	0.000000e+00	1.362435e-02	1.507618e+00	
5.000000e-01	5.500000e-01	0.000000e+00	1.114444e-01	0.000000e+00	0.000000e+00	0.000000e+00	1.139254e+00	
5.500000e-01	6.000000e-01	0.000000e+00	0.000000e+00	0.000000e+00	0.000000e+00	0.000000e+00	1.300081e+00	
6.000000e-01	6.500000e-01	0.000000e+00	0.000000e+00	0.000000e+00	0.000000e+00	0.000000e+00	0.000000e+00	
6.500000e-01	7.000000e-01	0.000000e+00	0.000000e+00	0.000000e+00	0.000000e+00	0.000000e+00	0.000000e+00	
7.000000e-01	7.500000e-01	0.000000e+00	0.000000e+00	0.000000e+00	0.000000e+00	0.000000e+00	0.000000e+00	
7.500000e-01	8.000000e-01	0.000000e+00	0.000000e+00	0.000000e+00	0.000000e+00	0.000000e+00	0.000000e+00	
8.000000e-01	8.500000e-01	0.000000e+00	0.000000e+00	0.000000e+00	0.000000e+00	0.000000e+00	0.000000e+00	
8.500000e-01	9.000000e-01	0.000000e+00	0.000000e+00	0.000000e+00	0.000000e+00	0.000000e+00	0.000000e+00	
9.000000e-01	9.500000e-01	0.000000e+00	0.000000e+00	0.000000e+00	0.000000e+00	0.000000e+00	0.000000e+00	
9.500000e-01	1.000000e+00	0.000000e+00	0.000000e+00	0.000000e+00	0.000000e+00	0.000000e+00	0.000000e+00	
