# COLUMN NUMBERS: 
#	0: time [Gyr]
#	1: mgas [Msun]			ISM gas mass
#	2: mstar [Msun]			Stellar mass
#	3: sfr [Msun/yr]		Star formation rate
#	4: ifr [Msun/yr]		Infall rate
#	5: ofr [Msun/yr]		Outfow rate
#	6: eta_0			Mass-loading factor
#	7: r_eff			Effective recycilng rate
#	8: z_in(fe)			Inflow fe metallicity
#	9: z_in(sr)			Inflow sr metallicity
#	10: z_in(o)			Inflow o metallicity
#	11: z_out(fe)			Outflow fe metallicity
#	12: z_out(sr)			Outflow sr metallicity
#	13: z_out(o)			Outflow o metallicity
#	14: mass(fe) [Msun]		mass of element fe in ISM
#	15: mass(sr) [Msun]		mass of element sr in ISM
#	16: mass(o) [Msun]		mass of element o in ISM
0.000000e+00	1.000000e-12	7.167148e-30	1.912129e-37	5.969026e+01	5.774418e-37	3.019889e+00	2.503490e-01	0.000000e+00	0.000000e+00	0.000000e+00	4.945433e-293	0.000000e+00	3.850250e-293	0.000000e+00	0.000000e+00	0.000000e+00	
5.000000e-02	2.984513e+09	1.690391e+08	4.509809e+00	5.969026e+01	1.361912e+01	3.019889e+00	2.503490e-01	0.000000e+00	0.000000e+00	0.000000e+00	6.469090e-05	7.223817e-10	8.086362e-04	1.930708e+05	2.155957e+00	2.413385e+06	
1.000000e-01	5.119031e+09	4.491664e+08	7.609431e+00	5.969026e+01	2.297964e+01	3.019889e+00	2.637365e-01	0.000000e+00	0.000000e+00	0.000000e+00	9.181992e-05	1.025322e-09	1.147749e-03	4.700290e+05	5.248657e+00	5.875363e+06	
1.500000e-01	6.674435e+09	8.035382e+08	9.765282e+00	5.969026e+01	2.949007e+01	3.019889e+00	2.742211e-01	0.000000e+00	0.000000e+00	0.000000e+00	1.155993e-04	1.295131e-09	1.444964e-03	7.715602e+05	8.644268e+00	9.644320e+06	
2.000000e-01	7.830073e+09	1.224688e+09	1.128117e+01	5.969026e+01	3.406788e+01	3.019889e+00	2.833817e-01	0.000000e+00	0.000000e+00	0.000000e+00	1.362443e-04	1.535391e-09	1.702959e-03	1.066803e+06	1.202223e+01	1.333430e+07	
2.500000e-01	8.706977e+09	1.695824e+09	1.235871e+01	5.969026e+01	3.732194e+01	3.019889e+00	2.916665e-01	0.000000e+00	0.000000e+00	0.000000e+00	1.556216e-04	1.752302e-09	1.925343e-03	1.354993e+06	1.525725e+01	1.676392e+07	
3.000000e-01	9.387689e+09	2.164052e+09	1.313318e+01	5.969026e+01	3.966075e+01	3.019889e+00	2.981892e-01	0.000000e+00	0.000000e+00	0.000000e+00	1.741939e-04	1.951319e-09	2.115781e-03	1.635278e+06	1.831837e+01	1.986230e+07	
3.500000e-01	9.928314e+09	2.640617e+09	1.369524e+01	5.969026e+01	4.135809e+01	3.019889e+00	3.038454e-01	0.000000e+00	0.000000e+00	0.000000e+00	1.920939e-04	2.136584e-09	2.278141e-03	1.907169e+06	2.121268e+01	2.261810e+07	
4.000000e-01	1.036822e+10	3.121075e+09	1.410746e+01	5.969026e+01	4.260295e+01	3.019889e+00	3.088154e-01	0.000000e+00	0.000000e+00	0.000000e+00	2.093494e-04	2.312005e-09	2.416067e-03	2.170581e+06	2.397139e+01	2.505032e+07	
4.500000e-01	1.073505e+10	3.602873e+09	1.441310e+01	5.969026e+01	4.352596e+01	3.019889e+00	3.132317e-01	0.000000e+00	0.000000e+00	0.000000e+00	2.259659e-04	2.481218e-09	2.532981e-03	2.425754e+06	2.663598e+01	2.719166e+07	
5.000000e-01	1.104834e+10	4.084572e+09	1.464232e+01	5.969026e+01	4.421818e+01	3.019889e+00	3.171936e-01	0.000000e+00	0.000000e+00	0.000000e+00	2.419499e-04	2.648149e-09	2.632004e-03	2.673144e+06	2.925764e+01	2.907927e+07	
5.500000e-01	1.132205e+10	4.565390e+09	1.481632e+01	5.969026e+01	4.474363e+01	3.019889e+00	3.207778e-01	0.000000e+00	0.000000e+00	0.000000e+00	2.573138e-04	2.816454e-09	2.715918e-03	2.913319e+06	3.188803e+01	3.074976e+07	
6.000000e-01	1.156620e+10	5.016455e+09	1.495010e+01	5.969026e+01	4.514764e+01	3.019889e+00	3.228603e-01	0.000000e+00	0.000000e+00	0.000000e+00	2.720764e-04	2.989101e-09	2.787156e-03	3.146890e+06	3.457254e+01	3.223681e+07	
6.500000e-01	1.178717e+10	4.979481e+09	1.505324e+01	5.969026e+01	4.545912e+01	3.019889e+00	3.046105e-01	0.000000e+00	0.000000e+00	0.000000e+00	2.862107e-04	3.158024e-09	2.847242e-03	3.373614e+06	3.722415e+01	3.356092e+07	
7.000000e-01	1.197533e+10	5.451473e+09	1.511467e+01	5.969026e+01	4.564461e+01	3.019889e+00	3.074188e-01	0.000000e+00	0.000000e+00	0.000000e+00	2.998120e-04	3.309192e-09	2.898671e-03	3.590348e+06	3.962867e+01	3.471254e+07	
7.500000e-01	1.215421e+10	5.922918e+09	1.516511e+01	5.969026e+01	4.579694e+01	3.019889e+00	3.100187e-01	0.000000e+00	0.000000e+00	0.000000e+00	3.128446e-04	3.472284e-09	2.942149e-03	3.802378e+06	4.220285e+01	3.575949e+07	
8.000000e-01	1.232569e+10	6.393683e+09	1.520724e+01	5.969026e+01	4.592416e+01	3.019889e+00	3.124377e-01	0.000000e+00	0.000000e+00	0.000000e+00	3.253591e-04	3.644178e-09	2.979274e-03	4.010275e+06	4.491701e+01	3.672160e+07	
8.500000e-01	1.249120e+10	6.863652e+09	1.524300e+01	5.969026e+01	4.603217e+01	3.019889e+00	3.146973e-01	0.000000e+00	0.000000e+00	0.000000e+00	3.373963e-04	3.821851e-09	3.011298e-03	4.214484e+06	4.773950e+01	3.761472e+07	
9.000000e-01	1.265180e+10	7.338764e+09	1.527386e+01	5.969026e+01	4.612534e+01	3.019889e+00	3.168430e-01	0.000000e+00	0.000000e+00	0.000000e+00	3.489903e-04	4.002552e-09	3.039209e-03	4.415355e+06	5.063949e+01	3.845147e+07	
9.500000e-01	1.280832e+10	7.806975e+09	1.530090e+01	5.969026e+01	4.620701e+01	3.019889e+00	3.188337e-01	0.000000e+00	0.000000e+00	0.000000e+00	3.601952e-04	4.182892e-09	3.063776e-03	4.613497e+06	5.357583e+01	3.924184e+07	
1.000000e+00	1.296136e+10	8.240889e+09	1.532491e+01	5.969026e+01	4.627952e+01	3.019889e+00	3.204719e-01	0.000000e+00	0.000000e+00	0.000000e+00	3.710039e-04	4.362318e-09	3.085630e-03	4.808716e+06	5.654159e+01	3.999397e+07	
1.050000e+00	1.311121e+10	8.708137e+09	1.534628e+01	5.969026e+01	4.634407e+01	3.019889e+00	3.222890e-01	0.000000e+00	0.000000e+00	0.000000e+00	3.812606e-04	4.521358e-09	3.105153e-03	4.998789e+06	5.928050e+01	4.071233e+07	
1.100000e+00	1.325851e+10	9.616066e+09	1.536579e+01	5.969026e+01	4.640297e+01	3.019889e+00	3.293693e-01	0.000000e+00	0.000000e+00	0.000000e+00	3.912107e-04	4.683330e-09	3.122867e-03	5.186869e+06	6.209396e+01	4.140456e+07	
1.150000e+00	1.340763e+10	1.051739e+10	1.538848e+01	5.969026e+01	4.647150e+01	3.019889e+00	3.355169e-01	0.000000e+00	0.000000e+00	0.000000e+00	4.033445e-04	4.862404e-09	3.139304e-03	5.407895e+06	6.519333e+01	4.209064e+07	
1.200000e+00	1.355730e+10	1.196990e+10	1.541277e+01	5.969026e+01	4.654484e+01	3.019889e+00	3.635013e-01	0.000000e+00	0.000000e+00	0.000000e+00	4.170114e-04	5.061258e-09	3.154845e-03	5.653550e+06	6.861700e+01	4.277119e+07	
1.250000e+00	1.372406e+10	1.337567e+10	1.545721e+01	5.969026e+01	4.667905e+01	3.019889e+00	3.815937e-01	0.000000e+00	0.000000e+00	0.000000e+00	4.317384e-04	5.304388e-09	3.170164e-03	5.925205e+06	7.279776e+01	4.350753e+07	
1.300000e+00	1.389668e+10	1.478241e+10	1.550869e+01	5.969026e+01	4.683451e+01	3.019889e+00	3.953903e-01	0.000000e+00	0.000000e+00	0.000000e+00	4.470258e-04	5.594599e-09	3.185766e-03	6.212175e+06	7.774636e+01	4.427157e+07	
1.350000e+00	1.407063e+10	1.620820e+10	1.556198e+01	5.969026e+01	4.699546e+01	3.019889e+00	4.067842e-01	0.000000e+00	0.000000e+00	0.000000e+00	4.657045e-04	5.932790e-09	3.202208e-03	6.552758e+06	8.347811e+01	4.505709e+07	
1.400000e+00	1.424379e+10	1.662746e+10	1.561470e+01	5.969026e+01	4.715464e+01	3.019889e+00	4.049108e-01	0.000000e+00	0.000000e+00	0.000000e+00	4.868772e-04	6.310793e-09	3.219301e-03	6.934979e+06	8.988962e+01	4.585506e+07	
1.450000e+00	1.440597e+10	1.744384e+10	1.565574e+01	5.969026e+01	4.727860e+01	3.019889e+00	4.057349e-01	0.000000e+00	0.000000e+00	0.000000e+00	5.046019e-04	6.635540e-09	3.235940e-03	7.269278e+06	9.559136e+01	4.661684e+07	
1.500000e+00	1.456137e+10	1.831251e+10	1.568994e+01	5.969026e+01	4.738189e+01	3.019889e+00	4.087725e-01	0.000000e+00	0.000000e+00	0.000000e+00	5.212273e-04	6.919138e-09	3.251964e-03	7.589781e+06	1.007521e+02	4.735304e+07	
1.550000e+00	1.471297e+10	1.724572e+10	1.572063e+01	5.969026e+01	4.747456e+01	3.019889e+00	3.853144e-01	0.000000e+00	0.000000e+00	0.000000e+00	5.374556e-04	7.184706e-09	3.267318e-03	7.907568e+06	1.057084e+02	4.807195e+07	
1.600000e+00	1.484059e+10	1.673907e+10	1.572648e+01	5.969026e+01	4.749223e+01	3.019889e+00	3.775132e-01	0.000000e+00	0.000000e+00	0.000000e+00	5.470417e-04	7.294342e-09	3.280936e-03	8.118422e+06	1.082524e+02	4.869103e+07	
1.650000e+00	1.496102e+10	1.669063e+10	1.572572e+01	5.969026e+01	4.748993e+01	3.019889e+00	3.765038e-01	0.000000e+00	0.000000e+00	0.000000e+00	5.516457e-04	7.345168e-09	3.292626e-03	8.253181e+06	1.098912e+02	4.926104e+07	
1.700000e+00	1.508079e+10	1.648316e+10	1.572530e+01	5.969026e+01	4.748867e+01	3.019889e+00	3.673745e-01	0.000000e+00	0.000000e+00	0.000000e+00	5.546049e-04	7.397600e-09	3.302973e-03	8.363879e+06	1.115616e+02	4.981143e+07	
1.750000e+00	1.519346e+10	1.538898e+10	1.571853e+01	5.969026e+01	4.746821e+01	3.019889e+00	3.529626e-01	0.000000e+00	0.000000e+00	0.000000e+00	5.548593e-04	7.373098e-09	3.311431e-03	8.430230e+06	1.120228e+02	5.031208e+07	
1.800000e+00	1.529603e+10	1.488312e+10	1.570245e+01	5.969026e+01	4.741966e+01	3.019889e+00	3.478736e-01	0.000000e+00	0.000000e+00	0.000000e+00	5.491385e-04	7.241281e-09	3.317828e-03	8.399642e+06	1.107629e+02	5.074962e+07	
1.850000e+00	1.539757e+10	1.565926e+10	1.568648e+01	5.969026e+01	4.737141e+01	3.019889e+00	3.536655e-01	0.000000e+00	0.000000e+00	0.000000e+00	5.416477e-04	7.080133e-09	3.322903e-03	8.340056e+06	1.090168e+02	5.116462e+07	
1.900000e+00	1.550657e+10	1.692210e+10	1.567919e+01	5.969026e+01	4.734942e+01	3.019889e+00	3.625228e-01	0.000000e+00	0.000000e+00	0.000000e+00	5.377264e-04	6.961643e-09	3.327854e-03	8.338293e+06	1.079512e+02	5.160362e+07	
1.950000e+00	1.562386e+10	1.748530e+10	1.568119e+01	5.969026e+01	4.735546e+01	3.019889e+00	3.565665e-01	0.000000e+00	0.000000e+00	0.000000e+00	5.387744e-04	6.906127e-09	3.333150e-03	8.417735e+06	1.079003e+02	5.207667e+07	
2.000000e+00	1.573611e+10	1.761806e+10	1.567899e+01	5.969026e+01	4.734880e+01	3.019889e+00	3.503396e-01	0.000000e+00	0.000000e+00	0.000000e+00	5.397333e-04	6.778621e-09	3.337838e-03	8.493301e+06	1.066691e+02	5.252458e+07	
2.050000e+00	1.584388e+10	1.713360e+10	1.567320e+01	5.969026e+01	4.733133e+01	3.019889e+00	3.508356e-01	0.000000e+00	0.000000e+00	0.000000e+00	5.390297e-04	6.582706e-09	3.341761e-03	8.540322e+06	1.042956e+02	5.294647e+07	
2.100000e+00	1.595310e+10	1.846478e+10	1.566972e+01	5.969026e+01	4.732081e+01	3.019889e+00	3.623229e-01	0.000000e+00	0.000000e+00	0.000000e+00	5.360766e-04	6.409864e-09	3.345490e-03	8.552084e+06	1.022572e+02	5.337093e+07	
2.150000e+00	1.607196e+10	1.880670e+10	1.567646e+01	5.969026e+01	4.734116e+01	3.019889e+00	3.632089e-01	0.000000e+00	0.000000e+00	0.000000e+00	5.386923e-04	6.363499e-09	3.349978e-03	8.657843e+06	1.022739e+02	5.384072e+07	
2.200000e+00	1.619029e+10	1.878577e+10	1.568333e+01	5.969026e+01	4.736192e+01	3.019889e+00	3.621978e-01	0.000000e+00	0.000000e+00	0.000000e+00	5.413953e-04	6.333439e-09	3.354587e-03	8.765346e+06	1.025402e+02	5.431172e+07	
2.250000e+00	1.630656e+10	1.990626e+10	1.568887e+01	5.969026e+01	4.737866e+01	3.019889e+00	3.657095e-01	0.000000e+00	0.000000e+00	0.000000e+00	5.428171e-04	6.308124e-09	3.359174e-03	8.851480e+06	1.028638e+02	5.477657e+07	
2.300000e+00	1.642458e+10	2.059550e+10	1.569672e+01	5.969026e+01	4.740234e+01	3.019889e+00	3.672955e-01	0.000000e+00	0.000000e+00	0.000000e+00	5.468194e-04	6.312674e-09	3.364095e-03	8.981277e+06	1.036830e+02	5.525383e+07	
2.350000e+00	1.654240e+10	2.119225e+10	1.570497e+01	5.969026e+01	4.742726e+01	3.019889e+00	3.678290e-01	0.000000e+00	0.000000e+00	0.000000e+00	5.514622e-04	6.328334e-09	3.369176e-03	9.122509e+06	1.046859e+02	5.573426e+07	
2.400000e+00	1.665914e+10	2.238511e+10	1.571276e+01	5.969026e+01	4.745079e+01	3.019889e+00	3.757340e-01	0.000000e+00	0.000000e+00	0.000000e+00	5.558941e-04	6.334786e-09	3.374235e-03	9.260717e+06	1.055321e+02	5.621186e+07	
2.450000e+00	1.678067e+10	2.314819e+10	1.572560e+01	5.969026e+01	4.748956e+01	3.019889e+00	3.779809e-01	0.000000e+00	0.000000e+00	0.000000e+00	5.632574e-04	6.415967e-09	3.379889e-03	9.451835e+06	1.076642e+02	5.671680e+07	
2.500000e+00	1.690162e+10	2.386322e+10	1.573838e+01	5.969026e+01	4.752817e+01	3.019889e+00	3.809377e-01	0.000000e+00	0.000000e+00	0.000000e+00	5.708098e-04	6.537727e-09	3.385945e-03	9.647611e+06	1.104982e+02	5.722795e+07	
2.550000e+00	1.702257e+10	2.415530e+10	1.575163e+01	5.969026e+01	4.756817e+01	3.019889e+00	3.807027e-01	0.000000e+00	0.000000e+00	0.000000e+00	5.789216e-04	6.704694e-09	3.392329e-03	9.854735e+06	1.141311e+02	5.774617e+07	
2.600000e+00	1.714093e+10	2.541092e+10	1.576294e+01	5.969026e+01	4.760232e+01	3.019889e+00	3.881357e-01	0.000000e+00	0.000000e+00	0.000000e+00	5.855110e-04	6.884547e-09	3.398757e-03	1.003620e+07	1.180076e+02	5.825785e+07	
2.650000e+00	1.726309e+10	2.547478e+10	1.577818e+01	5.969026e+01	4.764835e+01	3.019889e+00	3.911187e-01	0.000000e+00	0.000000e+00	0.000000e+00	5.946311e-04	7.109665e-09	3.405527e-03	1.026517e+07	1.227348e+02	5.878992e+07	
2.700000e+00	1.738483e+10	2.705875e+10	1.579344e+01	5.969026e+01	4.769444e+01	3.019889e+00	3.984300e-01	0.000000e+00	0.000000e+00	0.000000e+00	6.029221e-04	7.353768e-09	3.412357e-03	1.048170e+07	1.278440e+02	5.932326e+07	
2.750000e+00	1.750958e+10	2.830247e+10	1.581180e+01	5.969026e+01	4.774989e+01	3.019889e+00	4.047680e-01	0.000000e+00	0.000000e+00	0.000000e+00	6.142107e-04	7.633770e-09	3.419614e-03	1.075457e+07	1.336641e+02	5.987601e+07	
2.800000e+00	1.763602e+10	2.768285e+10	1.583202e+01	5.969026e+01	4.781094e+01	3.019889e+00	4.047842e-01	0.000000e+00	0.000000e+00	0.000000e+00	6.274384e-04	7.942473e-09	3.427257e-03	1.106551e+07	1.400736e+02	6.044316e+07	
2.850000e+00	1.775881e+10	2.827670e+10	1.584929e+01	5.969026e+01	4.786310e+01	3.019889e+00	4.093386e-01	0.000000e+00	0.000000e+00	0.000000e+00	6.376630e-04	8.243323e-09	3.434770e-03	1.132413e+07	1.463916e+02	6.099742e+07	
2.900000e+00	1.788209e+10	2.918557e+10	1.586733e+01	5.969026e+01	4.791758e+01	3.019889e+00	4.127785e-01	0.000000e+00	0.000000e+00	0.000000e+00	6.488075e-04	8.564257e-09	3.442488e-03	1.160203e+07	1.531468e+02	6.155887e+07	
2.950000e+00	1.800484e+10	2.888421e+10	1.588522e+01	5.969026e+01	4.797160e+01	3.019889e+00	4.121046e-01	0.000000e+00	0.000000e+00	0.000000e+00	6.605888e-04	8.886160e-09	3.450393e-03	1.189380e+07	1.599939e+02	6.212378e+07	
3.000000e+00	1.812383e+10	3.012346e+10	1.590012e+01	5.969026e+01	4.801658e+01	3.019889e+00	4.169257e-01	0.000000e+00	0.000000e+00	0.000000e+00	6.696797e-04	9.172956e-09	3.457965e-03	1.213716e+07	1.662491e+02	6.267157e+07	
3.050000e+00	1.824397e+10	3.131079e+10	1.591634e+01	5.969026e+01	4.806559e+01	3.019889e+00	4.207922e-01	0.000000e+00	0.000000e+00	0.000000e+00	6.807478e-04	9.464220e-09	3.465670e-03	1.241954e+07	1.726649e+02	6.322757e+07	
3.100000e+00	1.836426e+10	3.294213e+10	1.593302e+01	5.969026e+01	4.811593e+01	3.019889e+00	4.250543e-01	0.000000e+00	0.000000e+00	0.000000e+00	6.929900e-04	9.742118e-09	3.473426e-03	1.272625e+07	1.789068e+02	6.378689e+07	
3.150000e+00	1.848494e+10	3.455143e+10	1.595032e+01	5.969026e+01	4.816820e+01	3.019889e+00	4.281952e-01	0.000000e+00	0.000000e+00	0.000000e+00	7.066239e-04	1.001015e-08	3.481315e-03	1.306190e+07	1.850370e+02	6.435191e+07	
3.200000e+00	1.860502e+10	3.651941e+10	1.596739e+01	5.969026e+01	4.821975e+01	3.019889e+00	4.328745e-01	0.000000e+00	0.000000e+00	0.000000e+00	7.206738e-04	1.026400e-08	3.489256e-03	1.340815e+07	1.909620e+02	6.491768e+07	
3.250000e+00	1.872577e+10	3.851907e+10	1.598531e+01	5.969026e+01	4.827386e+01	3.019889e+00	4.370613e-01	0.000000e+00	0.000000e+00	0.000000e+00	7.361664e-04	1.051055e-08	3.497317e-03	1.378528e+07	1.968182e+02	6.548996e+07	
3.300000e+00	1.884665e+10	3.958301e+10	1.600360e+01	5.969026e+01	4.832910e+01	3.019889e+00	4.339921e-01	0.000000e+00	0.000000e+00	0.000000e+00	7.526599e-04	1.074835e-08	3.505495e-03	1.418512e+07	2.025705e+02	6.606686e+07	
3.350000e+00	1.896180e+10	4.037835e+10	1.601730e+01	5.969026e+01	4.837047e+01	3.019889e+00	4.307145e-01	0.000000e+00	0.000000e+00	0.000000e+00	7.669906e-04	1.090350e-08	3.513204e-03	1.454353e+07	2.067500e+02	6.661668e+07	
3.400000e+00	1.907187e+10	4.029097e+10	1.602702e+01	5.969026e+01	4.839982e+01	3.019889e+00	4.219930e-01	0.000000e+00	0.000000e+00	0.000000e+00	7.786749e-04	1.098256e-08	3.520366e-03	1.485079e+07	2.094580e+02	6.713998e+07	
3.450000e+00	1.917321e+10	3.945419e+10	1.602976e+01	5.969026e+01	4.840810e+01	3.019889e+00	4.126636e-01	0.000000e+00	0.000000e+00	0.000000e+00	7.857210e-04	1.096958e-08	3.526718e-03	1.506479e+07	2.103221e+02	6.761850e+07	
3.500000e+00	1.926657e+10	3.936106e+10	1.602626e+01	5.969026e+01	4.839752e+01	3.019889e+00	4.067497e-01	0.000000e+00	0.000000e+00	0.000000e+00	7.874085e-04	1.086354e-08	3.532002e-03	1.517066e+07	2.093031e+02	6.804958e+07	
3.550000e+00	1.935583e+10	3.845967e+10	1.601980e+01	5.969026e+01	4.837802e+01	3.019889e+00	3.992651e-01	0.000000e+00	0.000000e+00	0.000000e+00	7.865456e-04	1.068636e-08	3.536407e-03	1.522424e+07	2.068433e+02	6.845009e+07	
3.600000e+00	1.944026e+10	3.761289e+10	1.600983e+01	5.969026e+01	4.834790e+01	3.019889e+00	3.851521e-01	0.000000e+00	0.000000e+00	0.000000e+00	7.821177e-04	1.042679e-08	3.539714e-03	1.520457e+07	2.026995e+02	6.881297e+07	
3.650000e+00	1.951520e+10	3.875587e+10	1.599257e+01	5.969026e+01	4.829577e+01	3.019889e+00	3.827490e-01	0.000000e+00	0.000000e+00	0.000000e+00	7.726109e-04	1.003954e-08	3.541557e-03	1.507766e+07	1.959236e+02	6.911418e+07	
3.700000e+00	1.959135e+10	3.807273e+10	1.597685e+01	5.969026e+01	4.824830e+01	3.019889e+00	3.771269e-01	0.000000e+00	0.000000e+00	0.000000e+00	7.637680e-04	9.635459e-09	3.542714e-03	1.496325e+07	1.887717e+02	6.940655e+07	
3.750000e+00	1.966587e+10	3.764314e+10	1.596033e+01	5.969026e+01	4.819842e+01	3.019889e+00	3.722819e-01	0.000000e+00	0.000000e+00	0.000000e+00	7.528451e-04	9.214417e-09	3.543041e-03	1.480536e+07	1.812095e+02	6.967699e+07	
3.800000e+00	1.973953e+10	3.832652e+10	1.594364e+01	5.969026e+01	4.814803e+01	3.019889e+00	3.839988e-01	0.000000e+00	0.000000e+00	0.000000e+00	7.404635e-04	8.783806e-09	3.542620e-03	1.461640e+07	1.733882e+02	6.992967e+07	
3.850000e+00	1.982558e+10	4.006885e+10	1.593743e+01	5.969026e+01	4.812927e+01	3.019889e+00	4.023508e-01	0.000000e+00	0.000000e+00	0.000000e+00	7.290283e-04	8.434297e-09	3.541810e-03	1.445341e+07	1.672148e+02	7.021844e+07	
3.900000e+00	1.992738e+10	4.148285e+10	1.594423e+01	5.969026e+01	4.814981e+01	3.019889e+00	4.155558e-01	0.000000e+00	0.000000e+00	0.000000e+00	7.242771e-04	8.245682e-09	3.541995e-03	1.443295e+07	1.643149e+02	7.058269e+07	
3.950000e+00	2.003848e+10	4.309141e+10	1.595872e+01	5.969026e+01	4.819357e+01	3.019889e+00	4.252979e-01	0.000000e+00	0.000000e+00	0.000000e+00	7.241837e-04	8.187404e-09	3.543312e-03	1.451154e+07	1.640631e+02	7.100258e+07	
4.000000e+00	2.015474e+10	4.305686e+10	1.597751e+01	5.969026e+01	4.825031e+01	3.019889e+00	4.301724e-01	0.000000e+00	0.000000e+00	0.000000e+00	7.273265e-04	8.235980e-09	3.545707e-03	1.465907e+07	1.659940e+02	7.146280e+07	
4.050000e+00	2.027151e+10	4.305356e+10	1.599687e+01	5.969026e+01	4.830878e+01	3.019889e+00	4.341391e-01	0.000000e+00	0.000000e+00	0.000000e+00	7.306626e-04	8.378933e-09	3.548913e-03	1.481164e+07	1.698537e+02	7.194183e+07	
4.100000e+00	2.038799e+10	4.311239e+10	1.601615e+01	5.969026e+01	4.836699e+01	3.019889e+00	4.346270e-01	0.000000e+00	0.000000e+00	0.000000e+00	7.341513e-04	8.606244e-09	3.552812e-03	1.496787e+07	1.754640e+02	7.243468e+07	
4.150000e+00	2.050140e+10	4.253443e+10	1.603318e+01	5.969026e+01	4.841842e+01	3.019889e+00	4.339642e-01	0.000000e+00	0.000000e+00	0.000000e+00	7.365573e-04	8.831248e-09	3.556948e-03	1.510045e+07	1.810529e+02	7.292239e+07	
4.200000e+00	2.061122e+10	4.137050e+10	1.604759e+01	5.969026e+01	4.846193e+01	3.019889e+00	4.297892e-01	0.000000e+00	0.000000e+00	0.000000e+00	7.374389e-04	9.054313e-09	3.561182e-03	1.519952e+07	1.866204e+02	7.340031e+07	
4.250000e+00	2.071511e+10	4.047285e+10	1.605758e+01	5.969026e+01	4.849211e+01	3.019889e+00	4.257357e-01	0.000000e+00	0.000000e+00	0.000000e+00	7.352207e-04	9.221528e-09	3.565123e-03	1.523018e+07	1.910250e+02	7.385192e+07	
4.300000e+00	2.081395e+10	3.998442e+10	1.606390e+01	5.969026e+01	4.851119e+01	3.019889e+00	4.233365e-01	0.000000e+00	0.000000e+00	0.000000e+00	7.303241e-04	9.339924e-09	3.568663e-03	1.520093e+07	1.944007e+02	7.427799e+07	
4.350000e+00	2.090973e+10	3.992253e+10	1.606811e+01	5.969026e+01	4.852391e+01	3.019889e+00	4.271863e-01	0.000000e+00	0.000000e+00	0.000000e+00	7.243917e-04	9.425099e-09	3.571914e-03	1.514684e+07	1.970763e+02	7.468777e+07	
4.400000e+00	2.100785e+10	3.974702e+10	1.607437e+01	5.969026e+01	4.854281e+01	3.019889e+00	4.326168e-01	0.000000e+00	0.000000e+00	0.000000e+00	7.190052e-04	9.500102e-09	3.574918e-03	1.510475e+07	1.995767e+02	7.510134e+07	
4.450000e+00	2.110921e+10	3.944738e+10	1.608334e+01	5.969026e+01	4.856989e+01	3.019889e+00	4.340177e-01	0.000000e+00	0.000000e+00	0.000000e+00	7.151314e-04	9.638671e-09	3.578092e-03	1.509586e+07	2.034647e+02	7.553068e+07	
4.500000e+00	2.121008e+10	3.892388e+10	1.609215e+01	5.969026e+01	4.859651e+01	3.019889e+00	4.458961e-01	0.000000e+00	0.000000e+00	0.000000e+00	7.112606e-04	9.759990e-09	3.581203e-03	1.508589e+07	2.070102e+02	7.595760e+07	
4.550000e+00	2.131893e+10	3.773250e+10	1.610720e+01	5.969026e+01	4.864196e+01	3.019889e+00	4.293642e-01	0.000000e+00	0.000000e+00	0.000000e+00	7.056108e-04	9.875525e-09	3.584455e-03	1.504287e+07	2.105357e+02	7.641675e+07	
4.600000e+00	2.141178e+10	3.746040e+10	1.611036e+01	5.969026e+01	4.865151e+01	3.019889e+00	4.225704e-01	0.000000e+00	0.000000e+00	0.000000e+00	7.027862e-04	9.998879e-09	3.588013e-03	1.504790e+07	2.140938e+02	7.682575e+07	
4.650000e+00	2.149859e+10	3.698355e+10	1.610925e+01	5.969026e+01	4.864814e+01	3.019889e+00	4.151301e-01	0.000000e+00	0.000000e+00	0.000000e+00	7.001104e-04	1.014909e-08	3.591246e-03	1.505138e+07	2.181911e+02	7.720672e+07	
4.700000e+00	2.157960e+10	3.623177e+10	1.610409e+01	5.969026e+01	4.863256e+01	3.019889e+00	4.269267e-01	0.000000e+00	0.000000e+00	0.000000e+00	6.960636e-04	1.023871e-08	3.593807e-03	1.502078e+07	2.209472e+02	7.755293e+07	
4.750000e+00	2.167105e+10	3.411923e+10	1.610699e+01	5.969026e+01	4.864131e+01	3.019889e+00	3.981884e-01	0.000000e+00	0.000000e+00	0.000000e+00	6.892448e-04	1.026352e-08	3.595182e-03	1.493666e+07	2.224213e+02	7.791135e+07	
4.800000e+00	2.173883e+10	3.299299e+10	1.609260e+01	5.969026e+01	4.859788e+01	3.019889e+00	3.801914e-01	0.000000e+00	0.000000e+00	0.000000e+00	6.801353e-04	1.019531e-08	3.596506e-03	1.478534e+07	2.216340e+02	7.818381e+07	
4.850000e+00	2.179473e+10	3.153086e+10	1.606984e+01	5.969026e+01	4.852912e+01	3.019889e+00	3.659723e-01	0.000000e+00	0.000000e+00	0.000000e+00	6.699665e-04	1.003291e-08	3.597227e-03	1.460174e+07	2.186646e+02	7.840059e+07	
4.900000e+00	2.184335e+10	2.993075e+10	1.604215e+01	5.969026e+01	4.844552e+01	3.019889e+00	3.481173e-01	0.000000e+00	0.000000e+00	0.000000e+00	6.568689e-04	9.782585e-09	3.596843e-03	1.434822e+07	2.136844e+02	7.856710e+07	
4.950000e+00	2.188271e+10	2.910622e+10	1.600816e+01	5.969026e+01	4.834285e+01	3.019889e+00	3.366372e-01	0.000000e+00	0.000000e+00	0.000000e+00	6.398964e-04	9.431857e-09	3.595301e-03	1.400267e+07	2.063945e+02	7.867492e+07	
5.000000e+00	2.191912e+10	2.705862e+10	1.597252e+01	5.969026e+01	4.823524e+01	3.019889e+00	3.254460e-01	0.000000e+00	0.000000e+00	0.000000e+00	6.214610e-04	9.062192e-09	3.592891e-03	1.362187e+07	1.986352e+02	7.875298e+07	
5.050000e+00	2.195315e+10	2.604490e+10	1.593567e+01	5.969026e+01	4.812397e+01	3.019889e+00	3.166513e-01	0.000000e+00	0.000000e+00	0.000000e+00	6.011864e-04	8.662571e-09	3.589630e-03	1.319793e+07	1.901707e+02	7.880368e+07	
5.100000e+00	2.198698e+10	2.436642e+10	1.589920e+01	5.969026e+01	4.801382e+01	3.019889e+00	3.158093e-01	0.000000e+00	0.000000e+00	0.000000e+00	5.799879e-04	8.231689e-09	3.585616e-03	1.275218e+07	1.809900e+02	7.883689e+07	
5.150000e+00	2.202690e+10	2.536970e+10	1.586762e+01	5.969026e+01	4.791844e+01	3.019889e+00	3.261103e-01	0.000000e+00	0.000000e+00	0.000000e+00	5.550783e-04	7.729550e-09	3.580677e-03	1.222665e+07	1.702580e+02	7.887121e+07	
5.200000e+00	2.208084e+10	2.792688e+10	1.584656e+01	5.969026e+01	4.785486e+01	3.019889e+00	3.398225e-01	0.000000e+00	0.000000e+00	0.000000e+00	5.361614e-04	7.374246e-09	3.576595e-03	1.183889e+07	1.628296e+02	7.897422e+07	
5.250000e+00	2.214953e+10	2.975060e+10	1.583644e+01	5.969026e+01	4.782428e+01	3.019889e+00	3.542490e-01	0.000000e+00	0.000000e+00	0.000000e+00	5.252774e-04	7.205794e-09	3.573949e-03	1.163465e+07	1.596050e+02	7.916131e+07	
5.300000e+00	2.223151e+10	3.058288e+10	1.583607e+01	5.969026e+01	4.782317e+01	3.019889e+00	3.571314e-01	0.000000e+00	0.000000e+00	0.000000e+00	5.207480e-04	7.207585e-09	3.572631e-03	1.157702e+07	1.602355e+02	7.942498e+07	
5.350000e+00	2.231584e+10	3.085391e+10	1.583759e+01	5.969026e+01	4.782776e+01	3.019889e+00	3.514104e-01	0.000000e+00	0.000000e+00	0.000000e+00	5.176096e-04	7.229683e-09	3.571651e-03	1.155089e+07	1.613365e+02	7.970440e+07	
5.400000e+00	2.239536e+10	3.228863e+10	1.583591e+01	5.969026e+01	4.782269e+01	3.019889e+00	3.642464e-01	0.000000e+00	0.000000e+00	0.000000e+00	5.147242e-04	7.250891e-09	3.570905e-03	1.152744e+07	1.623863e+02	7.997172e+07	
5.450000e+00	2.248535e+10	3.345339e+10	1.584183e+01	5.969026e+01	4.784058e+01	3.019889e+00	3.746493e-01	0.000000e+00	0.000000e+00	0.000000e+00	5.162422e-04	7.421287e-09	3.571350e-03	1.160789e+07	1.668703e+02	8.030307e+07	
5.500000e+00	2.258250e+10	3.485968e+10	1.585295e+01	5.969026e+01	4.787413e+01	3.019889e+00	3.790117e-01	0.000000e+00	0.000000e+00	0.000000e+00	5.212966e-04	7.720356e-09	3.572959e-03	1.177218e+07	1.743450e+02	8.068635e+07	
5.550000e+00	2.268108e+10	3.596845e+10	1.586518e+01	5.969026e+01	4.791109e+01	3.019889e+00	3.814547e-01	0.000000e+00	0.000000e+00	0.000000e+00	5.285495e-04	8.035169e-09	3.575345e-03	1.198808e+07	1.822463e+02	8.109271e+07	
5.600000e+00	2.277938e+10	3.653752e+10	1.587733e+01	5.969026e+01	4.794778e+01	3.019889e+00	3.792109e-01	0.000000e+00	0.000000e+00	0.000000e+00	5.364204e-04	8.327907e-09	3.578106e-03	1.221932e+07	1.897045e+02	8.150702e+07	
5.650000e+00	2.287368e+10	3.879854e+10	1.588682e+01	5.969026e+01	4.797644e+01	3.019889e+00	3.846723e-01	0.000000e+00	0.000000e+00	0.000000e+00	5.430863e-04	8.534209e-09	3.580838e-03	1.242238e+07	1.952087e+02	8.190694e+07	
5.700000e+00	2.297059e+10	4.097423e+10	1.589825e+01	5.969026e+01	4.801095e+01	3.019889e+00	3.894120e-01	0.000000e+00	0.000000e+00	0.000000e+00	5.519920e-04	8.730561e-09	3.584063e-03	1.267958e+07	2.005461e+02	8.232803e+07	
5.750000e+00	2.306919e+10	4.207413e+10	1.591096e+01	5.969026e+01	4.804933e+01	3.019889e+00	3.882788e-01	0.000000e+00	0.000000e+00	0.000000e+00	5.625821e-04	8.922623e-09	3.587849e-03	1.297831e+07	2.058377e+02	8.276877e+07	
5.800000e+00	2.316458e+10	4.339062e+10	1.592156e+01	5.969026e+01	4.808136e+01	3.019889e+00	3.884465e-01	0.000000e+00	0.000000e+00	0.000000e+00	5.721883e-04	9.048884e-09	3.591638e-03	1.325450e+07	2.096136e+02	8.319879e+07	
5.850000e+00	2.325818e+10	4.557858e+10	1.593106e+01	5.969026e+01	4.811003e+01	3.019889e+00	4.217733e-01	0.000000e+00	0.000000e+00	0.000000e+00	5.819982e-04	9.144882e-09	3.595716e-03	1.353622e+07	2.126933e+02	8.362983e+07	
5.900000e+00	2.337661e+10	4.764500e+10	1.595762e+01	5.969026e+01	4.819023e+01	3.019889e+00	4.211878e-01	0.000000e+00	0.000000e+00	0.000000e+00	5.940840e-04	9.328864e-09	3.600051e-03	1.388767e+07	2.180772e+02	8.415699e+07	
5.950000e+00	2.348978e+10	4.920987e+10	1.598061e+01	5.969026e+01	4.825968e+01	3.019889e+00	4.239299e-01	0.000000e+00	0.000000e+00	0.000000e+00	6.080430e-04	9.574476e-09	3.605310e-03	1.428280e+07	2.249024e+02	8.468796e+07	
6.000000e+00	2.360102e+10	5.130845e+10	1.600232e+01	5.969026e+01	4.832522e+01	3.019889e+00	4.287998e-01	0.000000e+00	0.000000e+00	0.000000e+00	6.246599e-04	9.871801e-09	3.611325e-03	1.474261e+07	2.329845e+02	8.523093e+07	
6.050000e+00	2.371224e+10	5.260810e+10	1.602405e+01	5.969026e+01	4.839085e+01	3.019889e+00	4.298917e-01	0.000000e+00	0.000000e+00	0.000000e+00	6.423827e-04	1.021654e-08	3.617787e-03	1.523233e+07	2.422570e+02	8.578584e+07	
6.100000e+00	2.382044e+10	5.455272e+10	1.604378e+01	5.969026e+01	4.845042e+01	3.019889e+00	4.437308e-01	0.000000e+00	0.000000e+00	0.000000e+00	6.596735e-04	1.064943e-08	3.624764e-03	1.571371e+07	2.536742e+02	8.634348e+07	
6.150000e+00	2.393620e+10	5.670654e+10	1.606862e+01	5.969026e+01	4.852546e+01	3.019889e+00	4.601953e-01	0.000000e+00	0.000000e+00	0.000000e+00	6.754128e-04	1.107383e-08	3.632022e-03	1.616681e+07	2.650654e+02	8.693681e+07	
6.200000e+00	2.406074e+10	5.693101e+10	1.609936e+01	5.969026e+01	4.861828e+01	3.019889e+00	4.430385e-01	0.000000e+00	0.000000e+00	0.000000e+00	6.922773e-04	1.148392e-08	3.639297e-03	1.665671e+07	2.763115e+02	8.756420e+07	
6.250000e+00	2.416601e+10	5.811004e+10	1.611721e+01	5.969026e+01	4.867218e+01	3.019889e+00	4.448356e-01	0.000000e+00	0.000000e+00	0.000000e+00	7.056288e-04	1.177972e-08	3.646350e-03	1.705223e+07	2.846687e+02	8.811772e+07	
6.300000e+00	2.426953e+10	5.835052e+10	1.613395e+01	5.969026e+01	4.872274e+01	3.019889e+00	4.322996e-01	0.000000e+00	0.000000e+00	0.000000e+00	7.216079e-04	1.209001e-08	3.653783e-03	1.751308e+07	2.934187e+02	8.867557e+07	
6.350000e+00	2.435994e+10	5.816341e+10	1.614207e+01	5.969026e+01	4.874725e+01	3.019889e+00	4.575201e-01	0.000000e+00	0.000000e+00	0.000000e+00	7.355812e-04	1.238393e-08	3.661262e-03	1.791871e+07	3.016717e+02	8.918812e+07	
6.400000e+00	2.446925e+10	5.830855e+10	1.616278e+01	5.969026e+01	4.880981e+01	3.019889e+00	4.450870e-01	0.000000e+00	0.000000e+00	0.000000e+00	7.473787e-04	1.268202e-08	3.668139e-03	1.828780e+07	3.103196e+02	8.975663e+07	
6.450000e+00	2.456483e+10	5.834336e+10	1.617449e+01	5.969026e+01	4.884515e+01	3.019889e+00	4.395375e-01	0.000000e+00	0.000000e+00	0.000000e+00	7.583918e-04	1.292342e-08	3.674869e-03	1.862976e+07	3.174616e+02	9.027252e+07	
6.500000e+00	2.465382e+10	5.808424e+10	1.618196e+01	5.969026e+01	4.886771e+01	3.019889e+00	4.319674e-01	0.000000e+00	0.000000e+00	0.000000e+00	7.672494e-04	1.312274e-08	3.680975e-03	1.891563e+07	3.235258e+02	9.075012e+07	
6.550000e+00	2.473536e+10	5.829828e+10	1.618466e+01	5.969026e+01	4.887586e+01	3.019889e+00	4.395733e-01	0.000000e+00	0.000000e+00	0.000000e+00	7.734662e-04	1.321726e-08	3.686326e-03	1.913196e+07	3.269336e+02	9.118260e+07	
6.600000e+00	2.482256e+10	5.901431e+10	1.619120e+01	5.969026e+01	4.889561e+01	3.019889e+00	4.404427e-01	0.000000e+00	0.000000e+00	0.000000e+00	7.774384e-04	1.325114e-08	3.690680e-03	1.929801e+07	3.289274e+02	9.161214e+07	
6.650000e+00	2.490930e+10	5.953775e+10	1.619755e+01	5.969026e+01	4.891480e+01	3.019889e+00	4.483416e-01	0.000000e+00	0.000000e+00	0.000000e+00	7.839706e-04	1.332318e-08	3.695276e-03	1.952816e+07	3.318711e+02	9.204673e+07	
6.700000e+00	2.500130e+10	6.089094e+10	1.620742e+01	5.969026e+01	4.894462e+01	3.019889e+00	4.638732e-01	0.000000e+00	0.000000e+00	0.000000e+00	7.889596e-04	1.341163e-08	3.699333e-03	1.972501e+07	3.353082e+02	9.248813e+07	
6.750000e+00	2.510412e+10	6.046140e+10	1.622439e+01	5.969026e+01	4.899585e+01	3.019889e+00	4.437915e-01	0.000000e+00	0.000000e+00	0.000000e+00	7.967130e-04	1.358051e-08	3.704266e-03	2.000078e+07	3.409266e+02	9.299232e+07	
6.800000e+00	2.518763e+10	6.273330e+10	1.622896e+01	5.969026e+01	4.900965e+01	3.019889e+00	4.520638e-01	0.000000e+00	0.000000e+00	0.000000e+00	8.026252e-04	1.368394e-08	3.708766e-03	2.021623e+07	3.446661e+02	9.341503e+07	
6.850000e+00	2.527704e+10	6.352453e+10	1.623744e+01	5.969026e+01	4.903525e+01	3.019889e+00	4.455777e-01	0.000000e+00	0.000000e+00	0.000000e+00	8.109440e-04	1.383065e-08	3.713451e-03	2.049826e+07	3.495978e+02	9.386505e+07	
6.900000e+00	2.535967e+10	6.504429e+10	1.624167e+01	5.969026e+01	4.904803e+01	3.019889e+00	4.544845e-01	0.000000e+00	0.000000e+00	0.000000e+00	8.171080e-04	1.390830e-08	3.717699e-03	2.072159e+07	3.527100e+02	9.427962e+07	
6.950000e+00	2.544878e+10	6.381383e+10	1.625016e+01	5.969026e+01	4.907367e+01	3.019889e+00	4.333881e-01	0.000000e+00	0.000000e+00	0.000000e+00	8.252888e-04	1.407006e-08	3.722283e-03	2.100259e+07	3.580659e+02	9.472754e+07	
7.000000e+00	2.551923e+10	6.354829e+10	1.624686e+01	5.969026e+01	4.906372e+01	3.019889e+00	4.289539e-01	0.000000e+00	0.000000e+00	0.000000e+00	8.285213e-04	1.408515e-08	3.725961e-03	2.114322e+07	3.594422e+02	9.508367e+07	
7.050000e+00	2.558667e+10	6.290620e+10	1.624182e+01	5.969026e+01	4.904848e+01	3.019889e+00	4.267520e-01	0.000000e+00	0.000000e+00	0.000000e+00	8.303755e-04	1.403453e-08	3.729079e-03	2.124655e+07	3.590969e+02	9.541471e+07	
7.100000e+00	2.565323e+10	6.276595e+10	1.623638e+01	5.969026e+01	4.903207e+01	3.019889e+00	4.233775e-01	0.000000e+00	0.000000e+00	0.000000e+00	8.304609e-04	1.393423e-08	3.731578e-03	2.130401e+07	3.574580e+02	9.572704e+07	
7.150000e+00	2.571803e+10	6.316388e+10	1.623001e+01	5.969026e+01	4.901282e+01	3.019889e+00	4.247665e-01	0.000000e+00	0.000000e+00	0.000000e+00	8.288213e-04	1.375849e-08	3.733420e-03	2.131565e+07	3.538412e+02	9.601620e+07	
7.200000e+00	2.578510e+10	6.350924e+10	1.622524e+01	5.969026e+01	4.899841e+01	3.019889e+00	4.260013e-01	0.000000e+00	0.000000e+00	0.000000e+00	8.275630e-04	1.360105e-08	3.735031e-03	2.133879e+07	3.507044e+02	9.630814e+07	
7.250000e+00	2.585403e+10	6.249555e+10	1.622179e+01	5.969026e+01	4.898801e+01	3.019889e+00	4.144429e-01	0.000000e+00	0.000000e+00	0.000000e+00	8.270961e-04	1.347153e-08	3.736701e-03	2.138377e+07	3.482932e+02	9.660876e+07	
7.300000e+00	2.591420e+10	6.209722e+10	1.621303e+01	5.969026e+01	4.896153e+01	3.019889e+00	4.126779e-01	0.000000e+00	0.000000e+00	0.000000e+00	8.239111e-04	1.328729e-08	3.737679e-03	2.135100e+07	3.443296e+02	9.685896e+07	
7.350000e+00	2.597452e+10	5.950213e+10	1.620453e+01	5.969026e+01	4.893589e+01	3.019889e+00	4.103593e-01	0.000000e+00	0.000000e+00	0.000000e+00	8.194579e-04	1.306671e-08	3.738216e-03	2.128503e+07	3.394016e+02	9.709837e+07	
7.400000e+00	2.603450e+10	5.996311e+10	1.619600e+01	5.969026e+01	4.891013e+01	3.019889e+00	4.131699e-01	0.000000e+00	0.000000e+00	0.000000e+00	8.090801e-04	1.279684e-08	3.737833e-03	2.106400e+07	3.331594e+02	9.731262e+07	
7.450000e+00	2.609829e+10	6.120019e+10	1.619002e+01	5.969026e+01	4.889206e+01	3.019889e+00	4.137282e-01	0.000000e+00	0.000000e+00	0.000000e+00	8.031092e-04	1.264363e-08	3.737926e-03	2.095978e+07	3.299772e+02	9.755348e+07	
7.500000e+00	2.616361e+10	6.328927e+10	1.618514e+01	5.969026e+01	4.887733e+01	3.019889e+00	4.174968e-01	0.000000e+00	0.000000e+00	0.000000e+00	7.979723e-04	1.251125e-08	3.737988e-03	2.087784e+07	3.273395e+02	9.779926e+07	
7.550000e+00	2.623286e+10	6.363757e+10	1.618284e+01	5.969026e+01	4.887038e+01	3.019889e+00	4.175191e-01	0.000000e+00	0.000000e+00	0.000000e+00	7.950370e-04	1.242850e-08	3.738279e-03	2.085610e+07	3.260352e+02	9.806576e+07	
7.600000e+00	2.630255e+10	6.461730e+10	1.618094e+01	5.969026e+01	4.886465e+01	3.019889e+00	3.973365e-01	0.000000e+00	0.000000e+00	0.000000e+00	7.921578e-04	1.236015e-08	3.738524e-03	2.083577e+07	3.251033e+02	9.833272e+07	
7.650000e+00	2.635625e+10	6.655670e+10	1.616937e+01	5.969026e+01	4.882971e+01	3.019889e+00	4.217974e-01	0.000000e+00	0.000000e+00	0.000000e+00	7.904575e-04	1.230828e-08	3.738974e-03	2.083349e+07	3.244002e+02	9.854533e+07	
7.700000e+00	2.643182e+10	6.883046e+10	1.617137e+01	5.969026e+01	4.883573e+01	3.019889e+00	4.309172e-01	0.000000e+00	0.000000e+00	0.000000e+00	7.892548e-04	1.225539e-08	3.738902e-03	2.086144e+07	3.239323e+02	9.882596e+07	
7.750000e+00	2.651440e+10	7.110624e+10	1.617775e+01	5.969026e+01	4.885501e+01	3.019889e+00	4.374096e-01	0.000000e+00	0.000000e+00	0.000000e+00	7.900421e-04	1.223665e-08	3.739710e-03	2.094749e+07	3.244473e+02	9.915617e+07	
7.800000e+00	2.660109e+10	7.318833e+10	1.618672e+01	5.969026e+01	4.888209e+01	3.019889e+00	4.386821e-01	0.000000e+00	0.000000e+00	0.000000e+00	7.937678e-04	1.232687e-08	3.741289e-03	2.111509e+07	3.279081e+02	9.952236e+07	
7.850000e+00	2.668720e+10	7.600642e+10	1.619541e+01	5.969026e+01	4.890833e+01	3.019889e+00	4.580345e-01	0.000000e+00	0.000000e+00	0.000000e+00	7.985842e-04	1.244716e-08	3.743476e-03	2.131198e+07	3.321800e+02	9.990292e+07	
7.900000e+00	2.678743e+10	7.558405e+10	1.621271e+01	5.969026e+01	4.896058e+01	3.019889e+00	4.480359e-01	0.000000e+00	0.000000e+00	0.000000e+00	8.074986e-04	1.270460e-08	3.746617e-03	2.163082e+07	3.403235e+02	1.003622e+08	
7.950000e+00	2.687647e+10	7.402057e+10	1.622328e+01	5.969026e+01	4.899250e+01	3.019889e+00	4.384583e-01	0.000000e+00	0.000000e+00	0.000000e+00	8.129551e-04	1.285927e-08	3.749422e-03	2.184937e+07	3.456118e+02	1.007712e+08	
8.000000e+00	2.695586e+10	7.368144e+10	1.622810e+01	5.969026e+01	4.900705e+01	3.019889e+00	4.369410e-01	0.000000e+00	0.000000e+00	0.000000e+00	8.139838e-04	1.292602e-08	3.751459e-03	2.194163e+07	3.484320e+02	1.011238e+08	
8.050000e+00	2.703315e+10	7.450183e+10	1.623174e+01	5.969026e+01	4.901806e+01	3.019889e+00	4.471590e-01	0.000000e+00	0.000000e+00	0.000000e+00	8.149546e-04	1.302335e-08	3.753726e-03	2.203079e+07	3.520622e+02	1.014750e+08	
8.100000e+00	2.711808e+10	7.265901e+10	1.624006e+01	5.969026e+01	4.904317e+01	3.019889e+00	4.326408e-01	0.000000e+00	0.000000e+00	0.000000e+00	8.157837e-04	1.312677e-08	3.756230e-03	2.212249e+07	3.559728e+02	1.018618e+08	
8.150000e+00	2.718974e+10	7.288967e+10	1.624051e+01	5.969026e+01	4.904454e+01	3.019889e+00	4.355134e-01	0.000000e+00	0.000000e+00	0.000000e+00	8.154059e-04	1.317333e-08	3.758509e-03	2.217068e+07	3.581794e+02	1.021929e+08	
8.200000e+00	2.726365e+10	7.387717e+10	1.624242e+01	5.969026e+01	4.905029e+01	3.019889e+00	4.468438e-01	0.000000e+00	0.000000e+00	0.000000e+00	8.160423e-04	1.326524e-08	3.760996e-03	2.224829e+07	3.616589e+02	1.025385e+08	
8.250000e+00	2.734642e+10	7.448102e+10	1.624968e+01	5.969026e+01	4.907223e+01	3.019889e+00	4.480775e-01	0.000000e+00	0.000000e+00	0.000000e+00	8.180416e-04	1.343764e-08	3.763583e-03	2.237051e+07	3.674714e+02	1.029205e+08	
8.300000e+00	2.742889e+10	7.626200e+10	1.625684e+01	5.969026e+01	4.909386e+01	3.019889e+00	4.563191e-01	0.000000e+00	0.000000e+00	0.000000e+00	8.209210e-04	1.351764e-08	3.766863e-03	2.251695e+07	3.707738e+02	1.033209e+08	
8.350000e+00	2.751678e+10	7.682889e+10	1.626728e+01	5.969026e+01	4.912538e+01	3.019889e+00	4.509124e-01	0.000000e+00	0.000000e+00	0.000000e+00	8.232259e-04	1.361124e-08	3.769824e-03	2.265253e+07	3.745374e+02	1.037334e+08	
8.400000e+00	2.759842e+10	7.739519e+10	1.627408e+01	5.969026e+01	4.914591e+01	3.019889e+00	4.464904e-01	0.000000e+00	0.000000e+00	0.000000e+00	8.289837e-04	1.371917e-08	3.773545e-03	2.287864e+07	3.786275e+02	1.041439e+08	
8.450000e+00	2.767525e+10	7.682083e+10	1.627812e+01	5.969026e+01	4.915810e+01	3.019889e+00	4.445609e-01	0.000000e+00	0.000000e+00	0.000000e+00	8.374412e-04	1.392707e-08	3.777804e-03	2.317639e+07	3.854349e+02	1.045517e+08	
8.500000e+00	2.774978e+10	7.720940e+10	1.628089e+01	5.969026e+01	4.916649e+01	3.019889e+00	4.437492e-01	0.000000e+00	0.000000e+00	0.000000e+00	8.419993e-04	1.406133e-08	3.781148e-03	2.336529e+07	3.901989e+02	1.049260e+08	
8.550000e+00	2.782315e+10	7.688116e+10	1.628308e+01	5.969026e+01	4.917310e+01	3.019889e+00	4.418731e-01	0.000000e+00	0.000000e+00	0.000000e+00	8.457962e-04	1.417123e-08	3.784208e-03	2.353272e+07	3.942884e+02	1.052886e+08	
8.600000e+00	2.789461e+10	7.660790e+10	1.628424e+01	5.969026e+01	4.917660e+01	3.019889e+00	4.301567e-01	0.000000e+00	0.000000e+00	0.000000e+00	8.484630e-04	1.426098e-08	3.786966e-03	2.366755e+07	3.978044e+02	1.056359e+08	
8.650000e+00	2.795632e+10	7.612614e+10	1.627982e+01	5.969026e+01	4.916325e+01	3.019889e+00	4.138964e-01	0.000000e+00	0.000000e+00	0.000000e+00	8.504162e-04	1.433631e-08	3.789496e-03	2.377451e+07	4.007904e+02	1.059404e+08	
8.700000e+00	2.800559e+10	7.917148e+10	1.626829e+01	5.969026e+01	4.912843e+01	3.019889e+00	4.360788e-01	0.000000e+00	0.000000e+00	0.000000e+00	8.485500e-04	1.424403e-08	3.791125e-03	2.376414e+07	3.989125e+02	1.061727e+08	
8.750000e+00	2.807498e+10	7.923153e+10	1.626858e+01	5.969026e+01	4.912930e+01	3.019889e+00	4.355556e-01	0.000000e+00	0.000000e+00	0.000000e+00	8.507187e-04	1.436459e-08	3.793578e-03	2.388391e+07	4.032856e+02	1.065046e+08	
8.800000e+00	2.814389e+10	8.083852e+10	1.626869e+01	5.969026e+01	4.912962e+01	3.019889e+00	4.383002e-01	0.000000e+00	0.000000e+00	0.000000e+00	8.513085e-04	1.441877e-08	3.795451e-03	2.395913e+07	4.058003e+02	1.068188e+08	
8.850000e+00	2.821502e+10	8.234512e+10	1.627017e+01	5.969026e+01	4.913409e+01	3.019889e+00	4.363980e-01	0.000000e+00	0.000000e+00	0.000000e+00	8.524711e-04	1.446041e-08	3.797348e-03	2.405248e+07	4.080007e+02	1.071422e+08	
8.900000e+00	2.828433e+10	8.263653e+10	1.627069e+01	5.969026e+01	4.913568e+01	3.019889e+00	4.378909e-01	0.000000e+00	0.000000e+00	0.000000e+00	8.527320e-04	1.439334e-08	3.798848e-03	2.411895e+07	4.071060e+02	1.074479e+08	
8.950000e+00	2.835476e+10	8.201625e+10	1.627195e+01	5.969026e+01	4.913948e+01	3.019889e+00	4.241969e-01	0.000000e+00	0.000000e+00	0.000000e+00	8.526878e-04	1.431684e-08	3.800018e-03	2.417776e+07	4.059506e+02	1.077486e+08	
9.000000e+00	2.841383e+10	8.343684e+10	1.626679e+01	5.969026e+01	4.912390e+01	3.019889e+00	4.294144e-01	0.000000e+00	0.000000e+00	0.000000e+00	8.520136e-04	1.421257e-08	3.800985e-03	2.420897e+07	4.038334e+02	1.080006e+08	
9.050000e+00	2.847807e+10	8.546874e+10	1.626470e+01	5.969026e+01	4.911760e+01	3.019889e+00	4.383659e-01	0.000000e+00	0.000000e+00	0.000000e+00	8.504179e-04	1.409135e-08	3.801669e-03	2.421826e+07	4.012945e+02	1.082642e+08	
9.100000e+00	2.854996e+10	8.692361e+10	1.626708e+01	5.969026e+01	4.912477e+01	3.019889e+00	4.427721e-01	0.000000e+00	0.000000e+00	0.000000e+00	8.511094e-04	1.406744e-08	3.802857e-03	2.429914e+07	4.016248e+02	1.085714e+08	
9.150000e+00	2.862501e+10	8.678568e+10	1.627133e+01	5.969026e+01	4.913760e+01	3.019889e+00	4.200854e-01	0.000000e+00	0.000000e+00	0.000000e+00	8.536475e-04	1.407056e-08	3.804411e-03	2.443567e+07	4.027699e+02	1.089013e+08	
9.200000e+00	2.868085e+10	8.529709e+10	1.626475e+01	5.969026e+01	4.911774e+01	3.019889e+00	4.263652e-01	0.000000e+00	0.000000e+00	0.000000e+00	8.555632e-04	1.404317e-08	3.805896e-03	2.453828e+07	4.027700e+02	1.091563e+08	
9.250000e+00	2.874297e+10	8.565325e+10	1.626185e+01	5.969026e+01	4.910899e+01	3.019889e+00	4.298188e-01	0.000000e+00	0.000000e+00	0.000000e+00	8.549286e-04	1.396645e-08	3.806721e-03	2.457319e+07	4.014373e+02	1.094165e+08	
9.300000e+00	2.880842e+10	8.617768e+10	1.626094e+01	5.969026e+01	4.910622e+01	3.019889e+00	4.343077e-01	0.000000e+00	0.000000e+00	0.000000e+00	8.525431e-04	1.387179e-08	3.807094e-03	2.456042e+07	3.996245e+02	1.096764e+08	
9.350000e+00	2.887769e+10	8.727112e+10	1.626226e+01	5.969026e+01	4.911021e+01	3.019889e+00	4.388066e-01	0.000000e+00	0.000000e+00	0.000000e+00	8.507675e-04	1.380557e-08	3.807691e-03	2.456820e+07	3.986729e+02	1.099573e+08	
9.400000e+00	2.895038e+10	8.712675e+10	1.626558e+01	5.969026e+01	4.912026e+01	3.019889e+00	4.331610e-01	0.000000e+00	0.000000e+00	0.000000e+00	8.511537e-04	1.378233e-08	3.808739e-03	2.464122e+07	3.990038e+02	1.102644e+08	
9.450000e+00	2.901788e+10	8.630178e+10	1.626607e+01	5.969026e+01	4.912173e+01	3.019889e+00	4.266321e-01	0.000000e+00	0.000000e+00	0.000000e+00	8.501674e-04	1.369359e-08	3.809548e-03	2.467006e+07	3.973590e+02	1.105450e+08	
9.500000e+00	2.907999e+10	8.535958e+10	1.626363e+01	5.969026e+01	4.911435e+01	3.019889e+00	4.318638e-01	0.000000e+00	0.000000e+00	0.000000e+00	8.510702e-04	1.366544e-08	3.810781e-03	2.474911e+07	3.973907e+02	1.108175e+08	
9.550000e+00	2.914678e+10	8.430629e+10	1.626390e+01	5.969026e+01	4.911516e+01	3.019889e+00	4.335961e-01	0.000000e+00	0.000000e+00	0.000000e+00	8.508458e-04	1.363903e-08	3.811608e-03	2.479942e+07	3.975337e+02	1.110961e+08	
9.600000e+00	2.921494e+10	8.532404e+10	1.626500e+01	5.969026e+01	4.911850e+01	3.019889e+00	4.359704e-01	0.000000e+00	0.000000e+00	0.000000e+00	8.496407e-04	1.364540e-08	3.812340e-03	2.482220e+07	3.986496e+02	1.113773e+08	
9.650000e+00	2.928483e+10	8.612159e+10	1.626715e+01	5.969026e+01	4.912499e+01	3.019889e+00	4.341826e-01	0.000000e+00	0.000000e+00	0.000000e+00	8.492395e-04	1.366028e-08	3.813231e-03	2.486984e+07	4.000389e+02	1.116698e+08	
9.700000e+00	2.935288e+10	8.705083e+10	1.626835e+01	5.969026e+01	4.912862e+01	3.019889e+00	4.384860e-01	0.000000e+00	0.000000e+00	0.000000e+00	8.495287e-04	1.366425e-08	3.813972e-03	2.493612e+07	4.010852e+02	1.119511e+08	
9.750000e+00	2.942422e+10	8.798926e+10	1.627145e+01	5.969026e+01	4.913797e+01	3.019889e+00	4.355813e-01	0.000000e+00	0.000000e+00	0.000000e+00	8.505456e-04	1.367481e-08	3.814881e-03	2.502664e+07	4.023706e+02	1.122499e+08	
9.800000e+00	2.949264e+10	8.766365e+10	1.627300e+01	5.969026e+01	4.914266e+01	3.019889e+00	4.249259e-01	0.000000e+00	0.000000e+00	0.000000e+00	8.509186e-04	1.359443e-08	3.815381e-03	2.509584e+07	4.009355e+02	1.125257e+08	
9.850000e+00	2.955211e+10	8.959187e+10	1.626970e+01	5.969026e+01	4.913269e+01	3.019889e+00	4.302744e-01	0.000000e+00	0.000000e+00	0.000000e+00	8.482344e-04	1.339402e-08	3.815688e-03	2.506712e+07	3.958214e+02	1.127616e+08	
9.900000e+00	2.961653e+10	9.076476e+10	1.626921e+01	5.969026e+01	4.913121e+01	3.019889e+00	4.345659e-01	0.000000e+00	0.000000e+00	0.000000e+00	8.471283e-04	1.322507e-08	3.816090e-03	2.508900e+07	3.916808e+02	1.130193e+08	
9.950000e+00	2.968452e+10	9.295757e+10	1.627076e+01	5.969026e+01	4.913589e+01	3.019889e+00	4.396503e-01	0.000000e+00	0.000000e+00	0.000000e+00	8.468741e-04	1.309511e-08	3.816558e-03	2.513905e+07	3.887221e+02	1.132927e+08	
1.000000e+01	2.975637e+10	9.397955e+10	1.627450e+01	5.969026e+01	4.914717e+01	3.019889e+00	4.398884e-01	0.000000e+00	0.000000e+00	0.000000e+00	8.485283e-04	1.301086e-08	3.817454e-03	2.524912e+07	3.871560e+02	1.135936e+08	
1.005000e+01	2.982775e+10	9.655688e+10	1.627803e+01	5.969026e+01	4.915784e+01	3.019889e+00	4.486308e-01	0.000000e+00	0.000000e+00	0.000000e+00	8.493139e-04	1.293339e-08	3.818158e-03	2.533312e+07	3.857740e+02	1.138871e+08	
1.010000e+01	2.990561e+10	9.716992e+10	1.628516e+01	5.969026e+01	4.917937e+01	3.019889e+00	4.472476e-01	0.000000e+00	0.000000e+00	0.000000e+00	8.518565e-04	1.295508e-08	3.819605e-03	2.547529e+07	3.874295e+02	1.142276e+08	
1.015000e+01	2.998107e+10	9.783413e+10	1.629103e+01	5.969026e+01	4.919709e+01	3.019889e+00	4.250239e-01	0.000000e+00	0.000000e+00	0.000000e+00	8.534791e-04	1.298086e-08	3.820936e-03	2.558822e+07	3.891801e+02	1.145558e+08	
1.020000e+01	3.003738e+10	1.010315e+11	1.628656e+01	5.969026e+01	4.918361e+01	3.019889e+00	4.570863e-01	0.000000e+00	0.000000e+00	0.000000e+00	8.550149e-04	1.300396e-08	3.822397e-03	2.568241e+07	3.906048e+02	1.148148e+08	
1.025000e+01	3.012061e+10	1.049748e+11	1.629675e+01	5.969026e+01	4.921438e+01	3.019889e+00	4.688150e-01	0.000000e+00	0.000000e+00	0.000000e+00	8.615204e-04	1.320657e-08	3.824726e-03	2.594952e+07	3.977900e+02	1.152031e+08	
1.030000e+01	3.021157e+10	1.064358e+11	1.631115e+01	5.969026e+01	4.925787e+01	3.019889e+00	4.817508e-01	0.000000e+00	0.000000e+00	0.000000e+00	8.684854e-04	1.342365e-08	3.827136e-03	2.623831e+07	4.055495e+02	1.156238e+08	
1.035000e+01	3.031053e+10	1.062652e+11	1.632987e+01	5.969026e+01	4.931440e+01	3.019889e+00	4.555028e-01	0.000000e+00	0.000000e+00	0.000000e+00	8.730187e-04	1.355001e-08	3.828910e-03	2.646166e+07	4.107080e+02	1.160563e+08	
1.040000e+01	3.038474e+10	1.061369e+11	1.633528e+01	5.969026e+01	4.933074e+01	3.019889e+00	4.417893e-01	0.000000e+00	0.000000e+00	0.000000e+00	8.754751e-04	1.356329e-08	3.830576e-03	2.660109e+07	4.121172e+02	1.163911e+08	
1.045000e+01	3.044679e+10	1.070025e+11	1.633422e+01	5.969026e+01	4.932752e+01	3.019889e+00	4.424723e-01	0.000000e+00	0.000000e+00	0.000000e+00	8.768749e-04	1.348850e-08	3.832077e-03	2.669803e+07	4.106816e+02	1.166745e+08	
1.050000e+01	3.050959e+10	1.089357e+11	1.633363e+01	5.969026e+01	4.932575e+01	3.019889e+00	4.557442e-01	0.000000e+00	0.000000e+00	0.000000e+00	8.766233e-04	1.339396e-08	3.833415e-03	2.674542e+07	4.086441e+02	1.169559e+08	
1.055000e+01	3.058333e+10	1.084296e+11	1.633896e+01	5.969026e+01	4.934185e+01	3.019889e+00	4.616274e-01	0.000000e+00	0.000000e+00	0.000000e+00	8.790790e-04	1.339914e-08	3.835465e-03	2.688517e+07	4.097903e+02	1.173013e+08	
1.060000e+01	3.066093e+10	1.065725e+11	1.634640e+01	5.969026e+01	4.936431e+01	3.019889e+00	4.324374e-01	0.000000e+00	0.000000e+00	0.000000e+00	8.820776e-04	1.347154e-08	3.837648e-03	2.704532e+07	4.130501e+02	1.176658e+08	
1.065000e+01	3.071335e+10	1.063395e+11	1.634048e+01	5.969026e+01	4.934643e+01	3.019889e+00	4.363547e-01	0.000000e+00	0.000000e+00	0.000000e+00	8.807270e-04	1.338790e-08	3.839163e-03	2.705008e+07	4.111874e+02	1.179135e+08	
1.070000e+01	3.077003e+10	1.081687e+11	1.633691e+01	5.969026e+01	4.933567e+01	3.019889e+00	4.467420e-01	0.000000e+00	0.000000e+00	0.000000e+00	8.773728e-04	1.328454e-08	3.840031e-03	2.699679e+07	4.087656e+02	1.181578e+08	
1.075000e+01	3.083583e+10	1.065256e+11	1.633827e+01	5.969026e+01	4.933975e+01	3.019889e+00	4.378608e-01	0.000000e+00	0.000000e+00	0.000000e+00	8.762750e-04	1.321600e-08	3.840975e-03	2.702067e+07	4.075263e+02	1.184397e+08	
1.080000e+01	3.089414e+10	1.082943e+11	1.633572e+01	5.969026e+01	4.933206e+01	3.019889e+00	4.531356e-01	0.000000e+00	0.000000e+00	0.000000e+00	8.727815e-04	1.309548e-08	3.841446e-03	2.696383e+07	4.045736e+02	1.186782e+08	
1.085000e+01	3.096538e+10	1.085507e+11	1.634008e+01	5.969026e+01	4.934522e+01	3.019889e+00	4.557470e-01	0.000000e+00	0.000000e+00	0.000000e+00	8.726582e-04	1.310556e-08	3.842677e-03	2.702219e+07	4.058185e+02	1.189899e+08	
1.090000e+01	3.103797e+10	1.076526e+11	1.634520e+01	5.969026e+01	4.936068e+01	3.019889e+00	4.517648e-01	0.000000e+00	0.000000e+00	0.000000e+00	8.733268e-04	1.314290e-08	3.844034e-03	2.710629e+07	4.079290e+02	1.193110e+08	
1.095000e+01	3.110640e+10	1.069865e+11	1.634817e+01	5.969026e+01	4.936966e+01	3.019889e+00	4.133138e-01	0.000000e+00	0.000000e+00	0.000000e+00	8.724034e-04	1.315278e-08	3.845182e-03	2.713733e+07	4.091356e+02	1.196098e+08	
1.100000e+01	3.114287e+10	1.063768e+11	1.633444e+01	5.969026e+01	4.932819e+01	3.019889e+00	4.263675e-01	0.000000e+00	0.000000e+00	0.000000e+00	8.714136e-04	1.315440e-08	3.846566e-03	2.713832e+07	4.096658e+02	1.197931e+08	
1.105000e+01	3.119247e+10	1.075708e+11	1.632770e+01	5.969026e+01	4.930785e+01	3.019889e+00	4.488567e-01	0.000000e+00	0.000000e+00	0.000000e+00	8.669837e-04	1.308004e-08	3.846813e-03	2.704337e+07	4.079987e+02	1.199916e+08	
1.110000e+01	3.126165e+10	1.069801e+11	1.633128e+01	5.969026e+01	4.931866e+01	3.019889e+00	4.373520e-01	0.000000e+00	0.000000e+00	0.000000e+00	8.623426e-04	1.310389e-08	3.846990e-03	2.695825e+07	4.096493e+02	1.202632e+08	
1.115000e+01	3.132079e+10	1.089988e+11	1.632968e+01	5.969026e+01	4.931382e+01	3.019889e+00	4.428100e-01	0.000000e+00	0.000000e+00	0.000000e+00	8.575256e-04	1.306025e-08	3.847083e-03	2.685838e+07	4.090574e+02	1.204937e+08	
1.120000e+01	3.138468e+10	1.094001e+11	1.633062e+01	5.969026e+01	4.931666e+01	3.019889e+00	4.388300e-01	0.000000e+00	0.000000e+00	0.000000e+00	8.546923e-04	1.304192e-08	3.847607e-03	2.682424e+07	4.093163e+02	1.207559e+08	
1.125000e+01	3.144514e+10	1.115890e+11	1.632984e+01	5.969026e+01	4.931431e+01	3.019889e+00	4.521192e-01	0.000000e+00	0.000000e+00	0.000000e+00	8.515708e-04	1.304961e-08	3.848318e-03	2.677776e+07	4.103468e+02	1.210109e+08	
1.130000e+01	3.151660e+10	1.111369e+11	1.633483e+01	5.969026e+01	4.932936e+01	3.019889e+00	4.506882e-01	0.000000e+00	0.000000e+00	0.000000e+00	8.515469e-04	1.316162e-08	3.849756e-03	2.683786e+07	4.148095e+02	1.213312e+08	
1.135000e+01	3.158600e+10	1.112696e+11	1.633879e+01	5.969026e+01	4.934133e+01	3.019889e+00	4.475681e-01	0.000000e+00	0.000000e+00	0.000000e+00	8.510182e-04	1.325410e-08	3.851067e-03	2.688026e+07	4.186440e+02	1.216398e+08	
1.140000e+01	3.165214e+10	1.127581e+11	1.634112e+01	5.969026e+01	4.934837e+01	3.019889e+00	4.495492e-01	0.000000e+00	0.000000e+00	0.000000e+00	8.491881e-04	1.327745e-08	3.851914e-03	2.687862e+07	4.202598e+02	1.219213e+08	
1.145000e+01	3.171949e+10	1.131694e+11	1.634412e+01	5.969026e+01	4.935743e+01	3.019889e+00	4.510446e-01	0.000000e+00	0.000000e+00	0.000000e+00	8.484755e-04	1.329888e-08	3.853006e-03	2.691321e+07	4.218337e+02	1.222154e+08	
1.150000e+01	3.178752e+10	1.120349e+11	1.634753e+01	5.969026e+01	4.936771e+01	3.019889e+00	4.389846e-01	0.000000e+00	0.000000e+00	0.000000e+00	8.483773e-04	1.333998e-08	3.854220e-03	2.696781e+07	4.240449e+02	1.225161e+08	
1.155000e+01	3.184509e+10	1.130966e+11	1.634561e+01	5.969026e+01	4.936191e+01	3.019889e+00	4.659654e-01	0.000000e+00	0.000000e+00	0.000000e+00	8.452409e-04	1.325525e-08	3.854962e-03	2.691677e+07	4.221145e+02	1.227616e+08	
1.160000e+01	3.192505e+10	1.122415e+11	1.635523e+01	5.969026e+01	4.939097e+01	3.019889e+00	4.636588e-01	0.000000e+00	0.000000e+00	0.000000e+00	8.430601e-04	1.320671e-08	3.856221e-03	2.691473e+07	4.216247e+02	1.231100e+08	
1.165000e+01	3.200141e+10	1.129131e+11	1.636303e+01	5.969026e+01	4.941454e+01	3.019889e+00	4.589945e-01	0.000000e+00	0.000000e+00	0.000000e+00	8.384370e-04	1.314107e-08	3.856630e-03	2.683117e+07	4.205328e+02	1.234176e+08	
1.170000e+01	3.207257e+10	1.114559e+11	1.636821e+01	5.969026e+01	4.943018e+01	3.019889e+00	4.445530e-01	0.000000e+00	0.000000e+00	0.000000e+00	8.375383e-04	1.314490e-08	3.857971e-03	2.686201e+07	4.215907e+02	1.237351e+08	
1.175000e+01	3.213100e+10	1.115704e+11	1.636694e+01	5.969026e+01	4.942634e+01	3.019889e+00	4.438245e-01	0.000000e+00	0.000000e+00	0.000000e+00	8.339097e-04	1.306542e-08	3.858304e-03	2.679435e+07	4.198050e+02	1.239712e+08	
1.180000e+01	3.218905e+10	1.098482e+11	1.636554e+01	5.969026e+01	4.942212e+01	3.019889e+00	4.239289e-01	0.000000e+00	0.000000e+00	0.000000e+00	8.304564e-04	1.302606e-08	3.858665e-03	2.673160e+07	4.192963e+02	1.242067e+08	
1.185000e+01	3.223107e+10	1.087677e+11	1.635608e+01	5.969026e+01	4.939353e+01	3.019889e+00	4.221243e-01	0.000000e+00	0.000000e+00	0.000000e+00	8.265364e-04	1.298522e-08	3.858999e-03	2.664015e+07	4.185276e+02	1.243797e+08	
1.190000e+01	3.227331e+10	1.075835e+11	1.634682e+01	5.969026e+01	4.936557e+01	3.019889e+00	4.000535e-01	0.000000e+00	0.000000e+00	0.000000e+00	8.192539e-04	1.285173e-08	3.858395e-03	2.644004e+07	4.147679e+02	1.245232e+08	
1.195000e+01	3.229919e+10	1.092554e+11	1.632937e+01	5.969026e+01	4.931289e+01	3.019889e+00	4.293696e-01	0.000000e+00	0.000000e+00	0.000000e+00	8.118205e-04	1.268680e-08	3.857424e-03	2.622114e+07	4.097734e+02	1.245917e+08	
1.200000e+01	3.235216e+10	1.080903e+11	1.632572e+01	5.969026e+01	4.930186e+01	3.019889e+00	4.050147e-01	0.000000e+00	0.000000e+00	0.000000e+00	8.075978e-04	1.258208e-08	3.856653e-03	2.612753e+07	4.070575e+02	1.247710e+08	
1.205000e+01	3.238590e+10	1.077720e+11	1.631246e+01	5.969026e+01	4.926180e+01	3.019889e+00	4.291453e-01	0.000000e+00	0.000000e+00	0.000000e+00	8.011234e-04	1.243384e-08	3.855474e-03	2.594510e+07	4.026811e+02	1.248630e+08	
1.210000e+01	3.244172e+10	1.104957e+11	1.631040e+01	5.969026e+01	4.925558e+01	3.019889e+00	4.294809e-01	0.000000e+00	0.000000e+00	0.000000e+00	7.939470e-04	1.224882e-08	3.853550e-03	2.575700e+07	3.973729e+02	1.250158e+08	
1.215000e+01	3.249818e+10	1.097967e+11	1.630872e+01	5.969026e+01	4.925052e+01	3.019889e+00	3.905548e-01	0.000000e+00	0.000000e+00	0.000000e+00	7.873785e-04	1.210458e-08	3.852052e-03	2.558837e+07	3.933768e+02	1.251847e+08	
1.220000e+01	3.252321e+10	1.099622e+11	1.629136e+01	5.969026e+01	4.919809e+01	3.019889e+00	4.021613e-01	0.000000e+00	0.000000e+00	0.000000e+00	7.817498e-04	1.190414e-08	3.850681e-03	2.542501e+07	3.871608e+02	1.252365e+08	
1.225000e+01	3.256083e+10	1.093952e+11	1.628042e+01	5.969026e+01	4.916505e+01	3.019889e+00	3.945476e-01	0.000000e+00	0.000000e+00	0.000000e+00	7.748181e-04	1.167259e-08	3.848769e-03	2.522872e+07	3.800691e+02	1.253191e+08	
1.230000e+01	3.259424e+10	1.099558e+11	1.626746e+01	5.969026e+01	4.912593e+01	3.019889e+00	4.148606e-01	0.000000e+00	0.000000e+00	0.000000e+00	7.669061e-04	1.143016e-08	3.846632e-03	2.499672e+07	3.725574e+02	1.253781e+08	
1.235000e+01	3.264652e+10	1.097100e+11	1.626401e+01	5.969026e+01	4.911551e+01	3.019889e+00	4.140075e-01	0.000000e+00	0.000000e+00	0.000000e+00	7.574628e-04	1.122132e-08	3.844436e-03	2.472853e+07	3.663370e+02	1.255075e+08	
1.240000e+01	3.269873e+10	1.078803e+11	1.626059e+01	5.969026e+01	4.910517e+01	3.019889e+00	4.142132e-01	0.000000e+00	0.000000e+00	0.000000e+00	7.503248e-04	1.104286e-08	3.842810e-03	2.453467e+07	3.610877e+02	1.256550e+08	
1.245000e+01	3.275172e+10	1.072413e+11	1.625762e+01	5.969026e+01	4.909621e+01	3.019889e+00	3.940888e-01	0.000000e+00	0.000000e+00	0.000000e+00	7.438721e-04	1.089597e-08	3.841171e-03	2.436309e+07	3.568619e+02	1.258050e+08	
