# COLUMN NUMBERS: 
#	0: time [Gyr]
#	1: mgas [Msun]			ISM gas mass
#	2: mstar [Msun]			Stellar mass
#	3: sfr [Msun/yr]		Star formation rate
#	4: ifr [Msun/yr]		Infall rate
#	5: ofr [Msun/yr]		Outfow rate
#	6: eta_0			Mass-loading factor
#	7: r_eff			Effective recycilng rate
#	8: z_in(fe)			Inflow fe metallicity
#	9: z_in(sr)			Inflow sr metallicity
#	10: z_in(o)			Inflow o metallicity
#	11: z_out(fe)			Outflow fe metallicity
#	12: z_out(sr)			Outflow sr metallicity
#	13: z_out(o)			Outflow o metallicity
#	14: mass(fe) [Msun]		mass of element fe in ISM
#	15: mass(sr) [Msun]		mass of element sr in ISM
#	16: mass(o) [Msun]		mass of element o in ISM
0.000000e+00	1.000000e-12	5.087691e-30	1.357349e-37	9.738937e+01	2.143384e+202	1.033189e+01	2.503490e-01	0.000000e+00	0.000000e+00	0.000000e+00	0.000000e+00	1.000000e+00	0.000000e+00	0.000000e+00	0.000000e+00	0.000000e+00	
5.000000e-02	4.869469e+09	2.758007e+08	7.358109e+00	9.738937e+01	7.602317e+01	1.033189e+01	2.503490e-01	0.000000e+00	0.000000e+00	0.000000e+00	1.838796e-05	2.053322e-10	2.298494e-04	8.953957e+04	9.998585e-01	1.119245e+06	
1.000000e-01	5.661978e+09	5.829628e+08	8.416521e+00	9.738937e+01	8.695857e+01	1.033189e+01	2.700972e-01	0.000000e+00	0.000000e+00	0.000000e+00	2.285753e-05	2.552424e-10	2.857191e-04	1.294188e+05	1.445177e+00	1.617735e+06	
1.500000e-01	5.876356e+09	8.907226e+08	8.597623e+00	9.738937e+01	8.882969e+01	1.033189e+01	2.840816e-01	0.000000e+00	0.000000e+00	0.000000e+00	2.528689e-05	2.886575e-10	3.160992e-04	1.485948e+05	1.696255e+00	1.857511e+06	
2.000000e-01	5.996580e+09	9.366366e+08	8.639567e+00	9.738937e+01	8.926305e+01	1.033189e+01	2.860546e-01	0.000000e+00	0.000000e+00	0.000000e+00	2.689808e-05	3.138208e-10	3.362672e-04	1.612965e+05	1.881852e+00	2.016453e+06	
2.500000e-01	6.094488e+09	6.383203e+08	8.650536e+00	9.738937e+01	8.937638e+01	1.033189e+01	2.729093e-01	0.000000e+00	0.000000e+00	0.000000e+00	2.820191e-05	3.316586e-10	3.525709e-04	1.718762e+05	2.021289e+00	2.148739e+06	
3.000000e-01	6.180651e+09	6.385724e+08	8.646602e+00	9.738937e+01	8.933574e+01	1.033189e+01	2.729482e-01	0.000000e+00	0.000000e+00	0.000000e+00	2.935575e-05	3.399838e-10	3.669646e-04	1.814376e+05	2.101321e+00	2.268080e+06	
3.500000e-01	6.269006e+09	6.384655e+08	8.647543e+00	9.738937e+01	8.934546e+01	1.033189e+01	2.729355e-01	0.000000e+00	0.000000e+00	0.000000e+00	3.044105e-05	3.509724e-10	3.805215e-04	1.908351e+05	2.200248e+00	2.385491e+06	
4.000000e-01	6.356836e+09	6.385700e+08	8.649389e+00	9.738937e+01	8.936453e+01	1.033189e+01	2.729332e-01	0.000000e+00	0.000000e+00	0.000000e+00	3.148006e-05	3.623180e-10	3.935050e-04	2.001136e+05	2.303196e+00	2.501447e+06	
4.500000e-01	6.443644e+09	6.387127e+08	8.651373e+00	9.738937e+01	8.938502e+01	1.033189e+01	2.729328e-01	0.000000e+00	0.000000e+00	0.000000e+00	3.247829e-05	3.734530e-10	4.059803e-04	2.092785e+05	2.406398e+00	2.615992e+06	
5.000000e-01	6.529355e+09	6.388596e+08	8.653330e+00	9.738937e+01	8.940525e+01	1.033189e+01	2.729329e-01	0.000000e+00	0.000000e+00	0.000000e+00	3.343855e-05	3.842326e-10	4.179814e-04	2.183321e+05	2.508791e+00	2.729149e+06	
5.500000e-01	6.613984e+09	6.390034e+08	8.655226e+00	9.738937e+01	8.942484e+01	1.033189e+01	2.729331e-01	0.000000e+00	0.000000e+00	0.000000e+00	3.436315e-05	3.946322e-10	4.295369e-04	2.272773e+05	2.610091e+00	2.840950e+06	
6.000000e-01	6.697564e+09	3.245005e+08	8.657056e+00	9.738937e+01	8.944375e+01	1.033189e+01	2.503494e-01	0.000000e+00	0.000000e+00	0.000000e+00	3.525421e-05	4.046606e-10	4.406733e-04	2.361173e+05	2.710240e+00	2.951438e+06	
6.500000e-01	6.770357e+09	6.388095e+08	8.646338e+00	9.738937e+01	8.933301e+01	1.033189e+01	2.729662e-01	0.000000e+00	0.000000e+00	0.000000e+00	3.608135e-05	4.065454e-10	4.510137e-04	2.442836e+05	2.752458e+00	3.053523e+06	
7.000000e-01	6.858866e+09	6.388186e+08	8.656920e+00	9.738937e+01	8.944234e+01	1.033189e+01	2.729106e-01	0.000000e+00	0.000000e+00	0.000000e+00	3.692003e-05	4.209057e-10	4.614935e-04	2.532296e+05	2.886936e+00	3.165322e+06	
7.500000e-01	6.941500e+09	6.393617e+08	8.661085e+00	9.738937e+01	8.948537e+01	1.033189e+01	2.729274e-01	0.000000e+00	0.000000e+00	0.000000e+00	3.773324e-05	4.316790e-10	4.716561e-04	2.619253e+05	2.996500e+00	3.274001e+06	
8.000000e-01	7.021838e+09	6.396034e+08	8.663430e+00	9.738937e+01	8.950960e+01	1.033189e+01	2.729322e-01	0.000000e+00	0.000000e+00	0.000000e+00	3.851490e-05	4.410452e-10	4.814250e-04	2.704454e+05	3.096948e+00	3.380488e+06	
8.500000e-01	7.100882e+09	3.248182e+08	8.665202e+00	9.738937e+01	8.952790e+01	1.033189e+01	2.503497e-01	0.000000e+00	0.000000e+00	0.000000e+00	3.926804e-05	4.496975e-10	4.908371e-04	2.788377e+05	3.193249e+00	3.485376e+06	
9.000000e-01	7.169162e+09	3.244371e+08	8.654954e+00	9.738937e+01	8.942202e+01	1.033189e+01	2.503498e-01	0.000000e+00	0.000000e+00	0.000000e+00	3.996313e-05	4.503461e-10	4.995309e-04	2.865022e+05	3.228604e+00	3.581218e+06	
9.500000e-01	7.243120e+09	3.243548e+08	8.652674e+00	9.738937e+01	8.939847e+01	1.033189e+01	2.503498e-01	0.000000e+00	0.000000e+00	0.000000e+00	4.064181e-05	4.553494e-10	5.080159e-04	2.943735e+05	3.298150e+00	3.679620e+06	
1.000000e+00	7.318341e+09	3.243655e+08	8.652864e+00	9.738937e+01	8.940044e+01	1.033189e+01	2.503499e-01	0.000000e+00	0.000000e+00	0.000000e+00	4.130987e-05	4.618621e-10	5.163669e-04	3.023197e+05	3.380064e+00	3.778949e+06	
1.050000e+00	7.393457e+09	3.244050e+08	8.653819e+00	9.738937e+01	8.941030e+01	1.033189e+01	2.503500e-01	0.000000e+00	0.000000e+00	0.000000e+00	4.196433e-05	4.688158e-10	5.245473e-04	3.102615e+05	3.466169e+00	3.878218e+06	
1.100000e+00	7.468043e+09	3.244531e+08	8.654999e+00	9.738937e+01	8.942249e+01	1.033189e+01	2.503500e-01	0.000000e+00	0.000000e+00	0.000000e+00	4.260288e-05	4.758114e-10	5.325286e-04	3.181601e+05	3.553380e+00	3.976947e+06	
1.150000e+00	7.541976e+09	3.245034e+08	8.656230e+00	9.738937e+01	8.943521e+01	1.033189e+01	2.503501e-01	0.000000e+00	0.000000e+00	0.000000e+00	4.322464e-05	4.827020e-10	5.403000e-04	3.259992e+05	3.640527e+00	4.074930e+06	
1.200000e+00	7.615227e+09	3.245535e+08	8.657455e+00	9.738937e+01	8.944786e+01	1.033189e+01	2.503502e-01	0.000000e+00	0.000000e+00	0.000000e+00	4.382960e-05	4.894366e-10	5.478614e-04	3.337724e+05	3.727171e+00	4.172089e+06	
1.250000e+00	7.687800e+09	3.246031e+08	8.658656e+00	9.738937e+01	8.946027e+01	1.033189e+01	2.503502e-01	0.000000e+00	0.000000e+00	0.000000e+00	4.441818e-05	4.960005e-10	5.552180e-04	3.414780e+05	3.813153e+00	4.268405e+06	
1.300000e+00	7.759707e+09	3.246520e+08	8.659828e+00	9.738937e+01	8.947238e+01	1.033189e+01	2.503503e-01	0.000000e+00	0.000000e+00	0.000000e+00	4.499095e-05	5.023927e-10	5.623770e-04	3.491166e+05	3.898420e+00	4.363881e+06	
1.350000e+00	7.830964e+09	3.246998e+08	8.660970e+00	9.738937e+01	8.948418e+01	1.033189e+01	2.503504e-01	0.000000e+00	0.000000e+00	0.000000e+00	4.554856e-05	5.086175e-10	5.693464e-04	3.566892e+05	3.982965e+00	4.458532e+06	
1.400000e+00	7.901589e+09	3.247465e+08	8.662082e+00	9.738937e+01	8.949568e+01	1.033189e+01	2.503505e-01	0.000000e+00	0.000000e+00	0.000000e+00	4.609163e-05	5.146806e-10	5.761341e-04	3.641971e+05	4.066795e+00	4.552375e+06	
1.450000e+00	7.971598e+09	3.247925e+08	8.663167e+00	9.738937e+01	8.950688e+01	1.033189e+01	2.503505e-01	0.000000e+00	0.000000e+00	0.000000e+00	4.662077e-05	5.205885e-10	5.827476e-04	3.716420e+05	4.149922e+00	4.645430e+06	
1.500000e+00	8.041005e+09	3.248376e+08	8.664223e+00	9.738937e+01	8.951780e+01	1.033189e+01	2.503506e-01	0.000000e+00	0.000000e+00	0.000000e+00	4.713656e-05	5.263475e-10	5.891944e-04	3.790253e+05	4.232363e+00	4.737715e+06	
1.550000e+00	8.109828e+09	3.248818e+08	8.665254e+00	9.738937e+01	8.952844e+01	1.033189e+01	2.503507e-01	0.000000e+00	0.000000e+00	0.000000e+00	4.763956e-05	5.319636e-10	5.954811e-04	3.863486e+05	4.314133e+00	4.829249e+06	
1.600000e+00	8.178079e+09	3.249251e+08	8.666259e+00	9.738937e+01	8.953883e+01	1.033189e+01	2.503507e-01	0.000000e+00	0.000000e+00	0.000000e+00	4.813028e-05	5.374427e-10	6.016145e-04	3.936132e+05	4.395249e+00	4.920051e+06	
1.650000e+00	8.245773e+09	3.249676e+08	8.667240e+00	9.738937e+01	8.954897e+01	1.033189e+01	2.503508e-01	0.000000e+00	0.000000e+00	0.000000e+00	4.860922e-05	5.427903e-10	6.076005e-04	4.008206e+05	4.475725e+00	5.010136e+06	
1.700000e+00	8.312924e+09	3.250094e+08	8.668198e+00	9.738937e+01	8.955886e+01	1.033189e+01	2.503509e-01	0.000000e+00	0.000000e+00	0.000000e+00	4.907684e-05	5.480114e-10	6.134450e-04	4.079720e+05	4.555577e+00	5.099522e+06	
1.750000e+00	8.379544e+09	3.250508e+08	8.669134e+00	9.738937e+01	8.956853e+01	1.033189e+01	2.503510e-01	0.000000e+00	0.000000e+00	0.000000e+00	4.953358e-05	5.531111e-10	6.191536e-04	4.150688e+05	4.634819e+00	5.188225e+06	
1.800000e+00	8.445646e+09	3.250915e+08	8.670048e+00	9.738937e+01	8.957797e+01	1.033189e+01	2.503510e-01	0.000000e+00	0.000000e+00	0.000000e+00	4.997986e-05	5.580939e-10	6.247314e-04	4.221122e+05	4.713463e+00	5.276260e+06	
1.850000e+00	8.511241e+09	3.251318e+08	8.670941e+00	9.738937e+01	8.958720e+01	1.033189e+01	2.503511e-01	0.000000e+00	0.000000e+00	0.000000e+00	5.041608e-05	5.629643e-10	6.301833e-04	4.291034e+05	4.791525e+00	5.363642e+06	
1.900000e+00	8.576342e+09	3.251716e+08	8.671814e+00	9.738937e+01	8.959623e+01	1.033189e+01	2.503512e-01	0.000000e+00	0.000000e+00	0.000000e+00	5.084260e-05	5.677265e-10	6.355141e-04	4.360435e+05	4.869016e+00	5.450386e+06	
1.950000e+00	8.640958e+09	3.252108e+08	8.672668e+00	9.738937e+01	8.960505e+01	1.033189e+01	2.503513e-01	0.000000e+00	0.000000e+00	0.000000e+00	5.125978e-05	5.723843e-10	6.407281e-04	4.429336e+05	4.945949e+00	5.536505e+06	
2.000000e+00	8.705102e+09	3.252496e+08	8.673504e+00	9.738937e+01	8.961369e+01	1.033189e+01	2.503514e-01	0.000000e+00	0.000000e+00	0.000000e+00	5.166796e-05	5.769417e-10	6.458296e-04	4.497748e+05	5.022336e+00	5.622012e+06	
2.050000e+00	8.768782e+09	3.252876e+08	8.674322e+00	9.738937e+01	8.962214e+01	1.033189e+01	2.503514e-01	0.000000e+00	0.000000e+00	0.000000e+00	5.206746e-05	5.814021e-10	6.508225e-04	4.565682e+05	5.098188e+00	5.706921e+06	
2.100000e+00	8.832009e+09	3.253251e+08	8.675123e+00	9.738937e+01	8.963041e+01	1.033189e+01	2.503515e-01	0.000000e+00	0.000000e+00	0.000000e+00	5.245858e-05	5.857689e-10	6.557107e-04	4.633146e+05	5.173516e+00	5.791243e+06	
2.150000e+00	8.894793e+09	3.253623e+08	8.675907e+00	9.738937e+01	8.963851e+01	1.033189e+01	2.503516e-01	0.000000e+00	0.000000e+00	0.000000e+00	5.284161e-05	5.900454e-10	6.604978e-04	4.700151e+05	5.248331e+00	5.874991e+06	
2.200000e+00	8.957142e+09	3.253994e+08	8.676675e+00	9.738937e+01	8.964644e+01	1.033189e+01	2.503517e-01	0.000000e+00	0.000000e+00	0.000000e+00	5.321682e-05	5.942346e-10	6.651873e-04	4.766706e+05	5.322644e+00	5.958177e+06	
2.250000e+00	9.019066e+09	3.254439e+08	8.677427e+00	9.738937e+01	8.965422e+01	1.033189e+01	2.503520e-01	0.000000e+00	0.000000e+00	0.000000e+00	5.358450e-05	5.983395e-10	6.697823e-04	4.832821e+05	5.396463e+00	6.040811e+06	
2.300000e+00	9.080573e+09	3.254686e+08	8.678165e+00	9.738937e+01	8.966184e+01	1.033189e+01	2.503518e-01	0.000000e+00	0.000000e+00	0.000000e+00	5.394505e-05	6.023630e-10	6.742861e-04	4.898520e+05	5.469801e+00	6.122904e+06	
2.350000e+00	9.141671e+09	3.255262e+08	8.678888e+00	9.738937e+01	8.966931e+01	1.033189e+01	2.503527e-01	0.000000e+00	0.000000e+00	0.000000e+00	5.429821e-05	6.063075e-10	6.787016e-04	4.963764e+05	5.542663e+00	6.204467e+06	
2.400000e+00	9.202369e+09	3.255578e+08	8.679597e+00	9.738937e+01	8.967664e+01	1.033189e+01	2.503527e-01	0.000000e+00	0.000000e+00	0.000000e+00	5.464488e-05	6.101759e-10	6.830318e-04	5.028623e+05	5.615063e+00	6.285510e+06	
2.450000e+00	9.262674e+09	3.255890e+08	8.680292e+00	9.738937e+01	8.968382e+01	1.033189e+01	2.503527e-01	0.000000e+00	0.000000e+00	0.000000e+00	5.498479e-05	6.139703e-10	6.872792e-04	5.093062e+05	5.687007e+00	6.366043e+06	
2.500000e+00	9.322593e+09	3.255839e+08	8.680975e+00	9.738937e+01	8.969087e+01	1.033189e+01	2.503520e-01	0.000000e+00	0.000000e+00	0.000000e+00	5.531823e-05	6.176932e-10	6.914465e-04	5.157094e+05	5.758502e+00	6.446075e+06	
2.550000e+00	9.382135e+09	3.256055e+08	8.681644e+00	9.738937e+01	8.969778e+01	1.033189e+01	2.503515e-01	0.000000e+00	0.000000e+00	0.000000e+00	5.564524e-05	6.213465e-10	6.955362e-04	5.220711e+05	5.829557e+00	6.525614e+06	
2.600000e+00	9.441305e+09	3.256035e+08	8.682301e+00	9.738937e+01	8.970457e+01	1.033189e+01	2.503506e-01	0.000000e+00	0.000000e+00	0.000000e+00	5.596645e-05	6.249326e-10	6.995507e-04	5.283964e+05	5.900179e+00	6.604672e+06	
2.650000e+00	9.500111e+09	3.256379e+08	8.682945e+00	9.738937e+01	8.971123e+01	1.033189e+01	2.503510e-01	0.000000e+00	0.000000e+00	0.000000e+00	5.628141e-05	6.284534e-10	7.034922e-04	5.346797e+05	5.970377e+00	6.683254e+06	
2.700000e+00	9.558560e+09	3.257210e+08	8.683578e+00	9.738937e+01	8.971777e+01	1.033189e+01	2.503529e-01	0.000000e+00	0.000000e+00	0.000000e+00	5.659074e-05	6.319113e-10	7.073630e-04	5.409260e+05	6.040162e+00	6.761372e+06	
2.750000e+00	9.616659e+09	3.257817e+08	8.684201e+00	9.738937e+01	8.972421e+01	1.033189e+01	2.503533e-01	0.000000e+00	0.000000e+00	0.000000e+00	5.689533e-05	6.353083e-10	7.111652e-04	5.471430e+05	6.109543e+00	6.839033e+06	
2.800000e+00	9.674414e+09	3.257952e+08	8.684813e+00	9.738937e+01	8.973053e+01	1.033189e+01	2.503528e-01	0.000000e+00	0.000000e+00	0.000000e+00	5.719491e-05	6.386455e-10	7.149008e-04	5.533272e+05	6.178521e+00	6.916246e+06	
2.850000e+00	9.731829e+09	3.258168e+08	8.685414e+00	9.738937e+01	8.973673e+01	1.033189e+01	2.503521e-01	0.000000e+00	0.000000e+00	0.000000e+00	5.748860e-05	6.419248e-10	7.185717e-04	5.594692e+05	6.247102e+00	6.993016e+06	
2.900000e+00	9.788910e+09	3.258216e+08	8.686004e+00	9.738937e+01	8.974283e+01	1.033189e+01	2.503521e-01	0.000000e+00	0.000000e+00	0.000000e+00	5.777726e-05	6.451477e-10	7.221796e-04	5.655764e+05	6.315293e+00	7.069352e+06	
2.950000e+00	9.845665e+09	3.258439e+08	8.686584e+00	9.738937e+01	8.974882e+01	1.033189e+01	2.503521e-01	0.000000e+00	0.000000e+00	0.000000e+00	5.806088e-05	6.483162e-10	7.257265e-04	5.716480e+05	6.383104e+00	7.145260e+06	
3.000000e+00	9.902099e+09	3.258886e+08	8.687154e+00	9.738937e+01	8.975472e+01	1.033189e+01	2.503528e-01	0.000000e+00	0.000000e+00	0.000000e+00	5.833951e-05	6.514317e-10	7.292139e-04	5.776836e+05	6.450541e+00	7.220748e+06	
3.050000e+00	9.958216e+09	3.259143e+08	8.687716e+00	9.738937e+01	8.976052e+01	1.033189e+01	2.503530e-01	0.000000e+00	0.000000e+00	0.000000e+00	5.861410e-05	6.544958e-10	7.326437e-04	5.836919e+05	6.517610e+00	7.295824e+06	
3.100000e+00	1.001402e+10	3.259190e+08	8.688268e+00	9.738937e+01	8.976622e+01	1.033189e+01	2.503528e-01	0.000000e+00	0.000000e+00	0.000000e+00	5.888419e-05	6.575096e-10	7.360173e-04	5.896677e+05	6.584316e+00	7.370494e+06	
3.150000e+00	1.006952e+10	6.417892e+08	8.688810e+00	9.738937e+01	8.977183e+01	1.033189e+01	2.729405e-01	0.000000e+00	0.000000e+00	0.000000e+00	5.914940e-05	6.604746e-10	7.393362e-04	5.956063e+05	6.650665e+00	7.444764e+06	
3.200000e+00	1.013454e+10	6.421781e+08	8.697766e+00	9.738937e+01	8.986436e+01	1.033189e+01	2.729191e-01	0.000000e+00	0.000000e+00	0.000000e+00	5.943635e-05	6.690317e-10	7.428954e-04	6.023599e+05	6.780326e+00	7.528901e+06	
3.250000e+00	1.019459e+10	6.426875e+08	8.702641e+00	9.738937e+01	8.991473e+01	1.033189e+01	2.729297e-01	0.000000e+00	0.000000e+00	0.000000e+00	5.972244e-05	6.751002e-10	7.464532e-04	6.088458e+05	6.882369e+00	7.609783e+06	
3.300000e+00	1.025195e+10	9.532446e+08	8.705424e+00	9.738937e+01	8.994348e+01	1.033189e+01	2.864994e-01	0.000000e+00	0.000000e+00	0.000000e+00	5.999900e-05	6.797527e-10	7.499005e-04	6.151068e+05	6.968791e+00	7.687942e+06	
3.350000e+00	1.031368e+10	1.259781e+09	8.712108e+00	9.738937e+01	9.001253e+01	1.033189e+01	2.962491e-01	0.000000e+00	0.000000e+00	0.000000e+00	6.028022e-05	6.892376e-10	7.534146e-04	6.217108e+05	7.108575e+00	7.770476e+06	
3.400000e+00	1.037596e+10	1.563268e+09	8.719424e+00	9.738937e+01	9.008812e+01	1.033189e+01	3.038803e-01	0.000000e+00	0.000000e+00	0.000000e+00	6.672748e-05	7.020850e-10	7.580453e-04	6.923618e+05	7.284808e+00	7.865449e+06	
3.450000e+00	1.043754e+10	1.864255e+09	8.726302e+00	9.738937e+01	9.015919e+01	1.033189e+01	3.101595e-01	0.000000e+00	0.000000e+00	0.000000e+00	7.484170e-05	7.165873e-10	7.629628e-04	7.811630e+05	7.479406e+00	7.963452e+06	
3.500000e+00	1.049806e+10	2.163136e+09	8.732461e+00	9.738937e+01	9.022282e+01	1.033189e+01	3.154990e-01	0.000000e+00	0.000000e+00	0.000000e+00	8.289314e-05	7.316430e-10	7.678246e-04	8.702169e+05	7.680830e+00	8.060666e+06	
3.550000e+00	1.055752e+10	2.460161e+09	8.737900e+00	9.738937e+01	9.027901e+01	1.033189e+01	3.201455e-01	0.000000e+00	0.000000e+00	0.000000e+00	9.028402e-05	7.466572e-10	7.725028e-04	9.531751e+05	7.882846e+00	8.155711e+06	
3.600000e+00	1.061601e+10	2.755552e+09	8.742706e+00	9.738937e+01	9.032868e+01	1.033189e+01	3.242595e-01	0.000000e+00	0.000000e+00	0.000000e+00	9.687485e-05	7.613560e-10	7.769630e-04	1.028424e+06	8.082562e+00	8.248246e+06	
3.650000e+00	1.067365e+10	3.049468e+09	8.746984e+00	9.738937e+01	9.037287e+01	1.033189e+01	3.279509e-01	0.000000e+00	0.000000e+00	0.000000e+00	1.027022e-04	7.756327e-10	7.812094e-04	1.096208e+06	8.278836e+00	8.338359e+06	
3.700000e+00	1.073056e+10	3.342057e+09	8.750826e+00	9.738937e+01	9.041256e+01	1.033189e+01	3.312986e-01	0.000000e+00	0.000000e+00	0.000000e+00	1.078595e-04	7.894705e-10	7.852611e-04	1.157393e+06	8.471460e+00	8.426291e+06	
3.750000e+00	1.078682e+10	3.633412e+09	8.754309e+00	9.738937e+01	9.044855e+01	1.033189e+01	3.343610e-01	0.000000e+00	0.000000e+00	0.000000e+00	1.124489e-04	8.029593e-10	7.891407e-04	1.212965e+06	8.661374e+00	8.512315e+06	
3.800000e+00	1.084250e+10	3.923607e+09	8.757495e+00	9.738937e+01	9.048147e+01	1.033189e+01	3.371826e-01	0.000000e+00	0.000000e+00	0.000000e+00	1.165629e-04	8.161432e-10	7.928696e-04	1.263832e+06	8.849029e+00	8.596685e+06	
3.850000e+00	1.089766e+10	4.212772e+09	8.760434e+00	9.738937e+01	9.051183e+01	1.033189e+01	3.397987e-01	0.000000e+00	0.000000e+00	0.000000e+00	1.202798e-04	8.290445e-10	7.964663e-04	1.310768e+06	9.034645e+00	8.679619e+06	
3.900000e+00	1.095235e+10	4.500958e+09	8.763163e+00	9.738937e+01	9.054003e+01	1.033189e+01	3.422369e-01	0.000000e+00	0.000000e+00	0.000000e+00	1.236639e-04	8.416759e-10	7.999463e-04	1.354410e+06	9.218333e+00	8.761296e+06	
3.950000e+00	1.100662e+10	4.788243e+09	8.765714e+00	9.738937e+01	9.056638e+01	1.033189e+01	3.445199e-01	0.000000e+00	0.000000e+00	0.000000e+00	1.267670e-04	8.540462e-10	8.033227e-04	1.395275e+06	9.400159e+00	8.841866e+06	
4.000000e+00	1.106048e+10	5.074656e+09	8.768110e+00	9.738937e+01	9.059114e+01	1.033189e+01	3.466658e-01	0.000000e+00	0.000000e+00	0.000000e+00	1.296309e-04	8.661629e-10	8.066062e-04	1.433780e+06	9.580176e+00	8.921451e+06	
4.050000e+00	1.111397e+10	5.360261e+09	8.770371e+00	9.738937e+01	9.061451e+01	1.033189e+01	3.486902e-01	0.000000e+00	0.000000e+00	0.000000e+00	1.322894e-04	8.780335e-10	8.098054e-04	1.470260e+06	9.758434e+00	9.000149e+06	
4.100000e+00	1.116710e+10	5.645084e+09	8.772515e+00	9.738937e+01	9.063665e+01	1.033189e+01	3.506060e-01	0.000000e+00	0.000000e+00	0.000000e+00	1.347699e-04	8.896657e-10	8.129277e-04	1.504988e+06	9.934983e+00	9.078043e+06	
4.150000e+00	1.121989e+10	5.610294e+09	8.774552e+00	9.738937e+01	9.065770e+01	1.033189e+01	3.298415e-01	0.000000e+00	0.000000e+00	0.000000e+00	1.370947e-04	9.010676e-10	8.159793e-04	1.538188e+06	1.010988e+01	9.155200e+06	
4.200000e+00	1.126246e+10	5.580384e+09	8.768782e+00	9.738937e+01	9.059809e+01	1.033189e+01	3.180603e-01	0.000000e+00	0.000000e+00	0.000000e+00	1.392632e-04	9.070245e-10	8.187167e-04	1.568447e+06	1.021533e+01	9.220763e+06	
4.250000e+00	1.130303e+10	5.553999e+09	8.761690e+00	9.738937e+01	9.052481e+01	1.033189e+01	3.099902e-01	0.000000e+00	0.000000e+00	0.000000e+00	1.412931e-04	9.090887e-10	8.211482e-04	1.597041e+06	1.027546e+01	9.281466e+06	
4.300000e+00	1.134398e+10	5.530278e+09	8.755114e+00	9.738937e+01	9.045687e+01	1.033189e+01	3.039500e-01	0.000000e+00	0.000000e+00	0.000000e+00	1.375205e-04	9.076255e-10	8.224113e-04	1.560030e+06	1.029609e+01	9.329417e+06	
4.350000e+00	1.138590e+10	5.508709e+09	8.749512e+00	9.738937e+01	9.039899e+01	1.033189e+01	2.991867e-01	0.000000e+00	0.000000e+00	0.000000e+00	1.318859e-04	9.039929e-10	8.232738e-04	1.501640e+06	1.029278e+01	9.373718e+06	
4.400000e+00	1.142884e+10	5.488882e+09	8.744889e+00	9.738937e+01	9.035123e+01	1.033189e+01	2.952972e-01	0.000000e+00	0.000000e+00	0.000000e+00	1.260335e-04	8.992434e-10	8.240749e-04	1.440416e+06	1.027730e+01	9.418216e+06	
4.450000e+00	1.147261e+10	5.470536e+09	8.741112e+00	9.738937e+01	9.031220e+01	1.033189e+01	2.920415e-01	0.000000e+00	0.000000e+00	0.000000e+00	1.206096e-04	8.940406e-10	8.249548e-04	1.383707e+06	1.025698e+01	9.464388e+06	
4.500000e+00	1.151706e+10	5.453437e+09	8.738025e+00	9.738937e+01	9.028031e+01	1.033189e+01	2.892644e-01	0.000000e+00	0.000000e+00	0.000000e+00	1.158191e-04	8.887692e-10	8.259609e-04	1.333895e+06	1.023600e+01	9.512637e+06	
4.550000e+00	1.156199e+10	5.437421e+09	8.735488e+00	9.738937e+01	9.025410e+01	1.033189e+01	2.868602e-01	0.000000e+00	0.000000e+00	0.000000e+00	1.116774e-04	8.836341e-10	8.270983e-04	1.291213e+06	1.021657e+01	9.562901e+06	
4.600000e+00	1.160727e+10	5.422346e+09	8.733387e+00	9.738937e+01	9.023239e+01	1.033189e+01	2.847539e-01	0.000000e+00	0.000000e+00	0.000000e+00	1.081258e-04	8.787232e-10	8.283545e-04	1.255045e+06	1.019958e+01	9.614935e+06	
4.650000e+00	1.165279e+10	5.408110e+09	8.731632e+00	9.738937e+01	9.021426e+01	1.033189e+01	2.828901e-01	0.000000e+00	0.000000e+00	0.000000e+00	1.050835e-04	8.739957e-10	8.297103e-04	1.224516e+06	1.018449e+01	9.668443e+06	
4.700000e+00	1.169847e+10	5.394605e+09	8.730154e+00	9.738937e+01	9.019898e+01	1.033189e+01	2.812270e-01	0.000000e+00	0.000000e+00	0.000000e+00	1.024701e-04	8.694309e-10	8.311469e-04	1.198744e+06	1.017101e+01	9.723149e+06	
4.750000e+00	1.174424e+10	5.381759e+09	8.728898e+00	9.738937e+01	9.018601e+01	1.033189e+01	2.797323e-01	0.000000e+00	0.000000e+00	0.000000e+00	1.002142e-04	8.650157e-10	8.326471e-04	1.176940e+06	1.015895e+01	9.778809e+06	
4.800000e+00	1.179005e+10	5.369516e+09	8.727825e+00	9.738937e+01	9.017492e+01	1.033189e+01	2.783804e-01	0.000000e+00	0.000000e+00	0.000000e+00	9.825537e-05	8.607396e-10	8.341967e-04	1.158436e+06	1.014817e+01	9.835223e+06	
4.850000e+00	1.183587e+10	5.357826e+09	8.726902e+00	9.738937e+01	9.016538e+01	1.033189e+01	2.771511e-01	0.000000e+00	0.000000e+00	0.000000e+00	9.654383e-05	8.565935e-10	8.357836e-04	1.142680e+06	1.013853e+01	9.892224e+06	
4.900000e+00	1.188165e+10	5.346616e+09	8.726103e+00	9.738937e+01	9.015714e+01	1.033189e+01	2.760276e-01	0.000000e+00	0.000000e+00	0.000000e+00	9.503915e-05	8.525683e-10	8.373985e-04	1.129222e+06	1.012992e+01	9.949680e+06	
4.950000e+00	1.192739e+10	5.335868e+09	8.725410e+00	9.738937e+01	9.014997e+01	1.033189e+01	2.749965e-01	0.000000e+00	0.000000e+00	0.000000e+00	9.370852e-05	8.486553e-10	8.390335e-04	1.117698e+06	1.012225e+01	1.000748e+07	
5.000000e+00	1.197307e+10	5.325539e+09	8.724807e+00	9.738937e+01	9.014374e+01	1.033189e+01	2.740463e-01	0.000000e+00	0.000000e+00	0.000000e+00	9.252538e-05	8.448461e-10	8.406824e-04	1.107813e+06	1.011540e+01	1.006555e+07	
5.050000e+00	1.201866e+10	5.315599e+09	8.724279e+00	9.738937e+01	9.013829e+01	1.033189e+01	2.731676e-01	0.000000e+00	0.000000e+00	0.000000e+00	9.146810e-05	8.411326e-10	8.423403e-04	1.099324e+06	1.010928e+01	1.012380e+07	
5.100000e+00	1.206416e+10	5.306017e+09	8.723819e+00	9.738937e+01	9.013353e+01	1.033189e+01	2.723525e-01	0.000000e+00	0.000000e+00	0.000000e+00	9.051899e-05	8.375075e-10	8.440031e-04	1.092035e+06	1.010382e+01	1.018219e+07	
5.150000e+00	1.210956e+10	5.613887e+09	8.723415e+00	9.738937e+01	9.012936e+01	1.033189e+01	2.941825e-01	0.000000e+00	0.000000e+00	0.000000e+00	8.966349e-05	8.340488e-10	8.456681e-04	1.085785e+06	1.009996e+01	1.024066e+07	
5.200000e+00	1.216470e+10	6.266814e+09	8.730133e+00	9.738937e+01	9.019877e+01	1.033189e+01	3.222816e-01	0.000000e+00	0.000000e+00	0.000000e+00	8.891170e-05	8.356692e-10	8.475577e-04	1.081584e+06	1.016566e+01	1.031029e+07	
5.250000e+00	1.222840e+10	6.911399e+09	8.743042e+00	9.738937e+01	9.033214e+01	1.033189e+01	3.422745e-01	0.000000e+00	0.000000e+00	0.000000e+00	8.829324e-05	8.488649e-10	8.499956e-04	1.079685e+06	1.038026e+01	1.039409e+07	
5.300000e+00	1.229374e+10	7.549664e+09	8.757140e+00	9.738937e+01	9.047780e+01	1.033189e+01	3.577770e-01	0.000000e+00	0.000000e+00	0.000000e+00	9.886183e-05	8.705499e-10	8.547011e-04	1.215381e+06	1.070231e+01	1.050747e+07	
5.350000e+00	1.235811e+10	8.182838e+09	8.770574e+00	9.738937e+01	9.061660e+01	1.033189e+01	3.704300e-01	0.000000e+00	0.000000e+00	0.000000e+00	1.132292e-04	8.969932e-10	8.602271e-04	1.399299e+06	1.108514e+01	1.063078e+07	
5.400000e+00	1.242067e+10	8.513250e+09	8.782738e+00	9.738937e+01	9.074228e+01	1.033189e+01	3.757920e-01	0.000000e+00	0.000000e+00	0.000000e+00	1.281776e-04	9.262165e-10	8.658917e-04	1.592051e+06	1.150423e+01	1.075495e+07	
5.450000e+00	1.247891e+10	8.178587e+09	8.791893e+00	9.738937e+01	9.083686e+01	1.033189e+01	3.517285e-01	0.000000e+00	0.000000e+00	0.000000e+00	1.399706e-04	9.526643e-10	8.709021e-04	1.746680e+06	1.188821e+01	1.086791e+07	
5.500000e+00	1.252156e+10	7.850436e+09	8.790149e+00	9.738937e+01	9.081885e+01	1.033189e+01	3.352483e-01	0.000000e+00	0.000000e+00	0.000000e+00	1.494251e-04	9.651595e-10	8.749093e-04	1.871035e+06	1.208530e+01	1.095523e+07	
5.550000e+00	1.255792e+10	7.526782e+09	8.784135e+00	9.738937e+01	9.075671e+01	1.033189e+01	3.227851e-01	0.000000e+00	0.000000e+00	0.000000e+00	1.462517e-04	9.677461e-10	8.762131e-04	1.836618e+06	1.215288e+01	1.100341e+07	
5.600000e+00	1.259212e+10	7.206836e+09	8.776765e+00	9.738937e+01	9.068056e+01	1.033189e+01	3.128015e-01	0.000000e+00	0.000000e+00	0.000000e+00	1.379669e-04	9.645342e-10	8.762547e-04	1.737295e+06	1.214553e+01	1.103390e+07	
5.650000e+00	1.262599e+10	7.190134e+09	8.769331e+00	9.738937e+01	9.060376e+01	1.033189e+01	3.098544e-01	0.000000e+00	0.000000e+00	0.000000e+00	1.280259e-04	9.571408e-10	8.757693e-04	1.616453e+06	1.208485e+01	1.105745e+07	
5.700000e+00	1.266266e+10	7.174582e+09	8.763999e+00	9.738937e+01	9.054867e+01	1.033189e+01	3.074199e-01	0.000000e+00	0.000000e+00	0.000000e+00	1.203952e-04	9.512487e-10	8.756147e-04	1.524523e+06	1.204534e+01	1.108761e+07	
5.750000e+00	1.270121e+10	7.160064e+09	8.760101e+00	9.738937e+01	9.050840e+01	1.033189e+01	3.053676e-01	0.000000e+00	0.000000e+00	0.000000e+00	1.145033e-04	9.455067e-10	8.757691e-04	1.454331e+06	1.200908e+01	1.112333e+07	
5.800000e+00	1.274101e+10	7.146395e+09	8.757195e+00	9.738937e+01	9.047837e+01	1.033189e+01	3.036056e-01	0.000000e+00	0.000000e+00	0.000000e+00	1.099086e-04	9.394365e-10	8.761862e-04	1.400347e+06	1.196937e+01	1.116349e+07	
5.850000e+00	1.278163e+10	7.171842e+09	8.754981e+00	9.738937e+01	9.045549e+01	1.033189e+01	3.023763e-01	0.000000e+00	0.000000e+00	0.000000e+00	1.062795e-04	9.329668e-10	8.768160e-04	1.358425e+06	1.192484e+01	1.120714e+07	
5.900000e+00	1.282294e+10	7.197770e+09	8.753351e+00	9.738937e+01	9.043865e+01	1.033189e+01	3.013091e-01	0.000000e+00	0.000000e+00	0.000000e+00	1.034949e-04	9.313431e-10	8.776709e-04	1.327109e+06	1.194256e+01	1.125432e+07	
5.950000e+00	1.286468e+10	7.224146e+09	8.752126e+00	9.738937e+01	9.042600e+01	1.033189e+01	3.003732e-01	0.000000e+00	0.000000e+00	0.000000e+00	1.013219e-04	9.326400e-10	8.786892e-04	1.303474e+06	1.199812e+01	1.130406e+07	
6.000000e+00	1.290669e+10	7.250901e+09	8.751190e+00	9.738937e+01	9.041632e+01	1.033189e+01	2.995447e-01	0.000000e+00	0.000000e+00	0.000000e+00	9.959736e-05	9.356650e-10	8.798254e-04	1.285472e+06	1.207634e+01	1.135564e+07	
6.050000e+00	1.294885e+10	7.277994e+09	8.750462e+00	9.738937e+01	9.040880e+01	1.033189e+01	2.988054e-01	0.000000e+00	0.000000e+00	0.000000e+00	9.820616e-05	9.396793e-10	8.810459e-04	1.271657e+06	1.216777e+01	1.140853e+07	
6.100000e+00	1.299109e+10	6.948969e+09	8.749888e+00	9.738937e+01	9.040288e+01	1.033189e+01	2.752468e-01	0.000000e+00	0.000000e+00	0.000000e+00	9.706654e-05	9.442338e-10	8.823262e-04	1.261001e+06	1.226663e+01	1.146238e+07	
6.150000e+00	1.302334e+10	6.938170e+09	8.742708e+00	9.738937e+01	9.032869e+01	1.033189e+01	2.743778e-01	0.000000e+00	0.000000e+00	0.000000e+00	9.597799e-05	9.397600e-10	8.833889e-04	1.249954e+06	1.223882e+01	1.150468e+07	
6.200000e+00	1.305918e+10	6.927849e+09	8.738070e+00	9.738937e+01	9.028077e+01	1.033189e+01	2.735721e-01	0.000000e+00	0.000000e+00	0.000000e+00	9.496535e-05	9.340527e-10	8.843595e-04	1.240170e+06	1.219796e+01	1.154901e+07	
6.250000e+00	1.309723e+10	6.917909e+09	8.735031e+00	9.738937e+01	9.024938e+01	1.033189e+01	2.728237e-01	0.000000e+00	0.000000e+00	0.000000e+00	9.403673e-05	9.277123e-10	8.853329e-04	1.231621e+06	1.215046e+01	1.159541e+07	
6.300000e+00	1.313664e+10	6.908322e+09	8.733003e+00	9.738937e+01	9.022843e+01	1.033189e+01	2.721269e-01	0.000000e+00	0.000000e+00	0.000000e+00	9.319100e-05	9.210834e-10	8.863461e-04	1.224216e+06	1.209994e+01	1.164361e+07	
6.350000e+00	1.317686e+10	6.899017e+09	8.731621e+00	9.738937e+01	9.021414e+01	1.033189e+01	2.714765e-01	0.000000e+00	0.000000e+00	0.000000e+00	9.242275e-05	9.143605e-10	8.874083e-04	1.217841e+06	1.204840e+01	1.169325e+07	
6.400000e+00	1.321756e+10	6.890021e+09	8.730654e+00	9.738937e+01	9.020415e+01	1.033189e+01	2.708681e-01	0.000000e+00	0.000000e+00	0.000000e+00	9.172492e-05	9.077777e-10	8.885168e-04	1.212380e+06	1.199861e+01	1.174402e+07	
6.450000e+00	1.325853e+10	6.881267e+09	8.729958e+00	9.738937e+01	9.019696e+01	1.033189e+01	2.702973e-01	0.000000e+00	0.000000e+00	0.000000e+00	9.109023e-05	9.015488e-10	8.896642e-04	1.207723e+06	1.195321e+01	1.179564e+07	
6.500000e+00	1.329964e+10	6.872775e+09	8.729443e+00	9.738937e+01	9.019164e+01	1.033189e+01	2.697607e-01	0.000000e+00	0.000000e+00	0.000000e+00	9.051171e-05	8.957723e-10	8.908420e-04	1.203773e+06	1.191345e+01	1.184788e+07	
6.550000e+00	1.334080e+10	6.864475e+09	8.729051e+00	9.738937e+01	9.018759e+01	1.033189e+01	2.692549e-01	0.000000e+00	0.000000e+00	0.000000e+00	8.998308e-05	8.904808e-10	8.920422e-04	1.200446e+06	1.187972e+01	1.190055e+07	
6.600000e+00	1.338195e+10	6.856426e+09	8.728743e+00	9.738937e+01	9.018441e+01	1.033189e+01	2.687774e-01	0.000000e+00	0.000000e+00	0.000000e+00	8.949872e-05	8.856700e-10	8.932582e-04	1.197667e+06	1.185199e+01	1.195354e+07	
6.650000e+00	1.342306e+10	6.848585e+09	8.728497e+00	9.738937e+01	9.018186e+01	1.033189e+01	2.683255e-01	0.000000e+00	0.000000e+00	0.000000e+00	8.905381e-05	8.813166e-10	8.944847e-04	1.195375e+06	1.182997e+01	1.200673e+07	
6.700000e+00	1.346412e+10	6.840920e+09	8.728295e+00	9.738937e+01	9.017978e+01	1.033189e+01	2.678971e-01	0.000000e+00	0.000000e+00	0.000000e+00	8.864412e-05	8.773878e-10	8.957173e-04	1.193515e+06	1.181325e+01	1.206004e+07	
6.750000e+00	1.350510e+10	6.833458e+09	8.728128e+00	9.738937e+01	9.017805e+01	1.033189e+01	2.674902e-01	0.000000e+00	0.000000e+00	0.000000e+00	8.826596e-05	8.738479e-10	8.969529e-04	1.192041e+06	1.180140e+01	1.211344e+07	
6.800000e+00	1.354599e+10	6.826169e+09	8.727988e+00	9.738937e+01	9.017661e+01	1.033189e+01	2.671032e-01	0.000000e+00	0.000000e+00	0.000000e+00	8.791617e-05	8.706614e-10	8.981889e-04	1.190912e+06	1.179397e+01	1.216686e+07	
6.850000e+00	1.358679e+10	6.557554e+09	8.727870e+00	9.738937e+01	9.017539e+01	1.033189e+01	2.662658e-01	0.000000e+00	0.000000e+00	0.000000e+00	8.759196e-05	8.677948e-10	8.994236e-04	1.190094e+06	1.179055e+01	1.222028e+07	
6.900000e+00	1.362730e+10	6.027242e+09	8.727639e+00	9.738937e+01	9.017300e+01	1.033189e+01	2.649762e-01	0.000000e+00	0.000000e+00	0.000000e+00	8.715083e-05	8.650426e-10	9.006275e-04	1.187630e+06	1.178819e+01	1.227312e+07	
6.950000e+00	1.366736e+10	5.758890e+09	8.727210e+00	9.738937e+01	9.016857e+01	1.033189e+01	2.641842e-01	0.000000e+00	0.000000e+00	0.000000e+00	8.649963e-05	8.622569e-10	9.017783e-04	1.182222e+06	1.178478e+01	1.232493e+07	
7.000000e+00	1.370732e+10	5.227886e+09	8.726792e+00	9.738937e+01	9.016425e+01	1.033189e+01	2.629268e-01	0.000000e+00	0.000000e+00	0.000000e+00	8.586034e-05	8.596979e-10	9.029159e-04	1.176916e+06	1.178416e+01	1.237656e+07	
7.050000e+00	1.374697e+10	5.276810e+09	8.726251e+00	9.738937e+01	9.015866e+01	1.033189e+01	2.847634e-01	0.000000e+00	0.000000e+00	0.000000e+00	8.509170e-05	8.571489e-10	9.040141e-04	1.169753e+06	1.178320e+01	1.242745e+07	
7.100000e+00	1.379644e+10	5.056755e+09	8.732008e+00	9.738937e+01	9.021814e+01	1.033189e+01	2.970820e-01	0.000000e+00	0.000000e+00	0.000000e+00	8.440648e-05	8.591247e-10	9.052933e-04	1.164509e+06	1.185286e+01	1.248982e+07	
7.150000e+00	1.384810e+10	4.832278e+09	8.739193e+00	9.738937e+01	9.029238e+01	1.033189e+01	3.056076e-01	0.000000e+00	0.000000e+00	0.000000e+00	8.364121e-05	8.644376e-10	9.067562e-04	1.158272e+06	1.197082e+01	1.255685e+07	
7.200000e+00	1.389953e+10	5.211871e+09	8.746260e+00	9.738937e+01	9.036539e+01	1.033189e+01	3.132792e-01	0.000000e+00	0.000000e+00	0.000000e+00	8.744223e-05	8.729070e-10	9.091358e-04	1.215406e+06	1.213300e+01	1.263656e+07	
7.250000e+00	1.395042e+10	5.549412e+09	8.753019e+00	9.738937e+01	9.043523e+01	1.033189e+01	3.194788e-01	0.000000e+00	0.000000e+00	0.000000e+00	9.335693e-05	8.861074e-10	9.119875e-04	1.302368e+06	1.236157e+01	1.272261e+07	
7.300000e+00	1.400029e+10	5.884537e+09	8.759180e+00	9.738937e+01	9.049888e+01	1.033189e+01	3.247423e-01	0.000000e+00	0.000000e+00	0.000000e+00	9.989058e-05	9.010122e-10	9.149769e-04	1.398498e+06	1.261444e+01	1.280995e+07	
7.350000e+00	1.404908e+10	6.598210e+09	8.764698e+00	9.738937e+01	9.055589e+01	1.033189e+01	3.305343e-01	0.000000e+00	0.000000e+00	0.000000e+00	1.063608e-04	9.167474e-10	9.179503e-04	1.494272e+06	1.287946e+01	1.289636e+07	
7.400000e+00	1.409737e+10	7.270316e+09	8.769946e+00	9.738937e+01	9.061011e+01	1.033189e+01	3.356412e-01	0.000000e+00	0.000000e+00	0.000000e+00	1.128391e-04	9.358365e-10	9.209472e-04	1.590735e+06	1.319284e+01	1.298294e+07	
7.450000e+00	1.414502e+10	7.940130e+09	8.774832e+00	9.738937e+01	9.066059e+01	1.033189e+01	3.403014e-01	0.000000e+00	0.000000e+00	0.000000e+00	1.190290e-04	9.555584e-10	9.238754e-04	1.683667e+06	1.351639e+01	1.306823e+07	
7.500000e+00	1.419202e+10	8.988649e+09	8.779363e+00	9.738937e+01	9.070741e+01	1.033189e+01	3.458408e-01	0.000000e+00	0.000000e+00	0.000000e+00	1.248340e-04	9.753440e-10	9.267080e-04	1.771647e+06	1.384210e+01	1.315186e+07	
7.550000e+00	1.423896e+10	9.655521e+09	8.783901e+00	9.738937e+01	9.075429e+01	1.033189e+01	3.498280e-01	0.000000e+00	0.000000e+00	0.000000e+00	1.306127e-04	9.980754e-10	9.295524e-04	1.859790e+06	1.421156e+01	1.323586e+07	
7.600000e+00	1.428517e+10	1.032118e+10	8.788025e+00	9.738937e+01	9.079690e+01	1.033189e+01	3.535586e-01	0.000000e+00	0.000000e+00	0.000000e+00	1.358671e-04	1.019408e-09	9.322605e-04	1.940884e+06	1.456242e+01	1.331750e+07	
7.650000e+00	1.433074e+10	1.060439e+10	8.791809e+00	9.738937e+01	9.083600e+01	1.033189e+01	3.558221e-01	0.000000e+00	0.000000e+00	0.000000e+00	1.406701e-04	1.039666e-09	9.348449e-04	2.015907e+06	1.489918e+01	1.339702e+07	
7.700000e+00	1.437524e+10	1.088677e+10	8.794977e+00	9.738937e+01	9.086873e+01	1.033189e+01	3.579274e-01	0.000000e+00	0.000000e+00	0.000000e+00	1.447052e-04	1.055880e-09	9.372028e-04	2.080172e+06	1.517853e+01	1.347251e+07	
7.750000e+00	1.441892e+10	1.151897e+10	8.797697e+00	9.738937e+01	9.089684e+01	1.033189e+01	3.614073e-01	0.000000e+00	0.000000e+00	0.000000e+00	1.481648e-04	1.069451e-09	9.393805e-04	2.136376e+06	1.542033e+01	1.354485e+07	
7.800000e+00	1.446264e+10	1.250121e+10	8.800491e+00	9.738937e+01	9.092570e+01	1.033189e+01	3.662757e-01	0.000000e+00	0.000000e+00	0.000000e+00	1.516564e-04	1.085234e-09	9.415413e-04	2.193352e+06	1.569535e+01	1.361717e+07	
7.850000e+00	1.450697e+10	1.313108e+10	8.803704e+00	9.738937e+01	9.095889e+01	1.033189e+01	3.694125e-01	0.000000e+00	0.000000e+00	0.000000e+00	1.555919e-04	1.106466e-09	9.438069e-04	2.257167e+06	1.605146e+01	1.369178e+07	
7.900000e+00	1.455091e+10	1.376003e+10	8.806732e+00	9.738937e+01	9.099018e+01	1.033189e+01	3.724102e-01	0.000000e+00	0.000000e+00	0.000000e+00	1.592784e-04	1.126973e-09	9.460063e-04	2.317647e+06	1.639849e+01	1.376526e+07	
7.950000e+00	1.459452e+10	1.438802e+10	8.809602e+00	9.738937e+01	9.101983e+01	1.033189e+01	3.752807e-01	0.000000e+00	0.000000e+00	0.000000e+00	1.627472e-04	1.146848e-09	9.481436e-04	2.375218e+06	1.673770e+01	1.383770e+07	
8.000000e+00	1.463782e+10	1.479337e+10	8.812333e+00	9.738937e+01	9.104805e+01	1.033189e+01	3.749628e-01	0.000000e+00	0.000000e+00	0.000000e+00	1.660239e-04	1.166143e-09	9.502229e-04	2.430229e+06	1.706980e+01	1.390920e+07	
8.050000e+00	1.467949e+10	1.513326e+10	8.814129e+00	9.738937e+01	9.106661e+01	1.033189e+01	3.754846e-01	0.000000e+00	0.000000e+00	0.000000e+00	1.680887e-04	1.182790e-09	9.520560e-04	2.467456e+06	1.736275e+01	1.397569e+07	
8.100000e+00	1.472040e+10	1.547283e+10	8.815525e+00	9.738937e+01	9.108103e+01	1.033189e+01	3.760293e-01	0.000000e+00	0.000000e+00	0.000000e+00	1.696491e-04	1.196216e-09	9.537350e-04	2.497302e+06	1.760878e+01	1.403936e+07	
8.150000e+00	1.476078e+10	1.581206e+10	8.816660e+00	9.738937e+01	9.109276e+01	1.033189e+01	3.765910e-01	0.000000e+00	0.000000e+00	0.000000e+00	1.708783e-04	1.207261e-09	9.552991e-04	2.522297e+06	1.782012e+01	1.410096e+07	
8.200000e+00	1.480080e+10	1.650472e+10	8.817626e+00	9.738937e+01	9.110274e+01	1.033189e+01	3.788521e-01	0.000000e+00	0.000000e+00	0.000000e+00	1.718907e-04	1.216507e-09	9.567779e-04	2.544119e+06	1.800527e+01	1.416107e+07	
8.250000e+00	1.484127e+10	1.684304e+10	8.818925e+00	9.738937e+01	9.111615e+01	1.033189e+01	3.794252e-01	0.000000e+00	0.000000e+00	0.000000e+00	1.732797e-04	1.229141e-09	9.583319e-04	2.571692e+06	1.824202e+01	1.422287e+07	
8.300000e+00	1.488130e+10	1.718095e+10	8.820003e+00	9.738937e+01	9.112729e+01	1.033189e+01	3.800058e-01	0.000000e+00	0.000000e+00	0.000000e+00	1.744075e-04	1.239163e-09	9.598029e-04	2.595409e+06	1.844034e+01	1.428311e+07	
8.350000e+00	1.492098e+10	1.687451e+10	8.820936e+00	9.738937e+01	9.113693e+01	1.033189e+01	3.762901e-01	0.000000e+00	0.000000e+00	0.000000e+00	1.753604e-04	1.247380e-09	9.612103e-04	2.616549e+06	1.861213e+01	1.434220e+07	
8.400000e+00	1.495852e+10	1.685856e+10	8.820654e+00	9.738937e+01	9.113402e+01	1.033189e+01	3.752666e-01	0.000000e+00	0.000000e+00	0.000000e+00	1.748208e-04	1.245746e-09	9.622500e-04	2.615061e+06	1.863452e+01	1.439384e+07	
8.450000e+00	1.499576e+10	1.684293e+10	8.820255e+00	9.738937e+01	9.112990e+01	1.033189e+01	3.742986e-01	0.000000e+00	0.000000e+00	0.000000e+00	1.741493e-04	1.241507e-09	9.631957e-04	2.611500e+06	1.861734e+01	1.444385e+07	
8.500000e+00	1.503279e+10	1.682759e+10	8.819792e+00	9.738937e+01	9.112512e+01	1.033189e+01	3.733810e-01	0.000000e+00	0.000000e+00	0.000000e+00	1.734065e-04	1.235726e-09	9.640773e-04	2.606783e+06	1.857641e+01	1.449277e+07	
8.550000e+00	1.506967e+10	1.681252e+10	8.819299e+00	9.738937e+01	9.112002e+01	1.033189e+01	3.725097e-01	0.000000e+00	0.000000e+00	0.000000e+00	1.726320e-04	1.229088e-09	9.649158e-04	2.601508e+06	1.852195e+01	1.454096e+07	
8.600000e+00	1.510644e+10	1.679772e+10	8.818796e+00	9.738937e+01	9.111483e+01	1.033189e+01	3.716812e-01	0.000000e+00	0.000000e+00	0.000000e+00	1.718509e-04	1.222041e-09	9.657259e-04	2.596054e+06	1.846069e+01	1.458868e+07	
8.650000e+00	1.514311e+10	1.678317e+10	8.818298e+00	9.738937e+01	9.110968e+01	1.033189e+01	3.708919e-01	0.000000e+00	0.000000e+00	0.000000e+00	1.710788e-04	1.214878e-09	9.665175e-04	2.590666e+06	1.839704e+01	1.463608e+07	
8.700000e+00	1.517971e+10	1.676888e+10	8.817813e+00	9.738937e+01	9.110467e+01	1.033189e+01	3.701390e-01	0.000000e+00	0.000000e+00	0.000000e+00	1.703256e-04	1.207780e-09	9.672977e-04	2.585494e+06	1.833376e+01	1.468330e+07	
8.750000e+00	1.521625e+10	1.646276e+10	8.817345e+00	9.738937e+01	9.109984e+01	1.033189e+01	3.665931e-01	0.000000e+00	0.000000e+00	0.000000e+00	1.695969e-04	1.200861e-09	9.680711e-04	2.580630e+06	1.827259e+01	1.473041e+07	
8.800000e+00	1.525148e+10	1.615412e+10	8.816177e+00	9.738937e+01	9.108777e+01	1.033189e+01	3.625577e-01	0.000000e+00	0.000000e+00	0.000000e+00	1.679692e-04	1.189893e-09	9.686476e-04	2.561778e+06	1.814762e+01	1.477331e+07	
8.850000e+00	1.528557e+10	1.613914e+10	8.814411e+00	9.738937e+01	9.106952e+01	1.033189e+01	3.616717e-01	0.000000e+00	0.000000e+00	0.000000e+00	1.655295e-04	1.175649e-09	9.690338e-04	2.530213e+06	1.797046e+01	1.481223e+07	
8.900000e+00	1.532024e+10	1.551801e+10	8.813037e+00	9.738937e+01	9.105533e+01	1.033189e+01	3.473534e-01	0.000000e+00	0.000000e+00	0.000000e+00	1.635776e-04	1.163806e-09	9.694897e-04	2.506047e+06	1.782978e+01	1.485281e+07	
8.950000e+00	1.534935e+10	1.519678e+10	8.808533e+00	9.738937e+01	9.100879e+01	1.033189e+01	3.389409e-01	0.000000e+00	0.000000e+00	0.000000e+00	1.564867e-04	1.143080e-09	9.689360e-04	2.401969e+06	1.754554e+01	1.487254e+07	
9.000000e+00	1.537723e+10	1.588690e+10	8.803397e+00	9.738937e+01	9.095572e+01	1.033189e+01	3.460447e-01	0.000000e+00	0.000000e+00	0.000000e+00	1.482896e-04	1.121664e-09	9.680856e-04	2.280283e+06	1.724809e+01	1.488648e+07	
9.050000e+00	1.541106e+10	1.697881e+10	8.801733e+00	9.738937e+01	9.093853e+01	1.033189e+01	3.522551e-01	0.000000e+00	0.000000e+00	0.000000e+00	1.456617e-04	1.111008e-09	9.682655e-04	2.244801e+06	1.712181e+01	1.492200e+07	
9.100000e+00	1.544854e+10	1.775451e+10	8.802205e+00	9.738937e+01	9.094341e+01	1.033189e+01	3.574844e-01	0.000000e+00	0.000000e+00	0.000000e+00	1.462075e-04	1.107646e-09	9.691399e-04	2.258692e+06	1.711152e+01	1.497180e+07	
9.150000e+00	1.548806e+10	1.807412e+10	8.803885e+00	9.738937e+01	9.096077e+01	1.033189e+01	3.608983e-01	0.000000e+00	0.000000e+00	0.000000e+00	1.484809e-04	1.111435e-09	9.704974e-04	2.299682e+06	1.721398e+01	1.503112e+07	
9.200000e+00	1.552816e+10	1.802632e+10	8.805936e+00	9.738937e+01	9.098196e+01	1.033189e+01	3.632787e-01	0.000000e+00	0.000000e+00	0.000000e+00	1.513185e-04	1.116953e-09	9.720091e-04	2.349699e+06	1.734423e+01	1.509351e+07	
9.250000e+00	1.556819e+10	1.757229e+10	8.807982e+00	9.738937e+01	9.100309e+01	1.033189e+01	3.646657e-01	0.000000e+00	0.000000e+00	0.000000e+00	1.541926e-04	1.123388e-09	9.735504e-04	2.400499e+06	1.748911e+01	1.515641e+07	
9.300000e+00	1.560770e+10	1.761645e+10	8.809777e+00	9.738937e+01	9.102165e+01	1.033189e+01	3.535645e-01	0.000000e+00	0.000000e+00	0.000000e+00	1.567721e-04	1.129901e-09	9.750216e-04	2.446851e+06	1.763516e+01	1.521784e+07	
9.350000e+00	1.564134e+10	1.766376e+10	8.808304e+00	9.738937e+01	9.100642e+01	1.033189e+01	3.460802e-01	0.000000e+00	0.000000e+00	0.000000e+00	1.594006e-04	1.132959e-09	9.764368e-04	2.493239e+06	1.772100e+01	1.527278e+07	
9.400000e+00	1.567249e+10	1.771055e+10	8.805487e+00	9.738937e+01	9.097732e+01	1.033189e+01	3.405306e-01	0.000000e+00	0.000000e+00	0.000000e+00	1.578454e-04	1.132785e-09	9.770319e-04	2.473831e+06	1.775356e+01	1.531252e+07	
9.450000e+00	1.570274e+10	1.812293e+10	8.802228e+00	9.738937e+01	9.094364e+01	1.033189e+01	3.368128e-01	0.000000e+00	0.000000e+00	0.000000e+00	1.544397e-04	1.130334e-09	9.772180e-04	2.425127e+06	1.774934e+01	1.534500e+07	
9.500000e+00	1.573315e+10	1.849920e+10	8.799116e+00	9.738937e+01	9.091149e+01	1.033189e+01	3.338318e-01	0.000000e+00	0.000000e+00	0.000000e+00	1.505094e-04	1.126736e-09	9.772685e-04	2.367987e+06	1.772711e+01	1.537552e+07	
9.550000e+00	1.576396e+10	1.847364e+10	8.796287e+00	9.738937e+01	9.088226e+01	1.033189e+01	3.307258e-01	0.000000e+00	0.000000e+00	0.000000e+00	1.465706e-04	1.121870e-09	9.772818e-04	2.310534e+06	1.768511e+01	1.540584e+07	
9.600000e+00	1.579496e+10	1.876318e+10	8.793621e+00	9.738937e+01	9.085472e+01	1.033189e+01	3.416420e-01	0.000000e+00	0.000000e+00	0.000000e+00	1.426961e-04	1.115312e-09	9.772573e-04	2.253880e+06	1.761631e+01	1.543574e+07	
9.650000e+00	1.583223e+10	1.904949e+10	8.794493e+00	9.738937e+01	9.086373e+01	1.033189e+01	3.490609e-01	0.000000e+00	0.000000e+00	0.000000e+00	1.390652e-04	1.112207e-09	9.773476e-04	2.201712e+06	1.760871e+01	1.547359e+07	
9.700000e+00	1.587228e+10	1.901973e+10	8.796949e+00	9.738937e+01	9.088910e+01	1.033189e+01	3.410456e-01	0.000000e+00	0.000000e+00	0.000000e+00	1.398229e-04	1.112129e-09	9.783039e-04	2.219308e+06	1.765202e+01	1.552791e+07	
9.750000e+00	1.590745e+10	1.930602e+10	8.796742e+00	9.738937e+01	9.088696e+01	1.033189e+01	3.492973e-01	0.000000e+00	0.000000e+00	0.000000e+00	1.426252e-04	1.109559e-09	9.796116e-04	2.268803e+06	1.765026e+01	1.558312e+07	
9.800000e+00	1.594637e+10	1.958981e+10	8.798645e+00	9.738937e+01	9.090663e+01	1.033189e+01	3.550808e-01	0.000000e+00	0.000000e+00	0.000000e+00	1.422436e-04	1.109354e-09	9.804237e-04	2.268268e+06	1.769017e+01	1.563420e+07	
9.850000e+00	1.598678e+10	1.923797e+10	8.801408e+00	9.738937e+01	9.093518e+01	1.033189e+01	3.233928e-01	0.000000e+00	0.000000e+00	0.000000e+00	1.444400e-04	1.111994e-09	9.817486e-04	2.309131e+06	1.777720e+01	1.569500e+07	
9.900000e+00	1.601174e+10	1.952829e+10	8.795709e+00	9.738937e+01	9.087629e+01	1.033189e+01	3.399408e-01	0.000000e+00	0.000000e+00	0.000000e+00	1.477245e-04	1.108081e-09	9.830854e-04	2.365326e+06	1.774231e+01	1.574091e+07	
9.950000e+00	1.604711e+10	1.983859e+10	8.795786e+00	9.738937e+01	9.087709e+01	1.033189e+01	3.335181e-01	0.000000e+00	0.000000e+00	0.000000e+00	1.473579e-04	1.106557e-09	9.837590e-04	2.364668e+06	1.775704e+01	1.578649e+07	
