# COLUMN NUMBERS: 
#	0: time [Gyr]
#	1: mgas [Msun]			ISM gas mass
#	2: mstar [Msun]			Stellar mass
#	3: sfr [Msun/yr]		Star formation rate
#	4: ifr [Msun/yr]		Infall rate
#	5: ofr [Msun/yr]		Outfow rate
#	6: eta_0			Mass-loading factor
#	7: r_eff			Effective recycilng rate
#	8: z_in(fe)			Inflow fe metallicity
#	9: z_in(sr)			Inflow sr metallicity
#	10: z_in(o)			Inflow o metallicity
#	11: z_out(fe)			Outflow fe metallicity
#	12: z_out(sr)			Outflow sr metallicity
#	13: z_out(o)			Outflow o metallicity
#	14: mass(fe) [Msun]		mass of element fe in ISM
#	15: mass(sr) [Msun]		mass of element sr in ISM
#	16: mass(o) [Msun]		mass of element o in ISM
0.000000e+00	1.000000e-12	5.087691e-30	1.357349e-37	9.738937e+01	4.000000e-08	1.033189e+01	2.503490e-01	0.000000e+00	0.000000e+00	0.000000e+00	5.000000e-01	5.000000e-01	1.976263e-323	0.000000e+00	0.000000e+00	0.000000e+00	
5.000000e-02	4.869469e+09	2.758007e+08	7.358109e+00	9.738937e+01	7.602317e+01	1.033189e+01	2.503490e-01	0.000000e+00	0.000000e+00	0.000000e+00	1.838796e-05	2.053322e-10	2.298494e-04	8.953957e+04	9.998585e-01	1.119245e+06	
1.000000e-01	5.661978e+09	5.829628e+08	8.416521e+00	9.738937e+01	8.695857e+01	1.033189e+01	2.700972e-01	0.000000e+00	0.000000e+00	0.000000e+00	2.285753e-05	2.552424e-10	2.857191e-04	1.294188e+05	1.445177e+00	1.617735e+06	
1.500000e-01	5.876356e+09	8.907226e+08	8.597623e+00	9.738937e+01	8.882969e+01	1.033189e+01	2.840816e-01	0.000000e+00	0.000000e+00	0.000000e+00	2.528689e-05	2.886575e-10	3.160992e-04	1.485948e+05	1.696255e+00	1.857511e+06	
2.000000e-01	5.996580e+09	9.366366e+08	8.639567e+00	9.738937e+01	8.926305e+01	1.033189e+01	2.860546e-01	0.000000e+00	0.000000e+00	0.000000e+00	2.689808e-05	3.138208e-10	3.362672e-04	1.612965e+05	1.881852e+00	2.016453e+06	
2.500000e-01	6.094488e+09	6.383203e+08	8.650536e+00	9.738937e+01	8.937638e+01	1.033189e+01	2.729093e-01	0.000000e+00	0.000000e+00	0.000000e+00	2.820190e-05	3.316586e-10	3.525709e-04	1.718761e+05	2.021289e+00	2.148739e+06	
3.000000e-01	6.180651e+09	6.385724e+08	8.646602e+00	9.738937e+01	8.933574e+01	1.033189e+01	2.729482e-01	0.000000e+00	0.000000e+00	0.000000e+00	2.935573e-05	3.399838e-10	3.669646e-04	1.814375e+05	2.101321e+00	2.268080e+06	
3.500000e-01	6.269006e+09	6.384655e+08	8.647543e+00	9.738937e+01	8.934546e+01	1.033189e+01	2.729355e-01	0.000000e+00	0.000000e+00	0.000000e+00	3.044102e-05	3.509724e-10	3.805215e-04	1.908349e+05	2.200248e+00	2.385491e+06	
4.000000e-01	6.356836e+09	6.385700e+08	8.649389e+00	9.738937e+01	8.936453e+01	1.033189e+01	2.729332e-01	0.000000e+00	0.000000e+00	0.000000e+00	3.148001e-05	3.623180e-10	3.935050e-04	2.001132e+05	2.303196e+00	2.501447e+06	
4.500000e-01	6.443644e+09	6.387127e+08	8.651373e+00	9.738937e+01	8.938502e+01	1.033189e+01	2.729328e-01	0.000000e+00	0.000000e+00	0.000000e+00	3.247821e-05	3.734530e-10	4.059802e-04	2.092780e+05	2.406398e+00	2.615992e+06	
5.000000e-01	6.529355e+09	6.388596e+08	8.653330e+00	9.738937e+01	8.940525e+01	1.033189e+01	2.729329e-01	0.000000e+00	0.000000e+00	0.000000e+00	3.343844e-05	3.842326e-10	4.179814e-04	2.183315e+05	2.508791e+00	2.729149e+06	
5.500000e-01	6.613984e+09	6.390034e+08	8.655226e+00	9.738937e+01	8.942484e+01	1.033189e+01	2.729331e-01	0.000000e+00	0.000000e+00	0.000000e+00	3.436302e-05	3.946322e-10	4.295369e-04	2.272764e+05	2.610091e+00	2.840950e+06	
6.000000e-01	6.697564e+09	6.391427e+08	8.657056e+00	9.738937e+01	8.944375e+01	1.033189e+01	2.729333e-01	0.000000e+00	0.000000e+00	0.000000e+00	3.525405e-05	4.046606e-10	4.406733e-04	2.361163e+05	2.710240e+00	2.951438e+06	
6.500000e-01	6.780132e+09	6.392774e+08	8.658822e+00	9.738937e+01	8.946199e+01	1.033189e+01	2.729335e-01	0.000000e+00	0.000000e+00	0.000000e+00	3.611352e-05	4.143355e-10	4.514152e-04	2.448544e+05	2.809249e+00	3.060655e+06	
7.000000e-01	6.861724e+09	6.394077e+08	8.660527e+00	9.738937e+01	8.947961e+01	1.033189e+01	2.729337e-01	0.000000e+00	0.000000e+00	0.000000e+00	3.694323e-05	4.236759e-10	4.617852e-04	2.534943e+05	2.907147e+00	3.168643e+06	
7.500000e-01	6.942374e+09	6.395337e+08	8.662175e+00	9.738937e+01	8.949663e+01	1.033189e+01	2.729339e-01	0.000000e+00	0.000000e+00	0.000000e+00	3.774488e-05	4.327003e-10	4.718044e-04	2.620390e+05	3.003967e+00	3.275442e+06	
8.000000e-01	7.022112e+09	6.396557e+08	8.663768e+00	9.738937e+01	8.951309e+01	1.033189e+01	2.729341e-01	0.000000e+00	0.000000e+00	0.000000e+00	3.852000e-05	4.414260e-10	4.814921e-04	2.704918e+05	3.099743e+00	3.381092e+06	
8.500000e-01	7.100970e+09	3.248222e+08	8.665309e+00	9.738937e+01	8.952901e+01	1.033189e+01	2.503497e-01	0.000000e+00	0.000000e+00	0.000000e+00	3.927004e-05	4.498407e-10	4.908660e-04	2.788554e+05	3.194305e+00	3.485624e+06	
9.000000e-01	7.169190e+09	3.244384e+08	8.654988e+00	9.738937e+01	8.942238e+01	1.033189e+01	2.503498e-01	0.000000e+00	0.000000e+00	0.000000e+00	3.996374e-05	4.503998e-10	4.995429e-04	2.865077e+05	3.229002e+00	3.581318e+06	
9.500000e-01	7.243129e+09	3.243552e+08	8.652685e+00	9.738937e+01	8.939859e+01	1.033189e+01	2.503498e-01	0.000000e+00	0.000000e+00	0.000000e+00	4.064181e-05	4.553698e-10	5.080208e-04	2.943739e+05	3.298302e+00	3.679660e+06	
1.000000e+00	7.318344e+09	3.243654e+08	8.652868e+00	9.738937e+01	8.940048e+01	1.033189e+01	2.503499e-01	0.000000e+00	0.000000e+00	0.000000e+00	4.130960e-05	4.618699e-10	5.163689e-04	3.023179e+05	3.380123e+00	3.778965e+06	
1.050000e+00	7.393458e+09	3.244048e+08	8.653821e+00	9.738937e+01	8.941032e+01	1.033189e+01	2.503500e-01	0.000000e+00	0.000000e+00	0.000000e+00	4.196392e-05	4.688188e-10	5.245481e-04	3.102585e+05	3.466192e+00	3.878224e+06	
1.100000e+00	7.468044e+09	3.244528e+08	8.655000e+00	9.738937e+01	8.942250e+01	1.033189e+01	2.503500e-01	0.000000e+00	0.000000e+00	0.000000e+00	4.260239e-05	4.758126e-10	5.325289e-04	3.181565e+05	3.553389e+00	3.976949e+06	
1.150000e+00	7.541976e+09	3.245030e+08	8.656230e+00	9.738937e+01	8.943521e+01	1.033189e+01	2.503501e-01	0.000000e+00	0.000000e+00	0.000000e+00	4.322409e-05	4.827025e-10	5.403000e-04	3.259950e+05	3.640531e+00	4.074930e+06	
1.200000e+00	7.615227e+09	3.245532e+08	8.657455e+00	9.738937e+01	8.944786e+01	1.033189e+01	2.503502e-01	0.000000e+00	0.000000e+00	0.000000e+00	4.382900e-05	4.894368e-10	5.478613e-04	3.337678e+05	3.727173e+00	4.172089e+06	
1.250000e+00	7.687800e+09	3.246027e+08	8.658656e+00	9.738937e+01	8.946027e+01	1.033189e+01	2.503502e-01	0.000000e+00	0.000000e+00	0.000000e+00	4.441753e-05	4.960006e-10	5.552179e-04	3.414731e+05	3.813153e+00	4.268404e+06	
1.300000e+00	7.759707e+09	3.246513e+08	8.659828e+00	9.738937e+01	8.947238e+01	1.033189e+01	2.503503e-01	0.000000e+00	0.000000e+00	0.000000e+00	4.499027e-05	5.023928e-10	5.623769e-04	3.491113e+05	3.898421e+00	4.363880e+06	
1.350000e+00	7.830964e+09	3.246991e+08	8.660970e+00	9.738937e+01	8.948418e+01	1.033189e+01	2.503504e-01	0.000000e+00	0.000000e+00	0.000000e+00	4.554783e-05	5.086175e-10	5.693463e-04	3.566834e+05	3.982965e+00	4.458531e+06	
1.400000e+00	7.901589e+09	3.247457e+08	8.662082e+00	9.738937e+01	8.949568e+01	1.033189e+01	2.503504e-01	0.000000e+00	0.000000e+00	0.000000e+00	4.609086e-05	5.146806e-10	5.761340e-04	3.641910e+05	4.066795e+00	4.552374e+06	
1.450000e+00	7.971598e+09	3.247916e+08	8.663167e+00	9.738937e+01	8.950688e+01	1.033189e+01	2.503505e-01	0.000000e+00	0.000000e+00	0.000000e+00	4.661995e-05	5.205885e-10	5.827475e-04	3.716355e+05	4.149922e+00	4.645429e+06	
1.500000e+00	8.041005e+09	3.248366e+08	8.664223e+00	9.738937e+01	8.951780e+01	1.033189e+01	2.503506e-01	0.000000e+00	0.000000e+00	0.000000e+00	4.713571e-05	5.263475e-10	5.891942e-04	3.790185e+05	4.232363e+00	4.737714e+06	
1.550000e+00	8.109828e+09	3.248808e+08	8.665254e+00	9.738937e+01	8.952844e+01	1.033189e+01	2.503507e-01	0.000000e+00	0.000000e+00	0.000000e+00	4.763866e-05	5.319636e-10	5.954810e-04	3.863413e+05	4.314133e+00	4.829248e+06	
1.600000e+00	8.178079e+09	3.249242e+08	8.666259e+00	9.738937e+01	8.953883e+01	1.033189e+01	2.503507e-01	0.000000e+00	0.000000e+00	0.000000e+00	4.812934e-05	5.374427e-10	6.016143e-04	3.936056e+05	4.395249e+00	4.920049e+06	
1.650000e+00	8.245773e+09	3.249669e+08	8.667240e+00	9.738937e+01	8.954897e+01	1.033189e+01	2.503508e-01	0.000000e+00	0.000000e+00	0.000000e+00	4.860824e-05	5.427903e-10	6.076003e-04	4.008125e+05	4.475725e+00	5.010134e+06	
1.700000e+00	8.312924e+09	3.250089e+08	8.668198e+00	9.738937e+01	8.955886e+01	1.033189e+01	2.503509e-01	0.000000e+00	0.000000e+00	0.000000e+00	4.907582e-05	5.480114e-10	6.134449e-04	4.079636e+05	4.555577e+00	5.099521e+06	
1.750000e+00	8.379544e+09	3.250503e+08	8.669134e+00	9.738937e+01	8.956853e+01	1.033189e+01	2.503510e-01	0.000000e+00	0.000000e+00	0.000000e+00	4.953253e-05	5.531111e-10	6.191534e-04	4.150600e+05	4.634819e+00	5.188223e+06	
1.800000e+00	8.445646e+09	3.250911e+08	8.670048e+00	9.738937e+01	8.957797e+01	1.033189e+01	2.503510e-01	0.000000e+00	0.000000e+00	0.000000e+00	4.997877e-05	5.580939e-10	6.247312e-04	4.221030e+05	4.713463e+00	5.276259e+06	
1.850000e+00	8.511241e+09	3.251310e+08	8.670941e+00	9.738937e+01	8.958720e+01	1.033189e+01	2.503511e-01	0.000000e+00	0.000000e+00	0.000000e+00	5.041494e-05	5.629643e-10	6.301831e-04	4.290938e+05	4.791525e+00	5.363641e+06	
1.900000e+00	8.576342e+09	3.251703e+08	8.671814e+00	9.738937e+01	8.959623e+01	1.033189e+01	2.503512e-01	0.000000e+00	0.000000e+00	0.000000e+00	5.084143e-05	5.677265e-10	6.355139e-04	4.360334e+05	4.869016e+00	5.450384e+06	
1.950000e+00	8.640958e+09	3.252091e+08	8.672668e+00	9.738937e+01	8.960505e+01	1.033189e+01	2.503513e-01	0.000000e+00	0.000000e+00	0.000000e+00	5.125857e-05	5.723843e-10	6.407279e-04	4.429232e+05	4.945949e+00	5.536503e+06	
2.000000e+00	8.705102e+09	3.252476e+08	8.673504e+00	9.738937e+01	8.961369e+01	1.033189e+01	2.503514e-01	0.000000e+00	0.000000e+00	0.000000e+00	5.166671e-05	5.769417e-10	6.458294e-04	4.497640e+05	5.022336e+00	5.622010e+06	
2.050000e+00	8.768782e+09	3.252856e+08	8.674322e+00	9.738937e+01	8.962214e+01	1.033189e+01	2.503514e-01	0.000000e+00	0.000000e+00	0.000000e+00	5.206617e-05	5.814021e-10	6.508223e-04	4.565569e+05	5.098188e+00	5.706919e+06	
2.100000e+00	8.832009e+09	3.253232e+08	8.675123e+00	9.738937e+01	8.963041e+01	1.033189e+01	2.503515e-01	0.000000e+00	0.000000e+00	0.000000e+00	5.245725e-05	5.857689e-10	6.557105e-04	4.633029e+05	5.173516e+00	5.791241e+06	
2.150000e+00	8.894793e+09	3.253605e+08	8.675907e+00	9.738937e+01	8.963851e+01	1.033189e+01	2.503516e-01	0.000000e+00	0.000000e+00	0.000000e+00	5.284024e-05	5.900454e-10	6.604976e-04	4.700030e+05	5.248331e+00	5.874989e+06	
2.200000e+00	8.957142e+09	3.253973e+08	8.676675e+00	9.738937e+01	8.964644e+01	1.033189e+01	2.503517e-01	0.000000e+00	0.000000e+00	0.000000e+00	5.321542e-05	5.942346e-10	6.651870e-04	4.766581e+05	5.322644e+00	5.958175e+06	
2.250000e+00	9.019066e+09	3.254341e+08	8.677427e+00	9.738937e+01	8.965422e+01	1.033189e+01	2.503518e-01	0.000000e+00	0.000000e+00	0.000000e+00	5.358306e-05	5.983395e-10	6.697821e-04	4.832691e+05	5.396463e+00	6.040808e+06	
2.300000e+00	9.080573e+09	3.254548e+08	8.678165e+00	9.738937e+01	8.966184e+01	1.033189e+01	2.503514e-01	0.000000e+00	0.000000e+00	0.000000e+00	5.394339e-05	6.023629e-10	6.742858e-04	4.898369e+05	5.469800e+00	6.122901e+06	
2.350000e+00	9.141671e+09	6.976623e+08	8.678887e+00	9.738937e+01	8.966931e+01	1.033189e+01	2.516458e-01	0.000000e+00	0.000000e+00	0.000000e+00	5.429665e-05	6.063074e-10	6.787014e-04	4.963620e+05	5.542662e+00	6.204464e+06	
2.400000e+00	9.202930e+09	1.443957e+09	8.680126e+00	9.738937e+01	8.968210e+01	1.033189e+01	2.542426e-01	0.000000e+00	0.000000e+00	0.000000e+00	5.565786e-05	6.131902e-10	6.832761e-04	5.122154e+05	5.643147e+00	6.288142e+06	
2.450000e+00	9.264630e+09	1.817109e+09	8.682125e+00	9.738937e+01	8.970276e+01	1.033189e+01	2.554760e-01	0.000000e+00	0.000000e+00	0.000000e+00	5.852040e-05	6.247110e-10	6.881447e-04	5.421698e+05	5.787716e+00	6.375406e+06	
2.500000e+00	9.325758e+09	2.190551e+09	8.683921e+00	9.738937e+01	8.972131e+01	1.033189e+01	2.566810e-01	0.000000e+00	0.000000e+00	0.000000e+00	6.114321e-05	6.351622e-10	6.928929e-04	5.702067e+05	5.923369e+00	6.461752e+06	
2.550000e+00	9.386415e+09	2.564235e+09	8.685604e+00	9.738937e+01	8.973870e+01	1.033189e+01	2.578580e-01	0.000000e+00	0.000000e+00	0.000000e+00	6.365876e-05	6.449635e-10	6.975414e-04	5.975275e+05	6.053895e+00	6.547413e+06	
2.600000e+00	9.446651e+09	2.561147e+09	8.687216e+00	9.738937e+01	8.975536e+01	1.033189e+01	2.576651e-01	0.000000e+00	0.000000e+00	0.000000e+00	6.613180e-05	6.543289e-10	7.021032e-04	6.247240e+05	6.181216e+00	6.632524e+06	
2.650000e+00	9.505910e+09	2.558099e+09	8.688245e+00	9.738937e+01	8.976599e+01	1.033189e+01	2.574817e-01	0.000000e+00	0.000000e+00	0.000000e+00	6.761434e-05	6.598566e-10	7.063435e-04	6.427358e+05	6.272538e+00	6.714438e+06	
2.700000e+00	9.564520e+09	2.555135e+09	8.688993e+00	9.738937e+01	8.977371e+01	1.033189e+01	2.573075e-01	0.000000e+00	0.000000e+00	0.000000e+00	6.859213e-05	6.634726e-10	7.103765e-04	6.560508e+05	6.345797e+00	6.794411e+06	
2.750000e+00	9.622641e+09	2.552230e+09	8.689603e+00	9.738937e+01	8.978001e+01	1.033189e+01	2.571414e-01	0.000000e+00	0.000000e+00	0.000000e+00	6.930856e-05	6.661411e-10	7.142663e-04	6.669314e+05	6.410036e+00	6.873128e+06	
2.800000e+00	9.680351e+09	2.549352e+09	8.690143e+00	9.738937e+01	8.978560e+01	1.033189e+01	2.569819e-01	0.000000e+00	0.000000e+00	0.000000e+00	6.988623e-05	6.683464e-10	7.180487e-04	6.765233e+05	6.469828e+00	6.950964e+06	
2.850000e+00	9.737693e+09	2.546549e+09	8.690648e+00	9.738937e+01	8.979081e+01	1.033189e+01	2.568300e-01	0.000000e+00	0.000000e+00	0.000000e+00	7.038722e-05	6.703315e-10	7.217444e-04	6.854092e+05	6.527483e+00	7.028126e+06	
2.900000e+00	9.794690e+09	2.543818e+09	8.691132e+00	9.738937e+01	8.979582e+01	1.033189e+01	2.566847e-01	0.000000e+00	0.000000e+00	0.000000e+00	7.084318e-05	6.722182e-10	7.253652e-04	6.938869e+05	6.584169e+00	7.104727e+06	
2.950000e+00	9.851355e+09	2.541130e+09	8.691604e+00	9.738937e+01	8.980069e+01	1.033189e+01	2.565456e-01	0.000000e+00	0.000000e+00	0.000000e+00	7.127027e-05	6.740663e-10	7.289182e-04	7.021088e+05	6.640467e+00	7.180832e+06	
3.000000e+00	9.907699e+09	2.538500e+09	8.692067e+00	9.738937e+01	8.980548e+01	1.033189e+01	2.564117e-01	0.000000e+00	0.000000e+00	0.000000e+00	7.167678e-05	6.759049e-10	7.324082e-04	7.101519e+05	6.696662e+00	7.256480e+06	
3.050000e+00	9.963728e+09	2.535932e+09	8.692523e+00	9.738937e+01	8.981019e+01	1.033189e+01	2.562840e-01	0.000000e+00	0.000000e+00	0.000000e+00	7.206696e-05	6.777468e-10	7.358382e-04	7.180555e+05	6.752884e+00	7.331691e+06	
3.100000e+00	1.001945e+10	2.533424e+09	8.692974e+00	9.738937e+01	8.981485e+01	1.033189e+01	2.561614e-01	0.000000e+00	0.000000e+00	0.000000e+00	7.244299e-05	6.795974e-10	7.392107e-04	7.258388e+05	6.809190e+00	7.406483e+06	
3.150000e+00	1.007487e+10	2.530975e+09	8.693420e+00	9.738937e+01	8.981945e+01	1.033189e+01	2.560433e-01	0.000000e+00	0.000000e+00	0.000000e+00	7.280601e-05	6.814578e-10	7.425275e-04	7.335108e+05	6.865596e+00	7.480865e+06	
3.200000e+00	1.012999e+10	2.528524e+09	8.693860e+00	9.738937e+01	8.982400e+01	1.033189e+01	2.559291e-01	0.000000e+00	0.000000e+00	0.000000e+00	7.315658e-05	6.833273e-10	7.457904e-04	7.410751e+05	6.922095e+00	7.554846e+06	
3.250000e+00	1.018481e+10	2.526178e+09	8.694295e+00	9.738937e+01	8.982849e+01	1.033189e+01	2.558203e-01	0.000000e+00	0.000000e+00	0.000000e+00	7.349490e-05	6.852108e-10	7.490007e-04	7.485318e+05	6.978743e+00	7.628431e+06	
3.300000e+00	1.023935e+10	2.839940e+09	8.694725e+00	9.738937e+01	8.983294e+01	1.033189e+01	2.783025e-01	0.000000e+00	0.000000e+00	0.000000e+00	7.382120e-05	6.871117e-10	7.521598e-04	7.558811e+05	7.035577e+00	7.701627e+06	
3.350000e+00	1.030342e+10	2.838020e+09	8.703446e+00	9.738937e+01	8.992304e+01	1.033189e+01	2.781751e-01	0.000000e+00	0.000000e+00	0.000000e+00	7.416067e-05	6.946057e-10	7.555549e-04	7.641088e+05	7.156817e+00	7.784802e+06	
3.400000e+00	1.036262e+10	2.836281e+09	8.708214e+00	9.738937e+01	8.997230e+01	1.033189e+01	2.780852e-01	0.000000e+00	0.000000e+00	0.000000e+00	7.449180e-05	6.997425e-10	7.589559e-04	7.719303e+05	7.251167e+00	7.864773e+06	
3.450000e+00	1.041915e+10	2.834352e+09	8.710927e+00	9.738937e+01	9.000034e+01	1.033189e+01	2.779949e-01	0.000000e+00	0.000000e+00	0.000000e+00	7.480602e-05	7.035444e-10	7.622539e-04	7.794148e+05	7.330332e+00	7.942035e+06	
3.500000e+00	1.047413e+10	3.142993e+09	8.712558e+00	9.738937e+01	9.001719e+01	1.033189e+01	2.914756e-01	0.000000e+00	0.000000e+00	0.000000e+00	7.510196e-05	7.065809e-10	7.654307e-04	7.866278e+05	7.400822e+00	8.017221e+06	
3.550000e+00	1.053409e+10	3.141254e+09	8.718509e+00	9.738937e+01	9.007867e+01	1.033189e+01	2.913684e-01	0.000000e+00	0.000000e+00	0.000000e+00	7.539518e-05	7.148202e-10	7.686858e-04	7.942194e+05	7.529978e+00	8.097404e+06	
3.600000e+00	1.059071e+10	3.139586e+09	8.721873e+00	9.738937e+01	9.011343e+01	1.033189e+01	2.912861e-01	0.000000e+00	0.000000e+00	0.000000e+00	7.567501e-05	7.203864e-10	7.718751e-04	8.014523e+05	7.629405e+00	8.174707e+06	
3.650000e+00	1.064544e+10	3.137963e+09	8.723866e+00	9.738937e+01	9.013401e+01	1.033189e+01	2.912131e-01	0.000000e+00	0.000000e+00	0.000000e+00	7.593759e-05	7.244321e-10	7.749528e-04	8.083894e+05	7.711901e+00	8.249716e+06	
3.700000e+00	1.069904e+10	3.136175e+09	8.725124e+00	9.738937e+01	9.014702e+01	1.033189e+01	2.911384e-01	0.000000e+00	0.000000e+00	0.000000e+00	7.618294e-05	7.276067e-10	7.779205e-04	8.150846e+05	7.784696e+00	8.323005e+06	
3.750000e+00	1.075192e+10	2.817200e+09	8.725985e+00	9.738937e+01	9.015591e+01	1.033189e+01	2.684787e-01	0.000000e+00	0.000000e+00	0.000000e+00	7.641215e-05	7.302723e-10	7.807931e-04	8.215770e+05	7.851826e+00	8.395021e+06	
3.800000e+00	1.079443e+10	2.503780e+09	8.718669e+00	9.738937e+01	9.008033e+01	1.033189e+01	2.548353e-01	0.000000e+00	0.000000e+00	0.000000e+00	7.660258e-05	7.272747e-10	7.833175e-04	8.268809e+05	7.850514e+00	8.455463e+06	
3.850000e+00	1.083504e+10	2.501544e+09	8.710092e+00	9.738937e+01	8.999171e+01	1.033189e+01	2.547677e-01	0.000000e+00	0.000000e+00	0.000000e+00	7.676064e-05	7.206955e-10	7.855290e-04	8.317043e+05	7.808762e+00	8.511235e+06	
3.900000e+00	1.088037e+10	2.499499e+09	8.705565e+00	9.738937e+01	8.994494e+01	1.033189e+01	2.547002e-01	0.000000e+00	0.000000e+00	0.000000e+00	7.690713e-05	7.176018e-10	7.876984e-04	8.367779e+05	7.807771e+00	8.570449e+06	
3.950000e+00	1.092818e+10	2.497558e+09	8.703243e+00	9.738937e+01	8.992095e+01	1.033189e+01	2.546336e-01	0.000000e+00	0.000000e+00	0.000000e+00	7.704962e-05	7.165524e-10	7.899190e-04	8.420118e+05	7.830611e+00	8.632375e+06	
4.000000e+00	1.097724e+10	2.495685e+09	8.702125e+00	9.738937e+01	8.990939e+01	1.033189e+01	2.545683e-01	0.000000e+00	0.000000e+00	0.000000e+00	7.718903e-05	7.166988e-10	7.922025e-04	8.473228e+05	7.867377e+00	8.696199e+06	
4.050000e+00	1.102690e+10	2.526159e+09	8.701665e+00	9.738937e+01	8.990464e+01	1.033189e+01	2.545643e-01	0.000000e+00	0.000000e+00	0.000000e+00	7.732418e-05	7.175424e-10	7.945336e-04	8.526460e+05	7.912268e+00	8.761243e+06	
4.100000e+00	1.107681e+10	2.557474e+09	8.701587e+00	9.738937e+01	8.990384e+01	1.033189e+01	2.545626e-01	0.000000e+00	0.000000e+00	0.000000e+00	7.754031e-05	7.190543e-10	7.969205e-04	8.588992e+05	7.964828e+00	8.827337e+06	
4.150000e+00	1.112676e+10	2.589370e+09	8.701719e+00	9.738937e+01	8.990520e+01	1.033189e+01	2.545627e-01	0.000000e+00	0.000000e+00	0.000000e+00	7.780043e-05	7.209457e-10	7.993342e-04	8.656668e+05	8.021791e+00	8.894001e+06	
4.200000e+00	1.117664e+10	2.655151e+09	8.701966e+00	9.738937e+01	8.990775e+01	1.033189e+01	2.546270e-01	0.000000e+00	0.000000e+00	0.000000e+00	7.808256e-05	7.230463e-10	8.017543e-04	8.727007e+05	8.081229e+00	8.960920e+06	
4.250000e+00	1.122641e+10	2.686982e+09	8.702296e+00	9.738937e+01	8.991116e+01	1.033189e+01	2.546285e-01	0.000000e+00	0.000000e+00	0.000000e+00	7.846298e-05	7.255600e-10	8.041975e-04	8.808577e+05	8.145436e+00	9.028252e+06	
4.300000e+00	1.127600e+10	2.685150e+09	8.702649e+00	9.738937e+01	8.991480e+01	1.033189e+01	2.545676e-01	0.000000e+00	0.000000e+00	0.000000e+00	7.880495e-05	7.279987e-10	8.066124e-04	8.886046e+05	8.208914e+00	9.095362e+06	
4.350000e+00	1.132537e+10	2.683337e+09	8.702992e+00	9.738937e+01	8.991835e+01	1.033189e+01	2.545083e-01	0.000000e+00	0.000000e+00	0.000000e+00	7.903067e-05	7.300696e-10	8.089683e-04	8.950514e+05	8.268306e+00	9.161863e+06	
4.400000e+00	1.137452e+10	2.681566e+09	8.703328e+00	9.738937e+01	8.992182e+01	1.033189e+01	2.544506e-01	0.000000e+00	0.000000e+00	0.000000e+00	7.918467e-05	7.319238e-10	8.112772e-04	9.006874e+05	8.325280e+00	9.227887e+06	
4.450000e+00	1.142346e+10	2.679841e+09	8.703659e+00	9.738937e+01	8.992524e+01	1.033189e+01	2.543946e-01	0.000000e+00	0.000000e+00	0.000000e+00	7.929283e-05	7.336488e-10	8.135464e-04	9.057982e+05	8.380805e+00	9.293513e+06	
4.500000e+00	1.147219e+10	2.678117e+09	8.703984e+00	9.738937e+01	8.992861e+01	1.033189e+01	2.543399e-01	0.000000e+00	0.000000e+00	0.000000e+00	7.937029e-05	7.352949e-10	8.157804e-04	9.105509e+05	8.435443e+00	9.358787e+06	
4.550000e+00	1.152072e+10	2.676427e+09	8.704306e+00	9.738937e+01	8.993193e+01	1.033189e+01	2.542866e-01	0.000000e+00	0.000000e+00	0.000000e+00	7.942588e-05	7.368915e-10	8.179820e-04	9.150431e+05	8.489519e+00	9.423740e+06	
4.600000e+00	1.156904e+10	2.674767e+09	8.704624e+00	9.738937e+01	8.993522e+01	1.033189e+01	2.542347e-01	0.000000e+00	0.000000e+00	0.000000e+00	7.946496e-05	7.384556e-10	8.201533e-04	9.193336e+05	8.543225e+00	9.488389e+06	
4.650000e+00	1.161717e+10	2.673129e+09	8.704939e+00	9.738937e+01	8.993847e+01	1.033189e+01	2.541840e-01	0.000000e+00	0.000000e+00	0.000000e+00	7.949078e-05	7.399969e-10	8.222956e-04	9.234580e+05	8.596670e+00	9.552748e+06	
4.700000e+00	1.166510e+10	2.671499e+09	8.705250e+00	9.738937e+01	8.994168e+01	1.033189e+01	2.541346e-01	0.000000e+00	0.000000e+00	0.000000e+00	7.950535e-05	7.415212e-10	8.244099e-04	9.274380e+05	8.649920e+00	9.616825e+06	
4.750000e+00	1.171284e+10	2.669889e+09	8.705558e+00	9.738937e+01	8.994486e+01	1.033189e+01	2.540863e-01	0.000000e+00	0.000000e+00	0.000000e+00	7.950998e-05	7.430318e-10	8.264971e-04	9.312876e+05	8.703011e+00	9.680627e+06	
4.800000e+00	1.176038e+10	2.668300e+09	8.705863e+00	9.738937e+01	8.994801e+01	1.033189e+01	2.540392e-01	0.000000e+00	0.000000e+00	0.000000e+00	7.950559e-05	7.445304e-10	8.285579e-04	9.350163e+05	8.755964e+00	9.744160e+06	
4.850000e+00	1.180774e+10	2.666731e+09	8.706164e+00	9.738937e+01	8.995112e+01	1.033189e+01	2.539931e-01	0.000000e+00	0.000000e+00	0.000000e+00	7.949286e-05	7.460183e-10	8.305930e-04	9.386311e+05	8.808791e+00	9.807427e+06	
4.900000e+00	1.185491e+10	2.665168e+09	8.706462e+00	9.738937e+01	8.995420e+01	1.033189e+01	2.539481e-01	0.000000e+00	0.000000e+00	0.000000e+00	7.947234e-05	7.474960e-10	8.326028e-04	9.421375e+05	8.861498e+00	9.870432e+06	
4.950000e+00	1.190190e+10	2.663626e+09	8.706757e+00	9.738937e+01	8.995725e+01	1.033189e+01	2.539042e-01	0.000000e+00	0.000000e+00	0.000000e+00	7.944446e-05	7.489638e-10	8.345881e-04	9.455397e+05	8.914089e+00	9.933180e+06	
5.000000e+00	1.194870e+10	2.662131e+09	8.707049e+00	9.738937e+01	8.996027e+01	1.033189e+01	2.538613e-01	0.000000e+00	0.000000e+00	0.000000e+00	7.940965e-05	7.504218e-10	8.365493e-04	9.488419e+05	8.966563e+00	9.995674e+06	
5.050000e+00	1.199532e+10	2.660629e+09	8.707339e+00	9.738937e+01	8.996326e+01	1.033189e+01	2.538194e-01	0.000000e+00	0.000000e+00	0.000000e+00	7.936837e-05	7.518701e-10	8.384868e-04	9.520489e+05	9.018922e+00	1.005792e+07	
5.100000e+00	1.204176e+10	2.659161e+09	8.707625e+00	9.738937e+01	8.996622e+01	1.033189e+01	2.537784e-01	0.000000e+00	0.000000e+00	0.000000e+00	7.932090e-05	7.533088e-10	8.404013e-04	9.551635e+05	9.071166e+00	1.011991e+07	
5.150000e+00	1.208803e+10	2.974249e+09	8.707908e+00	9.738937e+01	8.996914e+01	1.033189e+01	2.763251e-01	0.000000e+00	0.000000e+00	0.000000e+00	7.926767e-05	7.547378e-10	8.422932e-04	9.581900e+05	9.123293e+00	1.018167e+07	
5.200000e+00	1.214396e+10	3.283710e+09	8.715246e+00	9.738937e+01	9.004496e+01	1.033189e+01	2.898292e-01	0.000000e+00	0.000000e+00	0.000000e+00	7.923000e-05	7.609543e-10	8.443884e-04	9.621656e+05	9.240996e+00	1.025422e+07	
5.250000e+00	1.220171e+10	3.589236e+09	8.723959e+00	9.738937e+01	9.013498e+01	1.033189e+01	2.995318e-01	0.000000e+00	0.000000e+00	0.000000e+00	7.920522e-05	7.705471e-10	8.466962e-04	9.664392e+05	9.401993e+00	1.033114e+07	
5.300000e+00	1.225889e+10	3.891743e+09	8.732317e+00	9.738937e+01	9.022133e+01	1.033189e+01	3.071217e-01	0.000000e+00	0.000000e+00	0.000000e+00	7.942252e-05	7.830939e-10	8.491663e-04	9.736318e+05	9.599861e+00	1.040983e+07	
5.350000e+00	1.231477e+10	4.191767e+09	8.739812e+00	9.738937e+01	9.029877e+01	1.033189e+01	3.133619e-01	0.000000e+00	0.000000e+00	0.000000e+00	7.979151e-05	7.973499e-10	8.517008e-04	9.826139e+05	9.819179e+00	1.048850e+07	
5.400000e+00	1.236924e+10	4.489714e+09	8.746376e+00	9.738937e+01	9.036659e+01	1.033189e+01	3.186639e-01	0.000000e+00	0.000000e+00	0.000000e+00	8.025769e-05	8.123462e-10	8.542353e-04	9.927269e+05	1.004811e+01	1.056624e+07	
5.450000e+00	1.242242e+10	4.785848e+09	8.752095e+00	9.738937e+01	9.042568e+01	1.033189e+01	3.232742e-01	0.000000e+00	0.000000e+00	0.000000e+00	8.078858e-05	8.274643e-10	8.567329e-04	1.003590e+06	1.027911e+01	1.064270e+07	
5.500000e+00	1.247447e+10	5.080354e+09	8.757092e+00	9.738937e+01	9.047731e+01	1.033189e+01	3.273531e-01	0.000000e+00	0.000000e+00	0.000000e+00	8.136502e-05	8.423425e-10	8.591754e-04	1.014985e+06	1.050777e+01	1.071776e+07	
5.550000e+00	1.252555e+10	5.768722e+09	8.761492e+00	9.738937e+01	9.052277e+01	1.033189e+01	3.331381e-01	0.000000e+00	0.000000e+00	0.000000e+00	8.197584e-05	8.567884e-10	8.615561e-04	1.026792e+06	1.073175e+01	1.079146e+07	
5.600000e+00	1.257674e+10	6.455228e+09	8.766051e+00	9.738937e+01	9.056987e+01	1.033189e+01	3.384866e-01	0.000000e+00	0.000000e+00	0.000000e+00	8.321812e-05	8.803815e-10	8.640826e-04	1.046613e+06	1.107233e+01	1.086735e+07	
5.650000e+00	1.262778e+10	7.139596e+09	8.770574e+00	9.738937e+01	9.061660e+01	1.033189e+01	3.434654e-01	0.000000e+00	0.000000e+00	0.000000e+00	8.487174e-05	9.088052e-10	8.666925e-04	1.071741e+06	1.147619e+01	1.094440e+07	
5.700000e+00	1.267851e+10	7.822008e+09	8.774964e+00	9.738937e+01	9.066196e+01	1.033189e+01	3.481273e-01	0.000000e+00	0.000000e+00	0.000000e+00	8.680068e-05	9.394533e-10	8.693434e-04	1.100503e+06	1.191086e+01	1.102198e+07	
5.750000e+00	1.272887e+10	8.898992e+09	8.779178e+00	9.738937e+01	9.070550e+01	1.033189e+01	3.547322e-01	0.000000e+00	0.000000e+00	0.000000e+00	8.892120e-05	9.707803e-10	8.720077e-04	1.131866e+06	1.235693e+01	1.109967e+07	
5.800000e+00	1.277982e+10	9.181547e+09	8.783870e+00	9.738937e+01	9.075398e+01	1.033189e+01	3.566497e-01	0.000000e+00	0.000000e+00	0.000000e+00	9.176095e-05	1.012175e-09	8.748757e-04	1.172688e+06	1.293541e+01	1.118075e+07	
5.850000e+00	1.282903e+10	9.463422e+09	8.787447e+00	9.738937e+01	9.079093e+01	1.033189e+01	3.584611e-01	0.000000e+00	0.000000e+00	0.000000e+00	9.391649e-05	1.038793e-09	8.774610e-04	1.204858e+06	1.332671e+01	1.125697e+07	
5.900000e+00	1.287708e+10	9.744635e+09	8.790306e+00	9.738937e+01	9.082047e+01	1.033189e+01	3.601738e-01	0.000000e+00	0.000000e+00	0.000000e+00	9.565257e-05	1.056414e-09	8.798399e-04	1.231726e+06	1.360353e+01	1.132977e+07	
5.950000e+00	1.292431e+10	1.002521e+10	8.792691e+00	9.738937e+01	9.084511e+01	1.033189e+01	3.617964e-01	0.000000e+00	0.000000e+00	0.000000e+00	9.713375e-05	1.068593e-09	8.820687e-04	1.255387e+06	1.381083e+01	1.140013e+07	
6.000000e+00	1.297095e+10	1.030518e+10	8.794757e+00	9.738937e+01	9.086646e+01	1.033189e+01	3.633372e-01	0.000000e+00	0.000000e+00	0.000000e+00	9.846286e-05	1.077517e-09	8.841882e-04	1.277157e+06	1.397641e+01	1.146876e+07	
6.050000e+00	1.301713e+10	1.058456e+10	8.796600e+00	9.738937e+01	9.088550e+01	1.033189e+01	3.648038e-01	0.000000e+00	0.000000e+00	0.000000e+00	9.970436e-05	1.084527e-09	8.862272e-04	1.297864e+06	1.411743e+01	1.153613e+07	
6.100000e+00	1.306294e+10	1.086338e+10	8.798282e+00	9.738937e+01	9.090287e+01	1.033189e+01	3.662030e-01	0.000000e+00	0.000000e+00	0.000000e+00	1.008988e-04	1.090444e-09	8.882063e-04	1.318035e+06	1.424441e+01	1.160259e+07	
6.150000e+00	1.310845e+10	1.114165e+10	8.799843e+00	9.738937e+01	9.091900e+01	1.033189e+01	3.675408e-01	0.000000e+00	0.000000e+00	0.000000e+00	1.020716e-04	1.095688e-09	8.901395e-04	1.338001e+06	1.436277e+01	1.166835e+07	
6.200000e+00	1.315369e+10	1.141942e+10	8.801310e+00	9.738937e+01	9.093416e+01	1.033189e+01	3.688225e-01	0.000000e+00	0.000000e+00	0.000000e+00	1.032391e-04	1.100464e-09	8.920364e-04	1.357975e+06	1.447517e+01	1.173357e+07	
6.250000e+00	1.319870e+10	1.169668e+10	8.802700e+00	9.738937e+01	9.094853e+01	1.033189e+01	3.700527e-01	0.000000e+00	0.000000e+00	0.000000e+00	1.044113e-04	1.104907e-09	8.939038e-04	1.378092e+06	1.458334e+01	1.179836e+07	
6.300000e+00	1.324348e+10	1.167255e+10	8.804028e+00	9.738937e+01	9.096224e+01	1.033189e+01	3.658813e-01	0.000000e+00	0.000000e+00	0.000000e+00	1.055946e-04	1.109106e-09	8.957466e-04	1.398440e+06	1.468842e+01	1.186280e+07	
6.350000e+00	1.328569e+10	1.164988e+10	8.803739e+00	9.738937e+01	9.095926e+01	1.033189e+01	3.623829e-01	0.000000e+00	0.000000e+00	0.000000e+00	1.065456e-04	1.107929e-09	8.974582e-04	1.415532e+06	1.471961e+01	1.192335e+07	
6.400000e+00	1.332653e+10	1.168516e+10	8.802630e+00	9.738937e+01	9.094780e+01	1.033189e+01	3.594468e-01	0.000000e+00	0.000000e+00	0.000000e+00	1.073457e-04	1.103557e-09	8.990498e-04	1.430546e+06	1.470659e+01	1.198121e+07	
6.450000e+00	1.336668e+10	1.172603e+10	8.801166e+00	9.738937e+01	9.093268e+01	1.033189e+01	3.569012e-01	0.000000e+00	0.000000e+00	0.000000e+00	1.080964e-04	1.097245e-09	9.005691e-04	1.444890e+06	1.466652e+01	1.203762e+07	
6.500000e+00	1.340651e+10	1.177042e+10	8.799592e+00	9.738937e+01	9.091641e+01	1.033189e+01	3.546648e-01	0.000000e+00	0.000000e+00	0.000000e+00	1.088184e-04	1.089881e-09	9.020350e-04	1.458875e+06	1.461150e+01	1.209314e+07	
6.550000e+00	1.344623e+10	1.258925e+10	8.798035e+00	9.738937e+01	9.090033e+01	1.033189e+01	3.535536e-01	0.000000e+00	0.000000e+00	0.000000e+00	1.095232e-04	1.081947e-09	9.034631e-04	1.472673e+06	1.454810e+01	1.214817e+07	
6.600000e+00	1.348631e+10	1.329255e+10	8.796812e+00	9.738937e+01	9.088769e+01	1.033189e+01	3.575316e-01	0.000000e+00	0.000000e+00	0.000000e+00	1.109300e-04	1.073635e-09	9.050258e-04	1.496036e+06	1.447937e+01	1.220545e+07	
6.650000e+00	1.352881e+10	1.365446e+10	8.797256e+00	9.738937e+01	9.089228e+01	1.033189e+01	3.592546e-01	0.000000e+00	0.000000e+00	0.000000e+00	1.126272e-04	1.070502e-09	9.066908e-04	1.523712e+06	1.448262e+01	1.226644e+07	
6.700000e+00	1.357182e+10	1.440097e+10	8.798114e+00	9.738937e+01	9.090114e+01	1.033189e+01	3.617290e-01	0.000000e+00	0.000000e+00	0.000000e+00	1.133528e-04	1.065660e-09	9.081878e-04	1.538404e+06	1.446295e+01	1.232576e+07	
6.750000e+00	1.361545e+10	1.515089e+10	8.799448e+00	9.738937e+01	9.091493e+01	1.033189e+01	3.639326e-01	0.000000e+00	0.000000e+00	0.000000e+00	1.142333e-04	1.062154e-09	9.097613e-04	1.555338e+06	1.446170e+01	1.238681e+07	
6.800000e+00	1.365932e+10	1.552283e+10	8.801009e+00	9.738937e+01	9.093106e+01	1.033189e+01	3.647951e-01	0.000000e+00	0.000000e+00	0.000000e+00	1.152197e-04	1.059518e-09	9.113913e-04	1.573823e+06	1.447230e+01	1.244899e+07	
6.850000e+00	1.370272e+10	1.666067e+10	8.802335e+00	9.738937e+01	9.094476e+01	1.033189e+01	3.677708e-01	0.000000e+00	0.000000e+00	0.000000e+00	1.155195e-04	1.054939e-09	9.128813e-04	1.582931e+06	1.445553e+01	1.250895e+07	
6.900000e+00	1.374669e+10	1.706452e+10	8.804106e+00	9.738937e+01	9.096305e+01	1.033189e+01	3.637651e-01	0.000000e+00	0.000000e+00	0.000000e+00	1.168991e-04	1.054300e-09	9.146296e-04	1.606976e+06	1.449313e+01	1.257313e+07	
6.950000e+00	1.378793e+10	1.674949e+10	8.804199e+00	9.738937e+01	9.096401e+01	1.033189e+01	3.574574e-01	0.000000e+00	0.000000e+00	0.000000e+00	1.182811e-04	1.050678e-09	9.163254e-04	1.630852e+06	1.448668e+01	1.263423e+07	
7.000000e+00	1.382635e+10	1.643681e+10	8.802569e+00	9.738937e+01	9.094717e+01	1.033189e+01	3.519279e-01	0.000000e+00	0.000000e+00	0.000000e+00	1.188954e-04	1.041571e-09	9.177500e-04	1.643889e+06	1.440112e+01	1.268913e+07	
7.050000e+00	1.386322e+10	1.612620e+10	8.800048e+00	9.738937e+01	9.092113e+01	1.033189e+01	3.469936e-01	0.000000e+00	0.000000e+00	0.000000e+00	1.190016e-04	1.029214e-09	9.189601e-04	1.649745e+06	1.426823e+01	1.273975e+07	
7.100000e+00	1.389931e+10	1.581748e+10	8.797120e+00	9.738937e+01	9.089087e+01	1.033189e+01	3.425323e-01	0.000000e+00	0.000000e+00	0.000000e+00	1.187685e-04	1.015100e-09	9.200106e-04	1.650801e+06	1.410919e+01	1.278751e+07	
7.150000e+00	1.393505e+10	1.520406e+10	8.794061e+00	9.738937e+01	9.085926e+01	1.033189e+01	3.307865e-01	0.000000e+00	0.000000e+00	0.000000e+00	1.183067e-04	1.000161e-09	9.209472e-04	1.648610e+06	1.393729e+01	1.283344e+07	
7.200000e+00	1.396730e+10	1.489861e+10	8.788901e+00	9.738937e+01	9.080595e+01	1.033189e+01	3.270517e-01	0.000000e+00	0.000000e+00	0.000000e+00	1.174644e-04	9.792707e-10	9.216829e-04	1.640660e+06	1.367776e+01	1.287342e+07	
7.250000e+00	1.400074e+10	1.459467e+10	8.784595e+00	9.738937e+01	9.076147e+01	1.033189e+01	3.235805e-01	0.000000e+00	0.000000e+00	0.000000e+00	1.165839e-04	9.603292e-10	9.223563e-04	1.632262e+06	1.344532e+01	1.291367e+07	
7.300000e+00	1.403503e+10	1.458239e+10	8.780915e+00	9.738937e+01	9.072344e+01	1.033189e+01	3.229673e-01	0.000000e+00	0.000000e+00	0.000000e+00	1.156729e-04	9.429090e-10	9.230067e-04	1.623473e+06	1.323376e+01	1.295443e+07	
7.350000e+00	1.407108e+10	1.457040e+10	8.778423e+00	9.738937e+01	9.069769e+01	1.033189e+01	3.223767e-01	0.000000e+00	0.000000e+00	0.000000e+00	1.150258e-04	9.304337e-10	9.237405e-04	1.618538e+06	1.309221e+01	1.299803e+07	
7.400000e+00	1.410824e+10	1.429013e+10	8.776707e+00	9.738937e+01	9.067997e+01	1.033189e+01	3.210637e-01	0.000000e+00	0.000000e+00	0.000000e+00	1.145562e-04	9.213158e-10	9.245546e-04	1.616187e+06	1.299815e+01	1.304384e+07	
7.450000e+00	1.414577e+10	1.374129e+10	8.775300e+00	9.738937e+01	9.066543e+01	1.033189e+01	3.190274e-01	0.000000e+00	0.000000e+00	0.000000e+00	1.136744e-04	9.139151e-10	9.253371e-04	1.608012e+06	1.292804e+01	1.308961e+07	
7.500000e+00	1.418318e+10	1.376737e+10	8.773896e+00	9.738937e+01	9.065092e+01	1.033189e+01	3.254691e-01	0.000000e+00	0.000000e+00	0.000000e+00	1.119915e-04	9.071310e-10	9.260036e-04	1.588396e+06	1.286601e+01	1.313368e+07	
7.550000e+00	1.422419e+10	1.379099e+10	8.774788e+00	9.738937e+01	9.066014e+01	1.033189e+01	3.305710e-01	0.000000e+00	0.000000e+00	0.000000e+00	1.105197e-04	9.070065e-10	9.268080e-04	1.572054e+06	1.290143e+01	1.318310e+07	
7.600000e+00	1.426695e+10	1.354207e+10	8.776818e+00	9.738937e+01	9.068112e+01	1.033189e+01	3.339669e-01	0.000000e+00	0.000000e+00	0.000000e+00	1.091947e-04	9.111863e-10	9.277447e-04	1.557876e+06	1.299985e+01	1.323609e+07	
7.650000e+00	1.431008e+10	1.356184e+10	8.779133e+00	9.738937e+01	9.070503e+01	1.033189e+01	3.374880e-01	0.000000e+00	0.000000e+00	0.000000e+00	1.074538e-04	9.174989e-10	9.286877e-04	1.537672e+06	1.312948e+01	1.328959e+07	
7.700000e+00	1.435348e+10	1.330887e+10	8.781668e+00	9.738937e+01	9.073122e+01	1.033189e+01	3.396967e-01	0.000000e+00	0.000000e+00	0.000000e+00	1.059584e-04	9.257353e-10	9.297315e-04	1.520872e+06	1.328753e+01	1.334488e+07	
7.750000e+00	1.439646e+10	1.332588e+10	8.783996e+00	9.738937e+01	9.075528e+01	1.033189e+01	3.423223e-01	0.000000e+00	0.000000e+00	0.000000e+00	1.041193e-04	9.344077e-10	9.307435e-04	1.498950e+06	1.345216e+01	1.339941e+07	
7.800000e+00	1.443931e+10	1.303923e+10	8.786299e+00	9.738937e+01	9.077907e+01	1.033189e+01	3.383350e-01	0.000000e+00	0.000000e+00	0.000000e+00	1.025655e-04	9.438867e-10	9.318210e-04	1.480976e+06	1.362908e+01	1.345486e+07	
7.850000e+00	1.447915e+10	1.302558e+10	8.786823e+00	9.738937e+01	9.078448e+01	1.033189e+01	3.358603e-01	0.000000e+00	0.000000e+00	0.000000e+00	1.009835e-04	9.485232e-10	9.328313e-04	1.462156e+06	1.373381e+01	1.350660e+07	
7.900000e+00	1.451761e+10	1.301274e+10	8.786575e+00	9.738937e+01	9.078192e+01	1.033189e+01	3.338510e-01	0.000000e+00	0.000000e+00	0.000000e+00	9.988556e-05	9.505939e-10	9.338543e-04	1.450100e+06	1.380035e+01	1.355733e+07	
7.950000e+00	1.455532e+10	1.271076e+10	8.785940e+00	9.738937e+01	9.077537e+01	1.033189e+01	3.295569e-01	0.000000e+00	0.000000e+00	0.000000e+00	9.911334e-05	9.509777e-10	9.348696e-04	1.442627e+06	1.384179e+01	1.360733e+07	
8.000000e+00	1.459150e+10	1.241044e+10	8.784446e+00	9.738937e+01	9.075992e+01	1.033189e+01	3.256974e-01	0.000000e+00	0.000000e+00	0.000000e+00	9.828160e-05	9.465966e-10	9.357886e-04	1.434076e+06	1.381227e+01	1.365456e+07	
8.050000e+00	1.462681e+10	1.211157e+10	8.782496e+00	9.738937e+01	9.073978e+01	1.033189e+01	3.221870e-01	0.000000e+00	0.000000e+00	0.000000e+00	9.740424e-05	9.392275e-10	9.366232e-04	1.424713e+06	1.373790e+01	1.369981e+07	
8.100000e+00	1.466164e+10	1.181407e+10	8.780337e+00	9.738937e+01	9.071747e+01	1.033189e+01	3.189656e-01	0.000000e+00	0.000000e+00	0.000000e+00	9.649073e-05	9.300473e-10	9.373894e-04	1.414712e+06	1.363602e+01	1.374367e+07	
8.150000e+00	1.469625e+10	1.151785e+10	8.778114e+00	9.738937e+01	9.069450e+01	1.033189e+01	3.159879e-01	0.000000e+00	0.000000e+00	0.000000e+00	9.554762e-05	9.198358e-10	9.381034e-04	1.404192e+06	1.351814e+01	1.378660e+07	
8.200000e+00	1.473078e+10	1.151232e+10	8.775912e+00	9.738937e+01	9.067176e+01	1.033189e+01	3.158382e-01	0.000000e+00	0.000000e+00	0.000000e+00	9.457925e-05	9.091093e-10	9.387791e-04	1.393226e+06	1.339189e+01	1.382895e+07	
8.250000e+00	1.476645e+10	1.150685e+10	8.774463e+00	9.738937e+01	9.065678e+01	1.033189e+01	3.156870e-01	0.000000e+00	0.000000e+00	0.000000e+00	9.386542e-05	9.018396e-10	9.395093e-04	1.386059e+06	1.331697e+01	1.387322e+07	
8.300000e+00	1.480286e+10	1.150149e+10	8.773512e+00	9.738937e+01	9.064696e+01	1.033189e+01	3.155381e-01	0.000000e+00	0.000000e+00	0.000000e+00	9.332682e-05	8.969220e-10	9.402917e-04	1.381504e+06	1.327701e+01	1.391900e+07	
8.350000e+00	1.483972e+10	1.186530e+10	8.772895e+00	9.738937e+01	9.064059e+01	1.033189e+01	3.192738e-01	0.000000e+00	0.000000e+00	0.000000e+00	9.290963e-05	8.936121e-10	9.411190e-04	1.378753e+06	1.326095e+01	1.396594e+07	
8.400000e+00	1.487856e+10	1.185865e+10	8.773505e+00	9.738937e+01	9.064689e+01	1.033189e+01	3.188207e-01	0.000000e+00	0.000000e+00	0.000000e+00	9.292472e-05	9.068831e-10	9.421546e-04	1.382586e+06	1.349312e+01	1.401791e+07	
8.450000e+00	1.491687e+10	1.185226e+10	8.773854e+00	9.738937e+01	9.065049e+01	1.033189e+01	3.184230e-01	0.000000e+00	0.000000e+00	0.000000e+00	9.289803e-05	9.145053e-10	9.431800e-04	1.385748e+06	1.364156e+01	1.406929e+07	
8.500000e+00	1.495481e+10	1.184607e+10	8.774042e+00	9.738937e+01	9.065243e+01	1.033189e+01	3.180675e-01	0.000000e+00	0.000000e+00	0.000000e+00	9.284503e-05	9.185576e-10	9.441913e-04	1.388480e+06	1.373686e+01	1.412020e+07	
8.550000e+00	1.499249e+10	1.225743e+10	8.774132e+00	9.738937e+01	9.065336e+01	1.033189e+01	3.189899e-01	0.000000e+00	0.000000e+00	0.000000e+00	9.277591e-05	9.203840e-10	9.451884e-04	1.390942e+06	1.379885e+01	1.417073e+07	
8.600000e+00	1.503053e+10	1.225107e+10	8.774484e+00	9.738937e+01	9.065699e+01	1.033189e+01	3.186645e-01	0.000000e+00	0.000000e+00	0.000000e+00	9.346037e-05	9.244303e-10	9.463673e-04	1.404759e+06	1.389468e+01	1.422440e+07	
8.650000e+00	1.506823e+10	1.345642e+10	8.774692e+00	9.738937e+01	9.065915e+01	1.033189e+01	3.207204e-01	0.000000e+00	0.000000e+00	0.000000e+00	9.390544e-05	9.263535e-10	9.474797e-04	1.414989e+06	1.395851e+01	1.427684e+07	
8.700000e+00	1.510672e+10	1.393136e+10	8.775410e+00	9.738937e+01	9.066657e+01	1.033189e+01	3.079164e-01	0.000000e+00	0.000000e+00	0.000000e+00	9.604807e-05	9.310648e-10	9.489763e-04	1.450971e+06	1.406533e+01	1.433592e+07	
8.750000e+00	1.513919e+10	1.482917e+10	8.772693e+00	9.738937e+01	9.063850e+01	1.033189e+01	3.002554e-01	0.000000e+00	0.000000e+00	0.000000e+00	9.860089e-05	9.293181e-10	9.504391e-04	1.492738e+06	1.406913e+01	1.438888e+07	
8.800000e+00	1.516980e+10	1.529588e+10	8.768965e+00	9.738937e+01	9.059998e+01	1.033189e+01	2.770989e-01	0.000000e+00	0.000000e+00	0.000000e+00	1.019795e-04	9.264044e-10	9.519799e-04	1.547009e+06	1.405337e+01	1.444135e+07	
8.850000e+00	1.519232e+10	1.608244e+10	8.760639e+00	9.738937e+01	9.051395e+01	1.033189e+01	2.769790e-01	0.000000e+00	0.000000e+00	0.000000e+00	1.053848e-04	9.194490e-10	9.533139e-04	1.601039e+06	1.396856e+01	1.448305e+07	
8.900000e+00	1.521938e+10	1.718848e+10	8.755021e+00	9.738937e+01	9.045591e+01	1.033189e+01	2.997170e-01	0.000000e+00	0.000000e+00	0.000000e+00	1.088117e-04	9.137144e-10	9.545516e-04	1.656048e+06	1.390617e+01	1.452769e+07	
8.950000e+00	1.525951e+10	1.864500e+10	8.756976e+00	9.738937e+01	9.047611e+01	1.033189e+01	3.290114e-01	0.000000e+00	0.000000e+00	0.000000e+00	1.122682e-04	9.129648e-10	9.559389e-04	1.713157e+06	1.393139e+01	1.458716e+07	
9.000000e+00	1.531138e+10	2.009317e+10	8.765697e+00	9.738937e+01	9.056622e+01	1.033189e+01	3.502299e-01	0.000000e+00	0.000000e+00	0.000000e+00	1.158242e-04	9.244929e-10	9.578121e-04	1.773428e+06	1.415526e+01	1.466543e+07	
9.050000e+00	1.536775e+10	2.155168e+10	8.776998e+00	9.738937e+01	9.068298e+01	1.033189e+01	3.676446e-01	0.000000e+00	0.000000e+00	0.000000e+00	1.198366e-04	9.448695e-10	9.601613e-04	1.841619e+06	1.452052e+01	1.475552e+07	
9.100000e+00	1.542556e+10	2.257259e+10	8.789114e+00	9.738937e+01	9.080816e+01	1.033189e+01	3.816648e-01	0.000000e+00	0.000000e+00	0.000000e+00	1.242535e-04	9.740541e-10	9.628993e-04	1.916680e+06	1.502533e+01	1.485326e+07	
9.150000e+00	1.548289e+10	2.320165e+10	8.800949e+00	9.738937e+01	9.093043e+01	1.033189e+01	3.923101e-01	0.000000e+00	0.000000e+00	0.000000e+00	1.282086e-04	1.009135e-09	9.657224e-04	1.985040e+06	1.562433e+01	1.495218e+07	
9.200000e+00	1.553843e+10	2.461338e+10	8.811758e+00	9.738937e+01	9.104211e+01	1.033189e+01	4.287080e-01	0.000000e+00	0.000000e+00	0.000000e+00	1.312414e-04	1.046023e-09	9.684170e-04	2.039285e+06	1.625356e+01	1.504768e+07	
9.250000e+00	1.560409e+10	2.455297e+10	8.828294e+00	9.738937e+01	9.121295e+01	1.033189e+01	3.886202e-01	0.000000e+00	0.000000e+00	0.000000e+00	1.343663e-04	1.098517e-09	9.715256e-04	2.096664e+06	1.714136e+01	1.515977e+07	
9.300000e+00	1.564304e+10	2.427548e+10	8.829723e+00	9.738937e+01	9.122773e+01	1.033189e+01	3.657693e-01	0.000000e+00	0.000000e+00	0.000000e+00	1.367621e-04	1.137670e-09	9.740096e-04	2.139375e+06	1.779662e+01	1.523647e+07	
9.350000e+00	1.567111e+10	2.404000e+10	8.825073e+00	9.738937e+01	9.117967e+01	1.033189e+01	3.481161e-01	0.000000e+00	0.000000e+00	0.000000e+00	1.382529e-04	1.161579e-09	9.757602e-04	2.166577e+06	1.820324e+01	1.529125e+07	
9.400000e+00	1.569395e+10	2.380896e+10	8.817547e+00	9.738937e+01	9.110192e+01	1.033189e+01	3.347094e-01	0.000000e+00	0.000000e+00	0.000000e+00	1.390053e-04	1.168124e-09	9.768863e-04	2.181543e+06	1.833248e+01	1.533121e+07	
9.450000e+00	1.571501e+10	2.386062e+10	8.809106e+00	9.738937e+01	9.101471e+01	1.033189e+01	3.250503e-01	0.000000e+00	0.000000e+00	0.000000e+00	1.392415e-04	1.163334e-09	9.775559e-04	2.188182e+06	1.828180e+01	1.536230e+07	
9.500000e+00	1.573646e+10	2.264646e+10	8.800966e+00	9.738937e+01	9.093061e+01	1.033189e+01	3.174833e-01	0.000000e+00	0.000000e+00	0.000000e+00	1.395384e-04	1.152661e-09	9.780108e-04	2.195841e+06	1.813880e+01	1.539043e+07	
9.550000e+00	1.575906e+10	2.132716e+10	8.793551e+00	9.738937e+01	9.085399e+01	1.033189e+01	3.333654e-01	0.000000e+00	0.000000e+00	0.000000e+00	1.396947e-04	1.147640e-09	9.783087e-04	2.201457e+06	1.808572e+01	1.541723e+07	
9.600000e+00	1.579273e+10	2.166727e+10	8.792375e+00	9.738937e+01	9.084185e+01	1.033189e+01	3.411538e-01	0.000000e+00	0.000000e+00	0.000000e+00	1.397324e-04	1.149286e-09	9.786388e-04	2.206755e+06	1.815036e+01	1.545537e+07	
9.650000e+00	1.583046e+10	2.268098e+10	8.793511e+00	9.738937e+01	9.085359e+01	1.033189e+01	3.684077e-01	0.000000e+00	0.000000e+00	0.000000e+00	1.399604e-04	1.150994e-09	9.791924e-04	2.215637e+06	1.822077e+01	1.550107e+07	
9.700000e+00	1.587955e+10	2.265235e+10	8.800982e+00	9.738937e+01	9.093077e+01	1.033189e+01	3.613568e-01	0.000000e+00	0.000000e+00	0.000000e+00	1.405768e-04	1.178500e-09	9.803199e-04	2.232297e+06	1.871406e+01	1.556704e+07	
9.750000e+00	1.592145e+10	2.378789e+10	8.804483e+00	9.738937e+01	9.096695e+01	1.033189e+01	3.585231e-01	0.000000e+00	0.000000e+00	0.000000e+00	1.411209e-04	1.190102e-09	9.814498e-04	2.246849e+06	1.894814e+01	1.562610e+07	
9.800000e+00	1.596018e+10	2.530852e+10	8.806264e+00	9.738937e+01	9.098535e+01	1.033189e+01	3.740408e-01	0.000000e+00	0.000000e+00	0.000000e+00	1.429940e-04	1.221540e-09	9.830404e-04	2.282210e+06	1.949599e+01	1.568950e+07	
9.850000e+00	1.600476e+10	2.595574e+10	8.811305e+00	9.738937e+01	9.103743e+01	1.033189e+01	3.825015e-01	0.000000e+00	0.000000e+00	0.000000e+00	1.462791e-04	1.262644e-09	9.850011e-04	2.341162e+06	2.020831e+01	1.576471e+07	
9.900000e+00	1.605031e+10	2.622707e+10	8.816897e+00	9.738937e+01	9.109520e+01	1.033189e+01	3.845380e-01	0.000000e+00	0.000000e+00	0.000000e+00	1.488437e-04	1.308229e-09	9.868816e-04	2.388987e+06	2.099748e+01	1.583975e+07	
9.950000e+00	1.609369e+10	2.583476e+10	8.821320e+00	9.738937e+01	9.114091e+01	1.033189e+01	3.829535e-01	0.000000e+00	0.000000e+00	0.000000e+00	1.507919e-04	1.337701e-09	9.885715e-04	2.426798e+06	2.152856e+01	1.590977e+07	
1.000000e+01	1.613396e+10	2.540331e+10	8.824061e+00	9.738937e+01	9.116922e+01	1.033189e+01	3.793579e-01	0.000000e+00	0.000000e+00	0.000000e+00	1.513966e-04	1.352879e-09	9.899871e-04	2.442627e+06	2.182730e+01	1.597241e+07	
1.005000e+01	1.617114e+10	2.611248e+10	8.825147e+00	9.738937e+01	9.118044e+01	1.033189e+01	3.959096e-01	0.000000e+00	0.000000e+00	0.000000e+00	1.510248e-04	1.354338e-09	9.910218e-04	2.442243e+06	2.190118e+01	1.602595e+07	
1.010000e+01	1.621502e+10	2.630146e+10	8.829923e+00	9.738937e+01	9.122979e+01	1.033189e+01	3.964344e-01	0.000000e+00	0.000000e+00	0.000000e+00	1.512294e-04	1.367496e-09	9.923703e-04	2.452188e+06	2.217397e+01	1.609131e+07	
1.015000e+01	1.625653e+10	2.594814e+10	8.833426e+00	9.738937e+01	9.126599e+01	1.033189e+01	3.683510e-01	0.000000e+00	0.000000e+00	0.000000e+00	1.510760e-04	1.383439e-09	9.935597e-04	2.455972e+06	2.248992e+01	1.615184e+07	
1.020000e+01	1.628372e+10	2.580902e+10	8.829192e+00	9.738937e+01	9.122223e+01	1.033189e+01	3.766438e-01	0.000000e+00	0.000000e+00	0.000000e+00	1.509297e-04	1.386924e-09	9.944775e-04	2.457697e+06	2.258428e+01	1.619379e+07	
1.025000e+01	1.631689e+10	2.578800e+10	8.828253e+00	9.738937e+01	9.121253e+01	1.033189e+01	3.775625e-01	0.000000e+00	0.000000e+00	0.000000e+00	1.502563e-04	1.388054e-09	9.951087e-04	2.451715e+06	2.264873e+01	1.623708e+07	
1.030000e+01	1.635098e+10	2.588433e+10	8.827854e+00	9.738937e+01	9.120842e+01	1.033189e+01	3.702250e-01	0.000000e+00	0.000000e+00	0.000000e+00	1.495584e-04	1.383979e-09	9.956809e-04	2.445426e+06	2.262942e+01	1.628036e+07	
1.035000e+01	1.638205e+10	2.491729e+10	8.825870e+00	9.738937e+01	9.118792e+01	1.033189e+01	3.495213e-01	0.000000e+00	0.000000e+00	0.000000e+00	1.497059e-04	1.376962e-09	9.964675e-04	2.452490e+06	2.255746e+01	1.632418e+07	
1.040000e+01	1.640507e+10	2.341208e+10	8.819607e+00	9.738937e+01	9.112320e+01	1.033189e+01	3.397779e-01	0.000000e+00	0.000000e+00	0.000000e+00	1.490962e-04	1.346455e-09	9.968200e-04	2.445933e+06	2.208869e+01	1.635290e+07	
1.045000e+01	1.642723e+10	2.379241e+10	8.812949e+00	9.738937e+01	9.105442e+01	1.033189e+01	3.505427e-01	0.000000e+00	0.000000e+00	0.000000e+00	1.465884e-04	1.300633e-09	9.966697e-04	2.408042e+06	2.136580e+01	1.637253e+07	
1.050000e+01	1.645780e+10	2.342494e+10	8.810857e+00	9.738937e+01	9.103280e+01	1.033189e+01	3.509450e-01	0.000000e+00	0.000000e+00	0.000000e+00	1.448305e-04	1.282003e-09	9.966951e-04	2.383591e+06	2.109895e+01	1.640341e+07	
1.055000e+01	1.648969e+10	2.303176e+10	8.809520e+00	9.738937e+01	9.101898e+01	1.033189e+01	3.520335e-01	0.000000e+00	0.000000e+00	0.000000e+00	1.430847e-04	1.258331e-09	9.967026e-04	2.359422e+06	2.074950e+01	1.643532e+07	
1.060000e+01	1.652280e+10	2.347685e+10	8.808874e+00	9.738937e+01	9.101231e+01	1.033189e+01	3.552087e-01	0.000000e+00	0.000000e+00	0.000000e+00	1.412079e-04	1.231606e-09	9.967007e-04	2.333150e+06	2.034958e+01	1.646829e+07	
1.065000e+01	1.655766e+10	2.412545e+10	8.809201e+00	9.738937e+01	9.101569e+01	1.033189e+01	3.508390e-01	0.000000e+00	0.000000e+00	0.000000e+00	1.403832e-04	1.207492e-09	9.970255e-04	2.324418e+06	1.999324e+01	1.650841e+07	
1.070000e+01	1.659041e+10	2.620624e+10	8.808447e+00	9.738937e+01	9.100790e+01	1.033189e+01	3.633995e-01	0.000000e+00	0.000000e+00	0.000000e+00	1.403660e-04	1.204167e-09	9.977238e-04	2.328730e+06	1.997762e+01	1.655265e+07	
1.075000e+01	1.662911e+10	2.676554e+10	8.810884e+00	9.738937e+01	9.103307e+01	1.033189e+01	3.708840e-01	0.000000e+00	0.000000e+00	0.000000e+00	1.408749e-04	1.203838e-09	9.986478e-04	2.342624e+06	2.001876e+01	1.660663e+07	
1.080000e+01	1.666977e+10	2.607336e+10	8.814384e+00	9.738937e+01	9.106924e+01	1.033189e+01	3.334540e-01	0.000000e+00	0.000000e+00	0.000000e+00	1.406337e-04	1.214838e-09	9.995558e-04	2.344332e+06	2.025108e+01	1.666237e+07	
1.085000e+01	1.669202e+10	2.598558e+10	8.808190e+00	9.738937e+01	9.100524e+01	1.033189e+01	3.274202e-01	0.000000e+00	0.000000e+00	0.000000e+00	1.403101e-04	1.207420e-09	1.000175e-03	2.342060e+06	2.015429e+01	1.669495e+07	
1.090000e+01	1.671502e+10	2.695815e+10	8.802452e+00	9.738937e+01	9.094596e+01	1.033189e+01	3.495913e-01	0.000000e+00	0.000000e+00	0.000000e+00	1.397088e-04	1.201791e-09	1.000555e-03	2.335234e+06	2.008796e+01	1.672429e+07	
1.095000e+01	1.675093e+10	2.733983e+10	8.803560e+00	9.738937e+01	9.095741e+01	1.033189e+01	3.370240e-01	0.000000e+00	0.000000e+00	0.000000e+00	1.399222e-04	1.213485e-09	1.001188e-03	2.343827e+06	2.032700e+01	1.677082e+07	
1.100000e+01	1.678070e+10	2.777401e+10	8.801479e+00	9.738937e+01	9.093591e+01	1.033189e+01	3.277435e-01	0.000000e+00	0.000000e+00	0.000000e+00	1.407518e-04	1.217640e-09	1.001949e-03	2.361913e+06	2.043285e+01	1.681341e+07	
1.105000e+01	1.680753e+10	2.928796e+10	8.797903e+00	9.738937e+01	9.089896e+01	1.033189e+01	3.755924e-01	0.000000e+00	0.000000e+00	0.000000e+00	1.426015e-04	1.204047e-09	1.002804e-03	2.396779e+06	2.023706e+01	1.685465e+07	
1.110000e+01	1.685738e+10	3.201528e+10	8.806400e+00	9.738937e+01	9.098675e+01	1.033189e+01	3.780097e-01	0.000000e+00	0.000000e+00	0.000000e+00	1.439081e-04	1.217145e-09	1.004033e-03	2.425913e+06	2.051787e+01	1.692536e+07	
1.115000e+01	1.690363e+10	3.396134e+10	8.813026e+00	9.738937e+01	9.105521e+01	1.033189e+01	3.901497e-01	0.000000e+00	0.000000e+00	0.000000e+00	1.472356e-04	1.228239e-09	1.005830e-03	2.488817e+06	2.076170e+01	1.700218e+07	
1.120000e+01	1.695161e+10	3.538559e+10	8.820556e+00	9.738937e+01	9.113301e+01	1.033189e+01	3.934520e-01	0.000000e+00	0.000000e+00	0.000000e+00	1.513275e-04	1.278608e-09	1.008067e-03	2.565245e+06	2.167446e+01	1.708836e+07	
1.125000e+01	1.699692e+10	3.554190e+10	8.826707e+00	9.738937e+01	9.119657e+01	1.033189e+01	3.944115e-01	0.000000e+00	0.000000e+00	0.000000e+00	1.559924e-04	1.315289e-09	1.010388e-03	2.651390e+06	2.235587e+01	1.717348e+07	
1.130000e+01	1.703930e+10	3.646441e+10	8.831345e+00	9.738937e+01	9.124448e+01	1.033189e+01	3.873668e-01	0.000000e+00	0.000000e+00	0.000000e+00	1.594373e-04	1.338707e-09	1.012342e-03	2.716699e+06	2.281062e+01	1.724959e+07	
1.135000e+01	1.707602e+10	3.709582e+10	8.833077e+00	9.738937e+01	9.126237e+01	1.033189e+01	4.160011e-01	0.000000e+00	0.000000e+00	0.000000e+00	1.631121e-04	1.349466e-09	1.014275e-03	2.785306e+06	2.304351e+01	1.731978e+07	
1.140000e+01	1.712445e+10	3.670697e+10	8.840875e+00	9.738937e+01	9.134295e+01	1.033189e+01	4.019561e-01	0.000000e+00	0.000000e+00	0.000000e+00	1.659208e-04	1.360273e-09	1.016202e-03	2.841303e+06	2.329392e+01	1.740190e+07	
1.145000e+01	1.716241e+10	3.709001e+10	8.843285e+00	9.738937e+01	9.136784e+01	1.033189e+01	3.951332e-01	0.000000e+00	0.000000e+00	0.000000e+00	1.673905e-04	1.358394e-09	1.017679e-03	2.872825e+06	2.331331e+01	1.746582e+07	
1.150000e+01	1.719603e+10	3.735619e+10	8.843489e+00	9.738937e+01	9.136995e+01	1.033189e+01	3.589277e-01	0.000000e+00	0.000000e+00	0.000000e+00	1.692501e-04	1.360627e-09	1.019109e-03	2.910430e+06	2.339738e+01	1.752463e+07	
1.155000e+01	1.721354e+10	3.773166e+10	8.835451e+00	9.738937e+01	9.128691e+01	1.033189e+01	3.724685e-01	0.000000e+00	0.000000e+00	0.000000e+00	1.718668e-04	1.366518e-09	1.020535e-03	2.958435e+06	2.352261e+01	1.756703e+07	
1.160000e+01	1.724143e+10	3.731089e+10	8.832801e+00	9.738937e+01	9.125952e+01	1.033189e+01	3.433025e-01	0.000000e+00	0.000000e+00	0.000000e+00	1.740540e-04	1.366688e-09	1.021645e-03	3.000940e+06	2.356367e+01	1.761462e+07	
1.165000e+01	1.725790e+10	3.809650e+10	8.824349e+00	9.738937e+01	9.117220e+01	1.033189e+01	3.457953e-01	0.000000e+00	0.000000e+00	0.000000e+00	1.751755e-04	1.370642e-09	1.022321e-03	3.023162e+06	2.365441e+01	1.764311e+07	
1.170000e+01	1.728012e+10	3.837702e+10	8.818893e+00	9.738937e+01	9.111582e+01	1.033189e+01	3.637463e-01	0.000000e+00	0.000000e+00	0.000000e+00	1.767171e-04	1.382081e-09	1.023008e-03	3.053692e+06	2.388253e+01	1.767770e+07	
1.175000e+01	1.731324e+10	3.821778e+10	8.819047e+00	9.738937e+01	9.111742e+01	1.033189e+01	3.900435e-01	0.000000e+00	0.000000e+00	0.000000e+00	1.777786e-04	1.382395e-09	1.023590e-03	3.077924e+06	2.393374e+01	1.772166e+07	
1.180000e+01	1.735788e+10	3.511972e+10	8.825086e+00	9.738937e+01	9.117981e+01	1.033189e+01	3.655057e-01	0.000000e+00	0.000000e+00	0.000000e+00	1.784897e-04	1.382578e-09	1.024386e-03	3.098201e+06	2.399861e+01	1.778117e+07	
1.185000e+01	1.738838e+10	3.301367e+10	8.823962e+00	9.738937e+01	9.116820e+01	1.033189e+01	3.447166e-01	0.000000e+00	0.000000e+00	0.000000e+00	1.778961e-04	1.370818e-09	1.024803e-03	3.093325e+06	2.383630e+01	1.781967e+07	
1.190000e+01	1.741033e+10	3.260021e+10	8.818539e+00	9.738937e+01	9.111217e+01	1.033189e+01	3.542093e-01	0.000000e+00	0.000000e+00	0.000000e+00	1.785810e-04	1.358514e-09	1.025317e-03	3.109154e+06	2.365217e+01	1.785111e+07	
1.195000e+01	1.743944e+10	3.286396e+10	8.816790e+00	9.738937e+01	9.109410e+01	1.033189e+01	3.913215e-01	0.000000e+00	0.000000e+00	0.000000e+00	1.792517e-04	1.349025e-09	1.025773e-03	3.126051e+06	2.352625e+01	1.788891e+07	
1.200000e+01	1.748588e+10	3.247975e+10	8.823819e+00	9.738937e+01	9.116672e+01	1.033189e+01	3.859396e-01	0.000000e+00	0.000000e+00	0.000000e+00	1.790018e-04	1.352956e-09	1.026299e-03	3.130003e+06	2.365762e+01	1.794573e+07	
1.205000e+01	1.752609e+10	3.212798e+10	8.827719e+00	9.738937e+01	9.120702e+01	1.033189e+01	3.687855e-01	0.000000e+00	0.000000e+00	0.000000e+00	1.786099e-04	1.341647e-09	1.026825e-03	3.130333e+06	2.351383e+01	1.799623e+07	
1.210000e+01	1.755660e+10	3.242991e+10	8.826755e+00	9.738937e+01	9.119706e+01	1.033189e+01	3.713009e-01	0.000000e+00	0.000000e+00	0.000000e+00	1.778517e-04	1.328149e-09	1.027336e-03	3.122471e+06	2.331779e+01	1.803652e+07	
1.215000e+01	1.758875e+10	3.412200e+10	8.826647e+00	9.738937e+01	9.119594e+01	1.033189e+01	4.132256e-01	0.000000e+00	0.000000e+00	0.000000e+00	1.779635e-04	1.313597e-09	1.027899e-03	3.130155e+06	2.310452e+01	1.807945e+07	
1.220000e+01	1.763946e+10	3.601057e+10	8.835867e+00	9.738937e+01	9.129120e+01	1.033189e+01	4.354904e-01	0.000000e+00	0.000000e+00	0.000000e+00	1.789232e-04	1.334626e-09	1.029217e-03	3.156107e+06	2.354208e+01	1.815482e+07	
1.225000e+01	1.769497e+10	3.656100e+10	8.847484e+00	9.738937e+01	9.141123e+01	1.033189e+01	4.081419e-01	0.000000e+00	0.000000e+00	0.000000e+00	1.818613e-04	1.385338e-09	1.031353e-03	3.218029e+06	2.451351e+01	1.824975e+07	
1.230000e+01	1.773205e+10	3.711877e+10	8.849892e+00	9.738937e+01	9.143610e+01	1.033189e+01	4.310724e-01	0.000000e+00	0.000000e+00	0.000000e+00	1.845304e-04	1.432736e-09	1.033222e-03	3.272103e+06	2.540536e+01	1.832114e+07	
1.235000e+01	1.777797e+10	3.711919e+10	8.856720e+00	9.738937e+01	9.150665e+01	1.033189e+01	4.195456e-01	0.000000e+00	0.000000e+00	0.000000e+00	1.869684e-04	1.462221e-09	1.034922e-03	3.323919e+06	2.599533e+01	1.839881e+07	
1.240000e+01	1.781506e+10	3.682778e+10	8.859163e+00	9.738937e+01	9.153189e+01	1.033189e+01	3.831513e-01	0.000000e+00	0.000000e+00	0.000000e+00	1.885409e-04	1.488063e-09	1.036456e-03	3.358867e+06	2.650994e+01	1.846453e+07	
1.245000e+01	1.783470e+10	3.633588e+10	8.852962e+00	9.738937e+01	9.146782e+01	1.033189e+01	3.751754e-01	0.000000e+00	0.000000e+00	0.000000e+00	1.899682e-04	1.510915e-09	1.037554e-03	3.388024e+06	2.694670e+01	1.850447e+07	
