# COLUMN NUMBERS: 
#	0: time [Gyr]
#	1: mgas [Msun]			ISM gas mass
#	2: mstar [Msun]			Stellar mass
#	3: sfr [Msun/yr]		Star formation rate
#	4: ifr [Msun/yr]		Infall rate
#	5: ofr [Msun/yr]		Outfow rate
#	6: eta_0			Mass-loading factor
#	7: r_eff			Effective recycilng rate
#	8: z_in(fe)			Inflow fe metallicity
#	9: z_in(sr)			Inflow sr metallicity
#	10: z_in(o)			Inflow o metallicity
#	11: z_out(fe)			Outflow fe metallicity
#	12: z_out(sr)			Outflow sr metallicity
#	13: z_out(o)			Outflow o metallicity
#	14: mass(fe) [Msun]		mass of element fe in ISM
#	15: mass(sr) [Msun]		mass of element sr in ISM
#	16: mass(o) [Msun]		mass of element o in ISM
0.000000e+00	1.000000e-12	1.296172e-29	1.782753e-37	6.597345e+01	6.689004e-37	3.752064e+00	2.729379e-01	0.000000e+00	0.000000e+00	0.000000e+00	6.964516e-282	1.459288e-284	0.000000e+00	0.000000e+00	0.000000e+00	0.000000e+00	
1.000000e-01	6.597345e+09	7.248120e+08	9.969051e+00	6.597345e+01	3.740451e+01	3.752064e+00	2.729379e-01	0.000000e+00	0.000000e+00	0.000000e+00	6.665668e-05	7.443329e-10	8.332085e-04	4.397571e+05	4.910621e+00	5.496964e+06	
2.000000e-01	8.729426e+09	1.630125e+09	1.277191e+01	6.597345e+01	4.792103e+01	3.752064e+00	2.911688e-01	0.000000e+00	0.000000e+00	0.000000e+00	8.907833e-05	9.947080e-10	1.113479e-03	7.776026e+05	8.683229e+00	9.720033e+06	
3.000000e-01	9.629354e+09	2.580113e+09	1.366794e+01	6.597345e+01	5.128297e+01	3.752064e+00	3.049511e-01	0.000000e+00	0.000000e+00	0.000000e+00	1.040897e-04	1.187030e-09	1.301136e-03	1.002317e+06	1.143033e+01	1.252910e+07	
4.000000e-01	1.014841e+10	3.525068e+09	1.399884e+01	6.597345e+01	5.252455e+01	3.752064e+00	3.154346e-01	0.000000e+00	0.000000e+00	0.000000e+00	1.362747e-04	1.351864e-09	1.430040e-03	1.382972e+06	1.371928e+01	1.451264e+07	
5.000000e-01	1.053499e+10	4.430178e+09	1.414450e+01	6.597345e+01	5.307107e+01	3.752064e+00	3.232535e-01	0.000000e+00	0.000000e+00	0.000000e+00	1.716779e-04	1.490757e-09	1.521936e-03	1.808625e+06	1.570511e+01	1.603358e+07	
6.000000e-01	1.086800e+10	5.438362e+09	1.422214e+01	6.597345e+01	5.336239e+01	3.752064e+00	3.313205e-01	0.000000e+00	0.000000e+00	0.000000e+00	2.030832e-04	1.616789e-09	1.591579e-03	2.207109e+06	1.757127e+01	1.729729e+07	
7.000000e-01	1.117810e+10	5.384085e+09	1.427542e+01	6.597345e+01	5.356227e+01	3.752064e+00	3.136728e-01	0.000000e+00	0.000000e+00	0.000000e+00	2.303168e-04	1.797240e-09	1.649473e-03	2.574505e+06	2.008974e+01	1.843798e+07	
8.000000e-01	1.143946e+10	5.338381e+09	1.427330e+01	6.597345e+01	5.355434e+01	3.752064e+00	3.048506e-01	0.000000e+00	0.000000e+00	0.000000e+00	2.563808e-04	1.870973e-09	1.696941e-03	2.932858e+06	2.140292e+01	1.941209e+07	
9.000000e-01	1.168916e+10	6.230053e+09	1.426428e+01	6.597345e+01	5.352048e+01	3.752064e+00	3.209795e-01	0.000000e+00	0.000000e+00	0.000000e+00	2.500980e-04	1.961738e-09	1.732293e-03	2.923436e+06	2.293107e+01	2.024905e+07	
1.000000e+00	1.196589e+10	6.922593e+09	1.429452e+01	6.597345e+01	5.363394e+01	3.752064e+00	3.298706e-01	0.000000e+00	0.000000e+00	0.000000e+00	2.372973e-04	2.080935e-09	1.763053e-03	2.839473e+06	2.490023e+01	2.109649e+07	
1.100000e+00	1.224192e+10	8.533607e+09	1.432880e+01	6.597345e+01	5.376256e+01	3.752064e+00	3.419040e-01	0.000000e+00	0.000000e+00	0.000000e+00	2.498896e-04	2.028417e-09	1.795732e-03	3.059128e+06	2.483171e+01	2.198321e+07	
1.200000e+00	1.252003e+10	9.276830e+09	1.436975e+01	6.597345e+01	5.391621e+01	3.752064e+00	3.448406e-01	0.000000e+00	0.000000e+00	0.000000e+00	2.764820e-04	2.056833e-09	1.829653e-03	3.461564e+06	2.575162e+01	2.290732e+07	
1.300000e+00	1.278431e+10	1.089943e+10	1.439878e+01	6.597345e+01	5.402514e+01	3.752064e+00	3.566496e-01	0.000000e+00	0.000000e+00	0.000000e+00	2.953959e-04	2.101959e-09	1.861354e-03	3.776433e+06	2.687209e+01	2.379613e+07	
1.400000e+00	1.305280e+10	1.316029e+10	1.443626e+01	6.597345e+01	5.416578e+01	3.752064e+00	3.746169e-01	0.000000e+00	0.000000e+00	0.000000e+00	3.244775e-04	2.208374e-09	1.893616e-03	4.235339e+06	2.882546e+01	2.471698e+07	
1.500000e+00	1.333074e+10	1.309445e+10	1.448724e+01	6.597345e+01	5.435704e+01	3.752064e+00	3.643981e-01	0.000000e+00	0.000000e+00	0.000000e+00	3.695737e-04	2.331182e-09	1.927038e-03	4.926692e+06	3.107639e+01	2.568884e+07	
1.600000e+00	1.357157e+10	1.389351e+10	1.450106e+01	6.597345e+01	5.440890e+01	3.752064e+00	3.694658e-01	0.000000e+00	0.000000e+00	0.000000e+00	3.765503e-04	2.403657e-09	1.954035e-03	5.110379e+06	3.262141e+01	2.651932e+07	
1.700000e+00	1.381368e+10	1.196201e+10	1.451974e+01	6.597345e+01	5.447900e+01	3.752064e+00	3.477875e-01	0.000000e+00	0.000000e+00	0.000000e+00	3.883947e-04	2.521690e-09	1.980158e-03	5.365161e+06	3.483382e+01	2.735327e+07	
1.800000e+00	1.401613e+10	1.328913e+10	1.450052e+01	6.597345e+01	5.440686e+01	3.752064e+00	3.550466e-01	0.000000e+00	0.000000e+00	0.000000e+00	3.636212e-04	2.478734e-09	1.998495e-03	5.096563e+06	3.474226e+01	2.801117e+07	
1.900000e+00	1.423758e+10	1.398884e+10	1.450472e+01	6.597345e+01	5.442263e+01	3.752064e+00	3.577788e-01	0.000000e+00	0.000000e+00	0.000000e+00	3.597936e-04	2.434167e-09	2.017371e-03	5.122588e+06	3.465663e+01	2.872248e+07	
2.000000e+00	1.446113e+10	1.541969e+10	1.451420e+01	6.597345e+01	5.445821e+01	3.752064e+00	3.673788e-01	0.000000e+00	0.000000e+00	0.000000e+00	3.615084e-04	2.433490e-09	2.036517e-03	5.227821e+06	3.519102e+01	2.945034e+07	
2.100000e+00	1.469446e+10	1.690189e+10	1.453616e+01	6.597345e+01	5.454061e+01	3.752064e+00	3.723833e-01	0.000000e+00	0.000000e+00	0.000000e+00	3.773051e-04	2.468890e-09	2.057380e-03	5.544294e+06	3.627901e+01	3.023209e+07	
2.200000e+00	1.492543e+10	1.847033e+10	1.455814e+01	6.597345e+01	5.462305e+01	3.752064e+00	3.802343e-01	0.000000e+00	0.000000e+00	0.000000e+00	3.916370e-04	2.557205e-09	2.078218e-03	5.845349e+06	3.816738e+01	3.101830e+07	
2.300000e+00	1.515820e+10	2.015943e+10	1.458402e+01	6.597345e+01	5.472016e+01	3.752064e+00	3.934806e-01	0.000000e+00	0.000000e+00	0.000000e+00	4.102504e-04	2.695725e-09	2.099626e-03	6.218659e+06	4.086235e+01	3.182656e+07	
2.400000e+00	1.539898e+10	1.886741e+10	1.461943e+01	6.597345e+01	5.485304e+01	3.752064e+00	3.934252e-01	0.000000e+00	0.000000e+00	0.000000e+00	4.401654e-04	2.874549e-09	2.122693e-03	6.778099e+06	4.426512e+01	3.268731e+07	
2.500000e+00	1.562425e+10	2.031842e+10	1.464189e+01	6.597345e+01	5.493729e+01	3.752064e+00	4.015725e-01	0.000000e+00	0.000000e+00	0.000000e+00	4.582827e-04	3.037336e-09	2.145095e-03	7.160321e+06	4.745608e+01	3.351548e+07	
2.600000e+00	1.585165e+10	1.852017e+10	1.466813e+01	6.597345e+01	5.503576e+01	3.752064e+00	3.870098e-01	0.000000e+00	0.000000e+00	0.000000e+00	4.794556e-04	3.215577e-09	2.167155e-03	7.600162e+06	5.097220e+01	3.435299e+07	
2.700000e+00	1.604628e+10	1.711221e+10	1.466603e+01	6.597345e+01	5.502789e+01	3.752064e+00	3.815921e-01	0.000000e+00	0.000000e+00	0.000000e+00	4.758373e-04	3.267003e-09	2.184292e-03	7.635417e+06	5.242324e+01	3.504975e+07	
2.800000e+00	1.623387e+10	1.797513e+10	1.465979e+01	6.597345e+01	5.500447e+01	3.752064e+00	3.869061e-01	0.000000e+00	0.000000e+00	0.000000e+00	4.709837e-04	3.366463e-09	2.199303e-03	7.645889e+06	5.465073e+01	3.570321e+07	
2.900000e+00	1.643199e+10	1.739798e+10	1.466514e+01	6.597345e+01	5.502453e+01	3.752064e+00	3.871400e-01	0.000000e+00	0.000000e+00	0.000000e+00	4.739492e-04	3.544334e-09	2.214188e-03	7.787928e+06	5.824045e+01	3.638351e+07	
3.000000e+00	1.662811e+10	1.871849e+10	1.467057e+01	6.597345e+01	5.504490e+01	3.752064e+00	3.854667e-01	0.000000e+00	0.000000e+00	0.000000e+00	4.768667e-04	3.702526e-09	2.228615e-03	7.929393e+06	6.156601e+01	3.705767e+07	
3.100000e+00	1.681941e+10	1.862683e+10	1.467354e+01	6.597345e+01	5.505605e+01	3.752064e+00	3.810617e-01	0.000000e+00	0.000000e+00	0.000000e+00	4.730336e-04	3.816871e-09	2.241118e-03	7.956147e+06	6.419753e+01	3.769429e+07	
3.200000e+00	1.700295e+10	2.056972e+10	1.467154e+01	6.597345e+01	5.504854e+01	3.752064e+00	3.845522e-01	0.000000e+00	0.000000e+00	0.000000e+00	4.647766e-04	3.874853e-09	2.252354e-03	7.902573e+06	6.588393e+01	3.829666e+07	
3.300000e+00	1.719248e+10	2.186764e+10	1.467641e+01	6.597345e+01	5.506684e+01	3.752064e+00	3.859048e-01	0.000000e+00	0.000000e+00	0.000000e+00	4.619960e-04	3.920844e-09	2.263562e-03	7.942859e+06	6.740905e+01	3.891625e+07	
3.400000e+00	1.738187e+10	2.514456e+10	1.468271e+01	6.597345e+01	5.509046e+01	3.752064e+00	3.971364e-01	0.000000e+00	0.000000e+00	0.000000e+00	4.609946e-04	3.920618e-09	2.274572e-03	8.012950e+06	6.814769e+01	3.953632e+07	
3.500000e+00	1.758500e+10	2.619206e+10	1.470194e+01	6.597345e+01	5.516262e+01	3.752064e+00	3.977061e-01	0.000000e+00	0.000000e+00	0.000000e+00	4.713855e-04	3.932902e-09	2.286743e-03	8.289316e+06	6.916010e+01	4.021239e+07	
3.600000e+00	1.778060e+10	2.598071e+10	1.471606e+01	6.597345e+01	5.521560e+01	3.752064e+00	3.933134e-01	0.000000e+00	0.000000e+00	0.000000e+00	4.786191e-04	3.909499e-09	2.298595e-03	8.510133e+06	6.951322e+01	4.087039e+07	
3.700000e+00	1.796358e+10	2.526751e+10	1.472102e+01	6.597345e+01	5.523422e+01	3.752064e+00	3.889910e-01	0.000000e+00	0.000000e+00	0.000000e+00	4.789440e-04	3.901150e-09	2.309670e-03	8.603549e+06	7.007861e+01	4.148993e+07	
3.800000e+00	1.813803e+10	2.809597e+10	1.472037e+01	6.597345e+01	5.523177e+01	3.752064e+00	4.376644e-01	0.000000e+00	0.000000e+00	0.000000e+00	4.752149e-04	3.920811e-09	2.320137e-03	8.619464e+06	7.111580e+01	4.208271e+07	
3.900000e+00	1.838442e+10	3.081925e+10	1.477891e+01	6.597345e+01	5.545140e+01	3.752064e+00	4.659903e-01	0.000000e+00	0.000000e+00	0.000000e+00	4.732216e-04	4.208875e-09	2.334047e-03	8.699904e+06	7.737773e+01	4.291011e+07	
4.000000e+00	1.864742e+10	3.119879e+10	1.485088e+01	6.597345e+01	5.572144e+01	3.752064e+00	4.565671e-01	0.000000e+00	0.000000e+00	0.000000e+00	5.094127e-04	4.689712e-09	2.357068e-03	9.499232e+06	8.745101e+01	4.395324e+07	
4.100000e+00	1.886557e+10	3.340390e+10	1.488740e+01	6.597345e+01	5.585848e+01	3.752064e+00	4.811228e-01	0.000000e+00	0.000000e+00	0.000000e+00	5.527822e-04	5.231088e-09	2.380676e-03	1.042855e+07	9.868748e+01	4.491282e+07	
4.200000e+00	1.910460e+10	3.232357e+10	1.494081e+01	6.597345e+01	5.605887e+01	3.752064e+00	4.658526e-01	0.000000e+00	0.000000e+00	0.000000e+00	5.784928e-04	5.948312e-09	2.402336e-03	1.105187e+07	1.136401e+02	4.589566e+07	
4.300000e+00	1.929799e+10	3.134322e+10	1.495909e+01	6.597345e+01	5.612744e+01	3.752064e+00	4.341333e-01	0.000000e+00	0.000000e+00	0.000000e+00	6.055918e-04	6.463247e-09	2.424015e-03	1.168671e+07	1.247277e+02	4.677863e+07	
4.400000e+00	1.943611e+10	3.080314e+10	1.493570e+01	6.597345e+01	5.603970e+01	3.752064e+00	4.213747e-01	0.000000e+00	0.000000e+00	0.000000e+00	6.150208e-04	6.730987e-09	2.438684e-03	1.195361e+07	1.308242e+02	4.739853e+07	
4.500000e+00	1.956527e+10	3.049155e+10	1.490699e+01	6.597345e+01	5.593199e+01	3.752064e+00	4.083345e-01	0.000000e+00	0.000000e+00	0.000000e+00	6.044485e-04	7.010791e-09	2.447302e-03	1.182620e+07	1.371680e+02	4.788212e+07	
4.600000e+00	1.968742e+10	3.027635e+10	1.487454e+01	6.597345e+01	5.581020e+01	3.752064e+00	3.987659e-01	0.000000e+00	0.000000e+00	0.000000e+00	5.825187e-04	6.977172e-09	2.451208e-03	1.146829e+07	1.373625e+02	4.825795e+07	
4.700000e+00	1.980943e+10	3.162064e+10	1.484354e+01	6.597345e+01	5.569390e+01	3.752064e+00	4.033827e-01	0.000000e+00	0.000000e+00	0.000000e+00	5.574591e-04	6.734083e-09	2.452802e-03	1.104295e+07	1.333984e+02	4.858863e+07	
4.800000e+00	1.995180e+10	3.441786e+10	1.482916e+01	6.597345e+01	5.563994e+01	3.752064e+00	4.157572e-01	0.000000e+00	0.000000e+00	0.000000e+00	5.446942e-04	6.779568e-09	2.456879e-03	1.086763e+07	1.352646e+02	4.901914e+07	
4.900000e+00	2.011877e+10	3.743630e+10	1.483410e+01	6.597345e+01	5.565850e+01	3.752064e+00	4.072512e-01	0.000000e+00	0.000000e+00	0.000000e+00	5.475370e-04	7.055871e-09	2.464237e-03	1.101577e+07	1.419554e+02	4.957740e+07	
5.000000e+00	2.027097e+10	3.999766e+10	1.482910e+01	6.597345e+01	5.563973e+01	3.752064e+00	4.004249e-01	0.000000e+00	0.000000e+00	0.000000e+00	5.624068e-04	7.360221e-09	2.473410e-03	1.140053e+07	1.491988e+02	5.013842e+07	
5.100000e+00	2.041523e+10	4.043957e+10	1.481930e+01	6.597345e+01	5.560297e+01	3.752064e+00	3.889132e-01	0.000000e+00	0.000000e+00	0.000000e+00	5.613818e-04	7.469537e-09	2.478892e-03	1.146074e+07	1.524923e+02	5.060715e+07	
5.200000e+00	2.054668e+10	4.092915e+10	1.480131e+01	6.597345e+01	5.553545e+01	3.752064e+00	3.806775e-01	0.000000e+00	0.000000e+00	0.000000e+00	5.475741e-04	7.326990e-09	2.481540e-03	1.125083e+07	1.505454e+02	5.098742e+07	
5.300000e+00	2.067381e+10	4.128604e+10	1.478132e+01	6.597345e+01	5.546047e+01	3.752064e+00	3.741332e-01	0.000000e+00	0.000000e+00	0.000000e+00	5.291465e-04	7.000513e-09	2.482714e-03	1.093947e+07	1.447273e+02	5.132715e+07	
5.400000e+00	2.079999e+10	4.161035e+10	1.476179e+01	6.597345e+01	5.538717e+01	3.752064e+00	3.687903e-01	0.000000e+00	0.000000e+00	0.000000e+00	5.097044e-04	6.586044e-09	2.483226e-03	1.060185e+07	1.369896e+02	5.165108e+07	
5.500000e+00	2.092684e+10	4.401196e+10	1.474380e+01	6.597345e+01	5.531967e+01	3.752064e+00	3.967432e-01	0.000000e+00	0.000000e+00	0.000000e+00	4.909704e-04	6.151789e-09	2.483529e-03	1.027446e+07	1.287375e+02	5.197241e+07	
5.600000e+00	2.110279e+10	4.523308e+10	1.476118e+01	6.597345e+01	5.538489e+01	3.752064e+00	4.032428e-01	0.000000e+00	0.000000e+00	0.000000e+00	4.847965e-04	6.007045e-09	2.486801e-03	1.023056e+07	1.267654e+02	5.247843e+07	
5.700000e+00	2.128076e+10	4.493243e+10	1.478047e+01	6.597345e+01	5.545726e+01	3.752064e+00	4.047866e-01	0.000000e+00	0.000000e+00	0.000000e+00	4.886657e-04	5.886595e-09	2.492476e-03	1.039918e+07	1.252712e+02	5.304179e+07	
5.800000e+00	2.145262e+10	4.184378e+10	1.479600e+01	6.597345e+01	5.551555e+01	3.752064e+00	3.932661e-01	0.000000e+00	0.000000e+00	0.000000e+00	4.941912e-04	5.759197e-09	2.499041e-03	1.060170e+07	1.235499e+02	5.361099e+07	
5.900000e+00	2.160069e+10	3.999037e+10	1.479573e+01	6.597345e+01	5.551453e+01	3.752064e+00	3.849994e-01	0.000000e+00	0.000000e+00	0.000000e+00	4.891221e-04	5.488448e-09	2.503798e-03	1.056538e+07	1.185543e+02	5.408377e+07	
6.000000e+00	2.173664e+10	3.957158e+10	1.478791e+01	6.597345e+01	5.548519e+01	3.752064e+00	3.898473e-01	0.000000e+00	0.000000e+00	0.000000e+00	4.790831e-04	5.201318e-09	2.507597e-03	1.041366e+07	1.130592e+02	5.450674e+07	
6.100000e+00	2.188318e+10	4.124611e+10	1.478802e+01	6.597345e+01	5.548560e+01	3.752064e+00	4.367764e-01	0.000000e+00	0.000000e+00	0.000000e+00	4.784237e-04	5.272060e-09	2.514508e-03	1.046943e+07	1.153694e+02	5.502544e+07	
6.200000e+00	2.209907e+10	3.901587e+10	1.483534e+01	6.597345e+01	5.566313e+01	3.752064e+00	4.209594e-01	0.000000e+00	0.000000e+00	0.000000e+00	4.767150e-04	5.535591e-09	2.523446e-03	1.053496e+07	1.223314e+02	5.576582e+07	
6.300000e+00	2.227107e+10	4.026594e+10	1.485341e+01	6.597345e+01	5.573093e+01	3.752064e+00	4.161823e-01	0.000000e+00	0.000000e+00	0.000000e+00	4.882270e-04	5.705695e-09	2.534108e-03	1.087334e+07	1.270719e+02	5.643731e+07	
6.400000e+00	2.242816e+10	3.960029e+10	1.486198e+01	6.597345e+01	5.576308e+01	3.752064e+00	3.947173e-01	0.000000e+00	0.000000e+00	0.000000e+00	5.128254e-04	5.973100e-09	2.547531e-03	1.150173e+07	1.339656e+02	5.713642e+07	
6.500000e+00	2.254962e+10	3.894743e+10	1.484759e+01	6.597345e+01	5.570911e+01	3.752064e+00	3.866262e-01	0.000000e+00	0.000000e+00	0.000000e+00	5.071584e-04	6.115684e-09	2.554479e-03	1.143623e+07	1.379064e+02	5.760255e+07	
6.600000e+00	2.266534e+10	3.983573e+10	1.483022e+01	6.597345e+01	5.564393e+01	3.752064e+00	3.945047e-01	0.000000e+00	0.000000e+00	0.000000e+00	4.955871e-04	6.073257e-09	2.558857e-03	1.123265e+07	1.376525e+02	5.799738e+07	
6.700000e+00	2.280033e+10	3.992932e+10	1.482617e+01	6.597345e+01	5.562873e+01	3.752064e+00	4.022425e-01	0.000000e+00	0.000000e+00	0.000000e+00	4.945852e-04	6.214825e-09	2.565105e-03	1.127671e+07	1.417001e+02	5.848526e+07	
6.800000e+00	2.294856e+10	3.741277e+10	1.483129e+01	6.597345e+01	5.564792e+01	3.752064e+00	3.902885e-01	0.000000e+00	0.000000e+00	0.000000e+00	5.032172e-04	6.226553e-09	2.572229e-03	1.154811e+07	1.428904e+02	5.902896e+07	
6.900000e+00	2.307683e+10	4.043837e+10	1.482407e+01	6.597345e+01	5.562085e+01	3.752064e+00	4.139926e-01	0.000000e+00	0.000000e+00	0.000000e+00	5.009601e-04	6.167988e-09	2.578333e-03	1.156057e+07	1.423376e+02	5.949975e+07	
7.000000e+00	2.324339e+10	4.257498e+10	1.484192e+01	6.597345e+01	5.568783e+01	3.752064e+00	4.097205e-01	0.000000e+00	0.000000e+00	0.000000e+00	5.210377e-04	6.498336e-09	2.588713e-03	1.211068e+07	1.510434e+02	6.017045e+07	
7.100000e+00	2.339586e+10	4.225933e+10	1.485114e+01	6.597345e+01	5.572243e+01	3.752064e+00	3.837056e-01	0.000000e+00	0.000000e+00	0.000000e+00	5.283999e-04	6.892383e-09	2.597074e-03	1.236237e+07	1.612533e+02	6.076079e+07	
7.200000e+00	2.350570e+10	4.300843e+10	1.483386e+01	6.597345e+01	5.565759e+01	3.752064e+00	4.045482e-01	0.000000e+00	0.000000e+00	0.000000e+00	5.296642e-04	7.022669e-09	2.603086e-03	1.245013e+07	1.650727e+02	6.118735e+07	
7.300000e+00	2.365400e+10	4.596375e+10	1.484141e+01	6.597345e+01	5.568592e+01	3.752064e+00	4.125394e-01	0.000000e+00	0.000000e+00	0.000000e+00	5.276532e-04	7.142899e-09	2.607884e-03	1.248111e+07	1.689581e+02	6.168689e+07	
7.400000e+00	2.381088e+10	4.483082e+10	1.485471e+01	6.597345e+01	5.573583e+01	3.752064e+00	3.962184e-01	0.000000e+00	0.000000e+00	0.000000e+00	5.323009e-04	7.276375e-09	2.614646e-03	1.267455e+07	1.732569e+02	6.225702e+07	
7.500000e+00	2.393774e+10	4.773365e+10	1.484972e+01	6.597345e+01	5.571711e+01	3.752064e+00	4.467831e-01	0.000000e+00	0.000000e+00	0.000000e+00	5.198637e-04	7.226047e-09	2.617907e-03	1.244436e+07	1.729752e+02	6.266676e+07	
7.600000e+00	2.414186e+10	5.163907e+10	1.489292e+01	6.597345e+01	5.587917e+01	3.752064e+00	4.701690e-01	0.000000e+00	0.000000e+00	0.000000e+00	5.157590e-04	7.301941e-09	2.623926e-03	1.245138e+07	1.762824e+02	6.334646e+07	
7.700000e+00	2.436221e+10	5.511026e+10	1.494605e+01	6.597345e+01	5.607852e+01	3.752064e+00	4.698230e-01	0.000000e+00	0.000000e+00	0.000000e+00	5.612383e-04	7.804389e-09	2.640538e-03	1.367301e+07	1.901322e+02	6.432935e+07	
7.800000e+00	2.455930e+10	5.623242e+10	1.498485e+01	6.597345e+01	5.622411e+01	3.752064e+00	4.469394e-01	0.000000e+00	0.000000e+00	0.000000e+00	5.873043e-04	8.334991e-09	2.656443e-03	1.442378e+07	2.047016e+02	6.524038e+07	
7.900000e+00	2.470548e+10	5.654486e+10	1.499278e+01	6.597345e+01	5.625386e+01	3.752064e+00	4.315554e-01	0.000000e+00	0.000000e+00	0.000000e+00	6.082233e-04	8.764111e-09	2.670012e-03	1.502645e+07	2.165216e+02	6.596393e+07	
8.000000e+00	2.482518e+10	5.676526e+10	1.498507e+01	6.597345e+01	5.622494e+01	3.752064e+00	3.852650e-01	0.000000e+00	0.000000e+00	0.000000e+00	6.085065e-04	8.866813e-09	2.677465e-03	1.510629e+07	2.201203e+02	6.646856e+07	
8.100000e+00	2.487885e+10	5.738274e+10	1.493822e+01	6.597345e+01	5.604914e+01	3.752064e+00	3.968282e-01	0.000000e+00	0.000000e+00	0.000000e+00	5.860847e-04	8.500052e-09	2.677966e-03	1.458111e+07	2.114715e+02	6.662472e+07	
8.200000e+00	2.497025e+10	5.526448e+10	1.491480e+01	6.597345e+01	5.596129e+01	3.752064e+00	3.867113e-01	0.000000e+00	0.000000e+00	0.000000e+00	5.589758e-04	8.113121e-09	2.675966e-03	1.395777e+07	2.025866e+02	6.681955e+07	
8.300000e+00	2.505676e+10	5.496979e+10	1.488913e+01	6.597345e+01	5.586496e+01	3.752064e+00	4.008076e-01	0.000000e+00	0.000000e+00	0.000000e+00	5.311360e-04	7.710384e-09	2.673264e-03	1.330854e+07	1.931972e+02	6.698334e+07	
8.400000e+00	2.517546e+10	5.806508e+10	1.488314e+01	6.597345e+01	5.584250e+01	3.752064e+00	4.132671e-01	0.000000e+00	0.000000e+00	0.000000e+00	5.250861e-04	7.508389e-09	2.674120e-03	1.321928e+07	1.890271e+02	6.732220e+07	
8.500000e+00	2.531531e+10	6.035165e+10	1.489004e+01	6.597345e+01	5.586839e+01	3.752064e+00	4.072863e-01	0.000000e+00	0.000000e+00	0.000000e+00	5.295969e-04	7.449324e-09	2.676763e-03	1.340691e+07	1.885820e+02	6.776308e+07	
8.600000e+00	2.544326e+10	6.504720e+10	1.489029e+01	6.597345e+01	5.586931e+01	3.752064e+00	4.311357e-01	0.000000e+00	0.000000e+00	0.000000e+00	5.249748e-04	7.380677e-09	2.678162e-03	1.335707e+07	1.877885e+02	6.814118e+07	
8.700000e+00	2.560662e+10	6.737083e+10	1.491152e+01	6.597345e+01	5.594897e+01	3.752064e+00	4.377451e-01	0.000000e+00	0.000000e+00	0.000000e+00	5.424332e-04	7.313972e-09	2.683370e-03	1.388988e+07	1.872861e+02	6.871205e+07	
8.800000e+00	2.577066e+10	6.525659e+10	1.493330e+01	6.597345e+01	5.603069e+01	3.752064e+00	4.238233e-01	0.000000e+00	0.000000e+00	0.000000e+00	5.595948e-04	7.339514e-09	2.689483e-03	1.442113e+07	1.891441e+02	6.930976e+07	
8.900000e+00	2.590452e+10	6.770665e+10	1.493782e+01	6.597345e+01	5.604764e+01	3.752064e+00	4.486204e-01	0.000000e+00	0.000000e+00	0.000000e+00	5.602053e-04	7.574493e-09	2.693783e-03	1.451185e+07	1.962136e+02	6.978114e+07	
9.000000e+00	2.607346e+10	7.023511e+10	1.496278e+01	6.597345e+01	5.614129e+01	3.752064e+00	4.477866e-01	0.000000e+00	0.000000e+00	0.000000e+00	5.642468e-04	7.742677e-09	2.698418e-03	1.471186e+07	2.018783e+02	7.035708e+07	
9.100000e+00	2.623041e+10	7.223856e+10	1.498100e+01	6.597345e+01	5.620965e+01	3.752064e+00	4.784502e-01	0.000000e+00	0.000000e+00	0.000000e+00	5.851590e-04	7.922598e-09	2.706970e-03	1.534896e+07	2.078130e+02	7.100491e+07	
9.200000e+00	2.642545e+10	7.371728e+10	1.502103e+01	6.597345e+01	5.635987e+01	3.752064e+00	4.572314e-01	0.000000e+00	0.000000e+00	0.000000e+00	6.094542e-04	8.271367e-09	2.717112e-03	1.610510e+07	2.185746e+02	7.180092e+07	
9.300000e+00	2.657152e+10	7.352251e+10	1.503331e+01	6.597345e+01	5.640595e+01	3.752064e+00	4.556180e-01	0.000000e+00	0.000000e+00	0.000000e+00	6.254036e-04	8.641414e-09	2.726288e-03	1.661792e+07	2.296155e+02	7.244160e+07	
9.400000e+00	2.670988e+10	7.282991e+10	1.504147e+01	6.597345e+01	5.643656e+01	3.752064e+00	4.268598e-01	0.000000e+00	0.000000e+00	0.000000e+00	6.175651e-04	8.730462e-09	2.730026e-03	1.649509e+07	2.331896e+02	7.291865e+07	
9.500000e+00	2.680148e+10	7.533990e+10	1.502366e+01	6.597345e+01	5.636974e+01	3.752064e+00	4.535207e-01	0.000000e+00	0.000000e+00	0.000000e+00	6.267531e-04	8.587459e-09	2.736076e-03	1.679791e+07	2.301566e+02	7.333090e+07	
9.600000e+00	2.694084e+10	7.890800e+10	1.503298e+01	6.597345e+01	5.640469e+01	3.752064e+00	5.055752e-01	0.000000e+00	0.000000e+00	0.000000e+00	6.339927e-04	8.519960e-09	2.740747e-03	1.708030e+07	2.295349e+02	7.383803e+07	
9.700000e+00	2.715445e+10	7.949358e+10	1.508376e+01	6.597345e+01	5.659524e+01	3.752064e+00	4.643447e-01	0.000000e+00	0.000000e+00	0.000000e+00	6.427932e-04	8.670534e-09	2.747181e-03	1.745469e+07	2.354435e+02	7.459818e+07	
9.800000e+00	2.728430e+10	8.033684e+10	1.508808e+01	6.597345e+01	5.661144e+01	3.752064e+00	4.398982e-01	0.000000e+00	0.000000e+00	0.000000e+00	6.526700e-04	8.797068e-09	2.753963e-03	1.780764e+07	2.400218e+02	7.513995e+07	
9.900000e+00	2.737541e+10	8.126807e+10	1.507133e+01	6.597345e+01	5.654861e+01	3.752064e+00	4.573289e-01	0.000000e+00	0.000000e+00	0.000000e+00	6.589674e-04	8.734665e-09	2.759156e-03	1.803950e+07	2.391150e+02	7.553302e+07	
1.000000e+01	2.750002e+10	7.987023e+10	1.507339e+01	6.597345e+01	5.655630e+01	3.752064e+00	4.492233e-01	0.000000e+00	0.000000e+00	0.000000e+00	6.599004e-04	8.735996e-09	2.763812e-03	1.814727e+07	2.402400e+02	7.600487e+07	
1.010000e+01	2.761152e+10	7.796357e+10	1.506856e+01	6.597345e+01	5.653819e+01	3.752064e+00	4.161295e-01	0.000000e+00	0.000000e+00	0.000000e+00	6.566990e-04	8.659870e-09	2.766469e-03	1.813246e+07	2.391122e+02	7.638643e+07	
1.020000e+01	2.767524e+10	7.685824e+10	1.503809e+01	6.597345e+01	5.642387e+01	3.752064e+00	4.211374e-01	0.000000e+00	0.000000e+00	0.000000e+00	6.461779e-04	8.349332e-09	2.767350e-03	1.788313e+07	2.310698e+02	7.658709e+07	
1.030000e+01	2.775970e+10	8.090511e+10	1.501938e+01	6.597345e+01	5.635368e+01	3.752064e+00	4.596691e-01	0.000000e+00	0.000000e+00	0.000000e+00	6.236380e-04	8.090450e-09	2.766203e-03	1.731200e+07	2.245885e+02	7.678897e+07	
1.040000e+01	2.791013e+10	7.996661e+10	1.503665e+01	6.597345e+01	5.641848e+01	3.752064e+00	4.538757e-01	0.000000e+00	0.000000e+00	0.000000e+00	6.180638e-04	8.008052e-09	2.768791e-03	1.725024e+07	2.235058e+02	7.727733e+07	
1.050000e+01	2.804444e+10	7.893601e+10	1.504539e+01	6.597345e+01	5.645128e+01	3.752064e+00	4.405588e-01	0.000000e+00	0.000000e+00	0.000000e+00	6.314547e-04	8.075753e-09	2.774677e-03	1.770879e+07	2.264800e+02	7.781426e+07	
1.060000e+01	2.815496e+10	7.659869e+10	1.504162e+01	6.597345e+01	5.643710e+01	3.752064e+00	4.330070e-01	0.000000e+00	0.000000e+00	0.000000e+00	6.308383e-04	8.111234e-09	2.778293e-03	1.776122e+07	2.283714e+02	7.822272e+07	
1.070000e+01	2.825574e+10	7.813010e+10	1.503295e+01	6.597345e+01	5.640460e+01	3.752064e+00	4.387060e-01	0.000000e+00	0.000000e+00	0.000000e+00	6.074788e-04	7.888755e-09	2.776536e-03	1.716476e+07	2.229026e+02	7.845309e+07	
1.080000e+01	2.836884e+10	7.821226e+10	1.503114e+01	6.597345e+01	5.639779e+01	3.752064e+00	4.350563e-01	0.000000e+00	0.000000e+00	0.000000e+00	6.124866e-04	7.818062e-09	2.780647e-03	1.737553e+07	2.217893e+02	7.888372e+07	
1.090000e+01	2.847723e+10	7.633576e+10	1.502711e+01	6.597345e+01	5.638267e+01	3.752064e+00	4.114818e-01	0.000000e+00	0.000000e+00	0.000000e+00	6.125669e-04	7.756004e-09	2.783593e-03	1.744421e+07	2.208695e+02	7.926902e+07	
1.100000e+01	2.855193e+10	7.720908e+10	1.500565e+01	6.597345e+01	5.630217e+01	3.752064e+00	4.300795e-01	0.000000e+00	0.000000e+00	0.000000e+00	6.123118e-04	7.861559e-09	2.786676e-03	1.748268e+07	2.244627e+02	7.956497e+07	
1.110000e+01	2.866386e+10	7.970510e+10	1.500410e+01	6.597345e+01	5.629633e+01	3.752064e+00	4.261016e-01	0.000000e+00	0.000000e+00	0.000000e+00	6.070220e-04	8.097165e-09	2.788708e-03	1.739959e+07	2.320960e+02	7.993511e+07	
1.120000e+01	2.877049e+10	8.076136e+10	1.500003e+01	6.597345e+01	5.628108e+01	3.752064e+00	4.242952e-01	0.000000e+00	0.000000e+00	0.000000e+00	5.979441e-04	8.194787e-09	2.789641e-03	1.720314e+07	2.357680e+02	8.025934e+07	
1.130000e+01	2.887616e+10	8.308140e+10	1.499574e+01	6.597345e+01	5.626497e+01	3.752064e+00	4.015655e-01	0.000000e+00	0.000000e+00	0.000000e+00	5.896819e-04	8.156243e-09	2.790623e-03	1.702775e+07	2.355210e+02	8.058248e+07	
1.140000e+01	2.894961e+10	8.117398e+10	1.497504e+01	6.597345e+01	5.618731e+01	3.752064e+00	3.920878e-01	0.000000e+00	0.000000e+00	0.000000e+00	5.833592e-04	7.941791e-09	2.791466e-03	1.688802e+07	2.299118e+02	8.081185e+07	
1.150000e+01	2.901788e+10	8.083374e+10	1.495206e+01	6.597345e+01	5.610108e+01	3.752064e+00	4.151160e-01	0.000000e+00	0.000000e+00	0.000000e+00	5.715365e-04	7.632072e-09	2.790087e-03	1.658478e+07	2.214665e+02	8.096241e+07	
1.160000e+01	2.913059e+10	8.338497e+10	1.495230e+01	6.597345e+01	5.610197e+01	3.752064e+00	4.382059e-01	0.000000e+00	0.000000e+00	0.000000e+00	5.626960e-04	7.402600e-09	2.789248e-03	1.639167e+07	2.156421e+02	8.125245e+07	
1.170000e+01	2.927773e+10	8.677441e+10	1.497035e+01	6.597345e+01	5.616971e+01	3.752064e+00	4.403494e-01	0.000000e+00	0.000000e+00	0.000000e+00	5.739517e-04	7.624976e-09	2.794098e-03	1.680400e+07	2.232420e+02	8.180483e+07	
1.180000e+01	2.942028e+10	9.024095e+10	1.498615e+01	6.597345e+01	5.622900e+01	3.752064e+00	4.478607e-01	0.000000e+00	0.000000e+00	0.000000e+00	6.023417e-04	7.962195e-09	2.802544e-03	1.772106e+07	2.342500e+02	8.245164e+07	
1.190000e+01	2.956728e+10	9.163823e+10	1.500431e+01	6.597345e+01	5.629711e+01	3.752064e+00	4.547650e-01	0.000000e+00	0.000000e+00	0.000000e+00	6.092314e-04	8.213803e-09	2.807250e-03	1.801332e+07	2.428598e+02	8.300274e+07	
1.200000e+01	2.971683e+10	9.532405e+10	1.502382e+01	6.597345e+01	5.637033e+01	3.752064e+00	4.720352e-01	0.000000e+00	0.000000e+00	0.000000e+00	6.199351e-04	8.414334e-09	2.812399e-03	1.842251e+07	2.500473e+02	8.357558e+07	
1.210000e+01	2.988394e+10	9.430975e+10	1.505224e+01	6.597345e+01	5.647697e+01	3.752064e+00	4.405963e-01	0.000000e+00	0.000000e+00	0.000000e+00	6.423619e-04	8.745019e-09	2.821409e-03	1.919630e+07	2.613356e+02	8.431480e+07	
1.220000e+01	2.999156e+10	9.523353e+10	1.505081e+01	6.597345e+01	5.647159e+01	3.752064e+00	4.480121e-01	0.000000e+00	0.000000e+00	0.000000e+00	6.531842e-04	8.889952e-09	2.827843e-03	1.959001e+07	2.666235e+02	8.481142e+07	
1.230000e+01	3.011096e+10	9.682784e+10	1.505548e+01	6.597345e+01	5.648911e+01	3.752064e+00	4.791481e-01	0.000000e+00	0.000000e+00	0.000000e+00	6.472673e-04	8.973469e-09	2.831628e-03	1.948984e+07	2.701997e+02	8.526303e+07	
1.240000e+01	3.027522e+10	9.560692e+10	1.508266e+01	6.597345e+01	5.659112e+01	3.752064e+00	4.818504e-01	0.000000e+00	0.000000e+00	0.000000e+00	6.692939e-04	9.436642e-09	2.840998e-03	2.026302e+07	2.856964e+02	8.601184e+07	
1.250000e+01	3.043195e+10	9.640930e+10	1.510611e+01	6.597345e+01	5.667908e+01	3.752064e+00	4.688407e-01	0.000000e+00	0.000000e+00	0.000000e+00	6.715945e-04	9.541584e-09	2.846650e-03	2.043793e+07	2.903690e+02	8.662910e+07	
