# bin_edge_left	bin_edge_right	dN/d[fe/H]	dN/d[sr/H]	dN/d[o/H]	dN/d[sr/fe]	dN/d[o/fe]	dN/d[o/sr]	
-3.000000e+00	-2.950000e+00	0.000000e+00	0.000000e+00	0.000000e+00	4.688861e-07	4.688861e-07	4.688861e-07	
-2.950000e+00	-2.900000e+00	0.000000e+00	0.000000e+00	0.000000e+00	0.000000e+00	0.000000e+00	0.000000e+00	
-2.900000e+00	-2.850000e+00	0.000000e+00	0.000000e+00	0.000000e+00	0.000000e+00	0.000000e+00	0.000000e+00	
-2.850000e+00	-2.800000e+00	0.000000e+00	0.000000e+00	0.000000e+00	0.000000e+00	0.000000e+00	0.000000e+00	
-2.800000e+00	-2.750000e+00	0.000000e+00	0.000000e+00	0.000000e+00	0.000000e+00	0.000000e+00	0.000000e+00	
-2.750000e+00	-2.700000e+00	0.000000e+00	2.969458e-04	0.000000e+00	0.000000e+00	0.000000e+00	0.000000e+00	
-2.700000e+00	-2.650000e+00	0.000000e+00	0.000000e+00	0.000000e+00	0.000000e+00	0.000000e+00	0.000000e+00	
-2.650000e+00	-2.600000e+00	2.969458e-04	0.000000e+00	0.000000e+00	0.000000e+00	0.000000e+00	0.000000e+00	
-2.600000e+00	-2.550000e+00	0.000000e+00	0.000000e+00	0.000000e+00	0.000000e+00	0.000000e+00	0.000000e+00	
-2.550000e+00	-2.500000e+00	0.000000e+00	0.000000e+00	0.000000e+00	0.000000e+00	0.000000e+00	0.000000e+00	
-2.500000e+00	-2.450000e+00	0.000000e+00	0.000000e+00	0.000000e+00	0.000000e+00	0.000000e+00	0.000000e+00	
-2.450000e+00	-2.400000e+00	0.000000e+00	0.000000e+00	0.000000e+00	0.000000e+00	0.000000e+00	0.000000e+00	
-2.400000e+00	-2.350000e+00	0.000000e+00	0.000000e+00	0.000000e+00	0.000000e+00	0.000000e+00	0.000000e+00	
-2.350000e+00	-2.300000e+00	0.000000e+00	0.000000e+00	0.000000e+00	0.000000e+00	0.000000e+00	0.000000e+00	
-2.300000e+00	-2.250000e+00	0.000000e+00	0.000000e+00	0.000000e+00	0.000000e+00	0.000000e+00	0.000000e+00	
-2.250000e+00	-2.200000e+00	0.000000e+00	0.000000e+00	0.000000e+00	0.000000e+00	0.000000e+00	0.000000e+00	
-2.200000e+00	-2.150000e+00	0.000000e+00	0.000000e+00	2.969458e-04	0.000000e+00	0.000000e+00	0.000000e+00	
-2.150000e+00	-2.100000e+00	0.000000e+00	0.000000e+00	0.000000e+00	0.000000e+00	0.000000e+00	0.000000e+00	
-2.100000e+00	-2.050000e+00	0.000000e+00	0.000000e+00	0.000000e+00	0.000000e+00	0.000000e+00	0.000000e+00	
-2.050000e+00	-2.000000e+00	0.000000e+00	0.000000e+00	0.000000e+00	0.000000e+00	0.000000e+00	0.000000e+00	
-2.000000e+00	-1.950000e+00	0.000000e+00	0.000000e+00	0.000000e+00	0.000000e+00	0.000000e+00	0.000000e+00	
-1.950000e+00	-1.900000e+00	0.000000e+00	3.561518e-03	0.000000e+00	0.000000e+00	0.000000e+00	0.000000e+00	
-1.900000e+00	-1.850000e+00	0.000000e+00	0.000000e+00	0.000000e+00	0.000000e+00	0.000000e+00	0.000000e+00	
-1.850000e+00	-1.800000e+00	3.561518e-03	0.000000e+00	0.000000e+00	0.000000e+00	0.000000e+00	0.000000e+00	
-1.800000e+00	-1.750000e+00	0.000000e+00	0.000000e+00	0.000000e+00	0.000000e+00	0.000000e+00	0.000000e+00	
-1.750000e+00	-1.700000e+00	0.000000e+00	6.248020e-03	0.000000e+00	0.000000e+00	0.000000e+00	0.000000e+00	
-1.700000e+00	-1.650000e+00	0.000000e+00	0.000000e+00	0.000000e+00	0.000000e+00	0.000000e+00	0.000000e+00	
-1.650000e+00	-1.600000e+00	6.248020e-03	6.900183e-03	0.000000e+00	0.000000e+00	0.000000e+00	0.000000e+00	
-1.600000e+00	-1.550000e+00	0.000000e+00	0.000000e+00	0.000000e+00	0.000000e+00	0.000000e+00	0.000000e+00	
-1.550000e+00	-1.500000e+00	6.900183e-03	8.482462e-03	0.000000e+00	0.000000e+00	0.000000e+00	0.000000e+00	
-1.500000e+00	-1.450000e+00	0.000000e+00	7.391906e-03	0.000000e+00	0.000000e+00	0.000000e+00	0.000000e+00	
-1.450000e+00	-1.400000e+00	8.482462e-03	2.624150e-03	0.000000e+00	0.000000e+00	0.000000e+00	0.000000e+00	
-1.400000e+00	-1.350000e+00	7.391906e-03	1.150282e-02	3.561518e-03	0.000000e+00	0.000000e+00	0.000000e+00	
-1.350000e+00	-1.300000e+00	2.624150e-03	8.617874e-03	0.000000e+00	0.000000e+00	0.000000e+00	0.000000e+00	
-1.300000e+00	-1.250000e+00	1.150282e-02	2.064219e-02	0.000000e+00	0.000000e+00	0.000000e+00	0.000000e+00	
-1.250000e+00	-1.200000e+00	8.617874e-03	2.833166e-02	0.000000e+00	0.000000e+00	0.000000e+00	0.000000e+00	
-1.200000e+00	-1.150000e+00	2.064219e-02	1.996930e-02	6.248020e-03	0.000000e+00	0.000000e+00	0.000000e+00	
-1.150000e+00	-1.100000e+00	1.613815e-02	3.664536e-02	0.000000e+00	0.000000e+00	0.000000e+00	0.000000e+00	
-1.100000e+00	-1.050000e+00	3.216281e-02	3.197685e-02	6.900183e-03	0.000000e+00	0.000000e+00	0.000000e+00	
-1.050000e+00	-1.000000e+00	3.664536e-02	3.858759e-02	0.000000e+00	0.000000e+00	0.000000e+00	0.000000e+00	
-1.000000e+00	-9.500000e-01	3.197685e-02	9.300591e-02	8.482462e-03	0.000000e+00	0.000000e+00	0.000000e+00	
-9.500000e-01	-9.000000e-01	3.858759e-02	6.041724e-02	7.391906e-03	0.000000e+00	0.000000e+00	0.000000e+00	
-9.000000e-01	-8.500000e-01	9.300591e-02	1.031431e-01	2.624150e-03	0.000000e+00	0.000000e+00	0.000000e+00	
-8.500000e-01	-8.000000e-01	6.041724e-02	1.898311e-01	1.150282e-02	0.000000e+00	0.000000e+00	0.000000e+00	
-8.000000e-01	-7.500000e-01	1.312281e-01	2.192731e-01	8.617874e-03	0.000000e+00	0.000000e+00	0.000000e+00	
-7.500000e-01	-7.000000e-01	1.788902e-01	4.045099e-01	2.479082e-02	0.000000e+00	0.000000e+00	0.000000e+00	
-7.000000e-01	-6.500000e-01	3.026006e-01	4.706947e-01	2.418303e-02	0.000000e+00	0.000000e+00	0.000000e+00	
-6.500000e-01	-6.000000e-01	5.206953e-01	8.402133e-01	2.516221e-02	0.000000e+00	0.000000e+00	0.000000e+00	
-6.000000e-01	-5.500000e-01	7.774773e-01	1.022242e+00	3.145245e-02	0.000000e+00	0.000000e+00	0.000000e+00	
-5.500000e-01	-5.000000e-01	2.036941e+00	1.147785e+00	6.268958e-02	0.000000e+00	0.000000e+00	0.000000e+00	
-5.000000e-01	-4.500000e-01	1.993619e+00	9.866222e-01	3.858759e-02	0.000000e+00	0.000000e+00	0.000000e+00	
-4.500000e-01	-4.000000e-01	5.663975e-01	1.024464e+00	1.135806e-01	0.000000e+00	0.000000e+00	0.000000e+00	
-4.000000e-01	-3.500000e-01	6.555935e-01	3.064752e-01	7.887496e-02	0.000000e+00	0.000000e+00	0.000000e+00	
-3.500000e-01	-3.000000e-01	1.106032e+00	3.148753e-01	1.960049e-01	0.000000e+00	0.000000e+00	0.000000e+00	
-3.000000e-01	-2.500000e-01	7.414268e-01	3.984538e-01	2.408640e-01	0.000000e+00	0.000000e+00	0.000000e+00	
-2.500000e-01	-2.000000e-01	5.111255e-01	5.183082e-01	3.219855e-01	0.000000e+00	0.000000e+00	0.000000e+00	
-2.000000e-01	-1.500000e-01	6.847054e-01	7.941863e-01	5.440461e-01	0.000000e+00	0.000000e+00	0.000000e+00	
-1.500000e-01	-1.000000e-01	4.594079e-01	6.757004e-01	2.440709e+00	2.827625e-01	0.000000e+00	0.000000e+00	
-1.000000e-01	-5.000000e-02	5.987145e-01	3.218366e-01	1.600407e+00	2.727890e+00	0.000000e+00	3.223793e+00	
-5.000000e-02	0.000000e+00	5.015126e-01	3.417551e-01	1.016292e+00	2.498371e+00	0.000000e+00	2.046417e+00	
0.000000e+00	5.000000e-02	4.240443e-01	3.492430e-01	5.845152e-01	2.068155e+00	1.620138e+00	1.425278e+00	
5.000000e-02	1.000000e-01	4.546656e-01	4.401939e-01	1.539594e+00	2.093674e+00	2.341966e+00	1.029767e+00	
1.000000e-01	1.500000e-01	5.298221e-01	4.819378e-01	6.657662e-01	4.587086e+00	1.064202e+00	8.773527e-01	
1.500000e-01	2.000000e-01	4.369242e-01	3.529745e-01	7.594900e-01	3.554073e+00	8.027743e-01	8.297717e-01	
2.000000e-01	2.500000e-01	5.330684e-01	3.342065e-01	7.247699e-01	2.187987e+00	7.135792e-01	1.265797e+00	
2.500000e-01	3.000000e-01	6.277398e-01	6.525895e-01	7.580024e-01	0.000000e+00	1.110435e+00	9.547719e-01	
3.000000e-01	3.500000e-01	8.280035e-01	6.225591e-01	8.963610e-01	0.000000e+00	1.369715e+00	7.310861e-01	
3.500000e-01	4.000000e-01	1.005823e+00	5.641229e-01	1.046766e+00	0.000000e+00	3.100564e+00	2.274721e+00	
4.000000e-01	4.500000e-01	1.738193e+00	8.487456e-01	2.021820e+00	0.000000e+00	7.829618e+00	1.443243e+00	
4.500000e-01	5.000000e-01	1.270146e+00	1.197725e+00	2.263969e+00	0.000000e+00	4.700801e-02	1.843840e+00	
5.000000e-01	5.500000e-01	0.000000e+00	1.069196e+00	1.923691e+00	0.000000e+00	0.000000e+00	2.028672e+00	
5.500000e-01	6.000000e-01	0.000000e+00	1.617736e+00	0.000000e+00	0.000000e+00	0.000000e+00	2.548913e-02	
6.000000e-01	6.500000e-01	0.000000e+00	1.003200e+00	0.000000e+00	0.000000e+00	0.000000e+00	0.000000e+00	
6.500000e-01	7.000000e-01	0.000000e+00	0.000000e+00	0.000000e+00	0.000000e+00	0.000000e+00	0.000000e+00	
7.000000e-01	7.500000e-01	0.000000e+00	0.000000e+00	0.000000e+00	0.000000e+00	0.000000e+00	0.000000e+00	
7.500000e-01	8.000000e-01	0.000000e+00	0.000000e+00	0.000000e+00	0.000000e+00	0.000000e+00	0.000000e+00	
8.000000e-01	8.500000e-01	0.000000e+00	0.000000e+00	0.000000e+00	0.000000e+00	0.000000e+00	0.000000e+00	
8.500000e-01	9.000000e-01	0.000000e+00	0.000000e+00	0.000000e+00	0.000000e+00	0.000000e+00	0.000000e+00	
9.000000e-01	9.500000e-01	0.000000e+00	0.000000e+00	0.000000e+00	0.000000e+00	0.000000e+00	0.000000e+00	
9.500000e-01	1.000000e+00	0.000000e+00	0.000000e+00	0.000000e+00	0.000000e+00	0.000000e+00	0.000000e+00	
